Mplus VERSION 8.3
MUTHEN & MUTHEN
04/24/2024   9:50 PM

INPUT INSTRUCTIONS


  TITLE: Test with 10 reps

  DATA:
  File is
  G3_B1_N2_rep162.csv;

  VARIABLE:
      Names are x1 x2 eta
  	y1 y2 y3 y4 y5 y6 y7 y8 y9 y10;
      Usevariables are y1-y10 x1 x2;
      constraint = x1 x2;

  MODEL:
      f BY y1* (l1);
      f BY y2* (l2);
      f BY y3* (l3);
      f BY y4* (l4);
      f BY y5* (l5);
      f BY y6* (l6);
      f BY y7* (l7);
      f BY y8* (l8);
      f BY y9* (l9);
      f BY y10* (l10);

  y8 ON x1 x2;
  f@1;
  [f@0];

  MODEL CONSTRAINT:
      new (l8_0 l8_1 l8_2);
      l8 = l8_0 + l8_1*x1 + l8_2*x2;




INPUT READING TERMINATED NORMALLY



Test with 10 reps

SUMMARY OF ANALYSIS

Number of groups                                                 1
Number of observations                                         500

Number of dependent variables                                   10
Number of independent variables                                  2
Number of continuous latent variables                            1

Observed dependent variables

  Continuous
   Y1          Y2          Y3          Y4          Y5          Y6
   Y7          Y8          Y9          Y10

Observed independent variables
   X1          X2

Continuous latent variables
   F


Estimator                                                       ML
Information matrix                                        OBSERVED
Maximum number of iterations                                  1000
Convergence criterion                                    0.500D-04
Maximum number of steepest descent iterations                   20

Input data file(s)
  G3_B1_N2_rep162.csv

Input data format  FREE



UNIVARIATE SAMPLE STATISTICS


     UNIVARIATE HIGHER-ORDER MOMENT DESCRIPTIVE STATISTICS

         Variable/         Mean/     Skewness/   Minimum/ % with                Percentiles
        Sample Size      Variance    Kurtosis    Maximum  Min/Max      20%/60%    40%/80%    Median

     Y1                    1.886       0.698       1.000   33.60%       1.000      2.000      2.000
             500.000       0.617       0.447       5.000    0.40%       2.000      2.000
     Y2                    1.930       0.893       1.000   31.60%       1.000      2.000      2.000
             500.000       0.685       0.979       5.000    0.80%       2.000      2.000
     Y3                    3.158      -0.135       1.000    2.00%       3.000      3.000      3.000
             500.000       0.653      -0.016       5.000    3.40%       3.000      4.000
     Y4                    3.154      -0.054       1.000    1.60%       3.000      3.000      3.000
             500.000       0.646      -0.082       5.000    3.60%       3.000      4.000
     Y5                    3.166       0.121       1.000    0.60%       3.000      3.000      3.000
             500.000       0.578      -0.077       5.000    3.60%       3.000      4.000
     Y6                    1.234       3.084       1.000   80.40%       1.000      1.000      1.000
             500.000       0.291      12.958       5.000    0.40%       1.000      1.000
     Y7                    1.200       2.353       1.000   82.20%       1.000      1.000      1.000
             500.000       0.208       5.735       4.000    0.20%       1.000      1.000
     Y8                    1.226       2.276       1.000   80.00%       1.000      1.000      1.000
             500.000       0.235       5.717       4.000    0.40%       1.000      1.000
     Y9                    1.916       0.775       1.000   32.80%       1.000      2.000      2.000
             500.000       0.665       0.621       5.000    0.60%       2.000      2.000
     Y10                   1.900       0.772       1.000   34.20%       1.000      2.000      2.000
             500.000       0.674       0.430       5.000    0.40%       2.000      2.000
     X1                    0.022       0.090      -3.533    0.20%      -0.855     -0.252      0.006
             500.000       1.043       0.122       3.365    0.20%       0.295      0.881
     X2                    0.508      -0.032       0.000   49.20%       0.000      0.000      1.000
             500.000       0.250      -1.999       1.000   50.80%       1.000      1.000


THE MODEL ESTIMATION TERMINATED NORMALLY



MODEL FIT INFORMATION

Number of Free Parameters                       34

Loglikelihood

          H0 Value                       -3425.623

Information Criteria

          Akaike (AIC)                    6919.246
          Bayesian (BIC)                  7062.543
          Sample-Size Adjusted BIC        6954.625
            (n* = (n + 2) / 24)



MODEL RESULTS

                                                    Two-Tailed
                    Estimate       S.E.  Est./S.E.    P-Value

 F        BY
    Y1                 0.639      0.029     21.874      0.000
    Y2                 0.717      0.030     24.139      0.000
    Y3                 0.668      0.030     22.395      0.000
    Y4                 0.654      0.030     21.869      0.000
    Y5                 0.617      0.028     21.763      0.000
    Y6                 0.378      0.021     17.686      0.000
    Y7                 0.323      0.018     17.929      0.000
    Y8               999.000      0.000    999.000    999.000
    Y9                 0.659      0.030     21.669      0.000
    Y10                0.702      0.030     23.669      0.000

 Y8       ON
    X1                -0.012      0.015     -0.812      0.417
    X2                -0.019      0.030     -0.637      0.524

 Means
    F                  0.000      0.000    999.000    999.000

 Intercepts
    Y1                 1.886      0.035     53.689      0.000
    Y2                 1.930      0.037     52.139      0.000
    Y3                 3.158      0.036     87.383      0.000
    Y4                 3.154      0.036     87.727      0.000
    Y5                 3.166      0.034     93.082      0.000
    Y6                 1.234      0.024     51.129      0.000
    Y7                 1.200      0.020     58.835      0.000
    Y8                 1.235      0.027     46.227      0.000
    Y9                 1.916      0.036     52.540      0.000
    Y10                1.900      0.037     51.750      0.000

 Variances
    F                  1.000      0.000    999.000    999.000

 Residual Variances
    Y1                 0.209      0.015     14.148      0.000
    Y2                 0.172      0.013     13.246      0.000
    Y3                 0.207      0.015     13.917      0.000
    Y4                 0.219      0.016     14.085      0.000
    Y5                 0.198      0.014     14.140      0.000
    Y6                 0.148      0.010     14.928      0.000
    Y7                 0.104      0.007     14.871      0.000
    Y8                 0.103      0.007     14.621      0.000
    Y9                 0.231      0.016     14.215      0.000
    Y10                0.181      0.013     13.495      0.000

New/Additional Parameters
    L8_0               0.369      0.025     14.793      0.000
    L8_1               0.009      0.014      0.615      0.539
    L8_2              -0.010      0.031     -0.311      0.755


QUALITY OF NUMERICAL RESULTS

     Condition Number for the Information Matrix              0.459E-04
       (ratio of smallest to largest eigenvalue)


     Beginning Time:  21:50:32
        Ending Time:  21:50:33
       Elapsed Time:  00:00:01



MUTHEN & MUTHEN
3463 Stoner Ave.
Los Angeles, CA  90066

Tel: (310) 391-9971
Fax: (310) 391-8971
Web: www.StatModel.com
Support: Support@StatModel.com

Copyright (c) 1998-2019 Muthen & Muthen
