Mplus VERSION 8.3
MUTHEN & MUTHEN
04/24/2024   9:31 PM

INPUT INSTRUCTIONS


  TITLE: Test with 10 reps

  DATA:
  File is
  G3_B1_N2_rep10.csv;

  VARIABLE:
      Names are x1 x2 eta
  	y1 y2 y3 y4 y5 y6 y7 y8 y9 y10;
      Usevariables are y1-y10 x1 x2;
      constraint = x1 x2;

  MODEL:
      f BY y1* (l1);
      f BY y2* (l2);
      f BY y3* (l3);
      f BY y4* (l4);
      f BY y5* (l5);
      f BY y6* (l6);
      f BY y7* (l7);
      f BY y8* (l8);
      f BY y9* (l9);
      f BY y10* (l10);

  y5 ON x1 x2;
  f@1;
  [f@0];

  MODEL CONSTRAINT:
      new (l5_0 l5_1 l5_2);
      l5 = l5_0 + l5_1*x1 + l5_2*x2;




INPUT READING TERMINATED NORMALLY



Test with 10 reps

SUMMARY OF ANALYSIS

Number of groups                                                 1
Number of observations                                         500

Number of dependent variables                                   10
Number of independent variables                                  2
Number of continuous latent variables                            1

Observed dependent variables

  Continuous
   Y1          Y2          Y3          Y4          Y5          Y6
   Y7          Y8          Y9          Y10

Observed independent variables
   X1          X2

Continuous latent variables
   F


Estimator                                                       ML
Information matrix                                        OBSERVED
Maximum number of iterations                                  1000
Convergence criterion                                    0.500D-04
Maximum number of steepest descent iterations                   20

Input data file(s)
  G3_B1_N2_rep10.csv

Input data format  FREE



UNIVARIATE SAMPLE STATISTICS


     UNIVARIATE HIGHER-ORDER MOMENT DESCRIPTIVE STATISTICS

         Variable/         Mean/     Skewness/   Minimum/ % with                Percentiles
        Sample Size      Variance    Kurtosis    Maximum  Min/Max      20%/60%    40%/80%    Median

     Y1                    1.826       0.980       1.000   37.40%       1.000      2.000      2.000
             500.000       0.640       1.315       5.000    0.80%       2.000      2.000
     Y2                    1.844       0.721       1.000   34.00%       1.000      2.000      2.000
             500.000       0.560       0.582       5.000    0.20%       2.000      2.000
     Y3                    3.088      -0.056       1.000    2.20%       2.000      3.000      3.000
             500.000       0.676      -0.132       5.000    3.20%       3.000      4.000
     Y4                    3.098      -0.148       1.000    3.00%       2.000      3.000      3.000
             500.000       0.720      -0.125       5.000    3.40%       3.000      4.000
     Y5                    3.062      -0.136       1.000    2.80%       2.000      3.000      3.000
             500.000       0.666      -0.023       5.000    2.60%       3.000      4.000
     Y6                    1.188       2.682       1.000   83.60%       1.000      1.000      1.000
             500.000       0.209       8.168       4.000    0.40%       1.000      1.000
     Y7                    1.188       2.767       1.000   84.40%       1.000      1.000      1.000
             500.000       0.225       8.205       4.000    0.40%       1.000      1.000
     Y8                    1.198       2.075       1.000   81.80%       1.000      1.000      1.000
             500.000       0.191       3.556       3.000    1.60%       1.000      1.000
     Y9                    1.808       0.936       1.000   36.60%       1.000      2.000      2.000
             500.000       0.579       1.399       5.000    0.60%       2.000      2.000
     Y10                   1.858       1.068       1.000   35.20%       1.000      2.000      2.000
             500.000       0.662       1.749       5.000    1.20%       2.000      2.000
     X1                    0.036      -0.056      -3.163    0.20%      -0.880     -0.233      0.046
             500.000       1.133      -0.167       3.028    0.20%       0.340      0.961
     X2                    0.518      -0.072       0.000   48.20%       0.000      0.000      1.000
             500.000       0.250      -1.995       1.000   51.80%       1.000      1.000


THE MODEL ESTIMATION TERMINATED NORMALLY



MODEL FIT INFORMATION

Number of Free Parameters                       34

Loglikelihood

          H0 Value                       -3411.902

Information Criteria

          Akaike (AIC)                    6891.804
          Bayesian (BIC)                  7035.101
          Sample-Size Adjusted BIC        6927.183
            (n* = (n + 2) / 24)



MODEL RESULTS

                                                    Two-Tailed
                    Estimate       S.E.  Est./S.E.    P-Value

 F        BY
    Y1                 0.672      0.029     22.955      0.000
    Y2                 0.608      0.028     21.800      0.000
    Y3                 0.661      0.031     21.446      0.000
    Y4                 0.677      0.032     21.190      0.000
    Y5               999.000      0.000    999.000    999.000
    Y6                 0.329      0.018     18.291      0.000
    Y7                 0.331      0.019     17.529      0.000
    Y8                 0.298      0.018     17.001      0.000
    Y9                 0.619      0.028     21.840      0.000
    Y10                0.688      0.030     23.191      0.000

 Y5       ON
    X1                 0.010      0.021      0.489      0.625
    X2                 0.107      0.046      2.339      0.019

 Means
    F                  0.000      0.000    999.000    999.000

 Intercepts
    Y1                 1.826      0.036     51.049      0.000
    Y2                 1.844      0.033     55.117      0.000
    Y3                 3.088      0.037     83.967      0.000
    Y4                 3.098      0.038     81.617      0.000
    Y5                 3.015      0.045     67.541      0.000
    Y6                 1.188      0.020     58.155      0.000
    Y7                 1.188      0.021     56.046      0.000
    Y8                 1.198      0.020     61.328      0.000
    Y9                 1.808      0.034     53.124      0.000
    Y10                1.858      0.036     51.069      0.000

 Variances
    F                  1.000      0.000    999.000    999.000

 Residual Variances
    Y1                 0.189      0.014     13.577      0.000
    Y2                 0.190      0.014     14.011      0.000
    Y3                 0.239      0.017     14.060      0.000
    Y4                 0.262      0.019     14.108      0.000
    Y5                 0.223      0.016     13.942      0.000
    Y6                 0.100      0.007     14.724      0.000
    Y7                 0.115      0.008     14.854      0.000
    Y8                 0.102      0.007     14.970      0.000
    Y9                 0.196      0.014     13.985      0.000
    Y10                0.189      0.014     13.456      0.000

New/Additional Parameters
    L5_0               0.690      0.040     17.394      0.000
    L5_1              -0.030      0.024     -1.260      0.208
    L5_2              -0.063      0.047     -1.351      0.177


QUALITY OF NUMERICAL RESULTS

     Condition Number for the Information Matrix              0.448E-04
       (ratio of smallest to largest eigenvalue)


     Beginning Time:  21:31:44
        Ending Time:  21:31:45
       Elapsed Time:  00:00:01



MUTHEN & MUTHEN
3463 Stoner Ave.
Los Angeles, CA  90066

Tel: (310) 391-9971
Fax: (310) 391-8971
Web: www.StatModel.com
Support: Support@StatModel.com

Copyright (c) 1998-2019 Muthen & Muthen
