Mplus VERSION 8.3
MUTHEN & MUTHEN
04/24/2024   9:48 PM

INPUT INSTRUCTIONS


  TITLE: Test with 10 reps

  DATA:
  File is
  G3_B1_N2_rep157.csv;

  VARIABLE:
      Names are x1 x2 eta
  	y1 y2 y3 y4 y5 y6 y7 y8 y9 y10;
      Usevariables are y1-y10 x1 x2;
      constraint = x1 x2;

  MODEL:
      f BY y1* (l1);
      f BY y2* (l2);
      f BY y3* (l3);
      f BY y4* (l4);
      f BY y5* (l5);
      f BY y6* (l6);
      f BY y7* (l7);
      f BY y8* (l8);
      f BY y9* (l9);
      f BY y10* (l10);

  y3 ON x1 x2;
  f@1;
  [f@0];

  MODEL CONSTRAINT:
      new (l3_0 l3_1 l3_2);
      l3 = l3_0 + l3_1*x1 + l3_2*x2;




INPUT READING TERMINATED NORMALLY



Test with 10 reps

SUMMARY OF ANALYSIS

Number of groups                                                 1
Number of observations                                         500

Number of dependent variables                                   10
Number of independent variables                                  2
Number of continuous latent variables                            1

Observed dependent variables

  Continuous
   Y1          Y2          Y3          Y4          Y5          Y6
   Y7          Y8          Y9          Y10

Observed independent variables
   X1          X2

Continuous latent variables
   F


Estimator                                                       ML
Information matrix                                        OBSERVED
Maximum number of iterations                                  1000
Convergence criterion                                    0.500D-04
Maximum number of steepest descent iterations                   20

Input data file(s)
  G3_B1_N2_rep157.csv

Input data format  FREE



UNIVARIATE SAMPLE STATISTICS


     UNIVARIATE HIGHER-ORDER MOMENT DESCRIPTIVE STATISTICS

         Variable/         Mean/     Skewness/   Minimum/ % with                Percentiles
        Sample Size      Variance    Kurtosis    Maximum  Min/Max      20%/60%    40%/80%    Median

     Y1                    1.778       0.935       1.000   41.60%       1.000      1.000      2.000
             500.000       0.641       0.771       5.000    0.40%       2.000      2.000
     Y2                    1.766       1.083       1.000   40.60%       1.000      1.000      2.000
             500.000       0.615       1.550       5.000    0.60%       2.000      2.000
     Y3                    3.008       0.008       1.000    2.00%       2.000      3.000      3.000
             500.000       0.656      -0.305       5.000    2.20%       3.000      4.000
     Y4                    3.022      -0.082       1.000    3.40%       2.000      3.000      3.000
             500.000       0.698       0.018       5.000    3.00%       3.000      4.000
     Y5                    3.058       0.057       1.000    2.00%       2.000      3.000      3.000
             500.000       0.695      -0.206       5.000    3.60%       3.000      4.000
     Y6                    1.190       3.198       1.000   84.00%       1.000      1.000      1.000
             500.000       0.234      13.506       5.000    0.20%       1.000      1.000
     Y7                    1.182       3.136       1.000   83.60%       1.000      1.000      1.000
             500.000       0.201      14.533       5.000    0.20%       1.000      1.000
     Y8                    1.166       3.570       1.000   86.00%       1.000      1.000      1.000
             500.000       0.210      16.997       5.000    0.20%       1.000      1.000
     Y9                    1.804       1.050       1.000   40.60%       1.000      1.000      2.000
             500.000       0.690       1.203       5.000    0.80%       2.000      2.000
     Y10                   1.824       1.024       1.000   38.20%       1.000      2.000      2.000
             500.000       0.661       1.439       5.000    1.00%       2.000      2.000
     X1                    0.018       0.118      -3.166    0.20%      -0.799     -0.295     -0.039
             500.000       0.964       0.042       3.239    0.20%       0.216      0.931
     X2                    0.502      -0.008       0.000   49.80%       0.000      0.000      1.000
             500.000       0.250      -2.000       1.000   50.20%       1.000      1.000


THE MODEL ESTIMATION TERMINATED NORMALLY



MODEL FIT INFORMATION

Number of Free Parameters                       34

Loglikelihood

          H0 Value                       -3450.283

Information Criteria

          Akaike (AIC)                    6968.566
          Bayesian (BIC)                  7111.862
          Sample-Size Adjusted BIC        7003.944
            (n* = (n + 2) / 24)



MODEL RESULTS

                                                    Two-Tailed
                    Estimate       S.E.  Est./S.E.    P-Value

 F        BY
    Y1                 0.657      0.030     22.182      0.000
    Y2                 0.673      0.028     23.800      0.000
    Y3               999.000      0.000    999.000    999.000
    Y4                 0.671      0.031     21.439      0.000
    Y5                 0.677      0.031     21.788      0.000
    Y6                 0.343      0.019     17.977      0.000
    Y7                 0.305      0.018     16.967      0.000
    Y8                 0.322      0.018     17.667      0.000
    Y9                 0.702      0.030     23.210      0.000
    Y10                0.683      0.030     22.985      0.000

 Y3       ON
    X1                -0.015      0.024     -0.628      0.530
    X2                 0.087      0.046      1.872      0.061

 Means
    F                  0.000      0.000    999.000    999.000

 Intercepts
    Y1                 1.778      0.036     49.669      0.000
    Y2                 1.766      0.035     50.345      0.000
    Y3                 2.974      0.045     65.787      0.000
    Y4                 3.022      0.037     80.910      0.000
    Y5                 3.058      0.037     82.043      0.000
    Y6                 1.190      0.022     55.020      0.000
    Y7                 1.182      0.020     58.971      0.000
    Y8                 1.166      0.021     56.835      0.000
    Y9                 1.804      0.037     48.577      0.000
    Y10                1.824      0.036     50.165      0.000

 Variances
    F                  1.000      0.000    999.000    999.000

 Residual Variances
    Y1                 0.209      0.015     13.988      0.000
    Y2                 0.162      0.012     13.338      0.000
    Y3                 0.240      0.017     14.217      0.000
    Y4                 0.248      0.017     14.152      0.000
    Y5                 0.237      0.017     14.046      0.000
    Y6                 0.116      0.008     14.854      0.000
    Y7                 0.108      0.007     14.996      0.000
    Y8                 0.107      0.007     14.884      0.000
    Y9                 0.197      0.014     13.606      0.000
    Y10                0.195      0.014     13.678      0.000

New/Additional Parameters
    L3_0               0.699      0.041     16.946      0.000
    L3_1              -0.032      0.025     -1.289      0.197
    L3_2              -0.102      0.048     -2.140      0.032


QUALITY OF NUMERICAL RESULTS

     Condition Number for the Information Matrix              0.493E-04
       (ratio of smallest to largest eigenvalue)


     Beginning Time:  21:48:48
        Ending Time:  21:48:49
       Elapsed Time:  00:00:01



MUTHEN & MUTHEN
3463 Stoner Ave.
Los Angeles, CA  90066

Tel: (310) 391-9971
Fax: (310) 391-8971
Web: www.StatModel.com
Support: Support@StatModel.com

Copyright (c) 1998-2019 Muthen & Muthen
