Mplus VERSION 8.3
MUTHEN & MUTHEN
04/24/2024   9:56 PM

INPUT INSTRUCTIONS


  TITLE: Test with 10 reps

  DATA:
  File is
  G3_B1_N2_rep183.csv;

  VARIABLE:
      Names are x1 x2 eta
  	y1 y2 y3 y4 y5 y6 y7 y8 y9 y10;
      Usevariables are y1-y10 x1 x2;
      constraint = x1 x2;

  MODEL:
      f BY y1* (l1);
      f BY y2* (l2);
      f BY y3* (l3);
      f BY y4* (l4);
      f BY y5* (l5);
      f BY y6* (l6);
      f BY y7* (l7);
      f BY y8* (l8);
      f BY y9* (l9);
      f BY y10* (l10);

  y1 ON x1 x2;
  f@1;
  [f@0];

  MODEL CONSTRAINT:
      new (l1_0 l1_1 l1_2);
      l1 = l1_0 + l1_1*x1 + l1_2*x2;




INPUT READING TERMINATED NORMALLY



Test with 10 reps

SUMMARY OF ANALYSIS

Number of groups                                                 1
Number of observations                                         500

Number of dependent variables                                   10
Number of independent variables                                  2
Number of continuous latent variables                            1

Observed dependent variables

  Continuous
   Y1          Y2          Y3          Y4          Y5          Y6
   Y7          Y8          Y9          Y10

Observed independent variables
   X1          X2

Continuous latent variables
   F


Estimator                                                       ML
Information matrix                                        OBSERVED
Maximum number of iterations                                  1000
Convergence criterion                                    0.500D-04
Maximum number of steepest descent iterations                   20

Input data file(s)
  G3_B1_N2_rep183.csv

Input data format  FREE



UNIVARIATE SAMPLE STATISTICS


     UNIVARIATE HIGHER-ORDER MOMENT DESCRIPTIVE STATISTICS

         Variable/         Mean/     Skewness/   Minimum/ % with                Percentiles
        Sample Size      Variance    Kurtosis    Maximum  Min/Max      20%/60%    40%/80%    Median

     Y1                    1.798       0.754       1.000   37.00%       1.000      2.000      2.000
             500.000       0.549       0.601       5.000    0.20%       2.000      2.000
     Y2                    1.766       0.700       1.000   39.60%       1.000      2.000      2.000
             500.000       0.543       0.113       4.000    2.00%       2.000      2.000
     Y3                    3.048       0.077       1.000    2.00%       2.000      3.000      3.000
             500.000       0.642       0.098       5.000    3.40%       3.000      4.000
     Y4                    3.036       0.022       1.000    2.40%       2.000      3.000      3.000
             500.000       0.667      -0.001       5.000    3.20%       3.000      4.000
     Y5                    3.058      -0.100       1.000    2.40%       3.000      3.000      3.000
             500.000       0.595       0.316       5.000    2.40%       3.000      4.000
     Y6                    1.172       2.668       1.000   84.80%       1.000      1.000      1.000
             500.000       0.186       7.656       4.000    0.20%       1.000      1.000
     Y7                    1.156       3.154       1.000   86.80%       1.000      1.000      1.000
             500.000       0.188      11.312       4.000    0.40%       1.000      1.000
     Y8                    1.164       3.448       1.000   85.60%       1.000      1.000      1.000
             500.000       0.193      16.850       5.000    0.20%       1.000      1.000
     Y9                    1.794       0.733       1.000   37.40%       1.000      2.000      2.000
             500.000       0.548       0.514       5.000    0.20%       2.000      2.000
     Y10                   1.798       0.799       1.000   37.60%       1.000      2.000      2.000
             500.000       0.569       0.637       5.000    0.20%       2.000      2.000
     X1                   -0.044       0.010      -3.107    0.20%      -0.859     -0.303     -0.087
             500.000       0.996      -0.034       2.720    0.20%       0.202      0.824
     X2                    0.474       0.104       0.000   52.60%       0.000      0.000      0.000
             500.000       0.249      -1.989       1.000   47.40%       1.000      1.000


THE MODEL ESTIMATION TERMINATED NORMALLY



MODEL FIT INFORMATION

Number of Free Parameters                       34

Loglikelihood

          H0 Value                       -3172.188

Information Criteria

          Akaike (AIC)                    6412.376
          Bayesian (BIC)                  6555.673
          Sample-Size Adjusted BIC        6447.755
            (n* = (n + 2) / 24)



MODEL RESULTS

                                                    Two-Tailed
                    Estimate       S.E.  Est./S.E.    P-Value

 F        BY
    Y1               999.000      0.000    999.000    999.000
    Y2                 0.613      0.027     22.614      0.000
    Y3                 0.648      0.030     21.667      0.000
    Y4                 0.667      0.030     21.991      0.000
    Y5                 0.631      0.029     22.033      0.000
    Y6                 0.286      0.017     16.391      0.000
    Y7                 0.279      0.018     15.828      0.000
    Y8                 0.292      0.018     16.443      0.000
    Y9                 0.624      0.027     23.138      0.000
    Y10                0.641      0.027     23.379      0.000

 Y1       ON
    X1                -0.029      0.019     -1.507      0.132
    X2                 0.057      0.039      1.480      0.139

 Means
    F                  0.000      0.000    999.000    999.000

 Intercepts
    Y1                 1.766      0.036     48.563      0.000
    Y2                 1.766      0.033     53.577      0.000
    Y3                 3.048      0.036     85.082      0.000
    Y4                 3.036      0.037     83.142      0.000
    Y5                 3.058      0.034     88.674      0.000
    Y6                 1.172      0.019     60.697      0.000
    Y7                 1.156      0.019     59.669      0.000
    Y8                 1.164      0.020     59.230      0.000
    Y9                 1.794      0.033     54.211      0.000
    Y10                1.798      0.034     53.290      0.000

 Variances
    F                  1.000      0.000    999.000    999.000

 Residual Variances
    Y1                 0.161      0.012     13.621      0.000
    Y2                 0.168      0.012     13.798      0.000
    Y3                 0.222      0.016     14.097      0.000
    Y4                 0.222      0.016     13.974      0.000
    Y5                 0.197      0.014     13.962      0.000
    Y6                 0.105      0.007     15.068      0.000
    Y7                 0.110      0.007     15.150      0.000
    Y8                 0.108      0.007     15.058      0.000
    Y9                 0.158      0.012     13.603      0.000
    Y10                0.159      0.012     13.485      0.000

New/Additional Parameters
    L1_0               0.578      0.032     18.300      0.000
    L1_1               0.004      0.021      0.212      0.832
    L1_2               0.090      0.040      2.252      0.024


QUALITY OF NUMERICAL RESULTS

     Condition Number for the Information Matrix              0.470E-04
       (ratio of smallest to largest eigenvalue)


     Beginning Time:  21:56:35
        Ending Time:  21:56:37
       Elapsed Time:  00:00:02



MUTHEN & MUTHEN
3463 Stoner Ave.
Los Angeles, CA  90066

Tel: (310) 391-9971
Fax: (310) 391-8971
Web: www.StatModel.com
Support: Support@StatModel.com

Copyright (c) 1998-2019 Muthen & Muthen
