Mplus VERSION 8.3
MUTHEN & MUTHEN
04/24/2024  10:21 PM

INPUT INSTRUCTIONS


  TITLE: Test with 10 reps

  DATA:
  File is
  G3_B1_N2_rep261.csv;

  VARIABLE:
      Names are x1 x2 eta
  	y1 y2 y3 y4 y5 y6 y7 y8 y9 y10;
      Usevariables are y1-y10 x1 x2;
      constraint = x1 x2;

  MODEL:
      f BY y1* (l1);
      f BY y2* (l2);
      f BY y3* (l3);
      f BY y4* (l4);
      f BY y5* (l5);
      f BY y6* (l6);
      f BY y7* (l7);
      f BY y8* (l8);
      f BY y9* (l9);
      f BY y10* (l10);

  y5 ON x1 x2;
  f@1;
  [f@0];

  MODEL CONSTRAINT:
      new (l5_0 l5_1 l5_2);
      l5 = l5_0 + l5_1*x1 + l5_2*x2;




INPUT READING TERMINATED NORMALLY



Test with 10 reps

SUMMARY OF ANALYSIS

Number of groups                                                 1
Number of observations                                         500

Number of dependent variables                                   10
Number of independent variables                                  2
Number of continuous latent variables                            1

Observed dependent variables

  Continuous
   Y1          Y2          Y3          Y4          Y5          Y6
   Y7          Y8          Y9          Y10

Observed independent variables
   X1          X2

Continuous latent variables
   F


Estimator                                                       ML
Information matrix                                        OBSERVED
Maximum number of iterations                                  1000
Convergence criterion                                    0.500D-04
Maximum number of steepest descent iterations                   20

Input data file(s)
  G3_B1_N2_rep261.csv

Input data format  FREE



UNIVARIATE SAMPLE STATISTICS


     UNIVARIATE HIGHER-ORDER MOMENT DESCRIPTIVE STATISTICS

         Variable/         Mean/     Skewness/   Minimum/ % with                Percentiles
        Sample Size      Variance    Kurtosis    Maximum  Min/Max      20%/60%    40%/80%    Median

     Y1                    1.814       0.762       1.000   38.80%       1.000      2.000      2.000
             500.000       0.615       0.429       5.000    0.40%       2.000      2.000
     Y2                    1.816       0.767       1.000   37.80%       1.000      2.000      2.000
             500.000       0.602       0.399       5.000    0.20%       2.000      2.000
     Y3                    3.032       0.001       1.000    2.60%       2.000      3.000      3.000
             500.000       0.699      -0.152       5.000    3.20%       3.000      4.000
     Y4                    3.070       0.090       1.000    1.60%       2.000      3.000      3.000
             500.000       0.669      -0.175       5.000    3.60%       3.000      4.000
     Y5                    3.082       0.061       1.000    1.60%       2.000      3.000      3.000
             500.000       0.679      -0.245       5.000    3.60%       3.000      4.000
     Y6                    1.190       2.470       1.000   83.20%       1.000      1.000      1.000
             500.000       0.202       6.388       4.000    0.20%       1.000      1.000
     Y7                    1.202       2.330       1.000   82.00%       1.000      1.000      1.000
             500.000       0.209       5.613       4.000    0.20%       1.000      1.000
     Y8                    1.206       2.125       1.000   81.60%       1.000      1.000      1.000
             500.000       0.208       3.818       3.000    2.20%       1.000      1.000
     Y9                    1.836       0.866       1.000   38.00%       1.000      2.000      2.000
             500.000       0.661       0.620       5.000    0.40%       2.000      2.000
     Y10                   1.792       0.965       1.000   39.60%       1.000      2.000      2.000
             500.000       0.629       0.995       5.000    0.40%       2.000      2.000
     X1                   -0.024       0.001      -3.687    0.20%      -0.855     -0.285     -0.060
             500.000       0.980       0.204       3.001    0.20%       0.192      0.785
     X2                    0.486       0.056       0.000   51.40%       0.000      0.000      0.000
             500.000       0.250      -1.997       1.000   48.60%       1.000      1.000


THE MODEL ESTIMATION TERMINATED NORMALLY



MODEL FIT INFORMATION

Number of Free Parameters                       34

Loglikelihood

          H0 Value                       -3271.037

Information Criteria

          Akaike (AIC)                    6610.073
          Bayesian (BIC)                  6753.370
          Sample-Size Adjusted BIC        6645.452
            (n* = (n + 2) / 24)



MODEL RESULTS

                                                    Two-Tailed
                    Estimate       S.E.  Est./S.E.    P-Value

 F        BY
    Y1                 0.657      0.029     22.917      0.000
    Y2                 0.633      0.029     22.013      0.000
    Y3                 0.689      0.031     22.322      0.000
    Y4                 0.669      0.030     22.068      0.000
    Y5               999.000      0.000    999.000    999.000
    Y6                 0.318      0.018     17.907      0.000
    Y7                 0.337      0.018     18.947      0.000
    Y8                 0.335      0.018     18.892      0.000
    Y9                 0.710      0.029     24.525      0.000
    Y10                0.662      0.029     22.809      0.000

 Y5       ON
    X1                -0.017      0.023     -0.761      0.447
    X2                 0.040      0.045      0.884      0.377

 Means
    F                  0.000      0.000    999.000    999.000

 Intercepts
    Y1                 1.814      0.035     51.706      0.000
    Y2                 1.816      0.035     52.330      0.000
    Y3                 3.032      0.037     81.093      0.000
    Y4                 3.070      0.037     83.922      0.000
    Y5                 3.066      0.044     70.428      0.000
    Y6                 1.190      0.020     59.219      0.000
    Y7                 1.202      0.020     58.764      0.000
    Y8                 1.206      0.020     59.191      0.000
    Y9                 1.836      0.036     50.492      0.000
    Y10                1.792      0.035     50.535      0.000

 Variances
    F                  1.000      0.000    999.000    999.000

 Residual Variances
    Y1                 0.184      0.013     13.883      0.000
    Y2                 0.201      0.014     14.163      0.000
    Y3                 0.225      0.016     14.029      0.000
    Y4                 0.222      0.016     14.117      0.000
    Y5                 0.222      0.016     14.082      0.000
    Y6                 0.101      0.007     14.930      0.000
    Y7                 0.096      0.006     14.770      0.000
    Y8                 0.095      0.006     14.801      0.000
    Y9                 0.156      0.012     13.146      0.000
    Y10                0.190      0.014     13.911      0.000

New/Additional Parameters
    L5_0               0.691      0.040     17.447      0.000
    L5_1              -0.021      0.023     -0.920      0.357
    L5_2              -0.025      0.046     -0.550      0.582


QUALITY OF NUMERICAL RESULTS

     Condition Number for the Information Matrix              0.400E-04
       (ratio of smallest to largest eigenvalue)


     Beginning Time:  22:21:13
        Ending Time:  22:21:15
       Elapsed Time:  00:00:02



MUTHEN & MUTHEN
3463 Stoner Ave.
Los Angeles, CA  90066

Tel: (310) 391-9971
Fax: (310) 391-8971
Web: www.StatModel.com
Support: Support@StatModel.com

Copyright (c) 1998-2019 Muthen & Muthen
