Mplus VERSION 8.3
MUTHEN & MUTHEN
04/24/2024  10:08 PM

INPUT INSTRUCTIONS


  TITLE: Test with 10 reps

  DATA:
  File is
  G3_B1_N2_rep219.csv;

  VARIABLE:
      Names are x1 x2 eta
  	y1 y2 y3 y4 y5 y6 y7 y8 y9 y10;
      Usevariables are y1-y10 x1 x2;
      constraint = x1 x2;

  MODEL:
      f BY y1* (l1);
      f BY y2* (l2);
      f BY y3* (l3);
      f BY y4* (l4);
      f BY y5* (l5);
      f BY y6* (l6);
      f BY y7* (l7);
      f BY y8* (l8);
      f BY y9* (l9);
      f BY y10* (l10);

  y4 ON x1 x2;
  f@1;
  [f@0];

  MODEL CONSTRAINT:
      new (l4_0 l4_1 l4_2);
      l4 = l4_0 + l4_1*x1 + l4_2*x2;




INPUT READING TERMINATED NORMALLY



Test with 10 reps

SUMMARY OF ANALYSIS

Number of groups                                                 1
Number of observations                                         500

Number of dependent variables                                   10
Number of independent variables                                  2
Number of continuous latent variables                            1

Observed dependent variables

  Continuous
   Y1          Y2          Y3          Y4          Y5          Y6
   Y7          Y8          Y9          Y10

Observed independent variables
   X1          X2

Continuous latent variables
   F


Estimator                                                       ML
Information matrix                                        OBSERVED
Maximum number of iterations                                  1000
Convergence criterion                                    0.500D-04
Maximum number of steepest descent iterations                   20

Input data file(s)
  G3_B1_N2_rep219.csv

Input data format  FREE



UNIVARIATE SAMPLE STATISTICS


     UNIVARIATE HIGHER-ORDER MOMENT DESCRIPTIVE STATISTICS

         Variable/         Mean/     Skewness/   Minimum/ % with                Percentiles
        Sample Size      Variance    Kurtosis    Maximum  Min/Max      20%/60%    40%/80%    Median

     Y1                    1.822       0.904       1.000   37.60%       1.000      2.000      2.000
             500.000       0.630       0.864       5.000    0.40%       2.000      2.000
     Y2                    1.824       0.949       1.000   36.40%       1.000      2.000      2.000
             500.000       0.609       1.280       5.000    0.60%       2.000      2.000
     Y3                    3.084       0.013       1.000    1.20%       2.000      3.000      3.000
             500.000       0.593      -0.142       5.000    2.40%       3.000      4.000
     Y4                    3.100      -0.054       1.000    1.60%       2.000      3.000      3.000
             500.000       0.618      -0.106       5.000    2.60%       3.000      4.000
     Y5                    3.108       0.069       1.000    0.80%       2.000      3.000      3.000
             500.000       0.600      -0.259       5.000    2.80%       3.000      4.000
     Y6                    1.174       2.788       1.000   84.40%       1.000      1.000      1.000
             500.000       0.188       9.292       4.000    0.40%       1.000      1.000
     Y7                    1.190       2.681       1.000   83.60%       1.000      1.000      1.000
             500.000       0.214       8.033       4.000    0.40%       1.000      1.000
     Y8                    1.172       3.235       1.000   85.80%       1.000      1.000      1.000
             500.000       0.218      12.201       4.000    0.80%       1.000      1.000
     Y9                    1.820       0.813       1.000   37.00%       1.000      2.000      2.000
             500.000       0.600       0.589       5.000    0.20%       2.000      2.000
     Y10                   1.852       0.757       1.000   35.80%       1.000      2.000      2.000
             500.000       0.622       0.384       5.000    0.20%       2.000      2.000
     X1                    0.006       0.166      -3.014    0.20%      -0.843     -0.225     -0.041
             500.000       0.978      -0.133       3.391    0.20%       0.222      0.869
     X2                    0.512      -0.048       0.000   48.80%       0.000      0.000      1.000
             500.000       0.250      -1.998       1.000   51.20%       1.000      1.000


THE MODEL ESTIMATION TERMINATED NORMALLY



MODEL FIT INFORMATION

Number of Free Parameters                       34

Loglikelihood

          H0 Value                       -3291.239

Information Criteria

          Akaike (AIC)                    6650.478
          Bayesian (BIC)                  6793.775
          Sample-Size Adjusted BIC        6685.857
            (n* = (n + 2) / 24)



MODEL RESULTS

                                                    Two-Tailed
                    Estimate       S.E.  Est./S.E.    P-Value

 F        BY
    Y1                 0.660      0.029     22.628      0.000
    Y2                 0.653      0.029     22.856      0.000
    Y3                 0.626      0.029     21.838      0.000
    Y4               999.000      0.000    999.000    999.000
    Y5                 0.624      0.029     21.519      0.000
    Y6                 0.301      0.017     17.475      0.000
    Y7                 0.327      0.018     17.858      0.000
    Y8                 0.316      0.019     16.857      0.000
    Y9                 0.652      0.028     23.037      0.000
    Y10                0.660      0.029     22.857      0.000

 Y4       ON
    X1                -0.014      0.022     -0.617      0.537
    X2                 0.032      0.045      0.709      0.478

 Means
    F                  0.000      0.000    999.000    999.000

 Intercepts
    Y1                 1.822      0.036     51.316      0.000
    Y2                 1.824      0.035     52.263      0.000
    Y3                 3.084      0.034     89.556      0.000
    Y4                 3.090      0.044     70.175      0.000
    Y5                 3.108      0.035     89.695      0.000
    Y6                 1.174      0.019     60.589      0.000
    Y7                 1.190      0.021     57.534      0.000
    Y8                 1.172      0.021     56.075      0.000
    Y9                 1.820      0.035     52.556      0.000
    Y10                1.852      0.035     52.505      0.000

 Variances
    F                  1.000      0.000    999.000    999.000

 Residual Variances
    Y1                 0.194      0.014     13.790      0.000
    Y2                 0.182      0.013     13.678      0.000
    Y3                 0.201      0.014     13.994      0.000
    Y4                 0.220      0.016     14.121      0.000
    Y5                 0.211      0.015     14.123      0.000
    Y6                 0.097      0.006     14.908      0.000
    Y7                 0.107      0.007     14.847      0.000
    Y8                 0.118      0.008     14.995      0.000
    Y9                 0.175      0.013     13.617      0.000
    Y10                0.186      0.014     13.688      0.000

New/Additional Parameters
    L4_0               0.694      0.040     17.437      0.000
    L4_1              -0.013      0.023     -0.558      0.577
    L4_2              -0.127      0.046     -2.757      0.006


QUALITY OF NUMERICAL RESULTS

     Condition Number for the Information Matrix              0.413E-04
       (ratio of smallest to largest eigenvalue)


     Beginning Time:  22:08:08
        Ending Time:  22:08:09
       Elapsed Time:  00:00:01



MUTHEN & MUTHEN
3463 Stoner Ave.
Los Angeles, CA  90066

Tel: (310) 391-9971
Fax: (310) 391-8971
Web: www.StatModel.com
Support: Support@StatModel.com

Copyright (c) 1998-2019 Muthen & Muthen
