Mplus VERSION 8.3
MUTHEN & MUTHEN
04/24/2024  10:05 PM

INPUT INSTRUCTIONS


  TITLE: Test with 10 reps

  DATA:
  File is
  G3_B1_N2_rep211.csv;

  VARIABLE:
      Names are x1 x2 eta
  	y1 y2 y3 y4 y5 y6 y7 y8 y9 y10;
      Usevariables are y1-y10 x1 x2;
      constraint = x1 x2;

  MODEL:
      f BY y1* (l1);
      f BY y2* (l2);
      f BY y3* (l3);
      f BY y4* (l4);
      f BY y5* (l5);
      f BY y6* (l6);
      f BY y7* (l7);
      f BY y8* (l8);
      f BY y9* (l9);
      f BY y10* (l10);

  y3 ON x1 x2;
  f@1;
  [f@0];

  MODEL CONSTRAINT:
      new (l3_0 l3_1 l3_2);
      l3 = l3_0 + l3_1*x1 + l3_2*x2;




INPUT READING TERMINATED NORMALLY



Test with 10 reps

SUMMARY OF ANALYSIS

Number of groups                                                 1
Number of observations                                         500

Number of dependent variables                                   10
Number of independent variables                                  2
Number of continuous latent variables                            1

Observed dependent variables

  Continuous
   Y1          Y2          Y3          Y4          Y5          Y6
   Y7          Y8          Y9          Y10

Observed independent variables
   X1          X2

Continuous latent variables
   F


Estimator                                                       ML
Information matrix                                        OBSERVED
Maximum number of iterations                                  1000
Convergence criterion                                    0.500D-04
Maximum number of steepest descent iterations                   20

Input data file(s)
  G3_B1_N2_rep211.csv

Input data format  FREE



UNIVARIATE SAMPLE STATISTICS


     UNIVARIATE HIGHER-ORDER MOMENT DESCRIPTIVE STATISTICS

         Variable/         Mean/     Skewness/   Minimum/ % with                Percentiles
        Sample Size      Variance    Kurtosis    Maximum  Min/Max      20%/60%    40%/80%    Median

     Y1                    1.818       0.725       1.000   37.00%       1.000      2.000      2.000
             500.000       0.581       0.376       5.000    0.20%       2.000      2.000
     Y2                    1.828       0.652       1.000   36.80%       1.000      2.000      2.000
             500.000       0.582       0.146       5.000    0.20%       2.000      2.000
     Y3                    3.096       0.023       1.000    0.80%       2.000      3.000      3.000
             500.000       0.587      -0.329       5.000    2.20%       3.000      4.000
     Y4                    3.102      -0.085       1.000    2.00%       3.000      3.000      3.000
             500.000       0.624       0.055       5.000    2.80%       3.000      4.000
     Y5                    3.088      -0.103       1.000    1.40%       2.000      3.000      3.000
             500.000       0.604      -0.303       5.000    1.80%       3.000      4.000
     Y6                    1.164       2.356       1.000   84.80%       1.000      1.000      1.000
             500.000       0.161       4.912       3.000    1.20%       1.000      1.000
     Y7                    1.160       2.968       1.000   85.60%       1.000      1.000      1.000
             500.000       0.174      10.749       4.000    0.40%       1.000      1.000
     Y8                    1.190       2.470       1.000   83.20%       1.000      1.000      1.000
             500.000       0.202       6.388       4.000    0.20%       1.000      1.000
     Y9                    1.800       0.640       1.000   36.20%       1.000      2.000      2.000
             500.000       0.520       0.379       5.000    0.20%       2.000      2.000
     Y10                   1.816       0.711       1.000   36.60%       1.000      2.000      2.000
             500.000       0.566       0.403       5.000    0.20%       2.000      2.000
     X1                   -0.026      -0.214      -3.242    0.20%      -0.788     -0.194     -0.006
             500.000       0.957       0.218       2.653    0.20%       0.228      0.745
     X2                    0.490       0.040       0.000   51.00%       0.000      0.000      0.000
             500.000       0.250      -1.998       1.000   49.00%       1.000      1.000


THE MODEL ESTIMATION TERMINATED NORMALLY



MODEL FIT INFORMATION

Number of Free Parameters                       34

Loglikelihood

          H0 Value                       -3195.825

Information Criteria

          Akaike (AIC)                    6459.650
          Bayesian (BIC)                  6602.947
          Sample-Size Adjusted BIC        6495.029
            (n* = (n + 2) / 24)



MODEL RESULTS

                                                    Two-Tailed
                    Estimate       S.E.  Est./S.E.    P-Value

 F        BY
    Y1                 0.624      0.028     22.058      0.000
    Y2                 0.632      0.028     22.433      0.000
    Y3               999.000      0.000    999.000    999.000
    Y4                 0.641      0.029     21.777      0.000
    Y5                 0.637      0.029     22.054      0.000
    Y6                 0.256      0.016     15.603      0.000
    Y7                 0.250      0.017     14.427      0.000
    Y8                 0.309      0.018     17.184      0.000
    Y9                 0.585      0.027     21.751      0.000
    Y10                0.626      0.028     22.577      0.000

 Y3       ON
    X1                 0.044      0.021      2.079      0.038
    X2                 0.044      0.042      1.067      0.286

 Means
    F                  0.000      0.000    999.000    999.000

 Intercepts
    Y1                 1.818      0.034     53.338      0.000
    Y2                 1.828      0.034     53.560      0.000
    Y3                 3.081      0.041     74.901      0.000
    Y4                 3.102      0.035     87.837      0.000
    Y5                 3.088      0.035     88.828      0.000
    Y6                 1.164      0.018     64.846      0.000
    Y7                 1.160      0.019     62.111      0.000
    Y8                 1.190      0.020     59.219      0.000
    Y9                 1.800      0.032     55.816      0.000
    Y10                1.816      0.034     53.968      0.000

 Variances
    F                  1.000      0.000    999.000    999.000

 Residual Variances
    Y1                 0.191      0.014     13.852      0.000
    Y2                 0.183      0.013     13.716      0.000
    Y3                 0.183      0.013     13.730      0.000
    Y4                 0.212      0.015     13.950      0.000
    Y5                 0.199      0.014     13.834      0.000
    Y6                 0.095      0.006     15.125      0.000
    Y7                 0.112      0.007     15.256      0.000
    Y8                 0.107      0.007     14.929      0.000
    Y9                 0.178      0.013     13.953      0.000
    Y10                0.175      0.013     13.639      0.000

New/Additional Parameters
    L3_0               0.667      0.037     17.840      0.000
    L3_1               0.011      0.022      0.526      0.599
    L3_2              -0.077      0.043     -1.791      0.073


QUALITY OF NUMERICAL RESULTS

     Condition Number for the Information Matrix              0.394E-04
       (ratio of smallest to largest eigenvalue)


     Beginning Time:  22:05:54
        Ending Time:  22:05:55
       Elapsed Time:  00:00:01



MUTHEN & MUTHEN
3463 Stoner Ave.
Los Angeles, CA  90066

Tel: (310) 391-9971
Fax: (310) 391-8971
Web: www.StatModel.com
Support: Support@StatModel.com

Copyright (c) 1998-2019 Muthen & Muthen
