Mplus VERSION 8.3
MUTHEN & MUTHEN
04/24/2024  10:17 PM

INPUT INSTRUCTIONS


  TITLE: Test with 10 reps

  DATA:
  File is
  G3_B1_N2_rep250.csv;

  VARIABLE:
      Names are x1 x2 eta
  	y1 y2 y3 y4 y5 y6 y7 y8 y9 y10;
      Usevariables are y1-y10 x1 x2;
      constraint = x1 x2;

  MODEL:
      f BY y1* (l1);
      f BY y2* (l2);
      f BY y3* (l3);
      f BY y4* (l4);
      f BY y5* (l5);
      f BY y6* (l6);
      f BY y7* (l7);
      f BY y8* (l8);
      f BY y9* (l9);
      f BY y10* (l10);

  y7 ON x1 x2;
  f@1;
  [f@0];

  MODEL CONSTRAINT:
      new (l7_0 l7_1 l7_2);
      l7 = l7_0 + l7_1*x1 + l7_2*x2;




INPUT READING TERMINATED NORMALLY



Test with 10 reps

SUMMARY OF ANALYSIS

Number of groups                                                 1
Number of observations                                         500

Number of dependent variables                                   10
Number of independent variables                                  2
Number of continuous latent variables                            1

Observed dependent variables

  Continuous
   Y1          Y2          Y3          Y4          Y5          Y6
   Y7          Y8          Y9          Y10

Observed independent variables
   X1          X2

Continuous latent variables
   F


Estimator                                                       ML
Information matrix                                        OBSERVED
Maximum number of iterations                                  1000
Convergence criterion                                    0.500D-04
Maximum number of steepest descent iterations                   20

Input data file(s)
  G3_B1_N2_rep250.csv

Input data format  FREE



UNIVARIATE SAMPLE STATISTICS


     UNIVARIATE HIGHER-ORDER MOMENT DESCRIPTIVE STATISTICS

         Variable/         Mean/     Skewness/   Minimum/ % with                Percentiles
        Sample Size      Variance    Kurtosis    Maximum  Min/Max      20%/60%    40%/80%    Median

     Y1                    1.776       0.988       1.000   39.40%       1.000      2.000      2.000
             500.000       0.590       1.406       5.000    0.60%       2.000      2.000
     Y2                    1.816       0.855       1.000   38.00%       1.000      2.000      2.000
             500.000       0.618       0.745       5.000    0.40%       2.000      2.000
     Y3                    3.106      -0.215       1.000    2.00%       2.000      3.000      3.000
             500.000       0.627      -0.208       5.000    1.80%       3.000      4.000
     Y4                    3.052      -0.045       1.000    2.20%       2.000      3.000      3.000
             500.000       0.629       0.036       5.000    2.60%       3.000      4.000
     Y5                    3.034      -0.155       1.000    2.80%       2.000      3.000      3.000
             500.000       0.641      -0.019       5.000    2.00%       3.000      4.000
     Y6                    1.172       2.782       1.000   84.40%       1.000      1.000      1.000
             500.000       0.182       9.429       4.000    0.40%       1.000      1.000
     Y7                    1.168       2.594       1.000   84.60%       1.000      1.000      1.000
             500.000       0.172       7.506       4.000    0.20%       1.000      1.000
     Y8                    1.162       2.628       1.000   85.00%       1.000      1.000      1.000
             500.000       0.164       7.839       4.000    0.20%       1.000      1.000
     Y9                    1.800       0.792       1.000   39.60%       1.000      2.000      2.000
             500.000       0.612       0.500       5.000    0.40%       2.000      2.000
     Y10                   1.834       0.649       1.000   35.60%       1.000      2.000      2.000
             500.000       0.566       0.252       5.000    0.20%       2.000      2.000
     X1                   -0.055      -0.085      -2.875    0.20%      -0.903     -0.289     -0.025
             500.000       0.993      -0.173       2.999    0.20%       0.214      0.800
     X2                    0.454       0.185       0.000   54.60%       0.000      0.000      0.000
             500.000       0.248      -1.966       1.000   45.40%       1.000      1.000


THE MODEL ESTIMATION TERMINATED NORMALLY



MODEL FIT INFORMATION

Number of Free Parameters                       34

Loglikelihood

          H0 Value                       -3262.824

Information Criteria

          Akaike (AIC)                    6593.648
          Bayesian (BIC)                  6736.945
          Sample-Size Adjusted BIC        6629.027
            (n* = (n + 2) / 24)



MODEL RESULTS

                                                    Two-Tailed
                    Estimate       S.E.  Est./S.E.    P-Value

 F        BY
    Y1                 0.640      0.028     22.669      0.000
    Y2                 0.651      0.029     22.436      0.000
    Y3                 0.631      0.030     21.134      0.000
    Y4                 0.650      0.029     22.037      0.000
    Y5                 0.648      0.030     21.625      0.000
    Y6                 0.284      0.017     16.403      0.000
    Y7               999.000      0.000    999.000    999.000
    Y8                 0.263      0.016     15.943      0.000
    Y9                 0.636      0.029     21.799      0.000
    Y10                0.607      0.028     21.525      0.000

 Y7       ON
    X1                 0.015      0.014      1.078      0.281
    X2                 0.035      0.028      1.246      0.213

 Means
    F                  0.000      0.000    999.000    999.000

 Intercepts
    Y1                 1.776      0.034     51.709      0.000
    Y2                 1.816      0.035     51.648      0.000
    Y3                 3.106      0.035     87.727      0.000
    Y4                 3.052      0.035     86.028      0.000
    Y5                 3.034      0.036     84.747      0.000
    Y6                 1.172      0.019     61.359      0.000
    Y7                 1.141      0.021     55.052      0.000
    Y8                 1.162      0.018     64.209      0.000
    Y9                 1.800      0.035     51.450      0.000
    Y10                1.834      0.034     54.489      0.000

 Variances
    F                  1.000      0.000    999.000    999.000

 Residual Variances
    Y1                 0.180      0.013     13.558      0.000
    Y2                 0.194      0.014     13.669      0.000
    Y3                 0.229      0.016     14.038      0.000
    Y4                 0.207      0.015     13.752      0.000
    Y5                 0.221      0.016     13.856      0.000
    Y6                 0.102      0.007     14.985      0.000
    Y7                 0.088      0.006     14.855      0.000
    Y8                 0.095      0.006     15.048      0.000
    Y9                 0.208      0.015     13.885      0.000
    Y10                0.198      0.014     13.987      0.000

New/Additional Parameters
    L7_0               0.216      0.021     10.160      0.000
    L7_1               0.033      0.013      2.556      0.011
    L7_2               0.113      0.029      3.930      0.000


QUALITY OF NUMERICAL RESULTS

     Condition Number for the Information Matrix              0.339E-04
       (ratio of smallest to largest eigenvalue)


     Beginning Time:  22:17:58
        Ending Time:  22:17:59
       Elapsed Time:  00:00:01



MUTHEN & MUTHEN
3463 Stoner Ave.
Los Angeles, CA  90066

Tel: (310) 391-9971
Fax: (310) 391-8971
Web: www.StatModel.com
Support: Support@StatModel.com

Copyright (c) 1998-2019 Muthen & Muthen
