Mplus VERSION 8.3
MUTHEN & MUTHEN
04/24/2024  10:02 PM

INPUT INSTRUCTIONS


  TITLE: Test with 10 reps

  DATA:
  File is
  G3_B1_N2_rep202.csv;

  VARIABLE:
      Names are x1 x2 eta
  	y1 y2 y3 y4 y5 y6 y7 y8 y9 y10;
      Usevariables are y1-y10 x1 x2;
      constraint = x1 x2;

  MODEL:
      f BY y1* (l1);
      f BY y2* (l2);
      f BY y3* (l3);
      f BY y4* (l4);
      f BY y5* (l5);
      f BY y6* (l6);
      f BY y7* (l7);
      f BY y8* (l8);
      f BY y9* (l9);
      f BY y10* (l10);

  y2 ON x1 x2;
  f@1;
  [f@0];

  MODEL CONSTRAINT:
      new (l2_0 l2_1 l2_2);
      l2 = l2_0 + l2_1*x1 + l2_2*x2;




INPUT READING TERMINATED NORMALLY



Test with 10 reps

SUMMARY OF ANALYSIS

Number of groups                                                 1
Number of observations                                         500

Number of dependent variables                                   10
Number of independent variables                                  2
Number of continuous latent variables                            1

Observed dependent variables

  Continuous
   Y1          Y2          Y3          Y4          Y5          Y6
   Y7          Y8          Y9          Y10

Observed independent variables
   X1          X2

Continuous latent variables
   F


Estimator                                                       ML
Information matrix                                        OBSERVED
Maximum number of iterations                                  1000
Convergence criterion                                    0.500D-04
Maximum number of steepest descent iterations                   20

Input data file(s)
  G3_B1_N2_rep202.csv

Input data format  FREE



UNIVARIATE SAMPLE STATISTICS


     UNIVARIATE HIGHER-ORDER MOMENT DESCRIPTIVE STATISTICS

         Variable/         Mean/     Skewness/   Minimum/ % with                Percentiles
        Sample Size      Variance    Kurtosis    Maximum  Min/Max      20%/60%    40%/80%    Median

     Y1                    1.778       0.873       1.000   40.20%       1.000      1.000      2.000
             500.000       0.597       0.798       5.000    0.40%       2.000      2.000
     Y2                    1.796       0.790       1.000   40.40%       1.000      1.000      2.000
             500.000       0.626       0.277       5.000    0.20%       2.000      2.000
     Y3                    3.082      -0.069       1.000    1.40%       2.000      3.000      3.000
             500.000       0.611      -0.291       5.000    2.00%       3.000      4.000
     Y4                    3.102       0.100       1.000    1.20%       2.000      3.000      3.000
             500.000       0.664      -0.251       5.000    3.80%       3.000      4.000
     Y5                    3.060      -0.018       1.000    1.80%       2.000      3.000      3.000
             500.000       0.652      -0.246       5.000    2.60%       3.000      4.000
     Y6                    1.178       2.547       1.000   84.00%       1.000      1.000      1.000
             500.000       0.186       7.017       4.000    0.20%       1.000      1.000
     Y7                    1.184       2.174       1.000   83.00%       1.000      1.000      1.000
             500.000       0.178       4.007       3.000    1.40%       1.000      1.000
     Y8                    1.194       2.750       1.000   83.00%       1.000      1.000      1.000
             500.000       0.216       9.068       4.000    0.60%       1.000      1.000
     Y9                    1.816       0.543       1.000   37.00%       1.000      2.000      2.000
             500.000       0.554      -0.293       4.000    1.60%       2.000      2.000
     Y10                   1.796       0.836       1.000   40.40%       1.000      1.000      2.000
             500.000       0.630       0.539       5.000    0.40%       2.000      2.000
     X1                    0.002       0.075      -2.820    0.20%      -0.829     -0.271     -0.017
             500.000       0.987      -0.155       2.825    0.20%       0.222      0.840
     X2                    0.502      -0.008       0.000   49.80%       0.000      0.000      1.000
             500.000       0.250      -2.000       1.000   50.20%       1.000      1.000


THE MODEL ESTIMATION TERMINATED NORMALLY



MODEL FIT INFORMATION

Number of Free Parameters                       34

Loglikelihood

          H0 Value                       -3329.572

Information Criteria

          Akaike (AIC)                    6727.144
          Bayesian (BIC)                  6870.441
          Sample-Size Adjusted BIC        6762.523
            (n* = (n + 2) / 24)



MODEL RESULTS

                                                    Two-Tailed
                    Estimate       S.E.  Est./S.E.    P-Value

 F        BY
    Y1                 0.651      0.028     23.054      0.000
    Y2               999.000      0.000    999.000    999.000
    Y3                 0.622      0.029     21.133      0.000
    Y4                 0.689      0.030     23.209      0.000
    Y5                 0.651      0.030     21.547      0.000
    Y6                 0.284      0.017     16.210      0.000
    Y7                 0.290      0.017     17.201      0.000
    Y8                 0.309      0.019     16.470      0.000
    Y9                 0.597      0.028     21.385      0.000
    Y10                0.667      0.029     22.943      0.000

 Y2       ON
    X1                 0.007      0.023      0.304      0.761
    X2                -0.033      0.044     -0.733      0.463

 Means
    F                  0.000      0.000    999.000    999.000

 Intercepts
    Y1                 1.778      0.035     51.468      0.000
    Y2                 1.818      0.043     42.095      0.000
    Y3                 3.082      0.035     88.145      0.000
    Y4                 3.102      0.036     85.148      0.000
    Y5                 3.060      0.036     84.713      0.000
    Y6                 1.178      0.019     61.025      0.000
    Y7                 1.184      0.019     62.727      0.000
    Y8                 1.194      0.021     57.398      0.000
    Y9                 1.816      0.033     54.549      0.000
    Y10                1.796      0.036     50.581      0.000

 Variances
    F                  1.000      0.000    999.000    999.000

 Residual Variances
    Y1                 0.173      0.013     13.517      0.000
    Y2                 0.215      0.015     13.995      0.000
    Y3                 0.224      0.016     14.173      0.000
    Y4                 0.189      0.014     13.432      0.000
    Y5                 0.228      0.016     14.054      0.000
    Y6                 0.106      0.007     15.072      0.000
    Y7                 0.094      0.006     14.935      0.000
    Y8                 0.121      0.008     15.042      0.000
    Y9                 0.198      0.014     14.125      0.000
    Y10                0.186      0.014     13.566      0.000

New/Additional Parameters
    L2_0               0.676      0.041     16.574      0.000
    L2_1              -0.014      0.023     -0.585      0.559
    L2_2              -0.057      0.046     -1.243      0.214


QUALITY OF NUMERICAL RESULTS

     Condition Number for the Information Matrix              0.389E-04
       (ratio of smallest to largest eigenvalue)


     Beginning Time:  22:02:58
        Ending Time:  22:03:00
       Elapsed Time:  00:00:02



MUTHEN & MUTHEN
3463 Stoner Ave.
Los Angeles, CA  90066

Tel: (310) 391-9971
Fax: (310) 391-8971
Web: www.StatModel.com
Support: Support@StatModel.com

Copyright (c) 1998-2019 Muthen & Muthen
