Mplus VERSION 8.3
MUTHEN & MUTHEN
04/24/2024  10:14 PM

INPUT INSTRUCTIONS


  TITLE: Test with 10 reps

  DATA:
  File is
  G3_B1_N2_rep240.csv;

  VARIABLE:
      Names are x1 x2 eta
  	y1 y2 y3 y4 y5 y6 y7 y8 y9 y10;
      Usevariables are y1-y10 x1 x2;
      constraint = x1 x2;

  MODEL:
      f BY y1* (l1);
      f BY y2* (l2);
      f BY y3* (l3);
      f BY y4* (l4);
      f BY y5* (l5);
      f BY y6* (l6);
      f BY y7* (l7);
      f BY y8* (l8);
      f BY y9* (l9);
      f BY y10* (l10);

  y1 ON x1 x2;
  f@1;
  [f@0];

  MODEL CONSTRAINT:
      new (l1_0 l1_1 l1_2);
      l1 = l1_0 + l1_1*x1 + l1_2*x2;




INPUT READING TERMINATED NORMALLY



Test with 10 reps

SUMMARY OF ANALYSIS

Number of groups                                                 1
Number of observations                                         500

Number of dependent variables                                   10
Number of independent variables                                  2
Number of continuous latent variables                            1

Observed dependent variables

  Continuous
   Y1          Y2          Y3          Y4          Y5          Y6
   Y7          Y8          Y9          Y10

Observed independent variables
   X1          X2

Continuous latent variables
   F


Estimator                                                       ML
Information matrix                                        OBSERVED
Maximum number of iterations                                  1000
Convergence criterion                                    0.500D-04
Maximum number of steepest descent iterations                   20

Input data file(s)
  G3_B1_N2_rep240.csv

Input data format  FREE



UNIVARIATE SAMPLE STATISTICS


     UNIVARIATE HIGHER-ORDER MOMENT DESCRIPTIVE STATISTICS

         Variable/         Mean/     Skewness/   Minimum/ % with                Percentiles
        Sample Size      Variance    Kurtosis    Maximum  Min/Max      20%/60%    40%/80%    Median

     Y1                    1.842       0.806       1.000   36.00%       1.000      2.000      2.000
             500.000       0.617       0.540       5.000    0.20%       2.000      2.000
     Y2                    1.814       0.886       1.000   38.80%       1.000      2.000      2.000
             500.000       0.639       0.731       5.000    0.40%       2.000      2.000
     Y3                    3.096       0.128       1.000    1.40%       2.000      3.000      3.000
             500.000       0.643      -0.001       5.000    4.00%       3.000      4.000
     Y4                    3.094       0.154       1.000    1.20%       2.000      3.000      3.000
             500.000       0.669      -0.189       5.000    4.20%       3.000      4.000
     Y5                    3.080       0.089       1.000    1.40%       2.000      3.000      3.000
             500.000       0.642      -0.122       5.000    3.40%       3.000      4.000
     Y6                    1.196       2.189       1.000   82.40%       1.000      1.000      1.000
             500.000       0.198       4.127       3.000    2.00%       1.000      1.000
     Y7                    1.182       3.065       1.000   84.40%       1.000      1.000      1.000
             500.000       0.217      11.382       4.000    0.80%       1.000      1.000
     Y8                    1.162       3.459       1.000   85.40%       1.000      1.000      1.000
             500.000       0.184      17.726       5.000    0.20%       1.000      1.000
     Y9                    1.848       0.903       1.000   35.60%       1.000      2.000      2.000
             500.000       0.629       1.061       5.000    0.60%       2.000      2.000
     Y10                   1.830       1.023       1.000   38.40%       1.000      2.000      2.000
             500.000       0.685       1.204       5.000    0.80%       2.000      2.000
     X1                   -0.058       0.032      -3.270    0.20%      -0.876     -0.327     -0.046
             500.000       1.020       0.066       2.842    0.20%       0.171      0.749
     X2                    0.502      -0.008       0.000   49.80%       0.000      0.000      1.000
             500.000       0.250      -2.000       1.000   50.20%       1.000      1.000


THE MODEL ESTIMATION TERMINATED NORMALLY



MODEL FIT INFORMATION

Number of Free Parameters                       34

Loglikelihood

          H0 Value                       -3313.878

Information Criteria

          Akaike (AIC)                    6695.755
          Bayesian (BIC)                  6839.052
          Sample-Size Adjusted BIC        6731.134
            (n* = (n + 2) / 24)



MODEL RESULTS

                                                    Two-Tailed
                    Estimate       S.E.  Est./S.E.    P-Value

 F        BY
    Y1               999.000      0.000    999.000    999.000
    Y2                 0.668      0.029     22.791      0.000
    Y3                 0.657      0.030     22.126      0.000
    Y4                 0.682      0.030     22.731      0.000
    Y5                 0.661      0.030     22.361      0.000
    Y6                 0.315      0.018     17.972      0.000
    Y7                 0.316      0.019     16.969      0.000
    Y8                 0.273      0.017     15.597      0.000
    Y9                 0.665      0.029     22.938      0.000
    Y10                0.706      0.030     23.548      0.000

 Y1       ON
    X1                 0.018      0.021      0.884      0.377
    X2                -0.047      0.041     -1.121      0.262

 Means
    F                  0.000      0.000    999.000    999.000

 Intercepts
    Y1                 1.861      0.040     46.348      0.000
    Y2                 1.814      0.036     50.727      0.000
    Y3                 3.096      0.036     86.348      0.000
    Y4                 3.094      0.037     84.575      0.000
    Y5                 3.080      0.036     85.982      0.000
    Y6                 1.196      0.020     60.165      0.000
    Y7                 1.182      0.021     56.754      0.000
    Y8                 1.162      0.019     60.613      0.000
    Y9                 1.848      0.035     52.107      0.000
    Y10                1.830      0.037     49.438      0.000

 Variances
    F                  1.000      0.000    999.000    999.000

 Residual Variances
    Y1                 0.184      0.013     13.820      0.000
    Y2                 0.193      0.014     13.834      0.000
    Y3                 0.211      0.015     14.026      0.000
    Y4                 0.204      0.015     13.837      0.000
    Y5                 0.205      0.015     13.946      0.000
    Y6                 0.098      0.007     14.914      0.000
    Y7                 0.117      0.008     15.048      0.000
    Y8                 0.109      0.007     15.200      0.000
    Y9                 0.187      0.014     13.779      0.000
    Y10                0.187      0.014     13.496      0.000

New/Additional Parameters
    L1_0               0.630      0.038     16.708      0.000
    L1_1               0.010      0.020      0.497      0.619
    L1_2               0.048      0.043      1.113      0.266


QUALITY OF NUMERICAL RESULTS

     Condition Number for the Information Matrix              0.427E-04
       (ratio of smallest to largest eigenvalue)


     Beginning Time:  22:14:43
        Ending Time:  22:14:45
       Elapsed Time:  00:00:02



MUTHEN & MUTHEN
3463 Stoner Ave.
Los Angeles, CA  90066

Tel: (310) 391-9971
Fax: (310) 391-8971
Web: www.StatModel.com
Support: Support@StatModel.com

Copyright (c) 1998-2019 Muthen & Muthen
