Mplus VERSION 8.3
MUTHEN & MUTHEN
04/24/2024  11:02 PM

INPUT INSTRUCTIONS


  TITLE: Test with 10 reps

  DATA:
  File is
  G3_B1_N2_rep397.csv;

  VARIABLE:
      Names are x1 x2 eta
  	y1 y2 y3 y4 y5 y6 y7 y8 y9 y10;
      Usevariables are y1-y10 x1 x2;
      constraint = x1 x2;

  MODEL:
      f BY y1* (l1);
      f BY y2* (l2);
      f BY y3* (l3);
      f BY y4* (l4);
      f BY y5* (l5);
      f BY y6* (l6);
      f BY y7* (l7);
      f BY y8* (l8);
      f BY y9* (l9);
      f BY y10* (l10);

  y9 ON x1 x2;
  f@1;
  [f@0];

  MODEL CONSTRAINT:
      new (l9_0 l9_1 l9_2);
      l9 = l9_0 + l9_1*x1 + l9_2*x2;




INPUT READING TERMINATED NORMALLY



Test with 10 reps

SUMMARY OF ANALYSIS

Number of groups                                                 1
Number of observations                                         500

Number of dependent variables                                   10
Number of independent variables                                  2
Number of continuous latent variables                            1

Observed dependent variables

  Continuous
   Y1          Y2          Y3          Y4          Y5          Y6
   Y7          Y8          Y9          Y10

Observed independent variables
   X1          X2

Continuous latent variables
   F


Estimator                                                       ML
Information matrix                                        OBSERVED
Maximum number of iterations                                  1000
Convergence criterion                                    0.500D-04
Maximum number of steepest descent iterations                   20

Input data file(s)
  G3_B1_N2_rep397.csv

Input data format  FREE



UNIVARIATE SAMPLE STATISTICS


     UNIVARIATE HIGHER-ORDER MOMENT DESCRIPTIVE STATISTICS

         Variable/         Mean/     Skewness/   Minimum/ % with                Percentiles
        Sample Size      Variance    Kurtosis    Maximum  Min/Max      20%/60%    40%/80%    Median

     Y1                    1.808       0.968       1.000   37.80%       1.000      2.000      2.000
             500.000       0.619       1.111       5.000    0.40%       2.000      2.000
     Y2                    1.870       0.882       1.000   34.80%       1.000      2.000      2.000
             500.000       0.649       0.930       5.000    0.60%       2.000      2.000
     Y3                    3.044       0.120       1.000    2.00%       2.000      3.000      3.000
             500.000       0.662       0.059       5.000    3.80%       3.000      4.000
     Y4                    3.066       0.109       1.000    2.00%       2.000      3.000      3.000
             500.000       0.686      -0.023       5.000    4.20%       3.000      4.000
     Y5                    3.042       0.127       1.000    1.00%       2.000      3.000      3.000
             500.000       0.612      -0.254       5.000    2.60%       3.000      4.000
     Y6                    1.172       2.877       1.000   85.00%       1.000      1.000      1.000
             500.000       0.194       9.566       4.000    0.40%       1.000      1.000
     Y7                    1.198       2.719       1.000   82.80%       1.000      1.000      1.000
             500.000       0.223       8.717       4.000    0.60%       1.000      1.000
     Y8                    1.196       3.104       1.000   83.00%       1.000      1.000      1.000
             500.000       0.230      13.276       5.000    0.20%       1.000      1.000
     Y9                    1.808       0.881       1.000   38.00%       1.000      2.000      2.000
             500.000       0.607       0.875       5.000    0.40%       2.000      2.000
     Y10                   1.820       0.906       1.000   37.80%       1.000      2.000      2.000
             500.000       0.632       0.860       5.000    0.40%       2.000      2.000
     X1                   -0.089       0.066      -3.113    0.20%      -0.964     -0.323     -0.077
             500.000       0.935      -0.095       3.027    0.20%       0.121      0.781
     X2                    0.548      -0.193       0.000   45.20%       0.000      0.000      1.000
             500.000       0.248      -1.963       1.000   54.80%       1.000      1.000


THE MODEL ESTIMATION TERMINATED NORMALLY



MODEL FIT INFORMATION

Number of Free Parameters                       34

Loglikelihood

          H0 Value                       -3286.575

Information Criteria

          Akaike (AIC)                    6641.149
          Bayesian (BIC)                  6784.446
          Sample-Size Adjusted BIC        6676.528
            (n* = (n + 2) / 24)



MODEL RESULTS

                                                    Two-Tailed
                    Estimate       S.E.  Est./S.E.    P-Value

 F        BY
    Y1                 0.672      0.028     23.612      0.000
    Y2                 0.677      0.029     23.042      0.000
    Y3                 0.685      0.030     23.101      0.000
    Y4                 0.680      0.031     22.218      0.000
    Y5                 0.633      0.029     21.702      0.000
    Y6                 0.298      0.018     16.847      0.000
    Y7                 0.337      0.019     18.144      0.000
    Y8                 0.333      0.019     17.492      0.000
    Y9               999.000      0.000    999.000    999.000
    Y10                0.683      0.029     23.878      0.000

 Y9       ON
    X1                 0.037      0.021      1.765      0.078
    X2                -0.080      0.041     -1.965      0.049

 Means
    F                  0.000      0.000    999.000    999.000

 Intercepts
    Y1                 1.808      0.035     51.380      0.000
    Y2                 1.870      0.036     51.901      0.000
    Y3                 3.044      0.036     83.653      0.000
    Y4                 3.066      0.037     82.796      0.000
    Y5                 3.042      0.035     86.933      0.000
    Y6                 1.172      0.020     59.436      0.000
    Y7                 1.198      0.021     56.753      0.000
    Y8                 1.196      0.021     55.814      0.000
    Y9                 1.852      0.042     44.252      0.000
    Y10                1.820      0.036     51.208      0.000

 Variances
    F                  1.000      0.000    999.000    999.000

 Residual Variances
    Y1                 0.168      0.012     13.606      0.000
    Y2                 0.191      0.014     13.838      0.000
    Y3                 0.193      0.014     13.764      0.000
    Y4                 0.223      0.016     14.085      0.000
    Y5                 0.212      0.015     14.230      0.000
    Y6                 0.106      0.007     15.098      0.000
    Y7                 0.109      0.007     14.919      0.000
    Y8                 0.119      0.008     15.012      0.000
    Y9                 0.180      0.013     13.883      0.000
    Y10                0.165      0.012     13.474      0.000

New/Additional Parameters
    L9_0               0.664      0.037     17.764      0.000
    L9_1               0.028      0.023      1.220      0.222
    L9_2              -0.029      0.042     -0.693      0.488


QUALITY OF NUMERICAL RESULTS

     Condition Number for the Information Matrix              0.482E-04
       (ratio of smallest to largest eigenvalue)


     Beginning Time:  23:02:22
        Ending Time:  23:02:23
       Elapsed Time:  00:00:01



MUTHEN & MUTHEN
3463 Stoner Ave.
Los Angeles, CA  90066

Tel: (310) 391-9971
Fax: (310) 391-8971
Web: www.StatModel.com
Support: Support@StatModel.com

Copyright (c) 1998-2019 Muthen & Muthen
