Mplus VERSION 8.3
MUTHEN & MUTHEN
04/24/2024  10:39 PM

INPUT INSTRUCTIONS


  TITLE: Test with 10 reps

  DATA:
  File is
  G3_B1_N2_rep322.csv;

  VARIABLE:
      Names are x1 x2 eta
  	y1 y2 y3 y4 y5 y6 y7 y8 y9 y10;
      Usevariables are y1-y10 x1 x2;
      constraint = x1 x2;

  MODEL:
      f BY y1* (l1);
      f BY y2* (l2);
      f BY y3* (l3);
      f BY y4* (l4);
      f BY y5* (l5);
      f BY y6* (l6);
      f BY y7* (l7);
      f BY y8* (l8);
      f BY y9* (l9);
      f BY y10* (l10);

  y8 ON x1 x2;
  f@1;
  [f@0];

  MODEL CONSTRAINT:
      new (l8_0 l8_1 l8_2);
      l8 = l8_0 + l8_1*x1 + l8_2*x2;




INPUT READING TERMINATED NORMALLY



Test with 10 reps

SUMMARY OF ANALYSIS

Number of groups                                                 1
Number of observations                                         500

Number of dependent variables                                   10
Number of independent variables                                  2
Number of continuous latent variables                            1

Observed dependent variables

  Continuous
   Y1          Y2          Y3          Y4          Y5          Y6
   Y7          Y8          Y9          Y10

Observed independent variables
   X1          X2

Continuous latent variables
   F


Estimator                                                       ML
Information matrix                                        OBSERVED
Maximum number of iterations                                  1000
Convergence criterion                                    0.500D-04
Maximum number of steepest descent iterations                   20

Input data file(s)
  G3_B1_N2_rep322.csv

Input data format  FREE



UNIVARIATE SAMPLE STATISTICS


     UNIVARIATE HIGHER-ORDER MOMENT DESCRIPTIVE STATISTICS

         Variable/         Mean/     Skewness/   Minimum/ % with                Percentiles
        Sample Size      Variance    Kurtosis    Maximum  Min/Max      20%/60%    40%/80%    Median

     Y1                    1.782       0.866       1.000   39.60%       1.000      2.000      2.000
             500.000       0.594       0.669       5.000    0.20%       2.000      2.000
     Y2                    1.786       1.021       1.000   39.40%       1.000      2.000      2.000
             500.000       0.612       1.531       5.000    0.80%       2.000      2.000
     Y3                    3.012       0.057       1.000    2.60%       2.000      3.000      3.000
             500.000       0.712      -0.179       5.000    3.40%       3.000      4.000
     Y4                    3.028      -0.052       1.000    2.80%       2.000      3.000      3.000
             500.000       0.691      -0.145       5.000    2.80%       3.000      4.000
     Y5                    3.090      -0.022       1.000    1.80%       2.000      3.000      3.000
             500.000       0.638      -0.064       5.000    3.00%       3.000      4.000
     Y6                    1.180       3.204       1.000   84.40%       1.000      1.000      1.000
             500.000       0.212      14.180       5.000    0.20%       1.000      1.000
     Y7                    1.186       3.165       1.000   85.20%       1.000      1.000      1.000
             500.000       0.247      11.306       4.000    1.00%       1.000      1.000
     Y8                    1.170       2.878       1.000   85.00%       1.000      1.000      1.000
             500.000       0.189       9.737       4.000    0.40%       1.000      1.000
     Y9                    1.776       1.074       1.000   39.80%       1.000      2.000      2.000
             500.000       0.606       1.874       5.000    1.00%       2.000      2.000
     Y10                   1.816       0.944       1.000   38.00%       1.000      2.000      2.000
             500.000       0.626       1.255       5.000    0.80%       2.000      2.000
     X1                   -0.012       0.113      -2.718    0.20%      -0.855     -0.249     -0.022
             500.000       0.976       0.024       3.143    0.20%       0.243      0.804
     X2                    0.524      -0.096       0.000   47.60%       0.000      0.000      1.000
             500.000       0.249      -1.991       1.000   52.40%       1.000      1.000


THE MODEL ESTIMATION TERMINATED NORMALLY



MODEL FIT INFORMATION

Number of Free Parameters                       34

Loglikelihood

          H0 Value                       -3345.210

Information Criteria

          Akaike (AIC)                    6758.421
          Bayesian (BIC)                  6901.717
          Sample-Size Adjusted BIC        6793.799
            (n* = (n + 2) / 24)



MODEL RESULTS

                                                    Two-Tailed
                    Estimate       S.E.  Est./S.E.    P-Value

 F        BY
    Y1                 0.641      0.028     22.606      0.000
    Y2                 0.660      0.029     23.128      0.000
    Y3                 0.682      0.031     21.667      0.000
    Y4                 0.684      0.031     22.264      0.000
    Y5                 0.647      0.030     21.721      0.000
    Y6                 0.323      0.018     17.740      0.000
    Y7                 0.332      0.020     16.594      0.000
    Y8               999.000      0.000    999.000    999.000
    Y9                 0.651      0.029     22.842      0.000
    Y10                0.689      0.028     24.364      0.000

 Y8       ON
    X1                -0.010      0.015     -0.657      0.511
    X2                -0.049      0.029     -1.688      0.091

 Means
    F                  0.000      0.000    999.000    999.000

 Intercepts
    Y1                 1.782      0.034     51.680      0.000
    Y2                 1.786      0.035     51.041      0.000
    Y3                 3.012      0.038     79.826      0.000
    Y4                 3.028      0.037     81.439      0.000
    Y5                 3.090      0.036     86.510      0.000
    Y6                 1.180      0.021     57.360      0.000
    Y7                 1.186      0.022     53.317      0.000
    Y8                 1.195      0.026     46.427      0.000
    Y9                 1.776      0.035     51.022      0.000
    Y10                1.816      0.035     51.317      0.000

 Variances
    F                  1.000      0.000    999.000    999.000

 Residual Variances
    Y1                 0.184      0.013     13.908      0.000
    Y2                 0.177      0.013     13.710      0.000
    Y3                 0.247      0.017     14.157      0.000
    Y4                 0.223      0.016     13.969      0.000
    Y5                 0.220      0.016     14.143      0.000
    Y6                 0.107      0.007     14.914      0.000
    Y7                 0.137      0.009     15.082      0.000
    Y8                 0.097      0.007     14.896      0.000
    Y9                 0.182      0.013     13.803      0.000
    Y10                0.152      0.012     13.125      0.000

New/Additional Parameters
    L8_0               0.337      0.026     13.081      0.000
    L8_1               0.036      0.015      2.329      0.020
    L8_2              -0.058      0.030     -1.924      0.054


QUALITY OF NUMERICAL RESULTS

     Condition Number for the Information Matrix              0.416E-04
       (ratio of smallest to largest eigenvalue)


     Beginning Time:  22:39:47
        Ending Time:  22:39:48
       Elapsed Time:  00:00:01



MUTHEN & MUTHEN
3463 Stoner Ave.
Los Angeles, CA  90066

Tel: (310) 391-9971
Fax: (310) 391-8971
Web: www.StatModel.com
Support: Support@StatModel.com

Copyright (c) 1998-2019 Muthen & Muthen
