Mplus VERSION 8.3
MUTHEN & MUTHEN
04/24/2024  10:40 PM

INPUT INSTRUCTIONS


  TITLE: Test with 10 reps

  DATA:
  File is
  G3_B1_N2_rep326.csv;

  VARIABLE:
      Names are x1 x2 eta
  	y1 y2 y3 y4 y5 y6 y7 y8 y9 y10;
      Usevariables are y1-y10 x1 x2;
      constraint = x1 x2;

  MODEL:
      f BY y1* (l1);
      f BY y2* (l2);
      f BY y3* (l3);
      f BY y4* (l4);
      f BY y5* (l5);
      f BY y6* (l6);
      f BY y7* (l7);
      f BY y8* (l8);
      f BY y9* (l9);
      f BY y10* (l10);

  y6 ON x1 x2;
  f@1;
  [f@0];

  MODEL CONSTRAINT:
      new (l6_0 l6_1 l6_2);
      l6 = l6_0 + l6_1*x1 + l6_2*x2;




INPUT READING TERMINATED NORMALLY



Test with 10 reps

SUMMARY OF ANALYSIS

Number of groups                                                 1
Number of observations                                         500

Number of dependent variables                                   10
Number of independent variables                                  2
Number of continuous latent variables                            1

Observed dependent variables

  Continuous
   Y1          Y2          Y3          Y4          Y5          Y6
   Y7          Y8          Y9          Y10

Observed independent variables
   X1          X2

Continuous latent variables
   F


Estimator                                                       ML
Information matrix                                        OBSERVED
Maximum number of iterations                                  1000
Convergence criterion                                    0.500D-04
Maximum number of steepest descent iterations                   20

Input data file(s)
  G3_B1_N2_rep326.csv

Input data format  FREE



UNIVARIATE SAMPLE STATISTICS


     UNIVARIATE HIGHER-ORDER MOMENT DESCRIPTIVE STATISTICS

         Variable/         Mean/     Skewness/   Minimum/ % with                Percentiles
        Sample Size      Variance    Kurtosis    Maximum  Min/Max      20%/60%    40%/80%    Median

     Y1                    1.770       0.848       1.000   38.00%       1.000      2.000      2.000
             500.000       0.533       0.961       5.000    0.20%       2.000      2.000
     Y2                    1.778       1.011       1.000   40.00%       1.000      1.000      2.000
             500.000       0.613       1.339       5.000    0.60%       2.000      2.000
     Y3                    3.060       0.029       1.000    1.40%       2.000      3.000      3.000
             500.000       0.592      -0.048       5.000    2.40%       3.000      4.000
     Y4                    3.030       0.117       1.000    1.40%       2.000      3.000      3.000
             500.000       0.625      -0.134       5.000    2.80%       3.000      4.000
     Y5                    3.040      -0.068       1.000    1.60%       2.000      3.000      3.000
             500.000       0.586      -0.176       5.000    1.60%       3.000      4.000
     Y6                    1.148       4.339       1.000   88.40%       1.000      1.000      1.000
             500.000       0.222      24.115       5.000    0.40%       1.000      1.000
     Y7                    1.136       3.065       1.000   87.60%       1.000      1.000      1.000
             500.000       0.146      10.932       4.000    0.20%       1.000      1.000
     Y8                    1.168       3.181       1.000   84.80%       1.000      1.000      1.000
             500.000       0.184      15.110       5.000    0.20%       1.000      1.000
     Y9                    1.774       0.949       1.000   39.40%       1.000      2.000      2.000
             500.000       0.579       1.332       5.000    0.60%       2.000      2.000
     Y10                   1.760       1.093       1.000   42.20%       1.000      1.000      2.000
             500.000       0.638       1.532       5.000    0.80%       2.000      2.000
     X1                   -0.075      -0.062      -3.187    0.20%      -0.971     -0.370     -0.092
             500.000       1.136      -0.185       2.671    0.20%       0.225      0.842
     X2                    0.484       0.064       0.000   51.60%       0.000      0.000      0.000
             500.000       0.250      -1.996       1.000   48.40%       1.000      1.000


THE MODEL ESTIMATION TERMINATED NORMALLY



MODEL FIT INFORMATION

Number of Free Parameters                       34

Loglikelihood

          H0 Value                       -3130.085

Information Criteria

          Akaike (AIC)                    6328.169
          Bayesian (BIC)                  6471.466
          Sample-Size Adjusted BIC        6363.548
            (n* = (n + 2) / 24)



MODEL RESULTS

                                                    Two-Tailed
                    Estimate       S.E.  Est./S.E.    P-Value

 F        BY
    Y1                 0.603      0.027     22.383      0.000
    Y2                 0.643      0.029     22.227      0.000
    Y3                 0.625      0.029     21.815      0.000
    Y4                 0.645      0.029     21.935      0.000
    Y5                 0.610      0.029     21.201      0.000
    Y6               999.000      0.000    999.000    999.000
    Y7                 0.258      0.015     16.869      0.000
    Y8                 0.299      0.017     17.524      0.000
    Y9                 0.657      0.027     24.010      0.000
    Y10                0.691      0.029     24.082      0.000

 Y6       ON
    X1                -0.006      0.015     -0.399      0.690
    X2                -0.052      0.033     -1.584      0.113

 Means
    F                  0.000      0.000    999.000    999.000

 Intercepts
    Y1                 1.770      0.033     54.207      0.000
    Y2                 1.778      0.035     50.791      0.000
    Y3                 3.060      0.034     88.899      0.000
    Y4                 3.030      0.035     85.694      0.000
    Y5                 3.040      0.034     88.769      0.000
    Y6                 1.170      0.027     42.577      0.000
    Y7                 1.136      0.017     66.593      0.000
    Y8                 1.168      0.019     60.923      0.000
    Y9                 1.774      0.034     52.135      0.000
    Y10                1.760      0.036     49.255      0.000

 Variances
    F                  1.000      0.000    999.000    999.000

 Residual Variances
    Y1                 0.170      0.012     13.950      0.000
    Y2                 0.199      0.014     13.995      0.000
    Y3                 0.201      0.014     14.051      0.000
    Y4                 0.210      0.015     14.025      0.000
    Y5                 0.214      0.015     14.250      0.000
    Y6                 0.124      0.008     14.940      0.000
    Y7                 0.079      0.005     15.000      0.000
    Y8                 0.095      0.006     14.931      0.000
    Y9                 0.148      0.011     13.267      0.000
    Y10                0.161      0.012     13.220      0.000

New/Additional Parameters
    L6_0               0.349      0.028     12.423      0.000
    L6_1               0.049      0.014      3.404      0.001
    L6_2              -0.070      0.034     -2.044      0.041


QUALITY OF NUMERICAL RESULTS

     Condition Number for the Information Matrix              0.270E-04
       (ratio of smallest to largest eigenvalue)


     Beginning Time:  22:40:50
        Ending Time:  22:40:51
       Elapsed Time:  00:00:01



MUTHEN & MUTHEN
3463 Stoner Ave.
Los Angeles, CA  90066

Tel: (310) 391-9971
Fax: (310) 391-8971
Web: www.StatModel.com
Support: Support@StatModel.com

Copyright (c) 1998-2019 Muthen & Muthen
