Mplus VERSION 8.3
MUTHEN & MUTHEN
04/24/2024  11:23 PM

INPUT INSTRUCTIONS


  TITLE: Test with 10 reps

  DATA:
  File is
  G3_B1_N2_rep465.csv;

  VARIABLE:
      Names are x1 x2 eta
  	y1 y2 y3 y4 y5 y6 y7 y8 y9 y10;
      Usevariables are y1-y10 x1 x2;
      constraint = x1 x2;

  MODEL:
      f BY y1* (l1);
      f BY y2* (l2);
      f BY y3* (l3);
      f BY y4* (l4);
      f BY y5* (l5);
      f BY y6* (l6);
      f BY y7* (l7);
      f BY y8* (l8);
      f BY y9* (l9);
      f BY y10* (l10);

  y6 ON x1 x2;
  f@1;
  [f@0];

  MODEL CONSTRAINT:
      new (l6_0 l6_1 l6_2);
      l6 = l6_0 + l6_1*x1 + l6_2*x2;




INPUT READING TERMINATED NORMALLY



Test with 10 reps

SUMMARY OF ANALYSIS

Number of groups                                                 1
Number of observations                                         500

Number of dependent variables                                   10
Number of independent variables                                  2
Number of continuous latent variables                            1

Observed dependent variables

  Continuous
   Y1          Y2          Y3          Y4          Y5          Y6
   Y7          Y8          Y9          Y10

Observed independent variables
   X1          X2

Continuous latent variables
   F


Estimator                                                       ML
Information matrix                                        OBSERVED
Maximum number of iterations                                  1000
Convergence criterion                                    0.500D-04
Maximum number of steepest descent iterations                   20

Input data file(s)
  G3_B1_N2_rep465.csv

Input data format  FREE



UNIVARIATE SAMPLE STATISTICS


     UNIVARIATE HIGHER-ORDER MOMENT DESCRIPTIVE STATISTICS

         Variable/         Mean/     Skewness/   Minimum/ % with                Percentiles
        Sample Size      Variance    Kurtosis    Maximum  Min/Max      20%/60%    40%/80%    Median

     Y1                    1.804       0.825       1.000   36.40%       1.000      2.000      2.000
             500.000       0.558       0.832       5.000    0.20%       2.000      2.000
     Y2                    1.758       0.719       1.000   39.20%       1.000      2.000      2.000
             500.000       0.523       0.278       4.000    2.00%       2.000      2.000
     Y3                    3.070       0.125       1.000    1.40%       2.000      3.000      3.000
             500.000       0.649      -0.112       5.000    3.60%       3.000      4.000
     Y4                    3.058      -0.020       1.000    1.80%       2.000      3.000      3.000
             500.000       0.591       0.119       5.000    2.40%       3.000      4.000
     Y5                    3.038       0.072       1.000    2.40%       2.000      3.000      3.000
             500.000       0.641       0.292       5.000    3.60%       3.000      4.000
     Y6                    1.152       3.170       1.000   86.80%       1.000      1.000      1.000
             500.000       0.177      11.814       4.000    0.40%       1.000      1.000
     Y7                    1.164       2.998       1.000   85.80%       1.000      1.000      1.000
             500.000       0.189      10.395       4.000    0.40%       1.000      1.000
     Y8                    1.166       2.790       1.000   85.60%       1.000      1.000      1.000
             500.000       0.186       8.314       4.000    0.20%       1.000      1.000
     Y9                    1.810       1.192       1.000   38.00%       1.000      2.000      2.000
             500.000       0.658       2.105       5.000    1.20%       2.000      2.000
     Y10                   1.786       1.032       1.000   38.00%       1.000      2.000      2.000
             500.000       0.580       1.821       5.000    0.80%       2.000      2.000
     X1                    0.022      -0.039      -3.368    0.20%      -0.759     -0.207      0.040
             500.000       0.983       0.040       2.963    0.20%       0.279      0.881
     X2                    0.508      -0.032       0.000   49.20%       0.000      0.000      1.000
             500.000       0.250      -1.999       1.000   50.80%       1.000      1.000


THE MODEL ESTIMATION TERMINATED NORMALLY



MODEL FIT INFORMATION

Number of Free Parameters                       34

Loglikelihood

          H0 Value                       -3223.538

Information Criteria

          Akaike (AIC)                    6515.075
          Bayesian (BIC)                  6658.372
          Sample-Size Adjusted BIC        6550.454
            (n* = (n + 2) / 24)



MODEL RESULTS

                                                    Two-Tailed
                    Estimate       S.E.  Est./S.E.    P-Value

 F        BY
    Y1                 0.617      0.028     22.345      0.000
    Y2                 0.586      0.027     21.721      0.000
    Y3                 0.658      0.030     21.973      0.000
    Y4                 0.597      0.029     20.378      0.000
    Y5                 0.646      0.030     21.585      0.000
    Y6               999.000      0.000    999.000    999.000
    Y7                 0.294      0.017     16.792      0.000
    Y8                 0.310      0.017     18.233      0.000
    Y9                 0.673      0.030     22.530      0.000
    Y10                0.643      0.028     23.120      0.000

 Y6       ON
    X1                -0.007      0.014     -0.495      0.621
    X2                -0.015      0.028     -0.520      0.603

 Means
    F                  0.000      0.000    999.000    999.000

 Intercepts
    Y1                 1.804      0.033     54.021      0.000
    Y2                 1.758      0.032     54.334      0.000
    Y3                 3.070      0.036     85.205      0.000
    Y4                 3.058      0.034     88.974      0.000
    Y5                 3.038      0.036     84.878      0.000
    Y6                 1.155      0.023     49.452      0.000
    Y7                 1.164      0.019     59.853      0.000
    Y8                 1.166      0.019     60.382      0.000
    Y9                 1.810      0.036     49.898      0.000
    Y10                1.786      0.034     52.429      0.000

 Variances
    F                  1.000      0.000    999.000    999.000

 Residual Variances
    Y1                 0.177      0.013     13.782      0.000
    Y2                 0.180      0.013     14.010      0.000
    Y3                 0.216      0.016     13.858      0.000
    Y4                 0.234      0.016     14.338      0.000
    Y5                 0.223      0.016     14.004      0.000
    Y6                 0.092      0.006     14.873      0.000
    Y7                 0.103      0.007     14.990      0.000
    Y8                 0.090      0.006     14.744      0.000
    Y9                 0.205      0.015     13.706      0.000
    Y10                0.167      0.012     13.480      0.000

New/Additional Parameters
    L6_0               0.270      0.023     11.653      0.000
    L6_1               0.026      0.014      1.843      0.065
    L6_2               0.033      0.029      1.130      0.259


QUALITY OF NUMERICAL RESULTS

     Condition Number for the Information Matrix              0.359E-04
       (ratio of smallest to largest eigenvalue)


     Beginning Time:  23:23:19
        Ending Time:  23:23:20
       Elapsed Time:  00:00:01



MUTHEN & MUTHEN
3463 Stoner Ave.
Los Angeles, CA  90066

Tel: (310) 391-9971
Fax: (310) 391-8971
Web: www.StatModel.com
Support: Support@StatModel.com

Copyright (c) 1998-2019 Muthen & Muthen
