Mplus VERSION 8.3
MUTHEN & MUTHEN
04/24/2024  11:28 PM

INPUT INSTRUCTIONS


  TITLE: Test with 10 reps

  DATA:
  File is
  G3_B1_N2_rep481.csv;

  VARIABLE:
      Names are x1 x2 eta
  	y1 y2 y3 y4 y5 y6 y7 y8 y9 y10;
      Usevariables are y1-y10 x1 x2;
      constraint = x1 x2;

  MODEL:
      f BY y1* (l1);
      f BY y2* (l2);
      f BY y3* (l3);
      f BY y4* (l4);
      f BY y5* (l5);
      f BY y6* (l6);
      f BY y7* (l7);
      f BY y8* (l8);
      f BY y9* (l9);
      f BY y10* (l10);

  y3 ON x1 x2;
  f@1;
  [f@0];

  MODEL CONSTRAINT:
      new (l3_0 l3_1 l3_2);
      l3 = l3_0 + l3_1*x1 + l3_2*x2;




INPUT READING TERMINATED NORMALLY



Test with 10 reps

SUMMARY OF ANALYSIS

Number of groups                                                 1
Number of observations                                         500

Number of dependent variables                                   10
Number of independent variables                                  2
Number of continuous latent variables                            1

Observed dependent variables

  Continuous
   Y1          Y2          Y3          Y4          Y5          Y6
   Y7          Y8          Y9          Y10

Observed independent variables
   X1          X2

Continuous latent variables
   F


Estimator                                                       ML
Information matrix                                        OBSERVED
Maximum number of iterations                                  1000
Convergence criterion                                    0.500D-04
Maximum number of steepest descent iterations                   20

Input data file(s)
  G3_B1_N2_rep481.csv

Input data format  FREE



UNIVARIATE SAMPLE STATISTICS


     UNIVARIATE HIGHER-ORDER MOMENT DESCRIPTIVE STATISTICS

         Variable/         Mean/     Skewness/   Minimum/ % with                Percentiles
        Sample Size      Variance    Kurtosis    Maximum  Min/Max      20%/60%    40%/80%    Median

     Y1                    1.854       0.895       1.000   36.00%       1.000      2.000      2.000
             500.000       0.645       1.075       5.000    0.80%       2.000      2.000
     Y2                    1.828       0.977       1.000   37.20%       1.000      2.000      2.000
             500.000       0.638       1.320       5.000    0.80%       2.000      2.000
     Y3                    3.110       0.136       1.000    1.00%       3.000      3.000      3.000
             500.000       0.558       0.240       5.000    3.20%       3.000      4.000
     Y4                    3.092       0.016       1.000    2.00%       2.000      3.000      3.000
             500.000       0.648       0.081       5.000    3.60%       3.000      4.000
     Y5                    3.100       0.049       1.000    1.00%       3.000      3.000      3.000
             500.000       0.578      -0.077       5.000    2.60%       3.000      4.000
     Y6                    1.202       2.948       1.000   83.40%       1.000      1.000      1.000
             500.000       0.249      10.962       5.000    0.20%       1.000      1.000
     Y7                    1.152       3.104       1.000   86.40%       1.000      1.000      1.000
             500.000       0.169      11.760       4.000    0.40%       1.000      1.000
     Y8                    1.186       3.568       1.000   84.40%       1.000      1.000      1.000
             500.000       0.239      17.660       5.000    0.40%       1.000      1.000
     Y9                    1.814       1.017       1.000   35.40%       1.000      2.000      2.000
             500.000       0.571       1.916       5.000    0.80%       2.000      2.000
     Y10                   1.850       0.886       1.000   35.40%       1.000      2.000      2.000
             500.000       0.619       1.193       5.000    0.80%       2.000      2.000
     X1                    0.015       0.022      -3.152    0.20%      -0.813     -0.287     -0.059
             500.000       0.945      -0.146       2.978    0.20%       0.277      0.884
     X2                    0.480       0.080       0.000   52.00%       0.000      0.000      0.000
             500.000       0.250      -1.994       1.000   48.00%       1.000      1.000


THE MODEL ESTIMATION TERMINATED NORMALLY



MODEL FIT INFORMATION

Number of Free Parameters                       34

Loglikelihood

          H0 Value                       -3324.874

Information Criteria

          Akaike (AIC)                    6717.748
          Bayesian (BIC)                  6861.045
          Sample-Size Adjusted BIC        6753.127
            (n* = (n + 2) / 24)



MODEL RESULTS

                                                    Two-Tailed
                    Estimate       S.E.  Est./S.E.    P-Value

 F        BY
    Y1                 0.679      0.029     23.225      0.000
    Y2                 0.663      0.029     22.543      0.000
    Y3               999.000      0.000    999.000    999.000
    Y4                 0.642      0.030     21.239      0.000
    Y5                 0.605      0.029     21.105      0.000
    Y6                 0.363      0.020     18.554      0.000
    Y7                 0.288      0.016     17.648      0.000
    Y8                 0.348      0.019     17.989      0.000
    Y9                 0.620      0.028     22.138      0.000
    Y10                0.649      0.029     22.311      0.000

 Y3       ON
    X1                 0.018      0.022      0.848      0.396
    X2                -0.022      0.042     -0.529      0.597

 Means
    F                  0.000      0.000    999.000    999.000

 Intercepts
    Y1                 1.854      0.036     51.632      0.000
    Y2                 1.828      0.036     51.157      0.000
    Y3                 3.126      0.040     77.677      0.000
    Y4                 3.092      0.036     85.920      0.000
    Y5                 3.100      0.034     91.176      0.000
    Y6                 1.202      0.022     53.842      0.000
    Y7                 1.152      0.018     62.680      0.000
    Y8                 1.186      0.022     54.201      0.000
    Y9                 1.814      0.034     53.660      0.000
    Y10                1.850      0.035     52.558      0.000

 Variances
    F                  1.000      0.000    999.000    999.000

 Residual Variances
    Y1                 0.183      0.014     13.490      0.000
    Y2                 0.199      0.014     13.784      0.000
    Y3                 0.191      0.014     13.965      0.000
    Y4                 0.235      0.017     14.171      0.000
    Y5                 0.213      0.015     14.180      0.000
    Y6                 0.117      0.008     14.708      0.000
    Y7                 0.086      0.006     14.840      0.000
    Y8                 0.118      0.008     14.784      0.000
    Y9                 0.187      0.013     13.921      0.000
    Y10                0.198      0.014     13.864      0.000

New/Additional Parameters
    L3_0               0.644      0.036     17.768      0.000
    L3_1              -0.034      0.021     -1.606      0.108
    L3_2              -0.074      0.043     -1.733      0.083


QUALITY OF NUMERICAL RESULTS

     Condition Number for the Information Matrix              0.327E-04
       (ratio of smallest to largest eigenvalue)


     Beginning Time:  23:28:11
        Ending Time:  23:28:13
       Elapsed Time:  00:00:02



MUTHEN & MUTHEN
3463 Stoner Ave.
Los Angeles, CA  90066

Tel: (310) 391-9971
Fax: (310) 391-8971
Web: www.StatModel.com
Support: Support@StatModel.com

Copyright (c) 1998-2019 Muthen & Muthen
