Mplus VERSION 8.3
MUTHEN & MUTHEN
04/24/2024  11:15 PM

INPUT INSTRUCTIONS


  TITLE: Test with 10 reps

  DATA:
  File is
  G3_B1_N2_rep440.csv;

  VARIABLE:
      Names are x1 x2 eta
  	y1 y2 y3 y4 y5 y6 y7 y8 y9 y10;
      Usevariables are y1-y10 x1 x2;
      constraint = x1 x2;

  MODEL:
      f BY y1* (l1);
      f BY y2* (l2);
      f BY y3* (l3);
      f BY y4* (l4);
      f BY y5* (l5);
      f BY y6* (l6);
      f BY y7* (l7);
      f BY y8* (l8);
      f BY y9* (l9);
      f BY y10* (l10);

  y10 ON x1 x2;
  f@1;
  [f@0];

  MODEL CONSTRAINT:
      new (l10_0 l10_1 l10_2);
      l10 = l10_0 + l10_1*x1 + l10_2*x2;




INPUT READING TERMINATED NORMALLY



Test with 10 reps

SUMMARY OF ANALYSIS

Number of groups                                                 1
Number of observations                                         500

Number of dependent variables                                   10
Number of independent variables                                  2
Number of continuous latent variables                            1

Observed dependent variables

  Continuous
   Y1          Y2          Y3          Y4          Y5          Y6
   Y7          Y8          Y9          Y10

Observed independent variables
   X1          X2

Continuous latent variables
   F


Estimator                                                       ML
Information matrix                                        OBSERVED
Maximum number of iterations                                  1000
Convergence criterion                                    0.500D-04
Maximum number of steepest descent iterations                   20

Input data file(s)
  G3_B1_N2_rep440.csv

Input data format  FREE



UNIVARIATE SAMPLE STATISTICS


     UNIVARIATE HIGHER-ORDER MOMENT DESCRIPTIVE STATISTICS

         Variable/         Mean/     Skewness/   Minimum/ % with                Percentiles
        Sample Size      Variance    Kurtosis    Maximum  Min/Max      20%/60%    40%/80%    Median

     Y1                    1.824       0.830       1.000   36.80%       1.000      2.000      2.000
             500.000       0.601       0.786       5.000    0.40%       2.000      2.000
     Y2                    1.814       0.975       1.000   39.60%       1.000      2.000      2.000
             500.000       0.663       1.233       5.000    1.00%       2.000      2.000
     Y3                    3.046      -0.187       1.000    3.60%       2.000      3.000      3.000
             500.000       0.712      -0.100       5.000    2.60%       3.000      4.000
     Y4                    3.078       0.085       1.000    1.60%       2.000      3.000      3.000
             500.000       0.652      -0.073       5.000    3.60%       3.000      4.000
     Y5                    3.030      -0.121       1.000    3.20%       2.000      3.000      3.000
             500.000       0.665       0.089       5.000    2.60%       3.000      4.000
     Y6                    1.188       2.749       1.000   84.20%       1.000      1.000      1.000
             500.000       0.221       8.208       4.000    0.40%       1.000      1.000
     Y7                    1.160       3.390       1.000   86.40%       1.000      1.000      1.000
             500.000       0.194      15.510       5.000    0.20%       1.000      1.000
     Y8                    1.182       2.302       1.000   83.60%       1.000      1.000      1.000
             500.000       0.185       4.692       3.000    1.80%       1.000      1.000
     Y9                    1.820       1.079       1.000   36.20%       1.000      2.000      2.000
             500.000       0.612       1.961       5.000    1.00%       2.000      2.000
     Y10                   1.798       1.059       1.000   38.40%       1.000      2.000      2.000
             500.000       0.621       1.642       5.000    0.80%       2.000      2.000
     X1                    0.008       0.053      -3.256    0.20%      -0.810     -0.271     -0.001
             500.000       0.975       0.039       2.897    0.20%       0.245      0.796
     X2                    0.530      -0.120       0.000   47.00%       0.000      0.000      1.000
             500.000       0.249      -1.986       1.000   53.00%       1.000      1.000


THE MODEL ESTIMATION TERMINATED NORMALLY



MODEL FIT INFORMATION

Number of Free Parameters                       34

Loglikelihood

          H0 Value                       -3370.129

Information Criteria

          Akaike (AIC)                    6808.258
          Bayesian (BIC)                  6951.555
          Sample-Size Adjusted BIC        6843.637
            (n* = (n + 2) / 24)



MODEL RESULTS

                                                    Two-Tailed
                    Estimate       S.E.  Est./S.E.    P-Value

 F        BY
    Y1                 0.663      0.028     23.621      0.000
    Y2                 0.700      0.029     23.819      0.000
    Y3                 0.669      0.032     21.013      0.000
    Y4                 0.653      0.030     21.667      0.000
    Y5                 0.637      0.031     20.553      0.000
    Y6                 0.326      0.019     17.436      0.000
    Y7                 0.299      0.018     16.852      0.000
    Y8                 0.298      0.017     17.392      0.000
    Y9                 0.651      0.029     22.642      0.000
    Y10              999.000      0.000    999.000    999.000

 Y10      ON
    X1                -0.004      0.021     -0.174      0.862
    X2                -0.018      0.042     -0.428      0.668

 Means
    F                  0.000      0.000    999.000    999.000

 Intercepts
    Y1                 1.824      0.035     52.609      0.000
    Y2                 1.814      0.036     49.801      0.000
    Y3                 3.046      0.038     80.725      0.000
    Y4                 3.078      0.036     85.243      0.000
    Y5                 3.030      0.036     83.078      0.000
    Y6                 1.188      0.021     56.552      0.000
    Y7                 1.160      0.020     58.830      0.000
    Y8                 1.182      0.019     61.470      0.000
    Y9                 1.820      0.035     52.038      0.000
    Y10                1.805      0.042     43.223      0.000

 Variances
    F                  1.000      0.000    999.000    999.000

 Residual Variances
    Y1                 0.162      0.012     13.373      0.000
    Y2                 0.174      0.013     13.286      0.000
    Y3                 0.264      0.019     14.204      0.000
    Y4                 0.225      0.016     14.045      0.000
    Y5                 0.260      0.018     14.365      0.000
    Y6                 0.114      0.008     14.946      0.000
    Y7                 0.105      0.007     14.979      0.000
    Y8                 0.096      0.006     14.951      0.000
    Y9                 0.188      0.014     13.789      0.000
    Y10                0.189      0.014     13.775      0.000

New/Additional Parameters
    L10_0              0.660      0.038     17.595      0.000
    L10_1              0.035      0.023      1.572      0.116
    L10_2             -0.013      0.043     -0.299      0.765


QUALITY OF NUMERICAL RESULTS

     Condition Number for the Information Matrix              0.407E-04
       (ratio of smallest to largest eigenvalue)


     Beginning Time:  23:15:45
        Ending Time:  23:15:46
       Elapsed Time:  00:00:01



MUTHEN & MUTHEN
3463 Stoner Ave.
Los Angeles, CA  90066

Tel: (310) 391-9971
Fax: (310) 391-8971
Web: www.StatModel.com
Support: Support@StatModel.com

Copyright (c) 1998-2019 Muthen & Muthen
