Mplus VERSION 8.3
MUTHEN & MUTHEN
04/24/2024  11:19 PM

INPUT INSTRUCTIONS


  TITLE: Test with 10 reps

  DATA:
  File is
  G3_B1_N2_rep453.csv;

  VARIABLE:
      Names are x1 x2 eta
  	y1 y2 y3 y4 y5 y6 y7 y8 y9 y10;
      Usevariables are y1-y10 x1 x2;
      constraint = x1 x2;

  MODEL:
      f BY y1* (l1);
      f BY y2* (l2);
      f BY y3* (l3);
      f BY y4* (l4);
      f BY y5* (l5);
      f BY y6* (l6);
      f BY y7* (l7);
      f BY y8* (l8);
      f BY y9* (l9);
      f BY y10* (l10);

  y7 ON x1 x2;
  f@1;
  [f@0];

  MODEL CONSTRAINT:
      new (l7_0 l7_1 l7_2);
      l7 = l7_0 + l7_1*x1 + l7_2*x2;




INPUT READING TERMINATED NORMALLY



Test with 10 reps

SUMMARY OF ANALYSIS

Number of groups                                                 1
Number of observations                                         500

Number of dependent variables                                   10
Number of independent variables                                  2
Number of continuous latent variables                            1

Observed dependent variables

  Continuous
   Y1          Y2          Y3          Y4          Y5          Y6
   Y7          Y8          Y9          Y10

Observed independent variables
   X1          X2

Continuous latent variables
   F


Estimator                                                       ML
Information matrix                                        OBSERVED
Maximum number of iterations                                  1000
Convergence criterion                                    0.500D-04
Maximum number of steepest descent iterations                   20

Input data file(s)
  G3_B1_N2_rep453.csv

Input data format  FREE



UNIVARIATE SAMPLE STATISTICS


     UNIVARIATE HIGHER-ORDER MOMENT DESCRIPTIVE STATISTICS

         Variable/         Mean/     Skewness/   Minimum/ % with                Percentiles
        Sample Size      Variance    Kurtosis    Maximum  Min/Max      20%/60%    40%/80%    Median

     Y1                    1.858       0.783       1.000   35.00%       1.000      2.000      2.000
             500.000       0.610       0.806       5.000    0.60%       2.000      2.000
     Y2                    1.870       0.862       1.000   35.60%       1.000      2.000      2.000
             500.000       0.665       0.783       5.000    0.60%       2.000      2.000
     Y3                    3.126      -0.348       1.000    2.60%       3.000      3.000      3.000
             500.000       0.634      -0.061       5.000    1.60%       3.000      4.000
     Y4                    3.080      -0.167       1.000    2.20%       2.000      3.000      3.000
             500.000       0.622      -0.065       5.000    2.00%       3.000      4.000
     Y5                    3.128      -0.028       1.000    1.60%       2.000      3.000      3.000
             500.000       0.648      -0.121       5.000    3.40%       3.000      4.000
     Y6                    1.176       2.790       1.000   84.40%       1.000      1.000      1.000
             500.000       0.193       9.147       4.000    0.40%       1.000      1.000
     Y7                    1.208       1.810       1.000   80.20%       1.000      1.000      1.000
             500.000       0.185       2.233       3.000    1.00%       1.000      1.000
     Y8                    1.198       2.376       1.000   82.40%       1.000      1.000      1.000
             500.000       0.207       5.860       4.000    0.20%       1.000      1.000
     Y9                    1.864       0.847       1.000   35.40%       1.000      2.000      2.000
             500.000       0.650       0.690       5.000    0.40%       2.000      2.000
     Y10                   1.846       0.830       1.000   35.40%       1.000      2.000      2.000
             500.000       0.610       0.797       5.000    0.40%       2.000      2.000
     X1                    0.003       0.054      -3.112    0.20%      -0.834     -0.266     -0.007
             500.000       1.031      -0.062       3.009    0.20%       0.233      0.868
     X2                    0.492       0.032       0.000   50.80%       0.000      0.000      0.000
             500.000       0.250      -1.999       1.000   49.20%       1.000      1.000


THE MODEL ESTIMATION TERMINATED NORMALLY



MODEL FIT INFORMATION

Number of Free Parameters                       34

Loglikelihood

          H0 Value                       -3318.899

Information Criteria

          Akaike (AIC)                    6705.798
          Bayesian (BIC)                  6849.094
          Sample-Size Adjusted BIC        6741.176
            (n* = (n + 2) / 24)



MODEL RESULTS

                                                    Two-Tailed
                    Estimate       S.E.  Est./S.E.    P-Value

 F        BY
    Y1                 0.646      0.029     22.456      0.000
    Y2                 0.678      0.030     22.609      0.000
    Y3                 0.644      0.030     21.643      0.000
    Y4                 0.652      0.029     22.445      0.000
    Y5                 0.674      0.029     22.862      0.000
    Y6                 0.278      0.018     15.469      0.000
    Y7               999.000      0.000    999.000    999.000
    Y8                 0.299      0.018     16.234      0.000
    Y9                 0.678      0.029     23.027      0.000
    Y10                0.659      0.028     23.131      0.000

 Y7       ON
    X1                 0.012      0.014      0.850      0.395
    X2                -0.021      0.029     -0.714      0.475

 Means
    F                  0.000      0.000    999.000    999.000

 Intercepts
    Y1                 1.858      0.035     53.202      0.000
    Y2                 1.870      0.036     51.273      0.000
    Y3                 3.126      0.036     87.779      0.000
    Y4                 3.080      0.035     87.354      0.000
    Y5                 3.128      0.036     86.915      0.000
    Y6                 1.176      0.020     59.853      0.000
    Y7                 1.211      0.023     51.646      0.000
    Y8                 1.198      0.020     58.908      0.000
    Y9                 1.864      0.036     51.718      0.000
    Y10                1.846      0.035     52.839      0.000

 Variances
    F                  1.000      0.000    999.000    999.000

 Residual Variances
    Y1                 0.192      0.014     13.869      0.000
    Y2                 0.205      0.015     13.804      0.000
    Y3                 0.220      0.016     14.099      0.000
    Y4                 0.196      0.014     13.833      0.000
    Y5                 0.194      0.014     13.705      0.000
    Y6                 0.116      0.008     15.207      0.000
    Y7                 0.097      0.006     15.014      0.000
    Y8                 0.118      0.008     15.119      0.000
    Y9                 0.190      0.014     13.648      0.000
    Y10                0.176      0.013     13.613      0.000

New/Additional Parameters
    L7_0               0.274      0.023     12.085      0.000
    L7_1               0.035      0.015      2.402      0.016
    L7_2               0.025      0.030      0.829      0.407


QUALITY OF NUMERICAL RESULTS

     Condition Number for the Information Matrix              0.412E-04
       (ratio of smallest to largest eigenvalue)


     Beginning Time:  23:19:48
        Ending Time:  23:19:49
       Elapsed Time:  00:00:01



MUTHEN & MUTHEN
3463 Stoner Ave.
Los Angeles, CA  90066

Tel: (310) 391-9971
Fax: (310) 391-8971
Web: www.StatModel.com
Support: Support@StatModel.com

Copyright (c) 1998-2019 Muthen & Muthen
