Mplus VERSION 8.3
MUTHEN & MUTHEN
04/24/2024  11:36 PM

INPUT INSTRUCTIONS


  TITLE: Test with 10 reps

  DATA:
  File is
  G3_B1_N2_rep59.csv;

  VARIABLE:
      Names are x1 x2 eta
  	y1 y2 y3 y4 y5 y6 y7 y8 y9 y10;
      Usevariables are y1-y10 x1 x2;
      constraint = x1 x2;

  MODEL:
      f BY y1* (l1);
      f BY y2* (l2);
      f BY y3* (l3);
      f BY y4* (l4);
      f BY y5* (l5);
      f BY y6* (l6);
      f BY y7* (l7);
      f BY y8* (l8);
      f BY y9* (l9);
      f BY y10* (l10);

  y10 ON x1 x2;
  f@1;
  [f@0];

  MODEL CONSTRAINT:
      new (l10_0 l10_1 l10_2);
      l10 = l10_0 + l10_1*x1 + l10_2*x2;




INPUT READING TERMINATED NORMALLY



Test with 10 reps

SUMMARY OF ANALYSIS

Number of groups                                                 1
Number of observations                                         500

Number of dependent variables                                   10
Number of independent variables                                  2
Number of continuous latent variables                            1

Observed dependent variables

  Continuous
   Y1          Y2          Y3          Y4          Y5          Y6
   Y7          Y8          Y9          Y10

Observed independent variables
   X1          X2

Continuous latent variables
   F


Estimator                                                       ML
Information matrix                                        OBSERVED
Maximum number of iterations                                  1000
Convergence criterion                                    0.500D-04
Maximum number of steepest descent iterations                   20

Input data file(s)
  G3_B1_N2_rep59.csv

Input data format  FREE



UNIVARIATE SAMPLE STATISTICS


     UNIVARIATE HIGHER-ORDER MOMENT DESCRIPTIVE STATISTICS

         Variable/         Mean/     Skewness/   Minimum/ % with                Percentiles
        Sample Size      Variance    Kurtosis    Maximum  Min/Max      20%/60%    40%/80%    Median

     Y1                    1.806       0.827       1.000   37.60%       1.000      2.000      2.000
             500.000       0.584       0.817       5.000    0.40%       2.000      2.000
     Y2                    1.814       0.815       1.000   38.40%       1.000      2.000      2.000
             500.000       0.611       0.766       5.000    0.60%       2.000      2.000
     Y3                    3.058       0.067       1.000    2.40%       2.000      3.000      3.000
             500.000       0.719      -0.115       5.000    4.20%       3.000      4.000
     Y4                    3.076      -0.047       1.000    2.40%       2.000      3.000      3.000
             500.000       0.650       0.105       5.000    3.20%       3.000      4.000
     Y5                    3.042      -0.146       1.000    2.60%       2.000      3.000      3.000
             500.000       0.636      -0.046       5.000    2.00%       3.000      4.000
     Y6                    1.154       2.854       1.000   86.20%       1.000      1.000      1.000
             500.000       0.166       9.100       4.000    0.20%       1.000      1.000
     Y7                    1.166       2.967       1.000   85.60%       1.000      1.000      1.000
             500.000       0.190      10.180       4.000    0.40%       1.000      1.000
     Y8                    1.138       2.814       1.000   87.60%       1.000      1.000      1.000
             500.000       0.147       7.619       3.000    1.40%       1.000      1.000
     Y9                    1.788       0.976       1.000   38.80%       1.000      2.000      2.000
             500.000       0.603       1.177       5.000    0.40%       2.000      2.000
     Y10                   1.786       0.873       1.000   40.20%       1.000      1.000      2.000
             500.000       0.608       0.891       5.000    0.60%       2.000      2.000
     X1                   -0.067       0.049      -2.944    0.20%      -0.997     -0.336     -0.027
             500.000       1.040      -0.305       2.909    0.20%       0.218      0.817
     X2                    0.496       0.016       0.000   50.40%       0.000      0.000      0.000
             500.000       0.250      -2.000       1.000   49.60%       1.000      1.000


THE MODEL ESTIMATION TERMINATED NORMALLY



MODEL FIT INFORMATION

Number of Free Parameters                       34

Loglikelihood

          H0 Value                       -3242.419

Information Criteria

          Akaike (AIC)                    6552.838
          Bayesian (BIC)                  6696.135
          Sample-Size Adjusted BIC        6588.217
            (n* = (n + 2) / 24)



MODEL RESULTS

                                                    Two-Tailed
                    Estimate       S.E.  Est./S.E.    P-Value

 F        BY
    Y1                 0.648      0.028     23.278      0.000
    Y2                 0.658      0.029     23.012      0.000
    Y3                 0.673      0.032     21.035      0.000
    Y4                 0.646      0.030     21.326      0.000
    Y5                 0.622      0.030     20.486      0.000
    Y6                 0.273      0.016     16.577      0.000
    Y7                 0.308      0.017     17.778      0.000
    Y8                 0.249      0.016     16.004      0.000
    Y9                 0.648      0.029     22.746      0.000
    Y10              999.000      0.000    999.000    999.000

 Y10      ON
    X1                -0.002      0.020     -0.087      0.931
    X2                -0.037      0.041     -0.888      0.375

 Means
    F                  0.000      0.000    999.000    999.000

 Intercepts
    Y1                 1.806      0.034     52.828      0.000
    Y2                 1.814      0.035     51.875      0.000
    Y3                 3.058      0.038     80.662      0.000
    Y4                 3.076      0.036     85.298      0.000
    Y5                 3.042      0.036     85.278      0.000
    Y6                 1.154      0.018     63.280      0.000
    Y7                 1.166      0.020     59.745      0.000
    Y8                 1.138      0.017     66.379      0.000
    Y9                 1.788      0.035     51.484      0.000
    Y10                1.802      0.040     44.648      0.000

 Variances
    F                  1.000      0.000    999.000    999.000

 Residual Variances
    Y1                 0.165      0.012     13.450      0.000
    Y2                 0.179      0.013     13.565      0.000
    Y3                 0.266      0.019     14.163      0.000
    Y4                 0.233      0.017     14.073      0.000
    Y5                 0.249      0.017     14.300      0.000
    Y6                 0.092      0.006     14.989      0.000
    Y7                 0.096      0.006     14.791      0.000
    Y8                 0.085      0.006     15.096      0.000
    Y9                 0.183      0.013     13.671      0.000
    Y10                0.180      0.013     13.569      0.000

New/Additional Parameters
    L10_0              0.647      0.037     17.668      0.000
    L10_1              0.005      0.021      0.226      0.821
    L10_2              0.017      0.042      0.405      0.686


QUALITY OF NUMERICAL RESULTS

     Condition Number for the Information Matrix              0.311E-04
       (ratio of smallest to largest eigenvalue)


     Beginning Time:  23:36:49
        Ending Time:  23:36:50
       Elapsed Time:  00:00:01



MUTHEN & MUTHEN
3463 Stoner Ave.
Los Angeles, CA  90066

Tel: (310) 391-9971
Fax: (310) 391-8971
Web: www.StatModel.com
Support: Support@StatModel.com

Copyright (c) 1998-2019 Muthen & Muthen
