Mplus VERSION 8.3
MUTHEN & MUTHEN
04/24/2024  11:40 PM

INPUT INSTRUCTIONS


  TITLE: Test with 10 reps

  DATA:
  File is
  G3_B1_N2_rep69.csv;

  VARIABLE:
      Names are x1 x2 eta
  	y1 y2 y3 y4 y5 y6 y7 y8 y9 y10;
      Usevariables are y1-y10 x1 x2;
      constraint = x1 x2;

  MODEL:
      f BY y1* (l1);
      f BY y2* (l2);
      f BY y3* (l3);
      f BY y4* (l4);
      f BY y5* (l5);
      f BY y6* (l6);
      f BY y7* (l7);
      f BY y8* (l8);
      f BY y9* (l9);
      f BY y10* (l10);

  y5 ON x1 x2;
  f@1;
  [f@0];

  MODEL CONSTRAINT:
      new (l5_0 l5_1 l5_2);
      l5 = l5_0 + l5_1*x1 + l5_2*x2;




INPUT READING TERMINATED NORMALLY



Test with 10 reps

SUMMARY OF ANALYSIS

Number of groups                                                 1
Number of observations                                         500

Number of dependent variables                                   10
Number of independent variables                                  2
Number of continuous latent variables                            1

Observed dependent variables

  Continuous
   Y1          Y2          Y3          Y4          Y5          Y6
   Y7          Y8          Y9          Y10

Observed independent variables
   X1          X2

Continuous latent variables
   F


Estimator                                                       ML
Information matrix                                        OBSERVED
Maximum number of iterations                                  1000
Convergence criterion                                    0.500D-04
Maximum number of steepest descent iterations                   20

Input data file(s)
  G3_B1_N2_rep69.csv

Input data format  FREE



UNIVARIATE SAMPLE STATISTICS


     UNIVARIATE HIGHER-ORDER MOMENT DESCRIPTIVE STATISTICS

         Variable/         Mean/     Skewness/   Minimum/ % with                Percentiles
        Sample Size      Variance    Kurtosis    Maximum  Min/Max      20%/60%    40%/80%    Median

     Y1                    1.844       0.566       1.000   32.60%       1.000      2.000      2.000
             500.000       0.512       0.170       4.000    2.00%       2.000      2.000
     Y2                    1.812       0.838       1.000   34.60%       1.000      2.000      2.000
             500.000       0.525       1.501       5.000    0.60%       2.000      2.000
     Y3                    3.118      -0.260       1.000    2.00%       3.000      3.000      3.000
             500.000       0.612      -0.156       5.000    1.60%       3.000      4.000
     Y4                    3.124       0.070       1.000    1.00%       3.000      3.000      3.000
             500.000       0.597      -0.065       5.000    3.20%       3.000      4.000
     Y5                    3.094      -0.107       1.000    2.00%       2.000      3.000      3.000
             500.000       0.661      -0.236       5.000    2.60%       3.000      4.000
     Y6                    1.176       2.485       1.000   83.80%       1.000      1.000      1.000
             500.000       0.177       6.823       4.000    0.20%       1.000      1.000
     Y7                    1.184       2.709       1.000   83.80%       1.000      1.000      1.000
             500.000       0.202       8.468       4.000    0.40%       1.000      1.000
     Y8                    1.162       2.053       1.000   84.20%       1.000      1.000      1.000
             500.000       0.144       2.912       3.000    0.40%       1.000      1.000
     Y9                    1.818       0.706       1.000   34.20%       1.000      2.000      2.000
             500.000       0.517       0.732       5.000    0.20%       2.000      2.000
     Y10                   1.804       0.637       1.000   34.80%       1.000      2.000      2.000
             500.000       0.502       0.341       4.000    2.00%       2.000      2.000
     X1                    0.013      -0.117      -3.035    0.20%      -0.839     -0.230      0.067
             500.000       1.005       0.082       3.086    0.20%       0.290      0.814
     X2                    0.516      -0.064       0.000   48.40%       0.000      0.000      1.000
             500.000       0.250      -1.996       1.000   51.60%       1.000      1.000


THE MODEL ESTIMATION TERMINATED NORMALLY



MODEL FIT INFORMATION

Number of Free Parameters                       34

Loglikelihood

          H0 Value                       -3071.824

Information Criteria

          Akaike (AIC)                    6211.649
          Bayesian (BIC)                  6354.945
          Sample-Size Adjusted BIC        6247.027
            (n* = (n + 2) / 24)



MODEL RESULTS

                                                    Two-Tailed
                    Estimate       S.E.  Est./S.E.    P-Value

 F        BY
    Y1                 0.604      0.026     23.139      0.000
    Y2                 0.597      0.027     22.314      0.000
    Y3                 0.620      0.030     20.999      0.000
    Y4                 0.638      0.029     22.352      0.000
    Y5               999.000      0.000    999.000    999.000
    Y6                 0.270      0.017     15.763      0.000
    Y7                 0.292      0.018     15.992      0.000
    Y8                 0.241      0.016     15.523      0.000
    Y9                 0.586      0.027     21.902      0.000
    Y10                0.601      0.026     23.331      0.000

 Y5       ON
    X1                 0.020      0.022      0.904      0.366
    X2                 0.061      0.044      1.402      0.161

 Means
    F                  0.000      0.000    999.000    999.000

 Intercepts
    Y1                 1.844      0.032     57.644      0.000
    Y2                 1.812      0.032     55.938      0.000
    Y3                 3.118      0.035     89.116      0.000
    Y4                 3.124      0.035     90.437      0.000
    Y5                 3.063      0.043     71.466      0.000
    Y6                 1.176      0.019     62.500      0.000
    Y7                 1.184      0.020     58.885      0.000
    Y8                 1.162      0.017     68.530      0.000
    Y9                 1.818      0.032     56.544      0.000
    Y10                1.804      0.032     56.957      0.000

 Variances
    F                  1.000      0.000    999.000    999.000

 Residual Variances
    Y1                 0.147      0.011     13.511      0.000
    Y2                 0.168      0.012     13.827      0.000
    Y3                 0.228      0.016     14.204      0.000
    Y4                 0.190      0.014     13.786      0.000
    Y5                 0.208      0.015     13.734      0.000
    Y6                 0.104      0.007     15.135      0.000
    Y7                 0.117      0.008     15.096      0.000
    Y8                 0.086      0.006     15.167      0.000
    Y9                 0.174      0.012     13.984      0.000
    Y10                0.140      0.010     13.410      0.000

New/Additional Parameters
    L5_0               0.676      0.039     17.401      0.000
    L5_1              -0.028      0.023     -1.196      0.232
    L5_2              -0.008      0.045     -0.186      0.852


QUALITY OF NUMERICAL RESULTS

     Condition Number for the Information Matrix              0.317E-04
       (ratio of smallest to largest eigenvalue)


     Beginning Time:  23:40:08
        Ending Time:  23:40:09
       Elapsed Time:  00:00:01



MUTHEN & MUTHEN
3463 Stoner Ave.
Los Angeles, CA  90066

Tel: (310) 391-9971
Fax: (310) 391-8971
Web: www.StatModel.com
Support: Support@StatModel.com

Copyright (c) 1998-2019 Muthen & Muthen
