Mplus VERSION 8.3
MUTHEN & MUTHEN
04/24/2024  11:44 PM

INPUT INSTRUCTIONS


  TITLE: Test with 10 reps

  DATA:
  File is
  G3_B1_N2_rep82.csv;

  VARIABLE:
      Names are x1 x2 eta
  	y1 y2 y3 y4 y5 y6 y7 y8 y9 y10;
      Usevariables are y1-y10 x1 x2;
      constraint = x1 x2;

  MODEL:
      f BY y1* (l1);
      f BY y2* (l2);
      f BY y3* (l3);
      f BY y4* (l4);
      f BY y5* (l5);
      f BY y6* (l6);
      f BY y7* (l7);
      f BY y8* (l8);
      f BY y9* (l9);
      f BY y10* (l10);

  y5 ON x1 x2;
  f@1;
  [f@0];

  MODEL CONSTRAINT:
      new (l5_0 l5_1 l5_2);
      l5 = l5_0 + l5_1*x1 + l5_2*x2;




INPUT READING TERMINATED NORMALLY



Test with 10 reps

SUMMARY OF ANALYSIS

Number of groups                                                 1
Number of observations                                         500

Number of dependent variables                                   10
Number of independent variables                                  2
Number of continuous latent variables                            1

Observed dependent variables

  Continuous
   Y1          Y2          Y3          Y4          Y5          Y6
   Y7          Y8          Y9          Y10

Observed independent variables
   X1          X2

Continuous latent variables
   F


Estimator                                                       ML
Information matrix                                        OBSERVED
Maximum number of iterations                                  1000
Convergence criterion                                    0.500D-04
Maximum number of steepest descent iterations                   20

Input data file(s)
  G3_B1_N2_rep82.csv

Input data format  FREE



UNIVARIATE SAMPLE STATISTICS


     UNIVARIATE HIGHER-ORDER MOMENT DESCRIPTIVE STATISTICS

         Variable/         Mean/     Skewness/   Minimum/ % with                Percentiles
        Sample Size      Variance    Kurtosis    Maximum  Min/Max      20%/60%    40%/80%    Median

     Y1                    1.764       0.933       1.000   39.40%       1.000      2.000      2.000
             500.000       0.556       1.409       5.000    0.60%       2.000      2.000
     Y2                    1.770       0.783       1.000   41.60%       1.000      1.000      2.000
             500.000       0.601       0.266       5.000    0.20%       2.000      2.000
     Y3                    3.062      -0.056       1.000    1.60%       2.000      3.000      3.000
             500.000       0.602      -0.158       5.000    2.00%       3.000      4.000
     Y4                    3.034      -0.018       1.000    2.60%       2.000      3.000      3.000
             500.000       0.661       0.047       5.000    3.00%       3.000      4.000
     Y5                    3.046      -0.057       1.000    2.40%       2.000      3.000      3.000
             500.000       0.624       0.143       5.000    2.60%       3.000      4.000
     Y6                    1.160       2.684       1.000   86.20%       1.000      1.000      1.000
             500.000       0.178       6.756       3.000    2.20%       1.000      1.000
     Y7                    1.170       3.222       1.000   85.40%       1.000      1.000      1.000
             500.000       0.201      14.129       5.000    0.20%       1.000      1.000
     Y8                    1.154       2.493       1.000   85.80%       1.000      1.000      1.000
             500.000       0.154       5.672       3.000    1.20%       1.000      1.000
     Y9                    1.792       0.935       1.000   38.20%       1.000      2.000      2.000
             500.000       0.585       1.299       5.000    0.60%       2.000      2.000
     Y10                   1.806       0.756       1.000   37.20%       1.000      2.000      2.000
             500.000       0.568       0.516       5.000    0.20%       2.000      2.000
     X1                   -0.085       0.008      -2.711    0.20%      -0.936     -0.374     -0.073
             500.000       0.997      -0.138       2.756    0.20%       0.184      0.765
     X2                    0.506      -0.024       0.000   49.40%       0.000      0.000      1.000
             500.000       0.250      -1.999       1.000   50.60%       1.000      1.000


THE MODEL ESTIMATION TERMINATED NORMALLY



MODEL FIT INFORMATION

Number of Free Parameters                       34

Loglikelihood

          H0 Value                       -3263.924

Information Criteria

          Akaike (AIC)                    6595.849
          Bayesian (BIC)                  6739.146
          Sample-Size Adjusted BIC        6631.227
            (n* = (n + 2) / 24)



MODEL RESULTS

                                                    Two-Tailed
                    Estimate       S.E.  Est./S.E.    P-Value

 F        BY
    Y1                 0.611      0.028     22.054      0.000
    Y2                 0.634      0.029     22.011      0.000
    Y3                 0.618      0.029     21.143      0.000
    Y4                 0.648      0.031     21.126      0.000
    Y5               999.000      0.000    999.000    999.000
    Y6                 0.280      0.017     16.327      0.000
    Y7                 0.288      0.018     15.722      0.000
    Y8                 0.266      0.016     16.819      0.000
    Y9                 0.642      0.028     22.947      0.000
    Y10                0.625      0.028     22.476      0.000

 Y5       ON
    X1                -0.018      0.022     -0.821      0.412
    X2                 0.012      0.045      0.258      0.796

 Means
    F                  0.000      0.000    999.000    999.000

 Intercepts
    Y1                 1.764      0.033     52.884      0.000
    Y2                 1.770      0.035     51.049      0.000
    Y3                 3.062      0.035     88.234      0.000
    Y4                 3.034      0.036     83.455      0.000
    Y5                 3.043      0.043     70.717      0.000
    Y6                 1.160      0.019     61.411      0.000
    Y7                 1.170      0.020     58.340      0.000
    Y8                 1.154      0.018     65.695      0.000
    Y9                 1.792      0.034     52.401      0.000
    Y10                1.806      0.034     53.566      0.000

 Variances
    F                  1.000      0.000    999.000    999.000

 Residual Variances
    Y1                 0.183      0.013     13.805      0.000
    Y2                 0.199      0.014     13.814      0.000
    Y3                 0.220      0.016     14.048      0.000
    Y4                 0.241      0.017     14.025      0.000
    Y5                 0.219      0.016     13.858      0.000
    Y6                 0.100      0.007     14.987      0.000
    Y7                 0.118      0.008     15.082      0.000
    Y8                 0.084      0.006     14.935      0.000
    Y9                 0.172      0.013     13.456      0.000
    Y10                0.178      0.013     13.655      0.000

New/Additional Parameters
    L5_0               0.665      0.040     16.579      0.000
    L5_1              -0.016      0.025     -0.654      0.513
    L5_2              -0.050      0.046     -1.081      0.280


QUALITY OF NUMERICAL RESULTS

     Condition Number for the Information Matrix              0.308E-04
       (ratio of smallest to largest eigenvalue)


     Beginning Time:  23:44:12
        Ending Time:  23:44:13
       Elapsed Time:  00:00:01



MUTHEN & MUTHEN
3463 Stoner Ave.
Los Angeles, CA  90066

Tel: (310) 391-9971
Fax: (310) 391-8971
Web: www.StatModel.com
Support: Support@StatModel.com

Copyright (c) 1998-2019 Muthen & Muthen
