Mplus VERSION 8.3
MUTHEN & MUTHEN
04/23/2024  11:49 PM

INPUT INSTRUCTIONS


  TITLE: Test with 10 reps

  DATA:
  File is
  G1_B2_N3_rep186.csv;

  VARIABLE:
      Names are x1 x2 eta
  	y1 y2 y3 y4 y5 y6 y7 y8 y9 y10;
      Usevariables are y1-y10 x1 x2;
      constraint = x1 x2;

  MODEL:
      f BY y1* (l1);
      f BY y2* (l2);
      f BY y3* (l3);
      f BY y4* (l4);
      f BY y5* (l5);
      f BY y6* (l6);
      f BY y7* (l7);
      f BY y8* (l8);
      f BY y9* (l9);
      f BY y10* (l10);

  y6 ON x1 x2;
  f@1;
  [f@0];

  MODEL CONSTRAINT:
      new (l6_0 l6_1 l6_2);
      l6 = l6_0 + l6_1*x1 + l6_2*x2;




INPUT READING TERMINATED NORMALLY



Test with 10 reps

SUMMARY OF ANALYSIS

Number of groups                                                 1
Number of observations                                        1000

Number of dependent variables                                   10
Number of independent variables                                  2
Number of continuous latent variables                            1

Observed dependent variables

  Continuous
   Y1          Y2          Y3          Y4          Y5          Y6
   Y7          Y8          Y9          Y10

Observed independent variables
   X1          X2

Continuous latent variables
   F


Estimator                                                       ML
Information matrix                                        OBSERVED
Maximum number of iterations                                  1000
Convergence criterion                                    0.500D-04
Maximum number of steepest descent iterations                   20

Input data file(s)
  G1_B2_N3_rep186.csv

Input data format  FREE



UNIVARIATE SAMPLE STATISTICS


     UNIVARIATE HIGHER-ORDER MOMENT DESCRIPTIVE STATISTICS

         Variable/         Mean/     Skewness/   Minimum/ % with                Percentiles
        Sample Size      Variance    Kurtosis    Maximum  Min/Max      20%/60%    40%/80%    Median

     Y1                    1.795       0.777       1.000   37.00%       1.000      2.000      2.000
            1000.000       0.545       0.786       5.000    0.30%       2.000      2.000
     Y2                    1.798       0.824       1.000   37.00%       1.000      2.000      2.000
            1000.000       0.555       0.976       5.000    0.40%       2.000      2.000
     Y3                    3.098       0.051       1.000    1.30%       2.000      3.000      3.000
            1000.000       0.614      -0.068       5.000    3.10%       3.000      4.000
     Y4                    3.071       0.019       1.000    1.30%       2.000      3.000      3.000
            1000.000       0.600      -0.143       5.000    2.40%       3.000      4.000
     Y5                    3.092       0.005       1.000    1.30%       3.000      3.000      3.000
            1000.000       0.562       0.122       5.000    2.40%       3.000      4.000
     Y6                    1.160       3.342       1.000   85.70%       1.000      1.000      1.000
            1000.000       0.182      15.416       5.000    0.10%       1.000      1.000
     Y7                    1.158       3.019       1.000   85.90%       1.000      1.000      1.000
            1000.000       0.175      11.016       4.000    0.40%       1.000      1.000
     Y8                    1.172       2.649       1.000   84.70%       1.000      1.000      1.000
            1000.000       0.184       7.588       4.000    0.20%       1.000      1.000
     Y9                    1.823       0.860       1.000   36.20%       1.000      2.000      2.000
            1000.000       0.586       1.125       5.000    0.60%       2.000      2.000
     Y10                   1.779       0.799       1.000   37.60%       1.000      2.000      2.000
            1000.000       0.534       0.799       5.000    0.20%       2.000      2.000
     X1                   -0.052       0.015      -3.906    0.10%      -0.831     -0.328     -0.076
            1000.000       0.938       0.140       3.026    0.10%       0.165      0.764
     X2                    0.502      -0.008       0.000   49.80%       0.000      0.000      1.000
            1000.000       0.250      -2.000       1.000   50.20%       1.000      1.000


THE MODEL ESTIMATION TERMINATED NORMALLY



MODEL FIT INFORMATION

Number of Free Parameters                       34

Loglikelihood

          H0 Value                       -8304.094

Information Criteria

          Akaike (AIC)                   16676.188
          Bayesian (BIC)                 16843.051
          Sample-Size Adjusted BIC       16735.066
            (n* = (n + 2) / 24)



MODEL RESULTS

                                                    Two-Tailed
                    Estimate       S.E.  Est./S.E.    P-Value

 F        BY
    Y1                 0.466      0.022     20.790      0.000
    Y2                 0.498      0.022     22.333      0.000
    Y3                 0.489      0.024     20.492      0.000
    Y4                 0.497      0.023     21.188      0.000
    Y5                 0.475      0.023     20.894      0.000
    Y6               999.000      0.000    999.000    999.000
    Y7                 0.199      0.013     14.824      0.000
    Y8                 0.219      0.014     16.041      0.000
    Y9                 0.482      0.023     20.729      0.000
    Y10                0.482      0.022     21.980      0.000

 Y6       ON
    X1                 0.007      0.012      0.575      0.566
    X2                 0.024      0.024      1.032      0.302

 Means
    F                  0.000      0.000    999.000    999.000

 Intercepts
    Y1                 1.795      0.023     76.891      0.000
    Y2                 1.798      0.024     76.307      0.000
    Y3                 3.098      0.025    124.985      0.000
    Y4                 3.071      0.024    125.377      0.000
    Y5                 3.092      0.024    130.482      0.000
    Y6                 1.130      0.017     65.479      0.000
    Y7                 1.158      0.013     87.528      0.000
    Y8                 1.172      0.014     86.303      0.000
    Y9                 1.823      0.024     75.329      0.000
    Y10                1.779      0.023     76.973      0.000

 Variances
    F                  1.000      0.000    999.000    999.000

 Residual Variances
    Y1                 0.328      0.017     19.861      0.000
    Y2                 0.307      0.016     19.295      0.000
    Y3                 0.375      0.019     19.938      0.000
    Y4                 0.353      0.018     19.714      0.000
    Y5                 0.336      0.017     19.808      0.000
    Y6                 0.126      0.006     20.472      0.000
    Y7                 0.136      0.006     21.266      0.000
    Y8                 0.137      0.006     21.046      0.000
    Y9                 0.353      0.018     19.877      0.000
    Y10                0.302      0.016     19.436      0.000

New/Additional Parameters
    L6_0               0.164      0.019      8.829      0.000
    L6_1               0.056      0.013      4.243      0.000
    L6_2               0.105      0.025      4.157      0.000


QUALITY OF NUMERICAL RESULTS

     Condition Number for the Information Matrix              0.360E-04
       (ratio of smallest to largest eigenvalue)


     Beginning Time:  23:49:03
        Ending Time:  23:49:06
       Elapsed Time:  00:00:03



MUTHEN & MUTHEN
3463 Stoner Ave.
Los Angeles, CA  90066

Tel: (310) 391-9971
Fax: (310) 391-8971
Web: www.StatModel.com
Support: Support@StatModel.com

Copyright (c) 1998-2019 Muthen & Muthen
