Mplus VERSION 8.3
MUTHEN & MUTHEN
04/23/2024  11:34 PM

INPUT INSTRUCTIONS


  TITLE: Test with 10 reps

  DATA:
  File is
  G1_B2_N3_rep157.csv;

  VARIABLE:
      Names are x1 x2 eta
  	y1 y2 y3 y4 y5 y6 y7 y8 y9 y10;
      Usevariables are y1-y10 x1 x2;
      constraint = x1 x2;

  MODEL:
      f BY y1* (l1);
      f BY y2* (l2);
      f BY y3* (l3);
      f BY y4* (l4);
      f BY y5* (l5);
      f BY y6* (l6);
      f BY y7* (l7);
      f BY y8* (l8);
      f BY y9* (l9);
      f BY y10* (l10);

  y4 ON x1 x2;
  f@1;
  [f@0];

  MODEL CONSTRAINT:
      new (l4_0 l4_1 l4_2);
      l4 = l4_0 + l4_1*x1 + l4_2*x2;




INPUT READING TERMINATED NORMALLY



Test with 10 reps

SUMMARY OF ANALYSIS

Number of groups                                                 1
Number of observations                                        1000

Number of dependent variables                                   10
Number of independent variables                                  2
Number of continuous latent variables                            1

Observed dependent variables

  Continuous
   Y1          Y2          Y3          Y4          Y5          Y6
   Y7          Y8          Y9          Y10

Observed independent variables
   X1          X2

Continuous latent variables
   F


Estimator                                                       ML
Information matrix                                        OBSERVED
Maximum number of iterations                                  1000
Convergence criterion                                    0.500D-04
Maximum number of steepest descent iterations                   20

Input data file(s)
  G1_B2_N3_rep157.csv

Input data format  FREE



UNIVARIATE SAMPLE STATISTICS


     UNIVARIATE HIGHER-ORDER MOMENT DESCRIPTIVE STATISTICS

         Variable/         Mean/     Skewness/   Minimum/ % with                Percentiles
        Sample Size      Variance    Kurtosis    Maximum  Min/Max      20%/60%    40%/80%    Median

     Y1                    1.816       0.800       1.000   34.30%       1.000      2.000      2.000
            1000.000       0.524       1.200       5.000    0.40%       2.000      2.000
     Y2                    1.803       0.838       1.000   37.40%       1.000      2.000      2.000
            1000.000       0.578       0.814       5.000    0.30%       2.000      2.000
     Y3                    3.076       0.011       1.000    0.90%       2.000      3.000      3.000
            1000.000       0.548      -0.147       5.000    1.80%       3.000      4.000
     Y4                    3.109      -0.107       1.000    1.30%       3.000      3.000      3.000
            1000.000       0.557      -0.034       5.000    1.80%       3.000      4.000
     Y5                    3.090      -0.005       1.000    0.90%       2.000      3.000      3.000
            1000.000       0.560      -0.201       5.000    1.90%       3.000      4.000
     Y6                    1.162       2.538       1.000   85.10%       1.000      1.000      1.000
            1000.000       0.164       6.642       4.000    0.10%       1.000      1.000
     Y7                    1.169       2.691       1.000   85.00%       1.000      1.000      1.000
            1000.000       0.182       7.851       4.000    0.20%       1.000      1.000
     Y8                    1.153       2.351       1.000   85.50%       1.000      1.000      1.000
            1000.000       0.146       4.741       3.000    0.80%       1.000      1.000
     Y9                    1.855       0.860       1.000   33.70%       1.000      2.000      2.000
            1000.000       0.592       1.032       5.000    0.40%       2.000      2.000
     Y10                   1.768       0.635       1.000   37.90%       1.000      2.000      2.000
            1000.000       0.504       0.129       4.000    1.60%       2.000      2.000
     X1                   -0.007       0.036      -3.130    0.10%      -0.817     -0.258     -0.018
            1000.000       0.990      -0.099       3.084    0.10%       0.229      0.823
     X2                    0.487       0.052       0.000   51.30%       0.000      0.000      0.000
            1000.000       0.250      -1.997       1.000   48.70%       1.000      1.000


THE MODEL ESTIMATION TERMINATED NORMALLY



MODEL FIT INFORMATION

Number of Free Parameters                       34

Loglikelihood

          H0 Value                       -8143.866

Information Criteria

          Akaike (AIC)                   16355.731
          Bayesian (BIC)                 16522.595
          Sample-Size Adjusted BIC       16414.609
            (n* = (n + 2) / 24)



MODEL RESULTS

                                                    Two-Tailed
                    Estimate       S.E.  Est./S.E.    P-Value

 F        BY
    Y1                 0.449      0.022     20.208      0.000
    Y2                 0.461      0.023     19.663      0.000
    Y3                 0.487      0.022     21.786      0.000
    Y4               999.000      0.000    999.000    999.000
    Y5                 0.475      0.023     20.803      0.000
    Y6                 0.195      0.013     15.001      0.000
    Y7                 0.194      0.014     13.999      0.000
    Y8                 0.178      0.012     14.426      0.000
    Y9                 0.484      0.024     20.574      0.000
    Y10                0.476      0.021     22.323      0.000

 Y4       ON
    X1                 0.013      0.020      0.651      0.515
    X2                -0.029      0.039     -0.745      0.456

 Means
    F                  0.000      0.000    999.000    999.000

 Intercepts
    Y1                 1.816      0.023     79.321      0.000
    Y2                 1.803      0.024     74.983      0.000
    Y3                 3.076      0.023    131.373      0.000
    Y4                 3.122      0.031    101.863      0.000
    Y5                 3.090      0.024    130.588      0.000
    Y6                 1.162      0.013     90.805      0.000
    Y7                 1.169      0.014     86.548      0.000
    Y8                 1.153      0.012     95.557      0.000
    Y9                 1.855      0.024     76.242      0.000
    Y10                1.768      0.022     78.739      0.000

 Variances
    F                  1.000      0.000    999.000    999.000

 Residual Variances
    Y1                 0.323      0.016     19.839      0.000
    Y2                 0.365      0.018     19.987      0.000
    Y3                 0.311      0.016     19.290      0.000
    Y4                 0.336      0.017     19.686      0.000
    Y5                 0.335      0.017     19.647      0.000
    Y6                 0.126      0.006     21.137      0.000
    Y7                 0.145      0.007     21.311      0.000
    Y8                 0.114      0.005     21.234      0.000
    Y9                 0.358      0.018     19.716      0.000
    Y10                0.278      0.015     19.069      0.000

New/Additional Parameters
    L4_0               0.476      0.031     15.185      0.000
    L4_1               0.011      0.021      0.517      0.605
    L4_2              -0.015      0.042     -0.361      0.718


QUALITY OF NUMERICAL RESULTS

     Condition Number for the Information Matrix              0.282E-04
       (ratio of smallest to largest eigenvalue)


     Beginning Time:  23:34:50
        Ending Time:  23:34:52
       Elapsed Time:  00:00:02



MUTHEN & MUTHEN
3463 Stoner Ave.
Los Angeles, CA  90066

Tel: (310) 391-9971
Fax: (310) 391-8971
Web: www.StatModel.com
Support: Support@StatModel.com

Copyright (c) 1998-2019 Muthen & Muthen
