Mplus VERSION 8.3
MUTHEN & MUTHEN
04/23/2024  11:50 PM

INPUT INSTRUCTIONS


  TITLE: Test with 10 reps

  DATA:
  File is
  G1_B2_N3_rep189.csv;

  VARIABLE:
      Names are x1 x2 eta
  	y1 y2 y3 y4 y5 y6 y7 y8 y9 y10;
      Usevariables are y1-y10 x1 x2;
      constraint = x1 x2;

  MODEL:
      f BY y1* (l1);
      f BY y2* (l2);
      f BY y3* (l3);
      f BY y4* (l4);
      f BY y5* (l5);
      f BY y6* (l6);
      f BY y7* (l7);
      f BY y8* (l8);
      f BY y9* (l9);
      f BY y10* (l10);

  y10 ON x1 x2;
  f@1;
  [f@0];

  MODEL CONSTRAINT:
      new (l10_0 l10_1 l10_2);
      l10 = l10_0 + l10_1*x1 + l10_2*x2;




INPUT READING TERMINATED NORMALLY



Test with 10 reps

SUMMARY OF ANALYSIS

Number of groups                                                 1
Number of observations                                        1000

Number of dependent variables                                   10
Number of independent variables                                  2
Number of continuous latent variables                            1

Observed dependent variables

  Continuous
   Y1          Y2          Y3          Y4          Y5          Y6
   Y7          Y8          Y9          Y10

Observed independent variables
   X1          X2

Continuous latent variables
   F


Estimator                                                       ML
Information matrix                                        OBSERVED
Maximum number of iterations                                  1000
Convergence criterion                                    0.500D-04
Maximum number of steepest descent iterations                   20

Input data file(s)
  G1_B2_N3_rep189.csv

Input data format  FREE



UNIVARIATE SAMPLE STATISTICS


     UNIVARIATE HIGHER-ORDER MOMENT DESCRIPTIVE STATISTICS

         Variable/         Mean/     Skewness/   Minimum/ % with                Percentiles
        Sample Size      Variance    Kurtosis    Maximum  Min/Max      20%/60%    40%/80%    Median

     Y1                    1.846       0.743       1.000   33.70%       1.000      2.000      2.000
            1000.000       0.562       0.576       5.000    0.10%       2.000      2.000
     Y2                    1.847       0.863       1.000   34.00%       1.000      2.000      2.000
            1000.000       0.580       1.245       5.000    0.60%       2.000      2.000
     Y3                    3.100       0.055       1.000    1.30%       2.000      3.000      3.000
            1000.000       0.604       0.002       5.000    3.10%       3.000      4.000
     Y4                    3.097      -0.027       1.000    1.40%       3.000      3.000      3.000
            1000.000       0.578       0.042       5.000    2.40%       3.000      4.000
     Y5                    3.088      -0.118       1.000    1.40%       2.000      3.000      3.000
            1000.000       0.568      -0.128       5.000    1.60%       3.000      4.000
     Y6                    1.178       2.731       1.000   84.00%       1.000      1.000      1.000
            1000.000       0.190       8.910       4.000    0.40%       1.000      1.000
     Y7                    1.183       2.960       1.000   84.10%       1.000      1.000      1.000
            1000.000       0.210      11.307       5.000    0.10%       1.000      1.000
     Y8                    1.155       2.430       1.000   85.20%       1.000      1.000      1.000
            1000.000       0.147       6.089       4.000    0.10%       1.000      1.000
     Y9                    1.833       0.671       1.000   36.10%       1.000      2.000      2.000
            1000.000       0.579       0.253       5.000    0.20%       2.000      2.000
     Y10                   1.822       0.819       1.000   35.80%       1.000      2.000      2.000
            1000.000       0.574       0.837       5.000    0.30%       2.000      2.000
     X1                   -0.018       0.023      -3.341    0.10%      -0.896     -0.282     -0.038
            1000.000       1.043      -0.263       2.746    0.10%       0.231      0.885
     X2                    0.514      -0.056       0.000   48.60%       0.000      0.000      1.000
            1000.000       0.250      -1.997       1.000   51.40%       1.000      1.000


THE MODEL ESTIMATION TERMINATED NORMALLY



MODEL FIT INFORMATION

Number of Free Parameters                       34

Loglikelihood

          H0 Value                       -8309.619

Information Criteria

          Akaike (AIC)                   16687.237
          Bayesian (BIC)                 16854.101
          Sample-Size Adjusted BIC       16746.115
            (n* = (n + 2) / 24)



MODEL RESULTS

                                                    Two-Tailed
                    Estimate       S.E.  Est./S.E.    P-Value

 F        BY
    Y1                 0.495      0.022     22.024      0.000
    Y2                 0.509      0.023     22.408      0.000
    Y3                 0.509      0.023     21.801      0.000
    Y4                 0.479      0.023     20.795      0.000
    Y5                 0.494      0.023     21.824      0.000
    Y6                 0.213      0.014     15.323      0.000
    Y7                 0.243      0.014     16.897      0.000
    Y8                 0.202      0.012     16.749      0.000
    Y9                 0.492      0.023     21.481      0.000
    Y10              999.000      0.000    999.000    999.000

 Y10      ON
    X1                 0.010      0.020      0.500      0.617
    X2                -0.003      0.040     -0.067      0.947

 Means
    F                  0.000      0.000    999.000    999.000

 Intercepts
    Y1                 1.846      0.024     77.849      0.000
    Y2                 1.847      0.024     76.720      0.000
    Y3                 3.100      0.025    126.138      0.000
    Y4                 3.097      0.024    128.864      0.000
    Y5                 3.088      0.024    129.541      0.000
    Y6                 1.178      0.014     85.390      0.000
    Y7                 1.183      0.014     81.730      0.000
    Y8                 1.155      0.012     95.271      0.000
    Y9                 1.833      0.024     76.170      0.000
    Y10                1.826      0.032     56.453      0.000

 Variances
    F                  1.000      0.000    999.000    999.000

 Residual Variances
    Y1                 0.318      0.016     19.523      0.000
    Y2                 0.321      0.017     19.399      0.000
    Y3                 0.345      0.018     19.597      0.000
    Y4                 0.348      0.017     19.931      0.000
    Y5                 0.325      0.017     19.599      0.000
    Y6                 0.145      0.007     21.210      0.000
    Y7                 0.150      0.007     20.906      0.000
    Y8                 0.106      0.005     20.918      0.000
    Y9                 0.337      0.017     19.728      0.000
    Y10                0.352      0.018     20.012      0.000

New/Additional Parameters
    L10_0              0.467      0.035     13.466      0.000
    L10_1             -0.010      0.021     -0.464      0.643
    L10_2              0.004      0.043      0.096      0.924


QUALITY OF NUMERICAL RESULTS

     Condition Number for the Information Matrix              0.250E-04
       (ratio of smallest to largest eigenvalue)


     Beginning Time:  23:50:10
        Ending Time:  23:50:12
       Elapsed Time:  00:00:02



MUTHEN & MUTHEN
3463 Stoner Ave.
Los Angeles, CA  90066

Tel: (310) 391-9971
Fax: (310) 391-8971
Web: www.StatModel.com
Support: Support@StatModel.com

Copyright (c) 1998-2019 Muthen & Muthen
