Mplus VERSION 8.3
MUTHEN & MUTHEN
04/23/2024  11:07 PM

INPUT INSTRUCTIONS


  TITLE: Test with 10 reps

  DATA:
  File is
  G1_B2_N3_rep101.csv;

  VARIABLE:
      Names are x1 x2 eta
  	y1 y2 y3 y4 y5 y6 y7 y8 y9 y10;
      Usevariables are y1-y10 x1 x2;
      constraint = x1 x2;

  MODEL:
      f BY y1* (l1);
      f BY y2* (l2);
      f BY y3* (l3);
      f BY y4* (l4);
      f BY y5* (l5);
      f BY y6* (l6);
      f BY y7* (l7);
      f BY y8* (l8);
      f BY y9* (l9);
      f BY y10* (l10);

  y1 ON x1 x2;
  f@1;
  [f@0];

  MODEL CONSTRAINT:
      new (l1_0 l1_1 l1_2);
      l1 = l1_0 + l1_1*x1 + l1_2*x2;




INPUT READING TERMINATED NORMALLY



Test with 10 reps

SUMMARY OF ANALYSIS

Number of groups                                                 1
Number of observations                                        1000

Number of dependent variables                                   10
Number of independent variables                                  2
Number of continuous latent variables                            1

Observed dependent variables

  Continuous
   Y1          Y2          Y3          Y4          Y5          Y6
   Y7          Y8          Y9          Y10

Observed independent variables
   X1          X2

Continuous latent variables
   F


Estimator                                                       ML
Information matrix                                        OBSERVED
Maximum number of iterations                                  1000
Convergence criterion                                    0.500D-04
Maximum number of steepest descent iterations                   20

Input data file(s)
  G1_B2_N3_rep101.csv

Input data format  FREE



UNIVARIATE SAMPLE STATISTICS


     UNIVARIATE HIGHER-ORDER MOMENT DESCRIPTIVE STATISTICS

         Variable/         Mean/     Skewness/   Minimum/ % with                Percentiles
        Sample Size      Variance    Kurtosis    Maximum  Min/Max      20%/60%    40%/80%    Median

     Y1                    1.848       0.946       1.000   34.80%       1.000      2.000      2.000
            1000.000       0.615       1.352       5.000    0.70%       2.000      2.000
     Y2                    1.833       0.944       1.000   35.50%       1.000      2.000      2.000
            1000.000       0.599       1.487       5.000    0.80%       2.000      2.000
     Y3                    3.109       0.034       1.000    0.90%       3.000      3.000      3.000
            1000.000       0.577      -0.150       5.000    2.50%       3.000      4.000
     Y4                    3.107      -0.004       1.000    1.50%       2.000      3.000      3.000
            1000.000       0.616      -0.030       5.000    3.00%       3.000      4.000
     Y5                    3.092      -0.005       1.000    1.00%       2.000      3.000      3.000
            1000.000       0.600      -0.323       5.000    2.20%       3.000      4.000
     Y6                    1.194       2.800       1.000   82.90%       1.000      1.000      1.000
            1000.000       0.214      10.286       5.000    0.10%       1.000      1.000
     Y7                    1.157       3.329       1.000   86.20%       1.000      1.000      1.000
            1000.000       0.182      14.822       5.000    0.10%       1.000      1.000
     Y8                    1.168       2.723       1.000   84.70%       1.000      1.000      1.000
            1000.000       0.176       8.735       4.000    0.30%       1.000      1.000
     Y9                    1.859       0.792       1.000   33.70%       1.000      2.000      2.000
            1000.000       0.587       0.845       5.000    0.40%       2.000      2.000
     Y10                   1.807       1.008       1.000   38.60%       1.000      2.000      2.000
            1000.000       0.638       1.316       5.000    0.70%       2.000      2.000
     X1                   -0.006      -0.134      -3.269    0.10%      -0.849     -0.225      0.067
            1000.000       1.015      -0.030       3.166    0.10%       0.276      0.830
     X2                    0.512      -0.048       0.000   48.80%       0.000      0.000      1.000
            1000.000       0.250      -1.998       1.000   51.20%       1.000      1.000


THE MODEL ESTIMATION TERMINATED NORMALLY



MODEL FIT INFORMATION

Number of Free Parameters                       34

Loglikelihood

          H0 Value                       -8573.313

Information Criteria

          Akaike (AIC)                   17214.626
          Bayesian (BIC)                 17381.490
          Sample-Size Adjusted BIC       17273.504
            (n* = (n + 2) / 24)



MODEL RESULTS

                                                    Two-Tailed
                    Estimate       S.E.  Est./S.E.    P-Value

 F        BY
    Y1               999.000      0.000    999.000    999.000
    Y2                 0.502      0.023     21.558      0.000
    Y3                 0.494      0.023     21.574      0.000
    Y4                 0.494      0.024     20.724      0.000
    Y5                 0.495      0.023     21.154      0.000
    Y6                 0.252      0.015     17.318      0.000
    Y7                 0.213      0.014     15.649      0.000
    Y8                 0.188      0.014     13.893      0.000
    Y9                 0.499      0.023     21.646      0.000
    Y10                0.526      0.024     21.964      0.000

 Y1       ON
    X1                 0.008      0.020      0.387      0.699
    X2                 0.016      0.041      0.384      0.701

 Means
    F                  0.000      0.000    999.000    999.000

 Intercepts
    Y1                 1.824      0.033     55.639      0.000
    Y2                 1.833      0.024     74.887      0.000
    Y3                 3.109      0.024    129.416      0.000
    Y4                 3.107      0.025    125.230      0.000
    Y5                 3.092      0.024    126.279      0.000
    Y6                 1.194      0.015     81.551      0.000
    Y7                 1.157      0.014     85.680      0.000
    Y8                 1.168      0.013     88.097      0.000
    Y9                 1.859      0.024     76.721      0.000
    Y10                1.807      0.025     71.554      0.000

 Variances
    F                  1.000      0.000    999.000    999.000

 Residual Variances
    Y1                 0.349      0.018     19.524      0.000
    Y2                 0.347      0.018     19.644      0.000
    Y3                 0.333      0.017     19.615      0.000
    Y4                 0.371      0.019     19.883      0.000
    Y5                 0.354      0.018     19.763      0.000
    Y6                 0.151      0.007     20.789      0.000
    Y7                 0.137      0.006     21.131      0.000
    Y8                 0.140      0.007     21.425      0.000
    Y9                 0.338      0.017     19.606      0.000
    Y10                0.361      0.019     19.482      0.000

New/Additional Parameters
    L1_0               0.470      0.035     13.285      0.000
    L1_1               0.036      0.020      1.780      0.075
    L1_2               0.059      0.044      1.336      0.182


QUALITY OF NUMERICAL RESULTS

     Condition Number for the Information Matrix              0.411E-04
       (ratio of smallest to largest eigenvalue)


     Beginning Time:  23:07:45
        Ending Time:  23:07:48
       Elapsed Time:  00:00:03



MUTHEN & MUTHEN
3463 Stoner Ave.
Los Angeles, CA  90066

Tel: (310) 391-9971
Fax: (310) 391-8971
Web: www.StatModel.com
Support: Support@StatModel.com

Copyright (c) 1998-2019 Muthen & Muthen
