Mplus VERSION 8.3
MUTHEN & MUTHEN
04/23/2024  11:16 PM

INPUT INSTRUCTIONS


  TITLE: Test with 10 reps

  DATA:
  File is
  G1_B2_N3_rep12.csv;

  VARIABLE:
      Names are x1 x2 eta
  	y1 y2 y3 y4 y5 y6 y7 y8 y9 y10;
      Usevariables are y1-y10 x1 x2;
      constraint = x1 x2;

  MODEL:
      f BY y1* (l1);
      f BY y2* (l2);
      f BY y3* (l3);
      f BY y4* (l4);
      f BY y5* (l5);
      f BY y6* (l6);
      f BY y7* (l7);
      f BY y8* (l8);
      f BY y9* (l9);
      f BY y10* (l10);

  y8 ON x1 x2;
  f@1;
  [f@0];

  MODEL CONSTRAINT:
      new (l8_0 l8_1 l8_2);
      l8 = l8_0 + l8_1*x1 + l8_2*x2;




INPUT READING TERMINATED NORMALLY



Test with 10 reps

SUMMARY OF ANALYSIS

Number of groups                                                 1
Number of observations                                        1000

Number of dependent variables                                   10
Number of independent variables                                  2
Number of continuous latent variables                            1

Observed dependent variables

  Continuous
   Y1          Y2          Y3          Y4          Y5          Y6
   Y7          Y8          Y9          Y10

Observed independent variables
   X1          X2

Continuous latent variables
   F


Estimator                                                       ML
Information matrix                                        OBSERVED
Maximum number of iterations                                  1000
Convergence criterion                                    0.500D-04
Maximum number of steepest descent iterations                   20

Input data file(s)
  G1_B2_N3_rep12.csv

Input data format  FREE



UNIVARIATE SAMPLE STATISTICS


     UNIVARIATE HIGHER-ORDER MOMENT DESCRIPTIVE STATISTICS

         Variable/         Mean/     Skewness/   Minimum/ % with                Percentiles
        Sample Size      Variance    Kurtosis    Maximum  Min/Max      20%/60%    40%/80%    Median

     Y1                    1.792       0.763       1.000   37.90%       1.000      2.000      2.000
            1000.000       0.555       0.725       5.000    0.40%       2.000      2.000
     Y2                    1.814       0.792       1.000   36.80%       1.000      2.000      2.000
            1000.000       0.575       0.777       5.000    0.40%       2.000      2.000
     Y3                    3.123      -0.031       1.000    1.30%       3.000      3.000      3.000
            1000.000       0.612      -0.141       5.000    2.80%       3.000      4.000
     Y4                    3.078      -0.187       1.000    2.00%       2.000      3.000      3.000
            1000.000       0.592      -0.046       5.000    1.60%       3.000      4.000
     Y5                    3.106      -0.035       1.000    1.70%       2.000      3.000      3.000
            1000.000       0.631      -0.057       5.000    3.00%       3.000      4.000
     Y6                    1.171       2.415       1.000   84.20%       1.000      1.000      1.000
            1000.000       0.170       5.912       4.000    0.10%       1.000      1.000
     Y7                    1.179       2.790       1.000   84.40%       1.000      1.000      1.000
            1000.000       0.201       8.920       4.000    0.40%       1.000      1.000
     Y8                    1.162       2.311       1.000   84.80%       1.000      1.000      1.000
            1000.000       0.156       4.615       3.000    1.00%       1.000      1.000
     Y9                    1.836       0.649       1.000   33.90%       1.000      2.000      2.000
            1000.000       0.533       0.473       5.000    0.20%       2.000      2.000
     Y10                   1.818       0.926       1.000   35.90%       1.000      2.000      2.000
            1000.000       0.583       1.295       5.000    0.50%       2.000      2.000
     X1                   -0.039      -0.036      -3.121    0.10%      -0.941     -0.306     -0.037
            1000.000       1.066      -0.037       3.127    0.10%       0.246      0.814
     X2                    0.483       0.068       0.000   51.70%       0.000      0.000      0.000
            1000.000       0.250      -1.995       1.000   48.30%       1.000      1.000


THE MODEL ESTIMATION TERMINATED NORMALLY



MODEL FIT INFORMATION

Number of Free Parameters                       34

Loglikelihood

          H0 Value                       -8402.596

Information Criteria

          Akaike (AIC)                   16873.193
          Bayesian (BIC)                 17040.057
          Sample-Size Adjusted BIC       16932.071
            (n* = (n + 2) / 24)



MODEL RESULTS

                                                    Two-Tailed
                    Estimate       S.E.  Est./S.E.    P-Value

 F        BY
    Y1                 0.468      0.023     20.602      0.000
    Y2                 0.485      0.023     21.054      0.000
    Y3                 0.519      0.024     22.030      0.000
    Y4                 0.468      0.024     19.760      0.000
    Y5                 0.506      0.024     20.941      0.000
    Y6                 0.198      0.013     14.984      0.000
    Y7                 0.217      0.014     15.044      0.000
    Y8               999.000      0.000    999.000    999.000
    Y9                 0.455      0.022     20.385      0.000
    Y10                0.498      0.023     21.567      0.000

 Y8       ON
    X1                 0.007      0.011      0.619      0.536
    X2                -0.004      0.023     -0.160      0.873

 Means
    F                  0.000      0.000    999.000    999.000

 Intercepts
    Y1                 1.792      0.024     76.084      0.000
    Y2                 1.814      0.024     75.622      0.000
    Y3                 3.123      0.025    126.253      0.000
    Y4                 3.078      0.024    126.514      0.000
    Y5                 3.106      0.025    123.671      0.000
    Y6                 1.171      0.013     89.875      0.000
    Y7                 1.179      0.014     83.169      0.000
    Y8                 1.150      0.017     69.544      0.000
    Y9                 1.836      0.023     79.518      0.000
    Y10                1.818      0.024     75.302      0.000

 Variances
    F                  1.000      0.000    999.000    999.000

 Residual Variances
    Y1                 0.335      0.017     19.772      0.000
    Y2                 0.340      0.017     19.617      0.000
    Y3                 0.343      0.018     19.234      0.000
    Y4                 0.373      0.019     20.008      0.000
    Y5                 0.375      0.019     19.630      0.000
    Y6                 0.130      0.006     21.156      0.000
    Y7                 0.154      0.007     21.158      0.000
    Y8                 0.117      0.006     20.875      0.000
    Y9                 0.326      0.016     19.835      0.000
    Y10                0.335      0.017     19.442      0.000

New/Additional Parameters
    L8_0               0.153      0.018      8.446      0.000
    L8_1               0.029      0.011      2.561      0.010
    L8_2               0.068      0.025      2.759      0.006


QUALITY OF NUMERICAL RESULTS

     Condition Number for the Information Matrix              0.305E-04
       (ratio of smallest to largest eigenvalue)


     Beginning Time:  23:16:57
        Ending Time:  23:16:59
       Elapsed Time:  00:00:02



MUTHEN & MUTHEN
3463 Stoner Ave.
Los Angeles, CA  90066

Tel: (310) 391-9971
Fax: (310) 391-8971
Web: www.StatModel.com
Support: Support@StatModel.com

Copyright (c) 1998-2019 Muthen & Muthen
