Mplus VERSION 8.3
MUTHEN & MUTHEN
04/23/2024  11:52 PM

INPUT INSTRUCTIONS


  TITLE: Test with 10 reps

  DATA:
  File is
  G1_B2_N3_rep192.csv;

  VARIABLE:
      Names are x1 x2 eta
  	y1 y2 y3 y4 y5 y6 y7 y8 y9 y10;
      Usevariables are y1-y10 x1 x2;
      constraint = x1 x2;

  MODEL:
      f BY y1* (l1);
      f BY y2* (l2);
      f BY y3* (l3);
      f BY y4* (l4);
      f BY y5* (l5);
      f BY y6* (l6);
      f BY y7* (l7);
      f BY y8* (l8);
      f BY y9* (l9);
      f BY y10* (l10);

  y6 ON x1 x2;
  f@1;
  [f@0];

  MODEL CONSTRAINT:
      new (l6_0 l6_1 l6_2);
      l6 = l6_0 + l6_1*x1 + l6_2*x2;




INPUT READING TERMINATED NORMALLY



Test with 10 reps

SUMMARY OF ANALYSIS

Number of groups                                                 1
Number of observations                                        1000

Number of dependent variables                                   10
Number of independent variables                                  2
Number of continuous latent variables                            1

Observed dependent variables

  Continuous
   Y1          Y2          Y3          Y4          Y5          Y6
   Y7          Y8          Y9          Y10

Observed independent variables
   X1          X2

Continuous latent variables
   F


Estimator                                                       ML
Information matrix                                        OBSERVED
Maximum number of iterations                                  1000
Convergence criterion                                    0.500D-04
Maximum number of steepest descent iterations                   20

Input data file(s)
  G1_B2_N3_rep192.csv

Input data format  FREE



UNIVARIATE SAMPLE STATISTICS


     UNIVARIATE HIGHER-ORDER MOMENT DESCRIPTIVE STATISTICS

         Variable/         Mean/     Skewness/   Minimum/ % with                Percentiles
        Sample Size      Variance    Kurtosis    Maximum  Min/Max      20%/60%    40%/80%    Median

     Y1                    1.826       0.770       1.000   33.40%       1.000      2.000      2.000
            1000.000       0.520       1.071       5.000    0.30%       2.000      2.000
     Y2                    1.847       0.662       1.000   33.00%       1.000      2.000      2.000
            1000.000       0.532       0.655       5.000    0.30%       2.000      2.000
     Y3                    3.129      -0.273       1.000    1.60%       3.000      3.000      3.000
            1000.000       0.568      -0.138       5.000    1.20%       3.000      4.000
     Y4                    3.097      -0.013       1.000    1.40%       3.000      3.000      3.000
            1000.000       0.556       0.213       5.000    2.40%       3.000      4.000
     Y5                    3.108      -0.030       1.000    1.30%       2.000      3.000      3.000
            1000.000       0.614      -0.199       5.000    2.60%       3.000      4.000
     Y6                    1.155       2.405       1.000   85.50%       1.000      1.000      1.000
            1000.000       0.151       5.125       3.000    1.00%       1.000      1.000
     Y7                    1.181       2.682       1.000   84.20%       1.000      1.000      1.000
            1000.000       0.200       7.938       4.000    0.30%       1.000      1.000
     Y8                    1.190       2.396       1.000   82.80%       1.000      1.000      1.000
            1000.000       0.194       6.128       4.000    0.20%       1.000      1.000
     Y9                    1.853       0.658       1.000   32.00%       1.000      2.000      2.000
            1000.000       0.523       0.545       5.000    0.10%       2.000      2.000
     Y10                   1.887       0.876       1.000   32.90%       1.000      2.000      2.000
            1000.000       0.630       1.110       5.000    0.70%       2.000      2.000
     X1                   -0.056       0.106      -3.602    0.10%      -0.888     -0.290     -0.067
            1000.000       1.009       0.404       3.922    0.10%       0.200      0.739
     X2                    0.506      -0.024       0.000   49.40%       0.000      0.000      1.000
            1000.000       0.250      -1.999       1.000   50.60%       1.000      1.000


THE MODEL ESTIMATION TERMINATED NORMALLY



MODEL FIT INFORMATION

Number of Free Parameters                       34

Loglikelihood

          H0 Value                       -8287.710

Information Criteria

          Akaike (AIC)                   16643.420
          Bayesian (BIC)                 16810.284
          Sample-Size Adjusted BIC       16702.298
            (n* = (n + 2) / 24)



MODEL RESULTS

                                                    Two-Tailed
                    Estimate       S.E.  Est./S.E.    P-Value

 F        BY
    Y1                 0.470      0.022     21.645      0.000
    Y2                 0.453      0.022     20.352      0.000
    Y3                 0.503      0.023     22.278      0.000
    Y4                 0.479      0.023     21.196      0.000
    Y5                 0.517      0.024     21.939      0.000
    Y6               999.000      0.000    999.000    999.000
    Y7                 0.217      0.014     15.145      0.000
    Y8                 0.221      0.014     15.744      0.000
    Y9                 0.461      0.022     20.997      0.000
    Y10                0.492      0.024     20.301      0.000

 Y6       ON
    X1                 0.026      0.011      2.280      0.023
    X2                 0.021      0.023      0.905      0.365

 Means
    F                  0.000      0.000    999.000    999.000

 Intercepts
    Y1                 1.826      0.023     80.097      0.000
    Y2                 1.847      0.023     80.108      0.000
    Y3                 3.129      0.024    131.248      0.000
    Y4                 3.097      0.024    131.390      0.000
    Y5                 3.108      0.025    125.394      0.000
    Y6                 1.131      0.017     66.884      0.000
    Y7                 1.181      0.014     83.459      0.000
    Y8                 1.190      0.014     85.459      0.000
    Y9                 1.853      0.023     80.996      0.000
    Y10                1.887      0.025     75.166      0.000

 Variances
    F                  1.000      0.000    999.000    999.000

 Residual Variances
    Y1                 0.298      0.015     19.496      0.000
    Y2                 0.326      0.016     19.924      0.000
    Y3                 0.315      0.016     19.242      0.000
    Y4                 0.327      0.017     19.655      0.000
    Y5                 0.347      0.018     19.379      0.000
    Y6                 0.117      0.006     21.090      0.000
    Y7                 0.153      0.007     21.172      0.000
    Y8                 0.145      0.007     21.068      0.000
    Y9                 0.311      0.016     19.722      0.000
    Y10                0.388      0.019     19.947      0.000

New/Additional Parameters
    L6_0               0.141      0.018      7.865      0.000
    L6_1               0.043      0.013      3.339      0.001
    L6_2               0.051      0.025      2.063      0.039


QUALITY OF NUMERICAL RESULTS

     Condition Number for the Information Matrix              0.299E-04
       (ratio of smallest to largest eigenvalue)


     Beginning Time:  23:52:06
        Ending Time:  23:52:08
       Elapsed Time:  00:00:02



MUTHEN & MUTHEN
3463 Stoner Ave.
Los Angeles, CA  90066

Tel: (310) 391-9971
Fax: (310) 391-8971
Web: www.StatModel.com
Support: Support@StatModel.com

Copyright (c) 1998-2019 Muthen & Muthen
