Mplus VERSION 8.3
MUTHEN & MUTHEN
04/24/2024  12:24 AM

INPUT INSTRUCTIONS


  TITLE: Test with 10 reps

  DATA:
  File is
  G1_B2_N3_rep258.csv;

  VARIABLE:
      Names are x1 x2 eta
  	y1 y2 y3 y4 y5 y6 y7 y8 y9 y10;
      Usevariables are y1-y10 x1 x2;
      constraint = x1 x2;

  MODEL:
      f BY y1* (l1);
      f BY y2* (l2);
      f BY y3* (l3);
      f BY y4* (l4);
      f BY y5* (l5);
      f BY y6* (l6);
      f BY y7* (l7);
      f BY y8* (l8);
      f BY y9* (l9);
      f BY y10* (l10);

  y5 ON x1 x2;
  f@1;
  [f@0];

  MODEL CONSTRAINT:
      new (l5_0 l5_1 l5_2);
      l5 = l5_0 + l5_1*x1 + l5_2*x2;




INPUT READING TERMINATED NORMALLY



Test with 10 reps

SUMMARY OF ANALYSIS

Number of groups                                                 1
Number of observations                                        1000

Number of dependent variables                                   10
Number of independent variables                                  2
Number of continuous latent variables                            1

Observed dependent variables

  Continuous
   Y1          Y2          Y3          Y4          Y5          Y6
   Y7          Y8          Y9          Y10

Observed independent variables
   X1          X2

Continuous latent variables
   F


Estimator                                                       ML
Information matrix                                        OBSERVED
Maximum number of iterations                                  1000
Convergence criterion                                    0.500D-04
Maximum number of steepest descent iterations                   20

Input data file(s)
  G1_B2_N3_rep258.csv

Input data format  FREE



UNIVARIATE SAMPLE STATISTICS


     UNIVARIATE HIGHER-ORDER MOMENT DESCRIPTIVE STATISTICS

         Variable/         Mean/     Skewness/   Minimum/ % with                Percentiles
        Sample Size      Variance    Kurtosis    Maximum  Min/Max      20%/60%    40%/80%    Median

     Y1                    1.839       0.900       1.000   35.20%       1.000      2.000      2.000
            1000.000       0.605       1.045       5.000    0.40%       2.000      2.000
     Y2                    1.851       0.711       1.000   34.10%       1.000      2.000      2.000
            1000.000       0.573       0.493       5.000    0.20%       2.000      2.000
     Y3                    3.128       0.103       1.000    1.00%       3.000      3.000      3.000
            1000.000       0.572       0.136       5.000    3.30%       3.000      4.000
     Y4                    3.075      -0.043       1.000    1.40%       2.000      3.000      3.000
            1000.000       0.575      -0.054       5.000    2.00%       3.000      4.000
     Y5                    3.150      -0.011       1.000    1.10%       3.000      3.000      3.000
            1000.000       0.617      -0.180       5.000    3.20%       3.000      4.000
     Y6                    1.183       2.932       1.000   84.50%       1.000      1.000      1.000
            1000.000       0.218       9.945       4.000    0.60%       1.000      1.000
     Y7                    1.172       3.027       1.000   84.30%       1.000      1.000      1.000
            1000.000       0.184      12.979       5.000    0.10%       1.000      1.000
     Y8                    1.166       2.793       1.000   85.10%       1.000      1.000      1.000
            1000.000       0.178       9.057       4.000    0.30%       1.000      1.000
     Y9                    1.816       0.668       1.000   33.70%       1.000      2.000      2.000
            1000.000       0.500       0.619       5.000    0.10%       2.000      2.000
     Y10                   1.863       0.788       1.000   34.10%       1.000      2.000      2.000
            1000.000       0.608       0.587       5.000    0.20%       2.000      2.000
     X1                    0.003       0.023      -3.102    0.10%      -0.892     -0.282     -0.009
            1000.000       1.043      -0.282       3.190    0.10%       0.257      0.888
     X2                    0.471       0.116       0.000   52.90%       0.000      0.000      0.000
            1000.000       0.249      -1.986       1.000   47.10%       1.000      1.000


THE MODEL ESTIMATION TERMINATED NORMALLY



MODEL FIT INFORMATION

Number of Free Parameters                       34

Loglikelihood

          H0 Value                       -8532.388

Information Criteria

          Akaike (AIC)                   17132.776
          Bayesian (BIC)                 17299.639
          Sample-Size Adjusted BIC       17191.653
            (n* = (n + 2) / 24)



MODEL RESULTS

                                                    Two-Tailed
                    Estimate       S.E.  Est./S.E.    P-Value

 F        BY
    Y1                 0.516      0.023     21.983      0.000
    Y2                 0.474      0.023     20.484      0.000
    Y3                 0.465      0.023     19.975      0.000
    Y4                 0.476      0.023     20.516      0.000
    Y5               999.000      0.000    999.000    999.000
    Y6                 0.245      0.015     16.554      0.000
    Y7                 0.221      0.014     16.126      0.000
    Y8                 0.202      0.014     14.851      0.000
    Y9                 0.414      0.022     18.804      0.000
    Y10                0.501      0.024     21.130      0.000

 Y5       ON
    X1                 0.035      0.020      1.699      0.089
    X2                 0.049      0.041      1.183      0.237

 Means
    F                  0.000      0.000    999.000    999.000

 Intercepts
    Y1                 1.839      0.025     74.761      0.000
    Y2                 1.851      0.024     77.340      0.000
    Y3                 3.128      0.024    130.832      0.000
    Y4                 3.075      0.024    128.195      0.000
    Y5                 3.130      0.032     96.932      0.000
    Y6                 1.183      0.015     80.213      0.000
    Y7                 1.172      0.014     86.303      0.000
    Y8                 1.166      0.013     87.287      0.000
    Y9                 1.816      0.022     81.202      0.000
    Y10                1.863      0.025     75.540      0.000

 Variances
    F                  1.000      0.000    999.000    999.000

 Residual Variances
    Y1                 0.339      0.018     19.173      0.000
    Y2                 0.348      0.018     19.749      0.000
    Y3                 0.356      0.018     19.885      0.000
    Y4                 0.349      0.018     19.705      0.000
    Y5                 0.365      0.019     19.604      0.000
    Y6                 0.157      0.008     20.800      0.000
    Y7                 0.136      0.006     20.894      0.000
    Y8                 0.138      0.007     21.150      0.000
    Y9                 0.329      0.016     20.260      0.000
    Y10                0.357      0.018     19.516      0.000

New/Additional Parameters
    L5_0               0.496      0.036     13.687      0.000
    L5_1              -0.011      0.023     -0.463      0.644
    L5_2              -0.010      0.045     -0.230      0.818


QUALITY OF NUMERICAL RESULTS

     Condition Number for the Information Matrix              0.406E-04
       (ratio of smallest to largest eigenvalue)


     Beginning Time:  00:24:18
        Ending Time:  00:24:21
       Elapsed Time:  00:00:03



MUTHEN & MUTHEN
3463 Stoner Ave.
Los Angeles, CA  90066

Tel: (310) 391-9971
Fax: (310) 391-8971
Web: www.StatModel.com
Support: Support@StatModel.com

Copyright (c) 1998-2019 Muthen & Muthen
