Mplus VERSION 8.3
MUTHEN & MUTHEN
04/24/2024  12:11 AM

INPUT INSTRUCTIONS


  TITLE: Test with 10 reps

  DATA:
  File is
  G1_B2_N3_rep231.csv;

  VARIABLE:
      Names are x1 x2 eta
  	y1 y2 y3 y4 y5 y6 y7 y8 y9 y10;
      Usevariables are y1-y10 x1 x2;
      constraint = x1 x2;

  MODEL:
      f BY y1* (l1);
      f BY y2* (l2);
      f BY y3* (l3);
      f BY y4* (l4);
      f BY y5* (l5);
      f BY y6* (l6);
      f BY y7* (l7);
      f BY y8* (l8);
      f BY y9* (l9);
      f BY y10* (l10);

  y6 ON x1 x2;
  f@1;
  [f@0];

  MODEL CONSTRAINT:
      new (l6_0 l6_1 l6_2);
      l6 = l6_0 + l6_1*x1 + l6_2*x2;




INPUT READING TERMINATED NORMALLY



Test with 10 reps

SUMMARY OF ANALYSIS

Number of groups                                                 1
Number of observations                                        1000

Number of dependent variables                                   10
Number of independent variables                                  2
Number of continuous latent variables                            1

Observed dependent variables

  Continuous
   Y1          Y2          Y3          Y4          Y5          Y6
   Y7          Y8          Y9          Y10

Observed independent variables
   X1          X2

Continuous latent variables
   F


Estimator                                                       ML
Information matrix                                        OBSERVED
Maximum number of iterations                                  1000
Convergence criterion                                    0.500D-04
Maximum number of steepest descent iterations                   20

Input data file(s)
  G1_B2_N3_rep231.csv

Input data format  FREE



UNIVARIATE SAMPLE STATISTICS


     UNIVARIATE HIGHER-ORDER MOMENT DESCRIPTIVE STATISTICS

         Variable/         Mean/     Skewness/   Minimum/ % with                Percentiles
        Sample Size      Variance    Kurtosis    Maximum  Min/Max      20%/60%    40%/80%    Median

     Y1                    1.868       0.609       1.000   32.80%       1.000      2.000      2.000
            1000.000       0.557       0.296       5.000    0.20%       2.000      2.000
     Y2                    1.833       0.722       1.000   34.30%       1.000      2.000      2.000
            1000.000       0.545       0.726       5.000    0.30%       2.000      2.000
     Y3                    3.148      -0.081       1.000    1.40%       3.000      3.000      3.000
            1000.000       0.566       0.163       5.000    2.60%       3.000      4.000
     Y4                    3.114      -0.003       1.000    1.10%       3.000      3.000      3.000
            1000.000       0.579      -0.079       5.000    2.50%       3.000      4.000
     Y5                    3.115       0.021       1.000    0.70%       3.000      3.000      3.000
            1000.000       0.532      -0.090       5.000    2.00%       3.000      4.000
     Y6                    1.157       3.377       1.000   85.80%       1.000      1.000      1.000
            1000.000       0.176      16.076       5.000    0.10%       1.000      1.000
     Y7                    1.176       3.386       1.000   84.40%       1.000      1.000      1.000
            1000.000       0.205      16.405       5.000    0.20%       1.000      1.000
     Y8                    1.181       2.829       1.000   84.10%       1.000      1.000      1.000
            1000.000       0.202       9.516       4.000    0.50%       1.000      1.000
     Y9                    1.830       0.720       1.000   35.70%       1.000      2.000      2.000
            1000.000       0.575       0.366       5.000    0.10%       2.000      2.000
     Y10                   1.829       0.696       1.000   33.90%       1.000      2.000      2.000
            1000.000       0.528       0.655       5.000    0.20%       2.000      2.000
     X1                   -0.029       0.040      -3.297    0.10%      -0.911     -0.300     -0.054
            1000.000       1.045       0.050       3.545    0.10%       0.273      0.816
     X2                    0.506      -0.024       0.000   49.40%       0.000      0.000      1.000
            1000.000       0.250      -1.999       1.000   50.60%       1.000      1.000


THE MODEL ESTIMATION TERMINATED NORMALLY



MODEL FIT INFORMATION

Number of Free Parameters                       34

Loglikelihood

          H0 Value                       -8337.043

Information Criteria

          Akaike (AIC)                   16742.087
          Bayesian (BIC)                 16908.951
          Sample-Size Adjusted BIC       16800.965
            (n* = (n + 2) / 24)



MODEL RESULTS

                                                    Two-Tailed
                    Estimate       S.E.  Est./S.E.    P-Value

 F        BY
    Y1                 0.478      0.023     21.153      0.000
    Y2                 0.480      0.022     21.544      0.000
    Y3                 0.473      0.023     20.667      0.000
    Y4                 0.477      0.023     20.563      0.000
    Y5                 0.473      0.022     21.510      0.000
    Y6               999.000      0.000    999.000    999.000
    Y7                 0.235      0.014     16.368      0.000
    Y8                 0.235      0.014     16.499      0.000
    Y9                 0.493      0.023     21.564      0.000
    Y10                0.459      0.022     20.812      0.000

 Y6       ON
    X1                -0.005      0.012     -0.390      0.696
    X2                -0.044      0.025     -1.802      0.072

 Means
    F                  0.000      0.000    999.000    999.000

 Intercepts
    Y1                 1.868      0.024     79.180      0.000
    Y2                 1.833      0.023     78.509      0.000
    Y3                 3.148      0.024    132.309      0.000
    Y4                 3.114      0.024    129.413      0.000
    Y5                 3.115      0.023    135.081      0.000
    Y6                 1.173      0.019     63.218      0.000
    Y7                 1.176      0.014     82.131      0.000
    Y8                 1.181      0.014     83.046      0.000
    Y9                 1.830      0.024     76.310      0.000
    Y10                1.829      0.023     79.615      0.000

 Variances
    F                  1.000      0.000    999.000    999.000

 Residual Variances
    Y1                 0.328      0.017     19.689      0.000
    Y2                 0.315      0.016     19.572      0.000
    Y3                 0.342      0.017     19.833      0.000
    Y4                 0.352      0.018     19.879      0.000
    Y5                 0.308      0.016     19.568      0.000
    Y6                 0.135      0.006     21.118      0.000
    Y7                 0.150      0.007     20.916      0.000
    Y8                 0.147      0.007     20.916      0.000
    Y9                 0.332      0.017     19.559      0.000
    Y10                0.317      0.016     19.817      0.000

New/Additional Parameters
    L6_0               0.201      0.020      9.987      0.000
    L6_1               0.030      0.013      2.361      0.018
    L6_2               0.005      0.027      0.200      0.842


QUALITY OF NUMERICAL RESULTS

     Condition Number for the Information Matrix              0.397E-04
       (ratio of smallest to largest eigenvalue)


     Beginning Time:  00:11:33
        Ending Time:  00:11:35
       Elapsed Time:  00:00:02



MUTHEN & MUTHEN
3463 Stoner Ave.
Los Angeles, CA  90066

Tel: (310) 391-9971
Fax: (310) 391-8971
Web: www.StatModel.com
Support: Support@StatModel.com

Copyright (c) 1998-2019 Muthen & Muthen
