Mplus VERSION 8.3
MUTHEN & MUTHEN
04/24/2024  12:10 AM

INPUT INSTRUCTIONS


  TITLE: Test with 10 reps

  DATA:
  File is
  G1_B2_N3_rep229.csv;

  VARIABLE:
      Names are x1 x2 eta
  	y1 y2 y3 y4 y5 y6 y7 y8 y9 y10;
      Usevariables are y1-y10 x1 x2;
      constraint = x1 x2;

  MODEL:
      f BY y1* (l1);
      f BY y2* (l2);
      f BY y3* (l3);
      f BY y4* (l4);
      f BY y5* (l5);
      f BY y6* (l6);
      f BY y7* (l7);
      f BY y8* (l8);
      f BY y9* (l9);
      f BY y10* (l10);

  y3 ON x1 x2;
  f@1;
  [f@0];

  MODEL CONSTRAINT:
      new (l3_0 l3_1 l3_2);
      l3 = l3_0 + l3_1*x1 + l3_2*x2;




INPUT READING TERMINATED NORMALLY



Test with 10 reps

SUMMARY OF ANALYSIS

Number of groups                                                 1
Number of observations                                        1000

Number of dependent variables                                   10
Number of independent variables                                  2
Number of continuous latent variables                            1

Observed dependent variables

  Continuous
   Y1          Y2          Y3          Y4          Y5          Y6
   Y7          Y8          Y9          Y10

Observed independent variables
   X1          X2

Continuous latent variables
   F


Estimator                                                       ML
Information matrix                                        OBSERVED
Maximum number of iterations                                  1000
Convergence criterion                                    0.500D-04
Maximum number of steepest descent iterations                   20

Input data file(s)
  G1_B2_N3_rep229.csv

Input data format  FREE



UNIVARIATE SAMPLE STATISTICS


     UNIVARIATE HIGHER-ORDER MOMENT DESCRIPTIVE STATISTICS

         Variable/         Mean/     Skewness/   Minimum/ % with                Percentiles
        Sample Size      Variance    Kurtosis    Maximum  Min/Max      20%/60%    40%/80%    Median

     Y1                    1.796       0.584       1.000   36.20%       1.000      2.000      2.000
            1000.000       0.508       0.134       5.000    0.10%       2.000      2.000
     Y2                    1.813       0.851       1.000   35.10%       1.000      2.000      2.000
            1000.000       0.542       1.316       5.000    0.50%       2.000      2.000
     Y3                    3.107      -0.064       1.000    1.10%       3.000      3.000      3.000
            1000.000       0.564      -0.142       5.000    1.90%       3.000      4.000
     Y4                    3.100      -0.103       1.000    1.10%       3.000      3.000      3.000
            1000.000       0.550      -0.171       5.000    1.50%       3.000      4.000
     Y5                    3.096      -0.027       1.000    1.20%       3.000      3.000      3.000
            1000.000       0.557       0.017       5.000    2.10%       3.000      4.000
     Y6                    1.151       2.603       1.000   85.90%       1.000      1.000      1.000
            1000.000       0.150       7.125       4.000    0.10%       1.000      1.000
     Y7                    1.165       2.933       1.000   84.90%       1.000      1.000      1.000
            1000.000       0.174      11.956       5.000    0.10%       1.000      1.000
     Y8                    1.153       3.189       1.000   86.40%       1.000      1.000      1.000
            1000.000       0.172      13.562       5.000    0.10%       1.000      1.000
     Y9                    1.790       0.768       1.000   36.40%       1.000      2.000      2.000
            1000.000       0.524       0.804       5.000    0.20%       2.000      2.000
     Y10                   1.819       0.928       1.000   34.70%       1.000      2.000      2.000
            1000.000       0.556       1.503       5.000    0.50%       2.000      2.000
     X1                   -0.013       0.059      -3.300    0.10%      -0.839     -0.279     -0.014
            1000.000       1.018       0.102       3.682    0.10%       0.233      0.834
     X2                    0.478       0.088       0.000   52.20%       0.000      0.000      0.000
            1000.000       0.250      -1.992       1.000   47.80%       1.000      1.000


THE MODEL ESTIMATION TERMINATED NORMALLY



MODEL FIT INFORMATION

Number of Free Parameters                       34

Loglikelihood

          H0 Value                       -8040.759

Information Criteria

          Akaike (AIC)                   16149.517
          Bayesian (BIC)                 16316.381
          Sample-Size Adjusted BIC       16208.395
            (n* = (n + 2) / 24)



MODEL RESULTS

                                                    Two-Tailed
                    Estimate       S.E.  Est./S.E.    P-Value

 F        BY
    Y1                 0.454      0.022     20.992      0.000
    Y2                 0.454      0.023     20.167      0.000
    Y3               999.000      0.000    999.000    999.000
    Y4                 0.476      0.022     21.182      0.000
    Y5                 0.481      0.023     21.323      0.000
    Y6                 0.187      0.012     15.018      0.000
    Y7                 0.211      0.013     15.888      0.000
    Y8                 0.211      0.013     15.956      0.000
    Y9                 0.419      0.022     18.645      0.000
    Y10                0.492      0.022     21.955      0.000

 Y3       ON
    X1                 0.006      0.019      0.322      0.747
    X2                -0.015      0.039     -0.390      0.697

 Means
    F                  0.000      0.000    999.000    999.000

 Intercepts
    Y1                 1.796      0.023     79.655      0.000
    Y2                 1.813      0.023     77.873      0.000
    Y3                 3.136      0.032     97.806      0.000
    Y4                 3.100      0.023    132.184      0.000
    Y5                 3.096      0.024    131.207      0.000
    Y6                 1.151      0.012     93.917      0.000
    Y7                 1.165      0.013     88.376      0.000
    Y8                 1.153      0.013     88.020      0.000
    Y9                 1.790      0.023     78.204      0.000
    Y10                1.819      0.024     77.126      0.000

 Variances
    F                  1.000      0.000    999.000    999.000

 Residual Variances
    Y1                 0.302      0.015     19.749      0.000
    Y2                 0.336      0.017     19.995      0.000
    Y3                 0.297      0.016     18.653      0.000
    Y4                 0.324      0.016     19.669      0.000
    Y5                 0.325      0.017     19.627      0.000
    Y6                 0.115      0.005     21.171      0.000
    Y7                 0.129      0.006     21.005      0.000
    Y8                 0.127      0.006     20.974      0.000
    Y9                 0.349      0.017     20.436      0.000
    Y10                0.314      0.016     19.394      0.000

New/Additional Parameters
    L3_0               0.593      0.034     17.376      0.000
    L3_1              -0.035      0.019     -1.846      0.065
    L3_2              -0.140      0.042     -3.372      0.001


QUALITY OF NUMERICAL RESULTS

     Condition Number for the Information Matrix              0.290E-04
       (ratio of smallest to largest eigenvalue)


     Beginning Time:  00:10:07
        Ending Time:  00:10:09
       Elapsed Time:  00:00:02



MUTHEN & MUTHEN
3463 Stoner Ave.
Los Angeles, CA  90066

Tel: (310) 391-9971
Fax: (310) 391-8971
Web: www.StatModel.com
Support: Support@StatModel.com

Copyright (c) 1998-2019 Muthen & Muthen
