Mplus VERSION 8.3
MUTHEN & MUTHEN
04/24/2024  12:26 AM

INPUT INSTRUCTIONS


  TITLE: Test with 10 reps

  DATA:
  File is
  G1_B2_N3_rep261.csv;

  VARIABLE:
      Names are x1 x2 eta
  	y1 y2 y3 y4 y5 y6 y7 y8 y9 y10;
      Usevariables are y1-y10 x1 x2;
      constraint = x1 x2;

  MODEL:
      f BY y1* (l1);
      f BY y2* (l2);
      f BY y3* (l3);
      f BY y4* (l4);
      f BY y5* (l5);
      f BY y6* (l6);
      f BY y7* (l7);
      f BY y8* (l8);
      f BY y9* (l9);
      f BY y10* (l10);

  y5 ON x1 x2;
  f@1;
  [f@0];

  MODEL CONSTRAINT:
      new (l5_0 l5_1 l5_2);
      l5 = l5_0 + l5_1*x1 + l5_2*x2;




INPUT READING TERMINATED NORMALLY



Test with 10 reps

SUMMARY OF ANALYSIS

Number of groups                                                 1
Number of observations                                        1000

Number of dependent variables                                   10
Number of independent variables                                  2
Number of continuous latent variables                            1

Observed dependent variables

  Continuous
   Y1          Y2          Y3          Y4          Y5          Y6
   Y7          Y8          Y9          Y10

Observed independent variables
   X1          X2

Continuous latent variables
   F


Estimator                                                       ML
Information matrix                                        OBSERVED
Maximum number of iterations                                  1000
Convergence criterion                                    0.500D-04
Maximum number of steepest descent iterations                   20

Input data file(s)
  G1_B2_N3_rep261.csv

Input data format  FREE



UNIVARIATE SAMPLE STATISTICS


     UNIVARIATE HIGHER-ORDER MOMENT DESCRIPTIVE STATISTICS

         Variable/         Mean/     Skewness/   Minimum/ % with                Percentiles
        Sample Size      Variance    Kurtosis    Maximum  Min/Max      20%/60%    40%/80%    Median

     Y1                    1.852       0.811       1.000   32.80%       1.000      2.000      2.000
            1000.000       0.556       1.099       5.000    0.40%       2.000      2.000
     Y2                    1.849       0.740       1.000   34.40%       1.000      2.000      2.000
            1000.000       0.576       0.708       5.000    0.40%       2.000      2.000
     Y3                    3.161      -0.017       1.000    1.00%       3.000      3.000      3.000
            1000.000       0.563       0.032       5.000    2.80%       3.000      4.000
     Y4                    3.125      -0.017       1.000    1.30%       3.000      3.000      3.000
            1000.000       0.555       0.211       5.000    2.60%       3.000      4.000
     Y5                    3.129       0.046       1.000    1.10%       3.000      3.000      3.000
            1000.000       0.598      -0.039       5.000    3.20%       3.000      4.000
     Y6                    1.176       2.267       1.000   83.80%       1.000      1.000      1.000
            1000.000       0.173       4.482       3.000    1.40%       1.000      1.000
     Y7                    1.191       2.875       1.000   83.50%       1.000      1.000      1.000
            1000.000       0.221       9.914       4.000    0.70%       1.000      1.000
     Y8                    1.186       2.721       1.000   83.30%       1.000      1.000      1.000
            1000.000       0.199       9.050       4.000    0.50%       1.000      1.000
     Y9                    1.839       0.628       1.000   33.80%       1.000      2.000      2.000
            1000.000       0.535       0.309       5.000    0.10%       2.000      2.000
     Y10                   1.863       0.750       1.000   33.00%       1.000      2.000      2.000
            1000.000       0.568       0.910       5.000    0.50%       2.000      2.000
     X1                   -0.011       0.138      -3.300    0.10%      -0.823     -0.319     -0.053
            1000.000       0.933       0.046       3.147    0.10%       0.196      0.796
     X2                    0.489       0.044       0.000   51.10%       0.000      0.000      0.000
            1000.000       0.250      -1.998       1.000   48.90%       1.000      1.000


THE MODEL ESTIMATION TERMINATED NORMALLY



MODEL FIT INFORMATION

Number of Free Parameters                       34

Loglikelihood

          H0 Value                       -8300.327

Information Criteria

          Akaike (AIC)                   16668.654
          Bayesian (BIC)                 16835.518
          Sample-Size Adjusted BIC       16727.532
            (n* = (n + 2) / 24)



MODEL RESULTS

                                                    Two-Tailed
                    Estimate       S.E.  Est./S.E.    P-Value

 F        BY
    Y1                 0.491      0.022     22.032      0.000
    Y2                 0.479      0.023     20.856      0.000
    Y3                 0.483      0.023     21.369      0.000
    Y4                 0.487      0.022     21.781      0.000
    Y5               999.000      0.000    999.000    999.000
    Y6                 0.224      0.013     17.148      0.000
    Y7                 0.266      0.015     18.220      0.000
    Y8                 0.238      0.014     17.003      0.000
    Y9                 0.480      0.022     21.918      0.000
    Y10                0.488      0.023     21.525      0.000

 Y5       ON
    X1                 0.019      0.021      0.939      0.348
    X2                 0.128      0.040      3.178      0.001

 Means
    F                  0.000      0.000    999.000    999.000

 Intercepts
    Y1                 1.852      0.024     78.536      0.000
    Y2                 1.849      0.024     77.028      0.000
    Y3                 3.161      0.024    133.211      0.000
    Y4                 3.125      0.024    132.604      0.000
    Y5                 3.068      0.032     97.342      0.000
    Y6                 1.176      0.013     89.404      0.000
    Y7                 1.191      0.015     80.203      0.000
    Y8                 1.186      0.014     83.988      0.000
    Y9                 1.839      0.023     79.501      0.000
    Y10                1.863      0.024     78.154      0.000

 Variances
    F                  1.000      0.000    999.000    999.000

 Residual Variances
    Y1                 0.315      0.016     19.615      0.000
    Y2                 0.347      0.017     19.994      0.000
    Y3                 0.330      0.017     19.823      0.000
    Y4                 0.319      0.016     19.689      0.000
    Y5                 0.345      0.017     19.876      0.000
    Y6                 0.123      0.006     20.895      0.000
    Y7                 0.150      0.007     20.650      0.000
    Y8                 0.143      0.007     20.910      0.000
    Y9                 0.305      0.016     19.654      0.000
    Y10                0.331      0.017     19.792      0.000

New/Additional Parameters
    L5_0               0.474      0.034     13.793      0.000
    L5_1              -0.023      0.020     -1.143      0.253
    L5_2               0.019      0.043      0.443      0.658


QUALITY OF NUMERICAL RESULTS

     Condition Number for the Information Matrix              0.337E-04
       (ratio of smallest to largest eigenvalue)


     Beginning Time:  00:26:03
        Ending Time:  00:26:05
       Elapsed Time:  00:00:02



MUTHEN & MUTHEN
3463 Stoner Ave.
Los Angeles, CA  90066

Tel: (310) 391-9971
Fax: (310) 391-8971
Web: www.StatModel.com
Support: Support@StatModel.com

Copyright (c) 1998-2019 Muthen & Muthen
