Mplus VERSION 8.3
MUTHEN & MUTHEN
04/24/2024  12:00 AM

INPUT INSTRUCTIONS


  TITLE: Test with 10 reps

  DATA:
  File is
  G1_B2_N3_rep209.csv;

  VARIABLE:
      Names are x1 x2 eta
  	y1 y2 y3 y4 y5 y6 y7 y8 y9 y10;
      Usevariables are y1-y10 x1 x2;
      constraint = x1 x2;

  MODEL:
      f BY y1* (l1);
      f BY y2* (l2);
      f BY y3* (l3);
      f BY y4* (l4);
      f BY y5* (l5);
      f BY y6* (l6);
      f BY y7* (l7);
      f BY y8* (l8);
      f BY y9* (l9);
      f BY y10* (l10);

  y2 ON x1 x2;
  f@1;
  [f@0];

  MODEL CONSTRAINT:
      new (l2_0 l2_1 l2_2);
      l2 = l2_0 + l2_1*x1 + l2_2*x2;




INPUT READING TERMINATED NORMALLY



Test with 10 reps

SUMMARY OF ANALYSIS

Number of groups                                                 1
Number of observations                                        1000

Number of dependent variables                                   10
Number of independent variables                                  2
Number of continuous latent variables                            1

Observed dependent variables

  Continuous
   Y1          Y2          Y3          Y4          Y5          Y6
   Y7          Y8          Y9          Y10

Observed independent variables
   X1          X2

Continuous latent variables
   F


Estimator                                                       ML
Information matrix                                        OBSERVED
Maximum number of iterations                                  1000
Convergence criterion                                    0.500D-04
Maximum number of steepest descent iterations                   20

Input data file(s)
  G1_B2_N3_rep209.csv

Input data format  FREE



UNIVARIATE SAMPLE STATISTICS


     UNIVARIATE HIGHER-ORDER MOMENT DESCRIPTIVE STATISTICS

         Variable/         Mean/     Skewness/   Minimum/ % with                Percentiles
        Sample Size      Variance    Kurtosis    Maximum  Min/Max      20%/60%    40%/80%    Median

     Y1                    1.792       0.756       1.000   35.70%       1.000      2.000      2.000
            1000.000       0.509       0.981       5.000    0.30%       2.000      2.000
     Y2                    1.829       0.708       1.000   32.90%       1.000      2.000      2.000
            1000.000       0.510       0.744       5.000    0.10%       2.000      2.000
     Y3                    3.136       0.056       1.000    0.50%       3.000      3.000      3.000
            1000.000       0.500       0.012       5.000    2.00%       3.000      4.000
     Y4                    3.085       0.047       1.000    0.70%       3.000      3.000      3.000
            1000.000       0.540      -0.154       5.000    1.90%       3.000      4.000
     Y5                    3.117      -0.034       1.000    0.80%       3.000      3.000      3.000
            1000.000       0.519      -0.048       5.000    1.70%       3.000      4.000
     Y6                    1.156       2.887       1.000   85.80%       1.000      1.000      1.000
            1000.000       0.166       9.962       4.000    0.30%       1.000      1.000
     Y7                    1.167       2.892       1.000   85.20%       1.000      1.000      1.000
            1000.000       0.183      10.725       5.000    0.10%       1.000      1.000
     Y8                    1.150       2.392       1.000   85.80%       1.000      1.000      1.000
            1000.000       0.144       4.969       3.000    0.80%       1.000      1.000
     Y9                    1.828       0.648       1.000   33.10%       1.000      2.000      2.000
            1000.000       0.500       0.778       5.000    0.30%       2.000      2.000
     Y10                   1.840       0.595       1.000   32.20%       1.000      2.000      2.000
            1000.000       0.498       0.449       5.000    0.10%       2.000      2.000
     X1                    0.001       0.084      -3.161    0.10%      -0.825     -0.292     -0.008
            1000.000       1.015       0.050       4.100    0.10%       0.246      0.865
     X2                    0.483       0.068       0.000   51.70%       0.000      0.000      0.000
            1000.000       0.250      -1.995       1.000   48.30%       1.000      1.000


THE MODEL ESTIMATION TERMINATED NORMALLY



MODEL FIT INFORMATION

Number of Free Parameters                       34

Loglikelihood

          H0 Value                       -7840.089

Information Criteria

          Akaike (AIC)                   15748.178
          Bayesian (BIC)                 15915.042
          Sample-Size Adjusted BIC       15807.056
            (n* = (n + 2) / 24)



MODEL RESULTS

                                                    Two-Tailed
                    Estimate       S.E.  Est./S.E.    P-Value

 F        BY
    Y1                 0.457      0.022     21.057      0.000
    Y2               999.000      0.000    999.000    999.000
    Y3                 0.435      0.022     20.037      0.000
    Y4                 0.469      0.022     20.965      0.000
    Y5                 0.435      0.022     19.576      0.000
    Y6                 0.200      0.013     15.356      0.000
    Y7                 0.220      0.014     16.135      0.000
    Y8                 0.187      0.012     15.435      0.000
    Y9                 0.457      0.021     21.299      0.000
    Y10                0.464      0.021     21.765      0.000

 Y2       ON
    X1                 0.052      0.019      2.748      0.006
    X2                -0.003      0.038     -0.078      0.938

 Means
    F                  0.000      0.000    999.000    999.000

 Intercepts
    Y1                 1.792      0.023     79.450      0.000
    Y2                 1.834      0.030     62.096      0.000
    Y3                 3.136      0.022    140.316      0.000
    Y4                 3.085      0.023    132.785      0.000
    Y5                 3.117      0.023    136.780      0.000
    Y6                 1.156      0.013     89.814      0.000
    Y7                 1.167      0.014     86.241      0.000
    Y8                 1.150      0.012     96.000      0.000
    Y9                 1.828      0.022     81.717      0.000
    Y10                1.840      0.022     82.419      0.000

 Variances
    F                  1.000      0.000    999.000    999.000

 Residual Variances
    Y1                 0.300      0.015     19.568      0.000
    Y2                 0.308      0.015     19.881      0.000
    Y3                 0.310      0.016     19.920      0.000
    Y4                 0.320      0.016     19.611      0.000
    Y5                 0.330      0.016     20.073      0.000
    Y6                 0.126      0.006     21.078      0.000
    Y7                 0.135      0.006     20.905      0.000
    Y8                 0.108      0.005     21.065      0.000
    Y9                 0.292      0.015     19.485      0.000
    Y10                0.283      0.015     19.313      0.000

New/Additional Parameters
    L2_0               0.444      0.031     14.191      0.000
    L2_1              -0.006      0.020     -0.317      0.752
    L2_2              -0.018      0.041     -0.445      0.656


QUALITY OF NUMERICAL RESULTS

     Condition Number for the Information Matrix              0.259E-04
       (ratio of smallest to largest eigenvalue)


     Beginning Time:  00:00:15
        Ending Time:  00:00:18
       Elapsed Time:  00:00:03



MUTHEN & MUTHEN
3463 Stoner Ave.
Los Angeles, CA  90066

Tel: (310) 391-9971
Fax: (310) 391-8971
Web: www.StatModel.com
Support: Support@StatModel.com

Copyright (c) 1998-2019 Muthen & Muthen
