Mplus VERSION 8.3
MUTHEN & MUTHEN
04/24/2024  12:52 AM

INPUT INSTRUCTIONS


  TITLE: Test with 10 reps

  DATA:
  File is
  G1_B2_N3_rep314.csv;

  VARIABLE:
      Names are x1 x2 eta
  	y1 y2 y3 y4 y5 y6 y7 y8 y9 y10;
      Usevariables are y1-y10 x1 x2;
      constraint = x1 x2;

  MODEL:
      f BY y1* (l1);
      f BY y2* (l2);
      f BY y3* (l3);
      f BY y4* (l4);
      f BY y5* (l5);
      f BY y6* (l6);
      f BY y7* (l7);
      f BY y8* (l8);
      f BY y9* (l9);
      f BY y10* (l10);

  y5 ON x1 x2;
  f@1;
  [f@0];

  MODEL CONSTRAINT:
      new (l5_0 l5_1 l5_2);
      l5 = l5_0 + l5_1*x1 + l5_2*x2;




INPUT READING TERMINATED NORMALLY



Test with 10 reps

SUMMARY OF ANALYSIS

Number of groups                                                 1
Number of observations                                        1000

Number of dependent variables                                   10
Number of independent variables                                  2
Number of continuous latent variables                            1

Observed dependent variables

  Continuous
   Y1          Y2          Y3          Y4          Y5          Y6
   Y7          Y8          Y9          Y10

Observed independent variables
   X1          X2

Continuous latent variables
   F


Estimator                                                       ML
Information matrix                                        OBSERVED
Maximum number of iterations                                  1000
Convergence criterion                                    0.500D-04
Maximum number of steepest descent iterations                   20

Input data file(s)
  G1_B2_N3_rep314.csv

Input data format  FREE



UNIVARIATE SAMPLE STATISTICS


     UNIVARIATE HIGHER-ORDER MOMENT DESCRIPTIVE STATISTICS

         Variable/         Mean/     Skewness/   Minimum/ % with                Percentiles
        Sample Size      Variance    Kurtosis    Maximum  Min/Max      20%/60%    40%/80%    Median

     Y1                    1.831       0.942       1.000   32.70%       1.000      2.000      2.000
            1000.000       0.528       1.993       5.000    0.70%       2.000      2.000
     Y2                    1.836       0.901       1.000   36.20%       1.000      2.000      2.000
            1000.000       0.619       1.084       5.000    0.60%       2.000      2.000
     Y3                    3.090      -0.083       1.000    1.50%       3.000      3.000      3.000
            1000.000       0.576      -0.018       5.000    2.00%       3.000      4.000
     Y4                    3.114       0.019       1.000    1.00%       3.000      3.000      3.000
            1000.000       0.585      -0.135       5.000    2.60%       3.000      4.000
     Y5                    3.101       0.026       1.000    1.20%       2.000      3.000      3.000
            1000.000       0.607      -0.135       5.000    2.80%       3.000      4.000
     Y6                    1.163       2.758       1.000   85.50%       1.000      1.000      1.000
            1000.000       0.176       8.337       4.000    0.20%       1.000      1.000
     Y7                    1.163       3.324       1.000   85.80%       1.000      1.000      1.000
            1000.000       0.192      14.626       5.000    0.10%       1.000      1.000
     Y8                    1.158       2.855       1.000   85.60%       1.000      1.000      1.000
            1000.000       0.167       9.730       4.000    0.30%       1.000      1.000
     Y9                    1.807       0.893       1.000   37.10%       1.000      2.000      2.000
            1000.000       0.584       1.133       5.000    0.50%       2.000      2.000
     Y10                   1.881       0.776       1.000   30.80%       1.000      2.000      2.000
            1000.000       0.555       1.062       5.000    0.40%       2.000      2.000
     X1                    0.014       0.063      -2.714    0.10%      -0.843     -0.247     -0.012
            1000.000       0.998      -0.212       3.419    0.10%       0.253      0.888
     X2                    0.507      -0.028       0.000   49.30%       0.000      0.000      1.000
            1000.000       0.250      -1.999       1.000   50.70%       1.000      1.000


THE MODEL ESTIMATION TERMINATED NORMALLY



MODEL FIT INFORMATION

Number of Free Parameters                       34

Loglikelihood

          H0 Value                       -8314.952

Information Criteria

          Akaike (AIC)                   16697.904
          Bayesian (BIC)                 16864.768
          Sample-Size Adjusted BIC       16756.782
            (n* = (n + 2) / 24)



MODEL RESULTS

                                                    Two-Tailed
                    Estimate       S.E.  Est./S.E.    P-Value

 F        BY
    Y1                 0.472      0.022     21.530      0.000
    Y2                 0.516      0.024     21.851      0.000
    Y3                 0.471      0.023     20.326      0.000
    Y4                 0.471      0.023     20.176      0.000
    Y5               999.000      0.000    999.000    999.000
    Y6                 0.215      0.013     16.132      0.000
    Y7                 0.233      0.014     16.838      0.000
    Y8                 0.228      0.013     17.827      0.000
    Y9                 0.490      0.023     21.206      0.000
    Y10                0.472      0.023     20.903      0.000

 Y5       ON
    X1                 0.040      0.020      1.977      0.048
    X2                 0.063      0.040      1.551      0.121

 Means
    F                  0.000      0.000    999.000    999.000

 Intercepts
    Y1                 1.831      0.023     79.651      0.000
    Y2                 1.836      0.025     73.789      0.000
    Y3                 3.090      0.024    128.762      0.000
    Y4                 3.114      0.024    128.748      0.000
    Y5                 3.081      0.033     93.104      0.000
    Y6                 1.163      0.013     87.558      0.000
    Y7                 1.163      0.014     83.838      0.000
    Y8                 1.158      0.013     89.599      0.000
    Y9                 1.807      0.024     74.790      0.000
    Y10                1.881      0.024     79.856      0.000

 Variances
    F                  1.000      0.000    999.000    999.000

 Residual Variances
    Y1                 0.306      0.016     19.643      0.000
    Y2                 0.352      0.018     19.522      0.000
    Y3                 0.354      0.018     19.989      0.000
    Y4                 0.363      0.018     20.045      0.000
    Y5                 0.342      0.018     19.368      0.000
    Y6                 0.130      0.006     21.004      0.000
    Y7                 0.138      0.007     20.865      0.000
    Y8                 0.115      0.006     20.643      0.000
    Y9                 0.344      0.017     19.722      0.000
    Y10                0.332      0.017     19.849      0.000

New/Additional Parameters
    L5_0               0.525      0.038     13.987      0.000
    L5_1              -0.039      0.020     -1.972      0.049
    L5_2              -0.035      0.044     -0.778      0.436


QUALITY OF NUMERICAL RESULTS

     Condition Number for the Information Matrix              0.301E-04
       (ratio of smallest to largest eigenvalue)


     Beginning Time:  00:52:10
        Ending Time:  00:52:12
       Elapsed Time:  00:00:02



MUTHEN & MUTHEN
3463 Stoner Ave.
Los Angeles, CA  90066

Tel: (310) 391-9971
Fax: (310) 391-8971
Web: www.StatModel.com
Support: Support@StatModel.com

Copyright (c) 1998-2019 Muthen & Muthen
