Mplus VERSION 8.3
MUTHEN & MUTHEN
04/24/2024   1:31 AM

INPUT INSTRUCTIONS


  TITLE: Test with 10 reps

  DATA:
  File is
  G1_B2_N3_rep395.csv;

  VARIABLE:
      Names are x1 x2 eta
  	y1 y2 y3 y4 y5 y6 y7 y8 y9 y10;
      Usevariables are y1-y10 x1 x2;
      constraint = x1 x2;

  MODEL:
      f BY y1* (l1);
      f BY y2* (l2);
      f BY y3* (l3);
      f BY y4* (l4);
      f BY y5* (l5);
      f BY y6* (l6);
      f BY y7* (l7);
      f BY y8* (l8);
      f BY y9* (l9);
      f BY y10* (l10);

  y5 ON x1 x2;
  f@1;
  [f@0];

  MODEL CONSTRAINT:
      new (l5_0 l5_1 l5_2);
      l5 = l5_0 + l5_1*x1 + l5_2*x2;




INPUT READING TERMINATED NORMALLY



Test with 10 reps

SUMMARY OF ANALYSIS

Number of groups                                                 1
Number of observations                                        1000

Number of dependent variables                                   10
Number of independent variables                                  2
Number of continuous latent variables                            1

Observed dependent variables

  Continuous
   Y1          Y2          Y3          Y4          Y5          Y6
   Y7          Y8          Y9          Y10

Observed independent variables
   X1          X2

Continuous latent variables
   F


Estimator                                                       ML
Information matrix                                        OBSERVED
Maximum number of iterations                                  1000
Convergence criterion                                    0.500D-04
Maximum number of steepest descent iterations                   20

Input data file(s)
  G1_B2_N3_rep395.csv

Input data format  FREE



UNIVARIATE SAMPLE STATISTICS


     UNIVARIATE HIGHER-ORDER MOMENT DESCRIPTIVE STATISTICS

         Variable/         Mean/     Skewness/   Minimum/ % with                Percentiles
        Sample Size      Variance    Kurtosis    Maximum  Min/Max      20%/60%    40%/80%    Median

     Y1                    1.816       0.758       1.000   36.80%       1.000      2.000      2.000
            1000.000       0.578       0.503       5.000    0.20%       2.000      2.000
     Y2                    1.858       0.745       1.000   33.70%       1.000      2.000      2.000
            1000.000       0.582       0.577       5.000    0.20%       2.000      2.000
     Y3                    3.107      -0.032       1.000    1.20%       2.000      3.000      3.000
            1000.000       0.600      -0.196       5.000    2.40%       3.000      4.000
     Y4                    3.071      -0.030       1.000    1.70%       2.000      3.000      3.000
            1000.000       0.626      -0.141       5.000    2.50%       3.000      4.000
     Y5                    3.116      -0.077       1.000    1.40%       3.000      3.000      3.000
            1000.000       0.583      -0.028       5.000    2.30%       3.000      4.000
     Y6                    1.166       2.421       1.000   84.50%       1.000      1.000      1.000
            1000.000       0.162       5.986       4.000    0.10%       1.000      1.000
     Y7                    1.175       2.701       1.000   83.90%       1.000      1.000      1.000
            1000.000       0.180       9.050       4.000    0.40%       1.000      1.000
     Y8                    1.164       2.448       1.000   84.70%       1.000      1.000      1.000
            1000.000       0.161       6.147       4.000    0.10%       1.000      1.000
     Y9                    1.820       0.832       1.000   35.40%       1.000      2.000      2.000
            1000.000       0.564       0.951       5.000    0.30%       2.000      2.000
     Y10                   1.805       0.647       1.000   35.80%       1.000      2.000      2.000
            1000.000       0.521       0.421       5.000    0.20%       2.000      2.000
     X1                   -0.005      -0.116      -3.153    0.10%      -0.863     -0.226      0.015
            1000.000       0.998      -0.094       2.617    0.10%       0.260      0.843
     X2                    0.473       0.108       0.000   52.70%       0.000      0.000      0.000
            1000.000       0.249      -1.988       1.000   47.30%       1.000      1.000


THE MODEL ESTIMATION TERMINATED NORMALLY



MODEL FIT INFORMATION

Number of Free Parameters                       34

Loglikelihood

          H0 Value                       -8302.773

Information Criteria

          Akaike (AIC)                   16673.545
          Bayesian (BIC)                 16840.409
          Sample-Size Adjusted BIC       16732.423
            (n* = (n + 2) / 24)



MODEL RESULTS

                                                    Two-Tailed
                    Estimate       S.E.  Est./S.E.    P-Value

 F        BY
    Y1                 0.507      0.023     22.227      0.000
    Y2                 0.462      0.023     19.674      0.000
    Y3                 0.484      0.024     20.465      0.000
    Y4                 0.530      0.024     22.329      0.000
    Y5               999.000      0.000    999.000    999.000
    Y6                 0.190      0.013     14.621      0.000
    Y7                 0.199      0.014     14.508      0.000
    Y8                 0.210      0.013     16.449      0.000
    Y9                 0.459      0.023     19.919      0.000
    Y10                0.468      0.022     21.432      0.000

 Y5       ON
    X1                 0.009      0.020      0.442      0.659
    X2                 0.155      0.040      3.862      0.000

 Means
    F                  0.000      0.000    999.000    999.000

 Intercepts
    Y1                 1.816      0.024     75.526      0.000
    Y2                 1.858      0.024     77.027      0.000
    Y3                 3.107      0.024    126.890      0.000
    Y4                 3.071      0.025    122.746      0.000
    Y5                 3.048      0.031     97.933      0.000
    Y6                 1.166      0.013     91.484      0.000
    Y7                 1.175      0.013     87.488      0.000
    Y8                 1.164      0.013     91.706      0.000
    Y9                 1.820      0.024     76.663      0.000
    Y10                1.805      0.023     79.080      0.000

 Variances
    F                  1.000      0.000    999.000    999.000

 Residual Variances
    Y1                 0.321      0.017     19.209      0.000
    Y2                 0.368      0.018     20.074      0.000
    Y3                 0.365      0.018     19.828      0.000
    Y4                 0.345      0.018     19.133      0.000
    Y5                 0.346      0.017     19.786      0.000
    Y6                 0.126      0.006     21.227      0.000
    Y7                 0.141      0.007     21.243      0.000
    Y8                 0.117      0.006     20.849      0.000
    Y9                 0.353      0.018     20.003      0.000
    Y10                0.302      0.015     19.492      0.000

New/Additional Parameters
    L5_0               0.487      0.034     14.397      0.000
    L5_1              -0.010      0.021     -0.486      0.627
    L5_2              -0.038      0.043     -0.895      0.371


QUALITY OF NUMERICAL RESULTS

     Condition Number for the Information Matrix              0.306E-04
       (ratio of smallest to largest eigenvalue)


     Beginning Time:  01:31:25
        Ending Time:  01:31:27
       Elapsed Time:  00:00:02



MUTHEN & MUTHEN
3463 Stoner Ave.
Los Angeles, CA  90066

Tel: (310) 391-9971
Fax: (310) 391-8971
Web: www.StatModel.com
Support: Support@StatModel.com

Copyright (c) 1998-2019 Muthen & Muthen
