Mplus VERSION 8.3
MUTHEN & MUTHEN
04/24/2024   1:15 AM

INPUT INSTRUCTIONS


  TITLE: Test with 10 reps

  DATA:
  File is
  G1_B2_N3_rep361.csv;

  VARIABLE:
      Names are x1 x2 eta
  	y1 y2 y3 y4 y5 y6 y7 y8 y9 y10;
      Usevariables are y1-y10 x1 x2;
      constraint = x1 x2;

  MODEL:
      f BY y1* (l1);
      f BY y2* (l2);
      f BY y3* (l3);
      f BY y4* (l4);
      f BY y5* (l5);
      f BY y6* (l6);
      f BY y7* (l7);
      f BY y8* (l8);
      f BY y9* (l9);
      f BY y10* (l10);

  y5 ON x1 x2;
  f@1;
  [f@0];

  MODEL CONSTRAINT:
      new (l5_0 l5_1 l5_2);
      l5 = l5_0 + l5_1*x1 + l5_2*x2;




INPUT READING TERMINATED NORMALLY



Test with 10 reps

SUMMARY OF ANALYSIS

Number of groups                                                 1
Number of observations                                        1000

Number of dependent variables                                   10
Number of independent variables                                  2
Number of continuous latent variables                            1

Observed dependent variables

  Continuous
   Y1          Y2          Y3          Y4          Y5          Y6
   Y7          Y8          Y9          Y10

Observed independent variables
   X1          X2

Continuous latent variables
   F


Estimator                                                       ML
Information matrix                                        OBSERVED
Maximum number of iterations                                  1000
Convergence criterion                                    0.500D-04
Maximum number of steepest descent iterations                   20

Input data file(s)
  G1_B2_N3_rep361.csv

Input data format  FREE



UNIVARIATE SAMPLE STATISTICS


     UNIVARIATE HIGHER-ORDER MOMENT DESCRIPTIVE STATISTICS

         Variable/         Mean/     Skewness/   Minimum/ % with                Percentiles
        Sample Size      Variance    Kurtosis    Maximum  Min/Max      20%/60%    40%/80%    Median

     Y1                    1.840       0.778       1.000   33.20%       1.000      2.000      2.000
            1000.000       0.536       1.179       5.000    0.50%       2.000      2.000
     Y2                    1.828       0.717       1.000   33.60%       1.000      2.000      2.000
            1000.000       0.522       0.769       5.000    0.20%       2.000      2.000
     Y3                    3.132      -0.066       1.000    1.30%       2.000      3.000      3.000
            1000.000       0.621      -0.222       5.000    2.70%       3.000      4.000
     Y4                    3.107      -0.105       1.000    1.40%       3.000      3.000      3.000
            1000.000       0.532       0.213       5.000    1.80%       3.000      4.000
     Y5                    3.084       0.132       1.000    0.90%       2.000      3.000      3.000
            1000.000       0.607      -0.157       5.000    3.10%       3.000      4.000
     Y6                    1.156       2.954       1.000   85.70%       1.000      1.000      1.000
            1000.000       0.164      11.987       5.000    0.10%       1.000      1.000
     Y7                    1.181       2.367       1.000   83.50%       1.000      1.000      1.000
            1000.000       0.182       5.576       4.000    0.10%       1.000      1.000
     Y8                    1.174       2.861       1.000   84.90%       1.000      1.000      1.000
            1000.000       0.198       9.383       4.000    0.40%       1.000      1.000
     Y9                    1.798       0.832       1.000   37.30%       1.000      2.000      2.000
            1000.000       0.563       0.949       5.000    0.40%       2.000      2.000
     Y10                   1.808       0.677       1.000   36.70%       1.000      2.000      2.000
            1000.000       0.549       0.352       5.000    0.20%       2.000      2.000
     X1                    0.012       0.110      -3.081    0.10%      -0.775     -0.233     -0.004
            1000.000       0.930       0.275       3.424    0.10%       0.227      0.810
     X2                    0.490       0.040       0.000   51.00%       0.000      0.000      0.000
            1000.000       0.250      -1.998       1.000   49.00%       1.000      1.000


THE MODEL ESTIMATION TERMINATED NORMALLY



MODEL FIT INFORMATION

Number of Free Parameters                       34

Loglikelihood

          H0 Value                       -8329.044

Information Criteria

          Akaike (AIC)                   16726.088
          Bayesian (BIC)                 16892.952
          Sample-Size Adjusted BIC       16784.966
            (n* = (n + 2) / 24)



MODEL RESULTS

                                                    Two-Tailed
                    Estimate       S.E.  Est./S.E.    P-Value

 F        BY
    Y1                 0.450      0.023     19.969      0.000
    Y2                 0.437      0.022     19.601      0.000
    Y3                 0.508      0.024     21.248      0.000
    Y4                 0.441      0.022     19.611      0.000
    Y5               999.000      0.000    999.000    999.000
    Y6                 0.204      0.013     15.810      0.000
    Y7                 0.210      0.014     15.304      0.000
    Y8                 0.234      0.014     16.579      0.000
    Y9                 0.482      0.023     21.108      0.000
    Y10                0.491      0.022     22.016      0.000

 Y5       ON
    X1                 0.018      0.021      0.852      0.394
    X2                 0.024      0.041      0.585      0.558

 Means
    F                  0.000      0.000    999.000    999.000

 Intercepts
    Y1                 1.840      0.023     79.446      0.000
    Y2                 1.828      0.023     79.978      0.000
    Y3                 3.132      0.025    125.726      0.000
    Y4                 3.107      0.023    134.763      0.000
    Y5                 3.078      0.033     93.655      0.000
    Y6                 1.156      0.013     90.361      0.000
    Y7                 1.181      0.013     87.484      0.000
    Y8                 1.174      0.014     83.491      0.000
    Y9                 1.798      0.024     75.764      0.000
    Y10                1.808      0.023     77.154      0.000

 Variances
    F                  1.000      0.000    999.000    999.000

 Residual Variances
    Y1                 0.334      0.017     19.930      0.000
    Y2                 0.331      0.017     20.045      0.000
    Y3                 0.362      0.019     19.487      0.000
    Y4                 0.337      0.017     20.038      0.000
    Y5                 0.369      0.019     19.835      0.000
    Y6                 0.122      0.006     20.962      0.000
    Y7                 0.138      0.007     21.083      0.000
    Y8                 0.143      0.007     20.788      0.000
    Y9                 0.331      0.017     19.541      0.000
    Y10                0.308      0.016     19.197      0.000

New/Additional Parameters
    L5_0               0.527      0.033     15.871      0.000
    L5_1               0.005      0.022      0.249      0.803
    L5_2              -0.094      0.045     -2.105      0.035


QUALITY OF NUMERICAL RESULTS

     Condition Number for the Information Matrix              0.328E-04
       (ratio of smallest to largest eigenvalue)


     Beginning Time:  01:15:09
        Ending Time:  01:15:12
       Elapsed Time:  00:00:03



MUTHEN & MUTHEN
3463 Stoner Ave.
Los Angeles, CA  90066

Tel: (310) 391-9971
Fax: (310) 391-8971
Web: www.StatModel.com
Support: Support@StatModel.com

Copyright (c) 1998-2019 Muthen & Muthen
