Mplus VERSION 8.3
MUTHEN & MUTHEN
04/24/2024  12:59 AM

INPUT INSTRUCTIONS


  TITLE: Test with 10 reps

  DATA:
  File is
  G1_B2_N3_rep330.csv;

  VARIABLE:
      Names are x1 x2 eta
  	y1 y2 y3 y4 y5 y6 y7 y8 y9 y10;
      Usevariables are y1-y10 x1 x2;
      constraint = x1 x2;

  MODEL:
      f BY y1* (l1);
      f BY y2* (l2);
      f BY y3* (l3);
      f BY y4* (l4);
      f BY y5* (l5);
      f BY y6* (l6);
      f BY y7* (l7);
      f BY y8* (l8);
      f BY y9* (l9);
      f BY y10* (l10);

  y1 ON x1 x2;
  f@1;
  [f@0];

  MODEL CONSTRAINT:
      new (l1_0 l1_1 l1_2);
      l1 = l1_0 + l1_1*x1 + l1_2*x2;




INPUT READING TERMINATED NORMALLY



Test with 10 reps

SUMMARY OF ANALYSIS

Number of groups                                                 1
Number of observations                                        1000

Number of dependent variables                                   10
Number of independent variables                                  2
Number of continuous latent variables                            1

Observed dependent variables

  Continuous
   Y1          Y2          Y3          Y4          Y5          Y6
   Y7          Y8          Y9          Y10

Observed independent variables
   X1          X2

Continuous latent variables
   F


Estimator                                                       ML
Information matrix                                        OBSERVED
Maximum number of iterations                                  1000
Convergence criterion                                    0.500D-04
Maximum number of steepest descent iterations                   20

Input data file(s)
  G1_B2_N3_rep330.csv

Input data format  FREE



UNIVARIATE SAMPLE STATISTICS


     UNIVARIATE HIGHER-ORDER MOMENT DESCRIPTIVE STATISTICS

         Variable/         Mean/     Skewness/   Minimum/ % with                Percentiles
        Sample Size      Variance    Kurtosis    Maximum  Min/Max      20%/60%    40%/80%    Median

     Y1                    1.868       0.807       1.000   32.80%       1.000      2.000      2.000
            1000.000       0.583       1.020       5.000    0.50%       2.000      2.000
     Y2                    1.876       0.865       1.000   33.50%       1.000      2.000      2.000
            1000.000       0.627       0.954       5.000    0.50%       2.000      2.000
     Y3                    3.105       0.088       1.000    0.80%       2.000      3.000      3.000
            1000.000       0.600      -0.227       5.000    2.90%       3.000      4.000
     Y4                    3.129      -0.035       1.000    1.50%       3.000      3.000      3.000
            1000.000       0.620      -0.049       5.000    3.10%       3.000      4.000
     Y5                    3.115      -0.058       1.000    1.40%       3.000      3.000      3.000
            1000.000       0.576       0.049       5.000    2.40%       3.000      4.000
     Y6                    1.201       2.668       1.000   81.80%       1.000      1.000      1.000
            1000.000       0.211       9.784       5.000    0.10%       1.000      1.000
     Y7                    1.197       2.530       1.000   82.40%       1.000      1.000      1.000
            1000.000       0.208       7.420       4.000    0.40%       1.000      1.000
     Y8                    1.189       2.760       1.000   83.10%       1.000      1.000      1.000
            1000.000       0.203      10.138       5.000    0.10%       1.000      1.000
     Y9                    1.846       0.742       1.000   32.60%       1.000      2.000      2.000
            1000.000       0.530       1.035       5.000    0.40%       2.000      2.000
     Y10                   1.878       0.824       1.000   32.60%       1.000      2.000      2.000
            1000.000       0.597       1.073       5.000    0.60%       2.000      2.000
     X1                   -0.020       0.140      -3.108    0.10%      -0.867     -0.271     -0.046
            1000.000       0.997       0.085       3.864    0.10%       0.195      0.824
     X2                    0.504      -0.016       0.000   49.60%       0.000      0.000      1.000
            1000.000       0.250      -2.000       1.000   50.40%       1.000      1.000


THE MODEL ESTIMATION TERMINATED NORMALLY



MODEL FIT INFORMATION

Number of Free Parameters                       34

Loglikelihood

          H0 Value                       -8570.746

Information Criteria

          Akaike (AIC)                   17209.493
          Bayesian (BIC)                 17376.357
          Sample-Size Adjusted BIC       17268.371
            (n* = (n + 2) / 24)



MODEL RESULTS

                                                    Two-Tailed
                    Estimate       S.E.  Est./S.E.    P-Value

 F        BY
    Y1               999.000      0.000    999.000    999.000
    Y2                 0.512      0.024     21.491      0.000
    Y3                 0.493      0.023     21.057      0.000
    Y4                 0.513      0.024     21.670      0.000
    Y5                 0.493      0.023     21.620      0.000
    Y6                 0.241      0.014     16.687      0.000
    Y7                 0.233      0.014     16.145      0.000
    Y8                 0.229      0.014     16.026      0.000
    Y9                 0.480      0.022     22.025      0.000
    Y10                0.511      0.023     22.125      0.000

 Y1       ON
    X1                -0.007      0.020     -0.336      0.737
    X2                 0.080      0.039      2.035      0.042

 Means
    F                  0.000      0.000    999.000    999.000

 Intercepts
    Y1                 1.830      0.032     57.540      0.000
    Y2                 1.876      0.025     74.943      0.000
    Y3                 3.105      0.024    126.764      0.000
    Y4                 3.129      0.025    125.627      0.000
    Y5                 3.115      0.024    129.817      0.000
    Y6                 1.201      0.015     82.759      0.000
    Y7                 1.197      0.014     82.959      0.000
    Y8                 1.189      0.014     83.394      0.000
    Y9                 1.846      0.023     80.164      0.000
    Y10                1.878      0.024     76.854      0.000

 Variances
    F                  1.000      0.000    999.000    999.000

 Residual Variances
    Y1                 0.329      0.017     19.614      0.000
    Y2                 0.365      0.018     19.746      0.000
    Y3                 0.357      0.018     19.887      0.000
    Y4                 0.358      0.018     19.698      0.000
    Y5                 0.333      0.017     19.706      0.000
    Y6                 0.152      0.007     20.977      0.000
    Y7                 0.154      0.007     21.078      0.000
    Y8                 0.151      0.007     21.093      0.000
    Y9                 0.300      0.015     19.571      0.000
    Y10                0.336      0.017     19.530      0.000

New/Additional Parameters
    L1_0               0.499      0.034     14.724      0.000
    L1_1              -0.010      0.020     -0.505      0.614
    L1_2              -0.006      0.042     -0.147      0.883


QUALITY OF NUMERICAL RESULTS

     Condition Number for the Information Matrix              0.499E-04
       (ratio of smallest to largest eigenvalue)


     Beginning Time:  00:59:49
        Ending Time:  00:59:51
       Elapsed Time:  00:00:02



MUTHEN & MUTHEN
3463 Stoner Ave.
Los Angeles, CA  90066

Tel: (310) 391-9971
Fax: (310) 391-8971
Web: www.StatModel.com
Support: Support@StatModel.com

Copyright (c) 1998-2019 Muthen & Muthen
