Mplus VERSION 8.3
MUTHEN & MUTHEN
04/24/2024  12:45 AM

INPUT INSTRUCTIONS


  TITLE: Test with 10 reps

  DATA:
  File is
  G1_B2_N3_rep30.csv;

  VARIABLE:
      Names are x1 x2 eta
  	y1 y2 y3 y4 y5 y6 y7 y8 y9 y10;
      Usevariables are y1-y10 x1 x2;
      constraint = x1 x2;

  MODEL:
      f BY y1* (l1);
      f BY y2* (l2);
      f BY y3* (l3);
      f BY y4* (l4);
      f BY y5* (l5);
      f BY y6* (l6);
      f BY y7* (l7);
      f BY y8* (l8);
      f BY y9* (l9);
      f BY y10* (l10);

  y8 ON x1 x2;
  f@1;
  [f@0];

  MODEL CONSTRAINT:
      new (l8_0 l8_1 l8_2);
      l8 = l8_0 + l8_1*x1 + l8_2*x2;




INPUT READING TERMINATED NORMALLY



Test with 10 reps

SUMMARY OF ANALYSIS

Number of groups                                                 1
Number of observations                                        1000

Number of dependent variables                                   10
Number of independent variables                                  2
Number of continuous latent variables                            1

Observed dependent variables

  Continuous
   Y1          Y2          Y3          Y4          Y5          Y6
   Y7          Y8          Y9          Y10

Observed independent variables
   X1          X2

Continuous latent variables
   F


Estimator                                                       ML
Information matrix                                        OBSERVED
Maximum number of iterations                                  1000
Convergence criterion                                    0.500D-04
Maximum number of steepest descent iterations                   20

Input data file(s)
  G1_B2_N3_rep30.csv

Input data format  FREE



UNIVARIATE SAMPLE STATISTICS


     UNIVARIATE HIGHER-ORDER MOMENT DESCRIPTIVE STATISTICS

         Variable/         Mean/     Skewness/   Minimum/ % with                Percentiles
        Sample Size      Variance    Kurtosis    Maximum  Min/Max      20%/60%    40%/80%    Median

     Y1                    1.788       0.878       1.000   38.00%       1.000      2.000      2.000
            1000.000       0.565       1.146       5.000    0.50%       2.000      2.000
     Y2                    1.818       0.757       1.000   36.70%       1.000      2.000      2.000
            1000.000       0.575       0.670       5.000    0.40%       2.000      2.000
     Y3                    3.093       0.096       1.000    1.00%       2.000      3.000      3.000
            1000.000       0.616      -0.189       5.000    3.10%       3.000      4.000
     Y4                    3.087       0.026       1.000    1.00%       3.000      3.000      3.000
            1000.000       0.543       0.029       5.000    2.10%       3.000      4.000
     Y5                    3.112       0.043       1.000    1.40%       3.000      3.000      3.000
            1000.000       0.607       0.059       5.000    3.30%       3.000      4.000
     Y6                    1.173       2.615       1.000   84.50%       1.000      1.000      1.000
            1000.000       0.183       7.428       4.000    0.20%       1.000      1.000
     Y7                    1.168       3.181       1.000   84.80%       1.000      1.000      1.000
            1000.000       0.184      15.110       5.000    0.20%       1.000      1.000
     Y8                    1.187       2.973       1.000   83.70%       1.000      1.000      1.000
            1000.000       0.214      11.553       5.000    0.10%       1.000      1.000
     Y9                    1.830       0.815       1.000   36.70%       1.000      2.000      2.000
            1000.000       0.605       0.794       5.000    0.50%       2.000      2.000
     Y10                   1.823       0.867       1.000   36.20%       1.000      2.000      2.000
            1000.000       0.592       0.971       5.000    0.40%       2.000      2.000
     X1                    0.002       0.043      -3.729    0.10%      -0.880     -0.302     -0.032
            1000.000       1.093       0.026       3.450    0.10%       0.243      0.880
     X2                    0.488       0.048       0.000   51.20%       0.000      0.000      0.000
            1000.000       0.250      -1.998       1.000   48.80%       1.000      1.000


THE MODEL ESTIMATION TERMINATED NORMALLY



MODEL FIT INFORMATION

Number of Free Parameters                       34

Loglikelihood

          H0 Value                       -8477.843

Information Criteria

          Akaike (AIC)                   17023.685
          Bayesian (BIC)                 17190.549
          Sample-Size Adjusted BIC       17082.563
            (n* = (n + 2) / 24)



MODEL RESULTS

                                                    Two-Tailed
                    Estimate       S.E.  Est./S.E.    P-Value

 F        BY
    Y1                 0.488      0.023     21.585      0.000
    Y2                 0.488      0.023     21.309      0.000
    Y3                 0.500      0.024     21.017      0.000
    Y4                 0.455      0.022     20.239      0.000
    Y5                 0.491      0.024     20.733      0.000
    Y6                 0.221      0.014     16.316      0.000
    Y7                 0.223      0.014     16.481      0.000
    Y8               999.000      0.000    999.000    999.000
    Y9                 0.501      0.023     21.361      0.000
    Y10                0.507      0.023     21.942      0.000

 Y8       ON
    X1                 0.011      0.012      0.905      0.365
    X2                -0.019      0.026     -0.738      0.461

 Means
    F                  0.000      0.000    999.000    999.000

 Intercepts
    Y1                 1.788      0.024     75.218      0.000
    Y2                 1.818      0.024     75.824      0.000
    Y3                 3.093      0.025    124.585      0.000
    Y4                 3.087      0.023    132.423      0.000
    Y5                 3.112      0.025    126.265      0.000
    Y6                 1.173      0.014     86.694      0.000
    Y7                 1.168      0.014     86.158      0.000
    Y8                 1.190      0.020     60.733      0.000
    Y9                 1.830      0.025     74.394      0.000
    Y10                1.823      0.024     74.946      0.000

 Variances
    F                  1.000      0.000    999.000    999.000

 Residual Variances
    Y1                 0.326      0.017     19.631      0.000
    Y2                 0.337      0.017     19.732      0.000
    Y3                 0.367      0.019     19.822      0.000
    Y4                 0.336      0.017     20.048      0.000
    Y5                 0.367      0.018     19.904      0.000
    Y6                 0.134      0.006     21.009      0.000
    Y7                 0.134      0.006     20.972      0.000
    Y8                 0.146      0.007     20.579      0.000
    Y9                 0.354      0.018     19.702      0.000
    Y10                0.335      0.017     19.460      0.000

New/Additional Parameters
    L8_0               0.260      0.021     12.326      0.000
    L8_1               0.040      0.013      3.084      0.002
    L8_2              -0.014      0.027     -0.494      0.622


QUALITY OF NUMERICAL RESULTS

     Condition Number for the Information Matrix              0.397E-04
       (ratio of smallest to largest eigenvalue)


     Beginning Time:  00:45:09
        Ending Time:  00:45:11
       Elapsed Time:  00:00:02



MUTHEN & MUTHEN
3463 Stoner Ave.
Los Angeles, CA  90066

Tel: (310) 391-9971
Fax: (310) 391-8971
Web: www.StatModel.com
Support: Support@StatModel.com

Copyright (c) 1998-2019 Muthen & Muthen
