Mplus VERSION 8.3
MUTHEN & MUTHEN
04/24/2024  12:58 AM

INPUT INSTRUCTIONS


  TITLE: Test with 10 reps

  DATA:
  File is
  G1_B2_N3_rep328.csv;

  VARIABLE:
      Names are x1 x2 eta
  	y1 y2 y3 y4 y5 y6 y7 y8 y9 y10;
      Usevariables are y1-y10 x1 x2;
      constraint = x1 x2;

  MODEL:
      f BY y1* (l1);
      f BY y2* (l2);
      f BY y3* (l3);
      f BY y4* (l4);
      f BY y5* (l5);
      f BY y6* (l6);
      f BY y7* (l7);
      f BY y8* (l8);
      f BY y9* (l9);
      f BY y10* (l10);

  y10 ON x1 x2;
  f@1;
  [f@0];

  MODEL CONSTRAINT:
      new (l10_0 l10_1 l10_2);
      l10 = l10_0 + l10_1*x1 + l10_2*x2;




INPUT READING TERMINATED NORMALLY



Test with 10 reps

SUMMARY OF ANALYSIS

Number of groups                                                 1
Number of observations                                        1000

Number of dependent variables                                   10
Number of independent variables                                  2
Number of continuous latent variables                            1

Observed dependent variables

  Continuous
   Y1          Y2          Y3          Y4          Y5          Y6
   Y7          Y8          Y9          Y10

Observed independent variables
   X1          X2

Continuous latent variables
   F


Estimator                                                       ML
Information matrix                                        OBSERVED
Maximum number of iterations                                  1000
Convergence criterion                                    0.500D-04
Maximum number of steepest descent iterations                   20

Input data file(s)
  G1_B2_N3_rep328.csv

Input data format  FREE



UNIVARIATE SAMPLE STATISTICS


     UNIVARIATE HIGHER-ORDER MOMENT DESCRIPTIVE STATISTICS

         Variable/         Mean/     Skewness/   Minimum/ % with                Percentiles
        Sample Size      Variance    Kurtosis    Maximum  Min/Max      20%/60%    40%/80%    Median

     Y1                    1.859       0.711       1.000   33.00%       1.000      2.000      2.000
            1000.000       0.557       0.766       5.000    0.40%       2.000      2.000
     Y2                    1.894       0.892       1.000   33.50%       1.000      2.000      2.000
            1000.000       0.659       1.119       5.000    0.90%       2.000      2.000
     Y3                    3.118       0.014       1.000    1.10%       3.000      3.000      3.000
            1000.000       0.582      -0.048       5.000    2.70%       3.000      4.000
     Y4                    3.150      -0.134       1.000    1.80%       3.000      3.000      3.000
            1000.000       0.617       0.040       5.000    2.90%       3.000      4.000
     Y5                    3.126      -0.089       1.000    1.70%       2.000      3.000      3.000
            1000.000       0.638      -0.132       5.000    2.90%       3.000      4.000
     Y6                    1.196       2.951       1.000   83.40%       1.000      1.000      1.000
            1000.000       0.234      10.920       5.000    0.10%       1.000      1.000
     Y7                    1.204       2.570       1.000   81.60%       1.000      1.000      1.000
            1000.000       0.212       8.838       5.000    0.10%       1.000      1.000
     Y8                    1.176       3.093       1.000   85.20%       1.000      1.000      1.000
            1000.000       0.213      11.839       5.000    0.10%       1.000      1.000
     Y9                    1.895       0.711       1.000   31.70%       1.000      2.000      2.000
            1000.000       0.590       0.658       5.000    0.40%       2.000      2.000
     Y10                   1.905       0.660       1.000   29.90%       1.000      2.000      2.000
            1000.000       0.558       0.640       5.000    0.30%       2.000      2.000
     X1                    0.013      -0.143      -3.301    0.10%      -0.795     -0.179      0.034
            1000.000       1.015       0.193       2.897    0.10%       0.259      0.821
     X2                    0.495       0.020       0.000   50.50%       0.000      0.000      0.000
            1000.000       0.250      -2.000       1.000   49.50%       1.000      1.000


THE MODEL ESTIMATION TERMINATED NORMALLY



MODEL FIT INFORMATION

Number of Free Parameters                       34

Loglikelihood

          H0 Value                       -8794.900

Information Criteria

          Akaike (AIC)                   17657.800
          Bayesian (BIC)                 17824.663
          Sample-Size Adjusted BIC       17716.678
            (n* = (n + 2) / 24)



MODEL RESULTS

                                                    Two-Tailed
                    Estimate       S.E.  Est./S.E.    P-Value

 F        BY
    Y1                 0.464      0.023     20.378      0.000
    Y2                 0.545      0.024     22.492      0.000
    Y3                 0.479      0.023     20.606      0.000
    Y4                 0.503      0.024     21.138      0.000
    Y5                 0.511      0.024     21.136      0.000
    Y6                 0.259      0.015     16.962      0.000
    Y7                 0.209      0.015     14.020      0.000
    Y8                 0.240      0.015     16.396      0.000
    Y9                 0.492      0.023     21.137      0.000
    Y10              999.000      0.000    999.000    999.000

 Y10      ON
    X1                -0.009      0.019     -0.465      0.642
    X2                 0.040      0.039      1.039      0.299

 Means
    F                  0.000      0.000    999.000    999.000

 Intercepts
    Y1                 1.859      0.024     78.760      0.000
    Y2                 1.894      0.026     73.793      0.000
    Y3                 3.118      0.024    129.237      0.000
    Y4                 3.150      0.025    126.763      0.000
    Y5                 3.126      0.025    123.747      0.000
    Y6                 1.196      0.015     78.255      0.000
    Y7                 1.204      0.015     82.616      0.000
    Y8                 1.176      0.015     80.574      0.000
    Y9                 1.895      0.024     78.018      0.000
    Y10                1.892      0.031     60.057      0.000

 Variances
    F                  1.000      0.000    999.000    999.000

 Residual Variances
    Y1                 0.342      0.017     19.949      0.000
    Y2                 0.361      0.019     19.209      0.000
    Y3                 0.353      0.018     19.874      0.000
    Y4                 0.364      0.018     19.710      0.000
    Y5                 0.377      0.019     19.713      0.000
    Y6                 0.167      0.008     20.809      0.000
    Y7                 0.169      0.008     21.369      0.000
    Y8                 0.156      0.007     20.932      0.000
    Y9                 0.348      0.018     19.694      0.000
    Y10                0.327      0.017     19.641      0.000

New/Additional Parameters
    L10_0              0.505      0.032     15.759      0.000
    L10_1             -0.013      0.021     -0.608      0.543
    L10_2             -0.050      0.042     -1.209      0.227


QUALITY OF NUMERICAL RESULTS

     Condition Number for the Information Matrix              0.535E-04
       (ratio of smallest to largest eigenvalue)


     Beginning Time:  00:58:34
        Ending Time:  00:58:37
       Elapsed Time:  00:00:03



MUTHEN & MUTHEN
3463 Stoner Ave.
Los Angeles, CA  90066

Tel: (310) 391-9971
Fax: (310) 391-8971
Web: www.StatModel.com
Support: Support@StatModel.com

Copyright (c) 1998-2019 Muthen & Muthen
