Mplus VERSION 8.3
MUTHEN & MUTHEN
04/24/2024   2:01 AM

INPUT INSTRUCTIONS


  TITLE: Test with 10 reps

  DATA:
  File is
  G1_B2_N3_rep456.csv;

  VARIABLE:
      Names are x1 x2 eta
  	y1 y2 y3 y4 y5 y6 y7 y8 y9 y10;
      Usevariables are y1-y10 x1 x2;
      constraint = x1 x2;

  MODEL:
      f BY y1* (l1);
      f BY y2* (l2);
      f BY y3* (l3);
      f BY y4* (l4);
      f BY y5* (l5);
      f BY y6* (l6);
      f BY y7* (l7);
      f BY y8* (l8);
      f BY y9* (l9);
      f BY y10* (l10);

  y3 ON x1 x2;
  f@1;
  [f@0];

  MODEL CONSTRAINT:
      new (l3_0 l3_1 l3_2);
      l3 = l3_0 + l3_1*x1 + l3_2*x2;




INPUT READING TERMINATED NORMALLY



Test with 10 reps

SUMMARY OF ANALYSIS

Number of groups                                                 1
Number of observations                                        1000

Number of dependent variables                                   10
Number of independent variables                                  2
Number of continuous latent variables                            1

Observed dependent variables

  Continuous
   Y1          Y2          Y3          Y4          Y5          Y6
   Y7          Y8          Y9          Y10

Observed independent variables
   X1          X2

Continuous latent variables
   F


Estimator                                                       ML
Information matrix                                        OBSERVED
Maximum number of iterations                                  1000
Convergence criterion                                    0.500D-04
Maximum number of steepest descent iterations                   20

Input data file(s)
  G1_B2_N3_rep456.csv

Input data format  FREE



UNIVARIATE SAMPLE STATISTICS


     UNIVARIATE HIGHER-ORDER MOMENT DESCRIPTIVE STATISTICS

         Variable/         Mean/     Skewness/   Minimum/ % with                Percentiles
        Sample Size      Variance    Kurtosis    Maximum  Min/Max      20%/60%    40%/80%    Median

     Y1                    1.841       0.899       1.000   34.70%       1.000      2.000      2.000
            1000.000       0.592       1.270       5.000    0.60%       2.000      2.000
     Y2                    1.824       0.646       1.000   34.20%       1.000      2.000      2.000
            1000.000       0.519       0.514       5.000    0.20%       2.000      2.000
     Y3                    3.095       0.000       1.000    1.10%       3.000      3.000      3.000
            1000.000       0.562      -0.035       5.000    2.20%       3.000      4.000
     Y4                    3.106      -0.057       1.000    1.50%       3.000      3.000      3.000
            1000.000       0.579       0.074       5.000    2.40%       3.000      4.000
     Y5                    3.110      -0.025       1.000    1.00%       3.000      3.000      3.000
            1000.000       0.522       0.114       5.000    1.90%       3.000      4.000
     Y6                    1.173       2.231       1.000   83.50%       1.000      1.000      1.000
            1000.000       0.161       4.916       4.000    0.10%       1.000      1.000
     Y7                    1.170       2.977       1.000   85.10%       1.000      1.000      1.000
            1000.000       0.193      10.621       4.000    0.50%       1.000      1.000
     Y8                    1.173       3.049       1.000   84.50%       1.000      1.000      1.000
            1000.000       0.191      12.711       5.000    0.10%       1.000      1.000
     Y9                    1.819       0.726       1.000   33.70%       1.000      2.000      2.000
            1000.000       0.508       0.973       5.000    0.30%       2.000      2.000
     Y10                   1.825       0.735       1.000   35.80%       1.000      2.000      2.000
            1000.000       0.568       0.510       5.000    0.20%       2.000      2.000
     X1                    0.026      -0.104      -3.191    0.10%      -0.866     -0.194      0.034
            1000.000       1.052       0.056       3.413    0.10%       0.289      0.894
     X2                    0.502      -0.008       0.000   49.80%       0.000      0.000      1.000
            1000.000       0.250      -2.000       1.000   50.20%       1.000      1.000


THE MODEL ESTIMATION TERMINATED NORMALLY



MODEL FIT INFORMATION

Number of Free Parameters                       34

Loglikelihood

          H0 Value                       -8285.822

Information Criteria

          Akaike (AIC)                   16639.643
          Bayesian (BIC)                 16806.507
          Sample-Size Adjusted BIC       16698.521
            (n* = (n + 2) / 24)



MODEL RESULTS

                                                    Two-Tailed
                    Estimate       S.E.  Est./S.E.    P-Value

 F        BY
    Y1                 0.494      0.023     21.125      0.000
    Y2                 0.454      0.022     20.642      0.000
    Y3               999.000      0.000    999.000    999.000
    Y4                 0.471      0.023     20.184      0.000
    Y5                 0.453      0.022     20.514      0.000
    Y6                 0.192      0.013     14.853      0.000
    Y7                 0.224      0.014     15.931      0.000
    Y8                 0.222      0.014     15.836      0.000
    Y9                 0.443      0.022     20.259      0.000
    Y10                0.467      0.023     20.181      0.000

 Y3       ON
    X1                 0.019      0.020      0.988      0.323
    X2                -0.009      0.040     -0.228      0.819

 Means
    F                  0.000      0.000    999.000    999.000

 Intercepts
    Y1                 1.841      0.024     75.683      0.000
    Y2                 1.824      0.023     80.063      0.000
    Y3                 3.120      0.033     95.515      0.000
    Y4                 3.106      0.024    129.108      0.000
    Y5                 3.110      0.023    136.134      0.000
    Y6                 1.173      0.013     92.425      0.000
    Y7                 1.170      0.014     84.197      0.000
    Y8                 1.173      0.014     84.860      0.000
    Y9                 1.819      0.023     80.686      0.000
    Y10                1.825      0.024     76.550      0.000

 Variances
    F                  1.000      0.000    999.000    999.000

 Residual Variances
    Y1                 0.347      0.018     19.497      0.000
    Y2                 0.312      0.016     19.675      0.000
    Y3                 0.336      0.017     19.466      0.000
    Y4                 0.357      0.018     19.831      0.000
    Y5                 0.316      0.016     19.722      0.000
    Y6                 0.124      0.006     21.129      0.000
    Y7                 0.143      0.007     20.924      0.000
    Y8                 0.142      0.007     20.912      0.000
    Y9                 0.312      0.016     19.794      0.000
    Y10                0.350      0.018     19.819      0.000

New/Additional Parameters
    L3_0               0.536      0.035     15.165      0.000
    L3_1              -0.048      0.019     -2.482      0.013
    L3_2              -0.110      0.043     -2.547      0.011


QUALITY OF NUMERICAL RESULTS

     Condition Number for the Information Matrix              0.336E-04
       (ratio of smallest to largest eigenvalue)


     Beginning Time:  02:01:19
        Ending Time:  02:01:21
       Elapsed Time:  00:00:02



MUTHEN & MUTHEN
3463 Stoner Ave.
Los Angeles, CA  90066

Tel: (310) 391-9971
Fax: (310) 391-8971
Web: www.StatModel.com
Support: Support@StatModel.com

Copyright (c) 1998-2019 Muthen & Muthen
