Mplus VERSION 8.3
MUTHEN & MUTHEN
04/24/2024   1:45 AM

INPUT INSTRUCTIONS


  TITLE: Test with 10 reps

  DATA:
  File is
  G1_B2_N3_rep424.csv;

  VARIABLE:
      Names are x1 x2 eta
  	y1 y2 y3 y4 y5 y6 y7 y8 y9 y10;
      Usevariables are y1-y10 x1 x2;
      constraint = x1 x2;

  MODEL:
      f BY y1* (l1);
      f BY y2* (l2);
      f BY y3* (l3);
      f BY y4* (l4);
      f BY y5* (l5);
      f BY y6* (l6);
      f BY y7* (l7);
      f BY y8* (l8);
      f BY y9* (l9);
      f BY y10* (l10);

  y1 ON x1 x2;
  f@1;
  [f@0];

  MODEL CONSTRAINT:
      new (l1_0 l1_1 l1_2);
      l1 = l1_0 + l1_1*x1 + l1_2*x2;




INPUT READING TERMINATED NORMALLY



Test with 10 reps

SUMMARY OF ANALYSIS

Number of groups                                                 1
Number of observations                                        1000

Number of dependent variables                                   10
Number of independent variables                                  2
Number of continuous latent variables                            1

Observed dependent variables

  Continuous
   Y1          Y2          Y3          Y4          Y5          Y6
   Y7          Y8          Y9          Y10

Observed independent variables
   X1          X2

Continuous latent variables
   F


Estimator                                                       ML
Information matrix                                        OBSERVED
Maximum number of iterations                                  1000
Convergence criterion                                    0.500D-04
Maximum number of steepest descent iterations                   20

Input data file(s)
  G1_B2_N3_rep424.csv

Input data format  FREE



UNIVARIATE SAMPLE STATISTICS


     UNIVARIATE HIGHER-ORDER MOMENT DESCRIPTIVE STATISTICS

         Variable/         Mean/     Skewness/   Minimum/ % with                Percentiles
        Sample Size      Variance    Kurtosis    Maximum  Min/Max      20%/60%    40%/80%    Median

     Y1                    1.842       0.659       1.000   32.90%       1.000      2.000      2.000
            1000.000       0.525       0.502       5.000    0.10%       2.000      2.000
     Y2                    1.845       0.711       1.000   33.60%       1.000      2.000      2.000
            1000.000       0.551       0.608       5.000    0.20%       2.000      2.000
     Y3                    3.115      -0.084       1.000    1.10%       3.000      3.000      3.000
            1000.000       0.574      -0.211       5.000    1.90%       3.000      4.000
     Y4                    3.101      -0.099       1.000    1.30%       2.000      3.000      3.000
            1000.000       0.601      -0.294       5.000    1.90%       3.000      4.000
     Y5                    3.126      -0.068       1.000    1.30%       3.000      3.000      3.000
            1000.000       0.562       0.072       5.000    2.30%       3.000      4.000
     Y6                    1.157       2.675       1.000   85.40%       1.000      1.000      1.000
            1000.000       0.158       8.211       4.000    0.20%       1.000      1.000
     Y7                    1.176       2.351       1.000   83.70%       1.000      1.000      1.000
            1000.000       0.173       5.544       4.000    0.10%       1.000      1.000
     Y8                    1.165       2.746       1.000   84.90%       1.000      1.000      1.000
            1000.000       0.172       8.970       4.000    0.30%       1.000      1.000
     Y9                    1.827       0.773       1.000   34.60%       1.000      2.000      2.000
            1000.000       0.551       0.767       5.000    0.20%       2.000      2.000
     Y10                   1.842       0.861       1.000   34.70%       1.000      2.000      2.000
            1000.000       0.589       1.090       5.000    0.50%       2.000      2.000
     X1                   -0.003       0.031      -2.869    0.10%      -0.860     -0.257     -0.024
            1000.000       0.990      -0.072       3.221    0.10%       0.235      0.857
     X2                    0.492       0.032       0.000   50.80%       0.000      0.000      0.000
            1000.000       0.250      -1.999       1.000   49.20%       1.000      1.000


THE MODEL ESTIMATION TERMINATED NORMALLY



MODEL FIT INFORMATION

Number of Free Parameters                       34

Loglikelihood

          H0 Value                       -8278.287

Information Criteria

          Akaike (AIC)                   16624.574
          Bayesian (BIC)                 16791.437
          Sample-Size Adjusted BIC       16683.451
            (n* = (n + 2) / 24)



MODEL RESULTS

                                                    Two-Tailed
                    Estimate       S.E.  Est./S.E.    P-Value

 F        BY
    Y1               999.000      0.000    999.000    999.000
    Y2                 0.458      0.023     20.054      0.000
    Y3                 0.464      0.023     19.900      0.000
    Y4                 0.501      0.024     21.273      0.000
    Y5                 0.473      0.023     20.637      0.000
    Y6                 0.183      0.013     14.170      0.000
    Y7                 0.213      0.013     16.023      0.000
    Y8                 0.212      0.013     16.041      0.000
    Y9                 0.459      0.023     20.120      0.000
    Y10                0.512      0.023     22.150      0.000

 Y1       ON
    X1                 0.022      0.020      1.077      0.282
    X2                 0.015      0.040      0.382      0.703

 Means
    F                  0.000      0.000    999.000    999.000

 Intercepts
    Y1                 1.839      0.031     59.316      0.000
    Y2                 1.845      0.023     78.601      0.000
    Y3                 3.115      0.024    130.043      0.000
    Y4                 3.101      0.025    126.513      0.000
    Y5                 3.126      0.024    131.847      0.000
    Y6                 1.157      0.013     91.944      0.000
    Y7                 1.176      0.013     89.403      0.000
    Y8                 1.165      0.013     88.888      0.000
    Y9                 1.827      0.023     77.828      0.000
    Y10                1.842      0.024     75.896      0.000

 Variances
    F                  1.000      0.000    999.000    999.000

 Residual Variances
    Y1                 0.349      0.017     20.308      0.000
    Y2                 0.341      0.017     19.827      0.000
    Y3                 0.358      0.018     19.879      0.000
    Y4                 0.350      0.018     19.403      0.000
    Y5                 0.338      0.017     19.640      0.000
    Y6                 0.125      0.006     21.235      0.000
    Y7                 0.128      0.006     20.890      0.000
    Y8                 0.127      0.006     20.891      0.000
    Y9                 0.340      0.017     19.798      0.000
    Y10                0.327      0.017     19.032      0.000

New/Additional Parameters
    L1_0               0.436      0.033     13.157      0.000
    L1_1              -0.003      0.020     -0.155      0.877
    L1_2              -0.043      0.043     -0.992      0.321


QUALITY OF NUMERICAL RESULTS

     Condition Number for the Information Matrix              0.338E-04
       (ratio of smallest to largest eigenvalue)


     Beginning Time:  01:45:46
        Ending Time:  01:45:48
       Elapsed Time:  00:00:02



MUTHEN & MUTHEN
3463 Stoner Ave.
Los Angeles, CA  90066

Tel: (310) 391-9971
Fax: (310) 391-8971
Web: www.StatModel.com
Support: Support@StatModel.com

Copyright (c) 1998-2019 Muthen & Muthen
