Mplus VERSION 8.3
MUTHEN & MUTHEN
04/24/2024   1:52 AM

INPUT INSTRUCTIONS


  TITLE: Test with 10 reps

  DATA:
  File is
  G1_B2_N3_rep439.csv;

  VARIABLE:
      Names are x1 x2 eta
  	y1 y2 y3 y4 y5 y6 y7 y8 y9 y10;
      Usevariables are y1-y10 x1 x2;
      constraint = x1 x2;

  MODEL:
      f BY y1* (l1);
      f BY y2* (l2);
      f BY y3* (l3);
      f BY y4* (l4);
      f BY y5* (l5);
      f BY y6* (l6);
      f BY y7* (l7);
      f BY y8* (l8);
      f BY y9* (l9);
      f BY y10* (l10);

  y4 ON x1 x2;
  f@1;
  [f@0];

  MODEL CONSTRAINT:
      new (l4_0 l4_1 l4_2);
      l4 = l4_0 + l4_1*x1 + l4_2*x2;




INPUT READING TERMINATED NORMALLY



Test with 10 reps

SUMMARY OF ANALYSIS

Number of groups                                                 1
Number of observations                                        1000

Number of dependent variables                                   10
Number of independent variables                                  2
Number of continuous latent variables                            1

Observed dependent variables

  Continuous
   Y1          Y2          Y3          Y4          Y5          Y6
   Y7          Y8          Y9          Y10

Observed independent variables
   X1          X2

Continuous latent variables
   F


Estimator                                                       ML
Information matrix                                        OBSERVED
Maximum number of iterations                                  1000
Convergence criterion                                    0.500D-04
Maximum number of steepest descent iterations                   20

Input data file(s)
  G1_B2_N3_rep439.csv

Input data format  FREE



UNIVARIATE SAMPLE STATISTICS


     UNIVARIATE HIGHER-ORDER MOMENT DESCRIPTIVE STATISTICS

         Variable/         Mean/     Skewness/   Minimum/ % with                Percentiles
        Sample Size      Variance    Kurtosis    Maximum  Min/Max      20%/60%    40%/80%    Median

     Y1                    1.846       0.773       1.000   33.00%       1.000      2.000      2.000
            1000.000       0.546       0.940       5.000    0.30%       2.000      2.000
     Y2                    1.841       0.748       1.000   33.00%       1.000      2.000      2.000
            1000.000       0.534       0.928       5.000    0.30%       2.000      2.000
     Y3                    3.099       0.069       1.000    0.80%       3.000      3.000      3.000
            1000.000       0.541       0.005       5.000    2.30%       3.000      4.000
     Y4                    3.097      -0.076       1.000    1.40%       2.000      3.000      3.000
            1000.000       0.594      -0.154       5.000    2.10%       3.000      4.000
     Y5                    3.099      -0.008       1.000    1.50%       3.000      3.000      3.000
            1000.000       0.585       0.113       5.000    2.70%       3.000      4.000
     Y6                    1.173       2.844       1.000   84.30%       1.000      1.000      1.000
            1000.000       0.183      10.995       5.000    0.10%       1.000      1.000
     Y7                    1.153       2.674       1.000   85.60%       1.000      1.000      1.000
            1000.000       0.152       8.339       4.000    0.20%       1.000      1.000
     Y8                    1.160       2.216       1.000   84.70%       1.000      1.000      1.000
            1000.000       0.148       3.969       3.000    0.70%       1.000      1.000
     Y9                    1.848       0.775       1.000   32.80%       1.000      2.000      2.000
            1000.000       0.541       1.156       5.000    0.50%       2.000      2.000
     Y10                   1.854       0.632       1.000   33.80%       1.000      2.000      2.000
            1000.000       0.559       0.313       5.000    0.20%       2.000      2.000
     X1                    0.003       0.071      -3.038    0.10%      -0.856     -0.239      0.021
            1000.000       0.984       0.031       4.195    0.10%       0.237      0.881
     X2                    0.516      -0.064       0.000   48.40%       0.000      0.000      1.000
            1000.000       0.250      -1.996       1.000   51.60%       1.000      1.000


THE MODEL ESTIMATION TERMINATED NORMALLY



MODEL FIT INFORMATION

Number of Free Parameters                       34

Loglikelihood

          H0 Value                       -8115.754

Information Criteria

          Akaike (AIC)                   16299.508
          Bayesian (BIC)                 16466.371
          Sample-Size Adjusted BIC       16358.385
            (n* = (n + 2) / 24)



MODEL RESULTS

                                                    Two-Tailed
                    Estimate       S.E.  Est./S.E.    P-Value

 F        BY
    Y1                 0.485      0.022     21.712      0.000
    Y2                 0.442      0.023     19.590      0.000
    Y3                 0.468      0.022     20.866      0.000
    Y4               999.000      0.000    999.000    999.000
    Y5                 0.517      0.023     22.523      0.000
    Y6                 0.218      0.014     15.987      0.000
    Y7                 0.184      0.013     14.674      0.000
    Y8                 0.188      0.012     15.183      0.000
    Y9                 0.461      0.022     20.491      0.000
    Y10                0.460      0.023     20.047      0.000

 Y4       ON
    X1                 0.051      0.020      2.510      0.012
    X2                 0.076      0.041      1.871      0.061

 Means
    F                  0.000      0.000    999.000    999.000

 Intercepts
    Y1                 1.846      0.023     78.981      0.000
    Y2                 1.841      0.023     79.689      0.000
    Y3                 3.099      0.023    133.212      0.000
    Y4                 3.062      0.032     94.788      0.000
    Y5                 3.099      0.024    128.106      0.000
    Y6                 1.173      0.014     86.694      0.000
    Y7                 1.153      0.012     93.647      0.000
    Y8                 1.160      0.012     95.223      0.000
    Y9                 1.848      0.023     79.459      0.000
    Y10                1.854      0.024     78.438      0.000

 Variances
    F                  1.000      0.000    999.000    999.000

 Residual Variances
    Y1                 0.311      0.016     19.286      0.000
    Y2                 0.339      0.017     20.048      0.000
    Y3                 0.322      0.016     19.637      0.000
    Y4                 0.358      0.018     19.879      0.000
    Y5                 0.318      0.017     18.958      0.000
    Y6                 0.135      0.006     20.945      0.000
    Y7                 0.118      0.006     21.178      0.000
    Y8                 0.113      0.005     21.108      0.000
    Y9                 0.329      0.017     19.766      0.000
    Y10                0.347      0.017     19.926      0.000

New/Additional Parameters
    L4_0               0.468      0.034     13.734      0.000
    L4_1              -0.027      0.021     -1.280      0.200
    L4_2              -0.004      0.044     -0.083      0.933


QUALITY OF NUMERICAL RESULTS

     Condition Number for the Information Matrix              0.280E-04
       (ratio of smallest to largest eigenvalue)


     Beginning Time:  01:52:58
        Ending Time:  01:53:00
       Elapsed Time:  00:00:02



MUTHEN & MUTHEN
3463 Stoner Ave.
Los Angeles, CA  90066

Tel: (310) 391-9971
Fax: (310) 391-8971
Web: www.StatModel.com
Support: Support@StatModel.com

Copyright (c) 1998-2019 Muthen & Muthen
