Mplus VERSION 8.3
MUTHEN & MUTHEN
04/24/2024   1:54 AM

INPUT INSTRUCTIONS


  TITLE: Test with 10 reps

  DATA:
  File is
  G1_B2_N3_rep442.csv;

  VARIABLE:
      Names are x1 x2 eta
  	y1 y2 y3 y4 y5 y6 y7 y8 y9 y10;
      Usevariables are y1-y10 x1 x2;
      constraint = x1 x2;

  MODEL:
      f BY y1* (l1);
      f BY y2* (l2);
      f BY y3* (l3);
      f BY y4* (l4);
      f BY y5* (l5);
      f BY y6* (l6);
      f BY y7* (l7);
      f BY y8* (l8);
      f BY y9* (l9);
      f BY y10* (l10);

  y3 ON x1 x2;
  f@1;
  [f@0];

  MODEL CONSTRAINT:
      new (l3_0 l3_1 l3_2);
      l3 = l3_0 + l3_1*x1 + l3_2*x2;




INPUT READING TERMINATED NORMALLY



Test with 10 reps

SUMMARY OF ANALYSIS

Number of groups                                                 1
Number of observations                                        1000

Number of dependent variables                                   10
Number of independent variables                                  2
Number of continuous latent variables                            1

Observed dependent variables

  Continuous
   Y1          Y2          Y3          Y4          Y5          Y6
   Y7          Y8          Y9          Y10

Observed independent variables
   X1          X2

Continuous latent variables
   F


Estimator                                                       ML
Information matrix                                        OBSERVED
Maximum number of iterations                                  1000
Convergence criterion                                    0.500D-04
Maximum number of steepest descent iterations                   20

Input data file(s)
  G1_B2_N3_rep442.csv

Input data format  FREE



UNIVARIATE SAMPLE STATISTICS


     UNIVARIATE HIGHER-ORDER MOMENT DESCRIPTIVE STATISTICS

         Variable/         Mean/     Skewness/   Minimum/ % with                Percentiles
        Sample Size      Variance    Kurtosis    Maximum  Min/Max      20%/60%    40%/80%    Median

     Y1                    1.847       0.785       1.000   34.20%       1.000      2.000      2.000
            1000.000       0.576       0.862       5.000    0.40%       2.000      2.000
     Y2                    1.864       0.800       1.000   31.70%       1.000      2.000      2.000
            1000.000       0.548       1.234       5.000    0.50%       2.000      2.000
     Y3                    3.090       0.063       1.000    0.70%       3.000      3.000      3.000
            1000.000       0.530      -0.053       5.000    2.00%       3.000      4.000
     Y4                    3.145       0.058       1.000    1.10%       3.000      3.000      3.000
            1000.000       0.584       0.096       5.000    3.40%       3.000      4.000
     Y5                    3.114       0.066       1.000    0.80%       3.000      3.000      3.000
            1000.000       0.563      -0.075       5.000    2.60%       3.000      4.000
     Y6                    1.156       3.258       1.000   86.20%       1.000      1.000      1.000
            1000.000       0.180      13.306       4.000    0.60%       1.000      1.000
     Y7                    1.167       2.439       1.000   84.90%       1.000      1.000      1.000
            1000.000       0.171       5.412       3.000    1.60%       1.000      1.000
     Y8                    1.187       2.413       1.000   83.00%       1.000      1.000      1.000
            1000.000       0.190       6.261       4.000    0.20%       1.000      1.000
     Y9                    1.842       0.781       1.000   34.60%       1.000      2.000      2.000
            1000.000       0.575       0.836       5.000    0.40%       2.000      2.000
     Y10                   1.802       0.748       1.000   35.40%       1.000      2.000      2.000
            1000.000       0.521       0.800       5.000    0.20%       2.000      2.000
     X1                   -0.062       0.051      -2.987    0.10%      -0.908     -0.347     -0.072
            1000.000       0.946      -0.093       3.459    0.10%       0.196      0.797
     X2                    0.504      -0.016       0.000   49.60%       0.000      0.000      1.000
            1000.000       0.250      -2.000       1.000   50.40%       1.000      1.000


THE MODEL ESTIMATION TERMINATED NORMALLY



MODEL FIT INFORMATION

Number of Free Parameters                       34

Loglikelihood

          H0 Value                       -8268.724

Information Criteria

          Akaike (AIC)                   16605.447
          Bayesian (BIC)                 16772.311
          Sample-Size Adjusted BIC       16664.325
            (n* = (n + 2) / 24)



MODEL RESULTS

                                                    Two-Tailed
                    Estimate       S.E.  Est./S.E.    P-Value

 F        BY
    Y1                 0.489      0.023     21.258      0.000
    Y2                 0.485      0.022     21.763      0.000
    Y3               999.000      0.000    999.000    999.000
    Y4                 0.486      0.023     20.927      0.000
    Y5                 0.459      0.023     19.948      0.000
    Y6                 0.214      0.014     15.802      0.000
    Y7                 0.206      0.013     15.628      0.000
    Y8                 0.224      0.014     16.165      0.000
    Y9                 0.504      0.023     22.118      0.000
    Y10                0.454      0.022     20.614      0.000

 Y3       ON
    X1                 0.025      0.020      1.243      0.214
    X2                -0.003      0.039     -0.087      0.931

 Means
    F                  0.000      0.000    999.000    999.000

 Intercepts
    Y1                 1.847      0.024     76.986      0.000
    Y2                 1.864      0.023     79.662      0.000
    Y3                 3.099      0.031    100.038      0.000
    Y4                 3.145      0.024    130.144      0.000
    Y5                 3.114      0.024    131.239      0.000
    Y6                 1.156      0.013     86.244      0.000
    Y7                 1.167      0.013     89.214      0.000
    Y8                 1.187      0.014     86.107      0.000
    Y9                 1.842      0.024     76.814      0.000
    Y10                1.802      0.023     78.963      0.000

 Variances
    F                  1.000      0.000    999.000    999.000

 Residual Variances
    Y1                 0.337      0.017     19.584      0.000
    Y2                 0.312      0.016     19.403      0.000
    Y3                 0.339      0.017     20.104      0.000
    Y4                 0.348      0.018     19.695      0.000
    Y5                 0.352      0.018     20.016      0.000
    Y6                 0.134      0.006     21.006      0.000
    Y7                 0.129      0.006     21.067      0.000
    Y8                 0.140      0.007     20.945      0.000
    Y9                 0.321      0.017     19.266      0.000
    Y10                0.315      0.016     19.803      0.000

New/Additional Parameters
    L3_0               0.434      0.034     12.572      0.000
    L3_1              -0.024      0.023     -1.046      0.296
    L3_2              -0.001      0.043     -0.022      0.982


QUALITY OF NUMERICAL RESULTS

     Condition Number for the Information Matrix              0.363E-04
       (ratio of smallest to largest eigenvalue)


     Beginning Time:  01:54:40
        Ending Time:  01:54:43
       Elapsed Time:  00:00:03



MUTHEN & MUTHEN
3463 Stoner Ave.
Los Angeles, CA  90066

Tel: (310) 391-9971
Fax: (310) 391-8971
Web: www.StatModel.com
Support: Support@StatModel.com

Copyright (c) 1998-2019 Muthen & Muthen
