Mplus VERSION 8.3
MUTHEN & MUTHEN
04/24/2024   1:45 AM

INPUT INSTRUCTIONS


  TITLE: Test with 10 reps

  DATA:
  File is
  G1_B2_N3_rep422.csv;

  VARIABLE:
      Names are x1 x2 eta
  	y1 y2 y3 y4 y5 y6 y7 y8 y9 y10;
      Usevariables are y1-y10 x1 x2;
      constraint = x1 x2;

  MODEL:
      f BY y1* (l1);
      f BY y2* (l2);
      f BY y3* (l3);
      f BY y4* (l4);
      f BY y5* (l5);
      f BY y6* (l6);
      f BY y7* (l7);
      f BY y8* (l8);
      f BY y9* (l9);
      f BY y10* (l10);

  y6 ON x1 x2;
  f@1;
  [f@0];

  MODEL CONSTRAINT:
      new (l6_0 l6_1 l6_2);
      l6 = l6_0 + l6_1*x1 + l6_2*x2;




INPUT READING TERMINATED NORMALLY



Test with 10 reps

SUMMARY OF ANALYSIS

Number of groups                                                 1
Number of observations                                        1000

Number of dependent variables                                   10
Number of independent variables                                  2
Number of continuous latent variables                            1

Observed dependent variables

  Continuous
   Y1          Y2          Y3          Y4          Y5          Y6
   Y7          Y8          Y9          Y10

Observed independent variables
   X1          X2

Continuous latent variables
   F


Estimator                                                       ML
Information matrix                                        OBSERVED
Maximum number of iterations                                  1000
Convergence criterion                                    0.500D-04
Maximum number of steepest descent iterations                   20

Input data file(s)
  G1_B2_N3_rep422.csv

Input data format  FREE



UNIVARIATE SAMPLE STATISTICS


     UNIVARIATE HIGHER-ORDER MOMENT DESCRIPTIVE STATISTICS

         Variable/         Mean/     Skewness/   Minimum/ % with                Percentiles
        Sample Size      Variance    Kurtosis    Maximum  Min/Max      20%/60%    40%/80%    Median

     Y1                    1.814       0.866       1.000   35.30%       1.000      2.000      2.000
            1000.000       0.555       1.111       5.000    0.30%       2.000      2.000
     Y2                    1.829       0.728       1.000   33.70%       1.000      2.000      2.000
            1000.000       0.526       0.878       5.000    0.30%       2.000      2.000
     Y3                    3.154       0.034       1.000    1.10%       3.000      3.000      3.000
            1000.000       0.590       0.042       5.000    3.40%       3.000      4.000
     Y4                    3.098      -0.031       1.000    1.20%       2.000      3.000      3.000
            1000.000       0.580      -0.121       5.000    2.20%       3.000      4.000
     Y5                    3.102      -0.043       1.000    1.00%       3.000      3.000      3.000
            1000.000       0.566      -0.199       5.000    1.90%       3.000      4.000
     Y6                    1.174       2.503       1.000   84.40%       1.000      1.000      1.000
            1000.000       0.182       6.301       4.000    0.10%       1.000      1.000
     Y7                    1.153       3.121       1.000   86.50%       1.000      1.000      1.000
            1000.000       0.174      11.665       4.000    0.40%       1.000      1.000
     Y8                    1.166       2.659       1.000   84.50%       1.000      1.000      1.000
            1000.000       0.166       8.617       4.000    0.30%       1.000      1.000
     Y9                    1.838       0.718       1.000   33.70%       1.000      2.000      2.000
            1000.000       0.540       0.764       5.000    0.30%       2.000      2.000
     Y10                   1.822       0.773       1.000   34.70%       1.000      2.000      2.000
            1000.000       0.544       0.795       5.000    0.20%       2.000      2.000
     X1                    0.014       0.020      -3.267    0.10%      -0.888     -0.237      0.026
            1000.000       1.065       0.174       3.886    0.10%       0.299      0.871
     X2                    0.522      -0.088       0.000   47.80%       0.000      0.000      1.000
            1000.000       0.250      -1.992       1.000   52.20%       1.000      1.000


THE MODEL ESTIMATION TERMINATED NORMALLY



MODEL FIT INFORMATION

Number of Free Parameters                       34

Loglikelihood

          H0 Value                       -8244.225

Information Criteria

          Akaike (AIC)                   16556.450
          Bayesian (BIC)                 16723.314
          Sample-Size Adjusted BIC       16615.328
            (n* = (n + 2) / 24)



MODEL RESULTS

                                                    Two-Tailed
                    Estimate       S.E.  Est./S.E.    P-Value

 F        BY
    Y1                 0.491      0.022     21.859      0.000
    Y2                 0.445      0.022     20.000      0.000
    Y3                 0.493      0.023     21.121      0.000
    Y4                 0.491      0.023     21.212      0.000
    Y5                 0.465      0.023     20.134      0.000
    Y6               999.000      0.000    999.000    999.000
    Y7                 0.193      0.013     14.386      0.000
    Y8                 0.178      0.013     13.464      0.000
    Y9                 0.476      0.022     21.407      0.000
    Y10                0.480      0.022     21.493      0.000

 Y6       ON
    X1                 0.010      0.012      0.838      0.402
    X2                 0.013      0.025      0.539      0.590

 Means
    F                  0.000      0.000    999.000    999.000

 Intercepts
    Y1                 1.814      0.024     76.972      0.000
    Y2                 1.829      0.023     79.766      0.000
    Y3                 3.154      0.024    129.817      0.000
    Y4                 3.098      0.024    128.593      0.000
    Y5                 3.102      0.024    130.433      0.000
    Y6                 1.152      0.019     61.968      0.000
    Y7                 1.153      0.013     87.512      0.000
    Y8                 1.166      0.013     90.378      0.000
    Y9                 1.838      0.023     79.113      0.000
    Y10                1.822      0.023     78.095      0.000

 Variances
    F                  1.000      0.000    999.000    999.000

 Residual Variances
    Y1                 0.314      0.016     19.316      0.000
    Y2                 0.327      0.016     19.954      0.000
    Y3                 0.348      0.018     19.598      0.000
    Y4                 0.340      0.017     19.521      0.000
    Y5                 0.350      0.018     19.892      0.000
    Y6                 0.134      0.006     20.797      0.000
    Y7                 0.136      0.006     21.275      0.000
    Y8                 0.135      0.006     21.431      0.000
    Y9                 0.313      0.016     19.474      0.000
    Y10                0.314      0.016     19.433      0.000

New/Additional Parameters
    L6_0               0.173      0.021      8.398      0.000
    L6_1               0.045      0.013      3.352      0.001
    L6_2               0.056      0.027      2.077      0.038


QUALITY OF NUMERICAL RESULTS

     Condition Number for the Information Matrix              0.387E-04
       (ratio of smallest to largest eigenvalue)


     Beginning Time:  01:45:09
        Ending Time:  01:45:12
       Elapsed Time:  00:00:03



MUTHEN & MUTHEN
3463 Stoner Ave.
Los Angeles, CA  90066

Tel: (310) 391-9971
Fax: (310) 391-8971
Web: www.StatModel.com
Support: Support@StatModel.com

Copyright (c) 1998-2019 Muthen & Muthen
