Mplus VERSION 8.3
MUTHEN & MUTHEN
04/24/2024   1:34 AM

INPUT INSTRUCTIONS


  TITLE: Test with 10 reps

  DATA:
  File is
  G1_B2_N3_rep400.csv;

  VARIABLE:
      Names are x1 x2 eta
  	y1 y2 y3 y4 y5 y6 y7 y8 y9 y10;
      Usevariables are y1-y10 x1 x2;
      constraint = x1 x2;

  MODEL:
      f BY y1* (l1);
      f BY y2* (l2);
      f BY y3* (l3);
      f BY y4* (l4);
      f BY y5* (l5);
      f BY y6* (l6);
      f BY y7* (l7);
      f BY y8* (l8);
      f BY y9* (l9);
      f BY y10* (l10);

  y7 ON x1 x2;
  f@1;
  [f@0];

  MODEL CONSTRAINT:
      new (l7_0 l7_1 l7_2);
      l7 = l7_0 + l7_1*x1 + l7_2*x2;




INPUT READING TERMINATED NORMALLY



Test with 10 reps

SUMMARY OF ANALYSIS

Number of groups                                                 1
Number of observations                                        1000

Number of dependent variables                                   10
Number of independent variables                                  2
Number of continuous latent variables                            1

Observed dependent variables

  Continuous
   Y1          Y2          Y3          Y4          Y5          Y6
   Y7          Y8          Y9          Y10

Observed independent variables
   X1          X2

Continuous latent variables
   F


Estimator                                                       ML
Information matrix                                        OBSERVED
Maximum number of iterations                                  1000
Convergence criterion                                    0.500D-04
Maximum number of steepest descent iterations                   20

Input data file(s)
  G1_B2_N3_rep400.csv

Input data format  FREE



UNIVARIATE SAMPLE STATISTICS


     UNIVARIATE HIGHER-ORDER MOMENT DESCRIPTIVE STATISTICS

         Variable/         Mean/     Skewness/   Minimum/ % with                Percentiles
        Sample Size      Variance    Kurtosis    Maximum  Min/Max      20%/60%    40%/80%    Median

     Y1                    1.850       0.797       1.000   33.70%       1.000      2.000      2.000
            1000.000       0.571       0.941       5.000    0.40%       2.000      2.000
     Y2                    1.796       0.583       1.000   36.50%       1.000      2.000      2.000
            1000.000       0.516      -0.015       4.000    1.60%       2.000      2.000
     Y3                    3.110       0.109       1.000    0.90%       3.000      3.000      3.000
            1000.000       0.596      -0.086       5.000    3.20%       3.000      4.000
     Y4                    3.115       0.006       1.000    1.20%       2.000      3.000      3.000
            1000.000       0.616      -0.177       5.000    2.90%       3.000      4.000
     Y5                    3.073       0.036       1.000    1.30%       2.000      3.000      3.000
            1000.000       0.586      -0.016       5.000    2.50%       3.000      4.000
     Y6                    1.179       2.934       1.000   84.40%       1.000      1.000      1.000
            1000.000       0.203      11.053       5.000    0.10%       1.000      1.000
     Y7                    1.142       2.669       1.000   86.60%       1.000      1.000      1.000
            1000.000       0.140       7.607       4.000    0.10%       1.000      1.000
     Y8                    1.174       2.731       1.000   84.60%       1.000      1.000      1.000
            1000.000       0.190       8.433       4.000    0.30%       1.000      1.000
     Y9                    1.836       0.771       1.000   35.50%       1.000      2.000      2.000
            1000.000       0.583       0.730       5.000    0.40%       2.000      2.000
     Y10                   1.857       0.637       1.000   33.80%       1.000      2.000      2.000
            1000.000       0.565       0.306       5.000    0.20%       2.000      2.000
     X1                    0.028      -0.032      -3.140    0.10%      -0.783     -0.236      0.053
            1000.000       0.980      -0.002       3.081    0.10%       0.288      0.852
     X2                    0.488       0.048       0.000   51.20%       0.000      0.000      0.000
            1000.000       0.250      -1.998       1.000   48.80%       1.000      1.000


THE MODEL ESTIMATION TERMINATED NORMALLY



MODEL FIT INFORMATION

Number of Free Parameters                       34

Loglikelihood

          H0 Value                       -8354.331

Information Criteria

          Akaike (AIC)                   16776.661
          Bayesian (BIC)                 16943.525
          Sample-Size Adjusted BIC       16835.539
            (n* = (n + 2) / 24)



MODEL RESULTS

                                                    Two-Tailed
                    Estimate       S.E.  Est./S.E.    P-Value

 F        BY
    Y1                 0.462      0.023     19.882      0.000
    Y2                 0.450      0.022     20.495      0.000
    Y3                 0.489      0.024     20.813      0.000
    Y4                 0.480      0.024     19.892      0.000
    Y5                 0.498      0.023     21.518      0.000
    Y6                 0.242      0.014     17.023      0.000
    Y7               999.000      0.000    999.000    999.000
    Y8                 0.245      0.014     17.927      0.000
    Y9                 0.482      0.023     20.722      0.000
    Y10                0.473      0.023     20.634      0.000

 Y7       ON
    X1                -0.001      0.011     -0.054      0.957
    X2                 0.003      0.022      0.155      0.877

 Means
    F                  0.000      0.000    999.000    999.000

 Intercepts
    Y1                 1.850      0.024     77.386      0.000
    Y2                 1.796      0.023     79.035      0.000
    Y3                 3.110      0.024    127.401      0.000
    Y4                 3.115      0.025    125.530      0.000
    Y5                 3.073      0.024    126.980      0.000
    Y6                 1.179      0.014     82.758      0.000
    Y7                 1.135      0.016     70.246      0.000
    Y8                 1.174      0.014     85.233      0.000
    Y9                 1.836      0.024     76.033      0.000
    Y10                1.857      0.024     78.156      0.000

 Variances
    F                  1.000      0.000    999.000    999.000

 Residual Variances
    Y1                 0.358      0.018     19.989      0.000
    Y2                 0.314      0.016     19.810      0.000
    Y3                 0.357      0.018     19.705      0.000
    Y4                 0.386      0.019     19.998      0.000
    Y5                 0.338      0.017     19.432      0.000
    Y6                 0.144      0.007     20.718      0.000
    Y7                 0.109      0.005     21.207      0.000
    Y8                 0.130      0.006     20.502      0.000
    Y9                 0.350      0.018     19.734      0.000
    Y10                0.341      0.017     19.753      0.000

New/Additional Parameters
    L7_0               0.154      0.018      8.443      0.000
    L7_1               0.007      0.011      0.693      0.488
    L7_2               0.034      0.024      1.407      0.159


QUALITY OF NUMERICAL RESULTS

     Condition Number for the Information Matrix              0.259E-04
       (ratio of smallest to largest eigenvalue)


     Beginning Time:  01:34:35
        Ending Time:  01:34:37
       Elapsed Time:  00:00:02



MUTHEN & MUTHEN
3463 Stoner Ave.
Los Angeles, CA  90066

Tel: (310) 391-9971
Fax: (310) 391-8971
Web: www.StatModel.com
Support: Support@StatModel.com

Copyright (c) 1998-2019 Muthen & Muthen
