Mplus VERSION 8.3
MUTHEN & MUTHEN
04/24/2024   1:44 AM

INPUT INSTRUCTIONS


  TITLE: Test with 10 reps

  DATA:
  File is
  G1_B2_N3_rep420.csv;

  VARIABLE:
      Names are x1 x2 eta
  	y1 y2 y3 y4 y5 y6 y7 y8 y9 y10;
      Usevariables are y1-y10 x1 x2;
      constraint = x1 x2;

  MODEL:
      f BY y1* (l1);
      f BY y2* (l2);
      f BY y3* (l3);
      f BY y4* (l4);
      f BY y5* (l5);
      f BY y6* (l6);
      f BY y7* (l7);
      f BY y8* (l8);
      f BY y9* (l9);
      f BY y10* (l10);

  y7 ON x1 x2;
  f@1;
  [f@0];

  MODEL CONSTRAINT:
      new (l7_0 l7_1 l7_2);
      l7 = l7_0 + l7_1*x1 + l7_2*x2;




INPUT READING TERMINATED NORMALLY



Test with 10 reps

SUMMARY OF ANALYSIS

Number of groups                                                 1
Number of observations                                        1000

Number of dependent variables                                   10
Number of independent variables                                  2
Number of continuous latent variables                            1

Observed dependent variables

  Continuous
   Y1          Y2          Y3          Y4          Y5          Y6
   Y7          Y8          Y9          Y10

Observed independent variables
   X1          X2

Continuous latent variables
   F


Estimator                                                       ML
Information matrix                                        OBSERVED
Maximum number of iterations                                  1000
Convergence criterion                                    0.500D-04
Maximum number of steepest descent iterations                   20

Input data file(s)
  G1_B2_N3_rep420.csv

Input data format  FREE



UNIVARIATE SAMPLE STATISTICS


     UNIVARIATE HIGHER-ORDER MOMENT DESCRIPTIVE STATISTICS

         Variable/         Mean/     Skewness/   Minimum/ % with                Percentiles
        Sample Size      Variance    Kurtosis    Maximum  Min/Max      20%/60%    40%/80%    Median

     Y1                    1.869       0.838       1.000   33.80%       1.000      2.000      2.000
            1000.000       0.620       0.767       5.000    0.30%       2.000      2.000
     Y2                    1.824       0.773       1.000   34.40%       1.000      2.000      2.000
            1000.000       0.539       0.925       5.000    0.30%       2.000      2.000
     Y3                    3.155       0.104       1.000    0.50%       3.000      3.000      3.000
            1000.000       0.617      -0.341       5.000    3.60%       3.000      4.000
     Y4                    3.142      -0.076       1.000    1.40%       3.000      3.000      3.000
            1000.000       0.556       0.218       5.000    2.50%       3.000      4.000
     Y5                    3.146       0.125       1.000    0.70%       3.000      3.000      3.000
            1000.000       0.573      -0.010       5.000    3.40%       3.000      4.000
     Y6                    1.192       2.688       1.000   83.70%       1.000      1.000      1.000
            1000.000       0.221       7.900       4.000    0.40%       1.000      1.000
     Y7                    1.181       2.790       1.000   83.90%       1.000      1.000      1.000
            1000.000       0.196      10.134       5.000    0.10%       1.000      1.000
     Y8                    1.180       2.596       1.000   84.20%       1.000      1.000      1.000
            1000.000       0.196       7.122       4.000    0.20%       1.000      1.000
     Y9                    1.883       0.838       1.000   32.20%       1.000      2.000      2.000
            1000.000       0.599       1.114       5.000    0.60%       2.000      2.000
     Y10                   1.888       0.832       1.000   31.40%       1.000      2.000      2.000
            1000.000       0.587       1.183       5.000    0.60%       2.000      2.000
     X1                    0.080      -0.062      -2.964    0.10%      -0.745     -0.172      0.095
            1000.000       0.957      -0.101       2.874    0.10%       0.324      0.928
     X2                    0.523      -0.092       0.000   47.70%       0.000      0.000      1.000
            1000.000       0.249      -1.992       1.000   52.30%       1.000      1.000


THE MODEL ESTIMATION TERMINATED NORMALLY



MODEL FIT INFORMATION

Number of Free Parameters                       34

Loglikelihood

          H0 Value                       -8563.023

Information Criteria

          Akaike (AIC)                   17194.046
          Bayesian (BIC)                 17360.910
          Sample-Size Adjusted BIC       17252.924
            (n* = (n + 2) / 24)



MODEL RESULTS

                                                    Two-Tailed
                    Estimate       S.E.  Est./S.E.    P-Value

 F        BY
    Y1                 0.516      0.024     21.793      0.000
    Y2                 0.474      0.022     21.389      0.000
    Y3                 0.508      0.024     21.415      0.000
    Y4                 0.480      0.023     21.284      0.000
    Y5                 0.502      0.023     22.132      0.000
    Y6                 0.258      0.015     17.532      0.000
    Y7               999.000      0.000    999.000    999.000
    Y8                 0.218      0.014     15.410      0.000
    Y9                 0.479      0.024     20.278      0.000
    Y10                0.480      0.023     20.589      0.000

 Y7       ON
    X1                 0.011      0.013      0.823      0.411
    X2                 0.036      0.026      1.393      0.164

 Means
    F                  0.000      0.000    999.000    999.000

 Intercepts
    Y1                 1.869      0.025     75.071      0.000
    Y2                 1.824      0.023     78.563      0.000
    Y3                 3.155      0.025    127.018      0.000
    Y4                 3.142      0.024    133.270      0.000
    Y5                 3.146      0.024    131.462      0.000
    Y6                 1.192      0.015     80.158      0.000
    Y7                 1.153      0.019     60.193      0.000
    Y8                 1.180      0.014     84.372      0.000
    Y9                 1.883      0.024     76.917      0.000
    Y10                1.888      0.024     77.896      0.000

 Variances
    F                  1.000      0.000    999.000    999.000

 Residual Variances
    Y1                 0.354      0.018     19.517      0.000
    Y2                 0.314      0.016     19.666      0.000
    Y3                 0.359      0.018     19.657      0.000
    Y4                 0.326      0.017     19.686      0.000
    Y5                 0.321      0.017     19.401      0.000
    Y6                 0.154      0.007     20.719      0.000
    Y7                 0.147      0.007     21.090      0.000
    Y8                 0.148      0.007     21.154      0.000
    Y9                 0.370      0.018     20.015      0.000
    Y10                0.357      0.018     19.922      0.000

New/Additional Parameters
    L7_0               0.170      0.022      7.811      0.000
    L7_1               0.010      0.013      0.784      0.433
    L7_2               0.068      0.028      2.404      0.016


QUALITY OF NUMERICAL RESULTS

     Condition Number for the Information Matrix              0.469E-04
       (ratio of smallest to largest eigenvalue)


     Beginning Time:  01:44:18
        Ending Time:  01:44:20
       Elapsed Time:  00:00:02



MUTHEN & MUTHEN
3463 Stoner Ave.
Los Angeles, CA  90066

Tel: (310) 391-9971
Fax: (310) 391-8971
Web: www.StatModel.com
Support: Support@StatModel.com

Copyright (c) 1998-2019 Muthen & Muthen
