Mplus VERSION 8.3
MUTHEN & MUTHEN
04/24/2024   2:18 AM

INPUT INSTRUCTIONS


  TITLE: Test with 10 reps

  DATA:
  File is
  G1_B2_N3_rep490.csv;

  VARIABLE:
      Names are x1 x2 eta
  	y1 y2 y3 y4 y5 y6 y7 y8 y9 y10;
      Usevariables are y1-y10 x1 x2;
      constraint = x1 x2;

  MODEL:
      f BY y1* (l1);
      f BY y2* (l2);
      f BY y3* (l3);
      f BY y4* (l4);
      f BY y5* (l5);
      f BY y6* (l6);
      f BY y7* (l7);
      f BY y8* (l8);
      f BY y9* (l9);
      f BY y10* (l10);

  y5 ON x1 x2;
  f@1;
  [f@0];

  MODEL CONSTRAINT:
      new (l5_0 l5_1 l5_2);
      l5 = l5_0 + l5_1*x1 + l5_2*x2;




INPUT READING TERMINATED NORMALLY



Test with 10 reps

SUMMARY OF ANALYSIS

Number of groups                                                 1
Number of observations                                        1000

Number of dependent variables                                   10
Number of independent variables                                  2
Number of continuous latent variables                            1

Observed dependent variables

  Continuous
   Y1          Y2          Y3          Y4          Y5          Y6
   Y7          Y8          Y9          Y10

Observed independent variables
   X1          X2

Continuous latent variables
   F


Estimator                                                       ML
Information matrix                                        OBSERVED
Maximum number of iterations                                  1000
Convergence criterion                                    0.500D-04
Maximum number of steepest descent iterations                   20

Input data file(s)
  G1_B2_N3_rep490.csv

Input data format  FREE



UNIVARIATE SAMPLE STATISTICS


     UNIVARIATE HIGHER-ORDER MOMENT DESCRIPTIVE STATISTICS

         Variable/         Mean/     Skewness/   Minimum/ % with                Percentiles
        Sample Size      Variance    Kurtosis    Maximum  Min/Max      20%/60%    40%/80%    Median

     Y1                    1.848       0.823       1.000   34.50%       1.000      2.000      2.000
            1000.000       0.589       0.979       5.000    0.50%       2.000      2.000
     Y2                    1.850       0.919       1.000   34.40%       1.000      2.000      2.000
            1000.000       0.603       1.345       5.000    0.70%       2.000      2.000
     Y3                    3.118      -0.031       1.000    1.80%       3.000      3.000      3.000
            1000.000       0.626       0.079       5.000    3.30%       3.000      4.000
     Y4                    3.130      -0.007       1.000    0.90%       3.000      3.000      3.000
            1000.000       0.597      -0.266       5.000    2.60%       3.000      4.000
     Y5                    3.107      -0.005       1.000    1.00%       3.000      3.000      3.000
            1000.000       0.580      -0.177       5.000    2.30%       3.000      4.000
     Y6                    1.202       2.393       1.000   81.90%       1.000      1.000      1.000
            1000.000       0.209       6.325       4.000    0.30%       1.000      1.000
     Y7                    1.185       2.318       1.000   83.10%       1.000      1.000      1.000
            1000.000       0.185       5.308       4.000    0.10%       1.000      1.000
     Y8                    1.166       2.848       1.000   85.40%       1.000      1.000      1.000
            1000.000       0.184       9.198       4.000    0.30%       1.000      1.000
     Y9                    1.828       0.993       1.000   36.60%       1.000      2.000      2.000
            1000.000       0.626       1.451       5.000    0.80%       2.000      2.000
     Y10                   1.869       0.845       1.000   34.60%       1.000      2.000      2.000
            1000.000       0.634       0.895       5.000    0.60%       2.000      2.000
     X1                   -0.023      -0.046      -3.156    0.10%      -0.831     -0.251      0.011
            1000.000       0.948       0.014       3.599    0.10%       0.215      0.817
     X2                    0.524      -0.096       0.000   47.60%       0.000      0.000      1.000
            1000.000       0.249      -1.991       1.000   52.40%       1.000      1.000


THE MODEL ESTIMATION TERMINATED NORMALLY



MODEL FIT INFORMATION

Number of Free Parameters                       34

Loglikelihood

          H0 Value                       -8611.736

Information Criteria

          Akaike (AIC)                   17291.473
          Bayesian (BIC)                 17458.336
          Sample-Size Adjusted BIC       17350.350
            (n* = (n + 2) / 24)



MODEL RESULTS

                                                    Two-Tailed
                    Estimate       S.E.  Est./S.E.    P-Value

 F        BY
    Y1                 0.498      0.023     21.544      0.000
    Y2                 0.506      0.023     21.627      0.000
    Y3                 0.526      0.024     22.237      0.000
    Y4                 0.481      0.024     20.446      0.000
    Y5               999.000      0.000    999.000    999.000
    Y6                 0.240      0.014     16.642      0.000
    Y7                 0.216      0.014     15.833      0.000
    Y8                 0.217      0.014     15.888      0.000
    Y9                 0.518      0.024     21.786      0.000
    Y10                0.527      0.024     22.086      0.000

 Y5       ON
    X1                 0.026      0.021      1.257      0.209
    X2                 0.082      0.041      1.983      0.047

 Means
    F                  0.000      0.000    999.000    999.000

 Intercepts
    Y1                 1.848      0.024     76.152      0.000
    Y2                 1.850      0.025     75.307      0.000
    Y3                 3.118      0.025    124.613      0.000
    Y4                 3.130      0.024    128.092      0.000
    Y5                 3.075      0.033     91.880      0.000
    Y6                 1.202      0.014     83.105      0.000
    Y7                 1.185      0.014     87.176      0.000
    Y8                 1.166      0.014     85.855      0.000
    Y9                 1.828      0.025     73.037      0.000
    Y10                1.869      0.025     74.237      0.000

 Variances
    F                  1.000      0.000    999.000    999.000

 Residual Variances
    Y1                 0.341      0.017     19.599      0.000
    Y2                 0.348      0.018     19.586      0.000
    Y3                 0.349      0.018     19.390      0.000
    Y4                 0.366      0.018     19.996      0.000
    Y5                 0.368      0.018     20.242      0.000
    Y6                 0.151      0.007     20.932      0.000
    Y7                 0.138      0.007     21.083      0.000
    Y8                 0.137      0.007     21.065      0.000
    Y9                 0.358      0.018     19.521      0.000
    Y10                0.356      0.018     19.415      0.000

New/Additional Parameters
    L5_0               0.473      0.037     12.654      0.000
    L5_1              -0.031      0.024     -1.303      0.192
    L5_2              -0.047      0.045     -1.043      0.297


QUALITY OF NUMERICAL RESULTS

     Condition Number for the Information Matrix              0.414E-04
       (ratio of smallest to largest eigenvalue)


     Beginning Time:  02:18:13
        Ending Time:  02:18:16
       Elapsed Time:  00:00:03



MUTHEN & MUTHEN
3463 Stoner Ave.
Los Angeles, CA  90066

Tel: (310) 391-9971
Fax: (310) 391-8971
Web: www.StatModel.com
Support: Support@StatModel.com

Copyright (c) 1998-2019 Muthen & Muthen
