Mplus VERSION 8.3
MUTHEN & MUTHEN
04/24/2024   2:18 AM

INPUT INSTRUCTIONS


  TITLE: Test with 10 reps

  DATA:
  File is
  G1_B2_N3_rep492.csv;

  VARIABLE:
      Names are x1 x2 eta
  	y1 y2 y3 y4 y5 y6 y7 y8 y9 y10;
      Usevariables are y1-y10 x1 x2;
      constraint = x1 x2;

  MODEL:
      f BY y1* (l1);
      f BY y2* (l2);
      f BY y3* (l3);
      f BY y4* (l4);
      f BY y5* (l5);
      f BY y6* (l6);
      f BY y7* (l7);
      f BY y8* (l8);
      f BY y9* (l9);
      f BY y10* (l10);

  y10 ON x1 x2;
  f@1;
  [f@0];

  MODEL CONSTRAINT:
      new (l10_0 l10_1 l10_2);
      l10 = l10_0 + l10_1*x1 + l10_2*x2;




INPUT READING TERMINATED NORMALLY



Test with 10 reps

SUMMARY OF ANALYSIS

Number of groups                                                 1
Number of observations                                        1000

Number of dependent variables                                   10
Number of independent variables                                  2
Number of continuous latent variables                            1

Observed dependent variables

  Continuous
   Y1          Y2          Y3          Y4          Y5          Y6
   Y7          Y8          Y9          Y10

Observed independent variables
   X1          X2

Continuous latent variables
   F


Estimator                                                       ML
Information matrix                                        OBSERVED
Maximum number of iterations                                  1000
Convergence criterion                                    0.500D-04
Maximum number of steepest descent iterations                   20

Input data file(s)
  G1_B2_N3_rep492.csv

Input data format  FREE



UNIVARIATE SAMPLE STATISTICS


     UNIVARIATE HIGHER-ORDER MOMENT DESCRIPTIVE STATISTICS

         Variable/         Mean/     Skewness/   Minimum/ % with                Percentiles
        Sample Size      Variance    Kurtosis    Maximum  Min/Max      20%/60%    40%/80%    Median

     Y1                    1.859       0.653       1.000   33.20%       1.000      2.000      2.000
            1000.000       0.557       0.413       5.000    0.20%       2.000      2.000
     Y2                    1.903       0.771       1.000   30.20%       1.000      2.000      2.000
            1000.000       0.574       1.111       5.000    0.60%       2.000      2.000
     Y3                    3.121       0.005       1.000    0.80%       3.000      3.000      3.000
            1000.000       0.570      -0.216       5.000    2.30%       3.000      4.000
     Y4                    3.102       0.022       1.000    0.50%       2.000      3.000      3.000
            1000.000       0.556      -0.397       5.000    1.80%       3.000      4.000
     Y5                    3.138       0.097       1.000    0.50%       3.000      3.000      3.000
            1000.000       0.585      -0.273       5.000    3.00%       3.000      4.000
     Y6                    1.182       2.776       1.000   83.80%       1.000      1.000      1.000
            1000.000       0.197      10.035       5.000    0.10%       1.000      1.000
     Y7                    1.172       2.742       1.000   84.70%       1.000      1.000      1.000
            1000.000       0.186       8.573       4.000    0.30%       1.000      1.000
     Y8                    1.170       2.514       1.000   84.20%       1.000      1.000      1.000
            1000.000       0.169       7.105       4.000    0.20%       1.000      1.000
     Y9                    1.821       0.817       1.000   35.50%       1.000      2.000      2.000
            1000.000       0.563       0.978       5.000    0.40%       2.000      2.000
     Y10                   1.815       0.812       1.000   34.50%       1.000      2.000      2.000
            1000.000       0.531       1.100       5.000    0.30%       2.000      2.000
     X1                   -0.042      -0.059      -3.291    0.10%      -0.819     -0.297     -0.038
            1000.000       1.011       0.304       3.363    0.10%       0.210      0.757
     X2                    0.479       0.084       0.000   52.10%       0.000      0.000      0.000
            1000.000       0.250      -1.993       1.000   47.90%       1.000      1.000


THE MODEL ESTIMATION TERMINATED NORMALLY



MODEL FIT INFORMATION

Number of Free Parameters                       34

Loglikelihood

          H0 Value                       -8375.802

Information Criteria

          Akaike (AIC)                   16819.604
          Bayesian (BIC)                 16986.468
          Sample-Size Adjusted BIC       16878.482
            (n* = (n + 2) / 24)



MODEL RESULTS

                                                    Two-Tailed
                    Estimate       S.E.  Est./S.E.    P-Value

 F        BY
    Y1                 0.448      0.023     19.413      0.000
    Y2                 0.492      0.023     21.403      0.000
    Y3                 0.451      0.023     19.297      0.000
    Y4                 0.473      0.023     20.780      0.000
    Y5                 0.484      0.023     20.723      0.000
    Y6                 0.216      0.014     15.155      0.000
    Y7                 0.219      0.014     15.914      0.000
    Y8                 0.202      0.013     15.310      0.000
    Y9                 0.474      0.023     20.673      0.000
    Y10              999.000      0.000    999.000    999.000

 Y10      ON
    X1                 0.033      0.019      1.773      0.076
    X2                 0.048      0.038      1.264      0.206

 Means
    F                  0.000      0.000    999.000    999.000

 Intercepts
    Y1                 1.859      0.024     78.760      0.000
    Y2                 1.903      0.024     79.458      0.000
    Y3                 3.121      0.024    130.683      0.000
    Y4                 3.102      0.024    131.602      0.000
    Y5                 3.138      0.024    129.745      0.000
    Y6                 1.182      0.014     84.241      0.000
    Y7                 1.172      0.014     85.839      0.000
    Y8                 1.170      0.013     89.973      0.000
    Y9                 1.821      0.024     76.749      0.000
    Y10                1.780      0.029     61.765      0.000

 Variances
    F                  1.000      0.000    999.000    999.000

 Residual Variances
    Y1                 0.356      0.018     20.072      0.000
    Y2                 0.332      0.017     19.378      0.000
    Y3                 0.367      0.018     20.094      0.000
    Y4                 0.332      0.017     19.615      0.000
    Y5                 0.351      0.018     19.646      0.000
    Y6                 0.150      0.007     21.094      0.000
    Y7                 0.138      0.007     20.944      0.000
    Y8                 0.128      0.006     21.069      0.000
    Y9                 0.338      0.017     19.665      0.000
    Y10                0.300      0.016     19.301      0.000

New/Additional Parameters
    L10_0              0.427      0.030     14.106      0.000
    L10_1              0.031      0.019      1.619      0.106
    L10_2              0.071      0.041      1.730      0.084


QUALITY OF NUMERICAL RESULTS

     Condition Number for the Information Matrix              0.361E-04
       (ratio of smallest to largest eigenvalue)


     Beginning Time:  02:18:57
        Ending Time:  02:19:00
       Elapsed Time:  00:00:03



MUTHEN & MUTHEN
3463 Stoner Ave.
Los Angeles, CA  90066

Tel: (310) 391-9971
Fax: (310) 391-8971
Web: www.StatModel.com
Support: Support@StatModel.com

Copyright (c) 1998-2019 Muthen & Muthen
