Mplus VERSION 8.3
MUTHEN & MUTHEN
04/24/2024   2:26 AM

INPUT INSTRUCTIONS


  TITLE: Test with 10 reps

  DATA:
  File is
  G1_B2_N3_rep57.csv;

  VARIABLE:
      Names are x1 x2 eta
  	y1 y2 y3 y4 y5 y6 y7 y8 y9 y10;
      Usevariables are y1-y10 x1 x2;
      constraint = x1 x2;

  MODEL:
      f BY y1* (l1);
      f BY y2* (l2);
      f BY y3* (l3);
      f BY y4* (l4);
      f BY y5* (l5);
      f BY y6* (l6);
      f BY y7* (l7);
      f BY y8* (l8);
      f BY y9* (l9);
      f BY y10* (l10);

  y6 ON x1 x2;
  f@1;
  [f@0];

  MODEL CONSTRAINT:
      new (l6_0 l6_1 l6_2);
      l6 = l6_0 + l6_1*x1 + l6_2*x2;




INPUT READING TERMINATED NORMALLY



Test with 10 reps

SUMMARY OF ANALYSIS

Number of groups                                                 1
Number of observations                                        1000

Number of dependent variables                                   10
Number of independent variables                                  2
Number of continuous latent variables                            1

Observed dependent variables

  Continuous
   Y1          Y2          Y3          Y4          Y5          Y6
   Y7          Y8          Y9          Y10

Observed independent variables
   X1          X2

Continuous latent variables
   F


Estimator                                                       ML
Information matrix                                        OBSERVED
Maximum number of iterations                                  1000
Convergence criterion                                    0.500D-04
Maximum number of steepest descent iterations                   20

Input data file(s)
  G1_B2_N3_rep57.csv

Input data format  FREE



UNIVARIATE SAMPLE STATISTICS


     UNIVARIATE HIGHER-ORDER MOMENT DESCRIPTIVE STATISTICS

         Variable/         Mean/     Skewness/   Minimum/ % with                Percentiles
        Sample Size      Variance    Kurtosis    Maximum  Min/Max      20%/60%    40%/80%    Median

     Y1                    1.872       0.783       1.000   32.30%       1.000      2.000      2.000
            1000.000       0.574       1.011       5.000    0.50%       2.000      2.000
     Y2                    1.872       0.690       1.000   32.60%       1.000      2.000      2.000
            1000.000       0.570       0.580       5.000    0.30%       2.000      2.000
     Y3                    3.112       0.120       1.000    0.40%       3.000      3.000      3.000
            1000.000       0.543      -0.192       5.000    2.40%       3.000      4.000
     Y4                    3.171      -0.066       1.000    0.90%       3.000      3.000      3.000
            1000.000       0.566      -0.119       5.000    2.50%       3.000      4.000
     Y5                    3.199       0.003       1.000    0.50%       3.000      3.000      3.000
            1000.000       0.549      -0.177       5.000    2.80%       3.000      4.000
     Y6                    1.170       2.620       1.000   85.10%       1.000      1.000      1.000
            1000.000       0.185       6.899       4.000    0.10%       1.000      1.000
     Y7                    1.175       2.607       1.000   84.40%       1.000      1.000      1.000
            1000.000       0.186       7.334       4.000    0.20%       1.000      1.000
     Y8                    1.207       2.569       1.000   81.60%       1.000      1.000      1.000
            1000.000       0.220       8.571       5.000    0.10%       1.000      1.000
     Y9                    1.869       0.920       1.000   34.40%       1.000      2.000      2.000
            1000.000       0.640       1.215       5.000    0.80%       2.000      2.000
     Y10                   1.879       0.655       1.000   32.00%       1.000      2.000      2.000
            1000.000       0.564       0.440       5.000    0.20%       2.000      2.000
     X1                    0.016      -0.029      -3.314    0.10%      -0.808     -0.212     -0.026
            1000.000       0.978       0.185       3.416    0.10%       0.311      0.852
     X2                    0.512      -0.048       0.000   48.80%       0.000      0.000      1.000
            1000.000       0.250      -1.998       1.000   51.20%       1.000      1.000


THE MODEL ESTIMATION TERMINATED NORMALLY



MODEL FIT INFORMATION

Number of Free Parameters                       34

Loglikelihood

          H0 Value                       -8506.335

Information Criteria

          Akaike (AIC)                   17080.670
          Bayesian (BIC)                 17247.534
          Sample-Size Adjusted BIC       17139.548
            (n* = (n + 2) / 24)



MODEL RESULTS

                                                    Two-Tailed
                    Estimate       S.E.  Est./S.E.    P-Value

 F        BY
    Y1                 0.455      0.023     19.509      0.000
    Y2                 0.460      0.023     19.836      0.000
    Y3                 0.477      0.022     21.381      0.000
    Y4                 0.501      0.023     22.205      0.000
    Y5                 0.464      0.023     20.521      0.000
    Y6               999.000      0.000    999.000    999.000
    Y7                 0.213      0.014     15.464      0.000
    Y8                 0.242      0.015     16.236      0.000
    Y9                 0.522      0.024     21.606      0.000
    Y10                0.459      0.023     19.874      0.000

 Y6       ON
    X1                -0.004      0.012     -0.319      0.750
    X2                -0.027      0.025     -1.105      0.269

 Means
    F                  0.000      0.000    999.000    999.000

 Intercepts
    Y1                 1.872      0.024     78.162      0.000
    Y2                 1.872      0.024     78.436      0.000
    Y3                 3.112      0.023    133.493      0.000
    Y4                 3.171      0.024    133.315      0.000
    Y5                 3.199      0.023    136.480      0.000
    Y6                 1.173      0.018     63.463      0.000
    Y7                 1.175      0.014     86.068      0.000
    Y8                 1.207      0.015     81.348      0.000
    Y9                 1.869      0.025     73.888      0.000
    Y10                1.879      0.024     79.095      0.000

 Variances
    F                  1.000      0.000    999.000    999.000

 Residual Variances
    Y1                 0.366      0.018     20.144      0.000
    Y2                 0.358      0.018     20.035      0.000
    Y3                 0.316      0.016     19.520      0.000
    Y4                 0.314      0.016     19.210      0.000
    Y5                 0.334      0.017     19.808      0.000
    Y6                 0.134      0.006     20.699      0.000
    Y7                 0.141      0.007     21.097      0.000
    Y8                 0.162      0.008     20.938      0.000
    Y9                 0.367      0.019     19.450      0.000
    Y10                0.354      0.018     20.020      0.000

New/Additional Parameters
    L6_0               0.191      0.020      9.620      0.000
    L6_1               0.020      0.013      1.582      0.114
    L6_2               0.066      0.027      2.481      0.013


QUALITY OF NUMERICAL RESULTS

     Condition Number for the Information Matrix              0.401E-04
       (ratio of smallest to largest eigenvalue)


     Beginning Time:  02:26:48
        Ending Time:  02:26:51
       Elapsed Time:  00:00:03



MUTHEN & MUTHEN
3463 Stoner Ave.
Los Angeles, CA  90066

Tel: (310) 391-9971
Fax: (310) 391-8971
Web: www.StatModel.com
Support: Support@StatModel.com

Copyright (c) 1998-2019 Muthen & Muthen
