Mplus VERSION 8.3
MUTHEN & MUTHEN
04/24/2024   2:25 AM

INPUT INSTRUCTIONS


  TITLE: Test with 10 reps

  DATA:
  File is
  G1_B2_N3_rep55.csv;

  VARIABLE:
      Names are x1 x2 eta
  	y1 y2 y3 y4 y5 y6 y7 y8 y9 y10;
      Usevariables are y1-y10 x1 x2;
      constraint = x1 x2;

  MODEL:
      f BY y1* (l1);
      f BY y2* (l2);
      f BY y3* (l3);
      f BY y4* (l4);
      f BY y5* (l5);
      f BY y6* (l6);
      f BY y7* (l7);
      f BY y8* (l8);
      f BY y9* (l9);
      f BY y10* (l10);

  y6 ON x1 x2;
  f@1;
  [f@0];

  MODEL CONSTRAINT:
      new (l6_0 l6_1 l6_2);
      l6 = l6_0 + l6_1*x1 + l6_2*x2;




INPUT READING TERMINATED NORMALLY



Test with 10 reps

SUMMARY OF ANALYSIS

Number of groups                                                 1
Number of observations                                        1000

Number of dependent variables                                   10
Number of independent variables                                  2
Number of continuous latent variables                            1

Observed dependent variables

  Continuous
   Y1          Y2          Y3          Y4          Y5          Y6
   Y7          Y8          Y9          Y10

Observed independent variables
   X1          X2

Continuous latent variables
   F


Estimator                                                       ML
Information matrix                                        OBSERVED
Maximum number of iterations                                  1000
Convergence criterion                                    0.500D-04
Maximum number of steepest descent iterations                   20

Input data file(s)
  G1_B2_N3_rep55.csv

Input data format  FREE



UNIVARIATE SAMPLE STATISTICS


     UNIVARIATE HIGHER-ORDER MOMENT DESCRIPTIVE STATISTICS

         Variable/         Mean/     Skewness/   Minimum/ % with                Percentiles
        Sample Size      Variance    Kurtosis    Maximum  Min/Max      20%/60%    40%/80%    Median

     Y1                    1.817       0.622       1.000   35.40%       1.000      2.000      2.000
            1000.000       0.532       0.219       5.000    0.10%       2.000      2.000
     Y2                    1.827       0.713       1.000   34.30%       1.000      2.000      2.000
            1000.000       0.531       0.856       5.000    0.40%       2.000      2.000
     Y3                    3.108       0.031       1.000    1.00%       2.000      3.000      3.000
            1000.000       0.600      -0.204       5.000    2.70%       3.000      4.000
     Y4                    3.099      -0.080       1.000    1.80%       3.000      3.000      3.000
            1000.000       0.595       0.106       5.000    2.50%       3.000      4.000
     Y5                    3.139      -0.015       1.000    1.30%       3.000      3.000      3.000
            1000.000       0.618      -0.093       5.000    3.20%       3.000      4.000
     Y6                    1.174       2.763       1.000   84.80%       1.000      1.000      1.000
            1000.000       0.194       8.509       4.000    0.30%       1.000      1.000
     Y7                    1.184       2.709       1.000   83.80%       1.000      1.000      1.000
            1000.000       0.202       8.468       4.000    0.40%       1.000      1.000
     Y8                    1.178       2.428       1.000   83.90%       1.000      1.000      1.000
            1000.000       0.182       5.898       4.000    0.10%       1.000      1.000
     Y9                    1.820       0.737       1.000   34.90%       1.000      2.000      2.000
            1000.000       0.536       0.887       5.000    0.40%       2.000      2.000
     Y10                   1.817       0.797       1.000   34.90%       1.000      2.000      2.000
            1000.000       0.544       0.875       5.000    0.20%       2.000      2.000
     X1                    0.056      -0.028      -2.907    0.10%      -0.879     -0.204      0.081
            1000.000       1.060      -0.308       3.079    0.10%       0.391      0.935
     X2                    0.500       0.000       0.000   50.00%       0.000      0.000      0.500
            1000.000       0.250      -2.000       1.000   50.00%       1.000      1.000


THE MODEL ESTIMATION TERMINATED NORMALLY



MODEL FIT INFORMATION

Number of Free Parameters                       34

Loglikelihood

          H0 Value                       -8326.339

Information Criteria

          Akaike (AIC)                   16720.677
          Bayesian (BIC)                 16887.541
          Sample-Size Adjusted BIC       16779.555
            (n* = (n + 2) / 24)



MODEL RESULTS

                                                    Two-Tailed
                    Estimate       S.E.  Est./S.E.    P-Value

 F        BY
    Y1                 0.460      0.022     20.818      0.000
    Y2                 0.454      0.022     20.476      0.000
    Y3                 0.497      0.023     21.261      0.000
    Y4                 0.502      0.023     21.613      0.000
    Y5                 0.520      0.024     22.089      0.000
    Y6               999.000      0.000    999.000    999.000
    Y7                 0.215      0.014     14.951      0.000
    Y8                 0.221      0.014     16.359      0.000
    Y9                 0.492      0.022     22.581      0.000
    Y10                0.485      0.022     21.925      0.000

 Y6       ON
    X1                 0.012      0.012      0.994      0.320
    X2                 0.005      0.025      0.200      0.842

 Means
    F                  0.000      0.000    999.000    999.000

 Intercepts
    Y1                 1.817      0.023     78.813      0.000
    Y2                 1.827      0.023     79.280      0.000
    Y3                 3.108      0.025    126.848      0.000
    Y4                 3.099      0.024    127.025      0.000
    Y5                 3.139      0.025    126.302      0.000
    Y6                 1.151      0.018     62.994      0.000
    Y7                 1.184      0.014     83.276      0.000
    Y8                 1.178      0.014     87.243      0.000
    Y9                 1.820      0.023     78.641      0.000
    Y10                1.817      0.023     77.938      0.000

 Variances
    F                  1.000      0.000    999.000    999.000

 Residual Variances
    Y1                 0.320      0.016     19.928      0.000
    Y2                 0.325      0.016     20.028      0.000
    Y3                 0.353      0.018     19.779      0.000
    Y4                 0.344      0.017     19.648      0.000
    Y5                 0.348      0.018     19.501      0.000
    Y6                 0.137      0.007     20.583      0.000
    Y7                 0.156      0.007     21.279      0.000
    Y8                 0.134      0.006     21.004      0.000
    Y9                 0.293      0.015     19.319      0.000
    Y10                0.309      0.016     19.560      0.000

New/Additional Parameters
    L6_0               0.176      0.019      9.192      0.000
    L6_1               0.057      0.012      4.582      0.000
    L6_2               0.079      0.027      2.982      0.003


QUALITY OF NUMERICAL RESULTS

     Condition Number for the Information Matrix              0.392E-04
       (ratio of smallest to largest eigenvalue)


     Beginning Time:  02:25:56
        Ending Time:  02:25:58
       Elapsed Time:  00:00:02



MUTHEN & MUTHEN
3463 Stoner Ave.
Los Angeles, CA  90066

Tel: (310) 391-9971
Fax: (310) 391-8971
Web: www.StatModel.com
Support: Support@StatModel.com

Copyright (c) 1998-2019 Muthen & Muthen
