Mplus VERSION 8.3
MUTHEN & MUTHEN
04/24/2024   2:34 AM

INPUT INSTRUCTIONS


  TITLE: Test with 10 reps

  DATA:
  File is
  G1_B2_N3_rep73.csv;

  VARIABLE:
      Names are x1 x2 eta
  	y1 y2 y3 y4 y5 y6 y7 y8 y9 y10;
      Usevariables are y1-y10 x1 x2;
      constraint = x1 x2;

  MODEL:
      f BY y1* (l1);
      f BY y2* (l2);
      f BY y3* (l3);
      f BY y4* (l4);
      f BY y5* (l5);
      f BY y6* (l6);
      f BY y7* (l7);
      f BY y8* (l8);
      f BY y9* (l9);
      f BY y10* (l10);

  y9 ON x1 x2;
  f@1;
  [f@0];

  MODEL CONSTRAINT:
      new (l9_0 l9_1 l9_2);
      l9 = l9_0 + l9_1*x1 + l9_2*x2;




INPUT READING TERMINATED NORMALLY



Test with 10 reps

SUMMARY OF ANALYSIS

Number of groups                                                 1
Number of observations                                        1000

Number of dependent variables                                   10
Number of independent variables                                  2
Number of continuous latent variables                            1

Observed dependent variables

  Continuous
   Y1          Y2          Y3          Y4          Y5          Y6
   Y7          Y8          Y9          Y10

Observed independent variables
   X1          X2

Continuous latent variables
   F


Estimator                                                       ML
Information matrix                                        OBSERVED
Maximum number of iterations                                  1000
Convergence criterion                                    0.500D-04
Maximum number of steepest descent iterations                   20

Input data file(s)
  G1_B2_N3_rep73.csv

Input data format  FREE



UNIVARIATE SAMPLE STATISTICS


     UNIVARIATE HIGHER-ORDER MOMENT DESCRIPTIVE STATISTICS

         Variable/         Mean/     Skewness/   Minimum/ % with                Percentiles
        Sample Size      Variance    Kurtosis    Maximum  Min/Max      20%/60%    40%/80%    Median

     Y1                    1.799       0.714       1.000   36.60%       1.000      2.000      2.000
            1000.000       0.537       0.539       5.000    0.20%       2.000      2.000
     Y2                    1.835       0.611       1.000   33.60%       1.000      2.000      2.000
            1000.000       0.520       0.421       5.000    0.20%       2.000      2.000
     Y3                    3.108       0.048       1.000    0.90%       2.000      3.000      3.000
            1000.000       0.594      -0.207       5.000    2.70%       3.000      4.000
     Y4                    3.104      -0.114       1.000    1.20%       3.000      3.000      3.000
            1000.000       0.527       0.043       5.000    1.50%       3.000      4.000
     Y5                    3.120      -0.010       1.000    1.20%       3.000      3.000      3.000
            1000.000       0.592      -0.072       5.000    2.70%       3.000      4.000
     Y6                    1.164       2.538       1.000   85.00%       1.000      1.000      1.000
            1000.000       0.167       6.618       4.000    0.10%       1.000      1.000
     Y7                    1.155       2.967       1.000   86.20%       1.000      1.000      1.000
            1000.000       0.171      10.263       4.000    0.30%       1.000      1.000
     Y8                    1.170       2.533       1.000   84.70%       1.000      1.000      1.000
            1000.000       0.177       6.504       4.000    0.10%       1.000      1.000
     Y9                    1.813       0.677       1.000   36.80%       1.000      2.000      2.000
            1000.000       0.560       0.305       5.000    0.20%       2.000      2.000
     Y10                   1.820       0.827       1.000   35.80%       1.000      2.000      2.000
            1000.000       0.570       0.964       5.000    0.40%       2.000      2.000
     X1                    0.032       0.104      -2.832    0.10%      -0.817     -0.266      0.005
            1000.000       1.042      -0.001       3.823    0.10%       0.255      0.906
     X2                    0.518      -0.072       0.000   48.20%       0.000      0.000      1.000
            1000.000       0.250      -1.995       1.000   51.80%       1.000      1.000


THE MODEL ESTIMATION TERMINATED NORMALLY



MODEL FIT INFORMATION

Number of Free Parameters                       34

Loglikelihood

          H0 Value                       -8202.312

Information Criteria

          Akaike (AIC)                   16472.624
          Bayesian (BIC)                 16639.488
          Sample-Size Adjusted BIC       16531.502
            (n* = (n + 2) / 24)



MODEL RESULTS

                                                    Two-Tailed
                    Estimate       S.E.  Est./S.E.    P-Value

 F        BY
    Y1                 0.456      0.022     20.358      0.000
    Y2                 0.448      0.022     20.312      0.000
    Y3                 0.504      0.023     21.680      0.000
    Y4                 0.447      0.022     20.060      0.000
    Y5                 0.509      0.023     21.993      0.000
    Y6                 0.195      0.013     14.795      0.000
    Y7                 0.204      0.013     15.390      0.000
    Y8                 0.223      0.013     16.775      0.000
    Y9               999.000      0.000    999.000    999.000
    Y10                0.474      0.023     20.597      0.000

 Y9       ON
    X1                 0.008      0.019      0.419      0.675
    X2                 0.060      0.039      1.519      0.129

 Means
    F                  0.000      0.000    999.000    999.000

 Intercepts
    Y1                 1.799      0.023     77.662      0.000
    Y2                 1.835      0.023     80.487      0.000
    Y3                 3.108      0.024    127.487      0.000
    Y4                 3.104      0.023    135.189      0.000
    Y5                 3.120      0.024    128.275      0.000
    Y6                 1.164      0.013     90.045      0.000
    Y7                 1.155      0.013     88.332      0.000
    Y8                 1.170      0.013     87.918      0.000
    Y9                 1.774      0.031     57.617      0.000
    Y10                1.820      0.024     76.258      0.000

 Variances
    F                  1.000      0.000    999.000    999.000

 Residual Variances
    Y1                 0.329      0.017     19.864      0.000
    Y2                 0.319      0.016     19.872      0.000
    Y3                 0.340      0.018     19.409      0.000
    Y4                 0.328      0.016     19.954      0.000
    Y5                 0.333      0.017     19.280      0.000
    Y6                 0.129      0.006     21.204      0.000
    Y7                 0.129      0.006     21.097      0.000
    Y8                 0.127      0.006     20.808      0.000
    Y9                 0.329      0.017     19.648      0.000
    Y10                0.345      0.017     19.781      0.000

New/Additional Parameters
    L9_0               0.428      0.033     13.154      0.000
    L9_1               0.002      0.020      0.104      0.917
    L9_2               0.077      0.042      1.819      0.069


QUALITY OF NUMERICAL RESULTS

     Condition Number for the Information Matrix              0.361E-04
       (ratio of smallest to largest eigenvalue)


     Beginning Time:  02:34:51
        Ending Time:  02:34:53
       Elapsed Time:  00:00:02



MUTHEN & MUTHEN
3463 Stoner Ave.
Los Angeles, CA  90066

Tel: (310) 391-9971
Fax: (310) 391-8971
Web: www.StatModel.com
Support: Support@StatModel.com

Copyright (c) 1998-2019 Muthen & Muthen
