Mplus VERSION 8.3
MUTHEN & MUTHEN
04/24/2024   2:34 AM

INPUT INSTRUCTIONS


  TITLE: Test with 10 reps

  DATA:
  File is
  G1_B2_N3_rep72.csv;

  VARIABLE:
      Names are x1 x2 eta
  	y1 y2 y3 y4 y5 y6 y7 y8 y9 y10;
      Usevariables are y1-y10 x1 x2;
      constraint = x1 x2;

  MODEL:
      f BY y1* (l1);
      f BY y2* (l2);
      f BY y3* (l3);
      f BY y4* (l4);
      f BY y5* (l5);
      f BY y6* (l6);
      f BY y7* (l7);
      f BY y8* (l8);
      f BY y9* (l9);
      f BY y10* (l10);

  y1 ON x1 x2;
  f@1;
  [f@0];

  MODEL CONSTRAINT:
      new (l1_0 l1_1 l1_2);
      l1 = l1_0 + l1_1*x1 + l1_2*x2;




INPUT READING TERMINATED NORMALLY



Test with 10 reps

SUMMARY OF ANALYSIS

Number of groups                                                 1
Number of observations                                        1000

Number of dependent variables                                   10
Number of independent variables                                  2
Number of continuous latent variables                            1

Observed dependent variables

  Continuous
   Y1          Y2          Y3          Y4          Y5          Y6
   Y7          Y8          Y9          Y10

Observed independent variables
   X1          X2

Continuous latent variables
   F


Estimator                                                       ML
Information matrix                                        OBSERVED
Maximum number of iterations                                  1000
Convergence criterion                                    0.500D-04
Maximum number of steepest descent iterations                   20

Input data file(s)
  G1_B2_N3_rep72.csv

Input data format  FREE



UNIVARIATE SAMPLE STATISTICS


     UNIVARIATE HIGHER-ORDER MOMENT DESCRIPTIVE STATISTICS

         Variable/         Mean/     Skewness/   Minimum/ % with                Percentiles
        Sample Size      Variance    Kurtosis    Maximum  Min/Max      20%/60%    40%/80%    Median

     Y1                    1.804       0.598       1.000   36.70%       1.000      2.000      2.000
            1000.000       0.536      -0.041       4.000    1.80%       2.000      2.000
     Y2                    1.816       0.707       1.000   34.40%       1.000      2.000      2.000
            1000.000       0.520       0.617       5.000    0.10%       2.000      2.000
     Y3                    3.094       0.072       1.000    0.90%       2.000      3.000      3.000
            1000.000       0.579      -0.122       5.000    2.60%       3.000      4.000
     Y4                    3.127      -0.098       1.000    1.40%       3.000      3.000      3.000
            1000.000       0.563       0.085       5.000    2.20%       3.000      4.000
     Y5                    3.095      -0.102       1.000    1.20%       2.000      3.000      3.000
            1000.000       0.568      -0.214       5.000    1.60%       3.000      4.000
     Y6                    1.172       2.981       1.000   85.20%       1.000      1.000      1.000
            1000.000       0.200      10.382       4.000    0.50%       1.000      1.000
     Y7                    1.169       2.870       1.000   84.50%       1.000      1.000      1.000
            1000.000       0.176      11.460       5.000    0.10%       1.000      1.000
     Y8                    1.159       2.515       1.000   84.80%       1.000      1.000      1.000
            1000.000       0.152       7.376       4.000    0.20%       1.000      1.000
     Y9                    1.849       0.717       1.000   32.70%       1.000      2.000      2.000
            1000.000       0.536       0.823       5.000    0.30%       2.000      2.000
     Y10                   1.815       0.750       1.000   36.60%       1.000      2.000      2.000
            1000.000       0.573       0.429       5.000    0.10%       2.000      2.000
     X1                    0.033       0.055      -3.176    0.10%      -0.784     -0.234      0.029
            1000.000       0.943      -0.121       3.183    0.10%       0.279      0.868
     X2                    0.486       0.056       0.000   51.40%       0.000      0.000      0.000
            1000.000       0.250      -1.997       1.000   48.60%       1.000      1.000


THE MODEL ESTIMATION TERMINATED NORMALLY



MODEL FIT INFORMATION

Number of Free Parameters                       34

Loglikelihood

          H0 Value                       -8186.729

Information Criteria

          Akaike (AIC)                   16441.458
          Bayesian (BIC)                 16608.321
          Sample-Size Adjusted BIC       16500.336
            (n* = (n + 2) / 24)



MODEL RESULTS

                                                    Two-Tailed
                    Estimate       S.E.  Est./S.E.    P-Value

 F        BY
    Y1               999.000      0.000    999.000    999.000
    Y2                 0.440      0.022     19.906      0.000
    Y3                 0.499      0.023     21.774      0.000
    Y4                 0.476      0.023     20.886      0.000
    Y5                 0.472      0.023     20.558      0.000
    Y6                 0.219      0.014     15.323      0.000
    Y7                 0.196      0.014     14.523      0.000
    Y8                 0.205      0.012     16.625      0.000
    Y9                 0.472      0.022     21.287      0.000
    Y10                0.507      0.023     22.396      0.000

 Y1       ON
    X1                 0.016      0.020      0.810      0.418
    X2                 0.050      0.038      1.307      0.191

 Means
    F                  0.000      0.000    999.000    999.000

 Intercepts
    Y1                 1.772      0.030     59.733      0.000
    Y2                 1.816      0.023     79.626      0.000
    Y3                 3.094      0.024    128.565      0.000
    Y4                 3.127      0.024    131.804      0.000
    Y5                 3.095      0.024    129.867      0.000
    Y6                 1.172      0.014     82.787      0.000
    Y7                 1.169      0.013     88.008      0.000
    Y8                 1.159      0.012     94.095      0.000
    Y9                 1.849      0.023     79.850      0.000
    Y10                1.815      0.024     75.838      0.000

 Variances
    F                  1.000      0.000    999.000    999.000

 Residual Variances
    Y1                 0.314      0.016     19.696      0.000
    Y2                 0.326      0.016     20.059      0.000
    Y3                 0.330      0.017     19.443      0.000
    Y4                 0.336      0.017     19.725      0.000
    Y5                 0.345      0.017     19.853      0.000
    Y6                 0.152      0.007     21.139      0.000
    Y7                 0.138      0.006     21.272      0.000
    Y8                 0.110      0.005     20.886      0.000
    Y9                 0.314      0.016     19.609      0.000
    Y10                0.316      0.016     19.210      0.000

New/Additional Parameters
    L1_0               0.434      0.032     13.573      0.000
    L1_1               0.015      0.021      0.702      0.483
    L1_2               0.049      0.041      1.182      0.237


QUALITY OF NUMERICAL RESULTS

     Condition Number for the Information Matrix              0.269E-04
       (ratio of smallest to largest eigenvalue)


     Beginning Time:  02:34:01
        Ending Time:  02:34:04
       Elapsed Time:  00:00:03



MUTHEN & MUTHEN
3463 Stoner Ave.
Los Angeles, CA  90066

Tel: (310) 391-9971
Fax: (310) 391-8971
Web: www.StatModel.com
Support: Support@StatModel.com

Copyright (c) 1998-2019 Muthen & Muthen
