Mplus VERSION 8.3
MUTHEN & MUTHEN
04/24/2024   2:44 AM

INPUT INSTRUCTIONS


  TITLE: Test with 10 reps

  DATA:
  File is
  G1_B2_N3_rep93.csv;

  VARIABLE:
      Names are x1 x2 eta
  	y1 y2 y3 y4 y5 y6 y7 y8 y9 y10;
      Usevariables are y1-y10 x1 x2;
      constraint = x1 x2;

  MODEL:
      f BY y1* (l1);
      f BY y2* (l2);
      f BY y3* (l3);
      f BY y4* (l4);
      f BY y5* (l5);
      f BY y6* (l6);
      f BY y7* (l7);
      f BY y8* (l8);
      f BY y9* (l9);
      f BY y10* (l10);

  y10 ON x1 x2;
  f@1;
  [f@0];

  MODEL CONSTRAINT:
      new (l10_0 l10_1 l10_2);
      l10 = l10_0 + l10_1*x1 + l10_2*x2;




INPUT READING TERMINATED NORMALLY



Test with 10 reps

SUMMARY OF ANALYSIS

Number of groups                                                 1
Number of observations                                        1000

Number of dependent variables                                   10
Number of independent variables                                  2
Number of continuous latent variables                            1

Observed dependent variables

  Continuous
   Y1          Y2          Y3          Y4          Y5          Y6
   Y7          Y8          Y9          Y10

Observed independent variables
   X1          X2

Continuous latent variables
   F


Estimator                                                       ML
Information matrix                                        OBSERVED
Maximum number of iterations                                  1000
Convergence criterion                                    0.500D-04
Maximum number of steepest descent iterations                   20

Input data file(s)
  G1_B2_N3_rep93.csv

Input data format  FREE



UNIVARIATE SAMPLE STATISTICS


     UNIVARIATE HIGHER-ORDER MOMENT DESCRIPTIVE STATISTICS

         Variable/         Mean/     Skewness/   Minimum/ % with                Percentiles
        Sample Size      Variance    Kurtosis    Maximum  Min/Max      20%/60%    40%/80%    Median

     Y1                    1.880       0.730       1.000   30.90%       1.000      2.000      2.000
            1000.000       0.546       1.051       5.000    0.50%       2.000      2.000
     Y2                    1.835       0.682       1.000   32.60%       1.000      2.000      2.000
            1000.000       0.508       0.778       5.000    0.20%       2.000      2.000
     Y3                    3.157      -0.138       1.000    1.10%       3.000      3.000      3.000
            1000.000       0.564      -0.131       5.000    2.00%       3.000      4.000
     Y4                    3.153       0.025       1.000    0.80%       3.000      3.000      3.000
            1000.000       0.564      -0.064       5.000    2.80%       3.000      4.000
     Y5                    3.106      -0.033       1.000    1.00%       3.000      3.000      3.000
            1000.000       0.541      -0.028       5.000    1.90%       3.000      4.000
     Y6                    1.169       2.809       1.000   84.70%       1.000      1.000      1.000
            1000.000       0.178      10.458       5.000    0.10%       1.000      1.000
     Y7                    1.176       2.631       1.000   84.50%       1.000      1.000      1.000
            1000.000       0.191       7.383       4.000    0.20%       1.000      1.000
     Y8                    1.191       2.589       1.000   82.90%       1.000      1.000      1.000
            1000.000       0.203       7.851       4.000    0.40%       1.000      1.000
     Y9                    1.867       0.897       1.000   32.60%       1.000      2.000      2.000
            1000.000       0.587       1.421       5.000    0.70%       2.000      2.000
     Y10                   1.808       0.766       1.000   34.90%       1.000      2.000      2.000
            1000.000       0.525       0.773       5.000    0.10%       2.000      2.000
     X1                    0.022       0.045      -3.017    0.10%      -0.848     -0.213      0.034
            1000.000       1.020       0.007       3.216    0.10%       0.277      0.845
     X2                    0.524      -0.096       0.000   47.60%       0.000      0.000      1.000
            1000.000       0.249      -1.991       1.000   52.40%       1.000      1.000


THE MODEL ESTIMATION TERMINATED NORMALLY



MODEL FIT INFORMATION

Number of Free Parameters                       34

Loglikelihood

          H0 Value                       -8331.294

Information Criteria

          Akaike (AIC)                   16730.588
          Bayesian (BIC)                 16897.452
          Sample-Size Adjusted BIC       16789.466
            (n* = (n + 2) / 24)



MODEL RESULTS

                                                    Two-Tailed
                    Estimate       S.E.  Est./S.E.    P-Value

 F        BY
    Y1                 0.484      0.022     21.674      0.000
    Y2                 0.436      0.022     19.885      0.000
    Y3                 0.456      0.023     19.639      0.000
    Y4                 0.470      0.023     20.459      0.000
    Y5                 0.464      0.022     20.623      0.000
    Y6                 0.202      0.014     14.887      0.000
    Y7                 0.222      0.014     15.881      0.000
    Y8                 0.236      0.014     16.530      0.000
    Y9                 0.479      0.023     20.416      0.000
    Y10              999.000      0.000    999.000    999.000

 Y10      ON
    X1                 0.031      0.019      1.637      0.102
    X2                 0.002      0.038      0.042      0.966

 Means
    F                  0.000      0.000    999.000    999.000

 Intercepts
    Y1                 1.880      0.023     80.486      0.000
    Y2                 1.835      0.023     81.433      0.000
    Y3                 3.157      0.024    132.892      0.000
    Y4                 3.153      0.024    132.813      0.000
    Y5                 3.106      0.023    133.567      0.000
    Y6                 1.169      0.013     87.512      0.000
    Y7                 1.176      0.014     85.087      0.000
    Y8                 1.191      0.014     83.691      0.000
    Y9                 1.867      0.024     77.039      0.000
    Y10                1.790      0.029     60.942      0.000

 Variances
    F                  1.000      0.000    999.000    999.000

 Residual Variances
    Y1                 0.311      0.016     19.317      0.000
    Y2                 0.318      0.016     19.935      0.000
    Y3                 0.357      0.018     19.976      0.000
    Y4                 0.342      0.017     19.733      0.000
    Y5                 0.326      0.017     19.647      0.000
    Y6                 0.137      0.006     21.155      0.000
    Y7                 0.142      0.007     20.964      0.000
    Y8                 0.147      0.007     20.831      0.000
    Y9                 0.358      0.018     19.752      0.000
    Y10                0.309      0.016     19.648      0.000

New/Additional Parameters
    L10_0              0.385      0.032     11.857      0.000
    L10_1              0.044      0.020      2.187      0.029
    L10_2              0.113      0.041      2.756      0.006


QUALITY OF NUMERICAL RESULTS

     Condition Number for the Information Matrix              0.412E-04
       (ratio of smallest to largest eigenvalue)


     Beginning Time:  02:44:11
        Ending Time:  02:44:13
       Elapsed Time:  00:00:02



MUTHEN & MUTHEN
3463 Stoner Ave.
Los Angeles, CA  90066

Tel: (310) 391-9971
Fax: (310) 391-8971
Web: www.StatModel.com
Support: Support@StatModel.com

Copyright (c) 1998-2019 Muthen & Muthen
