Mplus VERSION 8.3
MUTHEN & MUTHEN
04/24/2024   2:09 PM

INPUT INSTRUCTIONS


  TITLE: Test with 10 reps

  DATA:
  File is
  G2_B2_N2_rep161.csv;

  VARIABLE:
      Names are x1 x2 eta
  	y1 y2 y3 y4 y5 y6 y7 y8 y9 y10;
      Usevariables are y1-y10 x1 x2;
      constraint = x1 x2;

  MODEL:
      f BY y1* (l1);
      f BY y2* (l2);
      f BY y3* (l3);
      f BY y4* (l4);
      f BY y5* (l5);
      f BY y6* (l6);
      f BY y7* (l7);
      f BY y8* (l8);
      f BY y9* (l9);
      f BY y10* (l10);

  y8 ON x1 x2;
  f@1;
  [f@0];

  MODEL CONSTRAINT:
      new (l8_0 l8_1 l8_2);
      l8 = l8_0 + l8_1*x1 + l8_2*x2;




INPUT READING TERMINATED NORMALLY



Test with 10 reps

SUMMARY OF ANALYSIS

Number of groups                                                 1
Number of observations                                         500

Number of dependent variables                                   10
Number of independent variables                                  2
Number of continuous latent variables                            1

Observed dependent variables

  Continuous
   Y1          Y2          Y3          Y4          Y5          Y6
   Y7          Y8          Y9          Y10

Observed independent variables
   X1          X2

Continuous latent variables
   F


Estimator                                                       ML
Information matrix                                        OBSERVED
Maximum number of iterations                                  1000
Convergence criterion                                    0.500D-04
Maximum number of steepest descent iterations                   20

Input data file(s)
  G2_B2_N2_rep161.csv

Input data format  FREE



UNIVARIATE SAMPLE STATISTICS


     UNIVARIATE HIGHER-ORDER MOMENT DESCRIPTIVE STATISTICS

         Variable/         Mean/     Skewness/   Minimum/ % with                Percentiles
        Sample Size      Variance    Kurtosis    Maximum  Min/Max      20%/60%    40%/80%    Median

     Y1                    1.800       0.544       1.000   36.00%       1.000      2.000      2.000
             500.000       0.508      -0.094       4.000    1.40%       2.000      2.000
     Y2                    1.812       0.873       1.000   36.60%       1.000      2.000      2.000
             500.000       0.581       1.028       5.000    0.40%       2.000      2.000
     Y3                    3.072       0.109       1.000    1.00%       3.000      3.000      3.000
             500.000       0.527       0.284       5.000    2.40%       3.000      4.000
     Y4                    3.084      -0.002       1.000    1.00%       3.000      3.000      3.000
             500.000       0.525       0.070       5.000    1.80%       3.000      4.000
     Y5                    3.094      -0.094       1.000    1.80%       3.000      3.000      3.000
             500.000       0.553       0.357       5.000    2.20%       3.000      4.000
     Y6                    1.160       3.034       1.000   86.00%       1.000      1.000      1.000
             500.000       0.182      10.828       4.000    0.40%       1.000      1.000
     Y7                    1.176       2.759       1.000   84.20%       1.000      1.000      1.000
             500.000       0.189       9.099       4.000    0.40%       1.000      1.000
     Y8                    1.182       2.453       1.000   83.40%       1.000      1.000      1.000
             500.000       0.185       6.543       4.000    0.20%       1.000      1.000
     Y9                    1.828       0.696       1.000   35.40%       1.000      2.000      2.000
             500.000       0.554       0.625       5.000    0.40%       2.000      2.000
     Y10                   1.810       0.825       1.000   36.80%       1.000      2.000      2.000
             500.000       0.578       0.721       5.000    0.20%       2.000      2.000
     X1                   -0.065      -0.061      -2.821    0.20%      -0.895     -0.345     -0.071
             500.000       1.018      -0.235       2.729    0.20%       0.207      0.785
     X2                    0.456       0.177       0.000   54.40%       0.000      0.000      0.000
             500.000       0.248      -1.969       1.000   45.60%       1.000      1.000


THE MODEL ESTIMATION TERMINATED NORMALLY



MODEL FIT INFORMATION

Number of Free Parameters                       34

Loglikelihood

          H0 Value                       -3658.434

Information Criteria

          Akaike (AIC)                    7384.867
          Bayesian (BIC)                  7528.164
          Sample-Size Adjusted BIC        7420.246
            (n* = (n + 2) / 24)



MODEL RESULTS

                                                    Two-Tailed
                    Estimate       S.E.  Est./S.E.    P-Value

 F        BY
    Y1                 0.525      0.028     18.577      0.000
    Y2                 0.568      0.030     18.877      0.000
    Y3                 0.533      0.029     18.484      0.000
    Y4                 0.502      0.029     17.072      0.000
    Y5                 0.527      0.030     17.615      0.000
    Y6                 0.270      0.018     15.156      0.000
    Y7                 0.258      0.018     13.996      0.000
    Y8               999.000      0.000    999.000    999.000
    Y9                 0.568      0.029     19.512      0.000
    Y10                0.534      0.031     17.396      0.000

 Y8       ON
    X1                 0.020      0.015      1.298      0.194
    X2                 0.064      0.031      2.088      0.037

 Means
    F                  0.000      0.000    999.000    999.000

 Intercepts
    Y1                 1.800      0.032     56.471      0.000
    Y2                 1.812      0.034     53.172      0.000
    Y3                 3.072      0.032     94.640      0.000
    Y4                 3.084      0.032     95.179      0.000
    Y5                 3.094      0.033     93.020      0.000
    Y6                 1.160      0.019     60.734      0.000
    Y7                 1.176      0.019     60.483      0.000
    Y8                 1.129      0.021     52.964      0.000
    Y9                 1.828      0.033     54.896      0.000
    Y10                1.810      0.034     53.240      0.000

 Variances
    F                  1.000      0.000    999.000    999.000

 Residual Variances
    Y1                 0.233      0.017     13.901      0.000
    Y2                 0.258      0.019     13.784      0.000
    Y3                 0.243      0.017     13.913      0.000
    Y4                 0.273      0.019     14.320      0.000
    Y5                 0.275      0.019     14.157      0.000
    Y6                 0.110      0.007     14.741      0.000
    Y7                 0.123      0.008     14.933      0.000
    Y8                 0.098      0.007     14.335      0.000
    Y9                 0.232      0.017     13.570      0.000
    Y10                0.293      0.021     14.234      0.000

New/Additional Parameters
    L8_0               0.181      0.022      8.186      0.000
    L8_1               0.080      0.016      4.849      0.000
    L8_2               0.170      0.031      5.406      0.000


QUALITY OF NUMERICAL RESULTS

     Condition Number for the Information Matrix              0.455E-04
       (ratio of smallest to largest eigenvalue)


     Beginning Time:  14:09:07
        Ending Time:  14:09:08
       Elapsed Time:  00:00:01



MUTHEN & MUTHEN
3463 Stoner Ave.
Los Angeles, CA  90066

Tel: (310) 391-9971
Fax: (310) 391-8971
Web: www.StatModel.com
Support: Support@StatModel.com

Copyright (c) 1998-2019 Muthen & Muthen
