Mplus VERSION 8.3
MUTHEN & MUTHEN
04/24/2024   2:14 PM

INPUT INSTRUCTIONS


  TITLE: Test with 10 reps

  DATA:
  File is
  G2_B2_N2_rep180.csv;

  VARIABLE:
      Names are x1 x2 eta
  	y1 y2 y3 y4 y5 y6 y7 y8 y9 y10;
      Usevariables are y1-y10 x1 x2;
      constraint = x1 x2;

  MODEL:
      f BY y1* (l1);
      f BY y2* (l2);
      f BY y3* (l3);
      f BY y4* (l4);
      f BY y5* (l5);
      f BY y6* (l6);
      f BY y7* (l7);
      f BY y8* (l8);
      f BY y9* (l9);
      f BY y10* (l10);

  y9 ON x1 x2;
  f@1;
  [f@0];

  MODEL CONSTRAINT:
      new (l9_0 l9_1 l9_2);
      l9 = l9_0 + l9_1*x1 + l9_2*x2;




INPUT READING TERMINATED NORMALLY



Test with 10 reps

SUMMARY OF ANALYSIS

Number of groups                                                 1
Number of observations                                         500

Number of dependent variables                                   10
Number of independent variables                                  2
Number of continuous latent variables                            1

Observed dependent variables

  Continuous
   Y1          Y2          Y3          Y4          Y5          Y6
   Y7          Y8          Y9          Y10

Observed independent variables
   X1          X2

Continuous latent variables
   F


Estimator                                                       ML
Information matrix                                        OBSERVED
Maximum number of iterations                                  1000
Convergence criterion                                    0.500D-04
Maximum number of steepest descent iterations                   20

Input data file(s)
  G2_B2_N2_rep180.csv

Input data format  FREE



UNIVARIATE SAMPLE STATISTICS


     UNIVARIATE HIGHER-ORDER MOMENT DESCRIPTIVE STATISTICS

         Variable/         Mean/     Skewness/   Minimum/ % with                Percentiles
        Sample Size      Variance    Kurtosis    Maximum  Min/Max      20%/60%    40%/80%    Median

     Y1                    1.790       0.736       1.000   38.00%       1.000      2.000      2.000
             500.000       0.558       0.284       4.000    2.60%       2.000      2.000
     Y2                    1.798       0.613       1.000   36.00%       1.000      2.000      2.000
             500.000       0.513       0.131       4.000    1.80%       2.000      2.000
     Y3                    3.050      -0.113       1.000    2.40%       2.000      3.000      3.000
             500.000       0.612       0.122       5.000    2.20%       3.000      4.000
     Y4                    3.050      -0.035       1.000    2.00%       2.000      3.000      3.000
             500.000       0.600       0.128       5.000    2.40%       3.000      4.000
     Y5                    3.074       0.075       1.000    1.40%       2.000      3.000      3.000
             500.000       0.605       0.031       5.000    3.00%       3.000      4.000
     Y6                    1.150       2.620       1.000   86.40%       1.000      1.000      1.000
             500.000       0.156       6.434       3.000    1.40%       1.000      1.000
     Y7                    1.168       2.235       1.000   84.20%       1.000      1.000      1.000
             500.000       0.160       4.217       3.000    1.00%       1.000      1.000
     Y8                    1.138       2.572       1.000   87.00%       1.000      1.000      1.000
             500.000       0.135       5.996       3.000    0.80%       1.000      1.000
     Y9                    1.822       0.566       1.000   35.40%       1.000      2.000      2.000
             500.000       0.534      -0.069       4.000    1.80%       2.000      2.000
     Y10                   1.796       0.721       1.000   38.00%       1.000      2.000      2.000
             500.000       0.566       0.203       4.000    2.60%       2.000      2.000
     X1                   -0.049       0.008      -3.103    0.20%      -0.904     -0.314     -0.027
             500.000       1.113       0.022       3.262    0.20%       0.211      0.843
     X2                    0.506      -0.024       0.000   49.40%       0.000      0.000      1.000
             500.000       0.250      -1.999       1.000   50.60%       1.000      1.000


THE MODEL ESTIMATION TERMINATED NORMALLY



MODEL FIT INFORMATION

Number of Free Parameters                       34

Loglikelihood

          H0 Value                       -3646.432

Information Criteria

          Akaike (AIC)                    7360.864
          Bayesian (BIC)                  7504.161
          Sample-Size Adjusted BIC        7396.243
            (n* = (n + 2) / 24)



MODEL RESULTS

                                                    Two-Tailed
                    Estimate       S.E.  Est./S.E.    P-Value

 F        BY
    Y1                 0.572      0.029     19.574      0.000
    Y2                 0.510      0.029     17.684      0.000
    Y3                 0.577      0.031     18.578      0.000
    Y4                 0.570      0.031     18.529      0.000
    Y5                 0.570      0.031     18.389      0.000
    Y6                 0.200      0.017     11.623      0.000
    Y7                 0.255      0.017     15.288      0.000
    Y8                 0.192      0.016     11.990      0.000
    Y9               999.000      0.000    999.000    999.000
    Y10                0.529      0.030     17.371      0.000

 Y9       ON
    X1                 0.046      0.024      1.945      0.052
    X2                 0.091      0.049      1.871      0.061

 Means
    F                  0.000      0.000    999.000    999.000

 Intercepts
    Y1                 1.790      0.033     53.587      0.000
    Y2                 1.798      0.032     56.122      0.000
    Y3                 3.050      0.035     87.214      0.000
    Y4                 3.050      0.035     88.083      0.000
    Y5                 3.074      0.035     88.406      0.000
    Y6                 1.150      0.018     65.211      0.000
    Y7                 1.168      0.018     65.339      0.000
    Y8                 1.138      0.016     69.268      0.000
    Y9                 1.774      0.041     43.371      0.000
    Y10                1.796      0.034     53.362      0.000

 Variances
    F                  1.000      0.000    999.000    999.000

 Residual Variances
    Y1                 0.231      0.017     13.372      0.000
    Y2                 0.253      0.018     14.052      0.000
    Y3                 0.278      0.020     13.756      0.000
    Y4                 0.274      0.020     13.769      0.000
    Y5                 0.280      0.020     13.813      0.000
    Y6                 0.115      0.008     15.210      0.000
    Y7                 0.095      0.006     14.611      0.000
    Y8                 0.098      0.006     15.165      0.000
    Y9                 0.258      0.018     14.137      0.000
    Y10                0.287      0.020     14.136      0.000

New/Additional Parameters
    L9_0               0.488      0.043     11.298      0.000
    L9_1               0.006      0.022      0.259      0.796
    L9_2               0.018      0.052      0.343      0.731


QUALITY OF NUMERICAL RESULTS

     Condition Number for the Information Matrix              0.408E-04
       (ratio of smallest to largest eigenvalue)


     Beginning Time:  14:14:46
        Ending Time:  14:14:47
       Elapsed Time:  00:00:01



MUTHEN & MUTHEN
3463 Stoner Ave.
Los Angeles, CA  90066

Tel: (310) 391-9971
Fax: (310) 391-8971
Web: www.StatModel.com
Support: Support@StatModel.com

Copyright (c) 1998-2019 Muthen & Muthen
