Mplus VERSION 8.3
MUTHEN & MUTHEN
04/24/2024   2:18 PM

INPUT INSTRUCTIONS


  TITLE: Test with 10 reps

  DATA:
  File is
  G2_B2_N2_rep195.csv;

  VARIABLE:
      Names are x1 x2 eta
  	y1 y2 y3 y4 y5 y6 y7 y8 y9 y10;
      Usevariables are y1-y10 x1 x2;
      constraint = x1 x2;

  MODEL:
      f BY y1* (l1);
      f BY y2* (l2);
      f BY y3* (l3);
      f BY y4* (l4);
      f BY y5* (l5);
      f BY y6* (l6);
      f BY y7* (l7);
      f BY y8* (l8);
      f BY y9* (l9);
      f BY y10* (l10);

  y10 ON x1 x2;
  f@1;
  [f@0];

  MODEL CONSTRAINT:
      new (l10_0 l10_1 l10_2);
      l10 = l10_0 + l10_1*x1 + l10_2*x2;




INPUT READING TERMINATED NORMALLY



Test with 10 reps

SUMMARY OF ANALYSIS

Number of groups                                                 1
Number of observations                                         500

Number of dependent variables                                   10
Number of independent variables                                  2
Number of continuous latent variables                            1

Observed dependent variables

  Continuous
   Y1          Y2          Y3          Y4          Y5          Y6
   Y7          Y8          Y9          Y10

Observed independent variables
   X1          X2

Continuous latent variables
   F


Estimator                                                       ML
Information matrix                                        OBSERVED
Maximum number of iterations                                  1000
Convergence criterion                                    0.500D-04
Maximum number of steepest descent iterations                   20

Input data file(s)
  G2_B2_N2_rep195.csv

Input data format  FREE



UNIVARIATE SAMPLE STATISTICS


     UNIVARIATE HIGHER-ORDER MOMENT DESCRIPTIVE STATISTICS

         Variable/         Mean/     Skewness/   Minimum/ % with                Percentiles
        Sample Size      Variance    Kurtosis    Maximum  Min/Max      20%/60%    40%/80%    Median

     Y1                    1.914       0.449       1.000   28.80%       1.000      2.000      2.000
             500.000       0.523      -0.052       4.000    2.00%       2.000      2.000
     Y2                    1.890       0.877       1.000   33.00%       1.000      2.000      2.000
             500.000       0.642       0.994       5.000    0.60%       2.000      2.000
     Y3                    3.166      -0.081       1.000    1.00%       3.000      3.000      3.000
             500.000       0.590      -0.201       5.000    2.60%       3.000      4.000
     Y4                    3.152      -0.109       1.000    1.00%       3.000      3.000      3.000
             500.000       0.557      -0.131       5.000    2.00%       3.000      4.000
     Y5                    3.178      -0.226       1.000    1.20%       3.000      3.000      3.000
             500.000       0.618      -0.401       5.000    2.00%       3.000      4.000
     Y6                    1.184       2.279       1.000   83.40%       1.000      1.000      1.000
             500.000       0.186       4.571       3.000    1.80%       1.000      1.000
     Y7                    1.166       2.670       1.000   85.00%       1.000      1.000      1.000
             500.000       0.174       7.884       4.000    0.20%       1.000      1.000
     Y8                    1.182       2.304       1.000   82.80%       1.000      1.000      1.000
             500.000       0.173       5.901       4.000    0.20%       1.000      1.000
     Y9                    1.864       0.691       1.000   32.60%       1.000      2.000      2.000
             500.000       0.554       0.737       5.000    0.40%       2.000      2.000
     Y10                   1.922       0.702       1.000   29.20%       1.000      2.000      2.000
             500.000       0.580       0.609       5.000    0.20%       2.000      2.000
     X1                    0.004      -0.121      -3.059    0.20%      -0.850     -0.198      0.037
             500.000       1.003       0.072       2.862    0.20%       0.292      0.800
     X2                    0.504      -0.016       0.000   49.60%       0.000      0.000      1.000
             500.000       0.250      -2.000       1.000   50.40%       1.000      1.000


THE MODEL ESTIMATION TERMINATED NORMALLY



MODEL FIT INFORMATION

Number of Free Parameters                       34

Loglikelihood

          H0 Value                       -3798.783

Information Criteria

          Akaike (AIC)                    7665.566
          Bayesian (BIC)                  7808.863
          Sample-Size Adjusted BIC        7700.945
            (n* = (n + 2) / 24)



MODEL RESULTS

                                                    Two-Tailed
                    Estimate       S.E.  Est./S.E.    P-Value

 F        BY
    Y1                 0.512      0.029     17.586      0.000
    Y2                 0.604      0.032     19.158      0.000
    Y3                 0.578      0.030     19.126      0.000
    Y4                 0.572      0.029     19.626      0.000
    Y5                 0.549      0.032     17.224      0.000
    Y6                 0.244      0.019     13.161      0.000
    Y7                 0.228      0.018     12.646      0.000
    Y8                 0.237      0.018     13.322      0.000
    Y9                 0.529      0.030     17.683      0.000
    Y10              999.000      0.000    999.000    999.000

 Y10      ON
    X1                -0.032      0.025     -1.284      0.199
    X2                -0.017      0.050     -0.332      0.740

 Means
    F                  0.000      0.000    999.000    999.000

 Intercepts
    Y1                 1.914      0.032     59.203      0.000
    Y2                 1.890      0.036     52.749      0.000
    Y3                 3.166      0.034     92.131      0.000
    Y4                 3.152      0.033     94.446      0.000
    Y5                 3.178      0.035     90.372      0.000
    Y6                 1.184      0.019     61.364      0.000
    Y7                 1.166      0.019     62.425      0.000
    Y8                 1.182      0.019     63.568      0.000
    Y9                 1.864      0.033     56.024      0.000
    Y10                1.927      0.042     45.389      0.000

 Variances
    F                  1.000      0.000    999.000    999.000

 Residual Variances
    Y1                 0.260      0.018     14.129      0.000
    Y2                 0.277      0.020     13.614      0.000
    Y3                 0.256      0.019     13.629      0.000
    Y4                 0.230      0.017     13.412      0.000
    Y5                 0.317      0.022     14.210      0.000
    Y6                 0.127      0.008     15.021      0.000
    Y7                 0.122      0.008     15.081      0.000
    Y8                 0.117      0.008     14.976      0.000
    Y9                 0.274      0.019     14.107      0.000
    Y10                0.266      0.019     13.798      0.000

New/Additional Parameters
    L10_0              0.539      0.043     12.462      0.000
    L10_1             -0.004      0.025     -0.176      0.860
    L10_2              0.046      0.053      0.866      0.387


QUALITY OF NUMERICAL RESULTS

     Condition Number for the Information Matrix              0.592E-04
       (ratio of smallest to largest eigenvalue)


     Beginning Time:  14:18:50
        Ending Time:  14:18:51
       Elapsed Time:  00:00:01



MUTHEN & MUTHEN
3463 Stoner Ave.
Los Angeles, CA  90066

Tel: (310) 391-9971
Fax: (310) 391-8971
Web: www.StatModel.com
Support: Support@StatModel.com

Copyright (c) 1998-2019 Muthen & Muthen
