Mplus VERSION 8.3
MUTHEN & MUTHEN
04/24/2024   2:05 PM

INPUT INSTRUCTIONS


  TITLE: Test with 10 reps

  DATA:
  File is
  G2_B2_N2_rep150.csv;

  VARIABLE:
      Names are x1 x2 eta
  	y1 y2 y3 y4 y5 y6 y7 y8 y9 y10;
      Usevariables are y1-y10 x1 x2;
      constraint = x1 x2;

  MODEL:
      f BY y1* (l1);
      f BY y2* (l2);
      f BY y3* (l3);
      f BY y4* (l4);
      f BY y5* (l5);
      f BY y6* (l6);
      f BY y7* (l7);
      f BY y8* (l8);
      f BY y9* (l9);
      f BY y10* (l10);

  y3 ON x1 x2;
  f@1;
  [f@0];

  MODEL CONSTRAINT:
      new (l3_0 l3_1 l3_2);
      l3 = l3_0 + l3_1*x1 + l3_2*x2;




INPUT READING TERMINATED NORMALLY



Test with 10 reps

SUMMARY OF ANALYSIS

Number of groups                                                 1
Number of observations                                         500

Number of dependent variables                                   10
Number of independent variables                                  2
Number of continuous latent variables                            1

Observed dependent variables

  Continuous
   Y1          Y2          Y3          Y4          Y5          Y6
   Y7          Y8          Y9          Y10

Observed independent variables
   X1          X2

Continuous latent variables
   F


Estimator                                                       ML
Information matrix                                        OBSERVED
Maximum number of iterations                                  1000
Convergence criterion                                    0.500D-04
Maximum number of steepest descent iterations                   20

Input data file(s)
  G2_B2_N2_rep150.csv

Input data format  FREE



UNIVARIATE SAMPLE STATISTICS


     UNIVARIATE HIGHER-ORDER MOMENT DESCRIPTIVE STATISTICS

         Variable/         Mean/     Skewness/   Minimum/ % with                Percentiles
        Sample Size      Variance    Kurtosis    Maximum  Min/Max      20%/60%    40%/80%    Median

     Y1                    1.862       0.826       1.000   35.00%       1.000      2.000      2.000
             500.000       0.631       0.713       5.000    0.40%       2.000      2.000
     Y2                    1.898       0.739       1.000   34.40%       1.000      2.000      2.000
             500.000       0.668       0.358       5.000    0.40%       2.000      2.000
     Y3                    3.212       0.087       1.000    0.60%       3.000      3.000      3.000
             500.000       0.595      -0.121       5.000    4.20%       3.000      4.000
     Y4                    3.146       0.033       1.000    1.40%       2.000      3.000      3.000
             500.000       0.669      -0.170       5.000    4.20%       3.000      4.000
     Y5                    3.148       0.006       1.000    1.20%       3.000      3.000      3.000
             500.000       0.590       0.045       5.000    3.20%       3.000      4.000
     Y6                    1.196       2.463       1.000   82.00%       1.000      1.000      1.000
             500.000       0.198       7.333       4.000    0.40%       1.000      1.000
     Y7                    1.208       2.616       1.000   82.00%       1.000      1.000      1.000
             500.000       0.233       7.953       4.000    0.60%       1.000      1.000
     Y8                    1.208       2.789       1.000   83.00%       1.000      1.000      1.000
             500.000       0.257       8.676       4.000    0.80%       1.000      1.000
     Y9                    1.896       0.699       1.000   34.20%       1.000      2.000      2.000
             500.000       0.645       0.452       5.000    0.60%       2.000      3.000
     Y10                   1.906       0.959       1.000   30.80%       1.000      2.000      2.000
             500.000       0.617       1.789       5.000    1.20%       2.000      2.000
     X1                    0.026       0.038      -2.861    0.20%      -0.795     -0.281     -0.002
             500.000       0.962      -0.058       3.200    0.20%       0.252      0.890
     X2                    0.506      -0.024       0.000   49.40%       0.000      0.000      1.000
             500.000       0.250      -1.999       1.000   50.60%       1.000      1.000


THE MODEL ESTIMATION TERMINATED NORMALLY



MODEL FIT INFORMATION

Number of Free Parameters                       34

Loglikelihood

          H0 Value                       -4139.441

Information Criteria

          Akaike (AIC)                    8346.882
          Bayesian (BIC)                  8490.179
          Sample-Size Adjusted BIC        8382.261
            (n* = (n + 2) / 24)



MODEL RESULTS

                                                    Two-Tailed
                    Estimate       S.E.  Est./S.E.    P-Value

 F        BY
    Y1                 0.577      0.032     18.199      0.000
    Y2                 0.631      0.032     19.837      0.000
    Y3               999.000      0.000    999.000    999.000
    Y4                 0.577      0.033     17.462      0.000
    Y5                 0.563      0.031     18.420      0.000
    Y6                 0.237      0.019     12.276      0.000
    Y7                 0.293      0.020     14.397      0.000
    Y8                 0.297      0.022     13.764      0.000
    Y9                 0.570      0.032     17.608      0.000
    Y10                0.570      0.031     18.164      0.000

 Y3       ON
    X1                 0.009      0.027      0.334      0.738
    X2                 0.085      0.053      1.604      0.109

 Means
    F                  0.000      0.000    999.000    999.000

 Intercepts
    Y1                 1.862      0.036     52.416      0.000
    Y2                 1.898      0.037     51.942      0.000
    Y3                 3.180      0.046     69.179      0.000
    Y4                 3.146      0.037     86.026      0.000
    Y5                 3.148      0.034     91.634      0.000
    Y6                 1.196      0.020     60.164      0.000
    Y7                 1.208      0.022     55.991      0.000
    Y8                 1.208      0.023     53.310      0.000
    Y9                 1.896      0.036     52.781      0.000
    Y10                1.906      0.035     54.251      0.000

 Variances
    F                  1.000      0.000    999.000    999.000

 Residual Variances
    Y1                 0.298      0.021     13.893      0.000
    Y2                 0.269      0.020     13.258      0.000
    Y3                 0.295      0.021     14.082      0.000
    Y4                 0.336      0.024     14.117      0.000
    Y5                 0.273      0.020     13.814      0.000
    Y6                 0.141      0.009     15.123      0.000
    Y7                 0.147      0.010     14.789      0.000
    Y8                 0.169      0.011     14.916      0.000
    Y9                 0.320      0.023     14.073      0.000
    Y10                0.292      0.021     13.901      0.000

New/Additional Parameters
    L3_0               0.588      0.048     12.298      0.000
    L3_1              -0.001      0.028     -0.048      0.962
    L3_2              -0.096      0.057     -1.687      0.092


QUALITY OF NUMERICAL RESULTS

     Condition Number for the Information Matrix              0.862E-04
       (ratio of smallest to largest eigenvalue)


     Beginning Time:  14:05:49
        Ending Time:  14:05:51
       Elapsed Time:  00:00:02



MUTHEN & MUTHEN
3463 Stoner Ave.
Los Angeles, CA  90066

Tel: (310) 391-9971
Fax: (310) 391-8971
Web: www.StatModel.com
Support: Support@StatModel.com

Copyright (c) 1998-2019 Muthen & Muthen
