Mplus VERSION 8.3
MUTHEN & MUTHEN
04/24/2024   2:15 PM

INPUT INSTRUCTIONS


  TITLE: Test with 10 reps

  DATA:
  File is
  G2_B2_N2_rep184.csv;

  VARIABLE:
      Names are x1 x2 eta
  	y1 y2 y3 y4 y5 y6 y7 y8 y9 y10;
      Usevariables are y1-y10 x1 x2;
      constraint = x1 x2;

  MODEL:
      f BY y1* (l1);
      f BY y2* (l2);
      f BY y3* (l3);
      f BY y4* (l4);
      f BY y5* (l5);
      f BY y6* (l6);
      f BY y7* (l7);
      f BY y8* (l8);
      f BY y9* (l9);
      f BY y10* (l10);

  y7 ON x1 x2;
  f@1;
  [f@0];

  MODEL CONSTRAINT:
      new (l7_0 l7_1 l7_2);
      l7 = l7_0 + l7_1*x1 + l7_2*x2;




INPUT READING TERMINATED NORMALLY



Test with 10 reps

SUMMARY OF ANALYSIS

Number of groups                                                 1
Number of observations                                         500

Number of dependent variables                                   10
Number of independent variables                                  2
Number of continuous latent variables                            1

Observed dependent variables

  Continuous
   Y1          Y2          Y3          Y4          Y5          Y6
   Y7          Y8          Y9          Y10

Observed independent variables
   X1          X2

Continuous latent variables
   F


Estimator                                                       ML
Information matrix                                        OBSERVED
Maximum number of iterations                                  1000
Convergence criterion                                    0.500D-04
Maximum number of steepest descent iterations                   20

Input data file(s)
  G2_B2_N2_rep184.csv

Input data format  FREE



UNIVARIATE SAMPLE STATISTICS


     UNIVARIATE HIGHER-ORDER MOMENT DESCRIPTIVE STATISTICS

         Variable/         Mean/     Skewness/   Minimum/ % with                Percentiles
        Sample Size      Variance    Kurtosis    Maximum  Min/Max      20%/60%    40%/80%    Median

     Y1                    1.892       0.730       1.000   32.20%       1.000      2.000      2.000
             500.000       0.600       0.653       5.000    0.40%       2.000      2.000
     Y2                    1.864       0.736       1.000   34.00%       1.000      2.000      2.000
             500.000       0.594       0.636       5.000    0.40%       2.000      2.000
     Y3                    3.150       0.032       1.000    0.80%       3.000      3.000      3.000
             500.000       0.612      -0.268       5.000    3.20%       3.000      4.000
     Y4                    3.136      -0.002       1.000    1.80%       3.000      3.000      3.000
             500.000       0.654       0.034       5.000    4.00%       3.000      4.000
     Y5                    3.168      -0.063       1.000    1.00%       3.000      3.000      3.000
             500.000       0.596      -0.189       5.000    2.80%       3.000      4.000
     Y6                    1.206       2.252       1.000   81.40%       1.000      1.000      1.000
             500.000       0.208       5.260       4.000    0.20%       1.000      1.000
     Y7                    1.200       2.694       1.000   82.60%       1.000      1.000      1.000
             500.000       0.224       8.562       4.000    0.60%       1.000      1.000
     Y8                    1.202       2.670       1.000   82.40%       1.000      1.000      1.000
             500.000       0.225       8.411       4.000    0.60%       1.000      1.000
     Y9                    1.874       0.710       1.000   34.00%       1.000      2.000      2.000
             500.000       0.602       0.662       5.000    0.60%       2.000      2.000
     Y10                   1.888       0.842       1.000   31.80%       1.000      2.000      2.000
             500.000       0.599       1.135       5.000    0.60%       2.000      2.000
     X1                    0.005      -0.166      -3.086    0.20%      -0.832     -0.185      0.038
             500.000       0.976      -0.031       2.765    0.20%       0.288      0.788
     X2                    0.476       0.096       0.000   52.40%       0.000      0.000      0.000
             500.000       0.249      -1.991       1.000   47.60%       1.000      1.000


THE MODEL ESTIMATION TERMINATED NORMALLY



MODEL FIT INFORMATION

Number of Free Parameters                       34

Loglikelihood

          H0 Value                       -4016.351

Information Criteria

          Akaike (AIC)                    8100.702
          Bayesian (BIC)                  8243.998
          Sample-Size Adjusted BIC        8136.080
            (n* = (n + 2) / 24)



MODEL RESULTS

                                                    Two-Tailed
                    Estimate       S.E.  Est./S.E.    P-Value

 F        BY
    Y1                 0.552      0.031     17.713      0.000
    Y2                 0.549      0.031     17.717      0.000
    Y3                 0.552      0.032     17.467      0.000
    Y4                 0.566      0.033     17.273      0.000
    Y5                 0.555      0.031     17.933      0.000
    Y6                 0.260      0.019     13.322      0.000
    Y7               999.000      0.000    999.000    999.000
    Y8                 0.305      0.020     15.426      0.000
    Y9                 0.599      0.030     19.815      0.000
    Y10                0.541      0.031     17.244      0.000

 Y7       ON
    X1                 0.032      0.017      1.855      0.064
    X2                -0.019      0.033     -0.574      0.566

 Means
    F                  0.000      0.000    999.000    999.000

 Intercepts
    Y1                 1.892      0.035     54.602      0.000
    Y2                 1.864      0.034     54.103      0.000
    Y3                 3.150      0.035     90.074      0.000
    Y4                 3.136      0.036     86.744      0.000
    Y5                 3.168      0.035     91.776      0.000
    Y6                 1.206      0.020     59.191      0.000
    Y7                 1.181      0.025     47.433      0.000
    Y8                 1.202      0.021     56.638      0.000
    Y9                 1.874      0.035     54.002      0.000
    Y10                1.888      0.035     54.527      0.000

 Variances
    F                  1.000      0.000    999.000    999.000

 Residual Variances
    Y1                 0.296      0.021     14.067      0.000
    Y2                 0.292      0.021     14.058      0.000
    Y3                 0.307      0.022     14.131      0.000
    Y4                 0.334      0.024     14.167      0.000
    Y5                 0.288      0.021     13.994      0.000
    Y6                 0.140      0.009     15.005      0.000
    Y7                 0.122      0.009     14.329      0.000
    Y8                 0.132      0.009     14.596      0.000
    Y9                 0.244      0.018     13.317      0.000
    Y10                0.307      0.022     14.202      0.000

New/Additional Parameters
    L7_0               0.238      0.024      9.762      0.000
    L7_1               0.080      0.018      4.504      0.000
    L7_2               0.104      0.035      2.955      0.003


QUALITY OF NUMERICAL RESULTS

     Condition Number for the Information Matrix              0.695E-04
       (ratio of smallest to largest eigenvalue)


     Beginning Time:  14:15:46
        Ending Time:  14:15:47
       Elapsed Time:  00:00:01



MUTHEN & MUTHEN
3463 Stoner Ave.
Los Angeles, CA  90066

Tel: (310) 391-9971
Fax: (310) 391-8971
Web: www.StatModel.com
Support: Support@StatModel.com

Copyright (c) 1998-2019 Muthen & Muthen
