Mplus VERSION 8.3
MUTHEN & MUTHEN
04/24/2024   1:52 PM

INPUT INSTRUCTIONS


  TITLE: Test with 10 reps

  DATA:
  File is
  G2_B2_N2_rep107.csv;

  VARIABLE:
      Names are x1 x2 eta
  	y1 y2 y3 y4 y5 y6 y7 y8 y9 y10;
      Usevariables are y1-y10 x1 x2;
      constraint = x1 x2;

  MODEL:
      f BY y1* (l1);
      f BY y2* (l2);
      f BY y3* (l3);
      f BY y4* (l4);
      f BY y5* (l5);
      f BY y6* (l6);
      f BY y7* (l7);
      f BY y8* (l8);
      f BY y9* (l9);
      f BY y10* (l10);

  y10 ON x1 x2;
  f@1;
  [f@0];

  MODEL CONSTRAINT:
      new (l10_0 l10_1 l10_2);
      l10 = l10_0 + l10_1*x1 + l10_2*x2;




INPUT READING TERMINATED NORMALLY



Test with 10 reps

SUMMARY OF ANALYSIS

Number of groups                                                 1
Number of observations                                         500

Number of dependent variables                                   10
Number of independent variables                                  2
Number of continuous latent variables                            1

Observed dependent variables

  Continuous
   Y1          Y2          Y3          Y4          Y5          Y6
   Y7          Y8          Y9          Y10

Observed independent variables
   X1          X2

Continuous latent variables
   F


Estimator                                                       ML
Information matrix                                        OBSERVED
Maximum number of iterations                                  1000
Convergence criterion                                    0.500D-04
Maximum number of steepest descent iterations                   20

Input data file(s)
  G2_B2_N2_rep107.csv

Input data format  FREE



UNIVARIATE SAMPLE STATISTICS


     UNIVARIATE HIGHER-ORDER MOMENT DESCRIPTIVE STATISTICS

         Variable/         Mean/     Skewness/   Minimum/ % with                Percentiles
        Sample Size      Variance    Kurtosis    Maximum  Min/Max      20%/60%    40%/80%    Median

     Y1                    1.882       0.961       1.000   32.00%       1.000      2.000      2.000
             500.000       0.612       1.548       5.000    0.80%       2.000      2.000
     Y2                    1.878       0.586       1.000   31.60%       1.000      2.000      2.000
             500.000       0.543       0.335       5.000    0.20%       2.000      2.000
     Y3                    3.104      -0.088       1.000    1.20%       3.000      3.000      3.000
             500.000       0.565      -0.136       5.000    1.80%       3.000      4.000
     Y4                    3.112      -0.090       1.000    1.80%       3.000      3.000      3.000
             500.000       0.595       0.129       5.000    2.60%       3.000      4.000
     Y5                    3.136      -0.028       1.000    1.20%       2.000      3.000      3.000
             500.000       0.626      -0.225       5.000    3.00%       3.000      4.000
     Y6                    1.198       2.958       1.000   82.80%       1.000      1.000      1.000
             500.000       0.227      12.049       5.000    0.20%       1.000      1.000
     Y7                    1.180       3.229       1.000   85.00%       1.000      1.000      1.000
             500.000       0.224      13.594       5.000    0.20%       1.000      1.000
     Y8                    1.188       2.829       1.000   83.60%       1.000      1.000      1.000
             500.000       0.213       9.583       4.000    0.60%       1.000      1.000
     Y9                    1.880       0.627       1.000   32.00%       1.000      2.000      2.000
             500.000       0.562       0.367       5.000    0.20%       2.000      2.000
     Y10                   1.848       0.810       1.000   35.00%       1.000      2.000      2.000
             500.000       0.601       0.793       5.000    0.40%       2.000      2.000
     X1                   -0.017       0.115      -3.112    0.20%      -0.853     -0.316     -0.044
             500.000       0.970       0.281       3.604    0.20%       0.234      0.821
     X2                    0.492       0.032       0.000   50.80%       0.000      0.000      0.000
             500.000       0.250      -1.999       1.000   49.20%       1.000      1.000


THE MODEL ESTIMATION TERMINATED NORMALLY



MODEL FIT INFORMATION

Number of Free Parameters                       34

Loglikelihood

          H0 Value                       -3931.245

Information Criteria

          Akaike (AIC)                    7930.491
          Bayesian (BIC)                  8073.787
          Sample-Size Adjusted BIC        7965.869
            (n* = (n + 2) / 24)



MODEL RESULTS

                                                    Two-Tailed
                    Estimate       S.E.  Est./S.E.    P-Value

 F        BY
    Y1                 0.570      0.031     18.288      0.000
    Y2                 0.550      0.029     18.920      0.000
    Y3                 0.552      0.030     18.511      0.000
    Y4                 0.578      0.030     19.046      0.000
    Y5                 0.604      0.031     19.561      0.000
    Y6                 0.277      0.020     13.644      0.000
    Y7                 0.286      0.020     14.319      0.000
    Y8                 0.270      0.020     13.756      0.000
    Y9                 0.520      0.030     17.128      0.000
    Y10              999.000      0.000    999.000    999.000

 Y10      ON
    X1                 0.017      0.026      0.671      0.502
    X2                 0.020      0.051      0.396      0.692

 Means
    F                  0.000      0.000    999.000    999.000

 Intercepts
    Y1                 1.882      0.035     53.790      0.000
    Y2                 1.878      0.033     56.981      0.000
    Y3                 3.104      0.034     92.323      0.000
    Y4                 3.112      0.035     90.177      0.000
    Y5                 3.136      0.035     88.663      0.000
    Y6                 1.198      0.021     56.250      0.000
    Y7                 1.180      0.021     55.799      0.000
    Y8                 1.188      0.021     57.605      0.000
    Y9                 1.880      0.034     56.095      0.000
    Y10                1.839      0.043     42.766      0.000

 Variances
    F                  1.000      0.000    999.000    999.000

 Residual Variances
    Y1                 0.287      0.021     13.980      0.000
    Y2                 0.241      0.017     13.785      0.000
    Y3                 0.260      0.019     13.902      0.000
    Y4                 0.261      0.019     13.746      0.000
    Y5                 0.261      0.019     13.544      0.000
    Y6                 0.150      0.010     14.979      0.000
    Y7                 0.142      0.010     14.844      0.000
    Y8                 0.140      0.009     14.962      0.000
    Y9                 0.291      0.020     14.316      0.000
    Y10                0.274      0.020     13.925      0.000

New/Additional Parameters
    L10_0              0.549      0.044     12.559      0.000
    L10_1             -0.022      0.029     -0.770      0.441
    L10_2              0.033      0.054      0.612      0.541


QUALITY OF NUMERICAL RESULTS

     Condition Number for the Information Matrix              0.860E-04
       (ratio of smallest to largest eigenvalue)


     Beginning Time:  13:52:12
        Ending Time:  13:52:13
       Elapsed Time:  00:00:01



MUTHEN & MUTHEN
3463 Stoner Ave.
Los Angeles, CA  90066

Tel: (310) 391-9971
Fax: (310) 391-8971
Web: www.StatModel.com
Support: Support@StatModel.com

Copyright (c) 1998-2019 Muthen & Muthen
