Mplus VERSION 8.3
MUTHEN & MUTHEN
04/24/2024   2:01 PM

INPUT INSTRUCTIONS


  TITLE: Test with 10 reps

  DATA:
  File is
  G2_B2_N2_rep138.csv;

  VARIABLE:
      Names are x1 x2 eta
  	y1 y2 y3 y4 y5 y6 y7 y8 y9 y10;
      Usevariables are y1-y10 x1 x2;
      constraint = x1 x2;

  MODEL:
      f BY y1* (l1);
      f BY y2* (l2);
      f BY y3* (l3);
      f BY y4* (l4);
      f BY y5* (l5);
      f BY y6* (l6);
      f BY y7* (l7);
      f BY y8* (l8);
      f BY y9* (l9);
      f BY y10* (l10);

  y1 ON x1 x2;
  f@1;
  [f@0];

  MODEL CONSTRAINT:
      new (l1_0 l1_1 l1_2);
      l1 = l1_0 + l1_1*x1 + l1_2*x2;




INPUT READING TERMINATED NORMALLY



Test with 10 reps

SUMMARY OF ANALYSIS

Number of groups                                                 1
Number of observations                                         500

Number of dependent variables                                   10
Number of independent variables                                  2
Number of continuous latent variables                            1

Observed dependent variables

  Continuous
   Y1          Y2          Y3          Y4          Y5          Y6
   Y7          Y8          Y9          Y10

Observed independent variables
   X1          X2

Continuous latent variables
   F


Estimator                                                       ML
Information matrix                                        OBSERVED
Maximum number of iterations                                  1000
Convergence criterion                                    0.500D-04
Maximum number of steepest descent iterations                   20

Input data file(s)
  G2_B2_N2_rep138.csv

Input data format  FREE



UNIVARIATE SAMPLE STATISTICS


     UNIVARIATE HIGHER-ORDER MOMENT DESCRIPTIVE STATISTICS

         Variable/         Mean/     Skewness/   Minimum/ % with                Percentiles
        Sample Size      Variance    Kurtosis    Maximum  Min/Max      20%/60%    40%/80%    Median

     Y1                    1.902       0.828       1.000   32.40%       1.000      2.000      2.000
             500.000       0.644       0.739       5.000    0.40%       2.000      2.000
     Y2                    1.876       1.009       1.000   33.80%       1.000      2.000      2.000
             500.000       0.649       1.681       5.000    1.20%       2.000      2.000
     Y3                    3.166       0.064       1.000    0.60%       3.000      3.000      3.000
             500.000       0.538      -0.008       5.000    2.80%       3.000      4.000
     Y4                    3.166       0.060       1.000    0.60%       3.000      3.000      3.000
             500.000       0.562      -0.119       5.000    3.00%       3.000      4.000
     Y5                    3.184       0.163       1.000    0.20%       3.000      3.000      3.000
             500.000       0.566      -0.227       5.000    3.60%       3.000      4.000
     Y6                    1.178       3.042       1.000   84.00%       1.000      1.000      1.000
             500.000       0.194      13.593       5.000    0.20%       1.000      1.000
     Y7                    1.184       2.577       1.000   84.00%       1.000      1.000      1.000
             500.000       0.202       6.922       4.000    0.20%       1.000      1.000
     Y8                    1.178       3.212       1.000   84.20%       1.000      1.000      1.000
             500.000       0.202      14.844       5.000    0.20%       1.000      1.000
     Y9                    1.870       0.749       1.000   34.60%       1.000      2.000      2.000
             500.000       0.621       0.539       5.000    0.40%       2.000      2.000
     Y10                   1.932       0.642       1.000   30.60%       1.000      2.000      2.000
             500.000       0.615       0.399       5.000    0.40%       2.000      3.000
     X1                   -0.023       0.001      -3.241    0.20%      -0.861     -0.265     -0.024
             500.000       1.033       0.060       3.216    0.20%       0.224      0.767
     X2                    0.492       0.032       0.000   50.80%       0.000      0.000      0.000
             500.000       0.250      -1.999       1.000   49.20%       1.000      1.000


THE MODEL ESTIMATION TERMINATED NORMALLY



MODEL FIT INFORMATION

Number of Free Parameters                       34

Loglikelihood

          H0 Value                       -3830.246

Information Criteria

          Akaike (AIC)                    7728.492
          Bayesian (BIC)                  7871.789
          Sample-Size Adjusted BIC        7763.871
            (n* = (n + 2) / 24)



MODEL RESULTS

                                                    Two-Tailed
                    Estimate       S.E.  Est./S.E.    P-Value

 F        BY
    Y1               999.000      0.000    999.000    999.000
    Y2                 0.624      0.031     20.003      0.000
    Y3                 0.517      0.030     17.501      0.000
    Y4                 0.529      0.030     17.547      0.000
    Y5                 0.567      0.030     19.233      0.000
    Y6                 0.286      0.018     15.680      0.000
    Y7                 0.282      0.019     15.072      0.000
    Y8                 0.270      0.019     14.201      0.000
    Y9                 0.598      0.031     19.430      0.000
    Y10                0.563      0.031     17.979      0.000

 Y1       ON
    X1                 0.009      0.025      0.371      0.710
    X2                -0.074      0.051     -1.461      0.144

 Means
    F                  0.000      0.000    999.000    999.000

 Intercepts
    Y1                 1.931      0.044     43.419      0.000
    Y2                 1.876      0.036     52.086      0.000
    Y3                 3.166      0.033     96.477      0.000
    Y4                 3.166      0.034     94.397      0.000
    Y5                 3.184      0.034     94.623      0.000
    Y6                 1.178      0.020     59.755      0.000
    Y7                 1.184      0.020     58.885      0.000
    Y8                 1.178      0.020     58.562      0.000
    Y9                 1.870      0.035     53.057      0.000
    Y10                1.932      0.035     55.071      0.000

 Variances
    F                  1.000      0.000    999.000    999.000

 Residual Variances
    Y1                 0.271      0.020     13.667      0.000
    Y2                 0.260      0.019     13.511      0.000
    Y3                 0.272      0.019     14.297      0.000
    Y4                 0.283      0.020     14.285      0.000
    Y5                 0.244      0.018     13.745      0.000
    Y6                 0.113      0.008     14.654      0.000
    Y7                 0.122      0.008     14.803      0.000
    Y8                 0.130      0.009     14.913      0.000
    Y9                 0.263      0.019     13.720      0.000
    Y10                0.298      0.021     14.184      0.000

New/Additional Parameters
    L1_0               0.615      0.046     13.496      0.000
    L1_1               0.037      0.026      1.406      0.160
    L1_2              -0.005      0.054     -0.092      0.926


QUALITY OF NUMERICAL RESULTS

     Condition Number for the Information Matrix              0.573E-04
       (ratio of smallest to largest eigenvalue)


     Beginning Time:  14:01:42
        Ending Time:  14:01:44
       Elapsed Time:  00:00:02



MUTHEN & MUTHEN
3463 Stoner Ave.
Los Angeles, CA  90066

Tel: (310) 391-9971
Fax: (310) 391-8971
Web: www.StatModel.com
Support: Support@StatModel.com

Copyright (c) 1998-2019 Muthen & Muthen
