Mplus VERSION 8.3
MUTHEN & MUTHEN
04/24/2024   2:07 PM

INPUT INSTRUCTIONS


  TITLE: Test with 10 reps

  DATA:
  File is
  G2_B2_N2_rep157.csv;

  VARIABLE:
      Names are x1 x2 eta
  	y1 y2 y3 y4 y5 y6 y7 y8 y9 y10;
      Usevariables are y1-y10 x1 x2;
      constraint = x1 x2;

  MODEL:
      f BY y1* (l1);
      f BY y2* (l2);
      f BY y3* (l3);
      f BY y4* (l4);
      f BY y5* (l5);
      f BY y6* (l6);
      f BY y7* (l7);
      f BY y8* (l8);
      f BY y9* (l9);
      f BY y10* (l10);

  y10 ON x1 x2;
  f@1;
  [f@0];

  MODEL CONSTRAINT:
      new (l10_0 l10_1 l10_2);
      l10 = l10_0 + l10_1*x1 + l10_2*x2;




INPUT READING TERMINATED NORMALLY



Test with 10 reps

SUMMARY OF ANALYSIS

Number of groups                                                 1
Number of observations                                         500

Number of dependent variables                                   10
Number of independent variables                                  2
Number of continuous latent variables                            1

Observed dependent variables

  Continuous
   Y1          Y2          Y3          Y4          Y5          Y6
   Y7          Y8          Y9          Y10

Observed independent variables
   X1          X2

Continuous latent variables
   F


Estimator                                                       ML
Information matrix                                        OBSERVED
Maximum number of iterations                                  1000
Convergence criterion                                    0.500D-04
Maximum number of steepest descent iterations                   20

Input data file(s)
  G2_B2_N2_rep157.csv

Input data format  FREE



UNIVARIATE SAMPLE STATISTICS


     UNIVARIATE HIGHER-ORDER MOMENT DESCRIPTIVE STATISTICS

         Variable/         Mean/     Skewness/   Minimum/ % with                Percentiles
        Sample Size      Variance    Kurtosis    Maximum  Min/Max      20%/60%    40%/80%    Median

     Y1                    1.770       0.599       1.000   38.40%       1.000      2.000      2.000
             500.000       0.513      -0.072       4.000    1.40%       2.000      2.000
     Y2                    1.828       0.960       1.000   36.40%       1.000      2.000      2.000
             500.000       0.614       1.418       5.000    0.80%       2.000      2.000
     Y3                    3.128       0.009       1.000    0.60%       3.000      3.000      3.000
             500.000       0.568      -0.325       5.000    2.20%       3.000      4.000
     Y4                    3.072       0.067       1.000    1.00%       2.000      3.000      3.000
             500.000       0.583      -0.146       5.000    2.40%       3.000      4.000
     Y5                    3.044       0.069       1.000    1.20%       2.000      3.000      3.000
             500.000       0.566       0.009       5.000    2.20%       3.000      4.000
     Y6                    1.176       2.485       1.000   83.80%       1.000      1.000      1.000
             500.000       0.177       6.823       4.000    0.20%       1.000      1.000
     Y7                    1.150       2.755       1.000   86.00%       1.000      1.000      1.000
             500.000       0.152       8.832       4.000    0.20%       1.000      1.000
     Y8                    1.164       2.285       1.000   84.60%       1.000      1.000      1.000
             500.000       0.157       4.478       3.000    1.00%       1.000      1.000
     Y9                    1.798       0.580       1.000   35.60%       1.000      2.000      2.000
             500.000       0.501       0.089       4.000    1.60%       2.000      2.000
     Y10                   1.820       0.723       1.000   36.80%       1.000      2.000      2.000
             500.000       0.580       0.381       5.000    0.20%       2.000      2.000
     X1                   -0.024      -0.155      -2.773    0.20%      -0.911     -0.245      0.026
             500.000       1.050      -0.354       2.821    0.20%       0.275      0.867
     X2                    0.508      -0.032       0.000   49.20%       0.000      0.000      1.000
             500.000       0.250      -1.999       1.000   50.80%       1.000      1.000


THE MODEL ESTIMATION TERMINATED NORMALLY



MODEL FIT INFORMATION

Number of Free Parameters                       34

Loglikelihood

          H0 Value                       -3638.204

Information Criteria

          Akaike (AIC)                    7344.409
          Bayesian (BIC)                  7487.706
          Sample-Size Adjusted BIC        7379.787
            (n* = (n + 2) / 24)



MODEL RESULTS

                                                    Two-Tailed
                    Estimate       S.E.  Est./S.E.    P-Value

 F        BY
    Y1                 0.503      0.029     17.403      0.000
    Y2                 0.601      0.031     19.679      0.000
    Y3                 0.559      0.030     18.754      0.000
    Y4                 0.560      0.030     18.474      0.000
    Y5                 0.543      0.030     18.070      0.000
    Y6                 0.256      0.018     14.422      0.000
    Y7                 0.217      0.017     13.019      0.000
    Y8                 0.214      0.017     12.512      0.000
    Y9                 0.528      0.028     18.925      0.000
    Y10              999.000      0.000    999.000    999.000

 Y10      ON
    X1                -0.020      0.025     -0.822      0.411
    X2                 0.015      0.050      0.296      0.767

 Means
    F                  0.000      0.000    999.000    999.000

 Intercepts
    Y1                 1.770      0.032     55.253      0.000
    Y2                 1.828      0.035     52.147      0.000
    Y3                 3.128      0.034     92.838      0.000
    Y4                 3.072      0.034     89.979      0.000
    Y5                 3.044      0.034     90.468      0.000
    Y6                 1.176      0.019     62.500      0.000
    Y7                 1.150      0.017     66.066      0.000
    Y8                 1.164      0.018     65.667      0.000
    Y9                 1.798      0.032     56.790      0.000
    Y10                1.808      0.042     42.863      0.000

 Variances
    F                  1.000      0.000    999.000    999.000

 Residual Variances
    Y1                 0.260      0.018     14.222      0.000
    Y2                 0.253      0.019     13.477      0.000
    Y3                 0.255      0.018     13.818      0.000
    Y4                 0.269      0.019     13.902      0.000
    Y5                 0.271      0.019     14.014      0.000
    Y6                 0.112      0.008     14.845      0.000
    Y7                 0.104      0.007     15.063      0.000
    Y8                 0.111      0.007     15.140      0.000
    Y9                 0.222      0.016     13.755      0.000
    Y10                0.260      0.019     13.744      0.000

New/Additional Parameters
    L10_0              0.529      0.041     12.883      0.000
    L10_1             -0.010      0.026     -0.398      0.691
    L10_2              0.072      0.052      1.388      0.165


QUALITY OF NUMERICAL RESULTS

     Condition Number for the Information Matrix              0.472E-04
       (ratio of smallest to largest eigenvalue)


     Beginning Time:  14:07:39
        Ending Time:  14:07:40
       Elapsed Time:  00:00:01



MUTHEN & MUTHEN
3463 Stoner Ave.
Los Angeles, CA  90066

Tel: (310) 391-9971
Fax: (310) 391-8971
Web: www.StatModel.com
Support: Support@StatModel.com

Copyright (c) 1998-2019 Muthen & Muthen
