Mplus VERSION 8.3
MUTHEN & MUTHEN
04/24/2024   2:10 PM

INPUT INSTRUCTIONS


  TITLE: Test with 10 reps

  DATA:
  File is
  G2_B2_N2_rep168.csv;

  VARIABLE:
      Names are x1 x2 eta
  	y1 y2 y3 y4 y5 y6 y7 y8 y9 y10;
      Usevariables are y1-y10 x1 x2;
      constraint = x1 x2;

  MODEL:
      f BY y1* (l1);
      f BY y2* (l2);
      f BY y3* (l3);
      f BY y4* (l4);
      f BY y5* (l5);
      f BY y6* (l6);
      f BY y7* (l7);
      f BY y8* (l8);
      f BY y9* (l9);
      f BY y10* (l10);

  y7 ON x1 x2;
  f@1;
  [f@0];

  MODEL CONSTRAINT:
      new (l7_0 l7_1 l7_2);
      l7 = l7_0 + l7_1*x1 + l7_2*x2;




INPUT READING TERMINATED NORMALLY



Test with 10 reps

SUMMARY OF ANALYSIS

Number of groups                                                 1
Number of observations                                         500

Number of dependent variables                                   10
Number of independent variables                                  2
Number of continuous latent variables                            1

Observed dependent variables

  Continuous
   Y1          Y2          Y3          Y4          Y5          Y6
   Y7          Y8          Y9          Y10

Observed independent variables
   X1          X2

Continuous latent variables
   F


Estimator                                                       ML
Information matrix                                        OBSERVED
Maximum number of iterations                                  1000
Convergence criterion                                    0.500D-04
Maximum number of steepest descent iterations                   20

Input data file(s)
  G2_B2_N2_rep168.csv

Input data format  FREE



UNIVARIATE SAMPLE STATISTICS


     UNIVARIATE HIGHER-ORDER MOMENT DESCRIPTIVE STATISTICS

         Variable/         Mean/     Skewness/   Minimum/ % with                Percentiles
        Sample Size      Variance    Kurtosis    Maximum  Min/Max      20%/60%    40%/80%    Median

     Y1                    1.836       0.824       1.000   34.00%       1.000      2.000      2.000
             500.000       0.557       1.092       5.000    0.40%       2.000      2.000
     Y2                    1.840       0.768       1.000   33.60%       1.000      2.000      2.000
             500.000       0.546       0.986       5.000    0.40%       2.000      2.000
     Y3                    3.088       0.087       1.000    0.60%       3.000      3.000      3.000
             500.000       0.524      -0.060       5.000    2.00%       3.000      4.000
     Y4                    3.146      -0.031       1.000    0.80%       3.000      3.000      3.000
             500.000       0.577      -0.246       5.000    2.40%       3.000      4.000
     Y5                    3.122      -0.001       1.000    0.80%       3.000      3.000      3.000
             500.000       0.559      -0.172       5.000    2.20%       3.000      4.000
     Y6                    1.168       2.426       1.000   84.80%       1.000      1.000      1.000
             500.000       0.172       5.339       3.000    1.60%       1.000      1.000
     Y7                    1.180       2.220       1.000   83.40%       1.000      1.000      1.000
             500.000       0.176       4.239       3.000    1.40%       1.000      1.000
     Y8                    1.196       2.527       1.000   82.40%       1.000      1.000      1.000
             500.000       0.206       7.468       4.000    0.40%       1.000      1.000
     Y9                    1.882       0.892       1.000   32.40%       1.000      2.000      2.000
             500.000       0.608       1.356       5.000    0.80%       2.000      2.000
     Y10                   1.884       0.680       1.000   33.80%       1.000      2.000      2.000
             500.000       0.615       0.395       5.000    0.40%       2.000      2.000
     X1                    0.010       0.046      -2.420    0.20%      -0.881     -0.234     -0.030
             500.000       0.947      -0.284       2.911    0.20%       0.274      0.865
     X2                    0.516      -0.064       0.000   48.40%       0.000      0.000      1.000
             500.000       0.250      -1.996       1.000   51.60%       1.000      1.000


THE MODEL ESTIMATION TERMINATED NORMALLY



MODEL FIT INFORMATION

Number of Free Parameters                       34

Loglikelihood

          H0 Value                       -3795.388

Information Criteria

          Akaike (AIC)                    7658.776
          Bayesian (BIC)                  7802.073
          Sample-Size Adjusted BIC        7694.154
            (n* = (n + 2) / 24)



MODEL RESULTS

                                                    Two-Tailed
                    Estimate       S.E.  Est./S.E.    P-Value

 F        BY
    Y1                 0.554      0.030     18.706      0.000
    Y2                 0.563      0.029     19.415      0.000
    Y3                 0.495      0.030     16.741      0.000
    Y4                 0.536      0.031     17.457      0.000
    Y5                 0.536      0.030     17.820      0.000
    Y6                 0.234      0.018     13.143      0.000
    Y7               999.000      0.000    999.000    999.000
    Y8                 0.259      0.019     13.369      0.000
    Y9                 0.577      0.031     18.649      0.000
    Y10                0.554      0.032     17.497      0.000

 Y7       ON
    X1                 0.025      0.016      1.561      0.119
    X2                 0.000      0.030     -0.005      0.996

 Means
    F                  0.000      0.000    999.000    999.000

 Intercepts
    Y1                 1.836      0.033     55.003      0.000
    Y2                 1.840      0.033     55.661      0.000
    Y3                 3.088      0.032     95.366      0.000
    Y4                 3.146      0.034     92.635      0.000
    Y5                 3.122      0.033     93.361      0.000
    Y6                 1.168      0.019     63.016      0.000
    Y7                 1.162      0.024     48.927      0.000
    Y8                 1.196      0.020     58.982      0.000
    Y9                 1.882      0.035     53.967      0.000
    Y10                1.884      0.035     53.739      0.000

 Variances
    F                  1.000      0.000    999.000    999.000

 Residual Variances
    Y1                 0.251      0.018     13.699      0.000
    Y2                 0.230      0.017     13.413      0.000
    Y3                 0.279      0.020     14.300      0.000
    Y4                 0.290      0.021     14.097      0.000
    Y5                 0.272      0.019     13.980      0.000
    Y6                 0.117      0.008     14.995      0.000
    Y7                 0.104      0.007     14.619      0.000
    Y8                 0.138      0.009     14.973      0.000
    Y9                 0.275      0.020     13.712      0.000
    Y10                0.308      0.022     14.090      0.000

New/Additional Parameters
    L7_0               0.217      0.024      9.031      0.000
    L7_1               0.068      0.014      4.736      0.000
    L7_2               0.038      0.032      1.187      0.235


QUALITY OF NUMERICAL RESULTS

     Condition Number for the Information Matrix              0.494E-04
       (ratio of smallest to largest eigenvalue)


     Beginning Time:  14:10:56
        Ending Time:  14:10:57
       Elapsed Time:  00:00:01



MUTHEN & MUTHEN
3463 Stoner Ave.
Los Angeles, CA  90066

Tel: (310) 391-9971
Fax: (310) 391-8971
Web: www.StatModel.com
Support: Support@StatModel.com

Copyright (c) 1998-2019 Muthen & Muthen
