Mplus VERSION 8.3
MUTHEN & MUTHEN
04/24/2024   2:32 PM

INPUT INSTRUCTIONS


  TITLE: Test with 10 reps

  DATA:
  File is
  G2_B2_N2_rep24.csv;

  VARIABLE:
      Names are x1 x2 eta
  	y1 y2 y3 y4 y5 y6 y7 y8 y9 y10;
      Usevariables are y1-y10 x1 x2;
      constraint = x1 x2;

  MODEL:
      f BY y1* (l1);
      f BY y2* (l2);
      f BY y3* (l3);
      f BY y4* (l4);
      f BY y5* (l5);
      f BY y6* (l6);
      f BY y7* (l7);
      f BY y8* (l8);
      f BY y9* (l9);
      f BY y10* (l10);

  y6 ON x1 x2;
  f@1;
  [f@0];

  MODEL CONSTRAINT:
      new (l6_0 l6_1 l6_2);
      l6 = l6_0 + l6_1*x1 + l6_2*x2;




INPUT READING TERMINATED NORMALLY



Test with 10 reps

SUMMARY OF ANALYSIS

Number of groups                                                 1
Number of observations                                         500

Number of dependent variables                                   10
Number of independent variables                                  2
Number of continuous latent variables                            1

Observed dependent variables

  Continuous
   Y1          Y2          Y3          Y4          Y5          Y6
   Y7          Y8          Y9          Y10

Observed independent variables
   X1          X2

Continuous latent variables
   F


Estimator                                                       ML
Information matrix                                        OBSERVED
Maximum number of iterations                                  1000
Convergence criterion                                    0.500D-04
Maximum number of steepest descent iterations                   20

Input data file(s)
  G2_B2_N2_rep24.csv

Input data format  FREE



UNIVARIATE SAMPLE STATISTICS


     UNIVARIATE HIGHER-ORDER MOMENT DESCRIPTIVE STATISTICS

         Variable/         Mean/     Skewness/   Minimum/ % with                Percentiles
        Sample Size      Variance    Kurtosis    Maximum  Min/Max      20%/60%    40%/80%    Median

     Y1                    1.866       0.935       1.000   33.80%       1.000      2.000      2.000
             500.000       0.616       1.536       5.000    1.00%       2.000      2.000
     Y2                    1.846       0.658       1.000   34.60%       1.000      2.000      2.000
             500.000       0.562       0.506       5.000    0.40%       2.000      2.000
     Y3                    3.112       0.113       1.000    0.60%       3.000      3.000      3.000
             500.000       0.575      -0.190       5.000    2.80%       3.000      4.000
     Y4                    3.148       0.014       1.000    1.00%       3.000      3.000      3.000
             500.000       0.582      -0.039       5.000    3.00%       3.000      4.000
     Y5                    3.132      -0.021       1.000    1.80%       3.000      3.000      3.000
             500.000       0.627       0.137       5.000    3.60%       3.000      4.000
     Y6                    1.236       2.243       1.000   79.60%       1.000      1.000      1.000
             500.000       0.252       5.299       4.000    0.40%       1.000      2.000
     Y7                    1.154       2.751       1.000   85.80%       1.000      1.000      1.000
             500.000       0.158       8.663       4.000    0.20%       1.000      1.000
     Y8                    1.186       2.589       1.000   83.00%       1.000      1.000      1.000
             500.000       0.191       8.131       4.000    0.40%       1.000      1.000
     Y9                    1.888       0.873       1.000   33.60%       1.000      2.000      2.000
             500.000       0.647       1.062       5.000    0.80%       2.000      2.000
     Y10                   1.860       0.764       1.000   35.40%       1.000      2.000      2.000
             500.000       0.624       0.543       5.000    0.40%       2.000      2.000
     X1                    0.055      -0.071      -2.393    0.20%      -0.835     -0.176      0.049
             500.000       1.035      -0.518       2.580    0.20%       0.317      0.967
     X2                    0.522      -0.088       0.000   47.80%       0.000      0.000      1.000
             500.000       0.250      -1.992       1.000   52.20%       1.000      1.000


THE MODEL ESTIMATION TERMINATED NORMALLY



MODEL FIT INFORMATION

Number of Free Parameters                       34

Loglikelihood

          H0 Value                       -3833.548

Information Criteria

          Akaike (AIC)                    7735.096
          Bayesian (BIC)                  7878.392
          Sample-Size Adjusted BIC        7770.474
            (n* = (n + 2) / 24)



MODEL RESULTS

                                                    Two-Tailed
                    Estimate       S.E.  Est./S.E.    P-Value

 F        BY
    Y1                 0.616      0.030     20.405      0.000
    Y2                 0.575      0.029     19.737      0.000
    Y3                 0.546      0.030     18.032      0.000
    Y4                 0.560      0.030     18.537      0.000
    Y5                 0.569      0.032     18.015      0.000
    Y6               999.000      0.000    999.000    999.000
    Y7                 0.234      0.017     13.888      0.000
    Y8                 0.274      0.018     14.987      0.000
    Y9                 0.561      0.032     17.286      0.000
    Y10                0.584      0.031     18.726      0.000

 Y6       ON
    X1                -0.014      0.018     -0.804      0.421
    X2                 0.056      0.036      1.588      0.112

 Means
    F                  0.000      0.000    999.000    999.000

 Intercepts
    Y1                 1.866      0.035     53.161      0.000
    Y2                 1.846      0.034     55.048      0.000
    Y3                 3.112      0.034     91.732      0.000
    Y4                 3.148      0.034     92.262      0.000
    Y5                 3.132      0.035     88.475      0.000
    Y6                 1.184      0.028     42.695      0.000
    Y7                 1.154      0.018     64.859      0.000
    Y8                 1.186      0.020     60.617      0.000
    Y9                 1.888      0.036     52.466      0.000
    Y10                1.860      0.035     52.634      0.000

 Variances
    F                  1.000      0.000    999.000    999.000

 Residual Variances
    Y1                 0.236      0.018     13.326      0.000
    Y2                 0.231      0.017     13.624      0.000
    Y3                 0.277      0.020     14.161      0.000
    Y4                 0.268      0.019     14.011      0.000
    Y5                 0.302      0.021     14.141      0.000
    Y6                 0.135      0.009     14.448      0.000
    Y7                 0.104      0.007     14.987      0.000
    Y8                 0.117      0.008     14.812      0.000
    Y9                 0.333      0.023     14.376      0.000
    Y10                0.283      0.020     13.945      0.000

New/Additional Parameters
    L6_0               0.241      0.030      8.055      0.000
    L6_1               0.038      0.017      2.229      0.026
    L6_2               0.145      0.037      3.878      0.000


QUALITY OF NUMERICAL RESULTS

     Condition Number for the Information Matrix              0.469E-04
       (ratio of smallest to largest eigenvalue)


     Beginning Time:  14:32:14
        Ending Time:  14:32:15
       Elapsed Time:  00:00:01



MUTHEN & MUTHEN
3463 Stoner Ave.
Los Angeles, CA  90066

Tel: (310) 391-9971
Fax: (310) 391-8971
Web: www.StatModel.com
Support: Support@StatModel.com

Copyright (c) 1998-2019 Muthen & Muthen
