Mplus VERSION 8.3
MUTHEN & MUTHEN
04/24/2024   2:31 PM

INPUT INSTRUCTIONS


  TITLE: Test with 10 reps

  DATA:
  File is
  G2_B2_N2_rep237.csv;

  VARIABLE:
      Names are x1 x2 eta
  	y1 y2 y3 y4 y5 y6 y7 y8 y9 y10;
      Usevariables are y1-y10 x1 x2;
      constraint = x1 x2;

  MODEL:
      f BY y1* (l1);
      f BY y2* (l2);
      f BY y3* (l3);
      f BY y4* (l4);
      f BY y5* (l5);
      f BY y6* (l6);
      f BY y7* (l7);
      f BY y8* (l8);
      f BY y9* (l9);
      f BY y10* (l10);

  y9 ON x1 x2;
  f@1;
  [f@0];

  MODEL CONSTRAINT:
      new (l9_0 l9_1 l9_2);
      l9 = l9_0 + l9_1*x1 + l9_2*x2;




INPUT READING TERMINATED NORMALLY



Test with 10 reps

SUMMARY OF ANALYSIS

Number of groups                                                 1
Number of observations                                         500

Number of dependent variables                                   10
Number of independent variables                                  2
Number of continuous latent variables                            1

Observed dependent variables

  Continuous
   Y1          Y2          Y3          Y4          Y5          Y6
   Y7          Y8          Y9          Y10

Observed independent variables
   X1          X2

Continuous latent variables
   F


Estimator                                                       ML
Information matrix                                        OBSERVED
Maximum number of iterations                                  1000
Convergence criterion                                    0.500D-04
Maximum number of steepest descent iterations                   20

Input data file(s)
  G2_B2_N2_rep237.csv

Input data format  FREE



UNIVARIATE SAMPLE STATISTICS


     UNIVARIATE HIGHER-ORDER MOMENT DESCRIPTIVE STATISTICS

         Variable/         Mean/     Skewness/   Minimum/ % with                Percentiles
        Sample Size      Variance    Kurtosis    Maximum  Min/Max      20%/60%    40%/80%    Median

     Y1                    1.876       0.769       1.000   34.80%       1.000      2.000      2.000
             500.000       0.637       0.659       5.000    0.60%       2.000      2.000
     Y2                    1.924       0.676       1.000   30.00%       1.000      2.000      2.000
             500.000       0.598       0.438       5.000    0.20%       2.000      2.000
     Y3                    3.158      -0.048       1.000    1.00%       3.000      3.000      3.000
             500.000       0.629      -0.335       5.000    3.00%       3.000      4.000
     Y4                    3.106       0.044       1.000    0.80%       3.000      3.000      3.000
             500.000       0.539      -0.016       5.000    2.20%       3.000      4.000
     Y5                    3.156      -0.097       1.000    1.40%       3.000      3.000      3.000
             500.000       0.568       0.148       5.000    2.60%       3.000      4.000
     Y6                    1.162       2.506       1.000   85.40%       1.000      1.000      1.000
             500.000       0.168       5.787       3.000    1.60%       1.000      1.000
     Y7                    1.180       2.763       1.000   84.20%       1.000      1.000      1.000
             500.000       0.200       8.816       4.000    0.40%       1.000      1.000
     Y8                    1.166       2.623       1.000   84.80%       1.000      1.000      1.000
             500.000       0.170       7.689       4.000    0.20%       1.000      1.000
     Y9                    1.894       0.702       1.000   31.00%       1.000      2.000      2.000
             500.000       0.575       0.575       5.000    0.20%       2.000      2.000
     Y10                   1.864       0.720       1.000   32.20%       1.000      2.000      2.000
             500.000       0.554       0.680       5.000    0.20%       2.000      2.000
     X1                    0.028       0.057      -2.719    0.20%      -0.865     -0.236      0.012
             500.000       0.978      -0.238       2.747    0.20%       0.306      0.856
     X2                    0.512      -0.048       0.000   48.80%       0.000      0.000      1.000
             500.000       0.250      -1.998       1.000   51.20%       1.000      1.000


THE MODEL ESTIMATION TERMINATED NORMALLY



MODEL FIT INFORMATION

Number of Free Parameters                       34

Loglikelihood

          H0 Value                       -3827.257

Information Criteria

          Akaike (AIC)                    7722.514
          Bayesian (BIC)                  7865.811
          Sample-Size Adjusted BIC        7757.893
            (n* = (n + 2) / 24)



MODEL RESULTS

                                                    Two-Tailed
                    Estimate       S.E.  Est./S.E.    P-Value

 F        BY
    Y1                 0.590      0.032     18.629      0.000
    Y2                 0.589      0.030     19.417      0.000
    Y3                 0.552      0.032     17.138      0.000
    Y4                 0.520      0.030     17.540      0.000
    Y5                 0.538      0.030     17.753      0.000
    Y6                 0.246      0.017     14.192      0.000
    Y7                 0.265      0.019     13.968      0.000
    Y8                 0.236      0.018     13.357      0.000
    Y9               999.000      0.000    999.000    999.000
    Y10                0.527      0.030     17.541      0.000

 Y9       ON
    X1                 0.010      0.025      0.379      0.705
    X2                 0.085      0.050      1.690      0.091

 Means
    F                  0.000      0.000    999.000    999.000

 Intercepts
    Y1                 1.876      0.036     52.575      0.000
    Y2                 1.924      0.035     55.623      0.000
    Y3                 3.158      0.035     89.035      0.000
    Y4                 3.106      0.033     94.621      0.000
    Y5                 3.156      0.034     93.665      0.000
    Y6                 1.162      0.018     63.438      0.000
    Y7                 1.180      0.020     59.059      0.000
    Y8                 1.166      0.018     63.153      0.000
    Y9                 1.844      0.042     43.440      0.000
    Y10                1.864      0.033     56.024      0.000

 Variances
    F                  1.000      0.000    999.000    999.000

 Residual Variances
    Y1                 0.288      0.021     13.692      0.000
    Y2                 0.251      0.019     13.399      0.000
    Y3                 0.324      0.023     14.156      0.000
    Y4                 0.269      0.019     14.055      0.000
    Y5                 0.278      0.020     13.990      0.000
    Y6                 0.107      0.007     14.809      0.000
    Y7                 0.129      0.009     14.849      0.000
    Y8                 0.115      0.008     14.955      0.000
    Y9                 0.268      0.019     13.868      0.000
    Y10                0.276      0.020     14.082      0.000

New/Additional Parameters
    L9_0               0.515      0.043     12.049      0.000
    L9_1               0.010      0.025      0.395      0.693
    L9_2               0.044      0.053      0.841      0.400


QUALITY OF NUMERICAL RESULTS

     Condition Number for the Information Matrix              0.511E-04
       (ratio of smallest to largest eigenvalue)


     Beginning Time:  14:31:30
        Ending Time:  14:31:32
       Elapsed Time:  00:00:02



MUTHEN & MUTHEN
3463 Stoner Ave.
Los Angeles, CA  90066

Tel: (310) 391-9971
Fax: (310) 391-8971
Web: www.StatModel.com
Support: Support@StatModel.com

Copyright (c) 1998-2019 Muthen & Muthen
