Mplus VERSION 8.3
MUTHEN & MUTHEN
04/24/2024   2:34 PM

INPUT INSTRUCTIONS


  TITLE: Test with 10 reps

  DATA:
  File is
  G2_B2_N2_rep249.csv;

  VARIABLE:
      Names are x1 x2 eta
  	y1 y2 y3 y4 y5 y6 y7 y8 y9 y10;
      Usevariables are y1-y10 x1 x2;
      constraint = x1 x2;

  MODEL:
      f BY y1* (l1);
      f BY y2* (l2);
      f BY y3* (l3);
      f BY y4* (l4);
      f BY y5* (l5);
      f BY y6* (l6);
      f BY y7* (l7);
      f BY y8* (l8);
      f BY y9* (l9);
      f BY y10* (l10);

  y7 ON x1 x2;
  f@1;
  [f@0];

  MODEL CONSTRAINT:
      new (l7_0 l7_1 l7_2);
      l7 = l7_0 + l7_1*x1 + l7_2*x2;




INPUT READING TERMINATED NORMALLY



Test with 10 reps

SUMMARY OF ANALYSIS

Number of groups                                                 1
Number of observations                                         500

Number of dependent variables                                   10
Number of independent variables                                  2
Number of continuous latent variables                            1

Observed dependent variables

  Continuous
   Y1          Y2          Y3          Y4          Y5          Y6
   Y7          Y8          Y9          Y10

Observed independent variables
   X1          X2

Continuous latent variables
   F


Estimator                                                       ML
Information matrix                                        OBSERVED
Maximum number of iterations                                  1000
Convergence criterion                                    0.500D-04
Maximum number of steepest descent iterations                   20

Input data file(s)
  G2_B2_N2_rep249.csv

Input data format  FREE



UNIVARIATE SAMPLE STATISTICS


     UNIVARIATE HIGHER-ORDER MOMENT DESCRIPTIVE STATISTICS

         Variable/         Mean/     Skewness/   Minimum/ % with                Percentiles
        Sample Size      Variance    Kurtosis    Maximum  Min/Max      20%/60%    40%/80%    Median

     Y1                    1.906       0.590       1.000   28.60%       1.000      2.000      2.000
             500.000       0.521       0.570       5.000    0.20%       2.000      2.000
     Y2                    1.898       0.746       1.000   30.00%       1.000      2.000      2.000
             500.000       0.556       1.151       5.000    0.60%       2.000      2.000
     Y3                    3.190       0.010       1.000    0.60%       3.000      3.000      3.000
             500.000       0.546      -0.089       5.000    2.80%       3.000      4.000
     Y4                    3.130       0.087       1.000    0.20%       3.000      3.000      3.000
             500.000       0.521      -0.305       5.000    2.00%       3.000      4.000
     Y5                    3.158      -0.080       1.000    1.00%       3.000      3.000      3.000
             500.000       0.545       0.003       5.000    2.20%       3.000      4.000
     Y6                    1.152       3.066       1.000   86.20%       1.000      1.000      1.000
             500.000       0.165      11.703       4.000    0.40%       1.000      1.000
     Y7                    1.188       2.846       1.000   82.60%       1.000      1.000      1.000
             500.000       0.193      12.651       5.000    0.20%       1.000      1.000
     Y8                    1.176       2.206       1.000   83.60%       1.000      1.000      1.000
             500.000       0.169       4.130       3.000    1.20%       1.000      1.000
     Y9                    1.844       0.649       1.000   33.40%       1.000      2.000      2.000
             500.000       0.536       0.485       5.000    0.20%       2.000      2.000
     Y10                   1.902       0.507       1.000   31.00%       1.000      2.000      2.000
             500.000       0.556       0.076       5.000    0.20%       2.000      2.000
     X1                   -0.054      -0.046      -4.143    0.20%      -0.903     -0.255     -0.045
             500.000       0.980       0.345       2.808    0.20%       0.158      0.765
     X2                    0.540      -0.161       0.000   46.00%       0.000      0.000      1.000
             500.000       0.248      -1.974       1.000   54.00%       1.000      1.000


THE MODEL ESTIMATION TERMINATED NORMALLY



MODEL FIT INFORMATION

Number of Free Parameters                       34

Loglikelihood

          H0 Value                       -3639.524

Information Criteria

          Akaike (AIC)                    7347.047
          Bayesian (BIC)                  7490.344
          Sample-Size Adjusted BIC        7382.426
            (n* = (n + 2) / 24)



MODEL RESULTS

                                                    Two-Tailed
                    Estimate       S.E.  Est./S.E.    P-Value

 F        BY
    Y1                 0.531      0.029     18.516      0.000
    Y2                 0.565      0.029     19.321      0.000
    Y3                 0.530      0.030     17.889      0.000
    Y4                 0.525      0.029     18.244      0.000
    Y5                 0.521      0.030     17.486      0.000
    Y6                 0.214      0.018     12.113      0.000
    Y7               999.000      0.000    999.000    999.000
    Y8                 0.235      0.018     13.378      0.000
    Y9                 0.542      0.029     18.692      0.000
    Y10                0.565      0.029     19.326      0.000

 Y7       ON
    X1                 0.016      0.016      1.011      0.312
    X2                 0.021      0.033      0.624      0.533

 Means
    F                  0.000      0.000    999.000    999.000

 Intercepts
    Y1                 1.906      0.032     59.036      0.000
    Y2                 1.898      0.033     56.938      0.000
    Y3                 3.190      0.033     96.543      0.000
    Y4                 3.130      0.032     96.955      0.000
    Y5                 3.158      0.033     95.650      0.000
    Y6                 1.152      0.018     63.435      0.000
    Y7                 1.160      0.025     46.378      0.000
    Y8                 1.176      0.018     63.961      0.000
    Y9                 1.844      0.033     56.338      0.000
    Y10                1.902      0.033     57.017      0.000

 Variances
    F                  1.000      0.000    999.000    999.000

 Residual Variances
    Y1                 0.240      0.017     13.891      0.000
    Y2                 0.237      0.017     13.587      0.000
    Y3                 0.265      0.019     14.064      0.000
    Y4                 0.245      0.018     13.963      0.000
    Y5                 0.274      0.019     14.177      0.000
    Y6                 0.119      0.008     15.180      0.000
    Y7                 0.118      0.008     14.716      0.000
    Y8                 0.114      0.008     14.994      0.000
    Y9                 0.242      0.018     13.819      0.000
    Y10                0.237      0.017     13.584      0.000

New/Additional Parameters
    L7_0               0.185      0.026      7.140      0.000
    L7_1               0.035      0.017      2.032      0.042
    L7_2               0.137      0.034      4.012      0.000


QUALITY OF NUMERICAL RESULTS

     Condition Number for the Information Matrix              0.564E-04
       (ratio of smallest to largest eigenvalue)


     Beginning Time:  14:34:54
        Ending Time:  14:34:56
       Elapsed Time:  00:00:02



MUTHEN & MUTHEN
3463 Stoner Ave.
Los Angeles, CA  90066

Tel: (310) 391-9971
Fax: (310) 391-8971
Web: www.StatModel.com
Support: Support@StatModel.com

Copyright (c) 1998-2019 Muthen & Muthen
