Mplus VERSION 8.3
MUTHEN & MUTHEN
04/24/2024   2:43 PM

INPUT INSTRUCTIONS


  TITLE: Test with 10 reps

  DATA:
  File is
  G2_B2_N2_rep279.csv;

  VARIABLE:
      Names are x1 x2 eta
  	y1 y2 y3 y4 y5 y6 y7 y8 y9 y10;
      Usevariables are y1-y10 x1 x2;
      constraint = x1 x2;

  MODEL:
      f BY y1* (l1);
      f BY y2* (l2);
      f BY y3* (l3);
      f BY y4* (l4);
      f BY y5* (l5);
      f BY y6* (l6);
      f BY y7* (l7);
      f BY y8* (l8);
      f BY y9* (l9);
      f BY y10* (l10);

  y3 ON x1 x2;
  f@1;
  [f@0];

  MODEL CONSTRAINT:
      new (l3_0 l3_1 l3_2);
      l3 = l3_0 + l3_1*x1 + l3_2*x2;




INPUT READING TERMINATED NORMALLY



Test with 10 reps

SUMMARY OF ANALYSIS

Number of groups                                                 1
Number of observations                                         500

Number of dependent variables                                   10
Number of independent variables                                  2
Number of continuous latent variables                            1

Observed dependent variables

  Continuous
   Y1          Y2          Y3          Y4          Y5          Y6
   Y7          Y8          Y9          Y10

Observed independent variables
   X1          X2

Continuous latent variables
   F


Estimator                                                       ML
Information matrix                                        OBSERVED
Maximum number of iterations                                  1000
Convergence criterion                                    0.500D-04
Maximum number of steepest descent iterations                   20

Input data file(s)
  G2_B2_N2_rep279.csv

Input data format  FREE



UNIVARIATE SAMPLE STATISTICS


     UNIVARIATE HIGHER-ORDER MOMENT DESCRIPTIVE STATISTICS

         Variable/         Mean/     Skewness/   Minimum/ % with                Percentiles
        Sample Size      Variance    Kurtosis    Maximum  Min/Max      20%/60%    40%/80%    Median

     Y1                    1.842       0.711       1.000   35.20%       1.000      2.000      2.000
             500.000       0.577       0.579       5.000    0.40%       2.000      2.000
     Y2                    1.914       0.859       1.000   32.60%       1.000      2.000      2.000
             500.000       0.671       0.937       5.000    0.80%       2.000      2.000
     Y3                    3.134      -0.043       1.000    2.00%       3.000      3.000      3.000
             500.000       0.652       0.075       5.000    3.80%       3.000      4.000
     Y4                    3.152       0.017       1.000    1.00%       3.000      3.000      3.000
             500.000       0.573       0.021       5.000    3.00%       3.000      4.000
     Y5                    3.190       0.055       1.000    0.80%       3.000      3.000      3.000
             500.000       0.650      -0.286       5.000    4.40%       3.000      4.000
     Y6                    1.244       2.381       1.000   78.80%       1.000      1.000      1.000
             500.000       0.264       6.692       4.000    0.80%       1.000      2.000
     Y7                    1.204       2.534       1.000   82.40%       1.000      1.000      1.000
             500.000       0.226       7.049       4.000    0.40%       1.000      1.000
     Y8                    1.210       2.953       1.000   82.80%       1.000      1.000      1.000
             500.000       0.262      10.972       5.000    0.20%       1.000      1.000
     Y9                    1.932       1.049       1.000   31.40%       1.000      2.000      2.000
             500.000       0.711       1.560       5.000    1.40%       2.000      2.000
     Y10                   1.892       0.952       1.000   32.40%       1.000      2.000      2.000
             500.000       0.636       1.495       5.000    1.00%       2.000      2.000
     X1                    0.001      -0.079      -3.424    0.20%      -0.820     -0.237     -0.002
             500.000       0.980      -0.042       2.569    0.20%       0.278      0.838
     X2                    0.512      -0.048       0.000   48.80%       0.000      0.000      1.000
             500.000       0.250      -1.998       1.000   51.20%       1.000      1.000


THE MODEL ESTIMATION TERMINATED NORMALLY



MODEL FIT INFORMATION

Number of Free Parameters                       34

Loglikelihood

          H0 Value                       -4097.711

Information Criteria

          Akaike (AIC)                    8263.422
          Bayesian (BIC)                  8406.719
          Sample-Size Adjusted BIC        8298.801
            (n* = (n + 2) / 24)



MODEL RESULTS

                                                    Two-Tailed
                    Estimate       S.E.  Est./S.E.    P-Value

 F        BY
    Y1                 0.512      0.031     16.528      0.000
    Y2                 0.605      0.032     18.736      0.000
    Y3               999.000      0.000    999.000    999.000
    Y4                 0.541      0.030     17.876      0.000
    Y5                 0.617      0.031     19.691      0.000
    Y6                 0.339      0.021     16.045      0.000
    Y7                 0.299      0.020     15.068      0.000
    Y8                 0.300      0.022     13.833      0.000
    Y9                 0.647      0.033     19.756      0.000
    Y10                0.608      0.031     19.546      0.000

 Y3       ON
    X1                 0.006      0.026      0.229      0.819
    X2                 0.009      0.051      0.181      0.856

 Means
    F                  0.000      0.000    999.000    999.000

 Intercepts
    Y1                 1.842      0.034     54.221      0.000
    Y2                 1.914      0.037     52.262      0.000
    Y3                 3.153      0.048     66.158      0.000
    Y4                 3.152      0.034     93.117      0.000
    Y5                 3.190      0.036     88.480      0.000
    Y6                 1.244      0.023     54.090      0.000
    Y7                 1.204      0.021     56.583      0.000
    Y8                 1.210      0.023     52.869      0.000
    Y9                 1.932      0.038     51.220      0.000
    Y10                1.892      0.036     53.034      0.000

 Variances
    F                  1.000      0.000    999.000    999.000

 Residual Variances
    Y1                 0.315      0.022     14.566      0.000
    Y2                 0.304      0.022     14.005      0.000
    Y3                 0.265      0.020     13.470      0.000
    Y4                 0.280      0.020     14.246      0.000
    Y5                 0.269      0.020     13.672      0.000
    Y6                 0.150      0.010     14.635      0.000
    Y7                 0.137      0.009     14.815      0.000
    Y8                 0.172      0.011     15.009      0.000
    Y9                 0.292      0.021     13.651      0.000
    Y10                0.267      0.019     13.740      0.000

New/Additional Parameters
    L3_0               0.681      0.049     13.988      0.000
    L3_1              -0.061      0.027     -2.292      0.022
    L3_2              -0.093      0.054     -1.712      0.087


QUALITY OF NUMERICAL RESULTS

     Condition Number for the Information Matrix              0.839E-04
       (ratio of smallest to largest eigenvalue)


     Beginning Time:  14:43:47
        Ending Time:  14:43:48
       Elapsed Time:  00:00:01



MUTHEN & MUTHEN
3463 Stoner Ave.
Los Angeles, CA  90066

Tel: (310) 391-9971
Fax: (310) 391-8971
Web: www.StatModel.com
Support: Support@StatModel.com

Copyright (c) 1998-2019 Muthen & Muthen
