Mplus VERSION 8.3
MUTHEN & MUTHEN
04/24/2024   2:24 PM

INPUT INSTRUCTIONS


  TITLE: Test with 10 reps

  DATA:
  File is
  G2_B2_N2_rep213.csv;

  VARIABLE:
      Names are x1 x2 eta
  	y1 y2 y3 y4 y5 y6 y7 y8 y9 y10;
      Usevariables are y1-y10 x1 x2;
      constraint = x1 x2;

  MODEL:
      f BY y1* (l1);
      f BY y2* (l2);
      f BY y3* (l3);
      f BY y4* (l4);
      f BY y5* (l5);
      f BY y6* (l6);
      f BY y7* (l7);
      f BY y8* (l8);
      f BY y9* (l9);
      f BY y10* (l10);

  y3 ON x1 x2;
  f@1;
  [f@0];

  MODEL CONSTRAINT:
      new (l3_0 l3_1 l3_2);
      l3 = l3_0 + l3_1*x1 + l3_2*x2;




INPUT READING TERMINATED NORMALLY



Test with 10 reps

SUMMARY OF ANALYSIS

Number of groups                                                 1
Number of observations                                         500

Number of dependent variables                                   10
Number of independent variables                                  2
Number of continuous latent variables                            1

Observed dependent variables

  Continuous
   Y1          Y2          Y3          Y4          Y5          Y6
   Y7          Y8          Y9          Y10

Observed independent variables
   X1          X2

Continuous latent variables
   F


Estimator                                                       ML
Information matrix                                        OBSERVED
Maximum number of iterations                                  1000
Convergence criterion                                    0.500D-04
Maximum number of steepest descent iterations                   20

Input data file(s)
  G2_B2_N2_rep213.csv

Input data format  FREE



UNIVARIATE SAMPLE STATISTICS


     UNIVARIATE HIGHER-ORDER MOMENT DESCRIPTIVE STATISTICS

         Variable/         Mean/     Skewness/   Minimum/ % with                Percentiles
        Sample Size      Variance    Kurtosis    Maximum  Min/Max      20%/60%    40%/80%    Median

     Y1                    1.802       0.789       1.000   35.80%       1.000      2.000      2.000
             500.000       0.531       1.051       5.000    0.40%       2.000      2.000
     Y2                    1.764       0.810       1.000   37.40%       1.000      2.000      2.000
             500.000       0.504       1.020       5.000    0.20%       2.000      2.000
     Y3                    3.064      -0.107       1.000    2.00%       3.000      3.000      3.000
             500.000       0.572       0.222       5.000    2.00%       3.000      4.000
     Y4                    3.096      -0.155       1.000    2.00%       3.000      3.000      3.000
             500.000       0.551       0.408       5.000    2.00%       3.000      4.000
     Y5                    3.040      -0.029       1.000    1.20%       2.000      3.000      3.000
             500.000       0.526       0.020       5.000    1.40%       3.000      4.000
     Y6                    1.148       2.110       1.000   85.40%       1.000      1.000      1.000
             500.000       0.130       2.898       3.000    0.20%       1.000      1.000
     Y7                    1.136       2.930       1.000   87.20%       1.000      1.000      1.000
             500.000       0.138      10.282       4.000    0.20%       1.000      1.000
     Y8                    1.150       3.140       1.000   86.60%       1.000      1.000      1.000
             500.000       0.168      12.032       4.000    0.40%       1.000      1.000
     Y9                    1.792       0.494       1.000   37.40%       1.000      2.000      2.000
             500.000       0.517      -0.391       4.000    1.00%       2.000      2.000
     Y10                   1.816       0.682       1.000   34.00%       1.000      2.000      2.000
             500.000       0.506       0.719       5.000    0.20%       2.000      2.000
     X1                    0.042       0.098      -2.914    0.20%      -0.766     -0.269      0.015
             500.000       1.049      -0.055       2.899    0.20%       0.287      0.898
     X2                    0.472       0.112       0.000   52.80%       0.000      0.000      0.000
             500.000       0.249      -1.987       1.000   47.20%       1.000      1.000


THE MODEL ESTIMATION TERMINATED NORMALLY



MODEL FIT INFORMATION

Number of Free Parameters                       34

Loglikelihood

          H0 Value                       -3530.050

Information Criteria

          Akaike (AIC)                    7128.100
          Bayesian (BIC)                  7271.397
          Sample-Size Adjusted BIC        7163.479
            (n* = (n + 2) / 24)



MODEL RESULTS

                                                    Two-Tailed
                    Estimate       S.E.  Est./S.E.    P-Value

 F        BY
    Y1                 0.523      0.029     17.846      0.000
    Y2                 0.503      0.029     17.541      0.000
    Y3               999.000      0.000    999.000    999.000
    Y4                 0.497      0.031     16.247      0.000
    Y5                 0.542      0.029     18.835      0.000
    Y6                 0.207      0.015     13.355      0.000
    Y7                 0.212      0.016     13.317      0.000
    Y8                 0.231      0.018     13.102      0.000
    Y9                 0.505      0.029     17.323      0.000
    Y10                0.510      0.029     17.821      0.000

 Y3       ON
    X1                 0.043      0.024      1.799      0.072
    X2                 0.068      0.049      1.387      0.165

 Means
    F                  0.000      0.000    999.000    999.000

 Intercepts
    Y1                 1.802      0.033     55.306      0.000
    Y2                 1.764      0.032     55.544      0.000
    Y3                 3.055      0.044     70.238      0.000
    Y4                 3.096      0.033     93.281      0.000
    Y5                 3.040      0.032     93.691      0.000
    Y6                 1.148      0.016     71.170      0.000
    Y7                 1.136      0.017     68.502      0.000
    Y8                 1.150      0.018     62.831      0.000
    Y9                 1.792      0.032     55.743      0.000
    Y10                1.816      0.032     57.077      0.000

 Variances
    F                  1.000      0.000    999.000    999.000

 Residual Variances
    Y1                 0.257      0.019     13.896      0.000
    Y2                 0.251      0.018     13.993      0.000
    Y3                 0.236      0.018     13.278      0.000
    Y4                 0.304      0.021     14.359      0.000
    Y5                 0.233      0.017     13.548      0.000
    Y6                 0.087      0.006     14.905      0.000
    Y7                 0.092      0.006     14.896      0.000
    Y8                 0.114      0.008     14.945      0.000
    Y9                 0.262      0.019     14.068      0.000
    Y10                0.246      0.018     13.923      0.000

New/Additional Parameters
    L3_0               0.633      0.044     14.347      0.000
    L3_1              -0.040      0.022     -1.788      0.074
    L3_2              -0.126      0.051     -2.454      0.014


QUALITY OF NUMERICAL RESULTS

     Condition Number for the Information Matrix              0.336E-04
       (ratio of smallest to largest eigenvalue)


     Beginning Time:  14:24:24
        Ending Time:  14:24:26
       Elapsed Time:  00:00:02



MUTHEN & MUTHEN
3463 Stoner Ave.
Los Angeles, CA  90066

Tel: (310) 391-9971
Fax: (310) 391-8971
Web: www.StatModel.com
Support: Support@StatModel.com

Copyright (c) 1998-2019 Muthen & Muthen
