Mplus VERSION 8.3
MUTHEN & MUTHEN
04/24/2024   2:22 PM

INPUT INSTRUCTIONS


  TITLE: Test with 10 reps

  DATA:
  File is
  G2_B2_N2_rep207.csv;

  VARIABLE:
      Names are x1 x2 eta
  	y1 y2 y3 y4 y5 y6 y7 y8 y9 y10;
      Usevariables are y1-y10 x1 x2;
      constraint = x1 x2;

  MODEL:
      f BY y1* (l1);
      f BY y2* (l2);
      f BY y3* (l3);
      f BY y4* (l4);
      f BY y5* (l5);
      f BY y6* (l6);
      f BY y7* (l7);
      f BY y8* (l8);
      f BY y9* (l9);
      f BY y10* (l10);

  y10 ON x1 x2;
  f@1;
  [f@0];

  MODEL CONSTRAINT:
      new (l10_0 l10_1 l10_2);
      l10 = l10_0 + l10_1*x1 + l10_2*x2;




INPUT READING TERMINATED NORMALLY



Test with 10 reps

SUMMARY OF ANALYSIS

Number of groups                                                 1
Number of observations                                         500

Number of dependent variables                                   10
Number of independent variables                                  2
Number of continuous latent variables                            1

Observed dependent variables

  Continuous
   Y1          Y2          Y3          Y4          Y5          Y6
   Y7          Y8          Y9          Y10

Observed independent variables
   X1          X2

Continuous latent variables
   F


Estimator                                                       ML
Information matrix                                        OBSERVED
Maximum number of iterations                                  1000
Convergence criterion                                    0.500D-04
Maximum number of steepest descent iterations                   20

Input data file(s)
  G2_B2_N2_rep207.csv

Input data format  FREE



UNIVARIATE SAMPLE STATISTICS


     UNIVARIATE HIGHER-ORDER MOMENT DESCRIPTIVE STATISTICS

         Variable/         Mean/     Skewness/   Minimum/ % with                Percentiles
        Sample Size      Variance    Kurtosis    Maximum  Min/Max      20%/60%    40%/80%    Median

     Y1                    1.798       0.899       1.000   37.60%       1.000      2.000      2.000
             500.000       0.581       1.074       5.000    0.40%       2.000      2.000
     Y2                    1.810       0.791       1.000   37.40%       1.000      2.000      2.000
             500.000       0.586       0.552       5.000    0.20%       2.000      2.000
     Y3                    3.120       0.070       1.000    1.00%       2.000      3.000      3.000
             500.000       0.658      -0.343       5.000    3.60%       3.000      4.000
     Y4                    3.072       0.035       1.000    1.20%       2.000      3.000      3.000
             500.000       0.591      -0.121       5.000    2.40%       3.000      4.000
     Y5                    3.166       0.037       1.000    0.60%       3.000      3.000      3.000
             500.000       0.558      -0.144       5.000    2.80%       3.000      4.000
     Y6                    1.176       2.324       1.000   84.00%       1.000      1.000      1.000
             500.000       0.177       4.796       3.000    1.60%       1.000      1.000
     Y7                    1.210       2.949       1.000   82.40%       1.000      1.000      1.000
             500.000       0.258      10.401       4.000    1.20%       1.000      1.000
     Y8                    1.184       2.428       1.000   83.20%       1.000      1.000      1.000
             500.000       0.186       6.394       4.000    0.20%       1.000      1.000
     Y9                    1.858       0.712       1.000   33.80%       1.000      2.000      2.000
             500.000       0.574       0.656       5.000    0.40%       2.000      2.000
     Y10                   1.874       0.904       1.000   33.00%       1.000      2.000      2.000
             500.000       0.610       1.364       5.000    0.80%       2.000      2.000
     X1                   -0.005      -0.045      -3.054    0.20%      -0.807     -0.265     -0.049
             500.000       0.969      -0.017       2.823    0.20%       0.283      0.808
     X2                    0.528      -0.112       0.000   47.20%       0.000      0.000      1.000
             500.000       0.249      -1.987       1.000   52.80%       1.000      1.000


THE MODEL ESTIMATION TERMINATED NORMALLY



MODEL FIT INFORMATION

Number of Free Parameters                       34

Loglikelihood

          H0 Value                       -3896.478

Information Criteria

          Akaike (AIC)                    7860.957
          Bayesian (BIC)                  8004.253
          Sample-Size Adjusted BIC        7896.335
            (n* = (n + 2) / 24)



MODEL RESULTS

                                                    Two-Tailed
                    Estimate       S.E.  Est./S.E.    P-Value

 F        BY
    Y1                 0.547      0.031     17.894      0.000
    Y2                 0.581      0.030     19.382      0.000
    Y3                 0.606      0.032     18.958      0.000
    Y4                 0.551      0.031     17.887      0.000
    Y5                 0.544      0.030     18.242      0.000
    Y6                 0.233      0.018     12.884      0.000
    Y7                 0.323      0.021     15.283      0.000
    Y8                 0.272      0.018     15.112      0.000
    Y9                 0.541      0.030     17.781      0.000
    Y10              999.000      0.000    999.000    999.000

 Y10      ON
    X1                 0.030      0.026      1.139      0.255
    X2                 0.103      0.052      1.974      0.048

 Means
    F                  0.000      0.000    999.000    999.000

 Intercepts
    Y1                 1.798      0.034     52.737      0.000
    Y2                 1.810      0.034     52.875      0.000
    Y3                 3.120      0.036     86.032      0.000
    Y4                 3.072      0.034     89.368      0.000
    Y5                 3.166      0.033     94.734      0.000
    Y6                 1.176      0.019     62.499      0.000
    Y7                 1.210      0.023     53.278      0.000
    Y8                 1.184      0.019     61.364      0.000
    Y9                 1.858      0.034     54.845      0.000
    Y10                1.829      0.046     39.945      0.000

 Variances
    F                  1.000      0.000    999.000    999.000

 Residual Variances
    Y1                 0.282      0.020     14.077      0.000
    Y2                 0.248      0.018     13.555      0.000
    Y3                 0.290      0.021     13.706      0.000
    Y4                 0.287      0.020     14.070      0.000
    Y5                 0.263      0.019     13.953      0.000
    Y6                 0.123      0.008     15.077      0.000
    Y7                 0.153      0.010     14.663      0.000
    Y8                 0.112      0.008     14.695      0.000
    Y9                 0.281      0.020     14.109      0.000
    Y10                0.284      0.020     14.025      0.000

New/Additional Parameters
    L10_0              0.586      0.045     12.956      0.000
    L10_1             -0.009      0.025     -0.369      0.712
    L10_2             -0.061      0.055     -1.112      0.266


QUALITY OF NUMERICAL RESULTS

     Condition Number for the Information Matrix              0.567E-04
       (ratio of smallest to largest eigenvalue)


     Beginning Time:  14:22:33
        Ending Time:  14:22:34
       Elapsed Time:  00:00:01



MUTHEN & MUTHEN
3463 Stoner Ave.
Los Angeles, CA  90066

Tel: (310) 391-9971
Fax: (310) 391-8971
Web: www.StatModel.com
Support: Support@StatModel.com

Copyright (c) 1998-2019 Muthen & Muthen
