Mplus VERSION 8.3
MUTHEN & MUTHEN
04/24/2024   2:25 PM

INPUT INSTRUCTIONS


  TITLE: Test with 10 reps

  DATA:
  File is
  G2_B2_N2_rep218.csv;

  VARIABLE:
      Names are x1 x2 eta
  	y1 y2 y3 y4 y5 y6 y7 y8 y9 y10;
      Usevariables are y1-y10 x1 x2;
      constraint = x1 x2;

  MODEL:
      f BY y1* (l1);
      f BY y2* (l2);
      f BY y3* (l3);
      f BY y4* (l4);
      f BY y5* (l5);
      f BY y6* (l6);
      f BY y7* (l7);
      f BY y8* (l8);
      f BY y9* (l9);
      f BY y10* (l10);

  y4 ON x1 x2;
  f@1;
  [f@0];

  MODEL CONSTRAINT:
      new (l4_0 l4_1 l4_2);
      l4 = l4_0 + l4_1*x1 + l4_2*x2;




INPUT READING TERMINATED NORMALLY



Test with 10 reps

SUMMARY OF ANALYSIS

Number of groups                                                 1
Number of observations                                         500

Number of dependent variables                                   10
Number of independent variables                                  2
Number of continuous latent variables                            1

Observed dependent variables

  Continuous
   Y1          Y2          Y3          Y4          Y5          Y6
   Y7          Y8          Y9          Y10

Observed independent variables
   X1          X2

Continuous latent variables
   F


Estimator                                                       ML
Information matrix                                        OBSERVED
Maximum number of iterations                                  1000
Convergence criterion                                    0.500D-04
Maximum number of steepest descent iterations                   20

Input data file(s)
  G2_B2_N2_rep218.csv

Input data format  FREE



UNIVARIATE SAMPLE STATISTICS


     UNIVARIATE HIGHER-ORDER MOMENT DESCRIPTIVE STATISTICS

         Variable/         Mean/     Skewness/   Minimum/ % with                Percentiles
        Sample Size      Variance    Kurtosis    Maximum  Min/Max      20%/60%    40%/80%    Median

     Y1                    1.908       0.682       1.000   30.00%       1.000      2.000      2.000
             500.000       0.572       0.561       5.000    0.20%       2.000      2.000
     Y2                    1.918       0.897       1.000   29.80%       1.000      2.000      2.000
             500.000       0.611       1.405       5.000    0.80%       2.000      2.000
     Y3                    3.162       0.100       1.000    0.80%       3.000      3.000      3.000
             500.000       0.560       0.109       5.000    3.40%       3.000      4.000
     Y4                    3.188       0.276       2.000   13.80%       3.000      3.000      3.000
             500.000       0.493       0.026       5.000    3.20%       3.000      4.000
     Y5                    3.170      -0.079       1.000    1.20%       3.000      3.000      3.000
             500.000       0.609      -0.140       5.000    3.00%       3.000      4.000
     Y6                    1.168       2.642       1.000   84.80%       1.000      1.000      1.000
             500.000       0.176       7.701       4.000    0.20%       1.000      1.000
     Y7                    1.190       1.918       1.000   81.80%       1.000      1.000      1.000
             500.000       0.170       2.606       3.000    0.80%       1.000      1.000
     Y8                    1.184       2.509       1.000   83.60%       1.000      1.000      1.000
             500.000       0.194       6.696       4.000    0.20%       1.000      1.000
     Y9                    1.886       0.638       1.000   30.40%       1.000      2.000      2.000
             500.000       0.537       0.573       5.000    0.20%       2.000      2.000
     Y10                   1.870       0.556       1.000   31.00%       1.000      2.000      2.000
             500.000       0.513       0.403       5.000    0.20%       2.000      2.000
     X1                    0.034       0.001      -2.596    0.20%      -0.837     -0.225      0.051
             500.000       0.938      -0.143       2.937    0.20%       0.333      0.852
     X2                    0.514      -0.056       0.000   48.60%       0.000      0.000      1.000
             500.000       0.250      -1.997       1.000   51.40%       1.000      1.000


THE MODEL ESTIMATION TERMINATED NORMALLY



MODEL FIT INFORMATION

Number of Free Parameters                       34

Loglikelihood

          H0 Value                       -3641.624

Information Criteria

          Akaike (AIC)                    7351.247
          Bayesian (BIC)                  7494.544
          Sample-Size Adjusted BIC        7386.626
            (n* = (n + 2) / 24)



MODEL RESULTS

                                                    Two-Tailed
                    Estimate       S.E.  Est./S.E.    P-Value

 F        BY
    Y1                 0.593      0.029     20.390      0.000
    Y2                 0.572      0.031     18.428      0.000
    Y3                 0.548      0.030     18.460      0.000
    Y4               999.000      0.000    999.000    999.000
    Y5                 0.555      0.031     17.715      0.000
    Y6                 0.233      0.018     12.947      0.000
    Y7                 0.253      0.017     14.649      0.000
    Y8                 0.265      0.019     14.276      0.000
    Y9                 0.553      0.029     19.254      0.000
    Y10                0.546      0.028     19.525      0.000

 Y4       ON
    X1                 0.033      0.024      1.385      0.166
    X2                 0.044      0.046      0.967      0.334

 Means
    F                  0.000      0.000    999.000    999.000

 Intercepts
    Y1                 1.908      0.034     56.434      0.000
    Y2                 1.918      0.035     54.855      0.000
    Y3                 3.162      0.033     94.504      0.000
    Y4                 3.169      0.040     79.294      0.000
    Y5                 3.170      0.035     90.824      0.000
    Y6                 1.168      0.019     62.295      0.000
    Y7                 1.190      0.018     64.556      0.000
    Y8                 1.184      0.020     60.087      0.000
    Y9                 1.886      0.033     57.549      0.000
    Y10                1.870      0.032     58.375      0.000

 Variances
    F                  1.000      0.000    999.000    999.000

 Residual Variances
    Y1                 0.219      0.016     13.316      0.000
    Y2                 0.285      0.020     14.040      0.000
    Y3                 0.260      0.019     14.017      0.000
    Y4                 0.227      0.016     14.044      0.000
    Y5                 0.302      0.021     14.232      0.000
    Y6                 0.122      0.008     15.125      0.000
    Y7                 0.106      0.007     14.870      0.000
    Y8                 0.124      0.008     14.931      0.000
    Y9                 0.231      0.017     13.757      0.000
    Y10                0.215      0.016     13.661      0.000

New/Additional Parameters
    L4_0               0.524      0.042     12.607      0.000
    L4_1              -0.015      0.024     -0.613      0.540
    L4_2              -0.029      0.049     -0.591      0.555


QUALITY OF NUMERICAL RESULTS

     Condition Number for the Information Matrix              0.498E-04
       (ratio of smallest to largest eigenvalue)


     Beginning Time:  14:25:45
        Ending Time:  14:25:47
       Elapsed Time:  00:00:02



MUTHEN & MUTHEN
3463 Stoner Ave.
Los Angeles, CA  90066

Tel: (310) 391-9971
Fax: (310) 391-8971
Web: www.StatModel.com
Support: Support@StatModel.com

Copyright (c) 1998-2019 Muthen & Muthen
