Mplus VERSION 8.3
MUTHEN & MUTHEN
04/24/2024   2:46 PM

INPUT INSTRUCTIONS


  TITLE: Test with 10 reps

  DATA:
  File is
  G2_B2_N2_rep286.csv;

  VARIABLE:
      Names are x1 x2 eta
  	y1 y2 y3 y4 y5 y6 y7 y8 y9 y10;
      Usevariables are y1-y10 x1 x2;
      constraint = x1 x2;

  MODEL:
      f BY y1* (l1);
      f BY y2* (l2);
      f BY y3* (l3);
      f BY y4* (l4);
      f BY y5* (l5);
      f BY y6* (l6);
      f BY y7* (l7);
      f BY y8* (l8);
      f BY y9* (l9);
      f BY y10* (l10);

  y2 ON x1 x2;
  f@1;
  [f@0];

  MODEL CONSTRAINT:
      new (l2_0 l2_1 l2_2);
      l2 = l2_0 + l2_1*x1 + l2_2*x2;




INPUT READING TERMINATED NORMALLY



Test with 10 reps

SUMMARY OF ANALYSIS

Number of groups                                                 1
Number of observations                                         500

Number of dependent variables                                   10
Number of independent variables                                  2
Number of continuous latent variables                            1

Observed dependent variables

  Continuous
   Y1          Y2          Y3          Y4          Y5          Y6
   Y7          Y8          Y9          Y10

Observed independent variables
   X1          X2

Continuous latent variables
   F


Estimator                                                       ML
Information matrix                                        OBSERVED
Maximum number of iterations                                  1000
Convergence criterion                                    0.500D-04
Maximum number of steepest descent iterations                   20

Input data file(s)
  G2_B2_N2_rep286.csv

Input data format  FREE



UNIVARIATE SAMPLE STATISTICS


     UNIVARIATE HIGHER-ORDER MOMENT DESCRIPTIVE STATISTICS

         Variable/         Mean/     Skewness/   Minimum/ % with                Percentiles
        Sample Size      Variance    Kurtosis    Maximum  Min/Max      20%/60%    40%/80%    Median

     Y1                    1.892       0.824       1.000   33.20%       1.000      2.000      2.000
             500.000       0.644       0.706       5.000    0.40%       2.000      2.000
     Y2                    1.882       0.736       1.000   33.40%       1.000      2.000      2.000
             500.000       0.612       0.579       5.000    0.40%       2.000      2.000
     Y3                    3.130      -0.169       1.000    2.00%       2.000      3.000      3.000
             500.000       0.645      -0.131       5.000    2.60%       3.000      4.000
     Y4                    3.140      -0.111       1.000    1.20%       3.000      3.000      3.000
             500.000       0.548       0.034       5.000    2.00%       3.000      4.000
     Y5                    3.128       0.013       1.000    1.00%       3.000      3.000      3.000
             500.000       0.564       0.002       5.000    2.60%       3.000      4.000
     Y6                    1.186       2.484       1.000   83.40%       1.000      1.000      1.000
             500.000       0.195       6.550       4.000    0.20%       1.000      1.000
     Y7                    1.188       1.938       1.000   82.00%       1.000      1.000      1.000
             500.000       0.169       2.697       3.000    0.80%       1.000      1.000
     Y8                    1.162       2.233       1.000   84.60%       1.000      1.000      1.000
             500.000       0.152       4.116       3.000    0.80%       1.000      1.000
     Y9                    1.866       0.671       1.000   33.20%       1.000      2.000      2.000
             500.000       0.572       0.409       5.000    0.20%       2.000      2.000
     Y10                   1.868       0.935       1.000   34.80%       1.000      2.000      2.000
             500.000       0.647       1.336       5.000    1.00%       2.000      2.000
     X1                    0.012       0.011      -2.931    0.20%      -0.822     -0.259      0.005
             500.000       0.999      -0.087       2.968    0.20%       0.261      0.912
     X2                    0.520      -0.080       0.000   48.00%       0.000      0.000      1.000
             500.000       0.250      -1.994       1.000   52.00%       1.000      1.000


THE MODEL ESTIMATION TERMINATED NORMALLY



MODEL FIT INFORMATION

Number of Free Parameters                       34

Loglikelihood

          H0 Value                       -3839.945

Information Criteria

          Akaike (AIC)                    7747.889
          Bayesian (BIC)                  7891.186
          Sample-Size Adjusted BIC        7783.268
            (n* = (n + 2) / 24)



MODEL RESULTS

                                                    Two-Tailed
                    Estimate       S.E.  Est./S.E.    P-Value

 F        BY
    Y1                 0.575      0.032     17.837      0.000
    Y2               999.000      0.000    999.000    999.000
    Y3                 0.579      0.032     17.991      0.000
    Y4                 0.564      0.029     19.410      0.000
    Y5                 0.521      0.031     17.093      0.000
    Y6                 0.272      0.019     14.580      0.000
    Y7                 0.249      0.017     14.340      0.000
    Y8                 0.228      0.017     13.704      0.000
    Y9                 0.539      0.030     17.719      0.000
    Y10                0.582      0.032     18.068      0.000

 Y2       ON
    X1                -0.009      0.026     -0.354      0.724
    X2                 0.041      0.053      0.776      0.438

 Means
    F                  0.000      0.000    999.000    999.000

 Intercepts
    Y1                 1.892      0.036     52.705      0.000
    Y2                 1.862      0.046     40.904      0.000
    Y3                 3.130      0.036     87.140      0.000
    Y4                 3.140      0.033     94.813      0.000
    Y5                 3.128      0.034     93.167      0.000
    Y6                 1.186      0.020     59.993      0.000
    Y7                 1.188      0.018     64.685      0.000
    Y8                 1.162      0.017     66.699      0.000
    Y9                 1.866      0.034     55.167      0.000
    Y10                1.868      0.036     51.946      0.000

 Variances
    F                  1.000      0.000    999.000    999.000

 Residual Variances
    Y1                 0.313      0.022     13.984      0.000
    Y2                 0.292      0.021     13.944      0.000
    Y3                 0.309      0.022     13.916      0.000
    Y4                 0.230      0.017     13.380      0.000
    Y5                 0.292      0.021     14.196      0.000
    Y6                 0.122      0.008     14.748      0.000
    Y7                 0.107      0.007     14.808      0.000
    Y8                 0.100      0.007     14.890      0.000
    Y9                 0.281      0.020     14.038      0.000
    Y10                0.308      0.022     13.906      0.000

New/Additional Parameters
    L2_0               0.570      0.045     12.745      0.000
    L2_1               0.006      0.026      0.237      0.813
    L2_2              -0.017      0.055     -0.310      0.757


QUALITY OF NUMERICAL RESULTS

     Condition Number for the Information Matrix              0.441E-04
       (ratio of smallest to largest eigenvalue)


     Beginning Time:  14:46:06
        Ending Time:  14:46:07
       Elapsed Time:  00:00:01



MUTHEN & MUTHEN
3463 Stoner Ave.
Los Angeles, CA  90066

Tel: (310) 391-9971
Fax: (310) 391-8971
Web: www.StatModel.com
Support: Support@StatModel.com

Copyright (c) 1998-2019 Muthen & Muthen
