Mplus VERSION 8.3
MUTHEN & MUTHEN
04/24/2024   2:41 PM

INPUT INSTRUCTIONS


  TITLE: Test with 10 reps

  DATA:
  File is
  G2_B2_N2_rep27.csv;

  VARIABLE:
      Names are x1 x2 eta
  	y1 y2 y3 y4 y5 y6 y7 y8 y9 y10;
      Usevariables are y1-y10 x1 x2;
      constraint = x1 x2;

  MODEL:
      f BY y1* (l1);
      f BY y2* (l2);
      f BY y3* (l3);
      f BY y4* (l4);
      f BY y5* (l5);
      f BY y6* (l6);
      f BY y7* (l7);
      f BY y8* (l8);
      f BY y9* (l9);
      f BY y10* (l10);

  y8 ON x1 x2;
  f@1;
  [f@0];

  MODEL CONSTRAINT:
      new (l8_0 l8_1 l8_2);
      l8 = l8_0 + l8_1*x1 + l8_2*x2;




INPUT READING TERMINATED NORMALLY



Test with 10 reps

SUMMARY OF ANALYSIS

Number of groups                                                 1
Number of observations                                         500

Number of dependent variables                                   10
Number of independent variables                                  2
Number of continuous latent variables                            1

Observed dependent variables

  Continuous
   Y1          Y2          Y3          Y4          Y5          Y6
   Y7          Y8          Y9          Y10

Observed independent variables
   X1          X2

Continuous latent variables
   F


Estimator                                                       ML
Information matrix                                        OBSERVED
Maximum number of iterations                                  1000
Convergence criterion                                    0.500D-04
Maximum number of steepest descent iterations                   20

Input data file(s)
  G2_B2_N2_rep27.csv

Input data format  FREE



UNIVARIATE SAMPLE STATISTICS


     UNIVARIATE HIGHER-ORDER MOMENT DESCRIPTIVE STATISTICS

         Variable/         Mean/     Skewness/   Minimum/ % with                Percentiles
        Sample Size      Variance    Kurtosis    Maximum  Min/Max      20%/60%    40%/80%    Median

     Y1                    1.886       0.856       1.000   30.60%       1.000      2.000      2.000
             500.000       0.573       1.211       5.000    0.40%       2.000      2.000
     Y2                    1.846       0.620       1.000   33.00%       1.000      2.000      2.000
             500.000       0.526       0.453       5.000    0.20%       2.000      2.000
     Y3                    3.122       0.031       1.000    0.80%       3.000      3.000      3.000
             500.000       0.555      -0.086       5.000    2.40%       3.000      4.000
     Y4                    3.128      -0.075       1.000    1.20%       3.000      3.000      3.000
             500.000       0.568      -0.044       5.000    2.20%       3.000      4.000
     Y5                    3.102       0.055       1.000    1.40%       2.000      3.000      3.000
             500.000       0.632      -0.074       5.000    3.40%       3.000      4.000
     Y6                    1.172       2.848       1.000   84.80%       1.000      1.000      1.000
             500.000       0.190       9.535       4.000    0.40%       1.000      1.000
     Y7                    1.174       3.315       1.000   85.40%       1.000      1.000      1.000
             500.000       0.216      14.507       5.000    0.20%       1.000      1.000
     Y8                    1.174       2.512       1.000   84.00%       1.000      1.000      1.000
             500.000       0.176       6.987       4.000    0.20%       1.000      1.000
     Y9                    1.852       0.862       1.000   31.40%       1.000      2.000      2.000
             500.000       0.526       1.686       5.000    0.60%       2.000      2.000
     Y10                   1.866       0.935       1.000   33.60%       1.000      2.000      2.000
             500.000       0.616       1.410       5.000    0.80%       2.000      2.000
     X1                   -0.042      -0.163      -3.112    0.20%      -0.852     -0.256     -0.021
             500.000       0.919      -0.083       2.880    0.20%       0.270      0.778
     X2                    0.514      -0.056       0.000   48.60%       0.000      0.000      1.000
             500.000       0.250      -1.997       1.000   51.40%       1.000      1.000


THE MODEL ESTIMATION TERMINATED NORMALLY



MODEL FIT INFORMATION

Number of Free Parameters                       34

Loglikelihood

          H0 Value                       -3845.540

Information Criteria

          Akaike (AIC)                    7759.081
          Bayesian (BIC)                  7902.377
          Sample-Size Adjusted BIC        7794.459
            (n* = (n + 2) / 24)



MODEL RESULTS

                                                    Two-Tailed
                    Estimate       S.E.  Est./S.E.    P-Value

 F        BY
    Y1                 0.537      0.031     17.601      0.000
    Y2                 0.511      0.029     17.425      0.000
    Y3                 0.557      0.029     18.915      0.000
    Y4                 0.519      0.031     16.900      0.000
    Y5                 0.600      0.031     19.165      0.000
    Y6                 0.251      0.019     13.436      0.000
    Y7                 0.266      0.020     13.364      0.000
    Y8               999.000      0.000    999.000    999.000
    Y9                 0.530      0.029     18.325      0.000
    Y10                0.570      0.031     18.182      0.000

 Y8       ON
    X1                -0.003      0.016     -0.180      0.857
    X2                -0.013      0.032     -0.406      0.684

 Means
    F                  0.000      0.000    999.000    999.000

 Intercepts
    Y1                 1.886      0.034     55.712      0.000
    Y2                 1.846      0.032     56.899      0.000
    Y3                 3.122      0.033     93.697      0.000
    Y4                 3.128      0.034     92.838      0.000
    Y5                 3.102      0.036     87.278      0.000
    Y6                 1.172      0.020     60.057      0.000
    Y7                 1.174      0.021     56.520      0.000
    Y8                 1.162      0.024     48.413      0.000
    Y9                 1.852      0.032     57.094      0.000
    Y10                1.866      0.035     53.161      0.000

 Variances
    F                  1.000      0.000    999.000    999.000

 Residual Variances
    Y1                 0.284      0.020     14.061      0.000
    Y2                 0.265      0.019     14.108      0.000
    Y3                 0.245      0.018     13.627      0.000
    Y4                 0.299      0.021     14.262      0.000
    Y5                 0.272      0.020     13.516      0.000
    Y6                 0.128      0.009     14.957      0.000
    Y7                 0.145      0.010     14.971      0.000
    Y8                 0.111      0.008     14.656      0.000
    Y9                 0.245      0.018     13.826      0.000
    Y10                0.291      0.021     13.894      0.000

New/Additional Parameters
    L8_0               0.182      0.024      7.501      0.000
    L8_1               0.024      0.017      1.419      0.156
    L8_2               0.124      0.034      3.701      0.000


QUALITY OF NUMERICAL RESULTS

     Condition Number for the Information Matrix              0.560E-04
       (ratio of smallest to largest eigenvalue)


     Beginning Time:  14:41:13
        Ending Time:  14:41:14
       Elapsed Time:  00:00:01



MUTHEN & MUTHEN
3463 Stoner Ave.
Los Angeles, CA  90066

Tel: (310) 391-9971
Fax: (310) 391-8971
Web: www.StatModel.com
Support: Support@StatModel.com

Copyright (c) 1998-2019 Muthen & Muthen
