Mplus VERSION 8.3
MUTHEN & MUTHEN
04/24/2024   2:57 PM

INPUT INSTRUCTIONS


  TITLE: Test with 10 reps

  DATA:
  File is
  G2_B2_N2_rep320.csv;

  VARIABLE:
      Names are x1 x2 eta
  	y1 y2 y3 y4 y5 y6 y7 y8 y9 y10;
      Usevariables are y1-y10 x1 x2;
      constraint = x1 x2;

  MODEL:
      f BY y1* (l1);
      f BY y2* (l2);
      f BY y3* (l3);
      f BY y4* (l4);
      f BY y5* (l5);
      f BY y6* (l6);
      f BY y7* (l7);
      f BY y8* (l8);
      f BY y9* (l9);
      f BY y10* (l10);

  y8 ON x1 x2;
  f@1;
  [f@0];

  MODEL CONSTRAINT:
      new (l8_0 l8_1 l8_2);
      l8 = l8_0 + l8_1*x1 + l8_2*x2;




INPUT READING TERMINATED NORMALLY



Test with 10 reps

SUMMARY OF ANALYSIS

Number of groups                                                 1
Number of observations                                         500

Number of dependent variables                                   10
Number of independent variables                                  2
Number of continuous latent variables                            1

Observed dependent variables

  Continuous
   Y1          Y2          Y3          Y4          Y5          Y6
   Y7          Y8          Y9          Y10

Observed independent variables
   X1          X2

Continuous latent variables
   F


Estimator                                                       ML
Information matrix                                        OBSERVED
Maximum number of iterations                                  1000
Convergence criterion                                    0.500D-04
Maximum number of steepest descent iterations                   20

Input data file(s)
  G2_B2_N2_rep320.csv

Input data format  FREE



UNIVARIATE SAMPLE STATISTICS


     UNIVARIATE HIGHER-ORDER MOMENT DESCRIPTIVE STATISTICS

         Variable/         Mean/     Skewness/   Minimum/ % with                Percentiles
        Sample Size      Variance    Kurtosis    Maximum  Min/Max      20%/60%    40%/80%    Median

     Y1                    1.878       0.701       1.000   33.40%       1.000      2.000      2.000
             500.000       0.603       0.377       5.000    0.20%       2.000      2.000
     Y2                    1.886       0.625       1.000   32.60%       1.000      2.000      2.000
             500.000       0.585       0.248       5.000    0.20%       2.000      2.000
     Y3                    3.172       0.085       1.000    1.00%       3.000      3.000      3.000
             500.000       0.654      -0.180       5.000    4.60%       3.000      4.000
     Y4                    3.166      -0.074       1.000    0.60%       3.000      3.000      3.000
             500.000       0.554      -0.326       5.000    2.00%       3.000      4.000
     Y5                    3.166      -0.137       1.000    1.40%       3.000      3.000      3.000
             500.000       0.594      -0.044       5.000    2.60%       3.000      4.000
     Y6                    1.224       2.394       1.000   81.20%       1.000      1.000      1.000
             500.000       0.254       5.921       4.000    0.40%       1.000      1.000
     Y7                    1.170       2.053       1.000   83.60%       1.000      1.000      1.000
             500.000       0.153       3.100       3.000    0.60%       1.000      1.000
     Y8                    1.186       2.445       1.000   83.20%       1.000      1.000      1.000
             500.000       0.191       6.410       4.000    0.20%       1.000      1.000
     Y9                    1.904       0.757       1.000   32.00%       1.000      2.000      2.000
             500.000       0.623       0.642       5.000    0.40%       2.000      2.000
     Y10                   1.860       0.618       1.000   34.40%       1.000      2.000      2.000
             500.000       0.584       0.003       4.000    2.80%       2.000      2.000
     X1                   -0.030       0.097      -3.060    0.20%      -0.845     -0.305     -0.102
             500.000       1.004      -0.079       2.925    0.20%       0.195      0.794
     X2                    0.490       0.040       0.000   51.00%       0.000      0.000      0.000
             500.000       0.250      -1.998       1.000   49.00%       1.000      1.000


THE MODEL ESTIMATION TERMINATED NORMALLY



MODEL FIT INFORMATION

Number of Free Parameters                       34

Loglikelihood

          H0 Value                       -3959.701

Information Criteria

          Akaike (AIC)                    7987.401
          Bayesian (BIC)                  8130.698
          Sample-Size Adjusted BIC        8022.780
            (n* = (n + 2) / 24)



MODEL RESULTS

                                                    Two-Tailed
                    Estimate       S.E.  Est./S.E.    P-Value

 F        BY
    Y1                 0.592      0.030     19.441      0.000
    Y2                 0.553      0.031     18.060      0.000
    Y3                 0.578      0.033     17.777      0.000
    Y4                 0.529      0.030     17.594      0.000
    Y5                 0.543      0.031     17.424      0.000
    Y6                 0.298      0.021     13.883      0.000
    Y7                 0.219      0.017     12.997      0.000
    Y8               999.000      0.000    999.000    999.000
    Y9                 0.549      0.032     17.133      0.000
    Y10                0.574      0.030     19.042      0.000

 Y8       ON
    X1                -0.020      0.017     -1.182      0.237
    X2                -0.002      0.034     -0.050      0.960

 Means
    F                  0.000      0.000    999.000    999.000

 Intercepts
    Y1                 1.878      0.035     54.073      0.000
    Y2                 1.886      0.034     55.138      0.000
    Y3                 3.172      0.036     87.678      0.000
    Y4                 3.166      0.033     95.075      0.000
    Y5                 3.166      0.034     91.821      0.000
    Y6                 1.224      0.023     54.325      0.000
    Y7                 1.170      0.017     66.863      0.000
    Y8                 1.178      0.026     45.762      0.000
    Y9                 1.904      0.035     53.949      0.000
    Y10                1.860      0.034     54.405      0.000

 Variances
    F                  1.000      0.000    999.000    999.000

 Residual Variances
    Y1                 0.253      0.019     13.403      0.000
    Y2                 0.279      0.020     13.895      0.000
    Y3                 0.320      0.023     13.989      0.000
    Y4                 0.275      0.020     14.039      0.000
    Y5                 0.299      0.021     14.090      0.000
    Y6                 0.165      0.011     14.851      0.000
    Y7                 0.105      0.007     15.012      0.000
    Y8                 0.133      0.009     14.985      0.000
    Y9                 0.321      0.023     14.180      0.000
    Y10                0.255      0.019     13.557      0.000

New/Additional Parameters
    L8_0               0.215      0.027      7.944      0.000
    L8_1               0.013      0.017      0.748      0.455
    L8_2               0.052      0.036      1.452      0.147


QUALITY OF NUMERICAL RESULTS

     Condition Number for the Information Matrix              0.484E-04
       (ratio of smallest to largest eigenvalue)


     Beginning Time:  14:57:07
        Ending Time:  14:57:09
       Elapsed Time:  00:00:02



MUTHEN & MUTHEN
3463 Stoner Ave.
Los Angeles, CA  90066

Tel: (310) 391-9971
Fax: (310) 391-8971
Web: www.StatModel.com
Support: Support@StatModel.com

Copyright (c) 1998-2019 Muthen & Muthen
