Mplus VERSION 8.3
MUTHEN & MUTHEN
04/24/2024   3:13 PM

INPUT INSTRUCTIONS


  TITLE: Test with 10 reps

  DATA:
  File is
  G2_B2_N2_rep373.csv;

  VARIABLE:
      Names are x1 x2 eta
  	y1 y2 y3 y4 y5 y6 y7 y8 y9 y10;
      Usevariables are y1-y10 x1 x2;
      constraint = x1 x2;

  MODEL:
      f BY y1* (l1);
      f BY y2* (l2);
      f BY y3* (l3);
      f BY y4* (l4);
      f BY y5* (l5);
      f BY y6* (l6);
      f BY y7* (l7);
      f BY y8* (l8);
      f BY y9* (l9);
      f BY y10* (l10);

  y8 ON x1 x2;
  f@1;
  [f@0];

  MODEL CONSTRAINT:
      new (l8_0 l8_1 l8_2);
      l8 = l8_0 + l8_1*x1 + l8_2*x2;




INPUT READING TERMINATED NORMALLY



Test with 10 reps

SUMMARY OF ANALYSIS

Number of groups                                                 1
Number of observations                                         500

Number of dependent variables                                   10
Number of independent variables                                  2
Number of continuous latent variables                            1

Observed dependent variables

  Continuous
   Y1          Y2          Y3          Y4          Y5          Y6
   Y7          Y8          Y9          Y10

Observed independent variables
   X1          X2

Continuous latent variables
   F


Estimator                                                       ML
Information matrix                                        OBSERVED
Maximum number of iterations                                  1000
Convergence criterion                                    0.500D-04
Maximum number of steepest descent iterations                   20

Input data file(s)
  G2_B2_N2_rep373.csv

Input data format  FREE



UNIVARIATE SAMPLE STATISTICS


     UNIVARIATE HIGHER-ORDER MOMENT DESCRIPTIVE STATISTICS

         Variable/         Mean/     Skewness/   Minimum/ % with                Percentiles
        Sample Size      Variance    Kurtosis    Maximum  Min/Max      20%/60%    40%/80%    Median

     Y1                    1.808       0.679       1.000   36.40%       1.000      2.000      2.000
             500.000       0.543       0.401       5.000    0.20%       2.000      2.000
     Y2                    1.834       0.714       1.000   34.80%       1.000      2.000      2.000
             500.000       0.554       0.712       5.000    0.40%       2.000      2.000
     Y3                    3.134       0.164       1.000    0.40%       3.000      3.000      3.000
             500.000       0.508       0.096       5.000    2.60%       3.000      4.000
     Y4                    3.108      -0.110       1.000    0.80%       3.000      3.000      3.000
             500.000       0.536      -0.327       5.000    1.20%       3.000      4.000
     Y5                    3.156       0.019       1.000    1.00%       3.000      3.000      3.000
             500.000       0.540       0.213       5.000    2.80%       3.000      4.000
     Y6                    1.168       2.368       1.000   84.60%       1.000      1.000      1.000
             500.000       0.168       5.009       3.000    1.40%       1.000      1.000
     Y7                    1.168       3.029       1.000   84.80%       1.000      1.000      1.000
             500.000       0.184      11.796       4.000    0.60%       1.000      1.000
     Y8                    1.174       2.788       1.000   84.40%       1.000      1.000      1.000
             500.000       0.188       9.292       4.000    0.40%       1.000      1.000
     Y9                    1.856       0.780       1.000   34.20%       1.000      2.000      2.000
             500.000       0.591       0.771       5.000    0.40%       2.000      2.000
     Y10                   1.864       0.632       1.000   32.60%       1.000      2.000      2.000
             500.000       0.554       0.224       4.000    2.80%       2.000      2.000
     X1                   -0.045      -0.022      -2.926    0.20%      -1.005     -0.263     -0.025
             500.000       1.010      -0.306       3.093    0.20%       0.188      0.832
     X2                    0.512      -0.048       0.000   48.80%       0.000      0.000      1.000
             500.000       0.250      -1.998       1.000   51.20%       1.000      1.000


THE MODEL ESTIMATION TERMINATED NORMALLY



MODEL FIT INFORMATION

Number of Free Parameters                       34

Loglikelihood

          H0 Value                       -3731.695

Information Criteria

          Akaike (AIC)                    7531.389
          Bayesian (BIC)                  7674.686
          Sample-Size Adjusted BIC        7566.768
            (n* = (n + 2) / 24)



MODEL RESULTS

                                                    Two-Tailed
                    Estimate       S.E.  Est./S.E.    P-Value

 F        BY
    Y1                 0.521      0.030     17.466      0.000
    Y2                 0.541      0.030     18.167      0.000
    Y3                 0.510      0.029     17.759      0.000
    Y4                 0.497      0.030     16.540      0.000
    Y5                 0.515      0.030     17.264      0.000
    Y6                 0.238      0.018     13.574      0.000
    Y7                 0.254      0.018     13.926      0.000
    Y8               999.000      0.000    999.000    999.000
    Y9                 0.574      0.030     18.833      0.000
    Y10                0.537      0.030     17.978      0.000

 Y8       ON
    X1                 0.016      0.016      0.978      0.328
    X2                 0.008      0.032      0.245      0.807

 Means
    F                  0.000      0.000    999.000    999.000

 Intercepts
    Y1                 1.808      0.033     54.857      0.000
    Y2                 1.834      0.033     55.075      0.000
    Y3                 3.134      0.032     98.318      0.000
    Y4                 3.108      0.033     94.896      0.000
    Y5                 3.156      0.033     96.064      0.000
    Y6                 1.168      0.018     63.762      0.000
    Y7                 1.168      0.019     60.923      0.000
    Y8                 1.147      0.024     47.507      0.000
    Y9                 1.856      0.034     53.972      0.000
    Y10                1.864      0.033     56.024      0.000

 Variances
    F                  1.000      0.000    999.000    999.000

 Residual Variances
    Y1                 0.272      0.019     14.042      0.000
    Y2                 0.261      0.019     13.807      0.000
    Y3                 0.248      0.018     13.949      0.000
    Y4                 0.289      0.020     14.267      0.000
    Y5                 0.275      0.020     14.083      0.000
    Y6                 0.111      0.007     14.906      0.000
    Y7                 0.119      0.008     14.845      0.000
    Y8                 0.111      0.008     14.435      0.000
    Y9                 0.262      0.019     13.560      0.000
    Y10                0.265      0.019     13.880      0.000

New/Additional Parameters
    L8_0               0.215      0.025      8.499      0.000
    L8_1               0.077      0.015      5.103      0.000
    L8_2               0.070      0.033      2.099      0.036


QUALITY OF NUMERICAL RESULTS

     Condition Number for the Information Matrix              0.548E-04
       (ratio of smallest to largest eigenvalue)


     Beginning Time:  15:13:09
        Ending Time:  15:13:11
       Elapsed Time:  00:00:02



MUTHEN & MUTHEN
3463 Stoner Ave.
Los Angeles, CA  90066

Tel: (310) 391-9971
Fax: (310) 391-8971
Web: www.StatModel.com
Support: Support@StatModel.com

Copyright (c) 1998-2019 Muthen & Muthen
