Mplus VERSION 8.3
MUTHEN & MUTHEN
04/24/2024   3:09 PM

INPUT INSTRUCTIONS


  TITLE: Test with 10 reps

  DATA:
  File is
  G2_B2_N2_rep360.csv;

  VARIABLE:
      Names are x1 x2 eta
  	y1 y2 y3 y4 y5 y6 y7 y8 y9 y10;
      Usevariables are y1-y10 x1 x2;
      constraint = x1 x2;

  MODEL:
      f BY y1* (l1);
      f BY y2* (l2);
      f BY y3* (l3);
      f BY y4* (l4);
      f BY y5* (l5);
      f BY y6* (l6);
      f BY y7* (l7);
      f BY y8* (l8);
      f BY y9* (l9);
      f BY y10* (l10);

  y6 ON x1 x2;
  f@1;
  [f@0];

  MODEL CONSTRAINT:
      new (l6_0 l6_1 l6_2);
      l6 = l6_0 + l6_1*x1 + l6_2*x2;




INPUT READING TERMINATED NORMALLY



Test with 10 reps

SUMMARY OF ANALYSIS

Number of groups                                                 1
Number of observations                                         500

Number of dependent variables                                   10
Number of independent variables                                  2
Number of continuous latent variables                            1

Observed dependent variables

  Continuous
   Y1          Y2          Y3          Y4          Y5          Y6
   Y7          Y8          Y9          Y10

Observed independent variables
   X1          X2

Continuous latent variables
   F


Estimator                                                       ML
Information matrix                                        OBSERVED
Maximum number of iterations                                  1000
Convergence criterion                                    0.500D-04
Maximum number of steepest descent iterations                   20

Input data file(s)
  G2_B2_N2_rep360.csv

Input data format  FREE



UNIVARIATE SAMPLE STATISTICS


     UNIVARIATE HIGHER-ORDER MOMENT DESCRIPTIVE STATISTICS

         Variable/         Mean/     Skewness/   Minimum/ % with                Percentiles
        Sample Size      Variance    Kurtosis    Maximum  Min/Max      20%/60%    40%/80%    Median

     Y1                    1.846       0.817       1.000   32.80%       1.000      2.000      2.000
             500.000       0.546       1.179       5.000    0.40%       2.000      2.000
     Y2                    1.842       0.800       1.000   35.40%       1.000      2.000      2.000
             500.000       0.597       0.762       5.000    0.40%       2.000      2.000
     Y3                    3.120      -0.031       1.000    1.00%       2.000      3.000      3.000
             500.000       0.602      -0.296       5.000    2.40%       3.000      4.000
     Y4                    3.108      -0.091       1.000    1.60%       2.000      3.000      3.000
             500.000       0.612      -0.120       5.000    2.40%       3.000      4.000
     Y5                    3.110       0.063       1.000    0.60%       2.000      3.000      3.000
             500.000       0.574      -0.291       5.000    2.40%       3.000      4.000
     Y6                    1.194       3.336       1.000   84.40%       1.000      1.000      1.000
             500.000       0.260      13.845       5.000    0.20%       1.000      1.000
     Y7                    1.182       2.632       1.000   84.40%       1.000      1.000      1.000
             500.000       0.205       7.160       4.000    0.20%       1.000      1.000
     Y8                    1.184       3.120       1.000   83.60%       1.000      1.000      1.000
             500.000       0.206      14.086       5.000    0.20%       1.000      1.000
     Y9                    1.866       0.708       1.000   34.00%       1.000      2.000      2.000
             500.000       0.592       0.557       5.000    0.40%       2.000      2.000
     Y10                   1.856       0.992       1.000   34.80%       1.000      2.000      2.000
             500.000       0.639       1.425       5.000    0.80%       2.000      2.000
     X1                    0.022       0.027      -3.013    0.20%      -0.801     -0.256      0.020
             500.000       0.937       0.168       3.187    0.20%       0.216      0.829
     X2                    0.520      -0.080       0.000   48.00%       0.000      0.000      1.000
             500.000       0.250      -1.994       1.000   52.00%       1.000      1.000


THE MODEL ESTIMATION TERMINATED NORMALLY



MODEL FIT INFORMATION

Number of Free Parameters                       34

Loglikelihood

          H0 Value                       -4009.939

Information Criteria

          Akaike (AIC)                    8087.879
          Bayesian (BIC)                  8231.175
          Sample-Size Adjusted BIC        8123.257
            (n* = (n + 2) / 24)



MODEL RESULTS

                                                    Two-Tailed
                    Estimate       S.E.  Est./S.E.    P-Value

 F        BY
    Y1                 0.515      0.030     17.197      0.000
    Y2                 0.557      0.031     18.001      0.000
    Y3                 0.568      0.031     18.370      0.000
    Y4                 0.550      0.032     17.372      0.000
    Y5                 0.560      0.030     18.615      0.000
    Y6               999.000      0.000    999.000    999.000
    Y7                 0.236      0.020     11.990      0.000
    Y8                 0.253      0.020     12.983      0.000
    Y9                 0.587      0.030     19.505      0.000
    Y10                0.602      0.031     19.133      0.000

 Y6       ON
    X1                 0.026      0.020      1.347      0.178
    X2                 0.003      0.039      0.075      0.940

 Means
    F                  0.000      0.000    999.000    999.000

 Intercepts
    Y1                 1.846      0.033     55.848      0.000
    Y2                 1.842      0.035     53.306      0.000
    Y3                 3.120      0.035     89.947      0.000
    Y4                 3.108      0.035     88.812      0.000
    Y5                 3.110      0.034     91.797      0.000
    Y6                 1.157      0.029     40.163      0.000
    Y7                 1.182      0.020     58.393      0.000
    Y8                 1.184      0.020     58.311      0.000
    Y9                 1.866      0.034     54.228      0.000
    Y10                1.856      0.036     51.907      0.000

 Variances
    F                  1.000      0.000    999.000    999.000

 Residual Variances
    Y1                 0.281      0.020     14.199      0.000
    Y2                 0.287      0.021     13.989      0.000
    Y3                 0.279      0.020     13.844      0.000
    Y4                 0.310      0.022     14.158      0.000
    Y5                 0.261      0.019     13.745      0.000
    Y6                 0.160      0.011     14.584      0.000
    Y7                 0.149      0.010     15.169      0.000
    Y8                 0.142      0.009     15.052      0.000
    Y9                 0.247      0.018     13.428      0.000
    Y10                0.277      0.020     13.603      0.000

New/Additional Parameters
    L6_0               0.182      0.031      5.818      0.000
    L6_1               0.063      0.021      3.057      0.002
    L6_2               0.174      0.042      4.175      0.000


QUALITY OF NUMERICAL RESULTS

     Condition Number for the Information Matrix              0.876E-04
       (ratio of smallest to largest eigenvalue)


     Beginning Time:  15:09:18
        Ending Time:  15:09:20
       Elapsed Time:  00:00:02



MUTHEN & MUTHEN
3463 Stoner Ave.
Los Angeles, CA  90066

Tel: (310) 391-9971
Fax: (310) 391-8971
Web: www.StatModel.com
Support: Support@StatModel.com

Copyright (c) 1998-2019 Muthen & Muthen
