Mplus VERSION 8.3
MUTHEN & MUTHEN
04/24/2024   3:16 PM

INPUT INSTRUCTIONS


  TITLE: Test with 10 reps

  DATA:
  File is
  G2_B2_N2_rep384.csv;

  VARIABLE:
      Names are x1 x2 eta
  	y1 y2 y3 y4 y5 y6 y7 y8 y9 y10;
      Usevariables are y1-y10 x1 x2;
      constraint = x1 x2;

  MODEL:
      f BY y1* (l1);
      f BY y2* (l2);
      f BY y3* (l3);
      f BY y4* (l4);
      f BY y5* (l5);
      f BY y6* (l6);
      f BY y7* (l7);
      f BY y8* (l8);
      f BY y9* (l9);
      f BY y10* (l10);

  y5 ON x1 x2;
  f@1;
  [f@0];

  MODEL CONSTRAINT:
      new (l5_0 l5_1 l5_2);
      l5 = l5_0 + l5_1*x1 + l5_2*x2;




INPUT READING TERMINATED NORMALLY



Test with 10 reps

SUMMARY OF ANALYSIS

Number of groups                                                 1
Number of observations                                         500

Number of dependent variables                                   10
Number of independent variables                                  2
Number of continuous latent variables                            1

Observed dependent variables

  Continuous
   Y1          Y2          Y3          Y4          Y5          Y6
   Y7          Y8          Y9          Y10

Observed independent variables
   X1          X2

Continuous latent variables
   F


Estimator                                                       ML
Information matrix                                        OBSERVED
Maximum number of iterations                                  1000
Convergence criterion                                    0.500D-04
Maximum number of steepest descent iterations                   20

Input data file(s)
  G2_B2_N2_rep384.csv

Input data format  FREE



UNIVARIATE SAMPLE STATISTICS


     UNIVARIATE HIGHER-ORDER MOMENT DESCRIPTIVE STATISTICS

         Variable/         Mean/     Skewness/   Minimum/ % with                Percentiles
        Sample Size      Variance    Kurtosis    Maximum  Min/Max      20%/60%    40%/80%    Median

     Y1                    1.840       0.818       1.000   35.00%       1.000      2.000      2.000
             500.000       0.582       1.053       5.000    0.60%       2.000      2.000
     Y2                    1.844       0.836       1.000   34.40%       1.000      2.000      2.000
             500.000       0.584       0.977       5.000    0.40%       2.000      2.000
     Y3                    3.130       0.120       1.000    0.60%       3.000      3.000      3.000
             500.000       0.589      -0.194       5.000    3.20%       3.000      4.000
     Y4                    3.122       0.020       1.000    1.00%       3.000      3.000      3.000
             500.000       0.567      -0.018       5.000    2.60%       3.000      4.000
     Y5                    3.142      -0.089       1.000    1.40%       3.000      3.000      3.000
             500.000       0.590      -0.008       5.000    2.60%       3.000      4.000
     Y6                    1.188       2.557       1.000   83.80%       1.000      1.000      1.000
             500.000       0.209       6.722       4.000    0.20%       1.000      1.000
     Y7                    1.142       2.821       1.000   86.60%       1.000      1.000      1.000
             500.000       0.142       9.468       4.000    0.20%       1.000      1.000
     Y8                    1.190       3.092       1.000   84.20%       1.000      1.000      1.000
             500.000       0.234      12.357       5.000    0.20%       1.000      1.000
     Y9                    1.864       0.851       1.000   32.80%       1.000      2.000      2.000
             500.000       0.586       1.067       5.000    0.40%       2.000      2.000
     Y10                   1.874       0.822       1.000   32.60%       1.000      2.000      2.000
             500.000       0.594       0.941       5.000    0.40%       2.000      2.000
     X1                    0.081      -0.063      -2.782    0.20%      -0.780     -0.162      0.106
             500.000       0.983      -0.047       2.896    0.20%       0.380      0.906
     X2                    0.494       0.024       0.000   50.60%       0.000      0.000      0.000
             500.000       0.250      -1.999       1.000   49.40%       1.000      1.000


THE MODEL ESTIMATION TERMINATED NORMALLY



MODEL FIT INFORMATION

Number of Free Parameters                       34

Loglikelihood

          H0 Value                       -3822.243

Information Criteria

          Akaike (AIC)                    7712.486
          Bayesian (BIC)                  7855.783
          Sample-Size Adjusted BIC        7747.865
            (n* = (n + 2) / 24)



MODEL RESULTS

                                                    Two-Tailed
                    Estimate       S.E.  Est./S.E.    P-Value

 F        BY
    Y1                 0.564      0.030     18.650      0.000
    Y2                 0.532      0.031     17.213      0.000
    Y3                 0.565      0.030     18.544      0.000
    Y4                 0.574      0.029     19.481      0.000
    Y5               999.000      0.000    999.000    999.000
    Y6                 0.277      0.019     14.351      0.000
    Y7                 0.226      0.016     14.188      0.000
    Y8                 0.283      0.021     13.728      0.000
    Y9                 0.564      0.030     18.610      0.000
    Y10                0.559      0.031     18.175      0.000

 Y5       ON
    X1                 0.032      0.026      1.242      0.214
    X2                 0.014      0.051      0.282      0.778

 Means
    F                  0.000      0.000    999.000    999.000

 Intercepts
    Y1                 1.840      0.034     53.913      0.000
    Y2                 1.844      0.034     53.971      0.000
    Y3                 3.130      0.034     91.187      0.000
    Y4                 3.122      0.034     92.700      0.000
    Y5                 3.143      0.045     69.734      0.000
    Y6                 1.188      0.020     58.155      0.000
    Y7                 1.142      0.017     67.804      0.000
    Y8                 1.190      0.022     55.020      0.000
    Y9                 1.864      0.034     54.471      0.000
    Y10                1.874      0.034     54.365      0.000

 Variances
    F                  1.000      0.000    999.000    999.000

 Residual Variances
    Y1                 0.265      0.019     13.854      0.000
    Y2                 0.300      0.021     14.263      0.000
    Y3                 0.270      0.019     13.876      0.000
    Y4                 0.238      0.018     13.534      0.000
    Y5                 0.269      0.019     13.808      0.000
    Y6                 0.132      0.009     14.847      0.000
    Y7                 0.091      0.006     14.870      0.000
    Y8                 0.154      0.010     14.937      0.000
    Y9                 0.267      0.019     13.854      0.000
    Y10                0.282      0.020     13.989      0.000

New/Additional Parameters
    L5_0               0.609      0.045     13.474      0.000
    L5_1               0.005      0.026      0.207      0.836
    L5_2              -0.101      0.054     -1.871      0.061


QUALITY OF NUMERICAL RESULTS

     Condition Number for the Information Matrix              0.366E-04
       (ratio of smallest to largest eigenvalue)


     Beginning Time:  15:16:20
        Ending Time:  15:16:21
       Elapsed Time:  00:00:01



MUTHEN & MUTHEN
3463 Stoner Ave.
Los Angeles, CA  90066

Tel: (310) 391-9971
Fax: (310) 391-8971
Web: www.StatModel.com
Support: Support@StatModel.com

Copyright (c) 1998-2019 Muthen & Muthen
