Mplus VERSION 8.3
MUTHEN & MUTHEN
04/24/2024   2:53 PM

INPUT INSTRUCTIONS


  TITLE: Test with 10 reps

  DATA:
  File is
  G2_B2_N2_rep31.csv;

  VARIABLE:
      Names are x1 x2 eta
  	y1 y2 y3 y4 y5 y6 y7 y8 y9 y10;
      Usevariables are y1-y10 x1 x2;
      constraint = x1 x2;

  MODEL:
      f BY y1* (l1);
      f BY y2* (l2);
      f BY y3* (l3);
      f BY y4* (l4);
      f BY y5* (l5);
      f BY y6* (l6);
      f BY y7* (l7);
      f BY y8* (l8);
      f BY y9* (l9);
      f BY y10* (l10);

  y8 ON x1 x2;
  f@1;
  [f@0];

  MODEL CONSTRAINT:
      new (l8_0 l8_1 l8_2);
      l8 = l8_0 + l8_1*x1 + l8_2*x2;




INPUT READING TERMINATED NORMALLY



Test with 10 reps

SUMMARY OF ANALYSIS

Number of groups                                                 1
Number of observations                                         500

Number of dependent variables                                   10
Number of independent variables                                  2
Number of continuous latent variables                            1

Observed dependent variables

  Continuous
   Y1          Y2          Y3          Y4          Y5          Y6
   Y7          Y8          Y9          Y10

Observed independent variables
   X1          X2

Continuous latent variables
   F


Estimator                                                       ML
Information matrix                                        OBSERVED
Maximum number of iterations                                  1000
Convergence criterion                                    0.500D-04
Maximum number of steepest descent iterations                   20

Input data file(s)
  G2_B2_N2_rep31.csv

Input data format  FREE



UNIVARIATE SAMPLE STATISTICS


     UNIVARIATE HIGHER-ORDER MOMENT DESCRIPTIVE STATISTICS

         Variable/         Mean/     Skewness/   Minimum/ % with                Percentiles
        Sample Size      Variance    Kurtosis    Maximum  Min/Max      20%/60%    40%/80%    Median

     Y1                    1.884       0.683       1.000   30.00%       1.000      2.000      2.000
             500.000       0.527       0.961       5.000    0.40%       2.000      2.000
     Y2                    1.882       0.781       1.000   33.00%       1.000      2.000      2.000
             500.000       0.616       0.574       5.000    0.20%       2.000      2.000
     Y3                    3.128      -0.153       1.000    1.40%       3.000      3.000      3.000
             500.000       0.556       0.024       5.000    1.80%       3.000      4.000
     Y4                    3.106       0.045       1.000    1.00%       2.000      3.000      3.000
             500.000       0.603      -0.192       5.000    2.80%       3.000      4.000
     Y5                    3.164       0.047       1.000    1.00%       3.000      3.000      3.000
             500.000       0.553       0.208       5.000    3.20%       3.000      4.000
     Y6                    1.182       2.570       1.000   84.00%       1.000      1.000      1.000
             500.000       0.197       6.968       4.000    0.20%       1.000      1.000
     Y7                    1.194       2.769       1.000   83.20%       1.000      1.000      1.000
             500.000       0.220       9.037       4.000    0.60%       1.000      1.000
     Y8                    1.164       2.356       1.000   84.80%       1.000      1.000      1.000
             500.000       0.161       4.912       3.000    1.20%       1.000      1.000
     Y9                    1.890       0.542       1.000   30.40%       1.000      2.000      2.000
             500.000       0.534       0.116       4.000    2.40%       2.000      2.000
     Y10                   1.872       0.754       1.000   32.80%       1.000      2.000      2.000
             500.000       0.588       0.614       5.000    0.20%       2.000      2.000
     X1                    0.006       0.007      -2.815    0.20%      -0.812     -0.218     -0.004
             500.000       0.960      -0.028       3.026    0.20%       0.244      0.808
     X2                    0.510      -0.040       0.000   49.00%       0.000      0.000      1.000
             500.000       0.250      -1.998       1.000   51.00%       1.000      1.000


THE MODEL ESTIMATION TERMINATED NORMALLY



MODEL FIT INFORMATION

Number of Free Parameters                       34

Loglikelihood

          H0 Value                       -3725.214

Information Criteria

          Akaike (AIC)                    7518.429
          Bayesian (BIC)                  7661.725
          Sample-Size Adjusted BIC        7553.807
            (n* = (n + 2) / 24)



MODEL RESULTS

                                                    Two-Tailed
                    Estimate       S.E.  Est./S.E.    P-Value

 F        BY
    Y1                 0.521      0.029     17.940      0.000
    Y2                 0.577      0.031     18.547      0.000
    Y3                 0.532      0.030     17.784      0.000
    Y4                 0.566      0.031     18.323      0.000
    Y5                 0.541      0.030     18.273      0.000
    Y6                 0.286      0.018     15.510      0.000
    Y7                 0.288      0.020     14.623      0.000
    Y8               999.000      0.000    999.000    999.000
    Y9                 0.546      0.029     18.957      0.000
    Y10                0.580      0.030     19.307      0.000

 Y8       ON
    X1                 0.003      0.015      0.175      0.861
    X2                -0.004      0.030     -0.145      0.885

 Means
    F                  0.000      0.000    999.000    999.000

 Intercepts
    Y1                 1.884      0.032     58.056      0.000
    Y2                 1.882      0.035     53.615      0.000
    Y3                 3.128      0.033     93.835      0.000
    Y4                 3.106      0.035     89.457      0.000
    Y5                 3.164      0.033     95.130      0.000
    Y6                 1.182      0.020     59.567      0.000
    Y7                 1.194      0.021     56.875      0.000
    Y8                 1.145      0.022     52.277      0.000
    Y9                 1.890      0.033     57.839      0.000
    Y10                1.872      0.034     54.607      0.000

 Variances
    F                  1.000      0.000    999.000    999.000

 Residual Variances
    Y1                 0.255      0.018     14.135      0.000
    Y2                 0.283      0.020     13.941      0.000
    Y3                 0.273      0.019     14.139      0.000
    Y4                 0.282      0.020     13.994      0.000
    Y5                 0.260      0.019     14.010      0.000
    Y6                 0.115      0.008     14.654      0.000
    Y7                 0.137      0.009     14.840      0.000
    Y8                 0.093      0.006     14.678      0.000
    Y9                 0.236      0.017     13.796      0.000
    Y10                0.251      0.018     13.692      0.000

New/Additional Parameters
    L8_0               0.172      0.024      7.063      0.000
    L8_1               0.047      0.015      3.043      0.002
    L8_2               0.119      0.032      3.750      0.000


QUALITY OF NUMERICAL RESULTS

     Condition Number for the Information Matrix              0.390E-04
       (ratio of smallest to largest eigenvalue)


     Beginning Time:  14:53:40
        Ending Time:  14:53:42
       Elapsed Time:  00:00:02



MUTHEN & MUTHEN
3463 Stoner Ave.
Los Angeles, CA  90066

Tel: (310) 391-9971
Fax: (310) 391-8971
Web: www.StatModel.com
Support: Support@StatModel.com

Copyright (c) 1998-2019 Muthen & Muthen
