Mplus VERSION 8.3
MUTHEN & MUTHEN
04/24/2024   3:02 PM

INPUT INSTRUCTIONS


  TITLE: Test with 10 reps

  DATA:
  File is
  G2_B2_N2_rep338.csv;

  VARIABLE:
      Names are x1 x2 eta
  	y1 y2 y3 y4 y5 y6 y7 y8 y9 y10;
      Usevariables are y1-y10 x1 x2;
      constraint = x1 x2;

  MODEL:
      f BY y1* (l1);
      f BY y2* (l2);
      f BY y3* (l3);
      f BY y4* (l4);
      f BY y5* (l5);
      f BY y6* (l6);
      f BY y7* (l7);
      f BY y8* (l8);
      f BY y9* (l9);
      f BY y10* (l10);

  y1 ON x1 x2;
  f@1;
  [f@0];

  MODEL CONSTRAINT:
      new (l1_0 l1_1 l1_2);
      l1 = l1_0 + l1_1*x1 + l1_2*x2;




INPUT READING TERMINATED NORMALLY



Test with 10 reps

SUMMARY OF ANALYSIS

Number of groups                                                 1
Number of observations                                         500

Number of dependent variables                                   10
Number of independent variables                                  2
Number of continuous latent variables                            1

Observed dependent variables

  Continuous
   Y1          Y2          Y3          Y4          Y5          Y6
   Y7          Y8          Y9          Y10

Observed independent variables
   X1          X2

Continuous latent variables
   F


Estimator                                                       ML
Information matrix                                        OBSERVED
Maximum number of iterations                                  1000
Convergence criterion                                    0.500D-04
Maximum number of steepest descent iterations                   20

Input data file(s)
  G2_B2_N2_rep338.csv

Input data format  FREE



UNIVARIATE SAMPLE STATISTICS


     UNIVARIATE HIGHER-ORDER MOMENT DESCRIPTIVE STATISTICS

         Variable/         Mean/     Skewness/   Minimum/ % with                Percentiles
        Sample Size      Variance    Kurtosis    Maximum  Min/Max      20%/60%    40%/80%    Median

     Y1                    1.824       0.532       1.000   35.40%       1.000      2.000      2.000
             500.000       0.533      -0.179       4.000    1.60%       2.000      2.000
     Y2                    1.860       0.745       1.000   32.80%       1.000      2.000      2.000
             500.000       0.564       0.686       5.000    0.20%       2.000      2.000
     Y3                    3.138       0.008       1.000    0.80%       3.000      3.000      3.000
             500.000       0.523       0.073       5.000    2.20%       3.000      4.000
     Y4                    3.158       0.049       2.000   15.40%       3.000      3.000      3.000
             500.000       0.469      -0.358       5.000    1.40%       3.000      4.000
     Y5                    3.110      -0.006       1.000    0.40%       3.000      3.000      3.000
             500.000       0.518      -0.356       5.000    1.40%       3.000      4.000
     Y6                    1.178       2.505       1.000   83.80%       1.000      1.000      1.000
             500.000       0.182       6.853       4.000    0.20%       1.000      1.000
     Y7                    1.178       2.116       1.000   83.20%       1.000      1.000      1.000
             500.000       0.166       3.622       3.000    1.00%       1.000      1.000
     Y8                    1.188       2.129       1.000   82.60%       1.000      1.000      1.000
             500.000       0.181       3.787       3.000    1.40%       1.000      1.000
     Y9                    1.840       0.765       1.000   33.60%       1.000      2.000      2.000
             500.000       0.550       0.785       5.000    0.20%       2.000      2.000
     Y10                   1.862       0.773       1.000   33.60%       1.000      2.000      2.000
             500.000       0.587       0.792       5.000    0.40%       2.000      2.000
     X1                    0.008      -0.027      -3.109    0.20%      -0.786     -0.237      0.059
             500.000       0.974       0.082       3.048    0.20%       0.238      0.790
     X2                    0.488       0.048       0.000   51.20%       0.000      0.000      0.000
             500.000       0.250      -1.998       1.000   48.80%       1.000      1.000


THE MODEL ESTIMATION TERMINATED NORMALLY



MODEL FIT INFORMATION

Number of Free Parameters                       34

Loglikelihood

          H0 Value                       -3594.723

Information Criteria

          Akaike (AIC)                    7257.445
          Bayesian (BIC)                  7400.742
          Sample-Size Adjusted BIC        7292.824
            (n* = (n + 2) / 24)



MODEL RESULTS

                                                    Two-Tailed
                    Estimate       S.E.  Est./S.E.    P-Value

 F        BY
    Y1               999.000      0.000    999.000    999.000
    Y2                 0.579      0.029     19.824      0.000
    Y3                 0.506      0.029     17.319      0.000
    Y4                 0.468      0.028     16.778      0.000
    Y5                 0.533      0.028     18.733      0.000
    Y6                 0.249      0.018     13.691      0.000
    Y7                 0.252      0.017     14.726      0.000
    Y8                 0.264      0.018     14.800      0.000
    Y9                 0.540      0.030     18.258      0.000
    Y10                0.587      0.030     19.634      0.000

 Y1       ON
    X1                 0.016      0.025      0.635      0.526
    X2                -0.022      0.048     -0.447      0.655

 Means
    F                  0.000      0.000    999.000    999.000

 Intercepts
    Y1                 1.831      0.040     45.834      0.000
    Y2                 1.860      0.034     55.361      0.000
    Y3                 3.138      0.032     97.030      0.000
    Y4                 3.158      0.031    103.108      0.000
    Y5                 3.110      0.032     96.632      0.000
    Y6                 1.178      0.019     61.690      0.000
    Y7                 1.178      0.018     64.590      0.000
    Y8                 1.188      0.019     62.499      0.000
    Y9                 1.840      0.033     55.458      0.000
    Y10                1.862      0.034     54.345      0.000

 Variances
    F                  1.000      0.000    999.000    999.000

 Residual Variances
    Y1                 0.244      0.018     13.927      0.000
    Y2                 0.229      0.017     13.445      0.000
    Y3                 0.267      0.019     14.266      0.000
    Y4                 0.250      0.017     14.412      0.000
    Y5                 0.234      0.017     13.853      0.000
    Y6                 0.120      0.008     14.974      0.000
    Y7                 0.103      0.007     14.810      0.000
    Y8                 0.111      0.008     14.788      0.000
    Y9                 0.259      0.019     14.002      0.000
    Y10                0.243      0.018     13.516      0.000

New/Additional Parameters
    L1_0               0.493      0.042     11.822      0.000
    L1_1              -0.022      0.024     -0.891      0.373
    L1_2               0.078      0.051      1.538      0.124


QUALITY OF NUMERICAL RESULTS

     Condition Number for the Information Matrix              0.473E-04
       (ratio of smallest to largest eigenvalue)


     Beginning Time:  15:02:03
        Ending Time:  15:02:05
       Elapsed Time:  00:00:02



MUTHEN & MUTHEN
3463 Stoner Ave.
Los Angeles, CA  90066

Tel: (310) 391-9971
Fax: (310) 391-8971
Web: www.StatModel.com
Support: Support@StatModel.com

Copyright (c) 1998-2019 Muthen & Muthen
