Mplus VERSION 8.3
MUTHEN & MUTHEN
04/24/2024   3:13 PM

INPUT INSTRUCTIONS


  TITLE: Test with 10 reps

  DATA:
  File is
  G2_B2_N2_rep375.csv;

  VARIABLE:
      Names are x1 x2 eta
  	y1 y2 y3 y4 y5 y6 y7 y8 y9 y10;
      Usevariables are y1-y10 x1 x2;
      constraint = x1 x2;

  MODEL:
      f BY y1* (l1);
      f BY y2* (l2);
      f BY y3* (l3);
      f BY y4* (l4);
      f BY y5* (l5);
      f BY y6* (l6);
      f BY y7* (l7);
      f BY y8* (l8);
      f BY y9* (l9);
      f BY y10* (l10);

  y10 ON x1 x2;
  f@1;
  [f@0];

  MODEL CONSTRAINT:
      new (l10_0 l10_1 l10_2);
      l10 = l10_0 + l10_1*x1 + l10_2*x2;




INPUT READING TERMINATED NORMALLY



Test with 10 reps

SUMMARY OF ANALYSIS

Number of groups                                                 1
Number of observations                                         500

Number of dependent variables                                   10
Number of independent variables                                  2
Number of continuous latent variables                            1

Observed dependent variables

  Continuous
   Y1          Y2          Y3          Y4          Y5          Y6
   Y7          Y8          Y9          Y10

Observed independent variables
   X1          X2

Continuous latent variables
   F


Estimator                                                       ML
Information matrix                                        OBSERVED
Maximum number of iterations                                  1000
Convergence criterion                                    0.500D-04
Maximum number of steepest descent iterations                   20

Input data file(s)
  G2_B2_N2_rep375.csv

Input data format  FREE



UNIVARIATE SAMPLE STATISTICS


     UNIVARIATE HIGHER-ORDER MOMENT DESCRIPTIVE STATISTICS

         Variable/         Mean/     Skewness/   Minimum/ % with                Percentiles
        Sample Size      Variance    Kurtosis    Maximum  Min/Max      20%/60%    40%/80%    Median

     Y1                    1.878       0.650       1.000   31.20%       1.000      2.000      2.000
             500.000       0.539       0.740       5.000    0.40%       2.000      2.000
     Y2                    1.872       0.822       1.000   32.20%       1.000      2.000      2.000
             500.000       0.576       1.198       5.000    0.60%       2.000      2.000
     Y3                    3.142      -0.134       1.000    1.40%       3.000      3.000      3.000
             500.000       0.578      -0.025       5.000    2.20%       3.000      4.000
     Y4                    3.202      -0.055       1.000    0.80%       3.000      3.000      3.000
             500.000       0.577      -0.147       5.000    3.00%       3.000      4.000
     Y5                    3.132      -0.112       1.000    0.80%       3.000      3.000      3.000
             500.000       0.527      -0.204       5.000    1.40%       3.000      4.000
     Y6                    1.174       3.289       1.000   84.80%       1.000      1.000      1.000
             500.000       0.204      15.158       5.000    0.20%       1.000      1.000
     Y7                    1.184       2.680       1.000   83.60%       1.000      1.000      1.000
             500.000       0.198       8.427       4.000    0.40%       1.000      1.000
     Y8                    1.164       2.420       1.000   85.00%       1.000      1.000      1.000
             500.000       0.165       5.295       3.000    1.40%       1.000      1.000
     Y9                    1.872       0.805       1.000   32.00%       1.000      2.000      2.000
             500.000       0.568       1.197       5.000    0.60%       2.000      2.000
     Y10                   1.882       0.635       1.000   31.00%       1.000      2.000      2.000
             500.000       0.548       0.321       4.000    3.00%       2.000      2.000
     X1                    0.024       0.075      -3.636    0.20%      -0.806     -0.219      0.025
             500.000       0.989       0.543       4.454    0.20%       0.279      0.860
     X2                    0.544      -0.177       0.000   45.60%       0.000      0.000      1.000
             500.000       0.248      -1.969       1.000   54.40%       1.000      1.000


THE MODEL ESTIMATION TERMINATED NORMALLY



MODEL FIT INFORMATION

Number of Free Parameters                       34

Loglikelihood

          H0 Value                       -3774.084

Information Criteria

          Akaike (AIC)                    7616.168
          Bayesian (BIC)                  7759.464
          Sample-Size Adjusted BIC        7651.546
            (n* = (n + 2) / 24)



MODEL RESULTS

                                                    Two-Tailed
                    Estimate       S.E.  Est./S.E.    P-Value

 F        BY
    Y1                 0.529      0.029     17.980      0.000
    Y2                 0.569      0.030     19.057      0.000
    Y3                 0.535      0.031     17.420      0.000
    Y4                 0.542      0.031     17.750      0.000
    Y5                 0.514      0.029     17.555      0.000
    Y6                 0.268      0.019     13.977      0.000
    Y7                 0.242      0.019     12.561      0.000
    Y8                 0.232      0.017     13.300      0.000
    Y9                 0.590      0.029     20.240      0.000
    Y10              999.000      0.000    999.000    999.000

 Y10      ON
    X1                -0.016      0.024     -0.667      0.505
    X2                -0.018      0.049     -0.365      0.715

 Means
    F                  0.000      0.000    999.000    999.000

 Intercepts
    Y1                 1.878      0.033     57.193      0.000
    Y2                 1.872      0.034     55.173      0.000
    Y3                 3.142      0.034     92.425      0.000
    Y4                 3.202      0.034     94.242      0.000
    Y5                 3.132      0.032     96.511      0.000
    Y6                 1.174      0.020     58.161      0.000
    Y7                 1.184      0.020     59.477      0.000
    Y8                 1.164      0.018     64.056      0.000
    Y9                 1.872      0.034     55.560      0.000
    Y10                1.894      0.045     42.423      0.000

 Variances
    F                  1.000      0.000    999.000    999.000

 Residual Variances
    Y1                 0.260      0.019     14.029      0.000
    Y2                 0.251      0.018     13.662      0.000
    Y3                 0.292      0.021     14.160      0.000
    Y4                 0.284      0.020     14.082      0.000
    Y5                 0.263      0.019     14.121      0.000
    Y6                 0.132      0.009     14.874      0.000
    Y7                 0.140      0.009     15.099      0.000
    Y8                 0.111      0.007     14.979      0.000
    Y9                 0.220      0.017     13.170      0.000
    Y10                0.250      0.018     13.774      0.000

New/Additional Parameters
    L10_0              0.593      0.044     13.597      0.000
    L10_1              0.031      0.025      1.280      0.201
    L10_2             -0.080      0.052     -1.541      0.123


QUALITY OF NUMERICAL RESULTS

     Condition Number for the Information Matrix              0.543E-04
       (ratio of smallest to largest eigenvalue)


     Beginning Time:  15:13:31
        Ending Time:  15:13:32
       Elapsed Time:  00:00:01



MUTHEN & MUTHEN
3463 Stoner Ave.
Los Angeles, CA  90066

Tel: (310) 391-9971
Fax: (310) 391-8971
Web: www.StatModel.com
Support: Support@StatModel.com

Copyright (c) 1998-2019 Muthen & Muthen
