Mplus VERSION 8.3
MUTHEN & MUTHEN
04/24/2024   3:01 PM

INPUT INSTRUCTIONS


  TITLE: Test with 10 reps

  DATA:
  File is
  G2_B2_N2_rep336.csv;

  VARIABLE:
      Names are x1 x2 eta
  	y1 y2 y3 y4 y5 y6 y7 y8 y9 y10;
      Usevariables are y1-y10 x1 x2;
      constraint = x1 x2;

  MODEL:
      f BY y1* (l1);
      f BY y2* (l2);
      f BY y3* (l3);
      f BY y4* (l4);
      f BY y5* (l5);
      f BY y6* (l6);
      f BY y7* (l7);
      f BY y8* (l8);
      f BY y9* (l9);
      f BY y10* (l10);

  y5 ON x1 x2;
  f@1;
  [f@0];

  MODEL CONSTRAINT:
      new (l5_0 l5_1 l5_2);
      l5 = l5_0 + l5_1*x1 + l5_2*x2;




INPUT READING TERMINATED NORMALLY



Test with 10 reps

SUMMARY OF ANALYSIS

Number of groups                                                 1
Number of observations                                         500

Number of dependent variables                                   10
Number of independent variables                                  2
Number of continuous latent variables                            1

Observed dependent variables

  Continuous
   Y1          Y2          Y3          Y4          Y5          Y6
   Y7          Y8          Y9          Y10

Observed independent variables
   X1          X2

Continuous latent variables
   F


Estimator                                                       ML
Information matrix                                        OBSERVED
Maximum number of iterations                                  1000
Convergence criterion                                    0.500D-04
Maximum number of steepest descent iterations                   20

Input data file(s)
  G2_B2_N2_rep336.csv

Input data format  FREE



UNIVARIATE SAMPLE STATISTICS


     UNIVARIATE HIGHER-ORDER MOMENT DESCRIPTIVE STATISTICS

         Variable/         Mean/     Skewness/   Minimum/ % with                Percentiles
        Sample Size      Variance    Kurtosis    Maximum  Min/Max      20%/60%    40%/80%    Median

     Y1                    1.806       0.566       1.000   35.40%       1.000      2.000      2.000
             500.000       0.508       0.022       4.000    1.60%       2.000      2.000
     Y2                    1.792       0.557       1.000   36.00%       1.000      2.000      2.000
             500.000       0.497      -0.003       4.000    1.40%       2.000      2.000
     Y3                    3.082       0.031       1.000    0.80%       3.000      3.000      3.000
             500.000       0.527      -0.048       5.000    1.80%       3.000      4.000
     Y4                    3.112       0.023       1.000    0.80%       3.000      3.000      3.000
             500.000       0.551      -0.112       5.000    2.20%       3.000      4.000
     Y5                    3.076       0.009       1.000    1.00%       3.000      3.000      3.000
             500.000       0.526       0.065       5.000    1.80%       3.000      4.000
     Y6                    1.158       2.196       1.000   84.80%       1.000      1.000      1.000
             500.000       0.145       3.797       3.000    0.60%       1.000      1.000
     Y7                    1.156       2.954       1.000   85.60%       1.000      1.000      1.000
             500.000       0.164      11.091       4.000    0.40%       1.000      1.000
     Y8                    1.160       2.171       1.000   84.60%       1.000      1.000      1.000
             500.000       0.146       3.673       3.000    0.60%       1.000      1.000
     Y9                    1.758       0.516       1.000   39.00%       1.000      2.000      2.000
             500.000       0.495      -0.366       4.000    0.80%       2.000      2.000
     Y10                   1.814       0.681       1.000   34.40%       1.000      2.000      2.000
             500.000       0.515       0.453       4.000    2.40%       2.000      2.000
     X1                   -0.040       0.165      -3.057    0.20%      -0.895     -0.369     -0.039
             500.000       1.059       0.225       3.680    0.20%       0.164      0.803
     X2                    0.452       0.193       0.000   54.80%       0.000      0.000      0.000
             500.000       0.248      -1.963       1.000   45.20%       1.000      1.000


THE MODEL ESTIMATION TERMINATED NORMALLY



MODEL FIT INFORMATION

Number of Free Parameters                       34

Loglikelihood

          H0 Value                       -3457.990

Information Criteria

          Akaike (AIC)                    6983.981
          Bayesian (BIC)                  7127.277
          Sample-Size Adjusted BIC        7019.359
            (n* = (n + 2) / 24)



MODEL RESULTS

                                                    Two-Tailed
                    Estimate       S.E.  Est./S.E.    P-Value

 F        BY
    Y1                 0.515      0.029     18.068      0.000
    Y2                 0.516      0.028     18.372      0.000
    Y3                 0.527      0.029     18.176      0.000
    Y4                 0.550      0.029     18.697      0.000
    Y5               999.000      0.000    999.000    999.000
    Y6                 0.227      0.016     14.022      0.000
    Y7                 0.228      0.017     13.160      0.000
    Y8                 0.240      0.016     14.969      0.000
    Y9                 0.496      0.028     17.471      0.000
    Y10                0.527      0.029     18.469      0.000

 Y5       ON
    X1                 0.038      0.023      1.612      0.107
    X2                 0.048      0.048      0.995      0.320

 Means
    F                  0.000      0.000    999.000    999.000

 Intercepts
    Y1                 1.806      0.032     56.639      0.000
    Y2                 1.792      0.032     56.854      0.000
    Y3                 3.082      0.032     94.907      0.000
    Y4                 3.112      0.033     93.706      0.000
    Y5                 3.067      0.039     78.684      0.000
    Y6                 1.158      0.017     67.992      0.000
    Y7                 1.156      0.018     63.895      0.000
    Y8                 1.160      0.017     67.791      0.000
    Y9                 1.758      0.031     55.848      0.000
    Y10                1.814      0.032     56.500      0.000

 Variances
    F                  1.000      0.000    999.000    999.000

 Residual Variances
    Y1                 0.243      0.017     13.987      0.000
    Y2                 0.231      0.017     13.878      0.000
    Y3                 0.250      0.018     13.955      0.000
    Y4                 0.249      0.018     13.769      0.000
    Y5                 0.239      0.017     13.850      0.000
    Y6                 0.094      0.006     14.839      0.000
    Y7                 0.111      0.007     15.002      0.000
    Y8                 0.089      0.006     14.666      0.000
    Y9                 0.249      0.018     14.153      0.000
    Y10                0.238      0.017     13.849      0.000

New/Additional Parameters
    L5_0               0.509      0.039     13.073      0.000
    L5_1              -0.072      0.024     -3.010      0.003
    L5_2               0.026      0.050      0.519      0.604


QUALITY OF NUMERICAL RESULTS

     Condition Number for the Information Matrix              0.353E-04
       (ratio of smallest to largest eigenvalue)


     Beginning Time:  15:01:37
        Ending Time:  15:01:38
       Elapsed Time:  00:00:01



MUTHEN & MUTHEN
3463 Stoner Ave.
Los Angeles, CA  90066

Tel: (310) 391-9971
Fax: (310) 391-8971
Web: www.StatModel.com
Support: Support@StatModel.com

Copyright (c) 1998-2019 Muthen & Muthen
