Mplus VERSION 8.3
MUTHEN & MUTHEN
04/24/2024   3:10 PM

INPUT INSTRUCTIONS


  TITLE: Test with 10 reps

  DATA:
  File is
  G2_B2_N2_rep363.csv;

  VARIABLE:
      Names are x1 x2 eta
  	y1 y2 y3 y4 y5 y6 y7 y8 y9 y10;
      Usevariables are y1-y10 x1 x2;
      constraint = x1 x2;

  MODEL:
      f BY y1* (l1);
      f BY y2* (l2);
      f BY y3* (l3);
      f BY y4* (l4);
      f BY y5* (l5);
      f BY y6* (l6);
      f BY y7* (l7);
      f BY y8* (l8);
      f BY y9* (l9);
      f BY y10* (l10);

  y7 ON x1 x2;
  f@1;
  [f@0];

  MODEL CONSTRAINT:
      new (l7_0 l7_1 l7_2);
      l7 = l7_0 + l7_1*x1 + l7_2*x2;




INPUT READING TERMINATED NORMALLY



Test with 10 reps

SUMMARY OF ANALYSIS

Number of groups                                                 1
Number of observations                                         500

Number of dependent variables                                   10
Number of independent variables                                  2
Number of continuous latent variables                            1

Observed dependent variables

  Continuous
   Y1          Y2          Y3          Y4          Y5          Y6
   Y7          Y8          Y9          Y10

Observed independent variables
   X1          X2

Continuous latent variables
   F


Estimator                                                       ML
Information matrix                                        OBSERVED
Maximum number of iterations                                  1000
Convergence criterion                                    0.500D-04
Maximum number of steepest descent iterations                   20

Input data file(s)
  G2_B2_N2_rep363.csv

Input data format  FREE



UNIVARIATE SAMPLE STATISTICS


     UNIVARIATE HIGHER-ORDER MOMENT DESCRIPTIVE STATISTICS

         Variable/         Mean/     Skewness/   Minimum/ % with                Percentiles
        Sample Size      Variance    Kurtosis    Maximum  Min/Max      20%/60%    40%/80%    Median

     Y1                    1.842       0.759       1.000   33.80%       1.000      2.000      2.000
             500.000       0.553       0.910       5.000    0.40%       2.000      2.000
     Y2                    1.828       0.664       1.000   33.00%       1.000      2.000      2.000
             500.000       0.502       0.726       5.000    0.20%       2.000      2.000
     Y3                    3.170      -0.098       1.000    1.20%       3.000      3.000      3.000
             500.000       0.541       0.189       5.000    2.40%       3.000      4.000
     Y4                    3.128      -0.122       1.000    1.20%       3.000      3.000      3.000
             500.000       0.552      -0.045       5.000    1.80%       3.000      4.000
     Y5                    3.154       0.082       1.000    1.20%       3.000      3.000      3.000
             500.000       0.562       0.353       5.000    3.60%       3.000      4.000
     Y6                    1.156       2.660       1.000   85.40%       1.000      1.000      1.000
             500.000       0.156       8.173       4.000    0.20%       1.000      1.000
     Y7                    1.166       2.394       1.000   84.80%       1.000      1.000      1.000
             500.000       0.166       5.150       3.000    1.40%       1.000      1.000
     Y8                    1.160       2.171       1.000   84.60%       1.000      1.000      1.000
             500.000       0.146       3.673       3.000    0.60%       1.000      1.000
     Y9                    1.862       0.890       1.000   32.00%       1.000      2.000      2.000
             500.000       0.559       1.683       5.000    0.80%       2.000      2.000
     Y10                   1.850       0.530       1.000   31.60%       1.000      2.000      2.000
             500.000       0.491       0.397       5.000    0.20%       2.000      2.000
     X1                    0.051      -0.006      -3.434    0.20%      -0.730     -0.206      0.030
             500.000       0.944       0.459       3.167    0.20%       0.293      0.852
     X2                    0.508      -0.032       0.000   49.20%       0.000      0.000      1.000
             500.000       0.250      -1.999       1.000   50.80%       1.000      1.000


THE MODEL ESTIMATION TERMINATED NORMALLY



MODEL FIT INFORMATION

Number of Free Parameters                       34

Loglikelihood

          H0 Value                       -3639.690

Information Criteria

          Akaike (AIC)                    7347.381
          Bayesian (BIC)                  7490.677
          Sample-Size Adjusted BIC        7382.759
            (n* = (n + 2) / 24)



MODEL RESULTS

                                                    Two-Tailed
                    Estimate       S.E.  Est./S.E.    P-Value

 F        BY
    Y1                 0.498      0.031     16.246      0.000
    Y2                 0.514      0.028     18.081      0.000
    Y3                 0.550      0.029     18.865      0.000
    Y4                 0.534      0.030     17.876      0.000
    Y5                 0.536      0.030     17.743      0.000
    Y6                 0.220      0.017     12.909      0.000
    Y7               999.000      0.000    999.000    999.000
    Y8                 0.230      0.016     14.134      0.000
    Y9                 0.554      0.030     18.646      0.000
    Y10                0.477      0.029     16.606      0.000

 Y7       ON
    X1                -0.007      0.017     -0.421      0.673
    X2                -0.030      0.032     -0.921      0.357

 Means
    F                  0.000      0.000    999.000    999.000

 Intercepts
    Y1                 1.842      0.033     55.386      0.000
    Y2                 1.828      0.032     57.667      0.000
    Y3                 3.170      0.033     96.362      0.000
    Y4                 3.128      0.033     94.174      0.000
    Y5                 3.154      0.034     94.052      0.000
    Y6                 1.156      0.018     65.516      0.000
    Y7                 1.178      0.025     47.377      0.000
    Y8                 1.160      0.017     67.791      0.000
    Y9                 1.862      0.033     55.690      0.000
    Y10                1.850      0.031     59.006      0.000

 Variances
    F                  1.000      0.000    999.000    999.000

 Residual Variances
    Y1                 0.305      0.021     14.329      0.000
    Y2                 0.238      0.017     13.771      0.000
    Y3                 0.239      0.018     13.502      0.000
    Y4                 0.266      0.019     13.850      0.000
    Y5                 0.275      0.020     13.897      0.000
    Y6                 0.107      0.007     14.980      0.000
    Y7                 0.121      0.008     15.073      0.000
    Y8                 0.094      0.006     14.749      0.000
    Y9                 0.252      0.019     13.577      0.000
    Y10                0.264      0.019     14.226      0.000

New/Additional Parameters
    L7_0               0.210      0.026      8.146      0.000
    L7_1               0.022      0.017      1.271      0.204
    L7_2               0.005      0.034      0.158      0.874


QUALITY OF NUMERICAL RESULTS

     Condition Number for the Information Matrix              0.392E-04
       (ratio of smallest to largest eigenvalue)


     Beginning Time:  15:10:08
        Ending Time:  15:10:10
       Elapsed Time:  00:00:02



MUTHEN & MUTHEN
3463 Stoner Ave.
Los Angeles, CA  90066

Tel: (310) 391-9971
Fax: (310) 391-8971
Web: www.StatModel.com
Support: Support@StatModel.com

Copyright (c) 1998-2019 Muthen & Muthen
