Mplus VERSION 8.3
MUTHEN & MUTHEN
04/24/2024   3:24 PM

INPUT INSTRUCTIONS


  TITLE: Test with 10 reps

  DATA:
  File is
  G2_B2_N2_rep411.csv;

  VARIABLE:
      Names are x1 x2 eta
  	y1 y2 y3 y4 y5 y6 y7 y8 y9 y10;
      Usevariables are y1-y10 x1 x2;
      constraint = x1 x2;

  MODEL:
      f BY y1* (l1);
      f BY y2* (l2);
      f BY y3* (l3);
      f BY y4* (l4);
      f BY y5* (l5);
      f BY y6* (l6);
      f BY y7* (l7);
      f BY y8* (l8);
      f BY y9* (l9);
      f BY y10* (l10);

  y1 ON x1 x2;
  f@1;
  [f@0];

  MODEL CONSTRAINT:
      new (l1_0 l1_1 l1_2);
      l1 = l1_0 + l1_1*x1 + l1_2*x2;




INPUT READING TERMINATED NORMALLY



Test with 10 reps

SUMMARY OF ANALYSIS

Number of groups                                                 1
Number of observations                                         500

Number of dependent variables                                   10
Number of independent variables                                  2
Number of continuous latent variables                            1

Observed dependent variables

  Continuous
   Y1          Y2          Y3          Y4          Y5          Y6
   Y7          Y8          Y9          Y10

Observed independent variables
   X1          X2

Continuous latent variables
   F


Estimator                                                       ML
Information matrix                                        OBSERVED
Maximum number of iterations                                  1000
Convergence criterion                                    0.500D-04
Maximum number of steepest descent iterations                   20

Input data file(s)
  G2_B2_N2_rep411.csv

Input data format  FREE



UNIVARIATE SAMPLE STATISTICS


     UNIVARIATE HIGHER-ORDER MOMENT DESCRIPTIVE STATISTICS

         Variable/         Mean/     Skewness/   Minimum/ % with                Percentiles
        Sample Size      Variance    Kurtosis    Maximum  Min/Max      20%/60%    40%/80%    Median

     Y1                    1.878       0.762       1.000   32.80%       1.000      2.000      2.000
             500.000       0.595       0.748       5.000    0.40%       2.000      2.000
     Y2                    1.862       0.727       1.000   33.60%       1.000      2.000      2.000
             500.000       0.579       0.688       5.000    0.40%       2.000      2.000
     Y3                    3.152       0.146       1.000    0.40%       3.000      3.000      3.000
             500.000       0.521       0.029       5.000    2.80%       3.000      4.000
     Y4                    3.148       0.165       1.000    0.60%       3.000      3.000      3.000
             500.000       0.590      -0.077       5.000    3.80%       3.000      4.000
     Y5                    3.112      -0.083       1.000    1.20%       3.000      3.000      3.000
             500.000       0.531       0.109       5.000    1.80%       3.000      4.000
     Y6                    1.170       2.613       1.000   84.60%       1.000      1.000      1.000
             500.000       0.177       7.522       4.000    0.20%       1.000      1.000
     Y7                    1.158       3.223       1.000   86.00%       1.000      1.000      1.000
             500.000       0.181      13.030       4.000    0.60%       1.000      1.000
     Y8                    1.162       2.628       1.000   85.00%       1.000      1.000      1.000
             500.000       0.164       7.839       4.000    0.20%       1.000      1.000
     Y9                    1.886       0.806       1.000   30.80%       1.000      2.000      2.000
             500.000       0.569       1.075       5.000    0.40%       2.000      2.000
     Y10                   1.834       0.672       1.000   35.60%       1.000      2.000      2.000
             500.000       0.574       0.141       4.000    2.80%       2.000      2.000
     X1                    0.050      -0.020      -2.989    0.20%      -0.854     -0.250      0.080
             500.000       1.007      -0.197       2.700    0.20%       0.322      0.892
     X2                    0.488       0.048       0.000   51.20%       0.000      0.000      0.000
             500.000       0.250      -1.998       1.000   48.80%       1.000      1.000


THE MODEL ESTIMATION TERMINATED NORMALLY



MODEL FIT INFORMATION

Number of Free Parameters                       34

Loglikelihood

          H0 Value                       -3688.047

Information Criteria

          Akaike (AIC)                    7444.094
          Bayesian (BIC)                  7587.391
          Sample-Size Adjusted BIC        7479.473
            (n* = (n + 2) / 24)



MODEL RESULTS

                                                    Two-Tailed
                    Estimate       S.E.  Est./S.E.    P-Value

 F        BY
    Y1               999.000      0.000    999.000    999.000
    Y2                 0.541      0.031     17.665      0.000
    Y3                 0.512      0.029     17.635      0.000
    Y4                 0.556      0.031     18.124      0.000
    Y5                 0.518      0.029     17.654      0.000
    Y6                 0.262      0.018     14.867      0.000
    Y7                 0.257      0.018     14.270      0.000
    Y8                 0.268      0.017     16.074      0.000
    Y9                 0.574      0.030     19.423      0.000
    Y10                0.563      0.030     18.770      0.000

 Y1       ON
    X1                 0.017      0.026      0.677      0.498
    X2                 0.048      0.052      0.918      0.358

 Means
    F                  0.000      0.000    999.000    999.000

 Intercepts
    Y1                 1.846      0.042     43.700      0.000
    Y2                 1.862      0.034     54.719      0.000
    Y3                 3.152      0.032     97.655      0.000
    Y4                 3.148      0.034     91.634      0.000
    Y5                 3.112      0.033     95.453      0.000
    Y6                 1.170      0.019     62.167      0.000
    Y7                 1.158      0.019     60.857      0.000
    Y8                 1.162      0.018     64.209      0.000
    Y9                 1.886      0.034     55.907      0.000
    Y10                1.834      0.034     54.108      0.000

 Variances
    F                  1.000      0.000    999.000    999.000

 Residual Variances
    Y1                 0.290      0.021     14.165      0.000
    Y2                 0.287      0.020     14.124      0.000
    Y3                 0.258      0.018     14.121      0.000
    Y4                 0.281      0.020     13.976      0.000
    Y5                 0.263      0.019     14.108      0.000
    Y6                 0.108      0.007     14.730      0.000
    Y7                 0.115      0.008     14.805      0.000
    Y8                 0.092      0.006     14.444      0.000
    Y9                 0.240      0.018     13.559      0.000
    Y10                0.258      0.019     13.794      0.000

New/Additional Parameters
    L1_0               0.503      0.045     11.282      0.000
    L1_1               0.003      0.023      0.112      0.911
    L1_2               0.068      0.055      1.234      0.217


QUALITY OF NUMERICAL RESULTS

     Condition Number for the Information Matrix              0.389E-04
       (ratio of smallest to largest eigenvalue)


     Beginning Time:  15:24:44
        Ending Time:  15:24:47
       Elapsed Time:  00:00:03



MUTHEN & MUTHEN
3463 Stoner Ave.
Los Angeles, CA  90066

Tel: (310) 391-9971
Fax: (310) 391-8971
Web: www.StatModel.com
Support: Support@StatModel.com

Copyright (c) 1998-2019 Muthen & Muthen
