Mplus VERSION 8.3
MUTHEN & MUTHEN
04/24/2024   3:32 PM

INPUT INSTRUCTIONS


  TITLE: Test with 10 reps

  DATA:
  File is
  G2_B2_N2_rep437.csv;

  VARIABLE:
      Names are x1 x2 eta
  	y1 y2 y3 y4 y5 y6 y7 y8 y9 y10;
      Usevariables are y1-y10 x1 x2;
      constraint = x1 x2;

  MODEL:
      f BY y1* (l1);
      f BY y2* (l2);
      f BY y3* (l3);
      f BY y4* (l4);
      f BY y5* (l5);
      f BY y6* (l6);
      f BY y7* (l7);
      f BY y8* (l8);
      f BY y9* (l9);
      f BY y10* (l10);

  y9 ON x1 x2;
  f@1;
  [f@0];

  MODEL CONSTRAINT:
      new (l9_0 l9_1 l9_2);
      l9 = l9_0 + l9_1*x1 + l9_2*x2;




INPUT READING TERMINATED NORMALLY



Test with 10 reps

SUMMARY OF ANALYSIS

Number of groups                                                 1
Number of observations                                         500

Number of dependent variables                                   10
Number of independent variables                                  2
Number of continuous latent variables                            1

Observed dependent variables

  Continuous
   Y1          Y2          Y3          Y4          Y5          Y6
   Y7          Y8          Y9          Y10

Observed independent variables
   X1          X2

Continuous latent variables
   F


Estimator                                                       ML
Information matrix                                        OBSERVED
Maximum number of iterations                                  1000
Convergence criterion                                    0.500D-04
Maximum number of steepest descent iterations                   20

Input data file(s)
  G2_B2_N2_rep437.csv

Input data format  FREE



UNIVARIATE SAMPLE STATISTICS


     UNIVARIATE HIGHER-ORDER MOMENT DESCRIPTIVE STATISTICS

         Variable/         Mean/     Skewness/   Minimum/ % with                Percentiles
        Sample Size      Variance    Kurtosis    Maximum  Min/Max      20%/60%    40%/80%    Median

     Y1                    1.916       0.678       1.000   31.20%       1.000      2.000      2.000
             500.000       0.609       0.501       5.000    0.40%       2.000      2.000
     Y2                    1.956       0.832       1.000   29.60%       1.000      2.000      2.000
             500.000       0.666       0.940       5.000    0.80%       2.000      2.000
     Y3                    3.166      -0.203       1.000    2.60%       3.000      3.000      3.000
             500.000       0.714      -0.115       5.000    3.80%       3.000      4.000
     Y4                    3.118      -0.044       1.000    2.00%       2.000      3.000      3.000
             500.000       0.668      -0.066       5.000    3.60%       3.000      4.000
     Y5                    3.174      -0.107       1.000    2.40%       3.000      3.000      3.000
             500.000       0.664       0.243       5.000    4.40%       3.000      4.000
     Y6                    1.212       2.372       1.000   81.00%       1.000      1.000      1.000
             500.000       0.219       6.434       4.000    0.40%       1.000      1.000
     Y7                    1.216       2.966       1.000   81.60%       1.000      1.000      1.000
             500.000       0.257      11.726       5.000    0.20%       1.000      1.000
     Y8                    1.214       2.811       1.000   82.20%       1.000      1.000      1.000
             500.000       0.260       9.185       4.000    1.00%       1.000      1.000
     Y9                    1.880       0.786       1.000   32.60%       1.000      2.000      2.000
             500.000       0.594       0.976       5.000    0.60%       2.000      2.000
     Y10                   1.894       0.822       1.000   33.20%       1.000      2.000      2.000
             500.000       0.643       0.830       5.000    0.60%       2.000      2.000
     X1                   -0.030       0.047      -3.522    0.20%      -0.832     -0.306     -0.076
             500.000       0.942       0.302       2.606    0.20%       0.177      0.782
     X2                    0.478       0.088       0.000   52.20%       0.000      0.000      0.000
             500.000       0.250      -1.992       1.000   47.80%       1.000      1.000


THE MODEL ESTIMATION TERMINATED NORMALLY



MODEL FIT INFORMATION

Number of Free Parameters                       34

Loglikelihood

          H0 Value                       -4178.563

Information Criteria

          Akaike (AIC)                    8425.126
          Bayesian (BIC)                  8568.423
          Sample-Size Adjusted BIC        8460.505
            (n* = (n + 2) / 24)



MODEL RESULTS

                                                    Two-Tailed
                    Estimate       S.E.  Est./S.E.    P-Value

 F        BY
    Y1                 0.541      0.032     17.099      0.000
    Y2                 0.614      0.032     19.162      0.000
    Y3                 0.619      0.034     18.418      0.000
    Y4                 0.606      0.032     18.756      0.000
    Y5                 0.564      0.033     17.072      0.000
    Y6                 0.264      0.020     13.185      0.000
    Y7                 0.316      0.021     14.852      0.000
    Y8                 0.310      0.021     14.437      0.000
    Y9               999.000      0.000    999.000    999.000
    Y10                0.614      0.031     19.630      0.000

 Y9       ON
    X1                 0.016      0.025      0.644      0.520
    X2                 0.028      0.049      0.577      0.564

 Means
    F                  0.000      0.000    999.000    999.000

 Intercepts
    Y1                 1.916      0.035     54.902      0.000
    Y2                 1.956      0.036     53.591      0.000
    Y3                 3.166      0.038     83.755      0.000
    Y4                 3.118      0.037     85.300      0.000
    Y5                 3.174      0.036     87.116      0.000
    Y6                 1.212      0.021     57.904      0.000
    Y7                 1.216      0.023     53.600      0.000
    Y8                 1.214      0.023     53.217      0.000
    Y9                 1.853      0.041     45.533      0.000
    Y10                1.894      0.036     52.825      0.000

 Variances
    F                  1.000      0.000    999.000    999.000

 Residual Variances
    Y1                 0.317      0.022     14.337      0.000
    Y2                 0.289      0.021     13.718      0.000
    Y3                 0.332      0.024     13.948      0.000
    Y4                 0.301      0.022     13.820      0.000
    Y5                 0.346      0.024     14.336      0.000
    Y6                 0.149      0.010     15.066      0.000
    Y7                 0.158      0.011     14.773      0.000
    Y8                 0.164      0.011     14.869      0.000
    Y9                 0.240      0.018     13.492      0.000
    Y10                0.266      0.020     13.548      0.000

New/Additional Parameters
    L9_0               0.543      0.041     13.315      0.000
    L9_1               0.029      0.025      1.135      0.256
    L9_2               0.080      0.050      1.577      0.115


QUALITY OF NUMERICAL RESULTS

     Condition Number for the Information Matrix              0.968E-04
       (ratio of smallest to largest eigenvalue)


     Beginning Time:  15:32:37
        Ending Time:  15:32:39
       Elapsed Time:  00:00:02



MUTHEN & MUTHEN
3463 Stoner Ave.
Los Angeles, CA  90066

Tel: (310) 391-9971
Fax: (310) 391-8971
Web: www.StatModel.com
Support: Support@StatModel.com

Copyright (c) 1998-2019 Muthen & Muthen
