Mplus VERSION 8.3
MUTHEN & MUTHEN
04/24/2024   3:46 PM

INPUT INSTRUCTIONS


  TITLE: Test with 10 reps

  DATA:
  File is
  G2_B2_N2_rep483.csv;

  VARIABLE:
      Names are x1 x2 eta
  	y1 y2 y3 y4 y5 y6 y7 y8 y9 y10;
      Usevariables are y1-y10 x1 x2;
      constraint = x1 x2;

  MODEL:
      f BY y1* (l1);
      f BY y2* (l2);
      f BY y3* (l3);
      f BY y4* (l4);
      f BY y5* (l5);
      f BY y6* (l6);
      f BY y7* (l7);
      f BY y8* (l8);
      f BY y9* (l9);
      f BY y10* (l10);

  y1 ON x1 x2;
  f@1;
  [f@0];

  MODEL CONSTRAINT:
      new (l1_0 l1_1 l1_2);
      l1 = l1_0 + l1_1*x1 + l1_2*x2;




INPUT READING TERMINATED NORMALLY



Test with 10 reps

SUMMARY OF ANALYSIS

Number of groups                                                 1
Number of observations                                         500

Number of dependent variables                                   10
Number of independent variables                                  2
Number of continuous latent variables                            1

Observed dependent variables

  Continuous
   Y1          Y2          Y3          Y4          Y5          Y6
   Y7          Y8          Y9          Y10

Observed independent variables
   X1          X2

Continuous latent variables
   F


Estimator                                                       ML
Information matrix                                        OBSERVED
Maximum number of iterations                                  1000
Convergence criterion                                    0.500D-04
Maximum number of steepest descent iterations                   20

Input data file(s)
  G2_B2_N2_rep483.csv

Input data format  FREE



UNIVARIATE SAMPLE STATISTICS


     UNIVARIATE HIGHER-ORDER MOMENT DESCRIPTIVE STATISTICS

         Variable/         Mean/     Skewness/   Minimum/ % with                Percentiles
        Sample Size      Variance    Kurtosis    Maximum  Min/Max      20%/60%    40%/80%    Median

     Y1                    1.866       0.636       1.000   32.20%       1.000      2.000      2.000
             500.000       0.544       0.459       5.000    0.20%       2.000      2.000
     Y2                    1.852       0.802       1.000   34.80%       1.000      2.000      2.000
             500.000       0.602       0.768       5.000    0.40%       2.000      2.000
     Y3                    3.094      -0.104       1.000    1.20%       2.000      3.000      3.000
             500.000       0.577      -0.273       5.000    1.60%       3.000      4.000
     Y4                    3.134       0.043       1.000    1.00%       3.000      3.000      3.000
             500.000       0.552       0.139       5.000    2.80%       3.000      4.000
     Y5                    3.060       0.020       1.000    2.00%       2.000      3.000      3.000
             500.000       0.612       0.201       5.000    3.00%       3.000      4.000
     Y6                    1.178       2.949       1.000   84.40%       1.000      1.000      1.000
             500.000       0.202      10.571       4.000    0.60%       1.000      1.000
     Y7                    1.196       1.986       1.000   81.60%       1.000      1.000      1.000
             500.000       0.182       3.071       3.000    1.20%       1.000      1.000
     Y8                    1.174       2.716       1.000   84.00%       1.000      1.000      1.000
             500.000       0.180       9.149       4.000    0.40%       1.000      1.000
     Y9                    1.836       0.766       1.000   34.20%       1.000      2.000      2.000
             500.000       0.557       0.732       5.000    0.20%       2.000      2.000
     Y10                   1.800       0.745       1.000   37.40%       1.000      2.000      2.000
             500.000       0.560       0.500       5.000    0.20%       2.000      2.000
     X1                    0.035       0.122      -2.331    0.20%      -0.851     -0.226     -0.003
             500.000       0.963      -0.132       3.053    0.20%       0.297      0.866
     X2                    0.492       0.032       0.000   50.80%       0.000      0.000      0.000
             500.000       0.250      -1.999       1.000   49.20%       1.000      1.000


THE MODEL ESTIMATION TERMINATED NORMALLY



MODEL FIT INFORMATION

Number of Free Parameters                       34

Loglikelihood

          H0 Value                       -3813.973

Information Criteria

          Akaike (AIC)                    7695.945
          Bayesian (BIC)                  7839.242
          Sample-Size Adjusted BIC        7731.324
            (n* = (n + 2) / 24)



MODEL RESULTS

                                                    Two-Tailed
                    Estimate       S.E.  Est./S.E.    P-Value

 F        BY
    Y1               999.000      0.000    999.000    999.000
    Y2                 0.558      0.031     17.951      0.000
    Y3                 0.532      0.031     17.297      0.000
    Y4                 0.539      0.030     18.152      0.000
    Y5                 0.590      0.031     19.162      0.000
    Y6                 0.273      0.019     14.367      0.000
    Y7                 0.249      0.018     13.727      0.000
    Y8                 0.258      0.018     14.437      0.000
    Y9                 0.542      0.030     18.169      0.000
    Y10                0.548      0.030     18.363      0.000

 Y1       ON
    X1                -0.004      0.026     -0.171      0.864
    X2                 0.028      0.051      0.555      0.579

 Means
    F                  0.000      0.000    999.000    999.000

 Intercepts
    Y1                 1.850      0.042     43.788      0.000
    Y2                 1.852      0.035     53.369      0.000
    Y3                 3.094      0.034     91.066      0.000
    Y4                 3.134      0.033     94.319      0.000
    Y5                 3.060      0.035     87.436      0.000
    Y6                 1.178      0.020     58.562      0.000
    Y7                 1.196      0.019     62.759      0.000
    Y8                 1.174      0.019     61.923      0.000
    Y9                 1.836      0.033     55.003      0.000
    Y10                1.800      0.033     53.785      0.000

 Variances
    F                  1.000      0.000    999.000    999.000

 Residual Variances
    Y1                 0.277      0.020     14.185      0.000
    Y2                 0.290      0.021     13.973      0.000
    Y3                 0.294      0.021     14.153      0.000
    Y4                 0.261      0.019     13.906      0.000
    Y5                 0.264      0.019     13.554      0.000
    Y6                 0.128      0.009     14.789      0.000
    Y7                 0.120      0.008     14.923      0.000
    Y8                 0.113      0.008     14.775      0.000
    Y9                 0.263      0.019     13.916      0.000
    Y10                0.260      0.019     13.842      0.000

New/Additional Parameters
    L1_0               0.521      0.041     12.644      0.000
    L1_1               0.021      0.024      0.859      0.390
    L1_2              -0.021      0.054     -0.389      0.697


QUALITY OF NUMERICAL RESULTS

     Condition Number for the Information Matrix              0.570E-04
       (ratio of smallest to largest eigenvalue)


     Beginning Time:  15:46:29
        Ending Time:  15:46:31
       Elapsed Time:  00:00:02



MUTHEN & MUTHEN
3463 Stoner Ave.
Los Angeles, CA  90066

Tel: (310) 391-9971
Fax: (310) 391-8971
Web: www.StatModel.com
Support: Support@StatModel.com

Copyright (c) 1998-2019 Muthen & Muthen
