Mplus VERSION 8.3
MUTHEN & MUTHEN
04/24/2024   3:27 PM

INPUT INSTRUCTIONS


  TITLE: Test with 10 reps

  DATA:
  File is
  G2_B2_N2_rep419.csv;

  VARIABLE:
      Names are x1 x2 eta
  	y1 y2 y3 y4 y5 y6 y7 y8 y9 y10;
      Usevariables are y1-y10 x1 x2;
      constraint = x1 x2;

  MODEL:
      f BY y1* (l1);
      f BY y2* (l2);
      f BY y3* (l3);
      f BY y4* (l4);
      f BY y5* (l5);
      f BY y6* (l6);
      f BY y7* (l7);
      f BY y8* (l8);
      f BY y9* (l9);
      f BY y10* (l10);

  y9 ON x1 x2;
  f@1;
  [f@0];

  MODEL CONSTRAINT:
      new (l9_0 l9_1 l9_2);
      l9 = l9_0 + l9_1*x1 + l9_2*x2;




INPUT READING TERMINATED NORMALLY



Test with 10 reps

SUMMARY OF ANALYSIS

Number of groups                                                 1
Number of observations                                         500

Number of dependent variables                                   10
Number of independent variables                                  2
Number of continuous latent variables                            1

Observed dependent variables

  Continuous
   Y1          Y2          Y3          Y4          Y5          Y6
   Y7          Y8          Y9          Y10

Observed independent variables
   X1          X2

Continuous latent variables
   F


Estimator                                                       ML
Information matrix                                        OBSERVED
Maximum number of iterations                                  1000
Convergence criterion                                    0.500D-04
Maximum number of steepest descent iterations                   20

Input data file(s)
  G2_B2_N2_rep419.csv

Input data format  FREE



UNIVARIATE SAMPLE STATISTICS


     UNIVARIATE HIGHER-ORDER MOMENT DESCRIPTIVE STATISTICS

         Variable/         Mean/     Skewness/   Minimum/ % with                Percentiles
        Sample Size      Variance    Kurtosis    Maximum  Min/Max      20%/60%    40%/80%    Median

     Y1                    1.802       0.635       1.000   36.20%       1.000      2.000      2.000
             500.000       0.527       0.145       4.000    2.00%       2.000      2.000
     Y2                    1.846       0.617       1.000   30.20%       1.000      2.000      2.000
             500.000       0.470       0.676       4.000    2.20%       2.000      2.000
     Y3                    3.150       0.174       2.000   15.80%       3.000      3.000      3.000
             500.000       0.488      -0.172       5.000    2.20%       3.000      4.000
     Y4                    3.136       0.087       1.000    0.80%       3.000      3.000      3.000
             500.000       0.490       0.427       5.000    2.40%       3.000      4.000
     Y5                    3.166       0.080       1.000    0.40%       3.000      3.000      3.000
             500.000       0.486       0.071       5.000    2.20%       3.000      4.000
     Y6                    1.154       2.038       1.000   84.80%       1.000      1.000      1.000
             500.000       0.134       2.576       3.000    0.20%       1.000      1.000
     Y7                    1.168       2.642       1.000   84.80%       1.000      1.000      1.000
             500.000       0.176       7.701       4.000    0.20%       1.000      1.000
     Y8                    1.158       2.921       1.000   85.40%       1.000      1.000      1.000
             500.000       0.165      10.838       4.000    0.40%       1.000      1.000
     Y9                    1.852       0.816       1.000   32.00%       1.000      2.000      2.000
             500.000       0.538       1.253       5.000    0.40%       2.000      2.000
     Y10                   1.832       0.658       1.000   32.60%       1.000      2.000      2.000
             500.000       0.500       0.743       5.000    0.20%       2.000      2.000
     X1                   -0.006      -0.004      -2.843    0.20%      -0.835     -0.244      0.008
             500.000       0.954      -0.018       2.864    0.20%       0.248      0.763
     X2                    0.508      -0.032       0.000   49.20%       0.000      0.000      1.000
             500.000       0.250      -1.999       1.000   50.80%       1.000      1.000


THE MODEL ESTIMATION TERMINATED NORMALLY



MODEL FIT INFORMATION

Number of Free Parameters                       34

Loglikelihood

          H0 Value                       -3432.806

Information Criteria

          Akaike (AIC)                    6933.611
          Bayesian (BIC)                  7076.908
          Sample-Size Adjusted BIC        6968.990
            (n* = (n + 2) / 24)



MODEL RESULTS

                                                    Two-Tailed
                    Estimate       S.E.  Est./S.E.    P-Value

 F        BY
    Y1                 0.543      0.029     18.983      0.000
    Y2                 0.486      0.028     17.604      0.000
    Y3                 0.511      0.028     18.372      0.000
    Y4                 0.503      0.028     17.962      0.000
    Y5                 0.488      0.028     17.271      0.000
    Y6                 0.218      0.016     14.043      0.000
    Y7                 0.249      0.018     14.021      0.000
    Y8                 0.242      0.017     14.052      0.000
    Y9               999.000      0.000    999.000    999.000
    Y10                0.516      0.028     18.314      0.000

 Y9       ON
    X1                 0.022      0.024      0.906      0.365
    X2                -0.016      0.047     -0.346      0.730

 Means
    F                  0.000      0.000    999.000    999.000

 Intercepts
    Y1                 1.802      0.032     55.516      0.000
    Y2                 1.846      0.031     60.192      0.000
    Y3                 3.150      0.031    100.881      0.000
    Y4                 3.136      0.031    100.227      0.000
    Y5                 3.166      0.031    101.503      0.000
    Y6                 1.154      0.016     70.417      0.000
    Y7                 1.168      0.019     62.294      0.000
    Y8                 1.158      0.018     63.739      0.000
    Y9                 1.861      0.042     44.331      0.000
    Y10                1.832      0.032     57.946      0.000

 Variances
    F                  1.000      0.000    999.000    999.000

 Residual Variances
    Y1                 0.231      0.017     13.671      0.000
    Y2                 0.234      0.017     14.105      0.000
    Y3                 0.227      0.016     13.866      0.000
    Y4                 0.236      0.017     14.008      0.000
    Y5                 0.249      0.018     14.201      0.000
    Y6                 0.087      0.006     14.885      0.000
    Y7                 0.114      0.008     14.865      0.000
    Y8                 0.106      0.007     14.867      0.000
    Y9                 0.235      0.017     13.645      0.000
    Y10                0.233      0.017     13.863      0.000

New/Additional Parameters
    L9_0               0.582      0.039     14.946      0.000
    L9_1               0.043      0.025      1.746      0.081
    L9_2              -0.065      0.049     -1.325      0.185


QUALITY OF NUMERICAL RESULTS

     Condition Number for the Information Matrix              0.334E-04
       (ratio of smallest to largest eigenvalue)


     Beginning Time:  15:27:09
        Ending Time:  15:27:10
       Elapsed Time:  00:00:01



MUTHEN & MUTHEN
3463 Stoner Ave.
Los Angeles, CA  90066

Tel: (310) 391-9971
Fax: (310) 391-8971
Web: www.StatModel.com
Support: Support@StatModel.com

Copyright (c) 1998-2019 Muthen & Muthen
