Mplus VERSION 8.3
MUTHEN & MUTHEN
04/24/2024   3:21 PM

INPUT INSTRUCTIONS


  TITLE: Test with 10 reps

  DATA:
  File is
  G2_B2_N2_rep400.csv;

  VARIABLE:
      Names are x1 x2 eta
  	y1 y2 y3 y4 y5 y6 y7 y8 y9 y10;
      Usevariables are y1-y10 x1 x2;
      constraint = x1 x2;

  MODEL:
      f BY y1* (l1);
      f BY y2* (l2);
      f BY y3* (l3);
      f BY y4* (l4);
      f BY y5* (l5);
      f BY y6* (l6);
      f BY y7* (l7);
      f BY y8* (l8);
      f BY y9* (l9);
      f BY y10* (l10);

  y7 ON x1 x2;
  f@1;
  [f@0];

  MODEL CONSTRAINT:
      new (l7_0 l7_1 l7_2);
      l7 = l7_0 + l7_1*x1 + l7_2*x2;




INPUT READING TERMINATED NORMALLY



Test with 10 reps

SUMMARY OF ANALYSIS

Number of groups                                                 1
Number of observations                                         500

Number of dependent variables                                   10
Number of independent variables                                  2
Number of continuous latent variables                            1

Observed dependent variables

  Continuous
   Y1          Y2          Y3          Y4          Y5          Y6
   Y7          Y8          Y9          Y10

Observed independent variables
   X1          X2

Continuous latent variables
   F


Estimator                                                       ML
Information matrix                                        OBSERVED
Maximum number of iterations                                  1000
Convergence criterion                                    0.500D-04
Maximum number of steepest descent iterations                   20

Input data file(s)
  G2_B2_N2_rep400.csv

Input data format  FREE



UNIVARIATE SAMPLE STATISTICS


     UNIVARIATE HIGHER-ORDER MOMENT DESCRIPTIVE STATISTICS

         Variable/         Mean/     Skewness/   Minimum/ % with                Percentiles
        Sample Size      Variance    Kurtosis    Maximum  Min/Max      20%/60%    40%/80%    Median

     Y1                    1.896       0.811       1.000   30.40%       1.000      2.000      2.000
             500.000       0.573       1.228       5.000    0.60%       2.000      2.000
     Y2                    1.928       0.670       1.000   31.00%       1.000      2.000      2.000
             500.000       0.619       0.579       5.000    0.60%       2.000      3.000
     Y3                    3.134       0.000       1.000    1.40%       3.000      3.000      3.000
             500.000       0.596       0.100       5.000    3.20%       3.000      4.000
     Y4                    3.140       0.114       1.000    1.00%       3.000      3.000      3.000
             500.000       0.600       0.038       5.000    3.80%       3.000      4.000
     Y5                    3.122      -0.024       1.000    1.60%       3.000      3.000      3.000
             500.000       0.623      -0.002       5.000    3.20%       3.000      4.000
     Y6                    1.194       2.166       1.000   82.40%       1.000      1.000      1.000
             500.000       0.192       4.008       3.000    1.80%       1.000      1.000
     Y7                    1.188       2.279       1.000   83.20%       1.000      1.000      1.000
             500.000       0.193       4.570       3.000    2.00%       1.000      1.000
     Y8                    1.206       2.602       1.000   81.80%       1.000      1.000      1.000
             500.000       0.224       8.136       4.000    0.60%       1.000      1.000
     Y9                    1.864       0.940       1.000   33.00%       1.000      2.000      2.000
             500.000       0.598       1.553       5.000    0.80%       2.000      2.000
     Y10                   1.890       0.763       1.000   32.00%       1.000      2.000      2.000
             500.000       0.598       0.764       5.000    0.40%       2.000      2.000
     X1                    0.005       0.029      -2.716    0.20%      -0.811     -0.253     -0.012
             500.000       0.907      -0.301       2.781    0.20%       0.228      0.830
     X2                    0.496       0.016       0.000   50.40%       0.000      0.000      0.000
             500.000       0.250      -2.000       1.000   49.60%       1.000      1.000


THE MODEL ESTIMATION TERMINATED NORMALLY



MODEL FIT INFORMATION

Number of Free Parameters                       34

Loglikelihood

          H0 Value                       -3920.164

Information Criteria

          Akaike (AIC)                    7908.328
          Bayesian (BIC)                  8051.625
          Sample-Size Adjusted BIC        7943.707
            (n* = (n + 2) / 24)



MODEL RESULTS

                                                    Two-Tailed
                    Estimate       S.E.  Est./S.E.    P-Value

 F        BY
    Y1                 0.573      0.030     19.288      0.000
    Y2                 0.615      0.030     20.251      0.000
    Y3                 0.542      0.031     17.386      0.000
    Y4                 0.563      0.031     18.229      0.000
    Y5                 0.566      0.032     17.894      0.000
    Y6                 0.265      0.018     14.368      0.000
    Y7               999.000      0.000    999.000    999.000
    Y8                 0.295      0.020     14.907      0.000
    Y9                 0.580      0.030     19.060      0.000
    Y10                0.523      0.032     16.569      0.000

 Y7       ON
    X1                -0.014      0.018     -0.757      0.449
    X2                -0.009      0.034     -0.269      0.788

 Means
    F                  0.000      0.000    999.000    999.000

 Intercepts
    Y1                 1.896      0.034     55.998      0.000
    Y2                 1.928      0.035     54.804      0.000
    Y3                 3.134      0.035     90.770      0.000
    Y4                 3.140      0.035     90.614      0.000
    Y5                 3.122      0.035     88.437      0.000
    Y6                 1.194      0.020     60.873      0.000
    Y7                 1.176      0.026     45.200      0.000
    Y8                 1.206      0.021     57.034      0.000
    Y9                 1.864      0.035     53.921      0.000
    Y10                1.890      0.035     54.655      0.000

 Variances
    F                  1.000      0.000    999.000    999.000

 Residual Variances
    Y1                 0.245      0.018     13.620      0.000
    Y2                 0.240      0.018     13.249      0.000
    Y3                 0.303      0.021     14.240      0.000
    Y4                 0.283      0.020     13.963      0.000
    Y5                 0.303      0.022     14.063      0.000
    Y6                 0.122      0.008     14.881      0.000
    Y7                 0.131      0.009     14.903      0.000
    Y8                 0.137      0.009     14.766      0.000
    Y9                 0.261      0.019     13.715      0.000
    Y10                0.324      0.022     14.449      0.000

New/Additional Parameters
    L7_0               0.219      0.028      7.754      0.000
    L7_1               0.050      0.019      2.605      0.009
    L7_2               0.049      0.037      1.337      0.181


QUALITY OF NUMERICAL RESULTS

     Condition Number for the Information Matrix              0.659E-04
       (ratio of smallest to largest eigenvalue)


     Beginning Time:  15:21:44
        Ending Time:  15:21:44
       Elapsed Time:  00:00:00



MUTHEN & MUTHEN
3463 Stoner Ave.
Los Angeles, CA  90066

Tel: (310) 391-9971
Fax: (310) 391-8971
Web: www.StatModel.com
Support: Support@StatModel.com

Copyright (c) 1998-2019 Muthen & Muthen
