Mplus VERSION 8.3
MUTHEN & MUTHEN
04/24/2024   3:35 PM

INPUT INSTRUCTIONS


  TITLE: Test with 10 reps

  DATA:
  File is
  G2_B2_N2_rep446.csv;

  VARIABLE:
      Names are x1 x2 eta
  	y1 y2 y3 y4 y5 y6 y7 y8 y9 y10;
      Usevariables are y1-y10 x1 x2;
      constraint = x1 x2;

  MODEL:
      f BY y1* (l1);
      f BY y2* (l2);
      f BY y3* (l3);
      f BY y4* (l4);
      f BY y5* (l5);
      f BY y6* (l6);
      f BY y7* (l7);
      f BY y8* (l8);
      f BY y9* (l9);
      f BY y10* (l10);

  y9 ON x1 x2;
  f@1;
  [f@0];

  MODEL CONSTRAINT:
      new (l9_0 l9_1 l9_2);
      l9 = l9_0 + l9_1*x1 + l9_2*x2;




INPUT READING TERMINATED NORMALLY



Test with 10 reps

SUMMARY OF ANALYSIS

Number of groups                                                 1
Number of observations                                         500

Number of dependent variables                                   10
Number of independent variables                                  2
Number of continuous latent variables                            1

Observed dependent variables

  Continuous
   Y1          Y2          Y3          Y4          Y5          Y6
   Y7          Y8          Y9          Y10

Observed independent variables
   X1          X2

Continuous latent variables
   F


Estimator                                                       ML
Information matrix                                        OBSERVED
Maximum number of iterations                                  1000
Convergence criterion                                    0.500D-04
Maximum number of steepest descent iterations                   20

Input data file(s)
  G2_B2_N2_rep446.csv

Input data format  FREE



UNIVARIATE SAMPLE STATISTICS


     UNIVARIATE HIGHER-ORDER MOMENT DESCRIPTIVE STATISTICS

         Variable/         Mean/     Skewness/   Minimum/ % with                Percentiles
        Sample Size      Variance    Kurtosis    Maximum  Min/Max      20%/60%    40%/80%    Median

     Y1                    1.842       0.965       1.000   35.00%       1.000      2.000      2.000
             500.000       0.609       1.508       5.000    0.80%       2.000      2.000
     Y2                    1.810       0.894       1.000   37.00%       1.000      2.000      2.000
             500.000       0.590       1.037       5.000    0.40%       2.000      2.000
     Y3                    3.098       0.002       1.000    1.00%       2.000      3.000      3.000
             500.000       0.572      -0.153       5.000    2.20%       3.000      4.000
     Y4                    3.136      -0.018       1.000    0.80%       3.000      3.000      3.000
             500.000       0.582      -0.269       5.000    2.40%       3.000      4.000
     Y5                    3.150       0.174       1.000    0.60%       3.000      3.000      3.000
             500.000       0.600      -0.095       5.000    4.00%       3.000      4.000
     Y6                    1.180       3.132       1.000   85.40%       1.000      1.000      1.000
             500.000       0.232      11.142       4.000    0.80%       1.000      1.000
     Y7                    1.200       3.070       1.000   83.40%       1.000      1.000      1.000
             500.000       0.248      12.146       5.000    0.20%       1.000      1.000
     Y8                    1.162       3.285       1.000   85.40%       1.000      1.000      1.000
             500.000       0.180      16.025       5.000    0.20%       1.000      1.000
     Y9                    1.844       0.662       1.000   32.40%       1.000      2.000      2.000
             500.000       0.516       0.674       5.000    0.20%       2.000      2.000
     Y10                   1.812       0.710       1.000   35.20%       1.000      2.000      2.000
             500.000       0.529       0.635       5.000    0.20%       2.000      2.000
     X1                    0.014       0.063      -3.217    0.20%      -0.853     -0.264      0.002
             500.000       1.051      -0.044       2.942    0.20%       0.227      0.888
     X2                    0.524      -0.096       0.000   47.60%       0.000      0.000      1.000
             500.000       0.249      -1.991       1.000   52.40%       1.000      1.000


THE MODEL ESTIMATION TERMINATED NORMALLY



MODEL FIT INFORMATION

Number of Free Parameters                       34

Loglikelihood

          H0 Value                       -3895.965

Information Criteria

          Akaike (AIC)                    7859.930
          Bayesian (BIC)                  8003.227
          Sample-Size Adjusted BIC        7895.309
            (n* = (n + 2) / 24)



MODEL RESULTS

                                                    Two-Tailed
                    Estimate       S.E.  Est./S.E.    P-Value

 F        BY
    Y1                 0.570      0.031     18.325      0.000
    Y2                 0.574      0.030     18.910      0.000
    Y3                 0.557      0.030     18.533      0.000
    Y4                 0.556      0.030     18.264      0.000
    Y5                 0.567      0.031     18.413      0.000
    Y6                 0.275      0.021     13.325      0.000
    Y7                 0.310      0.021     14.837      0.000
    Y8                 0.254      0.018     14.154      0.000
    Y9               999.000      0.000    999.000    999.000
    Y10                0.514      0.029     17.556      0.000

 Y9       ON
    X1                -0.014      0.024     -0.595      0.552
    X2                 0.048      0.048      1.000      0.318

 Means
    F                  0.000      0.000    999.000    999.000

 Intercepts
    Y1                 1.842      0.035     52.778      0.000
    Y2                 1.810      0.034     52.696      0.000
    Y3                 3.098      0.034     91.563      0.000
    Y4                 3.136      0.034     91.957      0.000
    Y5                 3.150      0.035     90.971      0.000
    Y6                 1.180      0.022     54.827      0.000
    Y7                 1.200      0.022     53.882      0.000
    Y8                 1.162      0.019     61.284      0.000
    Y9                 1.827      0.042     43.679      0.000
    Y10                1.812      0.033     55.726      0.000

 Variances
    F                  1.000      0.000    999.000    999.000

 Residual Variances
    Y1                 0.285      0.020     13.917      0.000
    Y2                 0.261      0.019     13.696      0.000
    Y3                 0.262      0.019     13.820      0.000
    Y4                 0.273      0.020     13.893      0.000
    Y5                 0.277      0.020     13.843      0.000
    Y6                 0.156      0.010     14.980      0.000
    Y7                 0.152      0.010     14.694      0.000
    Y8                 0.115      0.008     14.830      0.000
    Y9                 0.245      0.018     13.947      0.000
    Y10                0.264      0.019     14.149      0.000

New/Additional Parameters
    L9_0               0.517      0.044     11.835      0.000
    L9_1              -0.041      0.021     -1.923      0.054
    L9_2               0.008      0.051      0.163      0.870


QUALITY OF NUMERICAL RESULTS

     Condition Number for the Information Matrix              0.588E-04
       (ratio of smallest to largest eigenvalue)


     Beginning Time:  15:35:17
        Ending Time:  15:35:19
       Elapsed Time:  00:00:02



MUTHEN & MUTHEN
3463 Stoner Ave.
Los Angeles, CA  90066

Tel: (310) 391-9971
Fax: (310) 391-8971
Web: www.StatModel.com
Support: Support@StatModel.com

Copyright (c) 1998-2019 Muthen & Muthen
