Mplus VERSION 8.3
MUTHEN & MUTHEN
04/24/2024   3:24 PM

INPUT INSTRUCTIONS


  TITLE: Test with 10 reps

  DATA:
  File is
  G2_B2_N2_rep409.csv;

  VARIABLE:
      Names are x1 x2 eta
  	y1 y2 y3 y4 y5 y6 y7 y8 y9 y10;
      Usevariables are y1-y10 x1 x2;
      constraint = x1 x2;

  MODEL:
      f BY y1* (l1);
      f BY y2* (l2);
      f BY y3* (l3);
      f BY y4* (l4);
      f BY y5* (l5);
      f BY y6* (l6);
      f BY y7* (l7);
      f BY y8* (l8);
      f BY y9* (l9);
      f BY y10* (l10);

  y8 ON x1 x2;
  f@1;
  [f@0];

  MODEL CONSTRAINT:
      new (l8_0 l8_1 l8_2);
      l8 = l8_0 + l8_1*x1 + l8_2*x2;




INPUT READING TERMINATED NORMALLY



Test with 10 reps

SUMMARY OF ANALYSIS

Number of groups                                                 1
Number of observations                                         500

Number of dependent variables                                   10
Number of independent variables                                  2
Number of continuous latent variables                            1

Observed dependent variables

  Continuous
   Y1          Y2          Y3          Y4          Y5          Y6
   Y7          Y8          Y9          Y10

Observed independent variables
   X1          X2

Continuous latent variables
   F


Estimator                                                       ML
Information matrix                                        OBSERVED
Maximum number of iterations                                  1000
Convergence criterion                                    0.500D-04
Maximum number of steepest descent iterations                   20

Input data file(s)
  G2_B2_N2_rep409.csv

Input data format  FREE



UNIVARIATE SAMPLE STATISTICS


     UNIVARIATE HIGHER-ORDER MOMENT DESCRIPTIVE STATISTICS

         Variable/         Mean/     Skewness/   Minimum/ % with                Percentiles
        Sample Size      Variance    Kurtosis    Maximum  Min/Max      20%/60%    40%/80%    Median

     Y1                    1.924       0.796       1.000   30.80%       1.000      2.000      2.000
             500.000       0.638       0.715       5.000    0.40%       2.000      2.000
     Y2                    1.870       0.806       1.000   32.20%       1.000      2.000      2.000
             500.000       0.569       1.187       5.000    0.60%       2.000      2.000
     Y3                    3.130       0.139       2.000   18.60%       3.000      3.000      3.000
             500.000       0.529      -0.399       5.000    2.20%       3.000      4.000
     Y4                    3.146       0.206       1.000    0.60%       3.000      3.000      3.000
             500.000       0.529       0.276       5.000    3.40%       3.000      4.000
     Y5                    3.176       0.165       1.000    0.40%       3.000      3.000      3.000
             500.000       0.557      -0.050       5.000    3.60%       3.000      4.000
     Y6                    1.192       2.632       1.000   83.20%       1.000      1.000      1.000
             500.000       0.211       7.854       4.000    0.40%       1.000      1.000
     Y7                    1.182       2.570       1.000   84.00%       1.000      1.000      1.000
             500.000       0.197       6.968       4.000    0.20%       1.000      1.000
     Y8                    1.154       2.621       1.000   86.20%       1.000      1.000      1.000
             500.000       0.162       6.446       3.000    1.60%       1.000      1.000
     Y9                    1.846       0.721       1.000   33.60%       1.000      2.000      2.000
             500.000       0.554       0.626       5.000    0.20%       2.000      2.000
     Y10                   1.864       0.754       1.000   34.40%       1.000      2.000      2.000
             500.000       0.602       0.782       5.000    0.60%       2.000      2.000
     X1                    0.001       0.148      -3.045    0.20%      -0.877     -0.314     -0.032
             500.000       1.029       0.000       3.220    0.20%       0.216      0.819
     X2                    0.540      -0.161       0.000   46.00%       0.000      0.000      1.000
             500.000       0.248      -1.974       1.000   54.00%       1.000      1.000


THE MODEL ESTIMATION TERMINATED NORMALLY



MODEL FIT INFORMATION

Number of Free Parameters                       34

Loglikelihood

          H0 Value                       -3716.659

Information Criteria

          Akaike (AIC)                    7501.318
          Bayesian (BIC)                  7644.615
          Sample-Size Adjusted BIC        7536.697
            (n* = (n + 2) / 24)



MODEL RESULTS

                                                    Two-Tailed
                    Estimate       S.E.  Est./S.E.    P-Value

 F        BY
    Y1                 0.605      0.031     19.357      0.000
    Y2                 0.560      0.030     18.805      0.000
    Y3                 0.509      0.029     17.337      0.000
    Y4                 0.537      0.029     18.684      0.000
    Y5                 0.542      0.030     18.225      0.000
    Y6                 0.294      0.019     15.429      0.000
    Y7                 0.272      0.019     14.605      0.000
    Y8               999.000      0.000    999.000    999.000
    Y9                 0.543      0.030     18.356      0.000
    Y10                0.571      0.031     18.606      0.000

 Y8       ON
    X1                -0.005      0.014     -0.355      0.723
    X2                 0.015      0.030      0.489      0.625

 Means
    F                  0.000      0.000    999.000    999.000

 Intercepts
    Y1                 1.924      0.036     53.852      0.000
    Y2                 1.870      0.034     55.428      0.000
    Y3                 3.130      0.033     96.219      0.000
    Y4                 3.146      0.033     96.749      0.000
    Y5                 3.176      0.033     95.154      0.000
    Y6                 1.192      0.021     58.007      0.000
    Y7                 1.182      0.020     59.567      0.000
    Y8                 1.124      0.023     49.504      0.000
    Y9                 1.846      0.033     55.444      0.000
    Y10                1.864      0.035     53.742      0.000

 Variances
    F                  1.000      0.000    999.000    999.000

 Residual Variances
    Y1                 0.272      0.020     13.684      0.000
    Y2                 0.256      0.018     13.884      0.000
    Y3                 0.270      0.019     14.297      0.000
    Y4                 0.240      0.017     13.913      0.000
    Y5                 0.263      0.019     14.040      0.000
    Y6                 0.125      0.008     14.716      0.000
    Y7                 0.123      0.008     14.855      0.000
    Y8                 0.094      0.006     14.567      0.000
    Y9                 0.259      0.018     14.022      0.000
    Y10                0.275      0.020     13.938      0.000

New/Additional Parameters
    L8_0               0.164      0.024      6.860      0.000
    L8_1               0.029      0.014      2.098      0.036
    L8_2               0.135      0.031      4.355      0.000


QUALITY OF NUMERICAL RESULTS

     Condition Number for the Information Matrix              0.405E-04
       (ratio of smallest to largest eigenvalue)


     Beginning Time:  15:24:09
        Ending Time:  15:24:10
       Elapsed Time:  00:00:01



MUTHEN & MUTHEN
3463 Stoner Ave.
Los Angeles, CA  90066

Tel: (310) 391-9971
Fax: (310) 391-8971
Web: www.StatModel.com
Support: Support@StatModel.com

Copyright (c) 1998-2019 Muthen & Muthen
