Mplus VERSION 8.3
MUTHEN & MUTHEN
04/24/2024   3:32 PM

INPUT INSTRUCTIONS


  TITLE: Test with 10 reps

  DATA:
  File is
  G2_B2_N2_rep438.csv;

  VARIABLE:
      Names are x1 x2 eta
  	y1 y2 y3 y4 y5 y6 y7 y8 y9 y10;
      Usevariables are y1-y10 x1 x2;
      constraint = x1 x2;

  MODEL:
      f BY y1* (l1);
      f BY y2* (l2);
      f BY y3* (l3);
      f BY y4* (l4);
      f BY y5* (l5);
      f BY y6* (l6);
      f BY y7* (l7);
      f BY y8* (l8);
      f BY y9* (l9);
      f BY y10* (l10);

  y4 ON x1 x2;
  f@1;
  [f@0];

  MODEL CONSTRAINT:
      new (l4_0 l4_1 l4_2);
      l4 = l4_0 + l4_1*x1 + l4_2*x2;




INPUT READING TERMINATED NORMALLY



Test with 10 reps

SUMMARY OF ANALYSIS

Number of groups                                                 1
Number of observations                                         500

Number of dependent variables                                   10
Number of independent variables                                  2
Number of continuous latent variables                            1

Observed dependent variables

  Continuous
   Y1          Y2          Y3          Y4          Y5          Y6
   Y7          Y8          Y9          Y10

Observed independent variables
   X1          X2

Continuous latent variables
   F


Estimator                                                       ML
Information matrix                                        OBSERVED
Maximum number of iterations                                  1000
Convergence criterion                                    0.500D-04
Maximum number of steepest descent iterations                   20

Input data file(s)
  G2_B2_N2_rep438.csv

Input data format  FREE



UNIVARIATE SAMPLE STATISTICS


     UNIVARIATE HIGHER-ORDER MOMENT DESCRIPTIVE STATISTICS

         Variable/         Mean/     Skewness/   Minimum/ % with                Percentiles
        Sample Size      Variance    Kurtosis    Maximum  Min/Max      20%/60%    40%/80%    Median

     Y1                    1.834       0.922       1.000   35.40%       1.000      2.000      2.000
             500.000       0.594       1.447       5.000    0.80%       2.000      2.000
     Y2                    1.814       0.961       1.000   37.60%       1.000      2.000      2.000
             500.000       0.615       1.378       5.000    0.80%       2.000      2.000
     Y3                    3.164      -0.025       1.000    0.80%       3.000      3.000      3.000
             500.000       0.565      -0.135       5.000    2.60%       3.000      4.000
     Y4                    3.126      -0.056       1.000    1.00%       3.000      3.000      3.000
             500.000       0.546      -0.046       5.000    2.00%       3.000      4.000
     Y5                    3.094      -0.166       1.000    1.80%       2.000      3.000      3.000
             500.000       0.613      -0.204       5.000    1.80%       3.000      4.000
     Y6                    1.196       2.231       1.000   82.60%       1.000      1.000      1.000
             500.000       0.202       4.327       3.000    2.20%       1.000      1.000
     Y7                    1.198       2.263       1.000   81.80%       1.000      1.000      1.000
             500.000       0.195       5.448       4.000    0.20%       1.000      1.000
     Y8                    1.172       2.628       1.000   84.60%       1.000      1.000      1.000
             500.000       0.182       7.514       4.000    0.20%       1.000      1.000
     Y9                    1.854       0.706       1.000   34.40%       1.000      2.000      2.000
             500.000       0.589       0.256       4.000    3.40%       2.000      2.000
     Y10                   1.810       0.729       1.000   36.40%       1.000      2.000      2.000
             500.000       0.554       0.524       5.000    0.20%       2.000      2.000
     X1                   -0.024       0.098      -2.879    0.20%      -0.936     -0.307     -0.064
             500.000       1.101      -0.006       3.748    0.20%       0.188      0.856
     X2                    0.506      -0.024       0.000   49.40%       0.000      0.000      1.000
             500.000       0.250      -1.999       1.000   50.60%       1.000      1.000


THE MODEL ESTIMATION TERMINATED NORMALLY



MODEL FIT INFORMATION

Number of Free Parameters                       34

Loglikelihood

          H0 Value                       -3811.213

Information Criteria

          Akaike (AIC)                    7690.426
          Bayesian (BIC)                  7833.722
          Sample-Size Adjusted BIC        7725.804
            (n* = (n + 2) / 24)



MODEL RESULTS

                                                    Two-Tailed
                    Estimate       S.E.  Est./S.E.    P-Value

 F        BY
    Y1                 0.552      0.031     17.884      0.000
    Y2                 0.619      0.030     20.519      0.000
    Y3                 0.546      0.030     18.240      0.000
    Y4               999.000      0.000    999.000    999.000
    Y5                 0.548      0.032     17.333      0.000
    Y6                 0.275      0.019     14.602      0.000
    Y7                 0.266      0.019     14.314      0.000
    Y8                 0.241      0.018     13.178      0.000
    Y9                 0.556      0.031     18.179      0.000
    Y10                0.565      0.029     19.416      0.000

 Y4       ON
    X1                 0.016      0.024      0.647      0.518
    X2                 0.033      0.048      0.676      0.499

 Means
    F                  0.000      0.000    999.000    999.000

 Intercepts
    Y1                 1.834      0.034     53.190      0.000
    Y2                 1.814      0.035     51.706      0.000
    Y3                 3.164      0.034     94.115      0.000
    Y4                 3.133      0.043     73.057      0.000
    Y5                 3.094      0.035     88.352      0.000
    Y6                 1.196      0.020     59.565      0.000
    Y7                 1.198      0.020     60.695      0.000
    Y8                 1.172      0.019     61.359      0.000
    Y9                 1.854      0.034     54.032      0.000
    Y10                1.810      0.033     54.381      0.000

 Variances
    F                  1.000      0.000    999.000    999.000

 Residual Variances
    Y1                 0.289      0.020     14.118      0.000
    Y2                 0.232      0.018     13.171      0.000
    Y3                 0.267      0.019     14.027      0.000
    Y4                 0.250      0.018     13.840      0.000
    Y5                 0.313      0.022     14.276      0.000
    Y6                 0.126      0.008     14.839      0.000
    Y7                 0.124      0.008     14.877      0.000
    Y8                 0.124      0.008     15.058      0.000
    Y9                 0.280      0.020     14.052      0.000
    Y10                0.234      0.017     13.620      0.000

New/Additional Parameters
    L4_0               0.582      0.042     13.996      0.000
    L4_1              -0.065      0.024     -2.759      0.006
    L4_2              -0.072      0.050     -1.425      0.154


QUALITY OF NUMERICAL RESULTS

     Condition Number for the Information Matrix              0.670E-04
       (ratio of smallest to largest eigenvalue)


     Beginning Time:  15:32:46
        Ending Time:  15:32:47
       Elapsed Time:  00:00:01



MUTHEN & MUTHEN
3463 Stoner Ave.
Los Angeles, CA  90066

Tel: (310) 391-9971
Fax: (310) 391-8971
Web: www.StatModel.com
Support: Support@StatModel.com

Copyright (c) 1998-2019 Muthen & Muthen
