Mplus VERSION 8.3
MUTHEN & MUTHEN
04/24/2024   3:47 PM

INPUT INSTRUCTIONS


  TITLE: Test with 10 reps

  DATA:
  File is
  G2_B2_N2_rep487.csv;

  VARIABLE:
      Names are x1 x2 eta
  	y1 y2 y3 y4 y5 y6 y7 y8 y9 y10;
      Usevariables are y1-y10 x1 x2;
      constraint = x1 x2;

  MODEL:
      f BY y1* (l1);
      f BY y2* (l2);
      f BY y3* (l3);
      f BY y4* (l4);
      f BY y5* (l5);
      f BY y6* (l6);
      f BY y7* (l7);
      f BY y8* (l8);
      f BY y9* (l9);
      f BY y10* (l10);

  y1 ON x1 x2;
  f@1;
  [f@0];

  MODEL CONSTRAINT:
      new (l1_0 l1_1 l1_2);
      l1 = l1_0 + l1_1*x1 + l1_2*x2;




INPUT READING TERMINATED NORMALLY



Test with 10 reps

SUMMARY OF ANALYSIS

Number of groups                                                 1
Number of observations                                         500

Number of dependent variables                                   10
Number of independent variables                                  2
Number of continuous latent variables                            1

Observed dependent variables

  Continuous
   Y1          Y2          Y3          Y4          Y5          Y6
   Y7          Y8          Y9          Y10

Observed independent variables
   X1          X2

Continuous latent variables
   F


Estimator                                                       ML
Information matrix                                        OBSERVED
Maximum number of iterations                                  1000
Convergence criterion                                    0.500D-04
Maximum number of steepest descent iterations                   20

Input data file(s)
  G2_B2_N2_rep487.csv

Input data format  FREE



UNIVARIATE SAMPLE STATISTICS


     UNIVARIATE HIGHER-ORDER MOMENT DESCRIPTIVE STATISTICS

         Variable/         Mean/     Skewness/   Minimum/ % with                Percentiles
        Sample Size      Variance    Kurtosis    Maximum  Min/Max      20%/60%    40%/80%    Median

     Y1                    1.834       0.618       1.000   33.00%       1.000      2.000      2.000
             500.000       0.506       0.546       5.000    0.20%       2.000      2.000
     Y2                    1.836       0.670       1.000   33.40%       1.000      2.000      2.000
             500.000       0.525       0.604       5.000    0.20%       2.000      2.000
     Y3                    3.132      -0.155       1.000    1.20%       3.000      3.000      3.000
             500.000       0.547      -0.069       5.000    1.60%       3.000      4.000
     Y4                    3.120       0.004       1.000    1.40%       3.000      3.000      3.000
             500.000       0.590       0.106       5.000    3.00%       3.000      4.000
     Y5                    3.118      -0.082       1.000    1.60%       3.000      3.000      3.000
             500.000       0.608      -0.043       5.000    2.60%       3.000      4.000
     Y6                    1.150       3.174       1.000   86.80%       1.000      1.000      1.000
             500.000       0.172      12.064       4.000    0.40%       1.000      1.000
     Y7                    1.158       2.436       1.000   85.40%       1.000      1.000      1.000
             500.000       0.157       5.355       3.000    1.20%       1.000      1.000
     Y8                    1.160       2.258       1.000   84.80%       1.000      1.000      1.000
             500.000       0.150       4.248       3.000    0.80%       1.000      1.000
     Y9                    1.816       0.684       1.000   33.60%       1.000      2.000      2.000
             500.000       0.502       0.569       4.000    2.40%       2.000      2.000
     Y10                   1.868       0.613       1.000   33.40%       1.000      2.000      2.000
             500.000       0.571       0.230       5.000    0.20%       2.000      2.000
     X1                    0.046       0.012      -2.865    0.20%      -0.830     -0.164      0.070
             500.000       0.935      -0.133       3.760    0.20%       0.328      0.864
     X2                    0.516      -0.064       0.000   48.40%       0.000      0.000      1.000
             500.000       0.250      -1.996       1.000   51.60%       1.000      1.000


THE MODEL ESTIMATION TERMINATED NORMALLY



MODEL FIT INFORMATION

Number of Free Parameters                       34

Loglikelihood

          H0 Value                       -3722.565

Information Criteria

          Akaike (AIC)                    7513.130
          Bayesian (BIC)                  7656.426
          Sample-Size Adjusted BIC        7548.508
            (n* = (n + 2) / 24)



MODEL RESULTS

                                                    Two-Tailed
                    Estimate       S.E.  Est./S.E.    P-Value

 F        BY
    Y1               999.000      0.000    999.000    999.000
    Y2                 0.519      0.029     17.766      0.000
    Y3                 0.550      0.029     18.729      0.000
    Y4                 0.555      0.031     17.994      0.000
    Y5                 0.561      0.031     17.868      0.000
    Y6                 0.215      0.018     11.879      0.000
    Y7                 0.212      0.017     12.267      0.000
    Y8                 0.197      0.017     11.552      0.000
    Y9                 0.509      0.029     17.822      0.000
    Y10                0.512      0.031     16.464      0.000

 Y1       ON
    X1                -0.010      0.024     -0.403      0.687
    X2                 0.085      0.047      1.784      0.074

 Means
    F                  0.000      0.000    999.000    999.000

 Intercepts
    Y1                 1.783      0.039     45.779      0.000
    Y2                 1.836      0.032     56.655      0.000
    Y3                 3.132      0.033     94.729      0.000
    Y4                 3.120      0.034     90.858      0.000
    Y5                 3.118      0.035     89.409      0.000
    Y6                 1.150      0.019     62.094      0.000
    Y7                 1.158      0.018     65.342      0.000
    Y8                 1.160      0.017     66.883      0.000
    Y9                 1.816      0.032     57.304      0.000
    Y10                1.868      0.034     55.298      0.000

 Variances
    F                  1.000      0.000    999.000    999.000

 Residual Variances
    Y1                 0.240      0.017     13.742      0.000
    Y2                 0.255      0.018     13.839      0.000
    Y3                 0.244      0.018     13.478      0.000
    Y4                 0.281      0.020     13.755      0.000
    Y5                 0.293      0.021     13.796      0.000
    Y6                 0.125      0.008     15.114      0.000
    Y7                 0.112      0.007     15.058      0.000
    Y8                 0.112      0.007     15.158      0.000
    Y9                 0.243      0.018     13.817      0.000
    Y10                0.309      0.022     14.221      0.000

New/Additional Parameters
    L1_0               0.461      0.037     12.405      0.000
    L1_1               0.003      0.025      0.139      0.890
    L1_2               0.093      0.050      1.871      0.061


QUALITY OF NUMERICAL RESULTS

     Condition Number for the Information Matrix              0.535E-04
       (ratio of smallest to largest eigenvalue)


     Beginning Time:  15:47:37
        Ending Time:  15:47:39
       Elapsed Time:  00:00:02



MUTHEN & MUTHEN
3463 Stoner Ave.
Los Angeles, CA  90066

Tel: (310) 391-9971
Fax: (310) 391-8971
Web: www.StatModel.com
Support: Support@StatModel.com

Copyright (c) 1998-2019 Muthen & Muthen
