Mplus VERSION 8.3
MUTHEN & MUTHEN
04/24/2024   3:41 PM

INPUT INSTRUCTIONS


  TITLE: Test with 10 reps

  DATA:
  File is
  G2_B2_N2_rep465.csv;

  VARIABLE:
      Names are x1 x2 eta
  	y1 y2 y3 y4 y5 y6 y7 y8 y9 y10;
      Usevariables are y1-y10 x1 x2;
      constraint = x1 x2;

  MODEL:
      f BY y1* (l1);
      f BY y2* (l2);
      f BY y3* (l3);
      f BY y4* (l4);
      f BY y5* (l5);
      f BY y6* (l6);
      f BY y7* (l7);
      f BY y8* (l8);
      f BY y9* (l9);
      f BY y10* (l10);

  y9 ON x1 x2;
  f@1;
  [f@0];

  MODEL CONSTRAINT:
      new (l9_0 l9_1 l9_2);
      l9 = l9_0 + l9_1*x1 + l9_2*x2;




INPUT READING TERMINATED NORMALLY



Test with 10 reps

SUMMARY OF ANALYSIS

Number of groups                                                 1
Number of observations                                         500

Number of dependent variables                                   10
Number of independent variables                                  2
Number of continuous latent variables                            1

Observed dependent variables

  Continuous
   Y1          Y2          Y3          Y4          Y5          Y6
   Y7          Y8          Y9          Y10

Observed independent variables
   X1          X2

Continuous latent variables
   F


Estimator                                                       ML
Information matrix                                        OBSERVED
Maximum number of iterations                                  1000
Convergence criterion                                    0.500D-04
Maximum number of steepest descent iterations                   20

Input data file(s)
  G2_B2_N2_rep465.csv

Input data format  FREE



UNIVARIATE SAMPLE STATISTICS


     UNIVARIATE HIGHER-ORDER MOMENT DESCRIPTIVE STATISTICS

         Variable/         Mean/     Skewness/   Minimum/ % with                Percentiles
        Sample Size      Variance    Kurtosis    Maximum  Min/Max      20%/60%    40%/80%    Median

     Y1                    1.942       0.665       1.000   30.20%       1.000      2.000      2.000
             500.000       0.623       0.573       5.000    0.60%       2.000      3.000
     Y2                    1.850       0.720       1.000   33.00%       1.000      2.000      2.000
             500.000       0.547       0.678       5.000    0.20%       2.000      2.000
     Y3                    3.150       0.118       1.000    0.80%       3.000      3.000      3.000
             500.000       0.623      -0.164       5.000    4.00%       3.000      4.000
     Y4                    3.140       0.010       1.000    1.80%       3.000      3.000      3.000
             500.000       0.656       0.053       5.000    4.20%       3.000      4.000
     Y5                    3.098      -0.130       1.000    1.80%       2.000      3.000      3.000
             500.000       0.636      -0.247       5.000    2.20%       3.000      4.000
     Y6                    1.194       2.308       1.000   82.20%       1.000      1.000      1.000
             500.000       0.192       5.702       4.000    0.20%       1.000      1.000
     Y7                    1.192       2.475       1.000   82.20%       1.000      1.000      1.000
             500.000       0.191       7.553       4.000    0.40%       1.000      1.000
     Y8                    1.202       2.392       1.000   81.40%       1.000      1.000      1.000
             500.000       0.201       6.898       4.000    0.40%       1.000      1.000
     Y9                    1.896       0.634       1.000   31.80%       1.000      2.000      2.000
             500.000       0.585       0.305       5.000    0.20%       2.000      2.000
     Y10                   1.860       0.716       1.000   33.20%       1.000      2.000      2.000
             500.000       0.564       0.740       5.000    0.40%       2.000      2.000
     X1                    0.037      -0.056      -3.015    0.20%      -0.805     -0.219      0.058
             500.000       1.033      -0.060       2.930    0.20%       0.273      0.919
     X2                    0.482       0.072       0.000   51.80%       0.000      0.000      0.000
             500.000       0.250      -1.995       1.000   48.20%       1.000      1.000


THE MODEL ESTIMATION TERMINATED NORMALLY



MODEL FIT INFORMATION

Number of Free Parameters                       34

Loglikelihood

          H0 Value                       -3885.673

Information Criteria

          Akaike (AIC)                    7839.347
          Bayesian (BIC)                  7982.644
          Sample-Size Adjusted BIC        7874.726
            (n* = (n + 2) / 24)



MODEL RESULTS

                                                    Two-Tailed
                    Estimate       S.E.  Est./S.E.    P-Value

 F        BY
    Y1                 0.591      0.031     19.026      0.000
    Y2                 0.523      0.030     17.554      0.000
    Y3                 0.589      0.031     18.886      0.000
    Y4                 0.588      0.032     18.201      0.000
    Y5                 0.594      0.032     18.856      0.000
    Y6                 0.269      0.018     14.593      0.000
    Y7                 0.278      0.018     15.216      0.000
    Y8                 0.276      0.019     14.604      0.000
    Y9               999.000      0.000    999.000    999.000
    Y10                0.521      0.030     17.086      0.000

 Y9       ON
    X1                 0.008      0.025      0.316      0.752
    X2                 0.099      0.051      1.946      0.052

 Means
    F                  0.000      0.000    999.000    999.000

 Intercepts
    Y1                 1.942      0.035     55.032      0.000
    Y2                 1.850      0.033     55.907      0.000
    Y3                 3.150      0.035     89.203      0.000
    Y4                 3.140      0.036     86.662      0.000
    Y5                 3.098      0.036     86.837      0.000
    Y6                 1.194      0.020     60.873      0.000
    Y7                 1.192      0.020     60.966      0.000
    Y8                 1.202      0.020     59.921      0.000
    Y9                 1.857      0.043     42.845      0.000
    Y10                1.860      0.034     55.361      0.000

 Variances
    F                  1.000      0.000    999.000    999.000

 Residual Variances
    Y1                 0.273      0.020     13.714      0.000
    Y2                 0.274      0.019     14.183      0.000
    Y3                 0.277      0.020     13.748      0.000
    Y4                 0.310      0.022     13.972      0.000
    Y5                 0.283      0.021     13.762      0.000
    Y6                 0.120      0.008     14.775      0.000
    Y7                 0.114      0.008     14.649      0.000
    Y8                 0.125      0.008     14.782      0.000
    Y9                 0.269      0.019     13.977      0.000
    Y10                0.293      0.021     14.289      0.000

New/Additional Parameters
    L9_0               0.566      0.042     13.440      0.000
    L9_1              -0.017      0.023     -0.749      0.454
    L9_2              -0.034      0.053     -0.637      0.524


QUALITY OF NUMERICAL RESULTS

     Condition Number for the Information Matrix              0.586E-04
       (ratio of smallest to largest eigenvalue)


     Beginning Time:  15:41:18
        Ending Time:  15:41:19
       Elapsed Time:  00:00:01



MUTHEN & MUTHEN
3463 Stoner Ave.
Los Angeles, CA  90066

Tel: (310) 391-9971
Fax: (310) 391-8971
Web: www.StatModel.com
Support: Support@StatModel.com

Copyright (c) 1998-2019 Muthen & Muthen
