Mplus VERSION 8.3
MUTHEN & MUTHEN
04/24/2024   3:39 PM

INPUT INSTRUCTIONS


  TITLE: Test with 10 reps

  DATA:
  File is
  G2_B2_N2_rep460.csv;

  VARIABLE:
      Names are x1 x2 eta
  	y1 y2 y3 y4 y5 y6 y7 y8 y9 y10;
      Usevariables are y1-y10 x1 x2;
      constraint = x1 x2;

  MODEL:
      f BY y1* (l1);
      f BY y2* (l2);
      f BY y3* (l3);
      f BY y4* (l4);
      f BY y5* (l5);
      f BY y6* (l6);
      f BY y7* (l7);
      f BY y8* (l8);
      f BY y9* (l9);
      f BY y10* (l10);

  y6 ON x1 x2;
  f@1;
  [f@0];

  MODEL CONSTRAINT:
      new (l6_0 l6_1 l6_2);
      l6 = l6_0 + l6_1*x1 + l6_2*x2;




INPUT READING TERMINATED NORMALLY



Test with 10 reps

SUMMARY OF ANALYSIS

Number of groups                                                 1
Number of observations                                         500

Number of dependent variables                                   10
Number of independent variables                                  2
Number of continuous latent variables                            1

Observed dependent variables

  Continuous
   Y1          Y2          Y3          Y4          Y5          Y6
   Y7          Y8          Y9          Y10

Observed independent variables
   X1          X2

Continuous latent variables
   F


Estimator                                                       ML
Information matrix                                        OBSERVED
Maximum number of iterations                                  1000
Convergence criterion                                    0.500D-04
Maximum number of steepest descent iterations                   20

Input data file(s)
  G2_B2_N2_rep460.csv

Input data format  FREE



UNIVARIATE SAMPLE STATISTICS


     UNIVARIATE HIGHER-ORDER MOMENT DESCRIPTIVE STATISTICS

         Variable/         Mean/     Skewness/   Minimum/ % with                Percentiles
        Sample Size      Variance    Kurtosis    Maximum  Min/Max      20%/60%    40%/80%    Median

     Y1                    1.882       0.856       1.000   34.40%       1.000      2.000      2.000
             500.000       0.652       0.970       5.000    0.80%       2.000      2.000
     Y2                    1.846       0.931       1.000   33.80%       1.000      2.000      2.000
             500.000       0.590       1.264       5.000    0.40%       2.000      2.000
     Y3                    3.136      -0.155       1.000    2.40%       2.000      3.000      3.000
             500.000       0.694      -0.132       5.000    3.40%       3.000      4.000
     Y4                    3.100      -0.227       1.000    2.20%       2.000      3.000      3.000
             500.000       0.614      -0.054       5.000    1.80%       3.000      4.000
     Y5                    3.128      -0.100       1.000    1.40%       3.000      3.000      3.000
             500.000       0.608      -0.171       5.000    2.40%       3.000      4.000
     Y6                    1.192       2.373       1.000   82.60%       1.000      1.000      1.000
             500.000       0.195       5.992       4.000    0.20%       1.000      1.000
     Y7                    1.184       3.088       1.000   83.20%       1.000      1.000      1.000
             500.000       0.198      14.476       5.000    0.20%       1.000      1.000
     Y8                    1.178       3.235       1.000   84.60%       1.000      1.000      1.000
             500.000       0.210      14.427       5.000    0.20%       1.000      1.000
     Y9                    1.902       0.934       1.000   31.60%       1.000      2.000      2.000
             500.000       0.636       1.333       5.000    0.80%       2.000      2.000
     Y10                   1.868       0.941       1.000   35.60%       1.000      2.000      2.000
             500.000       0.675       1.080       5.000    0.80%       2.000      2.000
     X1                   -0.060      -0.102      -3.320    0.20%      -0.899     -0.320     -0.109
             500.000       1.100      -0.052       2.604    0.20%       0.168      0.846
     X2                    0.484       0.064       0.000   51.60%       0.000      0.000      0.000
             500.000       0.250      -1.996       1.000   48.40%       1.000      1.000


THE MODEL ESTIMATION TERMINATED NORMALLY



MODEL FIT INFORMATION

Number of Free Parameters                       34

Loglikelihood

          H0 Value                       -4057.792

Information Criteria

          Akaike (AIC)                    8183.583
          Bayesian (BIC)                  8326.880
          Sample-Size Adjusted BIC        8218.962
            (n* = (n + 2) / 24)



MODEL RESULTS

                                                    Two-Tailed
                    Estimate       S.E.  Est./S.E.    P-Value

 F        BY
    Y1                 0.581      0.032     17.942      0.000
    Y2                 0.554      0.031     17.997      0.000
    Y3                 0.603      0.033     18.086      0.000
    Y4                 0.558      0.032     17.697      0.000
    Y5                 0.545      0.032     17.226      0.000
    Y6               999.000      0.000    999.000    999.000
    Y7                 0.261      0.019     13.787      0.000
    Y8                 0.270      0.020     13.865      0.000
    Y9                 0.569      0.032     17.705      0.000
    Y10                0.630      0.032     19.612      0.000

 Y6       ON
    X1                -0.018      0.016     -1.102      0.270
    X2                 0.031      0.033      0.926      0.355

 Means
    F                  0.000      0.000    999.000    999.000

 Intercepts
    Y1                 1.882      0.036     52.114      0.000
    Y2                 1.846      0.034     53.726      0.000
    Y3                 3.136      0.037     84.205      0.000
    Y4                 3.100      0.035     88.463      0.000
    Y5                 3.128      0.035     89.730      0.000
    Y6                 1.155      0.024     47.203      0.000
    Y7                 1.184      0.020     59.477      0.000
    Y8                 1.178      0.021     57.437      0.000
    Y9                 1.902      0.036     53.313      0.000
    Y10                1.868      0.037     50.857      0.000

 Variances
    F                  1.000      0.000    999.000    999.000

 Residual Variances
    Y1                 0.314      0.023     13.958      0.000
    Y2                 0.283      0.020     13.932      0.000
    Y3                 0.330      0.024     13.915      0.000
    Y4                 0.302      0.022     14.024      0.000
    Y5                 0.311      0.022     14.160      0.000
    Y6                 0.120      0.008     14.613      0.000
    Y7                 0.130      0.009     14.898      0.000
    Y8                 0.137      0.009     14.883      0.000
    Y9                 0.313      0.022     14.039      0.000
    Y10                0.278      0.021     13.354      0.000

New/Additional Parameters
    L6_0               0.198      0.026      7.594      0.000
    L6_1               0.031      0.017      1.870      0.061
    L6_2               0.120      0.034      3.479      0.001


QUALITY OF NUMERICAL RESULTS

     Condition Number for the Information Matrix              0.651E-04
       (ratio of smallest to largest eigenvalue)


     Beginning Time:  15:39:42
        Ending Time:  15:39:44
       Elapsed Time:  00:00:02



MUTHEN & MUTHEN
3463 Stoner Ave.
Los Angeles, CA  90066

Tel: (310) 391-9971
Fax: (310) 391-8971
Web: www.StatModel.com
Support: Support@StatModel.com

Copyright (c) 1998-2019 Muthen & Muthen
