Mplus VERSION 8.3
MUTHEN & MUTHEN
04/24/2024   3:55 PM

INPUT INSTRUCTIONS


  TITLE: Test with 10 reps

  DATA:
  File is
  G2_B2_N2_rep63.csv;

  VARIABLE:
      Names are x1 x2 eta
  	y1 y2 y3 y4 y5 y6 y7 y8 y9 y10;
      Usevariables are y1-y10 x1 x2;
      constraint = x1 x2;

  MODEL:
      f BY y1* (l1);
      f BY y2* (l2);
      f BY y3* (l3);
      f BY y4* (l4);
      f BY y5* (l5);
      f BY y6* (l6);
      f BY y7* (l7);
      f BY y8* (l8);
      f BY y9* (l9);
      f BY y10* (l10);

  y4 ON x1 x2;
  f@1;
  [f@0];

  MODEL CONSTRAINT:
      new (l4_0 l4_1 l4_2);
      l4 = l4_0 + l4_1*x1 + l4_2*x2;




INPUT READING TERMINATED NORMALLY



Test with 10 reps

SUMMARY OF ANALYSIS

Number of groups                                                 1
Number of observations                                         500

Number of dependent variables                                   10
Number of independent variables                                  2
Number of continuous latent variables                            1

Observed dependent variables

  Continuous
   Y1          Y2          Y3          Y4          Y5          Y6
   Y7          Y8          Y9          Y10

Observed independent variables
   X1          X2

Continuous latent variables
   F


Estimator                                                       ML
Information matrix                                        OBSERVED
Maximum number of iterations                                  1000
Convergence criterion                                    0.500D-04
Maximum number of steepest descent iterations                   20

Input data file(s)
  G2_B2_N2_rep63.csv

Input data format  FREE



UNIVARIATE SAMPLE STATISTICS


     UNIVARIATE HIGHER-ORDER MOMENT DESCRIPTIVE STATISTICS

         Variable/         Mean/     Skewness/   Minimum/ % with                Percentiles
        Sample Size      Variance    Kurtosis    Maximum  Min/Max      20%/60%    40%/80%    Median

     Y1                    1.892       0.869       1.000   32.60%       1.000      2.000      2.000
             500.000       0.628       1.171       5.000    0.80%       2.000      2.000
     Y2                    1.868       0.809       1.000   31.40%       1.000      2.000      2.000
             500.000       0.547       1.362       5.000    0.60%       2.000      2.000
     Y3                    3.124      -0.034       1.000    1.40%       3.000      3.000      3.000
             500.000       0.597       0.002       5.000    2.80%       3.000      4.000
     Y4                    3.158       0.121       1.000    0.80%       3.000      3.000      3.000
             500.000       0.609      -0.083       5.000    4.00%       3.000      4.000
     Y5                    3.160      -0.125       1.000    1.00%       3.000      3.000      3.000
             500.000       0.558      -0.143       5.000    2.00%       3.000      4.000
     Y6                    1.240       3.114       1.000   80.80%       1.000      1.000      1.000
             500.000       0.322      12.297       5.000    0.40%       1.000      1.000
     Y7                    1.192       3.003       1.000   82.80%       1.000      1.000      1.000
             500.000       0.211      13.156       5.000    0.20%       1.000      1.000
     Y8                    1.218       2.537       1.000   81.40%       1.000      1.000      1.000
             500.000       0.246       7.251       4.000    0.60%       1.000      1.000
     Y9                    1.906       0.649       1.000   32.00%       1.000      2.000      2.000
             500.000       0.605       0.410       5.000    0.40%       2.000      2.000
     Y10                   1.894       0.707       1.000   31.00%       1.000      2.000      2.000
             500.000       0.571       0.759       5.000    0.40%       2.000      2.000
     X1                   -0.095      -0.077      -3.563    0.20%      -0.908     -0.375     -0.099
             500.000       1.099       0.662       3.232    0.20%       0.151      0.713
     X2                    0.548      -0.193       0.000   45.20%       0.000      0.000      1.000
             500.000       0.248      -1.963       1.000   54.80%       1.000      1.000


THE MODEL ESTIMATION TERMINATED NORMALLY



MODEL FIT INFORMATION

Number of Free Parameters                       34

Loglikelihood

          H0 Value                       -4019.555

Information Criteria

          Akaike (AIC)                    8107.110
          Bayesian (BIC)                  8250.407
          Sample-Size Adjusted BIC        8142.489
            (n* = (n + 2) / 24)



MODEL RESULTS

                                                    Two-Tailed
                    Estimate       S.E.  Est./S.E.    P-Value

 F        BY
    Y1                 0.582      0.031     18.514      0.000
    Y2                 0.532      0.030     18.013      0.000
    Y3                 0.568      0.031     18.556      0.000
    Y4               999.000      0.000    999.000    999.000
    Y5                 0.532      0.030     17.729      0.000
    Y6                 0.371      0.023     15.815      0.000
    Y7                 0.292      0.019     15.242      0.000
    Y8                 0.315      0.021     15.258      0.000
    Y9                 0.578      0.031     18.828      0.000
    Y10                0.527      0.031     17.254      0.000

 Y4       ON
    X1                 0.023      0.024      0.957      0.339
    X2                -0.057      0.052     -1.104      0.269

 Means
    F                  0.000      0.000    999.000    999.000

 Intercepts
    Y1                 1.892      0.035     53.371      0.000
    Y2                 1.868      0.033     56.498      0.000
    Y3                 3.124      0.035     90.437      0.000
    Y4                 3.206      0.048     67.038      0.000
    Y5                 3.160      0.033     94.558      0.000
    Y6                 1.240      0.025     48.832      0.000
    Y7                 1.192      0.021     58.007      0.000
    Y8                 1.218      0.022     54.859      0.000
    Y9                 1.906      0.035     54.786      0.000
    Y10                1.894      0.034     56.058      0.000

 Variances
    F                  1.000      0.000    999.000    999.000

 Residual Variances
    Y1                 0.290      0.021     13.954      0.000
    Y2                 0.263      0.019     14.091      0.000
    Y3                 0.274      0.020     13.912      0.000
    Y4                 0.262      0.019     13.548      0.000
    Y5                 0.276      0.019     14.182      0.000
    Y6                 0.185      0.013     14.588      0.000
    Y7                 0.126      0.009     14.704      0.000
    Y8                 0.147      0.010     14.705      0.000
    Y9                 0.271      0.020     13.825      0.000
    Y10                0.293      0.021     14.286      0.000

New/Additional Parameters
    L4_0               0.649      0.053     12.264      0.000
    L4_1              -0.039      0.022     -1.756      0.079
    L4_2              -0.087      0.058     -1.499      0.134


QUALITY OF NUMERICAL RESULTS

     Condition Number for the Information Matrix              0.717E-04
       (ratio of smallest to largest eigenvalue)


     Beginning Time:  15:55:49
        Ending Time:  15:55:51
       Elapsed Time:  00:00:02



MUTHEN & MUTHEN
3463 Stoner Ave.
Los Angeles, CA  90066

Tel: (310) 391-9971
Fax: (310) 391-8971
Web: www.StatModel.com
Support: Support@StatModel.com

Copyright (c) 1998-2019 Muthen & Muthen
