Mplus VERSION 8.3
MUTHEN & MUTHEN
03/29/2024  10:50 AM

INPUT INSTRUCTIONS


  TITLE: Test with 10 reps

  DATA:
  File is
  G1_B1_N1_rep117.csv;

  VARIABLE:
      Names are x1 x2 eta
  	y1 y2 y3 y4 y5 y6 y7 y8 y9 y10;
      Usevariables are y1-y10 x1 x2;
      constraint = x1 x2;

  MODEL:
      f BY y1* (l1);
      f BY y2* (l2);
      f BY y3* (l3);
      f BY y4* (l4);
      f BY y5* (l5);
      f BY y6* (l6);
      f BY y7* (l7);
      f BY y8* (l8);
      f BY y9* (l9);
      f BY y10* (l10);

  y10 ON x1 x2;
  f@1;
  [f@0];

  MODEL CONSTRAINT:
      new (l10_0 l10_1 l10_2);
      l10 = l10_0 + l10_1*x1 + l10_2*x2;




INPUT READING TERMINATED NORMALLY



Test with 10 reps

SUMMARY OF ANALYSIS

Number of groups                                                 1
Number of observations                                         250

Number of dependent variables                                   10
Number of independent variables                                  2
Number of continuous latent variables                            1

Observed dependent variables

  Continuous
   Y1          Y2          Y3          Y4          Y5          Y6
   Y7          Y8          Y9          Y10

Observed independent variables
   X1          X2

Continuous latent variables
   F


Estimator                                                       ML
Information matrix                                        OBSERVED
Maximum number of iterations                                  1000
Convergence criterion                                    0.500D-04
Maximum number of steepest descent iterations                   20

Input data file(s)
  G1_B1_N1_rep117.csv

Input data format  FREE



UNIVARIATE SAMPLE STATISTICS


     UNIVARIATE HIGHER-ORDER MOMENT DESCRIPTIVE STATISTICS

         Variable/         Mean/     Skewness/   Minimum/ % with                Percentiles
        Sample Size      Variance    Kurtosis    Maximum  Min/Max      20%/60%    40%/80%    Median

     Y1                    1.800       1.136       1.000   37.20%       1.000      2.000      2.000
             250.000       0.600       2.347       5.000    1.20%       2.000      2.000
     Y2                    1.848       0.982       1.000   36.00%       1.000      2.000      2.000
             250.000       0.641       1.599       5.000    1.20%       2.000      2.000
     Y3                    3.048      -0.007       1.000    2.40%       2.000      3.000      3.000
             250.000       0.694      -0.176       5.000    3.20%       3.000      4.000
     Y4                    3.068       0.107       1.000    1.20%       2.000      3.000      3.000
             250.000       0.647      -0.263       5.000    3.20%       3.000      4.000
     Y5                    3.084      -0.014       1.000    2.80%       3.000      3.000      3.000
             250.000       0.645       0.469       5.000    4.00%       3.000      4.000
     Y6                    1.176       2.324       1.000   84.00%       1.000      1.000      1.000
             250.000       0.177       4.796       3.000    1.60%       1.000      1.000
     Y7                    1.208       2.320       1.000   82.80%       1.000      1.000      1.000
             250.000       0.237       4.607       3.000    3.60%       1.000      1.000
     Y8                    1.196       2.950       1.000   84.80%       1.000      1.000      1.000
             250.000       0.262       9.288       4.000    0.80%       1.000      1.000
     Y9                    1.896       1.086       1.000   36.00%       1.000      2.000      2.000
             250.000       0.773       1.391       5.000    1.60%       2.000      2.000
     Y10                   1.816       0.542       1.000   37.60%       1.000      2.000      2.000
             250.000       0.566      -0.362       4.000    1.60%       2.000      2.000
     X1                   -0.061       0.091      -3.572    0.40%      -0.984     -0.441     -0.107
             250.000       1.053      -0.124       2.395    0.40%       0.212      0.861
     X2                    0.484       0.064       0.000   51.60%       0.000      0.000      0.000
             250.000       0.250      -1.996       1.000   48.40%       1.000      1.000


THE MODEL ESTIMATION TERMINATED NORMALLY



MODEL FIT INFORMATION

Number of Free Parameters                       34

Loglikelihood

          H0 Value                       -2263.042

Information Criteria

          Akaike (AIC)                    4594.083
          Bayesian (BIC)                  4713.813
          Sample-Size Adjusted BIC        4606.030
            (n* = (n + 2) / 24)



MODEL RESULTS

                                                    Two-Tailed
                    Estimate       S.E.  Est./S.E.    P-Value

 F        BY
    Y1                 0.500      0.047     10.696      0.000
    Y2                 0.502      0.049     10.318      0.000
    Y3                 0.538      0.050     10.699      0.000
    Y4                 0.504      0.049     10.275      0.000
    Y5                 0.489      0.049      9.941      0.000
    Y6                 0.186      0.027      6.815      0.000
    Y7                 0.316      0.029     10.745      0.000
    Y8                 0.262      0.032      8.077      0.000
    Y9                 0.537      0.054      9.961      0.000
    Y10              999.000      0.000    999.000    999.000

 Y10      ON
    X1                 0.023      0.037      0.634      0.526
    X2                -0.034      0.075     -0.460      0.646

 Means
    F                  0.000      0.000    999.000    999.000

 Intercepts
    Y1                 1.800      0.049     36.742      0.000
    Y2                 1.848      0.051     36.499      0.000
    Y3                 3.048      0.053     57.863      0.000
    Y4                 3.068      0.051     60.290      0.000
    Y5                 3.084      0.051     60.719      0.000
    Y6                 1.176      0.027     44.194      0.000
    Y7                 1.208      0.031     39.256      0.000
    Y8                 1.196      0.032     36.974      0.000
    Y9                 1.896      0.056     34.093      0.000
    Y10                1.834      0.060     30.737      0.000

 Variances
    F                  1.000      0.000    999.000    999.000

 Residual Variances
    Y1                 0.350      0.036      9.826      0.000
    Y2                 0.388      0.039      9.952      0.000
    Y3                 0.405      0.041      9.838      0.000
    Y4                 0.394      0.040      9.957      0.000
    Y5                 0.406      0.040     10.068      0.000
    Y6                 0.143      0.013     10.721      0.000
    Y7                 0.137      0.014      9.793      0.000
    Y8                 0.193      0.018     10.495      0.000
    Y9                 0.485      0.048     10.051      0.000
    Y10                0.303      0.032      9.526      0.000

New/Additional Parameters
    L10_0              0.510      0.061      8.353      0.000
    L10_1             -0.007      0.031     -0.218      0.827
    L10_2              0.004      0.080      0.046      0.963


QUALITY OF NUMERICAL RESULTS

     Condition Number for the Information Matrix              0.173E-03
       (ratio of smallest to largest eigenvalue)


     Beginning Time:  10:50:27
        Ending Time:  10:50:27
       Elapsed Time:  00:00:00



MUTHEN & MUTHEN
3463 Stoner Ave.
Los Angeles, CA  90066

Tel: (310) 391-9971
Fax: (310) 391-8971
Web: www.StatModel.com
Support: Support@StatModel.com

Copyright (c) 1998-2019 Muthen & Muthen
