Mplus VERSION 8.3
MUTHEN & MUTHEN
03/29/2024  10:59 AM

INPUT INSTRUCTIONS


  TITLE: Test with 10 reps

  DATA:
  File is
  G1_B1_N1_rep18.csv;

  VARIABLE:
      Names are x1 x2 eta
  	y1 y2 y3 y4 y5 y6 y7 y8 y9 y10;
      Usevariables are y1-y10 x1 x2;
      constraint = x1 x2;

  MODEL:
      f BY y1* (l1);
      f BY y2* (l2);
      f BY y3* (l3);
      f BY y4* (l4);
      f BY y5* (l5);
      f BY y6* (l6);
      f BY y7* (l7);
      f BY y8* (l8);
      f BY y9* (l9);
      f BY y10* (l10);

  y10 ON x1 x2;
  f@1;
  [f@0];

  MODEL CONSTRAINT:
      new (l10_0 l10_1 l10_2);
      l10 = l10_0 + l10_1*x1 + l10_2*x2;




INPUT READING TERMINATED NORMALLY



Test with 10 reps

SUMMARY OF ANALYSIS

Number of groups                                                 1
Number of observations                                         250

Number of dependent variables                                   10
Number of independent variables                                  2
Number of continuous latent variables                            1

Observed dependent variables

  Continuous
   Y1          Y2          Y3          Y4          Y5          Y6
   Y7          Y8          Y9          Y10

Observed independent variables
   X1          X2

Continuous latent variables
   F


Estimator                                                       ML
Information matrix                                        OBSERVED
Maximum number of iterations                                  1000
Convergence criterion                                    0.500D-04
Maximum number of steepest descent iterations                   20

Input data file(s)
  G1_B1_N1_rep18.csv

Input data format  FREE



UNIVARIATE SAMPLE STATISTICS


     UNIVARIATE HIGHER-ORDER MOMENT DESCRIPTIVE STATISTICS

         Variable/         Mean/     Skewness/   Minimum/ % with                Percentiles
        Sample Size      Variance    Kurtosis    Maximum  Min/Max      20%/60%    40%/80%    Median

     Y1                    1.808       0.494       1.000   34.80%       1.000      2.000      2.000
             250.000       0.491      -0.129       4.000    1.20%       2.000      2.000
     Y2                    1.760       0.652       1.000   39.60%       1.000      2.000      2.000
             250.000       0.526      -0.006       4.000    1.60%       2.000      2.000
     Y3                    3.076       0.120       1.000    1.20%       3.000      3.000      3.000
             250.000       0.542       0.383       5.000    2.80%       3.000      4.000
     Y4                    3.044      -0.017       1.000    0.80%       2.000      3.000      3.000
             250.000       0.570      -0.518       5.000    1.20%       3.000      4.000
     Y5                    3.064       0.060       1.000    0.80%       2.000      3.000      3.000
             250.000       0.572      -0.275       5.000    2.00%       3.000      4.000
     Y6                    1.156       4.109       1.000   88.40%       1.000      1.000      1.000
             250.000       0.244      20.773       5.000    0.40%       1.000      1.000
     Y7                    1.140       2.333       1.000   86.40%       1.000      1.000      1.000
             250.000       0.128       4.304       3.000    0.40%       1.000      1.000
     Y8                    1.152       3.104       1.000   86.40%       1.000      1.000      1.000
             250.000       0.169      11.760       4.000    0.40%       1.000      1.000
     Y9                    1.824       0.796       1.000   33.20%       1.000      2.000      2.000
             250.000       0.513       1.307       5.000    0.40%       2.000      2.000
     Y10                   1.848       0.941       1.000   32.80%       1.000      2.000      2.000
             250.000       0.561       1.813       5.000    0.80%       2.000      2.000
     X1                    0.019      -0.097      -2.750    0.40%      -0.810     -0.178      0.109
             250.000       0.971       0.051       2.863    0.40%       0.282      0.789
     X2                    0.512      -0.048       0.000   48.80%       0.000      0.000      1.000
             250.000       0.250      -1.998       1.000   51.20%       1.000      1.000


THE MODEL ESTIMATION TERMINATED NORMALLY



MODEL FIT INFORMATION

Number of Free Parameters                       34

Loglikelihood

          H0 Value                       -2012.948

Information Criteria

          Akaike (AIC)                    4093.896
          Bayesian (BIC)                  4213.625
          Sample-Size Adjusted BIC        4105.842
            (n* = (n + 2) / 24)



MODEL RESULTS

                                                    Two-Tailed
                    Estimate       S.E.  Est./S.E.    P-Value

 F        BY
    Y1                 0.430      0.043     10.007      0.000
    Y2                 0.456      0.044     10.312      0.000
    Y3                 0.460      0.045     10.257      0.000
    Y4                 0.516      0.045     11.482      0.000
    Y5                 0.466      0.046     10.072      0.000
    Y6                 0.250      0.031      7.946      0.000
    Y7                 0.187      0.023      8.261      0.000
    Y8                 0.226      0.026      8.745      0.000
    Y9                 0.466      0.043     10.784      0.000
    Y10              999.000      0.000    999.000    999.000

 Y10      ON
    X1                 0.043      0.039      1.109      0.268
    X2                -0.069      0.077     -0.894      0.371

 Means
    F                  0.000      0.000    999.000    999.000

 Intercepts
    Y1                 1.808      0.044     40.791      0.000
    Y2                 1.760      0.046     38.355      0.000
    Y3                 3.076      0.047     66.049      0.000
    Y4                 3.044      0.048     63.746      0.000
    Y5                 3.064      0.048     64.062      0.000
    Y6                 1.156      0.031     37.028      0.000
    Y7                 1.140      0.023     50.303      0.000
    Y8                 1.152      0.026     44.321      0.000
    Y9                 1.824      0.045     40.265      0.000
    Y10                1.884      0.062     30.415      0.000

 Variances
    F                  1.000      0.000    999.000    999.000

 Residual Variances
    Y1                 0.307      0.031     10.032      0.000
    Y2                 0.319      0.032      9.925      0.000
    Y3                 0.331      0.033      9.966      0.000
    Y4                 0.304      0.032      9.480      0.000
    Y5                 0.355      0.035     10.007      0.000
    Y6                 0.181      0.017     10.492      0.000
    Y7                 0.093      0.009     10.456      0.000
    Y8                 0.118      0.011     10.328      0.000
    Y9                 0.296      0.030      9.785      0.000
    Y10                0.325      0.033      9.763      0.000

New/Additional Parameters
    L10_0              0.476      0.070      6.766      0.000
    L10_1             -0.060      0.036     -1.644      0.100
    L10_2              0.008      0.085      0.095      0.924


QUALITY OF NUMERICAL RESULTS

     Condition Number for the Information Matrix              0.775E-04
       (ratio of smallest to largest eigenvalue)


     Beginning Time:  10:59:49
        Ending Time:  10:59:50
       Elapsed Time:  00:00:01



MUTHEN & MUTHEN
3463 Stoner Ave.
Los Angeles, CA  90066

Tel: (310) 391-9971
Fax: (310) 391-8971
Web: www.StatModel.com
Support: Support@StatModel.com

Copyright (c) 1998-2019 Muthen & Muthen
