Mplus VERSION 8.3
MUTHEN & MUTHEN
03/29/2024  10:54 AM

INPUT INSTRUCTIONS


  TITLE: Test with 10 reps

  DATA:
  File is
  G1_B1_N1_rep145.csv;

  VARIABLE:
      Names are x1 x2 eta
  	y1 y2 y3 y4 y5 y6 y7 y8 y9 y10;
      Usevariables are y1-y10 x1 x2;
      constraint = x1 x2;

  MODEL:
      f BY y1* (l1);
      f BY y2* (l2);
      f BY y3* (l3);
      f BY y4* (l4);
      f BY y5* (l5);
      f BY y6* (l6);
      f BY y7* (l7);
      f BY y8* (l8);
      f BY y9* (l9);
      f BY y10* (l10);

  y10 ON x1 x2;
  f@1;
  [f@0];

  MODEL CONSTRAINT:
      new (l10_0 l10_1 l10_2);
      l10 = l10_0 + l10_1*x1 + l10_2*x2;




INPUT READING TERMINATED NORMALLY



Test with 10 reps

SUMMARY OF ANALYSIS

Number of groups                                                 1
Number of observations                                         250

Number of dependent variables                                   10
Number of independent variables                                  2
Number of continuous latent variables                            1

Observed dependent variables

  Continuous
   Y1          Y2          Y3          Y4          Y5          Y6
   Y7          Y8          Y9          Y10

Observed independent variables
   X1          X2

Continuous latent variables
   F


Estimator                                                       ML
Information matrix                                        OBSERVED
Maximum number of iterations                                  1000
Convergence criterion                                    0.500D-04
Maximum number of steepest descent iterations                   20

Input data file(s)
  G1_B1_N1_rep145.csv

Input data format  FREE



UNIVARIATE SAMPLE STATISTICS


     UNIVARIATE HIGHER-ORDER MOMENT DESCRIPTIVE STATISTICS

         Variable/         Mean/     Skewness/   Minimum/ % with                Percentiles
        Sample Size      Variance    Kurtosis    Maximum  Min/Max      20%/60%    40%/80%    Median

     Y1                    1.740       0.690       1.000   40.40%       1.000      1.000      2.000
             250.000       0.512       0.135       4.000    1.60%       2.000      2.000
     Y2                    1.820       1.237       1.000   37.60%       1.000      2.000      2.000
             250.000       0.684       2.096       5.000    1.20%       2.000      2.000
     Y3                    3.028       0.049       1.000    1.60%       2.000      3.000      3.000
             250.000       0.619      -0.146       5.000    2.40%       3.000      4.000
     Y4                    3.060      -0.012       1.000    1.60%       2.000      3.000      3.000
             250.000       0.632      -0.240       5.000    2.40%       3.000      4.000
     Y5                    3.056       0.020       1.000    2.00%       2.000      3.000      3.000
             250.000       0.693      -0.283       5.000    3.20%       3.000      4.000
     Y6                    1.172       3.226       1.000   85.60%       1.000      1.000      1.000
             250.000       0.214      12.329       4.000    0.80%       1.000      1.000
     Y7                    1.168       3.267       1.000   85.60%       1.000      1.000      1.000
             250.000       0.204      13.056       4.000    0.80%       1.000      1.000
     Y8                    1.164       3.334       1.000   86.00%       1.000      1.000      1.000
             250.000       0.201      13.557       4.000    0.80%       1.000      1.000
     Y9                    1.716       0.972       1.000   43.60%       1.000      1.000      2.000
             250.000       0.563       1.133       5.000    0.40%       2.000      2.000
     Y10                   1.692       0.793       1.000   44.40%       1.000      1.000      2.000
             250.000       0.517       0.231       4.000    1.60%       2.000      2.000
     X1                   -0.039      -0.008      -2.824    0.40%      -0.839     -0.264     -0.019
             250.000       0.888       0.044       2.707    0.40%       0.189      0.731
     X2                    0.544      -0.177       0.000   45.60%       0.000      0.000      1.000
             250.000       0.248      -1.969       1.000   54.40%       1.000      1.000


THE MODEL ESTIMATION TERMINATED NORMALLY



MODEL FIT INFORMATION

Number of Free Parameters                       34

Loglikelihood

          H0 Value                       -2207.939

Information Criteria

          Akaike (AIC)                    4483.878
          Bayesian (BIC)                  4603.608
          Sample-Size Adjusted BIC        4495.825
            (n* = (n + 2) / 24)



MODEL RESULTS

                                                    Two-Tailed
                    Estimate       S.E.  Est./S.E.    P-Value

 F        BY
    Y1                 0.427      0.045      9.590      0.000
    Y2                 0.549      0.050     10.967      0.000
    Y3                 0.508      0.048     10.575      0.000
    Y4                 0.533      0.048     11.105      0.000
    Y5                 0.513      0.051      9.980      0.000
    Y6                 0.225      0.030      7.500      0.000
    Y7                 0.210      0.029      7.129      0.000
    Y8                 0.217      0.029      7.514      0.000
    Y9                 0.427      0.047      9.046      0.000
    Y10              999.000      0.000    999.000    999.000

 Y10      ON
    X1                -0.015      0.041     -0.366      0.714
    X2                 0.148      0.078      1.902      0.057

 Means
    F                  0.000      0.000    999.000    999.000

 Intercepts
    Y1                 1.740      0.045     38.434      0.000
    Y2                 1.820      0.052     34.805      0.000
    Y3                 3.028      0.050     60.842      0.000
    Y4                 3.060      0.050     60.841      0.000
    Y5                 3.056      0.053     58.050      0.000
    Y6                 1.172      0.029     40.019      0.000
    Y7                 1.168      0.029     40.911      0.000
    Y8                 1.164      0.028     41.040      0.000
    Y9                 1.716      0.047     36.149      0.000
    Y10                1.620      0.065     25.060      0.000

 Variances
    F                  1.000      0.000    999.000    999.000

 Residual Variances
    Y1                 0.330      0.033      9.999      0.000
    Y2                 0.382      0.040      9.496      0.000
    Y3                 0.361      0.037      9.655      0.000
    Y4                 0.348      0.037      9.444      0.000
    Y5                 0.430      0.044      9.885      0.000
    Y6                 0.164      0.016     10.505      0.000
    Y7                 0.160      0.015     10.575      0.000
    Y8                 0.154      0.015     10.534      0.000
    Y9                 0.381      0.038     10.150      0.000
    Y10                0.331      0.033     10.059      0.000

New/Additional Parameters
    L10_0              0.488      0.070      6.967      0.000
    L10_1             -0.016      0.042     -0.372      0.710
    L10_2             -0.121      0.085     -1.419      0.156


QUALITY OF NUMERICAL RESULTS

     Condition Number for the Information Matrix              0.207E-03
       (ratio of smallest to largest eigenvalue)


     Beginning Time:  10:54:40
        Ending Time:  10:54:41
       Elapsed Time:  00:00:01



MUTHEN & MUTHEN
3463 Stoner Ave.
Los Angeles, CA  90066

Tel: (310) 391-9971
Fax: (310) 391-8971
Web: www.StatModel.com
Support: Support@StatModel.com

Copyright (c) 1998-2019 Muthen & Muthen
