Mplus VERSION 8.3
MUTHEN & MUTHEN
04/23/2024  10:35 AM

INPUT INSTRUCTIONS


  TITLE: Test with 10 reps

  DATA:
  File is
  G1_B1_N1_rep159.csv;

  VARIABLE:
      Names are x1 x2 eta
  	y1 y2 y3 y4 y5 y6 y7 y8 y9 y10;
      Usevariables are y1-y10 x1 x2;
      constraint = x1 x2;

  MODEL:
      f BY y1* (l1);
      f BY y2* (l2);
      f BY y3* (l3);
      f BY y4* (l4);
      f BY y5* (l5);
      f BY y6* (l6);
      f BY y7* (l7);
      f BY y8* (l8);
      f BY y9* (l9);
      f BY y10* (l10);

  y9 ON x1 x2;
  f@1;
  [f@0];

  MODEL CONSTRAINT:
      new (l9_0 l9_1 l9_2);
      l9 = l9_0 + l9_1*x1 + l9_2*x2;




INPUT READING TERMINATED NORMALLY



Test with 10 reps

SUMMARY OF ANALYSIS

Number of groups                                                 1
Number of observations                                         250

Number of dependent variables                                   10
Number of independent variables                                  2
Number of continuous latent variables                            1

Observed dependent variables

  Continuous
   Y1          Y2          Y3          Y4          Y5          Y6
   Y7          Y8          Y9          Y10

Observed independent variables
   X1          X2

Continuous latent variables
   F


Estimator                                                       ML
Information matrix                                        OBSERVED
Maximum number of iterations                                  1000
Convergence criterion                                    0.500D-04
Maximum number of steepest descent iterations                   20

Input data file(s)
  G1_B1_N1_rep159.csv

Input data format  FREE



UNIVARIATE SAMPLE STATISTICS


     UNIVARIATE HIGHER-ORDER MOMENT DESCRIPTIVE STATISTICS

         Variable/         Mean/     Skewness/   Minimum/ % with                Percentiles
        Sample Size      Variance    Kurtosis    Maximum  Min/Max      20%/60%    40%/80%    Median

     Y1                    1.800       0.898       1.000   40.00%       1.000      1.000      2.000
             250.000       0.632       1.005       5.000    0.80%       2.000      2.000
     Y2                    1.796       0.779       1.000   35.60%       1.000      2.000      2.000
             250.000       0.514       1.128       5.000    0.40%       2.000      2.000
     Y3                    2.996      -0.037       1.000    2.80%       2.000      3.000      3.000
             250.000       0.660      -0.053       5.000    2.40%       3.000      4.000
     Y4                    3.048      -0.131       1.000    3.20%       2.000      3.000      3.000
             250.000       0.718      -0.194       5.000    2.80%       3.000      4.000
     Y5                    3.028      -0.250       1.000    2.40%       2.000      3.000      3.000
             250.000       0.611      -0.306       5.000    0.80%       3.000      4.000
     Y6                    1.204       2.608       1.000   83.20%       1.000      1.000      1.000
             250.000       0.242       7.074       4.000    0.40%       1.000      1.000
     Y7                    1.224       2.793       1.000   81.20%       1.000      1.000      1.000
             250.000       0.270       9.273       4.000    1.20%       1.000      1.000
     Y8                    1.176       2.725       1.000   84.00%       1.000      1.000      1.000
             250.000       0.185       9.034       4.000    0.40%       1.000      1.000
     Y9                    1.812       0.969       1.000   38.00%       1.000      2.000      2.000
             250.000       0.633       1.045       5.000    0.40%       2.000      2.000
     Y10                   1.780       1.040       1.000   40.00%       1.000      1.000      2.000
             250.000       0.628       1.230       5.000    0.40%       2.000      2.000
     X1                    0.042       0.015      -2.733    0.40%      -0.764     -0.225     -0.021
             250.000       0.996      -0.004       2.646    0.40%       0.256      0.859
     X2                    0.524      -0.096       0.000   47.60%       0.000      0.000      1.000
             250.000       0.249      -1.991       1.000   52.40%       1.000      1.000


THE MODEL ESTIMATION TERMINATED NORMALLY



MODEL FIT INFORMATION

Number of Free Parameters                       34

Loglikelihood

          H0 Value                       -2247.528

Information Criteria

          Akaike (AIC)                    4563.055
          Bayesian (BIC)                  4682.785
          Sample-Size Adjusted BIC        4575.002
            (n* = (n + 2) / 24)



MODEL RESULTS

                                                    Two-Tailed
                    Estimate       S.E.  Est./S.E.    P-Value

 F        BY
    Y1                 0.522      0.048     10.893      0.000
    Y2                 0.387      0.045      8.578      0.000
    Y3                 0.536      0.049     10.970      0.000
    Y4                 0.563      0.051     11.072      0.000
    Y5                 0.501      0.047     10.562      0.000
    Y6                 0.275      0.031      8.887      0.000
    Y7                 0.266      0.033      8.018      0.000
    Y8                 0.218      0.027      7.956      0.000
    Y9               999.000      0.000    999.000    999.000
    Y10                0.516      0.048     10.794      0.000

 Y9       ON
    X1                 0.092      0.041      2.221      0.026
    X2                 0.056      0.083      0.675      0.500

 Means
    F                  0.000      0.000    999.000    999.000

 Intercepts
    Y1                 1.800      0.050     35.800      0.000
    Y2                 1.796      0.045     39.594      0.000
    Y3                 2.996      0.051     58.310      0.000
    Y4                 3.048      0.054     56.887      0.000
    Y5                 3.028      0.049     61.239      0.000
    Y6                 1.204      0.031     38.667      0.000
    Y7                 1.224      0.033     37.257      0.000
    Y8                 1.176      0.027     43.228      0.000
    Y9                 1.774      0.066     26.739      0.000
    Y10                1.780      0.050     35.526      0.000

 Variances
    F                  1.000      0.000    999.000    999.000

 Residual Variances
    Y1                 0.360      0.037      9.703      0.000
    Y2                 0.364      0.035     10.381      0.000
    Y3                 0.373      0.038      9.681      0.000
    Y4                 0.401      0.042      9.640      0.000
    Y5                 0.360      0.037      9.803      0.000
    Y6                 0.167      0.016     10.267      0.000
    Y7                 0.199      0.019     10.470      0.000
    Y8                 0.137      0.013     10.500      0.000
    Y9                 0.376      0.038      9.950      0.000
    Y10                0.362      0.037      9.766      0.000

New/Additional Parameters
    L9_0               0.481      0.077      6.243      0.000
    L9_1               0.089      0.048      1.830      0.067
    L9_2               0.001      0.092      0.013      0.990


QUALITY OF NUMERICAL RESULTS

     Condition Number for the Information Matrix              0.166E-03
       (ratio of smallest to largest eigenvalue)


     Beginning Time:  10:35:45
        Ending Time:  10:35:46
       Elapsed Time:  00:00:01



MUTHEN & MUTHEN
3463 Stoner Ave.
Los Angeles, CA  90066

Tel: (310) 391-9971
Fax: (310) 391-8971
Web: www.StatModel.com
Support: Support@StatModel.com

Copyright (c) 1998-2019 Muthen & Muthen
