Mplus VERSION 8.3
MUTHEN & MUTHEN
04/23/2024  10:28 AM

INPUT INSTRUCTIONS


  TITLE: Test with 10 reps

  DATA:
  File is
  G1_B1_N1_rep131.csv;

  VARIABLE:
      Names are x1 x2 eta
  	y1 y2 y3 y4 y5 y6 y7 y8 y9 y10;
      Usevariables are y1-y10 x1 x2;
      constraint = x1 x2;

  MODEL:
      f BY y1* (l1);
      f BY y2* (l2);
      f BY y3* (l3);
      f BY y4* (l4);
      f BY y5* (l5);
      f BY y6* (l6);
      f BY y7* (l7);
      f BY y8* (l8);
      f BY y9* (l9);
      f BY y10* (l10);

  y1 ON x1 x2;
  f@1;
  [f@0];

  MODEL CONSTRAINT:
      new (l1_0 l1_1 l1_2);
      l1 = l1_0 + l1_1*x1 + l1_2*x2;




INPUT READING TERMINATED NORMALLY



Test with 10 reps

SUMMARY OF ANALYSIS

Number of groups                                                 1
Number of observations                                         250

Number of dependent variables                                   10
Number of independent variables                                  2
Number of continuous latent variables                            1

Observed dependent variables

  Continuous
   Y1          Y2          Y3          Y4          Y5          Y6
   Y7          Y8          Y9          Y10

Observed independent variables
   X1          X2

Continuous latent variables
   F


Estimator                                                       ML
Information matrix                                        OBSERVED
Maximum number of iterations                                  1000
Convergence criterion                                    0.500D-04
Maximum number of steepest descent iterations                   20

Input data file(s)
  G1_B1_N1_rep131.csv

Input data format  FREE



UNIVARIATE SAMPLE STATISTICS


     UNIVARIATE HIGHER-ORDER MOMENT DESCRIPTIVE STATISTICS

         Variable/         Mean/     Skewness/   Minimum/ % with                Percentiles
        Sample Size      Variance    Kurtosis    Maximum  Min/Max      20%/60%    40%/80%    Median

     Y1                    1.852       0.788       1.000   38.40%       1.000      2.000      2.000
             250.000       0.686       0.302       5.000    0.40%       2.000      2.000
     Y2                    1.844       0.956       1.000   38.40%       1.000      2.000      2.000
             250.000       0.700       0.943       5.000    0.80%       2.000      2.000
     Y3                    3.092       0.090       1.000    2.00%       2.000      3.000      3.000
             250.000       0.796      -0.465       5.000    5.20%       3.000      4.000
     Y4                    3.136      -0.295       1.000    2.40%       3.000      3.000      3.000
             250.000       0.630      -0.007       5.000    2.00%       3.000      4.000
     Y5                    3.112       0.097       1.000    1.60%       2.000      3.000      3.000
             250.000       0.723      -0.282       5.000    4.80%       3.000      4.000
     Y6                    1.192       3.377       1.000   84.00%       1.000      1.000      1.000
             250.000       0.243      15.843       5.000    0.40%       1.000      1.000
     Y7                    1.232       2.347       1.000   80.80%       1.000      1.000      1.000
             250.000       0.266       5.526       4.000    0.40%       1.000      1.000
     Y8                    1.220       2.664       1.000   82.00%       1.000      1.000      1.000
             250.000       0.268       7.829       4.000    0.80%       1.000      1.000
     Y9                    1.888       0.879       1.000   34.00%       1.000      2.000      2.000
             250.000       0.659       1.013       5.000    0.80%       2.000      2.000
     Y10                   1.828       1.015       1.000   38.40%       1.000      2.000      2.000
             250.000       0.678       1.208       5.000    0.80%       2.000      2.000
     X1                   -0.048       0.024      -2.665    0.40%      -0.942     -0.397     -0.085
             250.000       0.999      -0.471       2.502    0.40%       0.156      0.882
     X2                    0.484       0.064       0.000   51.60%       0.000      0.000      0.000
             250.000       0.250      -1.996       1.000   48.40%       1.000      1.000


THE MODEL ESTIMATION TERMINATED NORMALLY



MODEL FIT INFORMATION

Number of Free Parameters                       34

Loglikelihood

          H0 Value                       -2362.880

Information Criteria

          Akaike (AIC)                    4793.760
          Bayesian (BIC)                  4913.490
          Sample-Size Adjusted BIC        4805.707
            (n* = (n + 2) / 24)



MODEL RESULTS

                                                    Two-Tailed
                    Estimate       S.E.  Est./S.E.    P-Value

 F        BY
    Y1               999.000      0.000    999.000    999.000
    Y2                 0.550      0.050     10.981      0.000
    Y3                 0.644      0.052     12.448      0.000
    Y4                 0.514      0.048     10.773      0.000
    Y5                 0.550      0.051     10.747      0.000
    Y6                 0.215      0.032      6.713      0.000
    Y7                 0.272      0.032      8.379      0.000
    Y8                 0.274      0.033      8.418      0.000
    Y9                 0.520      0.049     10.634      0.000
    Y10                0.525      0.050     10.559      0.000

 Y1       ON
    X1                -0.045      0.043     -1.055      0.292
    X2                -0.003      0.088     -0.037      0.970

 Means
    F                  0.000      0.000    999.000    999.000

 Intercepts
    Y1                 1.837      0.066     27.642      0.000
    Y2                 1.844      0.053     34.857      0.000
    Y3                 3.092      0.056     54.812      0.000
    Y4                 3.136      0.050     62.495      0.000
    Y5                 3.112      0.054     57.850      0.000
    Y6                 1.192      0.031     38.223      0.000
    Y7                 1.232      0.033     37.757      0.000
    Y8                 1.220      0.033     37.290      0.000
    Y9                 1.888      0.051     36.760      0.000
    Y10                1.828      0.052     35.091      0.000

 Variances
    F                  1.000      0.000    999.000    999.000

 Residual Variances
    Y1                 0.387      0.040      9.785      0.000
    Y2                 0.398      0.040      9.823      0.000
    Y3                 0.381      0.041      9.240      0.000
    Y4                 0.366      0.037      9.878      0.000
    Y5                 0.421      0.043      9.898      0.000
    Y6                 0.197      0.018     10.739      0.000
    Y7                 0.192      0.018     10.489      0.000
    Y8                 0.192      0.018     10.450      0.000
    Y9                 0.389      0.039      9.926      0.000
    Y10                0.403      0.040      9.960      0.000

New/Additional Parameters
    L1_0               0.490      0.077      6.358      0.000
    L1_1               0.009      0.043      0.202      0.840
    L1_2               0.104      0.095      1.094      0.274


QUALITY OF NUMERICAL RESULTS

     Condition Number for the Information Matrix              0.321E-03
       (ratio of smallest to largest eigenvalue)


     Beginning Time:  10:28:22
        Ending Time:  10:28:24
       Elapsed Time:  00:00:02



MUTHEN & MUTHEN
3463 Stoner Ave.
Los Angeles, CA  90066

Tel: (310) 391-9971
Fax: (310) 391-8971
Web: www.StatModel.com
Support: Support@StatModel.com

Copyright (c) 1998-2019 Muthen & Muthen
