Mplus VERSION 8.3
MUTHEN & MUTHEN
03/29/2024  10:53 AM

INPUT INSTRUCTIONS


  TITLE: Test with 10 reps

  DATA:
  File is
  G1_B1_N1_rep138.csv;

  VARIABLE:
      Names are x1 x2 eta
  	y1 y2 y3 y4 y5 y6 y7 y8 y9 y10;
      Usevariables are y1-y10 x1 x2;
      constraint = x1 x2;

  MODEL:
      f BY y1* (l1);
      f BY y2* (l2);
      f BY y3* (l3);
      f BY y4* (l4);
      f BY y5* (l5);
      f BY y6* (l6);
      f BY y7* (l7);
      f BY y8* (l8);
      f BY y9* (l9);
      f BY y10* (l10);

  y6 ON x1 x2;
  f@1;
  [f@0];

  MODEL CONSTRAINT:
      new (l6_0 l6_1 l6_2);
      l6 = l6_0 + l6_1*x1 + l6_2*x2;




INPUT READING TERMINATED NORMALLY



Test with 10 reps

SUMMARY OF ANALYSIS

Number of groups                                                 1
Number of observations                                         250

Number of dependent variables                                   10
Number of independent variables                                  2
Number of continuous latent variables                            1

Observed dependent variables

  Continuous
   Y1          Y2          Y3          Y4          Y5          Y6
   Y7          Y8          Y9          Y10

Observed independent variables
   X1          X2

Continuous latent variables
   F


Estimator                                                       ML
Information matrix                                        OBSERVED
Maximum number of iterations                                  1000
Convergence criterion                                    0.500D-04
Maximum number of steepest descent iterations                   20

Input data file(s)
  G1_B1_N1_rep138.csv

Input data format  FREE



UNIVARIATE SAMPLE STATISTICS


     UNIVARIATE HIGHER-ORDER MOMENT DESCRIPTIVE STATISTICS

         Variable/         Mean/     Skewness/   Minimum/ % with                Percentiles
        Sample Size      Variance    Kurtosis    Maximum  Min/Max      20%/60%    40%/80%    Median

     Y1                    1.816       0.868       1.000   38.40%       1.000      2.000      2.000
             250.000       0.630       0.723       5.000    0.40%       2.000      2.000
     Y2                    1.832       0.963       1.000   37.20%       1.000      2.000      2.000
             250.000       0.644       1.247       5.000    0.80%       2.000      2.000
     Y3                    3.104      -0.335       1.000    2.00%       2.000      3.000      3.000
             250.000       0.605      -0.329       5.000    0.80%       3.000      4.000
     Y4                    3.100       0.134       1.000    1.20%       2.000      3.000      3.000
             250.000       0.706      -0.364       5.000    4.40%       3.000      4.000
     Y5                    3.124      -0.229       1.000    2.40%       2.000      3.000      3.000
             250.000       0.653      -0.081       5.000    2.40%       3.000      4.000
     Y6                    1.208       2.977       1.000   82.80%       1.000      1.000      1.000
             250.000       0.261      10.426       4.000    1.20%       1.000      1.000
     Y7                    1.136       2.604       1.000   87.20%       1.000      1.000      1.000
             250.000       0.134       6.187       3.000    0.80%       1.000      1.000
     Y8                    1.236       2.992       1.000   80.00%       1.000      1.000      1.000
             250.000       0.284      12.511       5.000    0.40%       1.000      1.000
     Y9                    1.724       0.561       1.000   40.00%       1.000      1.000      2.000
             250.000       0.464      -0.147       4.000    0.80%       2.000      2.000
     Y10                   1.784       0.472       1.000   37.60%       1.000      2.000      2.000
             250.000       0.505      -0.451       4.000    0.80%       2.000      2.000
     X1                    0.062       0.033      -2.741    0.40%      -0.823     -0.297      0.054
             250.000       1.027      -0.399       2.656    0.40%       0.363      0.906
     X2                    0.532      -0.128       0.000   46.80%       0.000      0.000      1.000
             250.000       0.249      -1.984       1.000   53.20%       1.000      1.000


THE MODEL ESTIMATION TERMINATED NORMALLY



MODEL FIT INFORMATION

Number of Free Parameters                       34

Loglikelihood

          H0 Value                       -2216.190

Information Criteria

          Akaike (AIC)                    4500.379
          Bayesian (BIC)                  4620.109
          Sample-Size Adjusted BIC        4512.326
            (n* = (n + 2) / 24)



MODEL RESULTS

                                                    Two-Tailed
                    Estimate       S.E.  Est./S.E.    P-Value

 F        BY
    Y1                 0.499      0.049     10.230      0.000
    Y2                 0.520      0.049     10.636      0.000
    Y3                 0.436      0.049      8.879      0.000
    Y4                 0.545      0.051     10.651      0.000
    Y5                 0.498      0.050      9.988      0.000
    Y6               999.000      0.000    999.000    999.000
    Y7                 0.186      0.023      7.938      0.000
    Y8                 0.276      0.034      8.096      0.000
    Y9                 0.430      0.042     10.287      0.000
    Y10                0.428      0.044      9.710      0.000

 Y6       ON
    X1                 0.013      0.030      0.431      0.667
    X2                 0.041      0.061      0.669      0.503

 Means
    F                  0.000      0.000    999.000    999.000

 Intercepts
    Y1                 1.816      0.050     36.171      0.000
    Y2                 1.832      0.051     36.102      0.000
    Y3                 3.104      0.049     63.088      0.000
    Y4                 3.100      0.053     58.335      0.000
    Y5                 3.124      0.051     61.143      0.000
    Y6                 1.176      0.046     25.628      0.000
    Y7                 1.136      0.023     49.159      0.000
    Y8                 1.236      0.034     36.652      0.000
    Y9                 1.724      0.043     40.025      0.000
    Y10                1.784      0.045     39.680      0.000

 Variances
    F                  1.000      0.000    999.000    999.000

 Residual Variances
    Y1                 0.381      0.039      9.797      0.000
    Y2                 0.373      0.039      9.629      0.000
    Y3                 0.415      0.041     10.202      0.000
    Y4                 0.409      0.042      9.650      0.000
    Y5                 0.405      0.041      9.890      0.000
    Y6                 0.206      0.019     10.544      0.000
    Y7                 0.099      0.009     10.435      0.000
    Y8                 0.208      0.020     10.387      0.000
    Y9                 0.279      0.029      9.780      0.000
    Y10                0.322      0.032      9.963      0.000

New/Additional Parameters
    L6_0               0.194      0.049      3.951      0.000
    L6_1               0.036      0.031      1.163      0.245
    L6_2               0.052      0.066      0.784      0.433


QUALITY OF NUMERICAL RESULTS

     Condition Number for the Information Matrix              0.872E-04
       (ratio of smallest to largest eigenvalue)


     Beginning Time:  10:53:38
        Ending Time:  10:53:38
       Elapsed Time:  00:00:00



MUTHEN & MUTHEN
3463 Stoner Ave.
Los Angeles, CA  90066

Tel: (310) 391-9971
Fax: (310) 391-8971
Web: www.StatModel.com
Support: Support@StatModel.com

Copyright (c) 1998-2019 Muthen & Muthen
