Mplus VERSION 8.3
MUTHEN & MUTHEN
03/29/2024  10:49 AM

INPUT INSTRUCTIONS


  TITLE: Test with 10 reps

  DATA:
  File is
  G1_B1_N1_rep109.csv;

  VARIABLE:
      Names are x1 x2 eta
  	y1 y2 y3 y4 y5 y6 y7 y8 y9 y10;
      Usevariables are y1-y10 x1 x2;
      constraint = x1 x2;

  MODEL:
      f BY y1* (l1);
      f BY y2* (l2);
      f BY y3* (l3);
      f BY y4* (l4);
      f BY y5* (l5);
      f BY y6* (l6);
      f BY y7* (l7);
      f BY y8* (l8);
      f BY y9* (l9);
      f BY y10* (l10);

  y5 ON x1 x2;
  f@1;
  [f@0];

  MODEL CONSTRAINT:
      new (l5_0 l5_1 l5_2);
      l5 = l5_0 + l5_1*x1 + l5_2*x2;




INPUT READING TERMINATED NORMALLY



Test with 10 reps

SUMMARY OF ANALYSIS

Number of groups                                                 1
Number of observations                                         250

Number of dependent variables                                   10
Number of independent variables                                  2
Number of continuous latent variables                            1

Observed dependent variables

  Continuous
   Y1          Y2          Y3          Y4          Y5          Y6
   Y7          Y8          Y9          Y10

Observed independent variables
   X1          X2

Continuous latent variables
   F


Estimator                                                       ML
Information matrix                                        OBSERVED
Maximum number of iterations                                  1000
Convergence criterion                                    0.500D-04
Maximum number of steepest descent iterations                   20

Input data file(s)
  G1_B1_N1_rep109.csv

Input data format  FREE



UNIVARIATE SAMPLE STATISTICS


     UNIVARIATE HIGHER-ORDER MOMENT DESCRIPTIVE STATISTICS

         Variable/         Mean/     Skewness/   Minimum/ % with                Percentiles
        Sample Size      Variance    Kurtosis    Maximum  Min/Max      20%/60%    40%/80%    Median

     Y1                    1.844       0.701       1.000   32.00%       1.000      2.000      2.000
             250.000       0.508       1.064       5.000    0.40%       2.000      2.000
     Y2                    1.824       0.677       1.000   32.40%       1.000      2.000      2.000
             250.000       0.489       0.677       4.000    2.40%       2.000      2.000
     Y3                    3.076      -0.009       1.000    1.20%       2.000      3.000      3.000
             250.000       0.558      -0.016       5.000    2.00%       3.000      4.000
     Y4                    3.104       0.187       2.000   18.40%       3.000      3.000      3.000
             250.000       0.501      -0.246       5.000    2.00%       3.000      4.000
     Y5                    3.108       0.130       2.000   18.00%       3.000      3.000      3.000
             250.000       0.488      -0.323       5.000    1.60%       3.000      4.000
     Y6                    1.148       2.421       1.000   86.00%       1.000      1.000      1.000
             250.000       0.142       5.126       3.000    0.80%       1.000      1.000
     Y7                    1.140       3.248       1.000   87.20%       1.000      1.000      1.000
             250.000       0.152      13.425       4.000    0.40%       1.000      1.000
     Y8                    1.164       2.824       1.000   84.80%       1.000      1.000      1.000
             250.000       0.169      10.119       4.000    0.40%       1.000      1.000
     Y9                    1.788       0.661       1.000   37.20%       1.000      2.000      2.000
             250.000       0.527       0.176       4.000    2.00%       2.000      2.000
     Y10                   1.888       0.746       1.000   26.80%       1.000      2.000      2.000
             250.000       0.467       1.720       5.000    0.40%       2.000      2.000
     X1                   -0.089      -0.098      -3.267    0.40%      -1.003     -0.399     -0.108
             250.000       1.111      -0.258       2.701    0.40%       0.222      0.800
     X2                    0.512      -0.048       0.000   48.80%       0.000      0.000      1.000
             250.000       0.250      -1.998       1.000   51.20%       1.000      1.000


THE MODEL ESTIMATION TERMINATED NORMALLY



MODEL FIT INFORMATION

Number of Free Parameters                       34

Loglikelihood

          H0 Value                       -1935.342

Information Criteria

          Akaike (AIC)                    3938.683
          Bayesian (BIC)                  4058.413
          Sample-Size Adjusted BIC        3950.630
            (n* = (n + 2) / 24)



MODEL RESULTS

                                                    Two-Tailed
                    Estimate       S.E.  Est./S.E.    P-Value

 F        BY
    Y1                 0.424      0.044      9.605      0.000
    Y2                 0.494      0.041     11.959      0.000
    Y3                 0.467      0.046     10.207      0.000
    Y4                 0.450      0.043     10.446      0.000
    Y5               999.000      0.000    999.000    999.000
    Y6                 0.181      0.024      7.434      0.000
    Y7                 0.156      0.026      6.091      0.000
    Y8                 0.211      0.026      8.055      0.000
    Y9                 0.454      0.044     10.203      0.000
    Y10                0.387      0.043      9.031      0.000

 Y5       ON
    X1                 0.000      0.033      0.015      0.988
    X2                 0.115      0.070      1.642      0.101

 Means
    F                  0.000      0.000    999.000    999.000

 Intercepts
    Y1                 1.844      0.045     40.921      0.000
    Y2                 1.824      0.044     41.241      0.000
    Y3                 3.076      0.047     65.096      0.000
    Y4                 3.104      0.045     69.326      0.000
    Y5                 3.056      0.059     52.021      0.000
    Y6                 1.148      0.024     48.153      0.000
    Y7                 1.140      0.025     46.172      0.000
    Y8                 1.164      0.026     44.755      0.000
    Y9                 1.788      0.046     38.941      0.000
    Y10                1.888      0.043     43.662      0.000

 Variances
    F                  1.000      0.000    999.000    999.000

 Residual Variances
    Y1                 0.328      0.033     10.074      0.000
    Y2                 0.245      0.027      9.170      0.000
    Y3                 0.340      0.034      9.902      0.000
    Y4                 0.298      0.030      9.821      0.000
    Y5                 0.257      0.027      9.388      0.000
    Y6                 0.110      0.010     10.576      0.000
    Y7                 0.128      0.012     10.791      0.000
    Y8                 0.125      0.012     10.452      0.000
    Y9                 0.321      0.033      9.877      0.000
    Y10                0.318      0.031     10.234      0.000

New/Additional Parameters
    L5_0               0.517      0.066      7.894      0.000
    L5_1              -0.016      0.040     -0.395      0.693
    L5_2              -0.081      0.078     -1.038      0.299


QUALITY OF NUMERICAL RESULTS

     Condition Number for the Information Matrix              0.105E-03
       (ratio of smallest to largest eigenvalue)


     Beginning Time:  10:49:18
        Ending Time:  10:49:19
       Elapsed Time:  00:00:01



MUTHEN & MUTHEN
3463 Stoner Ave.
Los Angeles, CA  90066

Tel: (310) 391-9971
Fax: (310) 391-8971
Web: www.StatModel.com
Support: Support@StatModel.com

Copyright (c) 1998-2019 Muthen & Muthen
