Mplus VERSION 8.3
MUTHEN & MUTHEN
03/29/2024  11:00 AM

INPUT INSTRUCTIONS


  TITLE: Test with 10 reps

  DATA:
  File is
  G1_B1_N1_rep183.csv;

  VARIABLE:
      Names are x1 x2 eta
  	y1 y2 y3 y4 y5 y6 y7 y8 y9 y10;
      Usevariables are y1-y10 x1 x2;
      constraint = x1 x2;

  MODEL:
      f BY y1* (l1);
      f BY y2* (l2);
      f BY y3* (l3);
      f BY y4* (l4);
      f BY y5* (l5);
      f BY y6* (l6);
      f BY y7* (l7);
      f BY y8* (l8);
      f BY y9* (l9);
      f BY y10* (l10);

  y4 ON x1 x2;
  f@1;
  [f@0];

  MODEL CONSTRAINT:
      new (l4_0 l4_1 l4_2);
      l4 = l4_0 + l4_1*x1 + l4_2*x2;




INPUT READING TERMINATED NORMALLY



Test with 10 reps

SUMMARY OF ANALYSIS

Number of groups                                                 1
Number of observations                                         250

Number of dependent variables                                   10
Number of independent variables                                  2
Number of continuous latent variables                            1

Observed dependent variables

  Continuous
   Y1          Y2          Y3          Y4          Y5          Y6
   Y7          Y8          Y9          Y10

Observed independent variables
   X1          X2

Continuous latent variables
   F


Estimator                                                       ML
Information matrix                                        OBSERVED
Maximum number of iterations                                  1000
Convergence criterion                                    0.500D-04
Maximum number of steepest descent iterations                   20

Input data file(s)
  G1_B1_N1_rep183.csv

Input data format  FREE



UNIVARIATE SAMPLE STATISTICS


     UNIVARIATE HIGHER-ORDER MOMENT DESCRIPTIVE STATISTICS

         Variable/         Mean/     Skewness/   Minimum/ % with                Percentiles
        Sample Size      Variance    Kurtosis    Maximum  Min/Max      20%/60%    40%/80%    Median

     Y1                    1.808       0.964       1.000   40.80%       1.000      1.000      2.000
             250.000       0.683       0.964       5.000    0.80%       2.000      2.000
     Y2                    1.768       0.947       1.000   38.00%       1.000      2.000      2.000
             250.000       0.530       1.885       5.000    0.80%       2.000      2.000
     Y3                    3.072       0.043       1.000    1.20%       2.000      3.000      3.000
             250.000       0.667      -0.471       5.000    2.80%       3.000      4.000
     Y4                    3.068      -0.169       1.000    2.40%       2.000      3.000      3.000
             250.000       0.703      -0.486       5.000    2.00%       3.000      4.000
     Y5                    3.020       0.101       1.000    2.40%       2.000      3.000      3.000
             250.000       0.780      -0.465       5.000    4.00%       3.000      4.000
     Y6                    1.184       3.102       1.000   86.00%       1.000      1.000      1.000
             250.000       0.254      10.233       4.000    0.80%       1.000      1.000
     Y7                    1.148       2.713       1.000   86.80%       1.000      1.000      1.000
             250.000       0.158       6.993       3.000    1.60%       1.000      1.000
     Y8                    1.192       2.678       1.000   83.60%       1.000      1.000      1.000
             250.000       0.219       7.895       4.000    0.40%       1.000      1.000
     Y9                    1.780       0.825       1.000   42.80%       1.000      1.000      2.000
             250.000       0.660       0.069       4.000    3.60%       2.000      2.000
     Y10                   1.756       0.929       1.000   43.60%       1.000      1.000      2.000
             250.000       0.648       0.392       4.000    4.00%       2.000      2.000
     X1                    0.027      -0.190      -2.870    0.40%      -0.765     -0.156      0.052
             250.000       0.874      -0.108       2.313    0.40%       0.249      0.839
     X2                    0.472       0.112       0.000   52.80%       0.000      0.000      0.000
             250.000       0.249      -1.987       1.000   47.20%       1.000      1.000


THE MODEL ESTIMATION TERMINATED NORMALLY



MODEL FIT INFORMATION

Number of Free Parameters                       34

Loglikelihood

          H0 Value                       -2220.188

Information Criteria

          Akaike (AIC)                    4508.375
          Bayesian (BIC)                  4628.105
          Sample-Size Adjusted BIC        4520.322
            (n* = (n + 2) / 24)



MODEL RESULTS

                                                    Two-Tailed
                    Estimate       S.E.  Est./S.E.    P-Value

 F        BY
    Y1                 0.586      0.048     12.190      0.000
    Y2                 0.458      0.044     10.445      0.000
    Y3                 0.583      0.047     12.297      0.000
    Y4               999.000      0.000    999.000    999.000
    Y5                 0.573      0.053     10.849      0.000
    Y6                 0.277      0.031      8.831      0.000
    Y7                 0.206      0.025      8.208      0.000
    Y8                 0.228      0.030      7.675      0.000
    Y9                 0.561      0.048     11.770      0.000
    Y10                0.515      0.048     10.659      0.000

 Y4       ON
    X1                -0.016      0.047     -0.336      0.737
    X2                -0.011      0.087     -0.121      0.903

 Means
    F                  0.000      0.000    999.000    999.000

 Intercepts
    Y1                 1.808      0.052     34.587      0.000
    Y2                 1.768      0.046     38.392      0.000
    Y3                 3.072      0.052     59.482      0.000
    Y4                 3.076      0.069     44.747      0.000
    Y5                 3.020      0.056     54.081      0.000
    Y6                 1.184      0.032     37.135      0.000
    Y7                 1.148      0.025     45.651      0.000
    Y8                 1.192      0.030     40.261      0.000
    Y9                 1.780      0.051     34.654      0.000
    Y10                1.756      0.051     34.479      0.000

 Variances
    F                  1.000      0.000    999.000    999.000

 Residual Variances
    Y1                 0.340      0.036      9.461      0.000
    Y2                 0.320      0.032     10.073      0.000
    Y3                 0.327      0.035      9.432      0.000
    Y4                 0.431      0.042     10.146      0.000
    Y5                 0.451      0.045      9.941      0.000
    Y6                 0.178      0.017     10.454      0.000
    Y7                 0.116      0.011     10.536      0.000
    Y8                 0.167      0.016     10.657      0.000
    Y9                 0.345      0.036      9.629      0.000
    Y10                0.383      0.038     10.015      0.000

New/Additional Parameters
    L4_0               0.567      0.069      8.172      0.000
    L4_1              -0.057      0.050     -1.137      0.255
    L4_2              -0.089      0.093     -0.954      0.340


QUALITY OF NUMERICAL RESULTS

     Condition Number for the Information Matrix              0.118E-03
       (ratio of smallest to largest eigenvalue)


     Beginning Time:  11:00:24
        Ending Time:  11:00:24
       Elapsed Time:  00:00:00



MUTHEN & MUTHEN
3463 Stoner Ave.
Los Angeles, CA  90066

Tel: (310) 391-9971
Fax: (310) 391-8971
Web: www.StatModel.com
Support: Support@StatModel.com

Copyright (c) 1998-2019 Muthen & Muthen
