Mplus VERSION 8.3
MUTHEN & MUTHEN
04/23/2024  11:00 AM

INPUT INSTRUCTIONS


  TITLE: Test with 10 reps

  DATA:
  File is
  G1_B1_N1_rep252.csv;

  VARIABLE:
      Names are x1 x2 eta
  	y1 y2 y3 y4 y5 y6 y7 y8 y9 y10;
      Usevariables are y1-y10 x1 x2;
      constraint = x1 x2;

  MODEL:
      f BY y1* (l1);
      f BY y2* (l2);
      f BY y3* (l3);
      f BY y4* (l4);
      f BY y5* (l5);
      f BY y6* (l6);
      f BY y7* (l7);
      f BY y8* (l8);
      f BY y9* (l9);
      f BY y10* (l10);

  y9 ON x1 x2;
  f@1;
  [f@0];

  MODEL CONSTRAINT:
      new (l9_0 l9_1 l9_2);
      l9 = l9_0 + l9_1*x1 + l9_2*x2;




INPUT READING TERMINATED NORMALLY



Test with 10 reps

SUMMARY OF ANALYSIS

Number of groups                                                 1
Number of observations                                         250

Number of dependent variables                                   10
Number of independent variables                                  2
Number of continuous latent variables                            1

Observed dependent variables

  Continuous
   Y1          Y2          Y3          Y4          Y5          Y6
   Y7          Y8          Y9          Y10

Observed independent variables
   X1          X2

Continuous latent variables
   F


Estimator                                                       ML
Information matrix                                        OBSERVED
Maximum number of iterations                                  1000
Convergence criterion                                    0.500D-04
Maximum number of steepest descent iterations                   20

Input data file(s)
  G1_B1_N1_rep252.csv

Input data format  FREE



UNIVARIATE SAMPLE STATISTICS


     UNIVARIATE HIGHER-ORDER MOMENT DESCRIPTIVE STATISTICS

         Variable/         Mean/     Skewness/   Minimum/ % with                Percentiles
        Sample Size      Variance    Kurtosis    Maximum  Min/Max      20%/60%    40%/80%    Median

     Y1                    1.788       0.720       1.000   37.20%       1.000      2.000      2.000
             250.000       0.535       0.356       4.000    2.40%       2.000      2.000
     Y2                    1.680       1.204       1.000   43.60%       1.000      1.000      2.000
             250.000       0.522       2.328       5.000    0.40%       2.000      2.000
     Y3                    2.996       0.204       1.000    0.80%       2.000      3.000      3.000
             250.000       0.620      -0.384       5.000    2.40%       3.000      4.000
     Y4                    3.012       0.193       1.000    1.20%       2.000      3.000      3.000
             250.000       0.588       0.077       5.000    2.80%       3.000      4.000
     Y5                    3.060       0.006       1.000    1.60%       2.000      3.000      3.000
             250.000       0.584       0.088       5.000    2.40%       3.000      4.000
     Y6                    1.168       3.043       1.000   86.40%       1.000      1.000      1.000
             250.000       0.212       9.934       4.000    0.40%       1.000      1.000
     Y7                    1.136       3.227       1.000   87.20%       1.000      1.000      1.000
             250.000       0.142      13.906       4.000    0.40%       1.000      1.000
     Y8                    1.144       4.604       1.000   88.80%       1.000      1.000      1.000
             250.000       0.227      26.351       5.000    0.40%       1.000      1.000
     Y9                    1.740       0.483       1.000   40.80%       1.000      1.000      2.000
             250.000       0.496      -0.640       4.000    0.40%       2.000      2.000
     Y10                   1.772       0.856       1.000   38.80%       1.000      2.000      2.000
             250.000       0.560       0.654       4.000    3.20%       2.000      2.000
     X1                    0.134      -0.126      -2.403    0.40%      -0.669     -0.122      0.156
             250.000       1.033      -0.093       3.225    0.40%       0.365      1.021
     X2                    0.508      -0.032       0.000   49.20%       0.000      0.000      1.000
             250.000       0.250      -1.999       1.000   50.80%       1.000      1.000


THE MODEL ESTIMATION TERMINATED NORMALLY



MODEL FIT INFORMATION

Number of Free Parameters                       34

Loglikelihood

          H0 Value                       -2076.609

Information Criteria

          Akaike (AIC)                    4221.218
          Bayesian (BIC)                  4340.948
          Sample-Size Adjusted BIC        4233.165
            (n* = (n + 2) / 24)



MODEL RESULTS

                                                    Two-Tailed
                    Estimate       S.E.  Est./S.E.    P-Value

 F        BY
    Y1                 0.487      0.044     11.119      0.000
    Y2                 0.465      0.044     10.653      0.000
    Y3                 0.427      0.050      8.625      0.000
    Y4                 0.499      0.046     10.787      0.000
    Y5                 0.475      0.047     10.166      0.000
    Y6                 0.279      0.028      9.861      0.000
    Y7                 0.179      0.024      7.408      0.000
    Y8                 0.265      0.030      8.876      0.000
    Y9               999.000      0.000    999.000    999.000
    Y10                0.499      0.045     11.117      0.000

 Y9       ON
    X1                -0.019      0.037     -0.497      0.619
    X2                -0.051      0.075     -0.678      0.498

 Means
    F                  0.000      0.000    999.000    999.000

 Intercepts
    Y1                 1.788      0.046     38.649      0.000
    Y2                 1.680      0.046     36.780      0.000
    Y3                 2.996      0.050     60.162      0.000
    Y4                 3.012      0.048     62.114      0.000
    Y5                 3.060      0.048     63.290      0.000
    Y6                 1.168      0.029     40.130      0.000
    Y7                 1.136      0.024     47.749      0.000
    Y8                 1.144      0.030     37.943      0.000
    Y9                 1.767      0.058     30.210      0.000
    Y10                1.772      0.047     37.440      0.000

 Variances
    F                  1.000      0.000    999.000    999.000

 Residual Variances
    Y1                 0.298      0.031      9.651      0.000
    Y2                 0.305      0.031      9.817      0.000
    Y3                 0.438      0.042     10.380      0.000
    Y4                 0.338      0.035      9.745      0.000
    Y5                 0.358      0.036      9.942      0.000
    Y6                 0.134      0.013     10.060      0.000
    Y7                 0.109      0.010     10.612      0.000
    Y8                 0.157      0.015     10.294      0.000
    Y9                 0.323      0.032     10.120      0.000
    Y10                0.311      0.032      9.645      0.000

New/Additional Parameters
    L9_0               0.395      0.057      6.951      0.000
    L9_1               0.018      0.034      0.537      0.591
    L9_2               0.041      0.083      0.498      0.618


QUALITY OF NUMERICAL RESULTS

     Condition Number for the Information Matrix              0.104E-03
       (ratio of smallest to largest eigenvalue)


     Beginning Time:  11:00:33
        Ending Time:  11:00:34
       Elapsed Time:  00:00:01



MUTHEN & MUTHEN
3463 Stoner Ave.
Los Angeles, CA  90066

Tel: (310) 391-9971
Fax: (310) 391-8971
Web: www.StatModel.com
Support: Support@StatModel.com

Copyright (c) 1998-2019 Muthen & Muthen
