Mplus VERSION 8.3
MUTHEN & MUTHEN
03/29/2024  11:15 AM

INPUT INSTRUCTIONS


  TITLE: Test with 10 reps

  DATA:
  File is
  G1_B1_N1_rep283.csv;

  VARIABLE:
      Names are x1 x2 eta
  	y1 y2 y3 y4 y5 y6 y7 y8 y9 y10;
      Usevariables are y1-y10 x1 x2;
      constraint = x1 x2;

  MODEL:
      f BY y1* (l1);
      f BY y2* (l2);
      f BY y3* (l3);
      f BY y4* (l4);
      f BY y5* (l5);
      f BY y6* (l6);
      f BY y7* (l7);
      f BY y8* (l8);
      f BY y9* (l9);
      f BY y10* (l10);

  y3 ON x1 x2;
  f@1;
  [f@0];

  MODEL CONSTRAINT:
      new (l3_0 l3_1 l3_2);
      l3 = l3_0 + l3_1*x1 + l3_2*x2;




INPUT READING TERMINATED NORMALLY



Test with 10 reps

SUMMARY OF ANALYSIS

Number of groups                                                 1
Number of observations                                         250

Number of dependent variables                                   10
Number of independent variables                                  2
Number of continuous latent variables                            1

Observed dependent variables

  Continuous
   Y1          Y2          Y3          Y4          Y5          Y6
   Y7          Y8          Y9          Y10

Observed independent variables
   X1          X2

Continuous latent variables
   F


Estimator                                                       ML
Information matrix                                        OBSERVED
Maximum number of iterations                                  1000
Convergence criterion                                    0.500D-04
Maximum number of steepest descent iterations                   20

Input data file(s)
  G1_B1_N1_rep283.csv

Input data format  FREE



UNIVARIATE SAMPLE STATISTICS


     UNIVARIATE HIGHER-ORDER MOMENT DESCRIPTIVE STATISTICS

         Variable/         Mean/     Skewness/   Minimum/ % with                Percentiles
        Sample Size      Variance    Kurtosis    Maximum  Min/Max      20%/60%    40%/80%    Median

     Y1                    1.852       0.679       1.000   32.00%       1.000      2.000      2.000
             250.000       0.518       0.924       5.000    0.40%       2.000      2.000
     Y2                    1.756       0.988       1.000   40.40%       1.000      1.000      2.000
             250.000       0.576       1.287       5.000    0.40%       2.000      2.000
     Y3                    3.076       0.296       1.000    0.80%       2.000      3.000      3.000
             250.000       0.630       0.004       5.000    4.40%       3.000      4.000
     Y4                    3.084      -0.054       1.000    1.60%       2.000      3.000      3.000
             250.000       0.629      -0.223       5.000    2.40%       3.000      4.000
     Y5                    3.112       0.050       1.000    1.60%       2.000      3.000      3.000
             250.000       0.675      -0.158       5.000    4.00%       3.000      4.000
     Y6                    1.168       3.793       1.000   84.80%       1.000      1.000      1.000
             250.000       0.196      22.497       5.000    0.40%       1.000      1.000
     Y7                    1.172       3.709       1.000   85.20%       1.000      1.000      1.000
             250.000       0.214      19.963       5.000    0.40%       1.000      1.000
     Y8                    1.184       3.507       1.000   84.00%       1.000      1.000      1.000
             250.000       0.222      18.146       5.000    0.40%       1.000      1.000
     Y9                    1.860       0.959       1.000   34.80%       1.000      2.000      2.000
             250.000       0.640       1.320       5.000    0.80%       2.000      2.000
     Y10                   1.804       0.802       1.000   36.00%       1.000      2.000      2.000
             250.000       0.550       0.642       4.000    3.20%       2.000      2.000
     X1                   -0.001       0.061      -2.845    0.40%      -0.792     -0.174     -0.004
             250.000       0.951       0.155       2.920    0.40%       0.185      0.754
     X2                    0.500       0.000       0.000   50.00%       0.000      0.000      0.500
             250.000       0.250      -2.000       1.000   50.00%       1.000      1.000


THE MODEL ESTIMATION TERMINATED NORMALLY



MODEL FIT INFORMATION

Number of Free Parameters                       34

Loglikelihood

          H0 Value                       -2162.916

Information Criteria

          Akaike (AIC)                    4393.831
          Bayesian (BIC)                  4513.561
          Sample-Size Adjusted BIC        4405.778
            (n* = (n + 2) / 24)



MODEL RESULTS

                                                    Two-Tailed
                    Estimate       S.E.  Est./S.E.    P-Value

 F        BY
    Y1                 0.467      0.043     10.811      0.000
    Y2                 0.509      0.045     11.253      0.000
    Y3               999.000      0.000    999.000    999.000
    Y4                 0.500      0.048     10.416      0.000
    Y5                 0.505      0.050     10.095      0.000
    Y6                 0.175      0.029      6.057      0.000
    Y7                 0.266      0.029      9.262      0.000
    Y8                 0.268      0.029      9.131      0.000
    Y9                 0.512      0.048     10.618      0.000
    Y10                0.538      0.043     12.502      0.000

 Y3       ON
    X1                -0.028      0.043     -0.655      0.512
    X2                 0.071      0.085      0.834      0.404

 Means
    F                  0.000      0.000    999.000    999.000

 Intercepts
    Y1                 1.852      0.046     40.682      0.000
    Y2                 1.756      0.048     36.569      0.000
    Y3                 3.051      0.068     44.801      0.000
    Y4                 3.084      0.050     61.486      0.000
    Y5                 3.112      0.052     59.870      0.000
    Y6                 1.168      0.028     41.738      0.000
    Y7                 1.172      0.029     40.019      0.000
    Y8                 1.184      0.030     39.720      0.000
    Y9                 1.860      0.051     36.750      0.000
    Y10                1.804      0.047     38.476      0.000

 Variances
    F                  1.000      0.000    999.000    999.000

 Residual Variances
    Y1                 0.300      0.030      9.873      0.000
    Y2                 0.318      0.033      9.711      0.000
    Y3                 0.394      0.039     10.117      0.000
    Y4                 0.379      0.038      9.990      0.000
    Y5                 0.420      0.042     10.087      0.000
    Y6                 0.165      0.015     10.844      0.000
    Y7                 0.144      0.014     10.278      0.000
    Y8                 0.151      0.015     10.300      0.000
    Y9                 0.378      0.038      9.934      0.000
    Y10                0.261      0.028      9.169      0.000

New/Additional Parameters
    L3_0               0.544      0.071      7.626      0.000
    L3_1              -0.053      0.050     -1.063      0.288
    L3_2              -0.133      0.091     -1.461      0.144


QUALITY OF NUMERICAL RESULTS

     Condition Number for the Information Matrix              0.188E-03
       (ratio of smallest to largest eigenvalue)


     Beginning Time:  11:15:38
        Ending Time:  11:15:39
       Elapsed Time:  00:00:01



MUTHEN & MUTHEN
3463 Stoner Ave.
Los Angeles, CA  90066

Tel: (310) 391-9971
Fax: (310) 391-8971
Web: www.StatModel.com
Support: Support@StatModel.com

Copyright (c) 1998-2019 Muthen & Muthen
