Mplus VERSION 8.3
MUTHEN & MUTHEN
03/29/2024  11:05 AM

INPUT INSTRUCTIONS


  TITLE: Test with 10 reps

  DATA:
  File is
  G1_B1_N1_rep213.csv;

  VARIABLE:
      Names are x1 x2 eta
  	y1 y2 y3 y4 y5 y6 y7 y8 y9 y10;
      Usevariables are y1-y10 x1 x2;
      constraint = x1 x2;

  MODEL:
      f BY y1* (l1);
      f BY y2* (l2);
      f BY y3* (l3);
      f BY y4* (l4);
      f BY y5* (l5);
      f BY y6* (l6);
      f BY y7* (l7);
      f BY y8* (l8);
      f BY y9* (l9);
      f BY y10* (l10);

  y5 ON x1 x2;
  f@1;
  [f@0];

  MODEL CONSTRAINT:
      new (l5_0 l5_1 l5_2);
      l5 = l5_0 + l5_1*x1 + l5_2*x2;




INPUT READING TERMINATED NORMALLY



Test with 10 reps

SUMMARY OF ANALYSIS

Number of groups                                                 1
Number of observations                                         250

Number of dependent variables                                   10
Number of independent variables                                  2
Number of continuous latent variables                            1

Observed dependent variables

  Continuous
   Y1          Y2          Y3          Y4          Y5          Y6
   Y7          Y8          Y9          Y10

Observed independent variables
   X1          X2

Continuous latent variables
   F


Estimator                                                       ML
Information matrix                                        OBSERVED
Maximum number of iterations                                  1000
Convergence criterion                                    0.500D-04
Maximum number of steepest descent iterations                   20

Input data file(s)
  G1_B1_N1_rep213.csv

Input data format  FREE



UNIVARIATE SAMPLE STATISTICS


     UNIVARIATE HIGHER-ORDER MOMENT DESCRIPTIVE STATISTICS

         Variable/         Mean/     Skewness/   Minimum/ % with                Percentiles
        Sample Size      Variance    Kurtosis    Maximum  Min/Max      20%/60%    40%/80%    Median

     Y1                    1.784       0.806       1.000   35.60%       1.000      2.000      2.000
             250.000       0.505       0.894       4.000    2.80%       2.000      2.000
     Y2                    1.844       0.943       1.000   37.20%       1.000      2.000      2.000
             250.000       0.676       0.820       5.000    0.40%       2.000      2.000
     Y3                    3.072       0.009       1.000    2.40%       2.000      3.000      3.000
             250.000       0.643       0.259       5.000    3.60%       3.000      4.000
     Y4                    3.052       0.040       1.000    1.60%       2.000      3.000      3.000
             250.000       0.657      -0.285       5.000    2.80%       3.000      4.000
     Y5                    3.036      -0.278       1.000    2.00%       2.000      3.000      3.000
             250.000       0.579      -0.369       5.000    0.40%       3.000      4.000
     Y6                    1.160       2.888       1.000   85.20%       1.000      1.000      1.000
             250.000       0.166      10.591       4.000    0.40%       1.000      1.000
     Y7                    1.128       3.648       1.000   89.20%       1.000      1.000      1.000
             250.000       0.160      15.563       4.000    0.40%       1.000      1.000
     Y8                    1.200       2.226       1.000   82.40%       1.000      1.000      1.000
             250.000       0.208       4.293       3.000    2.40%       1.000      1.000
     Y9                    1.796       1.005       1.000   37.60%       1.000      2.000      2.000
             250.000       0.586       1.700       5.000    0.80%       2.000      2.000
     Y10                   1.824       0.806       1.000   35.60%       1.000      2.000      2.000
             250.000       0.569       0.906       5.000    0.40%       2.000      2.000
     X1                    0.110       0.162      -2.599    0.40%      -0.801     -0.160      0.107
             250.000       1.076      -0.296       3.415    0.40%       0.324      1.059
     X2                    0.536      -0.144       0.000   46.40%       0.000      0.000      1.000
             250.000       0.249      -1.979       1.000   53.60%       1.000      1.000


THE MODEL ESTIMATION TERMINATED NORMALLY



MODEL FIT INFORMATION

Number of Free Parameters                       34

Loglikelihood

          H0 Value                       -2138.516

Information Criteria

          Akaike (AIC)                    4345.031
          Bayesian (BIC)                  4464.761
          Sample-Size Adjusted BIC        4356.978
            (n* = (n + 2) / 24)



MODEL RESULTS

                                                    Two-Tailed
                    Estimate       S.E.  Est./S.E.    P-Value

 F        BY
    Y1                 0.425      0.044      9.640      0.000
    Y2                 0.530      0.050     10.593      0.000
    Y3                 0.533      0.048     10.998      0.000
    Y4                 0.492      0.050      9.796      0.000
    Y5               999.000      0.000    999.000    999.000
    Y6                 0.247      0.025      9.744      0.000
    Y7                 0.191      0.026      7.346      0.000
    Y8                 0.233      0.029      7.991      0.000
    Y9                 0.451      0.048      9.454      0.000
    Y10                0.475      0.046     10.281      0.000

 Y5       ON
    X1                 0.025      0.040      0.626      0.532
    X2                -0.045      0.083     -0.543      0.587

 Means
    F                  0.000      0.000    999.000    999.000

 Intercepts
    Y1                 1.784      0.045     39.680      0.000
    Y2                 1.844      0.052     35.470      0.000
    Y3                 3.072      0.051     60.583      0.000
    Y4                 3.052      0.051     59.522      0.000
    Y5                 3.059      0.065     46.807      0.000
    Y6                 1.160      0.026     44.963      0.000
    Y7                 1.128      0.025     44.642      0.000
    Y8                 1.200      0.029     41.603      0.000
    Y9                 1.796      0.048     37.084      0.000
    Y10                1.824      0.048     38.232      0.000

 Variances
    F                  1.000      0.000    999.000    999.000

 Residual Variances
    Y1                 0.325      0.032     10.038      0.000
    Y2                 0.394      0.041      9.689      0.000
    Y3                 0.358      0.038      9.490      0.000
    Y4                 0.416      0.042      9.960      0.000
    Y5                 0.387      0.038     10.144      0.000
    Y6                 0.105      0.011      9.879      0.000
    Y7                 0.123      0.012     10.515      0.000
    Y8                 0.154      0.015     10.437      0.000
    Y9                 0.383      0.038     10.086      0.000
    Y10                0.344      0.035      9.830      0.000

New/Additional Parameters
    L5_0               0.419      0.067      6.228      0.000
    L5_1              -0.048      0.042     -1.122      0.262
    L5_2               0.051      0.089      0.575      0.565


QUALITY OF NUMERICAL RESULTS

     Condition Number for the Information Matrix              0.105E-03
       (ratio of smallest to largest eigenvalue)


     Beginning Time:  11:05:03
        Ending Time:  11:05:03
       Elapsed Time:  00:00:00



MUTHEN & MUTHEN
3463 Stoner Ave.
Los Angeles, CA  90066

Tel: (310) 391-9971
Fax: (310) 391-8971
Web: www.StatModel.com
Support: Support@StatModel.com

Copyright (c) 1998-2019 Muthen & Muthen
