Mplus VERSION 8.3
MUTHEN & MUTHEN
03/29/2024  11:13 AM

INPUT INSTRUCTIONS


  TITLE: Test with 10 reps

  DATA:
  File is
  G1_B1_N1_rep271.csv;

  VARIABLE:
      Names are x1 x2 eta
  	y1 y2 y3 y4 y5 y6 y7 y8 y9 y10;
      Usevariables are y1-y10 x1 x2;
      constraint = x1 x2;

  MODEL:
      f BY y1* (l1);
      f BY y2* (l2);
      f BY y3* (l3);
      f BY y4* (l4);
      f BY y5* (l5);
      f BY y6* (l6);
      f BY y7* (l7);
      f BY y8* (l8);
      f BY y9* (l9);
      f BY y10* (l10);

  y1 ON x1 x2;
  f@1;
  [f@0];

  MODEL CONSTRAINT:
      new (l1_0 l1_1 l1_2);
      l1 = l1_0 + l1_1*x1 + l1_2*x2;




INPUT READING TERMINATED NORMALLY



Test with 10 reps

SUMMARY OF ANALYSIS

Number of groups                                                 1
Number of observations                                         250

Number of dependent variables                                   10
Number of independent variables                                  2
Number of continuous latent variables                            1

Observed dependent variables

  Continuous
   Y1          Y2          Y3          Y4          Y5          Y6
   Y7          Y8          Y9          Y10

Observed independent variables
   X1          X2

Continuous latent variables
   F


Estimator                                                       ML
Information matrix                                        OBSERVED
Maximum number of iterations                                  1000
Convergence criterion                                    0.500D-04
Maximum number of steepest descent iterations                   20

Input data file(s)
  G1_B1_N1_rep271.csv

Input data format  FREE



UNIVARIATE SAMPLE STATISTICS


     UNIVARIATE HIGHER-ORDER MOMENT DESCRIPTIVE STATISTICS

         Variable/         Mean/     Skewness/   Minimum/ % with                Percentiles
        Sample Size      Variance    Kurtosis    Maximum  Min/Max      20%/60%    40%/80%    Median

     Y1                    1.848       0.949       1.000   36.80%       1.000      2.000      2.000
             250.000       0.665       1.117       5.000    0.80%       2.000      2.000
     Y2                    1.812       1.135       1.000   42.80%       1.000      1.000      2.000
             250.000       0.785       1.206       5.000    1.20%       2.000      2.000
     Y3                    3.072       0.047       1.000    1.60%       2.000      3.000      3.000
             250.000       0.659      -0.207       5.000    3.20%       3.000      4.000
     Y4                    3.092       0.175       1.000    1.20%       2.000      3.000      3.000
             250.000       0.724      -0.372       5.000    4.80%       3.000      4.000
     Y5                    3.040       0.038       1.000    2.80%       2.000      3.000      3.000
             250.000       0.734      -0.143       5.000    4.00%       3.000      4.000
     Y6                    1.204       2.828       1.000   83.20%       1.000      1.000      1.000
             250.000       0.250       9.038       4.000    0.80%       1.000      1.000
     Y7                    1.172       2.254       1.000   84.00%       1.000      1.000      1.000
             250.000       0.166       4.377       3.000    1.20%       1.000      1.000
     Y8                    1.184       2.819       1.000   84.80%       1.000      1.000      1.000
             250.000       0.222       8.520       4.000    0.40%       1.000      1.000
     Y9                    1.852       0.891       1.000   37.20%       1.000      2.000      2.000
             250.000       0.670       0.912       5.000    0.80%       2.000      2.000
     Y10                   1.840       1.224       1.000   38.80%       1.000      2.000      2.000
             250.000       0.758       1.813       5.000    1.60%       2.000      2.000
     X1                   -0.022       0.148      -2.372    0.40%      -0.826     -0.255     -0.035
             250.000       1.046       0.154       3.010    0.40%       0.207      0.794
     X2                    0.500       0.000       0.000   50.00%       0.000      0.000      0.500
             250.000       0.250      -2.000       1.000   50.00%       1.000      1.000


THE MODEL ESTIMATION TERMINATED NORMALLY



MODEL FIT INFORMATION

Number of Free Parameters                       34

Loglikelihood

          H0 Value                       -2311.302

Information Criteria

          Akaike (AIC)                    4690.604
          Bayesian (BIC)                  4810.334
          Sample-Size Adjusted BIC        4702.551
            (n* = (n + 2) / 24)



MODEL RESULTS

                                                    Two-Tailed
                    Estimate       S.E.  Est./S.E.    P-Value

 F        BY
    Y1               999.000      0.000    999.000    999.000
    Y2                 0.547      0.054     10.135      0.000
    Y3                 0.515      0.049     10.509      0.000
    Y4                 0.598      0.050     11.971      0.000
    Y5                 0.535      0.052     10.285      0.000
    Y6                 0.217      0.032      6.687      0.000
    Y7                 0.187      0.026      7.110      0.000
    Y8                 0.273      0.029      9.374      0.000
    Y9                 0.527      0.049     10.691      0.000
    Y10                0.601      0.051     11.678      0.000

 Y1       ON
    X1                 0.033      0.040      0.841      0.401
    X2                 0.076      0.081      0.943      0.346

 Means
    F                  0.000      0.000    999.000    999.000

 Intercepts
    Y1                 1.807      0.064     28.067      0.000
    Y2                 1.812      0.056     32.344      0.000
    Y3                 3.072      0.051     59.842      0.000
    Y4                 3.092      0.054     57.475      0.000
    Y5                 3.040      0.054     56.089      0.000
    Y6                 1.204      0.032     38.045      0.000
    Y7                 1.172      0.026     45.426      0.000
    Y8                 1.184      0.030     39.720      0.000
    Y9                 1.852      0.052     35.772      0.000
    Y10                1.840      0.055     33.407      0.000

 Variances
    F                  1.000      0.000    999.000    999.000

 Residual Variances
    Y1                 0.359      0.037      9.695      0.000
    Y2                 0.486      0.048     10.069      0.000
    Y3                 0.393      0.039      9.962      0.000
    Y4                 0.366      0.039      9.401      0.000
    Y5                 0.448      0.045     10.030      0.000
    Y6                 0.203      0.019     10.759      0.000
    Y7                 0.132      0.012     10.696      0.000
    Y8                 0.148      0.014     10.265      0.000
    Y9                 0.392      0.040      9.885      0.000
    Y10                0.398      0.042      9.510      0.000

New/Additional Parameters
    L1_0               0.506      0.075      6.777      0.000
    L1_1               0.006      0.048      0.119      0.906
    L1_2               0.060      0.091      0.656      0.512


QUALITY OF NUMERICAL RESULTS

     Condition Number for the Information Matrix              0.149E-03
       (ratio of smallest to largest eigenvalue)


     Beginning Time:  11:13:46
        Ending Time:  11:13:47
       Elapsed Time:  00:00:01



MUTHEN & MUTHEN
3463 Stoner Ave.
Los Angeles, CA  90066

Tel: (310) 391-9971
Fax: (310) 391-8971
Web: www.StatModel.com
Support: Support@StatModel.com

Copyright (c) 1998-2019 Muthen & Muthen
