Mplus VERSION 8.3
MUTHEN & MUTHEN
04/23/2024  11:03 AM

INPUT INSTRUCTIONS


  TITLE: Test with 10 reps

  DATA:
  File is
  G1_B1_N1_rep263.csv;

  VARIABLE:
      Names are x1 x2 eta
  	y1 y2 y3 y4 y5 y6 y7 y8 y9 y10;
      Usevariables are y1-y10 x1 x2;
      constraint = x1 x2;

  MODEL:
      f BY y1* (l1);
      f BY y2* (l2);
      f BY y3* (l3);
      f BY y4* (l4);
      f BY y5* (l5);
      f BY y6* (l6);
      f BY y7* (l7);
      f BY y8* (l8);
      f BY y9* (l9);
      f BY y10* (l10);

  y4 ON x1 x2;
  f@1;
  [f@0];

  MODEL CONSTRAINT:
      new (l4_0 l4_1 l4_2);
      l4 = l4_0 + l4_1*x1 + l4_2*x2;




INPUT READING TERMINATED NORMALLY



Test with 10 reps

SUMMARY OF ANALYSIS

Number of groups                                                 1
Number of observations                                         250

Number of dependent variables                                   10
Number of independent variables                                  2
Number of continuous latent variables                            1

Observed dependent variables

  Continuous
   Y1          Y2          Y3          Y4          Y5          Y6
   Y7          Y8          Y9          Y10

Observed independent variables
   X1          X2

Continuous latent variables
   F


Estimator                                                       ML
Information matrix                                        OBSERVED
Maximum number of iterations                                  1000
Convergence criterion                                    0.500D-04
Maximum number of steepest descent iterations                   20

Input data file(s)
  G1_B1_N1_rep263.csv

Input data format  FREE



UNIVARIATE SAMPLE STATISTICS


     UNIVARIATE HIGHER-ORDER MOMENT DESCRIPTIVE STATISTICS

         Variable/         Mean/     Skewness/   Minimum/ % with                Percentiles
        Sample Size      Variance    Kurtosis    Maximum  Min/Max      20%/60%    40%/80%    Median

     Y1                    1.788       0.857       1.000   39.20%       1.000      2.000      2.000
             250.000       0.591       0.815       5.000    0.40%       2.000      2.000
     Y2                    1.784       0.736       1.000   36.40%       1.000      2.000      2.000
             250.000       0.513       0.552       4.000    2.40%       2.000      2.000
     Y3                    3.044      -0.215       1.000    2.40%       2.000      3.000      3.000
             250.000       0.658      -0.449       5.000    1.20%       3.000      4.000
     Y4                    2.996       0.007       1.000    2.40%       2.000      3.000      3.000
             250.000       0.652      -0.111       5.000    2.40%       3.000      4.000
     Y5                    3.036      -0.335       1.000    3.60%       2.000      3.000      3.000
             250.000       0.659      -0.104       5.000    1.20%       3.000      4.000
     Y6                    1.108       3.923       1.000   90.00%       1.000      1.000      1.000
             250.000       0.120      20.528       4.000    0.40%       1.000      1.000
     Y7                    1.176       2.890       1.000   85.20%       1.000      1.000      1.000
             250.000       0.209       9.217       4.000    0.40%       1.000      1.000
     Y8                    1.116       2.969       1.000   89.20%       1.000      1.000      1.000
             250.000       0.119       8.529       3.000    0.80%       1.000      1.000
     Y9                    1.832       0.739       1.000   35.20%       1.000      2.000      2.000
             250.000       0.564       0.731       5.000    0.40%       2.000      2.000
     Y10                   1.860       0.892       1.000   36.00%       1.000      2.000      2.000
             250.000       0.656       1.011       5.000    0.80%       2.000      2.000
     X1                   -0.041       0.129      -2.785    0.40%      -0.862     -0.299     -0.077
             250.000       1.044      -0.093       2.651    0.40%       0.126      0.722
     X2                    0.484       0.064       0.000   51.60%       0.000      0.000      0.000
             250.000       0.250      -1.996       1.000   48.40%       1.000      1.000


THE MODEL ESTIMATION TERMINATED NORMALLY



MODEL FIT INFORMATION

Number of Free Parameters                       34

Loglikelihood

          H0 Value                       -2060.441

Information Criteria

          Akaike (AIC)                    4188.882
          Bayesian (BIC)                  4308.611
          Sample-Size Adjusted BIC        4200.828
            (n* = (n + 2) / 24)



MODEL RESULTS

                                                    Two-Tailed
                    Estimate       S.E.  Est./S.E.    P-Value

 F        BY
    Y1                 0.440      0.048      9.202      0.000
    Y2                 0.483      0.043     11.284      0.000
    Y3                 0.530      0.049     10.842      0.000
    Y4               999.000      0.000    999.000    999.000
    Y5                 0.536      0.049     10.999      0.000
    Y6                 0.158      0.022      7.030      0.000
    Y7                 0.236      0.029      8.119      0.000
    Y8                 0.154      0.022      6.910      0.000
    Y9                 0.447      0.046      9.646      0.000
    Y10                0.567      0.048     11.852      0.000

 Y4       ON
    X1                -0.020      0.041     -0.485      0.628
    X2                 0.098      0.082      1.195      0.232

 Means
    F                  0.000      0.000    999.000    999.000

 Intercepts
    Y1                 1.788      0.049     36.773      0.000
    Y2                 1.784      0.045     39.370      0.000
    Y3                 3.044      0.051     59.331      0.000
    Y4                 2.950      0.067     44.111      0.000
    Y5                 3.036      0.051     59.146      0.000
    Y6                 1.108      0.022     50.502      0.000
    Y7                 1.176      0.029     40.671      0.000
    Y8                 1.116      0.022     51.250      0.000
    Y9                 1.832      0.047     38.578      0.000
    Y10                1.860      0.051     36.299      0.000

 Variances
    F                  1.000      0.000    999.000    999.000

 Residual Variances
    Y1                 0.397      0.039     10.240      0.000
    Y2                 0.280      0.029      9.577      0.000
    Y3                 0.377      0.039      9.762      0.000
    Y4                 0.370      0.038      9.696      0.000
    Y5                 0.371      0.038      9.685      0.000
    Y6                 0.095      0.009     10.669      0.000
    Y7                 0.153      0.015     10.467      0.000
    Y8                 0.095      0.009     10.688      0.000
    Y9                 0.364      0.036     10.126      0.000
    Y10                0.335      0.036      9.347      0.000

New/Additional Parameters
    L4_0               0.580      0.071      8.145      0.000
    L4_1               0.051      0.043      1.178      0.239
    L4_2              -0.098      0.089     -1.099      0.272


QUALITY OF NUMERICAL RESULTS

     Condition Number for the Information Matrix              0.769E-04
       (ratio of smallest to largest eigenvalue)


     Beginning Time:  11:03:25
        Ending Time:  11:03:26
       Elapsed Time:  00:00:01



MUTHEN & MUTHEN
3463 Stoner Ave.
Los Angeles, CA  90066

Tel: (310) 391-9971
Fax: (310) 391-8971
Web: www.StatModel.com
Support: Support@StatModel.com

Copyright (c) 1998-2019 Muthen & Muthen
