Mplus VERSION 8.3
MUTHEN & MUTHEN
04/23/2024  11:10 AM

INPUT INSTRUCTIONS


  TITLE: Test with 10 reps

  DATA:
  File is
  G1_B1_N1_rep289.csv;

  VARIABLE:
      Names are x1 x2 eta
  	y1 y2 y3 y4 y5 y6 y7 y8 y9 y10;
      Usevariables are y1-y10 x1 x2;
      constraint = x1 x2;

  MODEL:
      f BY y1* (l1);
      f BY y2* (l2);
      f BY y3* (l3);
      f BY y4* (l4);
      f BY y5* (l5);
      f BY y6* (l6);
      f BY y7* (l7);
      f BY y8* (l8);
      f BY y9* (l9);
      f BY y10* (l10);

  y6 ON x1 x2;
  f@1;
  [f@0];

  MODEL CONSTRAINT:
      new (l6_0 l6_1 l6_2);
      l6 = l6_0 + l6_1*x1 + l6_2*x2;




INPUT READING TERMINATED NORMALLY



Test with 10 reps

SUMMARY OF ANALYSIS

Number of groups                                                 1
Number of observations                                         250

Number of dependent variables                                   10
Number of independent variables                                  2
Number of continuous latent variables                            1

Observed dependent variables

  Continuous
   Y1          Y2          Y3          Y4          Y5          Y6
   Y7          Y8          Y9          Y10

Observed independent variables
   X1          X2

Continuous latent variables
   F


Estimator                                                       ML
Information matrix                                        OBSERVED
Maximum number of iterations                                  1000
Convergence criterion                                    0.500D-04
Maximum number of steepest descent iterations                   20

Input data file(s)
  G1_B1_N1_rep289.csv

Input data format  FREE



UNIVARIATE SAMPLE STATISTICS


     UNIVARIATE HIGHER-ORDER MOMENT DESCRIPTIVE STATISTICS

         Variable/         Mean/     Skewness/   Minimum/ % with                Percentiles
        Sample Size      Variance    Kurtosis    Maximum  Min/Max      20%/60%    40%/80%    Median

     Y1                    1.856       0.984       1.000   37.20%       1.000      2.000      2.000
             250.000       0.691       1.301       5.000    1.20%       2.000      2.000
     Y2                    1.864       0.603       1.000   35.20%       1.000      2.000      2.000
             250.000       0.598       0.173       5.000    0.40%       2.000      2.000
     Y3                    3.052      -0.191       1.000    3.20%       3.000      3.000      3.000
             250.000       0.617       0.415       5.000    2.40%       3.000      4.000
     Y4                    3.044      -0.078       1.000    1.20%       2.000      3.000      3.000
             250.000       0.626      -0.664       5.000    1.20%       3.000      4.000
     Y5                    3.140       0.123       1.000    1.60%       2.000      3.000      3.000
             250.000       0.760      -0.308       5.000    6.00%       3.000      4.000
     Y6                    1.176       2.790       1.000   84.40%       1.000      1.000      1.000
             250.000       0.193       9.147       4.000    0.40%       1.000      1.000
     Y7                    1.180       2.734       1.000   84.00%       1.000      1.000      1.000
             250.000       0.196       8.778       4.000    0.40%       1.000      1.000
     Y8                    1.212       1.832       1.000   80.00%       1.000      1.000      1.000
             250.000       0.191       2.390       3.000    1.20%       1.000      1.000
     Y9                    1.860       0.829       1.000   36.80%       1.000      2.000      2.000
             250.000       0.672       0.514       5.000    0.40%       2.000      2.000
     Y10                   1.764       0.643       1.000   38.40%       1.000      2.000      2.000
             250.000       0.508       0.108       4.000    1.60%       2.000      2.000
     X1                    0.025       0.165      -2.519    0.40%      -0.811     -0.236      0.020
             250.000       0.928       0.119       2.920    0.40%       0.279      0.732
     X2                    0.520      -0.080       0.000   48.00%       0.000      0.000      1.000
             250.000       0.250      -1.994       1.000   52.00%       1.000      1.000


THE MODEL ESTIMATION TERMINATED NORMALLY



MODEL FIT INFORMATION

Number of Free Parameters                       34

Loglikelihood

          H0 Value                       -2213.612

Information Criteria

          Akaike (AIC)                    4495.224
          Bayesian (BIC)                  4614.954
          Sample-Size Adjusted BIC        4507.171
            (n* = (n + 2) / 24)



MODEL RESULTS

                                                    Two-Tailed
                    Estimate       S.E.  Est./S.E.    P-Value

 F        BY
    Y1                 0.569      0.050     11.447      0.000
    Y2                 0.510      0.047     10.941      0.000
    Y3                 0.490      0.048     10.187      0.000
    Y4                 0.486      0.049      9.990      0.000
    Y5                 0.573      0.053     10.881      0.000
    Y6               999.000      0.000    999.000    999.000
    Y7                 0.211      0.029      7.385      0.000
    Y8                 0.236      0.028      8.573      0.000
    Y9                 0.514      0.050     10.237      0.000
    Y10                0.406      0.045      9.116      0.000

 Y6       ON
    X1                -0.030      0.027     -1.103      0.270
    X2                -0.004      0.052     -0.074      0.941

 Means
    F                  0.000      0.000    999.000    999.000

 Intercepts
    Y1                 1.856      0.053     35.296      0.000
    Y2                 1.864      0.049     38.128      0.000
    Y3                 3.052      0.050     61.420      0.000
    Y4                 3.044      0.050     60.828      0.000
    Y5                 3.140      0.055     56.935      0.000
    Y6                 1.180      0.039     30.616      0.000
    Y7                 1.180      0.028     42.186      0.000
    Y8                 1.212      0.028     43.842      0.000
    Y9                 1.860      0.052     35.865      0.000
    Y10                1.764      0.045     39.121      0.000

 Variances
    F                  1.000      0.000    999.000    999.000

 Residual Variances
    Y1                 0.368      0.039      9.389      0.000
    Y2                 0.337      0.035      9.618      0.000
    Y3                 0.378      0.038      9.921      0.000
    Y4                 0.390      0.039      9.956      0.000
    Y5                 0.432      0.045      9.651      0.000
    Y6                 0.152      0.014     10.601      0.000
    Y7                 0.151      0.014     10.583      0.000
    Y8                 0.135      0.013     10.353      0.000
    Y9                 0.408      0.041      9.867      0.000
    Y10                0.343      0.034     10.216      0.000

New/Additional Parameters
    L6_0               0.187      0.040      4.659      0.000
    L6_1              -0.044      0.028     -1.556      0.120
    L6_2               0.028      0.056      0.497      0.619


QUALITY OF NUMERICAL RESULTS

     Condition Number for the Information Matrix              0.164E-03
       (ratio of smallest to largest eigenvalue)


     Beginning Time:  11:10:09
        Ending Time:  11:10:11
       Elapsed Time:  00:00:02



MUTHEN & MUTHEN
3463 Stoner Ave.
Los Angeles, CA  90066

Tel: (310) 391-9971
Fax: (310) 391-8971
Web: www.StatModel.com
Support: Support@StatModel.com

Copyright (c) 1998-2019 Muthen & Muthen
