Mplus VERSION 8.3
MUTHEN & MUTHEN
04/23/2024  11:04 AM

INPUT INSTRUCTIONS


  TITLE: Test with 10 reps

  DATA:
  File is
  G1_B1_N1_rep268.csv;

  VARIABLE:
      Names are x1 x2 eta
  	y1 y2 y3 y4 y5 y6 y7 y8 y9 y10;
      Usevariables are y1-y10 x1 x2;
      constraint = x1 x2;

  MODEL:
      f BY y1* (l1);
      f BY y2* (l2);
      f BY y3* (l3);
      f BY y4* (l4);
      f BY y5* (l5);
      f BY y6* (l6);
      f BY y7* (l7);
      f BY y8* (l8);
      f BY y9* (l9);
      f BY y10* (l10);

  y9 ON x1 x2;
  f@1;
  [f@0];

  MODEL CONSTRAINT:
      new (l9_0 l9_1 l9_2);
      l9 = l9_0 + l9_1*x1 + l9_2*x2;




INPUT READING TERMINATED NORMALLY



Test with 10 reps

SUMMARY OF ANALYSIS

Number of groups                                                 1
Number of observations                                         250

Number of dependent variables                                   10
Number of independent variables                                  2
Number of continuous latent variables                            1

Observed dependent variables

  Continuous
   Y1          Y2          Y3          Y4          Y5          Y6
   Y7          Y8          Y9          Y10

Observed independent variables
   X1          X2

Continuous latent variables
   F


Estimator                                                       ML
Information matrix                                        OBSERVED
Maximum number of iterations                                  1000
Convergence criterion                                    0.500D-04
Maximum number of steepest descent iterations                   20

Input data file(s)
  G1_B1_N1_rep268.csv

Input data format  FREE



UNIVARIATE SAMPLE STATISTICS


     UNIVARIATE HIGHER-ORDER MOMENT DESCRIPTIVE STATISTICS

         Variable/         Mean/     Skewness/   Minimum/ % with                Percentiles
        Sample Size      Variance    Kurtosis    Maximum  Min/Max      20%/60%    40%/80%    Median

     Y1                    1.708       1.044       1.000   44.00%       1.000      1.000      2.000
             250.000       0.567       1.368       5.000    0.40%       2.000      2.000
     Y2                    1.752       0.912       1.000   42.80%       1.000      1.000      2.000
             250.000       0.618       0.450       4.000    3.60%       2.000      2.000
     Y3                    3.028       0.029       1.000    2.40%       2.000      3.000      3.000
             250.000       0.699      -0.204       5.000    3.20%       3.000      4.000
     Y4                    3.008      -0.125       1.000    2.00%       2.000      3.000      3.000
             250.000       0.568      -0.044       5.000    1.20%       3.000      4.000
     Y5                    3.004      -0.092       1.000    2.80%       2.000      3.000      3.000
             250.000       0.684      -0.305       5.000    2.00%       3.000      4.000
     Y6                    1.196       4.022       1.000   84.40%       1.000      1.000      1.000
             250.000       0.294      20.961       5.000    0.80%       1.000      1.000
     Y7                    1.172       3.014       1.000   86.40%       1.000      1.000      1.000
             250.000       0.222       9.495       4.000    0.40%       1.000      1.000
     Y8                    1.176       2.423       1.000   84.40%       1.000      1.000      1.000
             250.000       0.185       5.322       3.000    2.00%       1.000      1.000
     Y9                    1.784       1.074       1.000   45.20%       1.000      1.000      2.000
             250.000       0.769       0.853       5.000    0.80%       2.000      2.000
     Y10                   1.836       0.876       1.000   38.40%       1.000      2.000      2.000
             250.000       0.673       0.593       5.000    0.40%       2.000      2.000
     X1                    0.093      -0.089      -2.549    0.40%      -0.804     -0.153      0.123
             250.000       1.089      -0.272       2.877    0.40%       0.417      0.948
     X2                    0.552      -0.209       0.000   44.80%       0.000      0.000      1.000
             250.000       0.247      -1.956       1.000   55.20%       1.000      1.000


THE MODEL ESTIMATION TERMINATED NORMALLY



MODEL FIT INFORMATION

Number of Free Parameters                       34

Loglikelihood

          H0 Value                       -2255.278

Information Criteria

          Akaike (AIC)                    4578.557
          Bayesian (BIC)                  4698.286
          Sample-Size Adjusted BIC        4590.503
            (n* = (n + 2) / 24)



MODEL RESULTS

                                                    Two-Tailed
                    Estimate       S.E.  Est./S.E.    P-Value

 F        BY
    Y1                 0.450      0.046      9.756      0.000
    Y2                 0.534      0.047     11.472      0.000
    Y3                 0.520      0.051     10.257      0.000
    Y4                 0.456      0.046      9.906      0.000
    Y5                 0.499      0.051      9.872      0.000
    Y6                 0.335      0.033     10.134      0.000
    Y7                 0.243      0.030      8.158      0.000
    Y8                 0.201      0.027      7.299      0.000
    Y9               999.000      0.000    999.000    999.000
    Y10                0.591      0.048     12.397      0.000

 Y9       ON
    X1                 0.025      0.041      0.617      0.537
    X2                 0.063      0.087      0.723      0.470

 Means
    F                  0.000      0.000    999.000    999.000

 Intercepts
    Y1                 1.708      0.048     35.873      0.000
    Y2                 1.752      0.050     35.224      0.000
    Y3                 3.028      0.053     57.256      0.000
    Y4                 3.008      0.048     63.110      0.000
    Y5                 3.004      0.052     57.431      0.000
    Y6                 1.196      0.034     34.901      0.000
    Y7                 1.172      0.030     39.293      0.000
    Y8                 1.176      0.027     43.228      0.000
    Y9                 1.753      0.074     23.820      0.000
    Y10                1.836      0.052     35.384      0.000

 Variances
    F                  1.000      0.000    999.000    999.000

 Residual Variances
    Y1                 0.364      0.036     10.178      0.000
    Y2                 0.334      0.034      9.686      0.000
    Y3                 0.428      0.043     10.062      0.000
    Y4                 0.360      0.035     10.137      0.000
    Y5                 0.435      0.043     10.164      0.000
    Y6                 0.181      0.018     10.031      0.000
    Y7                 0.163      0.016     10.528      0.000
    Y8                 0.145      0.014     10.699      0.000
    Y9                 0.381      0.040      9.472      0.000
    Y10                0.324      0.035      9.273      0.000

New/Additional Parameters
    L9_0               0.604      0.085      7.064      0.000
    L9_1              -0.090      0.045     -2.000      0.046
    L9_2               0.026      0.098      0.263      0.793


QUALITY OF NUMERICAL RESULTS

     Condition Number for the Information Matrix              0.180E-03
       (ratio of smallest to largest eigenvalue)


     Beginning Time:  11:04:43
        Ending Time:  11:04:44
       Elapsed Time:  00:00:01



MUTHEN & MUTHEN
3463 Stoner Ave.
Los Angeles, CA  90066

Tel: (310) 391-9971
Fax: (310) 391-8971
Web: www.StatModel.com
Support: Support@StatModel.com

Copyright (c) 1998-2019 Muthen & Muthen
