Mplus VERSION 8.3
MUTHEN & MUTHEN
03/29/2024  11:05 AM

INPUT INSTRUCTIONS


  TITLE: Test with 10 reps

  DATA:
  File is
  G1_B1_N1_rep216.csv;

  VARIABLE:
      Names are x1 x2 eta
  	y1 y2 y3 y4 y5 y6 y7 y8 y9 y10;
      Usevariables are y1-y10 x1 x2;
      constraint = x1 x2;

  MODEL:
      f BY y1* (l1);
      f BY y2* (l2);
      f BY y3* (l3);
      f BY y4* (l4);
      f BY y5* (l5);
      f BY y6* (l6);
      f BY y7* (l7);
      f BY y8* (l8);
      f BY y9* (l9);
      f BY y10* (l10);

  y7 ON x1 x2;
  f@1;
  [f@0];

  MODEL CONSTRAINT:
      new (l7_0 l7_1 l7_2);
      l7 = l7_0 + l7_1*x1 + l7_2*x2;




INPUT READING TERMINATED NORMALLY



Test with 10 reps

SUMMARY OF ANALYSIS

Number of groups                                                 1
Number of observations                                         250

Number of dependent variables                                   10
Number of independent variables                                  2
Number of continuous latent variables                            1

Observed dependent variables

  Continuous
   Y1          Y2          Y3          Y4          Y5          Y6
   Y7          Y8          Y9          Y10

Observed independent variables
   X1          X2

Continuous latent variables
   F


Estimator                                                       ML
Information matrix                                        OBSERVED
Maximum number of iterations                                  1000
Convergence criterion                                    0.500D-04
Maximum number of steepest descent iterations                   20

Input data file(s)
  G1_B1_N1_rep216.csv

Input data format  FREE



UNIVARIATE SAMPLE STATISTICS


     UNIVARIATE HIGHER-ORDER MOMENT DESCRIPTIVE STATISTICS

         Variable/         Mean/     Skewness/   Minimum/ % with                Percentiles
        Sample Size      Variance    Kurtosis    Maximum  Min/Max      20%/60%    40%/80%    Median

     Y1                    1.788       0.799       1.000   39.60%       1.000      2.000      2.000
             250.000       0.599       0.284       4.000    3.20%       2.000      2.000
     Y2                    1.748       1.202       1.000   42.40%       1.000      1.000      2.000
             250.000       0.628       2.216       5.000    1.20%       2.000      2.000
     Y3                    3.056      -0.050       1.000    2.00%       2.000      3.000      3.000
             250.000       0.621      -0.028       5.000    2.40%       3.000      4.000
     Y4                    3.064      -0.112       1.000    1.60%       2.000      3.000      3.000
             250.000       0.612      -0.333       5.000    1.60%       3.000      4.000
     Y5                    3.104      -0.062       1.000    2.80%       2.000      3.000      3.000
             250.000       0.773      -0.298       5.000    4.40%       3.000      4.000
     Y6                    1.200       2.147       1.000   82.00%       1.000      1.000      1.000
             250.000       0.200       3.920       3.000    2.00%       1.000      1.000
     Y7                    1.168       2.304       1.000   84.40%       1.000      1.000      1.000
             250.000       0.164       4.637       3.000    1.20%       1.000      1.000
     Y8                    1.184       2.680       1.000   83.60%       1.000      1.000      1.000
             250.000       0.198       8.427       4.000    0.40%       1.000      1.000
     Y9                    1.748       0.839       1.000   42.40%       1.000      1.000      2.000
             250.000       0.580       0.634       5.000    0.40%       2.000      2.000
     Y10                   1.744       0.742       1.000   42.00%       1.000      1.000      2.000
             250.000       0.558       0.069       4.000    2.00%       2.000      2.000
     X1                    0.025       0.128      -2.743    0.40%      -0.801     -0.211     -0.043
             250.000       0.977       0.362       3.051    0.40%       0.221      0.832
     X2                    0.488       0.048       0.000   51.20%       0.000      0.000      0.000
             250.000       0.250      -1.998       1.000   48.80%       1.000      1.000


THE MODEL ESTIMATION TERMINATED NORMALLY



MODEL FIT INFORMATION

Number of Free Parameters                       34

Loglikelihood

          H0 Value                       -2187.982

Information Criteria

          Akaike (AIC)                    4443.964
          Bayesian (BIC)                  4563.693
          Sample-Size Adjusted BIC        4455.911
            (n* = (n + 2) / 24)



MODEL RESULTS

                                                    Two-Tailed
                    Estimate       S.E.  Est./S.E.    P-Value

 F        BY
    Y1                 0.477      0.048     10.014      0.000
    Y2                 0.482      0.049      9.847      0.000
    Y3                 0.471      0.049      9.636      0.000
    Y4                 0.451      0.049      9.243      0.000
    Y5                 0.572      0.053     10.741      0.000
    Y6                 0.221      0.029      7.696      0.000
    Y7               999.000      0.000    999.000    999.000
    Y8                 0.241      0.028      8.519      0.000
    Y9                 0.486      0.046     10.455      0.000
    Y10                0.492      0.045     10.902      0.000

 Y7       ON
    X1                -0.022      0.023     -0.935      0.350
    X2                -0.071      0.046     -1.549      0.121

 Means
    F                  0.000      0.000    999.000    999.000

 Intercepts
    Y1                 1.788      0.049     36.526      0.000
    Y2                 1.748      0.050     34.863      0.000
    Y3                 3.056      0.050     61.323      0.000
    Y4                 3.064      0.049     61.932      0.000
    Y5                 3.104      0.056     55.815      0.000
    Y6                 1.200      0.028     42.426      0.000
    Y7                 1.206      0.035     34.892      0.000
    Y8                 1.184      0.028     42.056      0.000
    Y9                 1.748      0.048     36.275      0.000
    Y10                1.744      0.047     36.899      0.000

 Variances
    F                  1.000      0.000    999.000    999.000

 Residual Variances
    Y1                 0.371      0.037      9.908      0.000
    Y2                 0.396      0.040      9.968      0.000
    Y3                 0.399      0.040     10.040      0.000
    Y4                 0.408      0.040     10.166      0.000
    Y5                 0.446      0.046      9.685      0.000
    Y6                 0.151      0.014     10.492      0.000
    Y7                 0.116      0.011     10.272      0.000
    Y8                 0.140      0.014     10.293      0.000
    Y9                 0.345      0.035      9.782      0.000
    Y10                0.316      0.033      9.625      0.000

New/Additional Parameters
    L7_0               0.227      0.034      6.601      0.000
    L7_1              -0.023      0.023     -0.987      0.324
    L7_2              -0.012      0.049     -0.240      0.810


QUALITY OF NUMERICAL RESULTS

     Condition Number for the Information Matrix              0.122E-03
       (ratio of smallest to largest eigenvalue)


     Beginning Time:  11:05:28
        Ending Time:  11:05:29
       Elapsed Time:  00:00:01



MUTHEN & MUTHEN
3463 Stoner Ave.
Los Angeles, CA  90066

Tel: (310) 391-9971
Fax: (310) 391-8971
Web: www.StatModel.com
Support: Support@StatModel.com

Copyright (c) 1998-2019 Muthen & Muthen
