Mplus VERSION 8.3
MUTHEN & MUTHEN
03/29/2024  11:16 AM

INPUT INSTRUCTIONS


  TITLE: Test with 10 reps

  DATA:
  File is
  G1_B1_N1_rep288.csv;

  VARIABLE:
      Names are x1 x2 eta
  	y1 y2 y3 y4 y5 y6 y7 y8 y9 y10;
      Usevariables are y1-y10 x1 x2;
      constraint = x1 x2;

  MODEL:
      f BY y1* (l1);
      f BY y2* (l2);
      f BY y3* (l3);
      f BY y4* (l4);
      f BY y5* (l5);
      f BY y6* (l6);
      f BY y7* (l7);
      f BY y8* (l8);
      f BY y9* (l9);
      f BY y10* (l10);

  y7 ON x1 x2;
  f@1;
  [f@0];

  MODEL CONSTRAINT:
      new (l7_0 l7_1 l7_2);
      l7 = l7_0 + l7_1*x1 + l7_2*x2;




INPUT READING TERMINATED NORMALLY



Test with 10 reps

SUMMARY OF ANALYSIS

Number of groups                                                 1
Number of observations                                         250

Number of dependent variables                                   10
Number of independent variables                                  2
Number of continuous latent variables                            1

Observed dependent variables

  Continuous
   Y1          Y2          Y3          Y4          Y5          Y6
   Y7          Y8          Y9          Y10

Observed independent variables
   X1          X2

Continuous latent variables
   F


Estimator                                                       ML
Information matrix                                        OBSERVED
Maximum number of iterations                                  1000
Convergence criterion                                    0.500D-04
Maximum number of steepest descent iterations                   20

Input data file(s)
  G1_B1_N1_rep288.csv

Input data format  FREE



UNIVARIATE SAMPLE STATISTICS


     UNIVARIATE HIGHER-ORDER MOMENT DESCRIPTIVE STATISTICS

         Variable/         Mean/     Skewness/   Minimum/ % with                Percentiles
        Sample Size      Variance    Kurtosis    Maximum  Min/Max      20%/60%    40%/80%    Median

     Y1                    1.776       1.311       1.000   41.60%       1.000      1.000      2.000
             250.000       0.694       2.408       5.000    1.60%       2.000      2.000
     Y2                    1.764       0.833       1.000   38.40%       1.000      2.000      2.000
             250.000       0.524       1.119       5.000    0.40%       2.000      2.000
     Y3                    3.068      -0.248       1.000    3.60%       2.000      3.000      3.000
             250.000       0.719      -0.169       5.000    2.40%       3.000      4.000
     Y4                    3.020       0.113       1.000    2.80%       2.000      3.000      3.000
             250.000       0.740      -0.081       5.000    4.40%       3.000      4.000
     Y5                    3.072      -0.082       1.000    2.40%       2.000      3.000      3.000
             250.000       0.635       0.117       5.000    2.80%       3.000      4.000
     Y6                    1.196       3.619       1.000   84.40%       1.000      1.000      1.000
             250.000       0.278      16.670       5.000    0.40%       1.000      1.000
     Y7                    1.240       3.151       1.000   81.20%       1.000      1.000      1.000
             250.000       0.334      12.239       5.000    0.40%       1.000      1.000
     Y8                    1.196       2.270       1.000   82.80%       1.000      1.000      1.000
             250.000       0.206       4.506       3.000    2.40%       1.000      1.000
     Y9                    1.892       0.781       1.000   38.40%       1.000      2.000      2.000
             250.000       0.768       0.079       5.000    0.40%       2.000      3.000
     Y10                   1.872       1.021       1.000   36.40%       1.000      2.000      2.000
             250.000       0.728       1.058       5.000    0.80%       2.000      2.000
     X1                   -0.096       0.310      -2.128    0.40%      -0.987     -0.317     -0.098
             250.000       0.878       0.007       3.258    0.40%       0.074      0.652
     X2                    0.520      -0.080       0.000   48.00%       0.000      0.000      1.000
             250.000       0.250      -1.994       1.000   52.00%       1.000      1.000


THE MODEL ESTIMATION TERMINATED NORMALLY



MODEL FIT INFORMATION

Number of Free Parameters                       34

Loglikelihood

          H0 Value                       -2401.897

Information Criteria

          Akaike (AIC)                    4871.793
          Bayesian (BIC)                  4991.523
          Sample-Size Adjusted BIC        4883.740
            (n* = (n + 2) / 24)



MODEL RESULTS

                                                    Two-Tailed
                    Estimate       S.E.  Est./S.E.    P-Value

 F        BY
    Y1                 0.556      0.050     11.080      0.000
    Y2                 0.441      0.045      9.866      0.000
    Y3                 0.471      0.054      8.796      0.000
    Y4                 0.563      0.052     10.805      0.000
    Y5                 0.474      0.049      9.588      0.000
    Y6                 0.272      0.034      8.098      0.000
    Y7               999.000      0.000    999.000    999.000
    Y8                 0.206      0.029      7.013      0.000
    Y9                 0.483      0.055      8.740      0.000
    Y10                0.556      0.052     10.755      0.000

 Y7       ON
    X1                 0.039      0.033      1.183      0.237
    X2                -0.033      0.060     -0.547      0.584

 Means
    F                  0.000      0.000    999.000    999.000

 Intercepts
    Y1                 1.776      0.053     33.712      0.000
    Y2                 1.764      0.046     38.519      0.000
    Y3                 3.068      0.054     57.194      0.000
    Y4                 3.020      0.054     55.524      0.000
    Y5                 3.072      0.050     60.963      0.000
    Y6                 1.196      0.033     35.893      0.000
    Y7                 1.245      0.047     26.622      0.000
    Y8                 1.196      0.029     41.707      0.000
    Y9                 1.892      0.055     34.128      0.000
    Y10                1.872      0.054     34.700      0.000

 Variances
    F                  1.000      0.000    999.000    999.000

 Residual Variances
    Y1                 0.385      0.040      9.550      0.000
    Y2                 0.330      0.033      9.954      0.000
    Y3                 0.497      0.049     10.223      0.000
    Y4                 0.423      0.044      9.646      0.000
    Y5                 0.410      0.041     10.039      0.000
    Y6                 0.204      0.020     10.429      0.000
    Y7                 0.196      0.020      9.636      0.000
    Y8                 0.163      0.015     10.652      0.000
    Y9                 0.535      0.052     10.290      0.000
    Y10                0.418      0.043      9.651      0.000

New/Additional Parameters
    L7_0               0.317      0.051      6.209      0.000
    L7_1               0.122      0.033      3.722      0.000
    L7_2               0.059      0.066      0.901      0.368


QUALITY OF NUMERICAL RESULTS

     Condition Number for the Information Matrix              0.229E-03
       (ratio of smallest to largest eigenvalue)


     Beginning Time:  11:16:22
        Ending Time:  11:16:22
       Elapsed Time:  00:00:00



MUTHEN & MUTHEN
3463 Stoner Ave.
Los Angeles, CA  90066

Tel: (310) 391-9971
Fax: (310) 391-8971
Web: www.StatModel.com
Support: Support@StatModel.com

Copyright (c) 1998-2019 Muthen & Muthen
