Mplus VERSION 8.3
MUTHEN & MUTHEN
03/29/2024  11:19 AM

INPUT INSTRUCTIONS


  TITLE: Test with 10 reps

  DATA:
  File is
  G1_B1_N1_rep308.csv;

  VARIABLE:
      Names are x1 x2 eta
  	y1 y2 y3 y4 y5 y6 y7 y8 y9 y10;
      Usevariables are y1-y10 x1 x2;
      constraint = x1 x2;

  MODEL:
      f BY y1* (l1);
      f BY y2* (l2);
      f BY y3* (l3);
      f BY y4* (l4);
      f BY y5* (l5);
      f BY y6* (l6);
      f BY y7* (l7);
      f BY y8* (l8);
      f BY y9* (l9);
      f BY y10* (l10);

  y5 ON x1 x2;
  f@1;
  [f@0];

  MODEL CONSTRAINT:
      new (l5_0 l5_1 l5_2);
      l5 = l5_0 + l5_1*x1 + l5_2*x2;




INPUT READING TERMINATED NORMALLY



Test with 10 reps

SUMMARY OF ANALYSIS

Number of groups                                                 1
Number of observations                                         250

Number of dependent variables                                   10
Number of independent variables                                  2
Number of continuous latent variables                            1

Observed dependent variables

  Continuous
   Y1          Y2          Y3          Y4          Y5          Y6
   Y7          Y8          Y9          Y10

Observed independent variables
   X1          X2

Continuous latent variables
   F


Estimator                                                       ML
Information matrix                                        OBSERVED
Maximum number of iterations                                  1000
Convergence criterion                                    0.500D-04
Maximum number of steepest descent iterations                   20

Input data file(s)
  G1_B1_N1_rep308.csv

Input data format  FREE



UNIVARIATE SAMPLE STATISTICS


     UNIVARIATE HIGHER-ORDER MOMENT DESCRIPTIVE STATISTICS

         Variable/         Mean/     Skewness/   Minimum/ % with                Percentiles
        Sample Size      Variance    Kurtosis    Maximum  Min/Max      20%/60%    40%/80%    Median

     Y1                    1.832       1.330       1.000   40.00%       1.000      1.000      2.000
             250.000       0.788       2.277       5.000    2.40%       2.000      2.000
     Y2                    1.848       0.929       1.000   34.80%       1.000      2.000      2.000
             250.000       0.609       1.400       5.000    0.80%       2.000      2.000
     Y3                    3.172      -0.108       1.000    2.40%       2.000      3.000      3.000
             250.000       0.734      -0.138       5.000    4.80%       3.000      4.000
     Y4                    3.096      -0.119       1.000    3.60%       2.000      3.000      3.000
             250.000       0.783      -0.160       5.000    4.40%       3.000      4.000
     Y5                    3.048       0.174       1.000    2.00%       2.000      3.000      3.000
             250.000       0.670       0.149       5.000    4.40%       3.000      4.000
     Y6                    1.236       2.986       1.000   80.40%       1.000      1.000      1.000
             250.000       0.292      12.095       5.000    0.40%       1.000      1.000
     Y7                    1.224       2.054       1.000   80.40%       1.000      1.000      1.000
             250.000       0.230       3.466       3.000    2.80%       1.000      1.000
     Y8                    1.204       3.211       1.000   82.80%       1.000      1.000      1.000
             250.000       0.250      14.538       5.000    0.40%       1.000      1.000
     Y9                    1.816       0.853       1.000   41.20%       1.000      1.000      2.000
             250.000       0.694       0.364       5.000    0.40%       2.000      2.000
     Y10                   1.828       1.188       1.000   39.60%       1.000      2.000      2.000
             250.000       0.750       1.563       5.000    1.20%       2.000      2.000
     X1                   -0.072      -0.218      -3.107    0.40%      -0.916     -0.309     -0.075
             250.000       1.174      -0.083       2.452    0.40%       0.225      0.870
     X2                    0.520      -0.080       0.000   48.00%       0.000      0.000      1.000
             250.000       0.250      -1.994       1.000   52.00%       1.000      1.000


THE MODEL ESTIMATION TERMINATED NORMALLY



MODEL FIT INFORMATION

Number of Free Parameters                       34

Loglikelihood

          H0 Value                       -2414.254

Information Criteria

          Akaike (AIC)                    4896.509
          Bayesian (BIC)                  5016.238
          Sample-Size Adjusted BIC        4908.455
            (n* = (n + 2) / 24)



MODEL RESULTS

                                                    Two-Tailed
                    Estimate       S.E.  Est./S.E.    P-Value

 F        BY
    Y1                 0.605      0.053     11.411      0.000
    Y2                 0.459      0.048      9.485      0.000
    Y3                 0.469      0.054      8.687      0.000
    Y4                 0.553      0.054     10.207      0.000
    Y5               999.000      0.000    999.000    999.000
    Y6                 0.302      0.034      8.860      0.000
    Y7                 0.263      0.030      8.718      0.000
    Y8                 0.268      0.032      8.474      0.000
    Y9                 0.531      0.051     10.499      0.000
    Y10                0.583      0.052     11.254      0.000

 Y5       ON
    X1                 0.026      0.040      0.651      0.515
    X2                 0.108      0.087      1.236      0.216

 Means
    F                  0.000      0.000    999.000    999.000

 Intercepts
    Y1                 1.832      0.056     32.636      0.000
    Y2                 1.848      0.049     37.446      0.000
    Y3                 3.172      0.054     58.524      0.000
    Y4                 3.096      0.056     55.329      0.000
    Y5                 3.002      0.071     42.549      0.000
    Y6                 1.236      0.034     36.147      0.000
    Y7                 1.224      0.030     40.370      0.000
    Y8                 1.204      0.032     38.045      0.000
    Y9                 1.816      0.053     34.464      0.000
    Y10                1.828      0.055     33.365      0.000

 Variances
    F                  1.000      0.000    999.000    999.000

 Residual Variances
    Y1                 0.422      0.045      9.454      0.000
    Y2                 0.398      0.039     10.130      0.000
    Y3                 0.515      0.050     10.335      0.000
    Y4                 0.478      0.048      9.905      0.000
    Y5                 0.418      0.042     10.051      0.000
    Y6                 0.201      0.020     10.244      0.000
    Y7                 0.161      0.016     10.346      0.000
    Y8                 0.178      0.017     10.355      0.000
    Y9                 0.412      0.042      9.837      0.000
    Y10                0.410      0.043      9.565      0.000

New/Additional Parameters
    L5_0               0.535      0.081      6.614      0.000
    L5_1              -0.040      0.040     -1.010      0.313
    L5_2              -0.076      0.097     -0.785      0.433


QUALITY OF NUMERICAL RESULTS

     Condition Number for the Information Matrix              0.233E-03
       (ratio of smallest to largest eigenvalue)


     Beginning Time:  11:19:27
        Ending Time:  11:19:28
       Elapsed Time:  00:00:01



MUTHEN & MUTHEN
3463 Stoner Ave.
Los Angeles, CA  90066

Tel: (310) 391-9971
Fax: (310) 391-8971
Web: www.StatModel.com
Support: Support@StatModel.com

Copyright (c) 1998-2019 Muthen & Muthen
