Mplus VERSION 8.3
MUTHEN & MUTHEN
03/29/2024  11:18 AM

INPUT INSTRUCTIONS


  TITLE: Test with 10 reps

  DATA:
  File is
  G1_B1_N1_rep300.csv;

  VARIABLE:
      Names are x1 x2 eta
  	y1 y2 y3 y4 y5 y6 y7 y8 y9 y10;
      Usevariables are y1-y10 x1 x2;
      constraint = x1 x2;

  MODEL:
      f BY y1* (l1);
      f BY y2* (l2);
      f BY y3* (l3);
      f BY y4* (l4);
      f BY y5* (l5);
      f BY y6* (l6);
      f BY y7* (l7);
      f BY y8* (l8);
      f BY y9* (l9);
      f BY y10* (l10);

  y1 ON x1 x2;
  f@1;
  [f@0];

  MODEL CONSTRAINT:
      new (l1_0 l1_1 l1_2);
      l1 = l1_0 + l1_1*x1 + l1_2*x2;




INPUT READING TERMINATED NORMALLY



Test with 10 reps

SUMMARY OF ANALYSIS

Number of groups                                                 1
Number of observations                                         250

Number of dependent variables                                   10
Number of independent variables                                  2
Number of continuous latent variables                            1

Observed dependent variables

  Continuous
   Y1          Y2          Y3          Y4          Y5          Y6
   Y7          Y8          Y9          Y10

Observed independent variables
   X1          X2

Continuous latent variables
   F


Estimator                                                       ML
Information matrix                                        OBSERVED
Maximum number of iterations                                  1000
Convergence criterion                                    0.500D-04
Maximum number of steepest descent iterations                   20

Input data file(s)
  G1_B1_N1_rep300.csv

Input data format  FREE



UNIVARIATE SAMPLE STATISTICS


     UNIVARIATE HIGHER-ORDER MOMENT DESCRIPTIVE STATISTICS

         Variable/         Mean/     Skewness/   Minimum/ % with                Percentiles
        Sample Size      Variance    Kurtosis    Maximum  Min/Max      20%/60%    40%/80%    Median

     Y1                    1.788       1.099       1.000   38.80%       1.000      2.000      2.000
             250.000       0.607       2.120       5.000    1.20%       2.000      2.000
     Y2                    1.816       0.892       1.000   37.20%       1.000      2.000      2.000
             250.000       0.606       0.945       5.000    0.40%       2.000      2.000
     Y3                    3.124       0.044       1.000    1.20%       2.000      3.000      3.000
             250.000       0.653      -0.248       5.000    3.60%       3.000      4.000
     Y4                    3.068       0.089       1.000    1.60%       2.000      3.000      3.000
             250.000       0.599       0.207       5.000    3.20%       3.000      4.000
     Y5                    3.052       0.233       1.000    1.20%       2.000      3.000      3.000
             250.000       0.641      -0.003       5.000    4.00%       3.000      4.000
     Y6                    1.148       2.994       1.000   86.00%       1.000      1.000      1.000
             250.000       0.150      11.946       4.000    0.40%       1.000      1.000
     Y7                    1.124       2.579       1.000   88.00%       1.000      1.000      1.000
             250.000       0.117       5.680       3.000    0.40%       1.000      1.000
     Y8                    1.160       2.639       1.000   86.00%       1.000      1.000      1.000
             250.000       0.174       6.520       3.000    2.00%       1.000      1.000
     Y9                    1.796       0.654       1.000   34.80%       1.000      2.000      2.000
             250.000       0.490       0.456       4.000    2.00%       2.000      2.000
     Y10                   1.780       0.858       1.000   40.40%       1.000      1.000      2.000
             250.000       0.612       0.404       4.000    3.60%       2.000      2.000
     X1                   -0.021      -0.322      -3.383    0.40%      -0.880     -0.299      0.026
             250.000       1.055       0.122       2.571    0.40%       0.296      0.851
     X2                    0.480       0.080       0.000   52.00%       0.000      0.000      0.000
             250.000       0.250      -1.994       1.000   48.00%       1.000      1.000


THE MODEL ESTIMATION TERMINATED NORMALLY



MODEL FIT INFORMATION

Number of Free Parameters                       34

Loglikelihood

          H0 Value                       -1993.520

Information Criteria

          Akaike (AIC)                    4055.039
          Bayesian (BIC)                  4174.769
          Sample-Size Adjusted BIC        4066.986
            (n* = (n + 2) / 24)



MODEL RESULTS

                                                    Two-Tailed
                    Estimate       S.E.  Est./S.E.    P-Value

 F        BY
    Y1               999.000      0.000    999.000    999.000
    Y2                 0.545      0.045     11.980      0.000
    Y3                 0.526      0.048     10.889      0.000
    Y4                 0.501      0.046     10.818      0.000
    Y5                 0.534      0.048     11.239      0.000
    Y6                 0.208      0.024      8.575      0.000
    Y7                 0.168      0.022      7.752      0.000
    Y8                 0.193      0.027      7.250      0.000
    Y9                 0.451      0.042     10.744      0.000
    Y10                0.544      0.046     11.895      0.000

 Y1       ON
    X1                 0.095      0.036      2.625      0.009
    X2                -0.030      0.075     -0.394      0.694

 Means
    F                  0.000      0.000    999.000    999.000

 Intercepts
    Y1                 1.800      0.061     29.679      0.000
    Y2                 1.816      0.049     36.881      0.000
    Y3                 3.124      0.051     61.143      0.000
    Y4                 3.068      0.049     62.658      0.000
    Y5                 3.052      0.051     60.259      0.000
    Y6                 1.148      0.025     46.852      0.000
    Y7                 1.124      0.022     52.041      0.000
    Y8                 1.160      0.026     43.919      0.000
    Y9                 1.796      0.044     40.552      0.000
    Y10                1.780      0.049     35.988      0.000

 Variances
    F                  1.000      0.000    999.000    999.000

 Residual Variances
    Y1                 0.303      0.032      9.578      0.000
    Y2                 0.309      0.032      9.550      0.000
    Y3                 0.376      0.038      9.932      0.000
    Y4                 0.348      0.035      9.965      0.000
    Y5                 0.356      0.036      9.811      0.000
    Y6                 0.107      0.010     10.499      0.000
    Y7                 0.088      0.008     10.629      0.000
    Y8                 0.137      0.013     10.724      0.000
    Y9                 0.287      0.029      9.984      0.000
    Y10                0.315      0.033      9.584      0.000

New/Additional Parameters
    L1_0               0.527      0.065      8.050      0.000
    L1_1               0.057      0.038      1.485      0.138
    L1_2               0.007      0.081      0.082      0.935


QUALITY OF NUMERICAL RESULTS

     Condition Number for the Information Matrix              0.678E-04
       (ratio of smallest to largest eigenvalue)


     Beginning Time:  11:18:17
        Ending Time:  11:18:19
       Elapsed Time:  00:00:02



MUTHEN & MUTHEN
3463 Stoner Ave.
Los Angeles, CA  90066

Tel: (310) 391-9971
Fax: (310) 391-8971
Web: www.StatModel.com
Support: Support@StatModel.com

Copyright (c) 1998-2019 Muthen & Muthen
