Mplus VERSION 8.3
MUTHEN & MUTHEN
03/29/2024  11:26 AM

INPUT INSTRUCTIONS


  TITLE: Test with 10 reps

  DATA:
  File is
  G1_B1_N1_rep357.csv;

  VARIABLE:
      Names are x1 x2 eta
  	y1 y2 y3 y4 y5 y6 y7 y8 y9 y10;
      Usevariables are y1-y10 x1 x2;
      constraint = x1 x2;

  MODEL:
      f BY y1* (l1);
      f BY y2* (l2);
      f BY y3* (l3);
      f BY y4* (l4);
      f BY y5* (l5);
      f BY y6* (l6);
      f BY y7* (l7);
      f BY y8* (l8);
      f BY y9* (l9);
      f BY y10* (l10);

  y4 ON x1 x2;
  f@1;
  [f@0];

  MODEL CONSTRAINT:
      new (l4_0 l4_1 l4_2);
      l4 = l4_0 + l4_1*x1 + l4_2*x2;




INPUT READING TERMINATED NORMALLY



Test with 10 reps

SUMMARY OF ANALYSIS

Number of groups                                                 1
Number of observations                                         250

Number of dependent variables                                   10
Number of independent variables                                  2
Number of continuous latent variables                            1

Observed dependent variables

  Continuous
   Y1          Y2          Y3          Y4          Y5          Y6
   Y7          Y8          Y9          Y10

Observed independent variables
   X1          X2

Continuous latent variables
   F


Estimator                                                       ML
Information matrix                                        OBSERVED
Maximum number of iterations                                  1000
Convergence criterion                                    0.500D-04
Maximum number of steepest descent iterations                   20

Input data file(s)
  G1_B1_N1_rep357.csv

Input data format  FREE



UNIVARIATE SAMPLE STATISTICS


     UNIVARIATE HIGHER-ORDER MOMENT DESCRIPTIVE STATISTICS

         Variable/         Mean/     Skewness/   Minimum/ % with                Percentiles
        Sample Size      Variance    Kurtosis    Maximum  Min/Max      20%/60%    40%/80%    Median

     Y1                    1.792       0.650       1.000   37.60%       1.000      2.000      2.000
             250.000       0.541       0.067       4.000    2.00%       2.000      2.000
     Y2                    1.720       1.272       1.000   42.40%       1.000      1.000      2.000
             250.000       0.586       2.496       5.000    0.80%       2.000      2.000
     Y3                    3.028      -0.100       1.000    2.40%       2.000      3.000      3.000
             250.000       0.595       0.179       5.000    2.00%       3.000      4.000
     Y4                    3.056      -0.148       1.000    2.00%       2.000      3.000      3.000
             250.000       0.605      -0.146       5.000    1.60%       3.000      4.000
     Y5                    3.108       0.084       1.000    1.20%       3.000      3.000      3.000
             250.000       0.584       0.124       5.000    3.20%       3.000      4.000
     Y6                    1.160       2.409       1.000   85.20%       1.000      1.000      1.000
             250.000       0.158       5.203       3.000    1.20%       1.000      1.000
     Y7                    1.132       3.948       1.000   88.80%       1.000      1.000      1.000
             250.000       0.171      19.237       4.000    0.80%       1.000      1.000
     Y8                    1.156       2.855       1.000   85.20%       1.000      1.000      1.000
             250.000       0.156      10.836       4.000    0.40%       1.000      1.000
     Y9                    1.756       0.583       1.000   38.00%       1.000      2.000      2.000
             250.000       0.480       0.025       4.000    1.20%       2.000      2.000
     Y10                   1.780       0.740       1.000   37.60%       1.000      2.000      2.000
             250.000       0.524       0.823       5.000    0.40%       2.000      2.000
     X1                    0.049      -0.102      -2.949    0.40%      -0.836     -0.230      0.065
             250.000       1.109      -0.221       2.617    0.40%       0.341      0.975
     X2                    0.472       0.112       0.000   52.80%       0.000      0.000      0.000
             250.000       0.249      -1.987       1.000   47.20%       1.000      1.000


THE MODEL ESTIMATION TERMINATED NORMALLY



MODEL FIT INFORMATION

Number of Free Parameters                       34

Loglikelihood

          H0 Value                       -2015.807

Information Criteria

          Akaike (AIC)                    4099.614
          Bayesian (BIC)                  4219.344
          Sample-Size Adjusted BIC        4111.561
            (n* = (n + 2) / 24)



MODEL RESULTS

                                                    Two-Tailed
                    Estimate       S.E.  Est./S.E.    P-Value

 F        BY
    Y1                 0.459      0.045     10.248      0.000
    Y2                 0.516      0.046     11.302      0.000
    Y3                 0.519      0.046     11.269      0.000
    Y4               999.000      0.000    999.000    999.000
    Y5                 0.480      0.047     10.310      0.000
    Y6                 0.212      0.025      8.400      0.000
    Y7                 0.217      0.026      8.257      0.000
    Y8                 0.180      0.026      7.074      0.000
    Y9                 0.384      0.043      8.856      0.000
    Y10                0.471      0.044     10.799      0.000

 Y4       ON
    X1                 0.073      0.037      1.977      0.048
    X2                 0.008      0.079      0.102      0.919

 Means
    F                  0.000      0.000    999.000    999.000

 Intercepts
    Y1                 1.792      0.047     38.531      0.000
    Y2                 1.720      0.048     35.538      0.000
    Y3                 3.028      0.049     62.057      0.000
    Y4                 3.059      0.065     46.983      0.000
    Y5                 3.108      0.048     64.286      0.000
    Y6                 1.160      0.025     46.084      0.000
    Y7                 1.132      0.026     43.337      0.000
    Y8                 1.156      0.025     46.327      0.000
    Y9                 1.756      0.044     40.056      0.000
    Y10                1.780      0.046     38.895      0.000

 Variances
    F                  1.000      0.000    999.000    999.000

 Residual Variances
    Y1                 0.330      0.033      9.972      0.000
    Y2                 0.319      0.033      9.602      0.000
    Y3                 0.326      0.034      9.632      0.000
    Y4                 0.319      0.034      9.361      0.000
    Y5                 0.354      0.036      9.930      0.000
    Y6                 0.113      0.011     10.369      0.000
    Y7                 0.123      0.012     10.388      0.000
    Y8                 0.123      0.012     10.662      0.000
    Y9                 0.333      0.032     10.346      0.000
    Y10                0.302      0.031      9.783      0.000

New/Additional Parameters
    L4_0               0.611      0.078      7.839      0.000
    L4_1               0.000      0.037      0.005      0.996
    L4_2              -0.152      0.090     -1.690      0.091


QUALITY OF NUMERICAL RESULTS

     Condition Number for the Information Matrix              0.115E-03
       (ratio of smallest to largest eigenvalue)


     Beginning Time:  11:26:51
        Ending Time:  11:26:52
       Elapsed Time:  00:00:01



MUTHEN & MUTHEN
3463 Stoner Ave.
Los Angeles, CA  90066

Tel: (310) 391-9971
Fax: (310) 391-8971
Web: www.StatModel.com
Support: Support@StatModel.com

Copyright (c) 1998-2019 Muthen & Muthen
