Mplus VERSION 8.3
MUTHEN & MUTHEN
03/29/2024  11:30 AM

INPUT INSTRUCTIONS


  TITLE: Test with 10 reps

  DATA:
  File is
  G1_B1_N1_rep383.csv;

  VARIABLE:
      Names are x1 x2 eta
  	y1 y2 y3 y4 y5 y6 y7 y8 y9 y10;
      Usevariables are y1-y10 x1 x2;
      constraint = x1 x2;

  MODEL:
      f BY y1* (l1);
      f BY y2* (l2);
      f BY y3* (l3);
      f BY y4* (l4);
      f BY y5* (l5);
      f BY y6* (l6);
      f BY y7* (l7);
      f BY y8* (l8);
      f BY y9* (l9);
      f BY y10* (l10);

  y1 ON x1 x2;
  f@1;
  [f@0];

  MODEL CONSTRAINT:
      new (l1_0 l1_1 l1_2);
      l1 = l1_0 + l1_1*x1 + l1_2*x2;




INPUT READING TERMINATED NORMALLY



Test with 10 reps

SUMMARY OF ANALYSIS

Number of groups                                                 1
Number of observations                                         250

Number of dependent variables                                   10
Number of independent variables                                  2
Number of continuous latent variables                            1

Observed dependent variables

  Continuous
   Y1          Y2          Y3          Y4          Y5          Y6
   Y7          Y8          Y9          Y10

Observed independent variables
   X1          X2

Continuous latent variables
   F


Estimator                                                       ML
Information matrix                                        OBSERVED
Maximum number of iterations                                  1000
Convergence criterion                                    0.500D-04
Maximum number of steepest descent iterations                   20

Input data file(s)
  G1_B1_N1_rep383.csv

Input data format  FREE



UNIVARIATE SAMPLE STATISTICS


     UNIVARIATE HIGHER-ORDER MOMENT DESCRIPTIVE STATISTICS

         Variable/         Mean/     Skewness/   Minimum/ % with                Percentiles
        Sample Size      Variance    Kurtosis    Maximum  Min/Max      20%/60%    40%/80%    Median

     Y1                    1.772       0.795       1.000   40.00%       1.000      1.000      2.000
             250.000       0.568       0.665       5.000    0.40%       2.000      2.000
     Y2                    1.856       0.984       1.000   33.20%       1.000      2.000      2.000
             250.000       0.595       1.702       5.000    0.80%       2.000      2.000
     Y3                    3.100       0.043       1.000    1.20%       3.000      3.000      3.000
             250.000       0.586       0.008       5.000    2.80%       3.000      4.000
     Y4                    3.100       0.085       1.000    1.60%       2.000      3.000      3.000
             250.000       0.658      -0.039       5.000    4.00%       3.000      4.000
     Y5                    3.044       0.252       1.000    0.40%       2.000      3.000      3.000
             250.000       0.522       0.072       5.000    2.40%       3.000      4.000
     Y6                    1.168       2.763       1.000   84.40%       1.000      1.000      1.000
             250.000       0.172       9.673       4.000    0.40%       1.000      1.000
     Y7                    1.144       2.479       1.000   86.40%       1.000      1.000      1.000
             250.000       0.139       5.457       3.000    0.80%       1.000      1.000
     Y8                    1.128       3.505       1.000   88.40%       1.000      1.000      1.000
             250.000       0.144      15.615       4.000    0.40%       1.000      1.000
     Y9                    1.776       0.784       1.000   39.60%       1.000      2.000      2.000
             250.000       0.574       0.311       4.000    2.80%       2.000      2.000
     Y10                   1.848       0.803       1.000   32.00%       1.000      2.000      2.000
             250.000       0.529       1.268       5.000    0.40%       2.000      2.000
     X1                   -0.064      -0.335      -3.633    0.40%      -0.842     -0.252     -0.015
             250.000       1.100       0.315       2.630    0.40%       0.181      0.805
     X2                    0.436       0.258       0.000   56.40%       0.000      0.000      0.000
             250.000       0.246      -1.933       1.000   43.60%       1.000      1.000


THE MODEL ESTIMATION TERMINATED NORMALLY



MODEL FIT INFORMATION

Number of Free Parameters                       34

Loglikelihood

          H0 Value                       -1979.913

Information Criteria

          Akaike (AIC)                    4027.827
          Bayesian (BIC)                  4147.556
          Sample-Size Adjusted BIC        4039.773
            (n* = (n + 2) / 24)



MODEL RESULTS

                                                    Two-Tailed
                    Estimate       S.E.  Est./S.E.    P-Value

 F        BY
    Y1               999.000      0.000    999.000    999.000
    Y2                 0.502      0.046     10.878      0.000
    Y3                 0.527      0.045     11.678      0.000
    Y4                 0.487      0.050      9.805      0.000
    Y5                 0.463      0.043     10.645      0.000
    Y6                 0.235      0.026      9.124      0.000
    Y7                 0.207      0.023      8.859      0.000
    Y8                 0.224      0.023      9.602      0.000
    Y9                 0.487      0.046     10.689      0.000
    Y10                0.479      0.043     11.015      0.000

 Y1       ON
    X1                 0.027      0.038      0.712      0.476
    X2                 0.005      0.077      0.059      0.953

 Means
    F                  0.000      0.000    999.000    999.000

 Intercepts
    Y1                 1.767      0.060     29.642      0.000
    Y2                 1.856      0.049     38.036      0.000
    Y3                 3.100      0.048     64.030      0.000
    Y4                 3.100      0.051     60.425      0.000
    Y5                 3.044      0.046     66.612      0.000
    Y6                 1.168      0.026     44.559      0.000
    Y7                 1.144      0.024     48.470      0.000
    Y8                 1.128      0.024     47.063      0.000
    Y9                 1.776      0.048     37.070      0.000
    Y10                1.848      0.046     40.178      0.000

 Variances
    F                  1.000      0.000    999.000    999.000

 Residual Variances
    Y1                 0.329      0.033      9.958      0.000
    Y2                 0.343      0.035      9.894      0.000
    Y3                 0.308      0.032      9.561      0.000
    Y4                 0.421      0.041     10.163      0.000
    Y5                 0.308      0.031      9.964      0.000
    Y6                 0.117      0.011     10.326      0.000
    Y7                 0.097      0.009     10.360      0.000
    Y8                 0.093      0.009     10.188      0.000
    Y9                 0.337      0.034      9.948      0.000
    Y10                0.300      0.031      9.818      0.000

New/Additional Parameters
    L1_0               0.506      0.060      8.425      0.000
    L1_1               0.041      0.040      1.032      0.302
    L1_2              -0.071      0.082     -0.859      0.390


QUALITY OF NUMERICAL RESULTS

     Condition Number for the Information Matrix              0.793E-04
       (ratio of smallest to largest eigenvalue)


     Beginning Time:  11:30:46
        Ending Time:  11:30:47
       Elapsed Time:  00:00:01



MUTHEN & MUTHEN
3463 Stoner Ave.
Los Angeles, CA  90066

Tel: (310) 391-9971
Fax: (310) 391-8971
Web: www.StatModel.com
Support: Support@StatModel.com

Copyright (c) 1998-2019 Muthen & Muthen
