Mplus VERSION 8.3
MUTHEN & MUTHEN
03/29/2024  11:41 AM

INPUT INSTRUCTIONS


  TITLE: Test with 10 reps

  DATA:
  File is
  G1_B1_N1_rep450.csv;

  VARIABLE:
      Names are x1 x2 eta
  	y1 y2 y3 y4 y5 y6 y7 y8 y9 y10;
      Usevariables are y1-y10 x1 x2;
      constraint = x1 x2;

  MODEL:
      f BY y1* (l1);
      f BY y2* (l2);
      f BY y3* (l3);
      f BY y4* (l4);
      f BY y5* (l5);
      f BY y6* (l6);
      f BY y7* (l7);
      f BY y8* (l8);
      f BY y9* (l9);
      f BY y10* (l10);

  y7 ON x1 x2;
  f@1;
  [f@0];

  MODEL CONSTRAINT:
      new (l7_0 l7_1 l7_2);
      l7 = l7_0 + l7_1*x1 + l7_2*x2;




INPUT READING TERMINATED NORMALLY



Test with 10 reps

SUMMARY OF ANALYSIS

Number of groups                                                 1
Number of observations                                         250

Number of dependent variables                                   10
Number of independent variables                                  2
Number of continuous latent variables                            1

Observed dependent variables

  Continuous
   Y1          Y2          Y3          Y4          Y5          Y6
   Y7          Y8          Y9          Y10

Observed independent variables
   X1          X2

Continuous latent variables
   F


Estimator                                                       ML
Information matrix                                        OBSERVED
Maximum number of iterations                                  1000
Convergence criterion                                    0.500D-04
Maximum number of steepest descent iterations                   20

Input data file(s)
  G1_B1_N1_rep450.csv

Input data format  FREE



UNIVARIATE SAMPLE STATISTICS


     UNIVARIATE HIGHER-ORDER MOMENT DESCRIPTIVE STATISTICS

         Variable/         Mean/     Skewness/   Minimum/ % with                Percentiles
        Sample Size      Variance    Kurtosis    Maximum  Min/Max      20%/60%    40%/80%    Median

     Y1                    1.876       0.840       1.000   34.00%       1.000      2.000      2.000
             250.000       0.637       0.762       5.000    0.40%       2.000      2.000
     Y2                    1.772       1.056       1.000   39.20%       1.000      2.000      2.000
             250.000       0.584       1.835       5.000    0.80%       2.000      2.000
     Y3                    3.128      -0.036       1.000    1.20%       2.000      3.000      3.000
             250.000       0.624      -0.255       5.000    2.80%       3.000      4.000
     Y4                    3.068      -0.293       1.000    4.00%       2.000      3.000      3.000
             250.000       0.695       0.092       5.000    2.40%       3.000      4.000
     Y5                    3.044      -0.206       1.000    3.20%       2.000      3.000      3.000
             250.000       0.698      -0.256       5.000    2.00%       3.000      4.000
     Y6                    1.176       2.646       1.000   83.60%       1.000      1.000      1.000
             250.000       0.177       8.851       4.000    0.40%       1.000      1.000
     Y7                    1.184       2.735       1.000   84.00%       1.000      1.000      1.000
             250.000       0.206       8.497       4.000    0.40%       1.000      1.000
     Y8                    1.168       2.159       1.000   84.00%       1.000      1.000      1.000
             250.000       0.156       3.743       3.000    0.80%       1.000      1.000
     Y9                    1.800       0.946       1.000   39.20%       1.000      2.000      2.000
             250.000       0.632       0.933       5.000    0.40%       2.000      2.000
     Y10                   1.840       1.083       1.000   38.00%       1.000      2.000      2.000
             250.000       0.702       1.514       5.000    1.20%       2.000      2.000
     X1                    0.119      -0.197      -3.507    0.40%      -0.713     -0.122      0.183
             250.000       1.047       0.373       2.786    0.40%       0.385      0.960
     X2                    0.504      -0.016       0.000   49.60%       0.000      0.000      1.000
             250.000       0.250      -2.000       1.000   50.40%       1.000      1.000


THE MODEL ESTIMATION TERMINATED NORMALLY



MODEL FIT INFORMATION

Number of Free Parameters                       34

Loglikelihood

          H0 Value                       -2230.452

Information Criteria

          Akaike (AIC)                    4528.904
          Bayesian (BIC)                  4648.634
          Sample-Size Adjusted BIC        4540.851
            (n* = (n + 2) / 24)



MODEL RESULTS

                                                    Two-Tailed
                    Estimate       S.E.  Est./S.E.    P-Value

 F        BY
    Y1                 0.496      0.049     10.072      0.000
    Y2                 0.432      0.048      8.981      0.000
    Y3                 0.460      0.049      9.298      0.000
    Y4                 0.507      0.052      9.776      0.000
    Y5                 0.488      0.052      9.325      0.000
    Y6                 0.223      0.027      8.316      0.000
    Y7               999.000      0.000    999.000    999.000
    Y8                 0.185      0.026      7.214      0.000
    Y9                 0.522      0.048     10.802      0.000
    Y10                0.544      0.051     10.638      0.000

 Y7       ON
    X1                 0.022      0.025      0.884      0.377
    X2                -0.029      0.050     -0.572      0.567

 Means
    F                  0.000      0.000    999.000    999.000

 Intercepts
    Y1                 1.876      0.050     37.176      0.000
    Y2                 1.772      0.048     36.662      0.000
    Y3                 3.128      0.050     62.629      0.000
    Y4                 3.068      0.053     58.172      0.000
    Y5                 3.044      0.053     57.606      0.000
    Y6                 1.176      0.027     44.194      0.000
    Y7                 1.188      0.038     31.370      0.000
    Y8                 1.168      0.025     46.791      0.000
    Y9                 1.800      0.050     35.800      0.000
    Y10                1.840      0.053     34.713      0.000

 Variances
    F                  1.000      0.000    999.000    999.000

 Residual Variances
    Y1                 0.391      0.040      9.806      0.000
    Y2                 0.397      0.039     10.178      0.000
    Y3                 0.412      0.041     10.078      0.000
    Y4                 0.439      0.044      9.887      0.000
    Y5                 0.460      0.046     10.059      0.000
    Y6                 0.127      0.012     10.323      0.000
    Y7                 0.145      0.014     10.251      0.000
    Y8                 0.121      0.012     10.560      0.000
    Y9                 0.359      0.038      9.526      0.000
    Y10                0.406      0.042      9.602      0.000

New/Additional Parameters
    L7_0               0.225      0.038      5.890      0.000
    L7_1               0.064      0.028      2.330      0.020
    L7_2               0.008      0.055      0.151      0.880


QUALITY OF NUMERICAL RESULTS

     Condition Number for the Information Matrix              0.129E-03
       (ratio of smallest to largest eigenvalue)


     Beginning Time:  11:41:05
        Ending Time:  11:41:06
       Elapsed Time:  00:00:01



MUTHEN & MUTHEN
3463 Stoner Ave.
Los Angeles, CA  90066

Tel: (310) 391-9971
Fax: (310) 391-8971
Web: www.StatModel.com
Support: Support@StatModel.com

Copyright (c) 1998-2019 Muthen & Muthen
