Mplus VERSION 8.3
MUTHEN & MUTHEN
03/29/2024  11:39 AM

INPUT INSTRUCTIONS


  TITLE: Test with 10 reps

  DATA:
  File is
  G1_B1_N1_rep439.csv;

  VARIABLE:
      Names are x1 x2 eta
  	y1 y2 y3 y4 y5 y6 y7 y8 y9 y10;
      Usevariables are y1-y10 x1 x2;
      constraint = x1 x2;

  MODEL:
      f BY y1* (l1);
      f BY y2* (l2);
      f BY y3* (l3);
      f BY y4* (l4);
      f BY y5* (l5);
      f BY y6* (l6);
      f BY y7* (l7);
      f BY y8* (l8);
      f BY y9* (l9);
      f BY y10* (l10);

  y9 ON x1 x2;
  f@1;
  [f@0];

  MODEL CONSTRAINT:
      new (l9_0 l9_1 l9_2);
      l9 = l9_0 + l9_1*x1 + l9_2*x2;




INPUT READING TERMINATED NORMALLY



Test with 10 reps

SUMMARY OF ANALYSIS

Number of groups                                                 1
Number of observations                                         250

Number of dependent variables                                   10
Number of independent variables                                  2
Number of continuous latent variables                            1

Observed dependent variables

  Continuous
   Y1          Y2          Y3          Y4          Y5          Y6
   Y7          Y8          Y9          Y10

Observed independent variables
   X1          X2

Continuous latent variables
   F


Estimator                                                       ML
Information matrix                                        OBSERVED
Maximum number of iterations                                  1000
Convergence criterion                                    0.500D-04
Maximum number of steepest descent iterations                   20

Input data file(s)
  G1_B1_N1_rep439.csv

Input data format  FREE



UNIVARIATE SAMPLE STATISTICS


     UNIVARIATE HIGHER-ORDER MOMENT DESCRIPTIVE STATISTICS

         Variable/         Mean/     Skewness/   Minimum/ % with                Percentiles
        Sample Size      Variance    Kurtosis    Maximum  Min/Max      20%/60%    40%/80%    Median

     Y1                    1.716       0.738       1.000   41.60%       1.000      1.000      2.000
             250.000       0.499       0.287       4.000    1.60%       2.000      2.000
     Y2                    1.856       0.792       1.000   33.60%       1.000      2.000      2.000
             250.000       0.579       0.888       5.000    0.40%       2.000      2.000
     Y3                    3.056      -0.148       1.000    1.20%       2.000      3.000      3.000
             250.000       0.541      -0.310       5.000    0.80%       3.000      4.000
     Y4                    3.020      -0.080       1.000    3.20%       2.000      3.000      3.000
             250.000       0.684       0.009       5.000    2.80%       3.000      4.000
     Y5                    2.988      -0.121       1.000    2.80%       2.000      3.000      3.000
             250.000       0.636      -0.130       5.000    1.60%       3.000      4.000
     Y6                    1.152       2.365       1.000   85.60%       1.000      1.000      1.000
             250.000       0.145       4.816       3.000    0.80%       1.000      1.000
     Y7                    1.168       2.304       1.000   84.40%       1.000      1.000      1.000
             250.000       0.164       4.637       3.000    1.20%       1.000      1.000
     Y8                    1.192       2.028       1.000   82.00%       1.000      1.000      1.000
             250.000       0.179       3.262       3.000    1.20%       1.000      1.000
     Y9                    1.828       0.844       1.000   37.60%       1.000      2.000      2.000
             250.000       0.630       0.678       5.000    0.40%       2.000      2.000
     Y10                   1.772       0.431       1.000   39.20%       1.000      2.000      2.000
             250.000       0.512      -0.735       4.000    0.40%       2.000      2.000
     X1                   -0.064      -0.180      -3.616    0.40%      -0.968     -0.294     -0.058
             250.000       1.046       0.116       2.425    0.40%       0.181      0.783
     X2                    0.472       0.112       0.000   52.80%       0.000      0.000      0.000
             250.000       0.249      -1.987       1.000   47.20%       1.000      1.000


THE MODEL ESTIMATION TERMINATED NORMALLY



MODEL FIT INFORMATION

Number of Free Parameters                       34

Loglikelihood

          H0 Value                       -2056.895

Information Criteria

          Akaike (AIC)                    4181.789
          Bayesian (BIC)                  4301.519
          Sample-Size Adjusted BIC        4193.736
            (n* = (n + 2) / 24)



MODEL RESULTS

                                                    Two-Tailed
                    Estimate       S.E.  Est./S.E.    P-Value

 F        BY
    Y1                 0.423      0.044      9.716      0.000
    Y2                 0.474      0.046     10.191      0.000
    Y3                 0.494      0.044     11.221      0.000
    Y4                 0.504      0.051      9.915      0.000
    Y5                 0.467      0.049      9.449      0.000
    Y6                 0.199      0.024      8.235      0.000
    Y7                 0.175      0.026      6.642      0.000
    Y8                 0.242      0.026      9.189      0.000
    Y9               999.000      0.000    999.000    999.000
    Y10                0.497      0.042     11.736      0.000

 Y9       ON
    X1                 0.061      0.039      1.560      0.119
    X2                 0.135      0.080      1.688      0.091

 Means
    F                  0.000      0.000    999.000    999.000

 Intercepts
    Y1                 1.716      0.045     38.396      0.000
    Y2                 1.856      0.048     38.558      0.000
    Y3                 3.056      0.047     65.702      0.000
    Y4                 3.020      0.052     57.753      0.000
    Y5                 2.988      0.050     59.248      0.000
    Y6                 1.152      0.024     47.851      0.000
    Y7                 1.168      0.026     45.634      0.000
    Y8                 1.192      0.027     44.530      0.000
    Y9                 1.769      0.062     28.633      0.000
    Y10                1.772      0.045     39.155      0.000

 Variances
    F                  1.000      0.000    999.000    999.000

 Residual Variances
    Y1                 0.320      0.032     10.088      0.000
    Y2                 0.355      0.036      9.963      0.000
    Y3                 0.297      0.031      9.555      0.000
    Y4                 0.429      0.043     10.009      0.000
    Y5                 0.418      0.041     10.162      0.000
    Y6                 0.105      0.010     10.447      0.000
    Y7                 0.133      0.012     10.743      0.000
    Y8                 0.120      0.012     10.235      0.000
    Y9                 0.355      0.037      9.658      0.000
    Y10                0.265      0.028      9.359      0.000

New/Additional Parameters
    L9_0               0.493      0.062      7.946      0.000
    L9_1              -0.028      0.043     -0.659      0.510
    L9_2               0.044      0.086      0.511      0.609


QUALITY OF NUMERICAL RESULTS

     Condition Number for the Information Matrix              0.989E-04
       (ratio of smallest to largest eigenvalue)


     Beginning Time:  11:39:21
        Ending Time:  11:39:21
       Elapsed Time:  00:00:00



MUTHEN & MUTHEN
3463 Stoner Ave.
Los Angeles, CA  90066

Tel: (310) 391-9971
Fax: (310) 391-8971
Web: www.StatModel.com
Support: Support@StatModel.com

Copyright (c) 1998-2019 Muthen & Muthen
