Mplus VERSION 8.3
MUTHEN & MUTHEN
03/29/2024  11:34 AM

INPUT INSTRUCTIONS


  TITLE: Test with 10 reps

  DATA:
  File is
  G1_B1_N1_rep409.csv;

  VARIABLE:
      Names are x1 x2 eta
  	y1 y2 y3 y4 y5 y6 y7 y8 y9 y10;
      Usevariables are y1-y10 x1 x2;
      constraint = x1 x2;

  MODEL:
      f BY y1* (l1);
      f BY y2* (l2);
      f BY y3* (l3);
      f BY y4* (l4);
      f BY y5* (l5);
      f BY y6* (l6);
      f BY y7* (l7);
      f BY y8* (l8);
      f BY y9* (l9);
      f BY y10* (l10);

  y10 ON x1 x2;
  f@1;
  [f@0];

  MODEL CONSTRAINT:
      new (l10_0 l10_1 l10_2);
      l10 = l10_0 + l10_1*x1 + l10_2*x2;




INPUT READING TERMINATED NORMALLY



Test with 10 reps

SUMMARY OF ANALYSIS

Number of groups                                                 1
Number of observations                                         250

Number of dependent variables                                   10
Number of independent variables                                  2
Number of continuous latent variables                            1

Observed dependent variables

  Continuous
   Y1          Y2          Y3          Y4          Y5          Y6
   Y7          Y8          Y9          Y10

Observed independent variables
   X1          X2

Continuous latent variables
   F


Estimator                                                       ML
Information matrix                                        OBSERVED
Maximum number of iterations                                  1000
Convergence criterion                                    0.500D-04
Maximum number of steepest descent iterations                   20

Input data file(s)
  G1_B1_N1_rep409.csv

Input data format  FREE



UNIVARIATE SAMPLE STATISTICS


     UNIVARIATE HIGHER-ORDER MOMENT DESCRIPTIVE STATISTICS

         Variable/         Mean/     Skewness/   Minimum/ % with                Percentiles
        Sample Size      Variance    Kurtosis    Maximum  Min/Max      20%/60%    40%/80%    Median

     Y1                    1.876       1.136       1.000   37.60%       1.000      2.000      2.000
             250.000       0.789       1.434       5.000    1.60%       2.000      2.000
     Y2                    1.836       1.063       1.000   38.80%       1.000      2.000      2.000
             250.000       0.721       1.158       5.000    0.80%       2.000      2.000
     Y3                    3.064      -0.032       1.000    2.00%       2.000      3.000      3.000
             250.000       0.676      -0.277       5.000    2.80%       3.000      4.000
     Y4                    3.040       0.022       1.000    2.00%       2.000      3.000      3.000
             250.000       0.638      -0.036       5.000    2.80%       3.000      4.000
     Y5                    3.080       0.068       1.000    2.00%       2.000      3.000      3.000
             250.000       0.674       0.002       5.000    4.00%       3.000      4.000
     Y6                    1.164       2.208       1.000   84.40%       1.000      1.000      1.000
             250.000       0.153       3.988       3.000    0.80%       1.000      1.000
     Y7                    1.184       2.819       1.000   84.80%       1.000      1.000      1.000
             250.000       0.222       8.520       4.000    0.40%       1.000      1.000
     Y8                    1.188       2.729       1.000   84.00%       1.000      1.000      1.000
             250.000       0.217       8.203       4.000    0.40%       1.000      1.000
     Y9                    1.796       1.067       1.000   38.40%       1.000      2.000      2.000
             250.000       0.618       1.684       5.000    0.80%       2.000      2.000
     Y10                   1.800       0.814       1.000   39.60%       1.000      2.000      2.000
             250.000       0.616       0.556       5.000    0.40%       2.000      2.000
     X1                   -0.104      -0.053      -3.088    0.40%      -0.893     -0.294     -0.109
             250.000       1.006       0.166       2.596    0.40%       0.126      0.729
     X2                    0.468       0.128       0.000   53.20%       0.000      0.000      0.000
             250.000       0.249      -1.984       1.000   46.80%       1.000      1.000


THE MODEL ESTIMATION TERMINATED NORMALLY



MODEL FIT INFORMATION

Number of Free Parameters                       34

Loglikelihood

          H0 Value                       -2199.293

Information Criteria

          Akaike (AIC)                    4466.585
          Bayesian (BIC)                  4586.315
          Sample-Size Adjusted BIC        4478.532
            (n* = (n + 2) / 24)



MODEL RESULTS

                                                    Two-Tailed
                    Estimate       S.E.  Est./S.E.    P-Value

 F        BY
    Y1                 0.534      0.054      9.895      0.000
    Y2                 0.590      0.050     11.914      0.000
    Y3                 0.543      0.049     11.150      0.000
    Y4                 0.535      0.047     11.335      0.000
    Y5                 0.536      0.049     10.985      0.000
    Y6                 0.178      0.025      7.139      0.000
    Y7                 0.243      0.030      8.232      0.000
    Y8                 0.267      0.029      9.335      0.000
    Y9                 0.608      0.044     13.807      0.000
    Y10              999.000      0.000    999.000    999.000

 Y10      ON
    X1                 0.003      0.040      0.086      0.932
    X2                -0.087      0.081     -1.075      0.282

 Means
    F                  0.000      0.000    999.000    999.000

 Intercepts
    Y1                 1.876      0.056     33.402      0.000
    Y2                 1.836      0.054     34.186      0.000
    Y3                 3.064      0.052     58.927      0.000
    Y4                 3.040      0.051     60.159      0.000
    Y5                 3.080      0.052     59.336      0.000
    Y6                 1.164      0.025     47.036      0.000
    Y7                 1.184      0.030     39.720      0.000
    Y8                 1.188      0.029     40.355      0.000
    Y9                 1.796      0.050     36.112      0.000
    Y10                1.840      0.064     28.746      0.000

 Variances
    F                  1.000      0.000    999.000    999.000

 Residual Variances
    Y1                 0.504      0.049     10.274      0.000
    Y2                 0.373      0.039      9.670      0.000
    Y3                 0.381      0.038      9.927      0.000
    Y4                 0.352      0.036      9.871      0.000
    Y5                 0.386      0.039      9.996      0.000
    Y6                 0.121      0.011     10.758      0.000
    Y7                 0.163      0.015     10.588      0.000
    Y8                 0.145      0.014     10.374      0.000
    Y9                 0.249      0.028      8.793      0.000
    Y10                0.368      0.037     10.076      0.000

New/Additional Parameters
    L10_0              0.531      0.068      7.777      0.000
    L10_1              0.020      0.041      0.487      0.627
    L10_2             -0.068      0.089     -0.760      0.447


QUALITY OF NUMERICAL RESULTS

     Condition Number for the Information Matrix              0.125E-03
       (ratio of smallest to largest eigenvalue)


     Beginning Time:  11:34:45
        Ending Time:  11:34:46
       Elapsed Time:  00:00:01



MUTHEN & MUTHEN
3463 Stoner Ave.
Los Angeles, CA  90066

Tel: (310) 391-9971
Fax: (310) 391-8971
Web: www.StatModel.com
Support: Support@StatModel.com

Copyright (c) 1998-2019 Muthen & Muthen
