Mplus VERSION 8.3
MUTHEN & MUTHEN
04/23/2024  12:02 PM

INPUT INSTRUCTIONS


  TITLE: Test with 10 reps

  DATA:
  File is
  G1_B1_N1_rep485.csv;

  VARIABLE:
      Names are x1 x2 eta
  	y1 y2 y3 y4 y5 y6 y7 y8 y9 y10;
      Usevariables are y1-y10 x1 x2;
      constraint = x1 x2;

  MODEL:
      f BY y1* (l1);
      f BY y2* (l2);
      f BY y3* (l3);
      f BY y4* (l4);
      f BY y5* (l5);
      f BY y6* (l6);
      f BY y7* (l7);
      f BY y8* (l8);
      f BY y9* (l9);
      f BY y10* (l10);

  y4 ON x1 x2;
  f@1;
  [f@0];

  MODEL CONSTRAINT:
      new (l4_0 l4_1 l4_2);
      l4 = l4_0 + l4_1*x1 + l4_2*x2;




INPUT READING TERMINATED NORMALLY



Test with 10 reps

SUMMARY OF ANALYSIS

Number of groups                                                 1
Number of observations                                         250

Number of dependent variables                                   10
Number of independent variables                                  2
Number of continuous latent variables                            1

Observed dependent variables

  Continuous
   Y1          Y2          Y3          Y4          Y5          Y6
   Y7          Y8          Y9          Y10

Observed independent variables
   X1          X2

Continuous latent variables
   F


Estimator                                                       ML
Information matrix                                        OBSERVED
Maximum number of iterations                                  1000
Convergence criterion                                    0.500D-04
Maximum number of steepest descent iterations                   20

Input data file(s)
  G1_B1_N1_rep485.csv

Input data format  FREE



UNIVARIATE SAMPLE STATISTICS


     UNIVARIATE HIGHER-ORDER MOMENT DESCRIPTIVE STATISTICS

         Variable/         Mean/     Skewness/   Minimum/ % with                Percentiles
        Sample Size      Variance    Kurtosis    Maximum  Min/Max      20%/60%    40%/80%    Median

     Y1                    1.784       0.801       1.000   40.80%       1.000      1.000      2.000
             250.000       0.609       0.481       5.000    0.40%       2.000      2.000
     Y2                    1.752       1.091       1.000   42.80%       1.000      1.000      2.000
             250.000       0.634       1.523       5.000    0.80%       2.000      2.000
     Y3                    3.064       0.050       1.000    1.60%       2.000      3.000      3.000
             250.000       0.684      -0.349       5.000    3.20%       3.000      4.000
     Y4                    3.092      -0.028       1.000    1.60%       2.000      3.000      3.000
             250.000       0.644      -0.217       5.000    2.80%       3.000      4.000
     Y5                    3.088       0.092       1.000    1.20%       2.000      3.000      3.000
             250.000       0.616      -0.084       5.000    3.20%       3.000      4.000
     Y6                    1.160       2.726       1.000   86.40%       1.000      1.000      1.000
             250.000       0.182       6.962       3.000    2.40%       1.000      1.000
     Y7                    1.144       3.716       1.000   88.40%       1.000      1.000      1.000
             250.000       0.195      16.056       4.000    0.80%       1.000      1.000
     Y8                    1.164       2.970       1.000   85.60%       1.000      1.000      1.000
             250.000       0.185      10.374       4.000    0.40%       1.000      1.000
     Y9                    1.840       0.719       1.000   38.00%       1.000      2.000      2.000
             250.000       0.638       0.258       5.000    0.40%       2.000      2.000
     Y10                   1.816       1.181       1.000   38.00%       1.000      2.000      2.000
             250.000       0.670       1.996       5.000    1.20%       2.000      2.000
     X1                   -0.033      -0.161      -2.984    0.40%      -0.829     -0.287     -0.006
             250.000       0.915      -0.124       2.548    0.40%       0.256      0.765
     X2                    0.528      -0.112       0.000   47.20%       0.000      0.000      1.000
             250.000       0.249      -1.987       1.000   52.80%       1.000      1.000


THE MODEL ESTIMATION TERMINATED NORMALLY



MODEL FIT INFORMATION

Number of Free Parameters                       34

Loglikelihood

          H0 Value                       -2207.130

Information Criteria

          Akaike (AIC)                    4482.261
          Bayesian (BIC)                  4601.990
          Sample-Size Adjusted BIC        4494.208
            (n* = (n + 2) / 24)



MODEL RESULTS

                                                    Two-Tailed
                    Estimate       S.E.  Est./S.E.    P-Value

 F        BY
    Y1                 0.500      0.047     10.571      0.000
    Y2                 0.494      0.049     10.109      0.000
    Y3                 0.482      0.051      9.395      0.000
    Y4               999.000      0.000    999.000    999.000
    Y5                 0.497      0.048     10.392      0.000
    Y6                 0.210      0.027      7.650      0.000
    Y7                 0.244      0.028      8.769      0.000
    Y8                 0.207      0.028      7.491      0.000
    Y9                 0.508      0.049     10.463      0.000
    Y10                0.525      0.050     10.580      0.000

 Y4       ON
    X1                -0.015      0.043     -0.354      0.723
    X2                -0.031      0.082     -0.377      0.706

 Means
    F                  0.000      0.000    999.000    999.000

 Intercepts
    Y1                 1.784      0.049     36.136      0.000
    Y2                 1.752      0.050     34.777      0.000
    Y3                 3.064      0.052     58.582      0.000
    Y4                 3.113      0.068     45.704      0.000
    Y5                 3.088      0.050     62.197      0.000
    Y6                 1.160      0.027     42.945      0.000
    Y7                 1.144      0.028     40.934      0.000
    Y8                 1.164      0.027     42.778      0.000
    Y9                 1.840      0.051     36.412      0.000
    Y10                1.816      0.052     35.075      0.000

 Variances
    F                  1.000      0.000    999.000    999.000

 Residual Variances
    Y1                 0.359      0.037      9.818      0.000
    Y2                 0.391      0.039      9.925      0.000
    Y3                 0.451      0.044     10.165      0.000
    Y4                 0.346      0.037      9.433      0.000
    Y5                 0.369      0.037      9.868      0.000
    Y6                 0.138      0.013     10.530      0.000
    Y7                 0.136      0.013     10.285      0.000
    Y8                 0.142      0.013     10.563      0.000
    Y9                 0.380      0.039      9.839      0.000
    Y10                0.394      0.040      9.804      0.000

New/Additional Parameters
    L4_0               0.572      0.072      7.968      0.000
    L4_1              -0.026      0.045     -0.574      0.566
    L4_2              -0.040      0.088     -0.454      0.650


QUALITY OF NUMERICAL RESULTS

     Condition Number for the Information Matrix              0.163E-03
       (ratio of smallest to largest eigenvalue)


     Beginning Time:  12:02:53
        Ending Time:  12:02:54
       Elapsed Time:  00:00:01



MUTHEN & MUTHEN
3463 Stoner Ave.
Los Angeles, CA  90066

Tel: (310) 391-9971
Fax: (310) 391-8971
Web: www.StatModel.com
Support: Support@StatModel.com

Copyright (c) 1998-2019 Muthen & Muthen
