Mplus VERSION 8.3
MUTHEN & MUTHEN
03/29/2024  11:42 AM

INPUT INSTRUCTIONS


  TITLE: Test with 10 reps

  DATA:
  File is
  G1_B1_N1_rep461.csv;

  VARIABLE:
      Names are x1 x2 eta
  	y1 y2 y3 y4 y5 y6 y7 y8 y9 y10;
      Usevariables are y1-y10 x1 x2;
      constraint = x1 x2;

  MODEL:
      f BY y1* (l1);
      f BY y2* (l2);
      f BY y3* (l3);
      f BY y4* (l4);
      f BY y5* (l5);
      f BY y6* (l6);
      f BY y7* (l7);
      f BY y8* (l8);
      f BY y9* (l9);
      f BY y10* (l10);

  y2 ON x1 x2;
  f@1;
  [f@0];

  MODEL CONSTRAINT:
      new (l2_0 l2_1 l2_2);
      l2 = l2_0 + l2_1*x1 + l2_2*x2;




INPUT READING TERMINATED NORMALLY



Test with 10 reps

SUMMARY OF ANALYSIS

Number of groups                                                 1
Number of observations                                         250

Number of dependent variables                                   10
Number of independent variables                                  2
Number of continuous latent variables                            1

Observed dependent variables

  Continuous
   Y1          Y2          Y3          Y4          Y5          Y6
   Y7          Y8          Y9          Y10

Observed independent variables
   X1          X2

Continuous latent variables
   F


Estimator                                                       ML
Information matrix                                        OBSERVED
Maximum number of iterations                                  1000
Convergence criterion                                    0.500D-04
Maximum number of steepest descent iterations                   20

Input data file(s)
  G1_B1_N1_rep461.csv

Input data format  FREE



UNIVARIATE SAMPLE STATISTICS


     UNIVARIATE HIGHER-ORDER MOMENT DESCRIPTIVE STATISTICS

         Variable/         Mean/     Skewness/   Minimum/ % with                Percentiles
        Sample Size      Variance    Kurtosis    Maximum  Min/Max      20%/60%    40%/80%    Median

     Y1                    1.820       0.784       1.000   37.60%       1.000      2.000      2.000
             250.000       0.604       0.597       5.000    0.40%       2.000      2.000
     Y2                    1.824       0.987       1.000   38.80%       1.000      2.000      2.000
             250.000       0.673       1.136       5.000    0.80%       2.000      2.000
     Y3                    3.088      -0.045       1.000    2.40%       2.000      3.000      3.000
             250.000       0.704      -0.160       5.000    3.60%       3.000      4.000
     Y4                    3.024       0.029       1.000    3.60%       2.000      3.000      3.000
             250.000       0.743       0.075       5.000    4.40%       3.000      4.000
     Y5                    3.060      -0.225       1.000    3.60%       2.000      3.000      3.000
             250.000       0.760      -0.400       5.000    2.40%       3.000      4.000
     Y6                    1.192       2.577       1.000   82.80%       1.000      1.000      1.000
             250.000       0.203       7.773       4.000    0.40%       1.000      1.000
     Y7                    1.184       2.615       1.000   83.20%       1.000      1.000      1.000
             250.000       0.190       8.303       4.000    0.40%       1.000      1.000
     Y8                    1.224       3.277       1.000   81.20%       1.000      1.000      1.000
             250.000       0.286      14.514       5.000    0.40%       1.000      1.000
     Y9                    1.856       0.769       1.000   37.20%       1.000      2.000      2.000
             250.000       0.651       0.639       5.000    0.80%       2.000      2.000
     Y10                   1.812       0.950       1.000   39.20%       1.000      2.000      2.000
             250.000       0.649       1.122       5.000    0.80%       2.000      2.000
     X1                    0.073       0.198      -2.276    0.40%      -0.754     -0.208      0.049
             250.000       0.893      -0.262       3.008    0.40%       0.281      0.850
     X2                    0.508      -0.032       0.000   49.20%       0.000      0.000      1.000
             250.000       0.250      -1.999       1.000   50.80%       1.000      1.000


THE MODEL ESTIMATION TERMINATED NORMALLY



MODEL FIT INFORMATION

Number of Free Parameters                       34

Loglikelihood

          H0 Value                       -2294.988

Information Criteria

          Akaike (AIC)                    4657.977
          Bayesian (BIC)                  4777.706
          Sample-Size Adjusted BIC        4669.923
            (n* = (n + 2) / 24)



MODEL RESULTS

                                                    Two-Tailed
                    Estimate       S.E.  Est./S.E.    P-Value

 F        BY
    Y1                 0.529      0.046     11.507      0.000
    Y2               999.000      0.000    999.000    999.000
    Y3                 0.562      0.050     11.276      0.000
    Y4                 0.483      0.054      9.018      0.000
    Y5                 0.619      0.051     12.174      0.000
    Y6                 0.207      0.029      7.176      0.000
    Y7                 0.203      0.028      7.256      0.000
    Y8                 0.257      0.034      7.527      0.000
    Y9                 0.528      0.048     10.931      0.000
    Y10                0.528      0.048     10.953      0.000

 Y2       ON
    X1                -0.043      0.043     -0.998      0.318
    X2                 0.075      0.081      0.934      0.350

 Means
    F                  0.000      0.000    999.000    999.000

 Intercepts
    Y1                 1.820      0.049     37.040      0.000
    Y2                 1.788      0.065     27.439      0.000
    Y3                 3.088      0.053     58.181      0.000
    Y4                 3.024      0.055     55.454      0.000
    Y5                 3.060      0.055     55.484      0.000
    Y6                 1.192      0.029     41.817      0.000
    Y7                 1.184      0.028     42.932      0.000
    Y8                 1.224      0.034     36.199      0.000
    Y9                 1.856      0.051     36.364      0.000
    Y10                1.812      0.051     35.573      0.000

 Variances
    F                  1.000      0.000    999.000    999.000

 Residual Variances
    Y1                 0.324      0.034      9.649      0.000
    Y2                 0.341      0.036      9.434      0.000
    Y3                 0.388      0.040      9.754      0.000
    Y4                 0.510      0.049     10.375      0.000
    Y5                 0.377      0.040      9.366      0.000
    Y6                 0.160      0.015     10.718      0.000
    Y7                 0.149      0.014     10.688      0.000
    Y8                 0.220      0.021     10.639      0.000
    Y9                 0.372      0.038      9.848      0.000
    Y10                0.370      0.038      9.835      0.000

New/Additional Parameters
    L2_0               0.532      0.073      7.310      0.000
    L2_1              -0.095      0.045     -2.114      0.034
    L2_2               0.081      0.088      0.927      0.354


QUALITY OF NUMERICAL RESULTS

     Condition Number for the Information Matrix              0.191E-03
       (ratio of smallest to largest eigenvalue)


     Beginning Time:  11:42:39
        Ending Time:  11:42:40
       Elapsed Time:  00:00:01



MUTHEN & MUTHEN
3463 Stoner Ave.
Los Angeles, CA  90066

Tel: (310) 391-9971
Fax: (310) 391-8971
Web: www.StatModel.com
Support: Support@StatModel.com

Copyright (c) 1998-2019 Muthen & Muthen
