Mplus VERSION 8.3
MUTHEN & MUTHEN
03/29/2024  11:34 AM

INPUT INSTRUCTIONS


  TITLE: Test with 10 reps

  DATA:
  File is
  G1_B1_N1_rep407.csv;

  VARIABLE:
      Names are x1 x2 eta
  	y1 y2 y3 y4 y5 y6 y7 y8 y9 y10;
      Usevariables are y1-y10 x1 x2;
      constraint = x1 x2;

  MODEL:
      f BY y1* (l1);
      f BY y2* (l2);
      f BY y3* (l3);
      f BY y4* (l4);
      f BY y5* (l5);
      f BY y6* (l6);
      f BY y7* (l7);
      f BY y8* (l8);
      f BY y9* (l9);
      f BY y10* (l10);

  y1 ON x1 x2;
  f@1;
  [f@0];

  MODEL CONSTRAINT:
      new (l1_0 l1_1 l1_2);
      l1 = l1_0 + l1_1*x1 + l1_2*x2;




INPUT READING TERMINATED NORMALLY



Test with 10 reps

SUMMARY OF ANALYSIS

Number of groups                                                 1
Number of observations                                         250

Number of dependent variables                                   10
Number of independent variables                                  2
Number of continuous latent variables                            1

Observed dependent variables

  Continuous
   Y1          Y2          Y3          Y4          Y5          Y6
   Y7          Y8          Y9          Y10

Observed independent variables
   X1          X2

Continuous latent variables
   F


Estimator                                                       ML
Information matrix                                        OBSERVED
Maximum number of iterations                                  1000
Convergence criterion                                    0.500D-04
Maximum number of steepest descent iterations                   20

Input data file(s)
  G1_B1_N1_rep407.csv

Input data format  FREE



UNIVARIATE SAMPLE STATISTICS


     UNIVARIATE HIGHER-ORDER MOMENT DESCRIPTIVE STATISTICS

         Variable/         Mean/     Skewness/   Minimum/ % with                Percentiles
        Sample Size      Variance    Kurtosis    Maximum  Min/Max      20%/60%    40%/80%    Median

     Y1                    1.796       0.988       1.000   36.40%       1.000      2.000      2.000
             250.000       0.554       1.908       5.000    0.80%       2.000      2.000
     Y2                    1.876       0.898       1.000   33.60%       1.000      2.000      2.000
             250.000       0.629       1.231       5.000    0.80%       2.000      2.000
     Y3                    3.040       0.136       1.000    1.60%       2.000      3.000      3.000
             250.000       0.686      -0.256       5.000    3.60%       3.000      4.000
     Y4                    3.100       0.096       1.000    0.40%       2.000      3.000      3.000
             250.000       0.586      -0.439       5.000    2.40%       3.000      4.000
     Y5                    3.004      -0.130       1.000    3.60%       2.000      3.000      3.000
             250.000       0.700      -0.100       5.000    2.40%       3.000      4.000
     Y6                    1.196       2.582       1.000   82.80%       1.000      1.000      1.000
             250.000       0.214       7.554       4.000    0.40%       1.000      1.000
     Y7                    1.248       2.851       1.000   80.00%       1.000      1.000      1.000
             250.000       0.314      10.562       5.000    0.40%       1.000      1.000
     Y8                    1.164       2.970       1.000   85.60%       1.000      1.000      1.000
             250.000       0.185      10.374       4.000    0.40%       1.000      1.000
     Y9                    1.872       1.055       1.000   34.80%       1.000      2.000      2.000
             250.000       0.680       1.615       5.000    1.20%       2.000      2.000
     Y10                   1.868       1.054       1.000   34.40%       1.000      2.000      2.000
             250.000       0.659       1.741       5.000    1.20%       2.000      2.000
     X1                    0.029      -0.028      -2.756    0.40%      -0.850     -0.185      0.023
             250.000       0.973      -0.441       2.372    0.40%       0.298      0.997
     X2                    0.528      -0.112       0.000   47.20%       0.000      0.000      1.000
             250.000       0.249      -1.987       1.000   52.80%       1.000      1.000


THE MODEL ESTIMATION TERMINATED NORMALLY



MODEL FIT INFORMATION

Number of Free Parameters                       34

Loglikelihood

          H0 Value                       -2245.426

Information Criteria

          Akaike (AIC)                    4558.853
          Bayesian (BIC)                  4678.583
          Sample-Size Adjusted BIC        4570.800
            (n* = (n + 2) / 24)



MODEL RESULTS

                                                    Two-Tailed
                    Estimate       S.E.  Est./S.E.    P-Value

 F        BY
    Y1               999.000      0.000    999.000    999.000
    Y2                 0.480      0.048      9.922      0.000
    Y3                 0.545      0.050     11.000      0.000
    Y4                 0.544      0.045     12.178      0.000
    Y5                 0.566      0.050     11.421      0.000
    Y6                 0.247      0.029      8.516      0.000
    Y7                 0.340      0.034      9.901      0.000
    Y8                 0.197      0.028      7.135      0.000
    Y9                 0.553      0.049     11.296      0.000
    Y10                0.482      0.050      9.684      0.000

 Y1       ON
    X1                 0.048      0.039      1.237      0.216
    X2                -0.017      0.077     -0.225      0.822

 Means
    F                  0.000      0.000    999.000    999.000

 Intercepts
    Y1                 1.804      0.061     29.368      0.000
    Y2                 1.876      0.050     37.412      0.000
    Y3                 3.040      0.052     58.017      0.000
    Y4                 3.100      0.048     64.030      0.000
    Y5                 3.004      0.053     56.771      0.000
    Y6                 1.196      0.029     40.918      0.000
    Y7                 1.248      0.035     35.187      0.000
    Y8                 1.164      0.027     42.778      0.000
    Y9                 1.872      0.052     35.904      0.000
    Y10                1.868      0.051     36.395      0.000

 Variances
    F                  1.000      0.000    999.000    999.000

 Residual Variances
    Y1                 0.332      0.033     10.016      0.000
    Y2                 0.398      0.039     10.154      0.000
    Y3                 0.390      0.040      9.843      0.000
    Y4                 0.290      0.031      9.377      0.000
    Y5                 0.380      0.039      9.700      0.000
    Y6                 0.153      0.015     10.454      0.000
    Y7                 0.199      0.020     10.139      0.000
    Y8                 0.146      0.014     10.699      0.000
    Y9                 0.373      0.038      9.719      0.000
    Y10                0.426      0.042     10.213      0.000

New/Additional Parameters
    L1_0               0.452      0.061      7.425      0.000
    L1_1              -0.039      0.038     -1.022      0.307
    L1_2               0.027      0.082      0.333      0.739


QUALITY OF NUMERICAL RESULTS

     Condition Number for the Information Matrix              0.183E-03
       (ratio of smallest to largest eigenvalue)


     Beginning Time:  11:34:28
        Ending Time:  11:34:29
       Elapsed Time:  00:00:01



MUTHEN & MUTHEN
3463 Stoner Ave.
Los Angeles, CA  90066

Tel: (310) 391-9971
Fax: (310) 391-8971
Web: www.StatModel.com
Support: Support@StatModel.com

Copyright (c) 1998-2019 Muthen & Muthen
