Mplus VERSION 8.3
MUTHEN & MUTHEN
03/29/2024  11:41 AM

INPUT INSTRUCTIONS


  TITLE: Test with 10 reps

  DATA:
  File is
  G1_B1_N1_rep456.csv;

  VARIABLE:
      Names are x1 x2 eta
  	y1 y2 y3 y4 y5 y6 y7 y8 y9 y10;
      Usevariables are y1-y10 x1 x2;
      constraint = x1 x2;

  MODEL:
      f BY y1* (l1);
      f BY y2* (l2);
      f BY y3* (l3);
      f BY y4* (l4);
      f BY y5* (l5);
      f BY y6* (l6);
      f BY y7* (l7);
      f BY y8* (l8);
      f BY y9* (l9);
      f BY y10* (l10);

  y2 ON x1 x2;
  f@1;
  [f@0];

  MODEL CONSTRAINT:
      new (l2_0 l2_1 l2_2);
      l2 = l2_0 + l2_1*x1 + l2_2*x2;




INPUT READING TERMINATED NORMALLY



Test with 10 reps

SUMMARY OF ANALYSIS

Number of groups                                                 1
Number of observations                                         250

Number of dependent variables                                   10
Number of independent variables                                  2
Number of continuous latent variables                            1

Observed dependent variables

  Continuous
   Y1          Y2          Y3          Y4          Y5          Y6
   Y7          Y8          Y9          Y10

Observed independent variables
   X1          X2

Continuous latent variables
   F


Estimator                                                       ML
Information matrix                                        OBSERVED
Maximum number of iterations                                  1000
Convergence criterion                                    0.500D-04
Maximum number of steepest descent iterations                   20

Input data file(s)
  G1_B1_N1_rep456.csv

Input data format  FREE



UNIVARIATE SAMPLE STATISTICS


     UNIVARIATE HIGHER-ORDER MOMENT DESCRIPTIVE STATISTICS

         Variable/         Mean/     Skewness/   Minimum/ % with                Percentiles
        Sample Size      Variance    Kurtosis    Maximum  Min/Max      20%/60%    40%/80%    Median

     Y1                    1.780       0.765       1.000   40.80%       1.000      1.000      2.000
             250.000       0.596       0.412       5.000    0.40%       2.000      2.000
     Y2                    1.852       0.814       1.000   35.20%       1.000      2.000      2.000
             250.000       0.614       0.741       5.000    0.40%       2.000      2.000
     Y3                    3.064      -0.041       1.000    2.80%       2.000      3.000      3.000
             250.000       0.708      -0.069       5.000    3.60%       3.000      4.000
     Y4                    3.168      -0.080       1.000    1.60%       3.000      3.000      3.000
             250.000       0.644      -0.071       5.000    3.60%       3.000      4.000
     Y5                    3.016      -0.076       1.000    2.80%       2.000      3.000      3.000
             250.000       0.632       0.151       5.000    2.40%       3.000      4.000
     Y6                    1.180       3.124       1.000   85.20%       1.000      1.000      1.000
             250.000       0.228      11.255       4.000    0.80%       1.000      1.000
     Y7                    1.204       2.013       1.000   81.20%       1.000      1.000      1.000
             250.000       0.194       3.271       3.000    1.60%       1.000      1.000
     Y8                    1.188       2.767       1.000   84.40%       1.000      1.000      1.000
             250.000       0.225       8.205       4.000    0.40%       1.000      1.000
     Y9                    1.836       0.594       1.000   38.00%       1.000      2.000      2.000
             250.000       0.617      -0.320       4.000    2.40%       2.000      2.000
     Y10                   1.796       1.062       1.000   40.00%       1.000      1.000      2.000
             250.000       0.658       1.404       5.000    0.80%       2.000      2.000
     X1                    0.008      -0.302      -3.937    0.40%      -0.805     -0.247      0.049
             250.000       1.068       0.150       2.126    0.40%       0.335      0.888
     X2                    0.444       0.225       0.000   55.60%       0.000      0.000      0.000
             250.000       0.247      -1.949       1.000   44.40%       1.000      1.000


THE MODEL ESTIMATION TERMINATED NORMALLY



MODEL FIT INFORMATION

Number of Free Parameters                       34

Loglikelihood

          H0 Value                       -2275.959

Information Criteria

          Akaike (AIC)                    4619.918
          Bayesian (BIC)                  4739.647
          Sample-Size Adjusted BIC        4631.864
            (n* = (n + 2) / 24)



MODEL RESULTS

                                                    Two-Tailed
                    Estimate       S.E.  Est./S.E.    P-Value

 F        BY
    Y1                 0.457      0.048      9.525      0.000
    Y2               999.000      0.000    999.000    999.000
    Y3                 0.547      0.051     10.706      0.000
    Y4                 0.519      0.049     10.617      0.000
    Y5                 0.480      0.049      9.757      0.000
    Y6                 0.221      0.031      7.117      0.000
    Y7                 0.204      0.029      7.130      0.000
    Y8                 0.233      0.031      7.612      0.000
    Y9                 0.481      0.049      9.906      0.000
    Y10                0.494      0.050      9.843      0.000

 Y2       ON
    X1                 0.014      0.039      0.355      0.723
    X2                -0.126      0.081     -1.550      0.121

 Means
    F                  0.000      0.000    999.000    999.000

 Intercepts
    Y1                 1.780      0.049     36.468      0.000
    Y2                 1.913      0.063     30.326      0.000
    Y3                 3.064      0.053     57.580      0.000
    Y4                 3.168      0.051     62.429      0.000
    Y5                 3.016      0.050     59.997      0.000
    Y6                 1.180      0.030     39.108      0.000
    Y7                 1.204      0.028     43.178      0.000
    Y8                 1.188      0.030     39.630      0.000
    Y9                 1.836      0.050     36.954      0.000
    Y10                1.796      0.051     34.997      0.000

 Variances
    F                  1.000      0.000    999.000    999.000

 Residual Variances
    Y1                 0.386      0.038     10.043      0.000
    Y2                 0.334      0.036      9.292      0.000
    Y3                 0.408      0.042      9.646      0.000
    Y4                 0.374      0.039      9.647      0.000
    Y5                 0.401      0.040      9.982      0.000
    Y6                 0.179      0.017     10.596      0.000
    Y7                 0.153      0.014     10.604      0.000
    Y8                 0.170      0.016     10.483      0.000
    Y9                 0.386      0.039      9.903      0.000
    Y10                0.415      0.042      9.951      0.000

New/Additional Parameters
    L2_0               0.569      0.064      8.875      0.000
    L2_1               0.070      0.044      1.597      0.110
    L2_2              -0.081      0.088     -0.924      0.356


QUALITY OF NUMERICAL RESULTS

     Condition Number for the Information Matrix              0.202E-03
       (ratio of smallest to largest eigenvalue)


     Beginning Time:  11:41:50
        Ending Time:  11:41:50
       Elapsed Time:  00:00:00



MUTHEN & MUTHEN
3463 Stoner Ave.
Los Angeles, CA  90066

Tel: (310) 391-9971
Fax: (310) 391-8971
Web: www.StatModel.com
Support: Support@StatModel.com

Copyright (c) 1998-2019 Muthen & Muthen
