Mplus VERSION 8.3
MUTHEN & MUTHEN
04/23/2024  12:10 PM

INPUT INSTRUCTIONS


  TITLE: Test with 10 reps

  DATA:
  File is
  G1_B1_N1_rep6.csv;

  VARIABLE:
      Names are x1 x2 eta
  	y1 y2 y3 y4 y5 y6 y7 y8 y9 y10;
      Usevariables are y1-y10 x1 x2;
      constraint = x1 x2;

  MODEL:
      f BY y1* (l1);
      f BY y2* (l2);
      f BY y3* (l3);
      f BY y4* (l4);
      f BY y5* (l5);
      f BY y6* (l6);
      f BY y7* (l7);
      f BY y8* (l8);
      f BY y9* (l9);
      f BY y10* (l10);

  y9 ON x1 x2;
  f@1;
  [f@0];

  MODEL CONSTRAINT:
      new (l9_0 l9_1 l9_2);
      l9 = l9_0 + l9_1*x1 + l9_2*x2;




INPUT READING TERMINATED NORMALLY



Test with 10 reps

SUMMARY OF ANALYSIS

Number of groups                                                 1
Number of observations                                         250

Number of dependent variables                                   10
Number of independent variables                                  2
Number of continuous latent variables                            1

Observed dependent variables

  Continuous
   Y1          Y2          Y3          Y4          Y5          Y6
   Y7          Y8          Y9          Y10

Observed independent variables
   X1          X2

Continuous latent variables
   F


Estimator                                                       ML
Information matrix                                        OBSERVED
Maximum number of iterations                                  1000
Convergence criterion                                    0.500D-04
Maximum number of steepest descent iterations                   20

Input data file(s)
  G1_B1_N1_rep6.csv

Input data format  FREE



UNIVARIATE SAMPLE STATISTICS


     UNIVARIATE HIGHER-ORDER MOMENT DESCRIPTIVE STATISTICS

         Variable/         Mean/     Skewness/   Minimum/ % with                Percentiles
        Sample Size      Variance    Kurtosis    Maximum  Min/Max      20%/60%    40%/80%    Median

     Y1                    1.800       0.808       1.000   40.00%       1.000      1.000      2.000
             250.000       0.624       0.491       5.000    0.40%       2.000      2.000
     Y2                    1.804       0.565       1.000   38.00%       1.000      2.000      2.000
             250.000       0.558      -0.290       4.000    1.60%       2.000      2.000
     Y3                    2.992       0.013       1.000    1.60%       2.000      3.000      3.000
             250.000       0.568      -0.049       5.000    1.60%       3.000      4.000
     Y4                    3.016      -0.031       1.000    3.60%       2.000      3.000      3.000
             250.000       0.744      -0.093       5.000    3.60%       3.000      4.000
     Y5                    3.012      -0.074       1.000    1.60%       2.000      3.000      3.000
             250.000       0.588      -0.323       5.000    1.20%       3.000      4.000
     Y6                    1.140       2.845       1.000   87.60%       1.000      1.000      1.000
             250.000       0.152       7.803       3.000    1.60%       1.000      1.000
     Y7                    1.176       1.702       1.000   82.40%       1.000      1.000      1.000
             250.000       0.145       0.895       2.000   17.60%       1.000      1.000
     Y8                    1.152       2.522       1.000   86.00%       1.000      1.000      1.000
             250.000       0.153       5.838       3.000    1.20%       1.000      1.000
     Y9                    1.732       0.707       1.000   41.20%       1.000      1.000      2.000
             250.000       0.516       0.128       4.000    1.60%       2.000      2.000
     Y10                   1.752       1.033       1.000   41.20%       1.000      1.000      2.000
             250.000       0.594       1.319       5.000    0.40%       2.000      2.000
     X1                   -0.055       0.173      -2.717    0.40%      -0.885     -0.327     -0.129
             250.000       0.908      -0.155       2.667    0.40%       0.176      0.688
     X2                    0.476       0.096       0.000   52.40%       0.000      0.000      0.000
             250.000       0.249      -1.991       1.000   47.60%       1.000      1.000


THE MODEL ESTIMATION TERMINATED NORMALLY

     THE STANDARD ERRORS OF THE MODEL PARAMETER ESTIMATES MAY NOT BE
     TRUSTWORTHY FOR SOME PARAMETERS DUE TO A NON-POSITIVE DEFINITE
     FIRST-ORDER DERIVATIVE PRODUCT MATRIX.  THIS MAY BE DUE TO THE STARTING
     VALUES BUT MAY ALSO BE AN INDICATION OF MODEL NONIDENTIFICATION.  THE
     CONDITION NUMBER IS       0.350D-13.  PROBLEM INVOLVING THE FOLLOWING PARAMETER:
     Parameter 35, L9_2

     THIS IS MOST LIKELY DUE TO VARIABLE Y7 BEING DICHOTOMOUS BUT
     DECLARED AS CONTINUOUS.




MODEL FIT INFORMATION

Number of Free Parameters                       34

Loglikelihood

          H0 Value                       -2031.595

Information Criteria

          Akaike (AIC)                    4131.191
          Bayesian (BIC)                  4250.921
          Sample-Size Adjusted BIC        4143.138
            (n* = (n + 2) / 24)



MODEL RESULTS

                                                    Two-Tailed
                    Estimate       S.E.  Est./S.E.    P-Value

 F        BY
    Y1                 0.489      0.048     10.154      0.000
    Y2                 0.504      0.044     11.372      0.000
    Y3                 0.472      0.046     10.319      0.000
    Y4                 0.630      0.050     12.619      0.000
    Y5                 0.446      0.047      9.414      0.000
    Y6                 0.180      0.025      7.169      0.000
    Y7                 0.199      0.024      8.296      0.000
    Y8                 0.211      0.025      8.612      0.000
    Y9               999.000      0.000    999.000    999.000
    Y10                0.542      0.045     11.994      0.000

 Y9       ON
    X1                 0.040      0.040      1.012      0.312
    X2                -0.060      0.076     -0.792      0.428

 Means
    F                  0.000      0.000    999.000    999.000

 Intercepts
    Y1                 1.800      0.050     36.029      0.000
    Y2                 1.804      0.047     38.199      0.000
    Y3                 2.992      0.048     62.774      0.000
    Y4                 3.016      0.055     55.296      0.000
    Y5                 3.012      0.048     62.114      0.000
    Y6                 1.140      0.025     46.172      0.000
    Y7                 1.176      0.024     48.827      0.000
    Y8                 1.152      0.025     46.583      0.000
    Y9                 1.763      0.059     29.816      0.000
    Y10                1.752      0.049     35.928      0.000

 Variances
    F                  1.000      0.000    999.000    999.000

 Residual Variances
    Y1                 0.385      0.038     10.047      0.000
    Y2                 0.303      0.031      9.655      0.000
    Y3                 0.345      0.034     10.009      0.000
    Y4                 0.347      0.038      9.114      0.000
    Y5                 0.389      0.038     10.247      0.000
    Y6                 0.120      0.011     10.700      0.000
    Y7                 0.105      0.010     10.499      0.000
    Y8                 0.108      0.010     10.429      0.000
    Y9                 0.327      0.032     10.185      0.000
    Y10                0.301      0.032      9.417      0.000

New/Additional Parameters
    L9_0               0.468      0.059      7.866      0.000
    L9_1               0.063      0.045      1.386      0.166
    L9_2              -0.077      0.081     -0.947      0.344


QUALITY OF NUMERICAL RESULTS

     Condition Number for the Information Matrix              0.982E-04
       (ratio of smallest to largest eigenvalue)


TECHNICAL 1 OUTPUT


     PARAMETER SPECIFICATION


           NU
              Y1            Y2            Y3            Y4            Y5
              ________      ________      ________      ________      ________
                  1             2             3             4             5


           NU
              Y6            Y7            Y8            Y9            Y10
              ________      ________      ________      ________      ________
                  6             7             8             0             9


           NU
              X1            X2
              ________      ________
                  0             0


           LAMBDA
              F             Y9            X1            X2
              ________      ________      ________      ________
 Y1                10             0             0             0
 Y2                11             0             0             0
 Y3                12             0             0             0
 Y4                13             0             0             0
 Y5                14             0             0             0
 Y6                15             0             0             0
 Y7                16             0             0             0
 Y8                17             0             0             0
 Y9                 0             0             0             0
 Y10               18             0             0             0
 X1                 0             0             0             0
 X2                 0             0             0             0


           THETA
              Y1            Y2            Y3            Y4            Y5
              ________      ________      ________      ________      ________
 Y1                19
 Y2                 0            20
 Y3                 0             0            21
 Y4                 0             0             0            22
 Y5                 0             0             0             0            23
 Y6                 0             0             0             0             0
 Y7                 0             0             0             0             0
 Y8                 0             0             0             0             0
 Y9                 0             0             0             0             0
 Y10                0             0             0             0             0
 X1                 0             0             0             0             0
 X2                 0             0             0             0             0


           THETA
              Y6            Y7            Y8            Y9            Y10
              ________      ________      ________      ________      ________
 Y6                24
 Y7                 0            25
 Y8                 0             0            26
 Y9                 0             0             0             0
 Y10                0             0             0             0            27
 X1                 0             0             0             0             0
 X2                 0             0             0             0             0


           THETA
              X1            X2
              ________      ________
 X1                 0
 X2                 0             0


           ALPHA
              F             Y9            X1            X2
              ________      ________      ________      ________
                  0            28             0             0


           BETA
              F             Y9            X1            X2
              ________      ________      ________      ________
 F                  0             0             0             0
 Y9                29             0            30            31
 X1                 0             0             0             0
 X2                 0             0             0             0


           PSI
              F             Y9            X1            X2
              ________      ________      ________      ________
 F                  0
 Y9                 0            32
 X1                 0             0             0
 X2                 0             0             0             0


     PARAMETER SPECIFICATION FOR THE ADDITIONAL PARAMETERS


           New/Additional Parameters
              L9_0          L9_1          L9_2
              ________      ________      ________
                   33            34            35


     STARTING VALUES


           NU
              Y1            Y2            Y3            Y4            Y5
              ________      ________      ________      ________      ________
                1.800         1.804         2.992         3.016         3.012


           NU
              Y6            Y7            Y8            Y9            Y10
              ________      ________      ________      ________      ________
                1.140         1.176         1.152         0.000         1.752


           NU
              X1            X2
              ________      ________
                0.000         0.000


           LAMBDA
              F             Y9            X1            X2
              ________      ________      ________      ________
 Y1             1.000         0.000         0.000         0.000
 Y2             1.000         0.000         0.000         0.000
 Y3             1.000         0.000         0.000         0.000
 Y4             1.000         0.000         0.000         0.000
 Y5             1.000         0.000         0.000         0.000
 Y6             1.000         0.000         0.000         0.000
 Y7             1.000         0.000         0.000         0.000
 Y8             1.000         0.000         0.000         0.000
 Y9             0.000         1.000         0.000         0.000
 Y10            1.000         0.000         0.000         0.000
 X1             0.000         0.000         1.000         0.000
 X2             0.000         0.000         0.000         1.000


           THETA
              Y1            Y2            Y3            Y4            Y5
              ________      ________      ________      ________      ________
 Y1             0.312
 Y2             0.000         0.279
 Y3             0.000         0.000         0.284
 Y4             0.000         0.000         0.000         0.372
 Y5             0.000         0.000         0.000         0.000         0.294
 Y6             0.000         0.000         0.000         0.000         0.000
 Y7             0.000         0.000         0.000         0.000         0.000
 Y8             0.000         0.000         0.000         0.000         0.000
 Y9             0.000         0.000         0.000         0.000         0.000
 Y10            0.000         0.000         0.000         0.000         0.000
 X1             0.000         0.000         0.000         0.000         0.000
 X2             0.000         0.000         0.000         0.000         0.000


           THETA
              Y6            Y7            Y8            Y9            Y10
              ________      ________      ________      ________      ________
 Y6             0.076
 Y7             0.000         0.073
 Y8             0.000         0.000         0.076
 Y9             0.000         0.000         0.000         0.000
 Y10            0.000         0.000         0.000         0.000         0.297
 X1             0.000         0.000         0.000         0.000         0.000
 X2             0.000         0.000         0.000         0.000         0.000


           THETA
              X1            X2
              ________      ________
 X1             0.000
 X2             0.000         0.000


           ALPHA
              F             Y9            X1            X2
              ________      ________      ________      ________
                0.000         1.732        -0.055         0.476


           BETA
              F             Y9            X1            X2
              ________      ________      ________      ________
 F              0.000         0.000         0.000         0.000
 Y9             1.000         0.000         0.000         0.000
 X1             0.000         0.000         0.000         0.000
 X2             0.000         0.000         0.000         0.000


           PSI
              F             Y9            X1            X2
              ________      ________      ________      ________
 F              1.000
 Y9             0.000         0.258
 X1             0.000         0.000         0.908
 X2             0.000         0.000        -0.039         0.249


     STARTING VALUES FOR THE ADDITIONAL PARAMETERS


           New/Additional Parameters
              L9_0          L9_1          L9_2
              ________      ________      ________
                0.500         0.500         0.500


     Beginning Time:  12:10:01
        Ending Time:  12:10:02
       Elapsed Time:  00:00:01



MUTHEN & MUTHEN
3463 Stoner Ave.
Los Angeles, CA  90066

Tel: (310) 391-9971
Fax: (310) 391-8971
Web: www.StatModel.com
Support: Support@StatModel.com

Copyright (c) 1998-2019 Muthen & Muthen
