Mplus VERSION 8.3
MUTHEN & MUTHEN
03/29/2024  11:50 AM

INPUT INSTRUCTIONS


  TITLE: Test with 10 reps

  DATA:
  File is
  G1_B1_N1_rep62.csv;

  VARIABLE:
      Names are x1 x2 eta
  	y1 y2 y3 y4 y5 y6 y7 y8 y9 y10;
      Usevariables are y1-y10 x1 x2;
      constraint = x1 x2;

  MODEL:
      f BY y1* (l1);
      f BY y2* (l2);
      f BY y3* (l3);
      f BY y4* (l4);
      f BY y5* (l5);
      f BY y6* (l6);
      f BY y7* (l7);
      f BY y8* (l8);
      f BY y9* (l9);
      f BY y10* (l10);

  y8 ON x1 x2;
  f@1;
  [f@0];

  MODEL CONSTRAINT:
      new (l8_0 l8_1 l8_2);
      l8 = l8_0 + l8_1*x1 + l8_2*x2;




INPUT READING TERMINATED NORMALLY



Test with 10 reps

SUMMARY OF ANALYSIS

Number of groups                                                 1
Number of observations                                         250

Number of dependent variables                                   10
Number of independent variables                                  2
Number of continuous latent variables                            1

Observed dependent variables

  Continuous
   Y1          Y2          Y3          Y4          Y5          Y6
   Y7          Y8          Y9          Y10

Observed independent variables
   X1          X2

Continuous latent variables
   F


Estimator                                                       ML
Information matrix                                        OBSERVED
Maximum number of iterations                                  1000
Convergence criterion                                    0.500D-04
Maximum number of steepest descent iterations                   20

Input data file(s)
  G1_B1_N1_rep62.csv

Input data format  FREE



UNIVARIATE SAMPLE STATISTICS


     UNIVARIATE HIGHER-ORDER MOMENT DESCRIPTIVE STATISTICS

         Variable/         Mean/     Skewness/   Minimum/ % with                Percentiles
        Sample Size      Variance    Kurtosis    Maximum  Min/Max      20%/60%    40%/80%    Median

     Y1                    1.920       0.517       1.000   30.40%       1.000      2.000      2.000
             250.000       0.578      -0.091       4.000    2.80%       2.000      2.000
     Y2                    1.840       0.682       1.000   37.20%       1.000      2.000      2.000
             250.000       0.622      -0.031       4.000    3.20%       2.000      2.000
     Y3                    3.116       0.031       1.000    1.20%       3.000      3.000      3.000
             250.000       0.567       0.140       5.000    2.80%       3.000      4.000
     Y4                    3.108      -0.117       1.000    2.00%       3.000      3.000      3.000
             250.000       0.552       0.521       5.000    2.40%       3.000      4.000
     Y5                    3.072       0.042       1.000    1.60%       3.000      3.000      3.000
             250.000       0.579       0.249       5.000    2.80%       3.000      4.000
     Y6                    1.136       2.776       1.000   87.60%       1.000      1.000      1.000
             250.000       0.142       7.367       3.000    1.20%       1.000      1.000
     Y7                    1.152       2.365       1.000   85.60%       1.000      1.000      1.000
             250.000       0.145       4.816       3.000    0.80%       1.000      1.000
     Y8                    1.176       2.890       1.000   85.20%       1.000      1.000      1.000
             250.000       0.209       9.217       4.000    0.40%       1.000      1.000
     Y9                    1.788       0.810       1.000   34.80%       1.000      2.000      2.000
             250.000       0.487       1.486       5.000    0.40%       2.000      2.000
     Y10                   1.828       0.929       1.000   35.60%       1.000      2.000      2.000
             250.000       0.598       1.157       5.000    0.40%       2.000      2.000
     X1                    0.036      -0.404      -3.409    0.40%      -0.716     -0.157      0.051
             250.000       0.954       0.836       2.787    0.40%       0.351      0.795
     X2                    0.520      -0.080       0.000   48.00%       0.000      0.000      1.000
             250.000       0.250      -1.994       1.000   52.00%       1.000      1.000


THE MODEL ESTIMATION TERMINATED NORMALLY



MODEL FIT INFORMATION

Number of Free Parameters                       34

Loglikelihood

          H0 Value                       -2050.480

Information Criteria

          Akaike (AIC)                    4168.960
          Bayesian (BIC)                  4288.689
          Sample-Size Adjusted BIC        4180.906
            (n* = (n + 2) / 24)



MODEL RESULTS

                                                    Two-Tailed
                    Estimate       S.E.  Est./S.E.    P-Value

 F        BY
    Y1                 0.485      0.046     10.512      0.000
    Y2                 0.503      0.048     10.489      0.000
    Y3                 0.484      0.046     10.590      0.000
    Y4                 0.450      0.046      9.813      0.000
    Y5                 0.468      0.047     10.027      0.000
    Y6                 0.160      0.025      6.499      0.000
    Y7                 0.177      0.025      7.182      0.000
    Y8               999.000      0.000    999.000    999.000
    Y9                 0.469      0.042     11.195      0.000
    Y10                0.514      0.047     11.041      0.000

 Y8       ON
    X1                -0.019      0.026     -0.714      0.475
    X2                -0.023      0.051     -0.451      0.652

 Means
    F                  0.000      0.000    999.000    999.000

 Intercepts
    Y1                 1.920      0.048     39.944      0.000
    Y2                 1.840      0.050     36.877      0.000
    Y3                 3.116      0.048     65.456      0.000
    Y4                 3.108      0.047     66.122      0.000
    Y5                 3.072      0.048     63.844      0.000
    Y6                 1.136      0.024     47.749      0.000
    Y7                 1.152      0.024     47.851      0.000
    Y8                 1.186      0.039     30.163      0.000
    Y9                 1.788      0.044     40.509      0.000
    Y10                1.828      0.049     37.363      0.000

 Variances
    F                  1.000      0.000    999.000    999.000

 Residual Variances
    Y1                 0.342      0.035      9.823      0.000
    Y2                 0.369      0.038      9.828      0.000
    Y3                 0.332      0.034      9.775      0.000
    Y4                 0.350      0.035     10.029      0.000
    Y5                 0.360      0.036      9.975      0.000
    Y6                 0.116      0.011     10.724      0.000
    Y7                 0.114      0.011     10.623      0.000
    Y8                 0.150      0.014     10.379      0.000
    Y9                 0.267      0.028      9.502      0.000
    Y10                0.334      0.035      9.604      0.000

New/Additional Parameters
    L8_0               0.229      0.044      5.253      0.000
    L8_1               0.013      0.031      0.402      0.687
    L8_2               0.027      0.056      0.490      0.624


QUALITY OF NUMERICAL RESULTS

     Condition Number for the Information Matrix              0.111E-03
       (ratio of smallest to largest eigenvalue)


     Beginning Time:  11:50:34
        Ending Time:  11:50:35
       Elapsed Time:  00:00:01



MUTHEN & MUTHEN
3463 Stoner Ave.
Los Angeles, CA  90066

Tel: (310) 391-9971
Fax: (310) 391-8971
Web: www.StatModel.com
Support: Support@StatModel.com

Copyright (c) 1998-2019 Muthen & Muthen
