Mplus VERSION 8.3
MUTHEN & MUTHEN
03/29/2024  11:56 AM

INPUT INSTRUCTIONS


  TITLE: Test with 10 reps

  DATA:
  File is
  G1_B1_N1_rep99.csv;

  VARIABLE:
      Names are x1 x2 eta
  	y1 y2 y3 y4 y5 y6 y7 y8 y9 y10;
      Usevariables are y1-y10 x1 x2;
      constraint = x1 x2;

  MODEL:
      f BY y1* (l1);
      f BY y2* (l2);
      f BY y3* (l3);
      f BY y4* (l4);
      f BY y5* (l5);
      f BY y6* (l6);
      f BY y7* (l7);
      f BY y8* (l8);
      f BY y9* (l9);
      f BY y10* (l10);

  y4 ON x1 x2;
  f@1;
  [f@0];

  MODEL CONSTRAINT:
      new (l4_0 l4_1 l4_2);
      l4 = l4_0 + l4_1*x1 + l4_2*x2;




INPUT READING TERMINATED NORMALLY



Test with 10 reps

SUMMARY OF ANALYSIS

Number of groups                                                 1
Number of observations                                         250

Number of dependent variables                                   10
Number of independent variables                                  2
Number of continuous latent variables                            1

Observed dependent variables

  Continuous
   Y1          Y2          Y3          Y4          Y5          Y6
   Y7          Y8          Y9          Y10

Observed independent variables
   X1          X2

Continuous latent variables
   F


Estimator                                                       ML
Information matrix                                        OBSERVED
Maximum number of iterations                                  1000
Convergence criterion                                    0.500D-04
Maximum number of steepest descent iterations                   20

Input data file(s)
  G1_B1_N1_rep99.csv

Input data format  FREE



UNIVARIATE SAMPLE STATISTICS


     UNIVARIATE HIGHER-ORDER MOMENT DESCRIPTIVE STATISTICS

         Variable/         Mean/     Skewness/   Minimum/ % with                Percentiles
        Sample Size      Variance    Kurtosis    Maximum  Min/Max      20%/60%    40%/80%    Median

     Y1                    1.744       0.802       1.000   41.60%       1.000      1.000      2.000
             250.000       0.550       0.679       5.000    0.40%       2.000      2.000
     Y2                    1.852       0.796       1.000   34.00%       1.000      2.000      2.000
             250.000       0.582       0.873       5.000    0.40%       2.000      2.000
     Y3                    3.140      -0.047       1.000    0.80%       2.000      3.000      3.000
             250.000       0.608      -0.427       5.000    2.40%       3.000      4.000
     Y4                    3.052       0.226       1.000    0.80%       2.000      3.000      3.000
             250.000       0.593      -0.032       5.000    3.20%       3.000      4.000
     Y5                    3.068      -0.014       1.000    1.20%       2.000      3.000      3.000
             250.000       0.599      -0.291       5.000    2.00%       3.000      4.000
     Y6                    1.176       3.183       1.000   85.60%       1.000      1.000      1.000
             250.000       0.225      11.655       4.000    0.80%       1.000      1.000
     Y7                    1.160       2.258       1.000   84.80%       1.000      1.000      1.000
             250.000       0.150       4.248       3.000    0.80%       1.000      1.000
     Y8                    1.192       2.632       1.000   83.20%       1.000      1.000      1.000
             250.000       0.211       7.854       4.000    0.40%       1.000      1.000
     Y9                    1.796       1.052       1.000   40.40%       1.000      1.000      2.000
             250.000       0.666       1.321       5.000    0.80%       2.000      2.000
     Y10                   1.784       1.060       1.000   37.20%       1.000      2.000      2.000
             250.000       0.561       2.084       5.000    0.80%       2.000      2.000
     X1                    0.031      -0.031      -2.539    0.40%      -0.916     -0.236      0.024
             250.000       1.038      -0.361       3.308    0.40%       0.337      0.965
     X2                    0.544      -0.177       0.000   45.60%       0.000      0.000      1.000
             250.000       0.248      -1.969       1.000   54.40%       1.000      1.000


THE MODEL ESTIMATION TERMINATED NORMALLY



MODEL FIT INFORMATION

Number of Free Parameters                       34

Loglikelihood

          H0 Value                       -2109.969

Information Criteria

          Akaike (AIC)                    4287.937
          Bayesian (BIC)                  4407.667
          Sample-Size Adjusted BIC        4299.884
            (n* = (n + 2) / 24)



MODEL RESULTS

                                                    Two-Tailed
                    Estimate       S.E.  Est./S.E.    P-Value

 F        BY
    Y1                 0.467      0.045     10.402      0.000
    Y2                 0.523      0.045     11.626      0.000
    Y3                 0.514      0.047     11.033      0.000
    Y4               999.000      0.000    999.000    999.000
    Y5                 0.485      0.047     10.338      0.000
    Y6                 0.242      0.030      8.074      0.000
    Y7                 0.206      0.024      8.441      0.000
    Y8                 0.237      0.029      8.158      0.000
    Y9                 0.546      0.049     11.249      0.000
    Y10                0.489      0.045     10.916      0.000

 Y4       ON
    X1                 0.027      0.038      0.721      0.471
    X2                -0.025      0.079     -0.313      0.754

 Means
    F                  0.000      0.000    999.000    999.000

 Intercepts
    Y1                 1.744      0.047     37.167      0.000
    Y2                 1.852      0.048     38.381      0.000
    Y3                 3.140      0.049     63.651      0.000
    Y4                 3.070      0.067     45.724      0.000
    Y5                 3.068      0.049     62.658      0.000
    Y6                 1.176      0.030     39.198      0.000
    Y7                 1.160      0.025     47.294      0.000
    Y8                 1.192      0.029     41.017      0.000
    Y9                 1.796      0.052     34.787      0.000
    Y10                1.784      0.047     37.649      0.000

 Variances
    F                  1.000      0.000    999.000    999.000

 Residual Variances
    Y1                 0.332      0.033     10.013      0.000
    Y2                 0.308      0.032      9.618      0.000
    Y3                 0.344      0.035      9.820      0.000
    Y4                 0.318      0.033      9.497      0.000
    Y5                 0.364      0.036     10.037      0.000
    Y6                 0.166      0.016     10.552      0.000
    Y7                 0.108      0.010     10.484      0.000
    Y8                 0.155      0.015     10.536      0.000
    Y9                 0.368      0.038      9.723      0.000
    Y10                0.322      0.033      9.872      0.000

New/Additional Parameters
    L4_0               0.558      0.092      6.092      0.000
    L4_1              -0.012      0.044     -0.280      0.779
    L4_2              -0.047      0.100     -0.471      0.638


QUALITY OF NUMERICAL RESULTS

     Condition Number for the Information Matrix              0.104E-03
       (ratio of smallest to largest eigenvalue)


     Beginning Time:  11:56:15
        Ending Time:  11:56:15
       Elapsed Time:  00:00:00



MUTHEN & MUTHEN
3463 Stoner Ave.
Los Angeles, CA  90066

Tel: (310) 391-9971
Fax: (310) 391-8971
Web: www.StatModel.com
Support: Support@StatModel.com

Copyright (c) 1998-2019 Muthen & Muthen
