Mplus VERSION 8.3
MUTHEN & MUTHEN
04/23/2024   6:38 PM

INPUT INSTRUCTIONS


  TITLE: Test with 10 reps

  DATA:
  File is
  G1_B2_N1_rep102.csv;

  VARIABLE:
      Names are x1 x2 eta
  	y1 y2 y3 y4 y5 y6 y7 y8 y9 y10;
      Usevariables are y1-y10 x1 x2;
      constraint = x1 x2;

  MODEL:
      f BY y1* (l1);
      f BY y2* (l2);
      f BY y3* (l3);
      f BY y4* (l4);
      f BY y5* (l5);
      f BY y6* (l6);
      f BY y7* (l7);
      f BY y8* (l8);
      f BY y9* (l9);
      f BY y10* (l10);

  y1 ON x1 x2;
  f@1;
  [f@0];

  MODEL CONSTRAINT:
      new (l1_0 l1_1 l1_2);
      l1 = l1_0 + l1_1*x1 + l1_2*x2;




INPUT READING TERMINATED NORMALLY



Test with 10 reps

SUMMARY OF ANALYSIS

Number of groups                                                 1
Number of observations                                         250

Number of dependent variables                                   10
Number of independent variables                                  2
Number of continuous latent variables                            1

Observed dependent variables

  Continuous
   Y1          Y2          Y3          Y4          Y5          Y6
   Y7          Y8          Y9          Y10

Observed independent variables
   X1          X2

Continuous latent variables
   F


Estimator                                                       ML
Information matrix                                        OBSERVED
Maximum number of iterations                                  1000
Convergence criterion                                    0.500D-04
Maximum number of steepest descent iterations                   20

Input data file(s)
  G1_B2_N1_rep102.csv

Input data format  FREE



UNIVARIATE SAMPLE STATISTICS


     UNIVARIATE HIGHER-ORDER MOMENT DESCRIPTIVE STATISTICS

         Variable/         Mean/     Skewness/   Minimum/ % with                Percentiles
        Sample Size      Variance    Kurtosis    Maximum  Min/Max      20%/60%    40%/80%    Median

     Y1                    1.784       0.664       1.000   38.40%       1.000      2.000      2.000
             250.000       0.545       0.054       4.000    2.00%       2.000      2.000
     Y2                    1.868       0.669       1.000   32.80%       1.000      2.000      2.000
             250.000       0.571       0.269       4.000    3.20%       2.000      2.000
     Y3                    3.108       0.082       1.000    0.40%       3.000      3.000      3.000
             250.000       0.528      -0.216       5.000    2.00%       3.000      4.000
     Y4                    3.024      -0.096       1.000    2.00%       2.000      3.000      3.000
             250.000       0.567       0.112       5.000    1.60%       3.000      4.000
     Y5                    3.100      -0.080       1.000    0.80%       3.000      3.000      3.000
             250.000       0.506      -0.121       5.000    1.20%       3.000      4.000
     Y6                    1.148       2.581       1.000   86.40%       1.000      1.000      1.000
             250.000       0.150       6.185       3.000    1.20%       1.000      1.000
     Y7                    1.200       2.581       1.000   82.80%       1.000      1.000      1.000
             250.000       0.224       7.319       4.000    0.40%       1.000      1.000
     Y8                    1.192       1.898       1.000   81.60%       1.000      1.000      1.000
             250.000       0.171       2.518       3.000    0.80%       1.000      1.000
     Y9                    1.844       0.859       1.000   32.40%       1.000      2.000      2.000
             250.000       0.540       1.371       5.000    0.40%       2.000      2.000
     Y10                   1.876       0.780       1.000   33.20%       1.000      2.000      2.000
             250.000       0.605       0.747       5.000    0.40%       2.000      2.000
     X1                    0.037       0.169      -2.644    0.40%      -0.888     -0.261      0.018
             250.000       1.153      -0.053       3.072    0.40%       0.291      0.903
     X2                    0.500       0.000       0.000   50.00%       0.000      0.000      0.500
             250.000       0.250      -2.000       1.000   50.00%       1.000      1.000


THE MODEL ESTIMATION TERMINATED NORMALLY



MODEL FIT INFORMATION

Number of Free Parameters                       34

Loglikelihood

          H0 Value                       -2044.622

Information Criteria

          Akaike (AIC)                    4157.244
          Bayesian (BIC)                  4276.974
          Sample-Size Adjusted BIC        4169.191
            (n* = (n + 2) / 24)



MODEL RESULTS

                                                    Two-Tailed
                    Estimate       S.E.  Est./S.E.    P-Value

 F        BY
    Y1               999.000      0.000    999.000    999.000
    Y2                 0.478      0.046     10.399      0.000
    Y3                 0.436      0.045      9.742      0.000
    Y4                 0.501      0.045     11.076      0.000
    Y5                 0.450      0.043     10.397      0.000
    Y6                 0.184      0.025      7.375      0.000
    Y7                 0.239      0.030      7.914      0.000
    Y8                 0.204      0.026      7.698      0.000
    Y9                 0.471      0.044     10.595      0.000
    Y10                0.561      0.045     12.359      0.000

 Y1       ON
    X1                 0.038      0.037      1.019      0.308
    X2                 0.128      0.078      1.648      0.099

 Means
    F                  0.000      0.000    999.000    999.000

 Intercepts
    Y1                 1.716      0.062     27.782      0.000
    Y2                 1.868      0.048     39.101      0.000
    Y3                 3.108      0.046     67.608      0.000
    Y4                 3.024      0.048     63.474      0.000
    Y5                 3.100      0.045     68.906      0.000
    Y6                 1.148      0.025     46.852      0.000
    Y7                 1.200      0.030     40.089      0.000
    Y8                 1.192      0.026     45.559      0.000
    Y9                 1.844      0.046     39.689      0.000
    Y10                1.876      0.049     38.147      0.000

 Variances
    F                  1.000      0.000    999.000    999.000

 Residual Variances
    Y1                 0.335      0.033     10.131      0.000
    Y2                 0.342      0.035      9.890      0.000
    Y3                 0.338      0.033     10.095      0.000
    Y4                 0.317      0.033      9.649      0.000
    Y5                 0.304      0.031      9.897      0.000
    Y6                 0.116      0.011     10.610      0.000
    Y7                 0.167      0.016     10.503      0.000
    Y8                 0.130      0.012     10.559      0.000
    Y9                 0.317      0.032      9.832      0.000
    Y10                0.290      0.032      9.100      0.000

New/Additional Parameters
    L1_0               0.445      0.063      7.109      0.000
    L1_1               0.023      0.039      0.604      0.546
    L1_2              -0.045      0.086     -0.525      0.600


QUALITY OF NUMERICAL RESULTS

     Condition Number for the Information Matrix              0.117E-03
       (ratio of smallest to largest eigenvalue)


     Beginning Time:  18:38:07
        Ending Time:  18:38:09
       Elapsed Time:  00:00:02



MUTHEN & MUTHEN
3463 Stoner Ave.
Los Angeles, CA  90066

Tel: (310) 391-9971
Fax: (310) 391-8971
Web: www.StatModel.com
Support: Support@StatModel.com

Copyright (c) 1998-2019 Muthen & Muthen
