Mplus VERSION 8.3
MUTHEN & MUTHEN
04/23/2024   6:59 PM

INPUT INSTRUCTIONS


  TITLE: Test with 10 reps

  DATA:
  File is
  G1_B2_N1_rep184.csv;

  VARIABLE:
      Names are x1 x2 eta
  	y1 y2 y3 y4 y5 y6 y7 y8 y9 y10;
      Usevariables are y1-y10 x1 x2;
      constraint = x1 x2;

  MODEL:
      f BY y1* (l1);
      f BY y2* (l2);
      f BY y3* (l3);
      f BY y4* (l4);
      f BY y5* (l5);
      f BY y6* (l6);
      f BY y7* (l7);
      f BY y8* (l8);
      f BY y9* (l9);
      f BY y10* (l10);

  y2 ON x1 x2;
  f@1;
  [f@0];

  MODEL CONSTRAINT:
      new (l2_0 l2_1 l2_2);
      l2 = l2_0 + l2_1*x1 + l2_2*x2;




INPUT READING TERMINATED NORMALLY



Test with 10 reps

SUMMARY OF ANALYSIS

Number of groups                                                 1
Number of observations                                         250

Number of dependent variables                                   10
Number of independent variables                                  2
Number of continuous latent variables                            1

Observed dependent variables

  Continuous
   Y1          Y2          Y3          Y4          Y5          Y6
   Y7          Y8          Y9          Y10

Observed independent variables
   X1          X2

Continuous latent variables
   F


Estimator                                                       ML
Information matrix                                        OBSERVED
Maximum number of iterations                                  1000
Convergence criterion                                    0.500D-04
Maximum number of steepest descent iterations                   20

Input data file(s)
  G1_B2_N1_rep184.csv

Input data format  FREE



UNIVARIATE SAMPLE STATISTICS


     UNIVARIATE HIGHER-ORDER MOMENT DESCRIPTIVE STATISTICS

         Variable/         Mean/     Skewness/   Minimum/ % with                Percentiles
        Sample Size      Variance    Kurtosis    Maximum  Min/Max      20%/60%    40%/80%    Median

     Y1                    1.820       0.704       1.000   31.20%       1.000      2.000      2.000
             250.000       0.452       1.575       5.000    0.40%       2.000      2.000
     Y2                    1.844       0.922       1.000   33.60%       1.000      2.000      2.000
             250.000       0.580       1.300       5.000    0.40%       2.000      2.000
     Y3                    3.132       0.113       1.000    0.80%       3.000      3.000      3.000
             250.000       0.523       0.275       5.000    2.80%       3.000      4.000
     Y4                    3.096      -0.032       1.000    0.40%       3.000      3.000      3.000
             250.000       0.447      -0.100       5.000    0.80%       3.000      4.000
     Y5                    3.112      -0.094       1.000    1.20%       3.000      3.000      3.000
             250.000       0.499       0.308       5.000    1.60%       3.000      4.000
     Y6                    1.184       2.615       1.000   83.20%       1.000      1.000      1.000
             250.000       0.190       8.303       4.000    0.40%       1.000      1.000
     Y7                    1.140       3.146       1.000   86.80%       1.000      1.000      1.000
             250.000       0.144      13.209       4.000    0.40%       1.000      1.000
     Y8                    1.120       2.339       1.000   88.00%       1.000      1.000      1.000
             250.000       0.106       3.470       2.000   12.00%       1.000      1.000
     Y9                    1.760       0.568       1.000   36.80%       1.000      2.000      2.000
             250.000       0.462       0.145       4.000    1.20%       2.000      2.000
     Y10                   1.796       0.893       1.000   35.60%       1.000      2.000      2.000
             250.000       0.530       1.434       5.000    0.40%       2.000      2.000
     X1                   -0.058       0.007      -2.916    0.40%      -0.835     -0.214     -0.026
             250.000       0.825      -0.056       2.904    0.40%       0.160      0.631
     X2                    0.480       0.080       0.000   52.00%       0.000      0.000      0.000
             250.000       0.250      -1.994       1.000   48.00%       1.000      1.000


THE MODEL ESTIMATION TERMINATED NORMALLY

     THE STANDARD ERRORS OF THE MODEL PARAMETER ESTIMATES MAY NOT BE
     TRUSTWORTHY FOR SOME PARAMETERS DUE TO A NON-POSITIVE DEFINITE
     FIRST-ORDER DERIVATIVE PRODUCT MATRIX.  THIS MAY BE DUE TO THE STARTING
     VALUES BUT MAY ALSO BE AN INDICATION OF MODEL NONIDENTIFICATION.  THE
     CONDITION NUMBER IS       0.452D-13.  PROBLEM INVOLVING THE FOLLOWING PARAMETER:
     Parameter 35, L2_2

     THIS IS MOST LIKELY DUE TO VARIABLE Y8 BEING DICHOTOMOUS BUT
     DECLARED AS CONTINUOUS.




MODEL FIT INFORMATION

Number of Free Parameters                       34

Loglikelihood

          H0 Value                       -1845.091

Information Criteria

          Akaike (AIC)                    3758.182
          Bayesian (BIC)                  3877.912
          Sample-Size Adjusted BIC        3770.129
            (n* = (n + 2) / 24)



MODEL RESULTS

                                                    Two-Tailed
                    Estimate       S.E.  Est./S.E.    P-Value

 F        BY
    Y1                 0.467      0.040     11.812      0.000
    Y2               999.000      0.000    999.000    999.000
    Y3                 0.460      0.044     10.546      0.000
    Y4                 0.374      0.042      8.997      0.000
    Y5                 0.437      0.043     10.148      0.000
    Y6                 0.288      0.026     11.043      0.000
    Y7                 0.195      0.024      8.126      0.000
    Y8                 0.166      0.021      8.093      0.000
    Y9                 0.378      0.042      8.923      0.000
    Y10                0.518      0.043     12.197      0.000

 Y2       ON
    X1                -0.012      0.044     -0.273      0.785
    X2                 0.118      0.079      1.498      0.134

 Means
    F                  0.000      0.000    999.000    999.000

 Intercepts
    Y1                 1.820      0.043     42.822      0.000
    Y2                 1.772      0.059     29.942      0.000
    Y3                 3.132      0.046     68.504      0.000
    Y4                 3.096      0.042     73.236      0.000
    Y5                 3.112      0.045     69.624      0.000
    Y6                 1.184      0.028     42.932      0.000
    Y7                 1.140      0.024     47.434      0.000
    Y8                 1.120      0.021     54.495      0.000
    Y9                 1.760      0.043     40.924      0.000
    Y10                1.796      0.046     38.992      0.000

 Variances
    F                  1.000      0.000    999.000    999.000

 Residual Variances
    Y1                 0.234      0.025      9.518      0.000
    Y2                 0.324      0.033      9.801      0.000
    Y3                 0.311      0.031      9.946      0.000
    Y4                 0.307      0.030     10.357      0.000
    Y5                 0.309      0.031     10.063      0.000
    Y6                 0.107      0.011      9.753      0.000
    Y7                 0.106      0.010     10.539      0.000
    Y8                 0.078      0.007     10.550      0.000
    Y9                 0.320      0.031     10.378      0.000
    Y10                0.262      0.028      9.326      0.000

New/Additional Parameters
    L2_0               0.409      0.065      6.331      0.000
    L2_1               0.000      0.047      0.010      0.992
    L2_2               0.145      0.086      1.674      0.094


QUALITY OF NUMERICAL RESULTS

     Condition Number for the Information Matrix              0.535E-04
       (ratio of smallest to largest eigenvalue)


TECHNICAL 1 OUTPUT


     PARAMETER SPECIFICATION


           NU
              Y1            Y2            Y3            Y4            Y5
              ________      ________      ________      ________      ________
                  1             0             2             3             4


           NU
              Y6            Y7            Y8            Y9            Y10
              ________      ________      ________      ________      ________
                  5             6             7             8             9


           NU
              X1            X2
              ________      ________
                  0             0


           LAMBDA
              F             Y2            X1            X2
              ________      ________      ________      ________
 Y1                10             0             0             0
 Y2                 0             0             0             0
 Y3                11             0             0             0
 Y4                12             0             0             0
 Y5                13             0             0             0
 Y6                14             0             0             0
 Y7                15             0             0             0
 Y8                16             0             0             0
 Y9                17             0             0             0
 Y10               18             0             0             0
 X1                 0             0             0             0
 X2                 0             0             0             0


           THETA
              Y1            Y2            Y3            Y4            Y5
              ________      ________      ________      ________      ________
 Y1                19
 Y2                 0             0
 Y3                 0             0            20
 Y4                 0             0             0            21
 Y5                 0             0             0             0            22
 Y6                 0             0             0             0             0
 Y7                 0             0             0             0             0
 Y8                 0             0             0             0             0
 Y9                 0             0             0             0             0
 Y10                0             0             0             0             0
 X1                 0             0             0             0             0
 X2                 0             0             0             0             0


           THETA
              Y6            Y7            Y8            Y9            Y10
              ________      ________      ________      ________      ________
 Y6                23
 Y7                 0            24
 Y8                 0             0            25
 Y9                 0             0             0            26
 Y10                0             0             0             0            27
 X1                 0             0             0             0             0
 X2                 0             0             0             0             0


           THETA
              X1            X2
              ________      ________
 X1                 0
 X2                 0             0


           ALPHA
              F             Y2            X1            X2
              ________      ________      ________      ________
                  0            28             0             0


           BETA
              F             Y2            X1            X2
              ________      ________      ________      ________
 F                  0             0             0             0
 Y2                29             0            30            31
 X1                 0             0             0             0
 X2                 0             0             0             0


           PSI
              F             Y2            X1            X2
              ________      ________      ________      ________
 F                  0
 Y2                 0            32
 X1                 0             0             0
 X2                 0             0             0             0


     PARAMETER SPECIFICATION FOR THE ADDITIONAL PARAMETERS


           New/Additional Parameters
              L2_0          L2_1          L2_2
              ________      ________      ________
                   33            34            35


     STARTING VALUES


           NU
              Y1            Y2            Y3            Y4            Y5
              ________      ________      ________      ________      ________
                1.820         0.000         3.132         3.096         3.112


           NU
              Y6            Y7            Y8            Y9            Y10
              ________      ________      ________      ________      ________
                1.184         1.140         1.120         1.760         1.796


           NU
              X1            X2
              ________      ________
                0.000         0.000


           LAMBDA
              F             Y2            X1            X2
              ________      ________      ________      ________
 Y1             1.000         0.000         0.000         0.000
 Y2             0.000         1.000         0.000         0.000
 Y3             1.000         0.000         0.000         0.000
 Y4             1.000         0.000         0.000         0.000
 Y5             1.000         0.000         0.000         0.000
 Y6             1.000         0.000         0.000         0.000
 Y7             1.000         0.000         0.000         0.000
 Y8             1.000         0.000         0.000         0.000
 Y9             1.000         0.000         0.000         0.000
 Y10            1.000         0.000         0.000         0.000
 X1             0.000         0.000         1.000         0.000
 X2             0.000         0.000         0.000         1.000


           THETA
              Y1            Y2            Y3            Y4            Y5
              ________      ________      ________      ________      ________
 Y1             0.226
 Y2             0.000         0.000
 Y3             0.000         0.000         0.261
 Y4             0.000         0.000         0.000         0.223
 Y5             0.000         0.000         0.000         0.000         0.250
 Y6             0.000         0.000         0.000         0.000         0.000
 Y7             0.000         0.000         0.000         0.000         0.000
 Y8             0.000         0.000         0.000         0.000         0.000
 Y9             0.000         0.000         0.000         0.000         0.000
 Y10            0.000         0.000         0.000         0.000         0.000
 X1             0.000         0.000         0.000         0.000         0.000
 X2             0.000         0.000         0.000         0.000         0.000


           THETA
              Y6            Y7            Y8            Y9            Y10
              ________      ________      ________      ________      ________
 Y6             0.095
 Y7             0.000         0.072
 Y8             0.000         0.000         0.053
 Y9             0.000         0.000         0.000         0.231
 Y10            0.000         0.000         0.000         0.000         0.265
 X1             0.000         0.000         0.000         0.000         0.000
 X2             0.000         0.000         0.000         0.000         0.000


           THETA
              X1            X2
              ________      ________
 X1             0.000
 X2             0.000         0.000


           ALPHA
              F             Y2            X1            X2
              ________      ________      ________      ________
                0.000         1.844        -0.058         0.480


           BETA
              F             Y2            X1            X2
              ________      ________      ________      ________
 F              0.000         0.000         0.000         0.000
 Y2             1.000         0.000         0.000         0.000
 X1             0.000         0.000         0.000         0.000
 X2             0.000         0.000         0.000         0.000


           PSI
              F             Y2            X1            X2
              ________      ________      ________      ________
 F              1.000
 Y2             0.000         0.290
 X1             0.000         0.000         0.825
 X2             0.000         0.000         0.034         0.250


     STARTING VALUES FOR THE ADDITIONAL PARAMETERS


           New/Additional Parameters
              L2_0          L2_1          L2_2
              ________      ________      ________
                0.500         0.500         0.500


     Beginning Time:  18:59:02
        Ending Time:  18:59:03
       Elapsed Time:  00:00:01



MUTHEN & MUTHEN
3463 Stoner Ave.
Los Angeles, CA  90066

Tel: (310) 391-9971
Fax: (310) 391-8971
Web: www.StatModel.com
Support: Support@StatModel.com

Copyright (c) 1998-2019 Muthen & Muthen
