Mplus VERSION 8.3
MUTHEN & MUTHEN
04/23/2024   6:58 PM

INPUT INSTRUCTIONS


  TITLE: Test with 10 reps

  DATA:
  File is
  G1_B2_N1_rep183.csv;

  VARIABLE:
      Names are x1 x2 eta
  	y1 y2 y3 y4 y5 y6 y7 y8 y9 y10;
      Usevariables are y1-y10 x1 x2;
      constraint = x1 x2;

  MODEL:
      f BY y1* (l1);
      f BY y2* (l2);
      f BY y3* (l3);
      f BY y4* (l4);
      f BY y5* (l5);
      f BY y6* (l6);
      f BY y7* (l7);
      f BY y8* (l8);
      f BY y9* (l9);
      f BY y10* (l10);

  y1 ON x1 x2;
  f@1;
  [f@0];

  MODEL CONSTRAINT:
      new (l1_0 l1_1 l1_2);
      l1 = l1_0 + l1_1*x1 + l1_2*x2;




INPUT READING TERMINATED NORMALLY



Test with 10 reps

SUMMARY OF ANALYSIS

Number of groups                                                 1
Number of observations                                         250

Number of dependent variables                                   10
Number of independent variables                                  2
Number of continuous latent variables                            1

Observed dependent variables

  Continuous
   Y1          Y2          Y3          Y4          Y5          Y6
   Y7          Y8          Y9          Y10

Observed independent variables
   X1          X2

Continuous latent variables
   F


Estimator                                                       ML
Information matrix                                        OBSERVED
Maximum number of iterations                                  1000
Convergence criterion                                    0.500D-04
Maximum number of steepest descent iterations                   20

Input data file(s)
  G1_B2_N1_rep183.csv

Input data format  FREE



UNIVARIATE SAMPLE STATISTICS


     UNIVARIATE HIGHER-ORDER MOMENT DESCRIPTIVE STATISTICS

         Variable/         Mean/     Skewness/   Minimum/ % with                Percentiles
        Sample Size      Variance    Kurtosis    Maximum  Min/Max      20%/60%    40%/80%    Median

     Y1                    1.836       0.823       1.000   32.80%       1.000      2.000      2.000
             250.000       0.529       1.307       5.000    0.40%       2.000      2.000
     Y2                    1.896       0.352       1.000   30.00%       1.000      2.000      2.000
             250.000       0.509      -0.361       4.000    1.20%       2.000      2.000
     Y3                    3.116      -0.007       1.000    1.20%       2.000      3.000      3.000
             250.000       0.615      -0.194       5.000    2.80%       3.000      4.000
     Y4                    3.124      -0.146       1.000    0.80%       3.000      3.000      3.000
             250.000       0.445       0.198       5.000    0.80%       3.000      4.000
     Y5                    3.144      -0.297       1.000    2.00%       3.000      3.000      3.000
             250.000       0.555       0.273       5.000    1.60%       3.000      4.000
     Y6                    1.172       2.848       1.000   84.80%       1.000      1.000      1.000
             250.000       0.190       9.535       4.000    0.40%       1.000      1.000
     Y7                    1.112       2.461       1.000   88.80%       1.000      1.000      1.000
             250.000       0.099       4.055       2.000   11.20%       1.000      1.000
     Y8                    1.120       3.698       1.000   89.20%       1.000      1.000      1.000
             250.000       0.138      17.350       4.000    0.40%       1.000      1.000
     Y9                    1.888       0.800       1.000   30.80%       1.000      2.000      2.000
             250.000       0.571       1.041       5.000    0.40%       2.000      2.000
     Y10                   1.872       0.958       1.000   30.80%       1.000      2.000      2.000
             250.000       0.560       1.924       5.000    0.80%       2.000      2.000
     X1                   -0.041       0.217      -2.498    0.40%      -0.808     -0.297     -0.032
             250.000       1.009       0.095       3.130    0.40%       0.169      0.744
     X2                    0.460       0.161       0.000   54.00%       0.000      0.000      0.000
             250.000       0.248      -1.974       1.000   46.00%       1.000      1.000


THE MODEL ESTIMATION TERMINATED NORMALLY

     THE STANDARD ERRORS OF THE MODEL PARAMETER ESTIMATES MAY NOT BE
     TRUSTWORTHY FOR SOME PARAMETERS DUE TO A NON-POSITIVE DEFINITE
     FIRST-ORDER DERIVATIVE PRODUCT MATRIX.  THIS MAY BE DUE TO THE STARTING
     VALUES BUT MAY ALSO BE AN INDICATION OF MODEL NONIDENTIFICATION.  THE
     CONDITION NUMBER IS       0.895D-16.  PROBLEM INVOLVING THE FOLLOWING PARAMETER:
     Parameter 35, L1_2

     THIS IS MOST LIKELY DUE TO VARIABLE Y7 BEING DICHOTOMOUS BUT
     DECLARED AS CONTINUOUS.




MODEL FIT INFORMATION

Number of Free Parameters                       34

Loglikelihood

          H0 Value                       -1953.927

Information Criteria

          Akaike (AIC)                    3975.854
          Bayesian (BIC)                  4095.583
          Sample-Size Adjusted BIC        3987.800
            (n* = (n + 2) / 24)



MODEL RESULTS

                                                    Two-Tailed
                    Estimate       S.E.  Est./S.E.    P-Value

 F        BY
    Y1               999.000      0.000    999.000    999.000
    Y2                 0.454      0.044     10.399      0.000
    Y3                 0.507      0.048     10.615      0.000
    Y4                 0.348      0.043      8.180      0.000
    Y5                 0.483      0.045     10.650      0.000
    Y6                 0.241      0.028      8.686      0.000
    Y7                 0.150      0.020      7.321      0.000
    Y8                 0.211      0.024      8.932      0.000
    Y9                 0.460      0.047      9.832      0.000
    Y10                0.469      0.046     10.194      0.000

 Y1       ON
    X1                 0.002      0.040      0.039      0.969
    X2                 0.058      0.080      0.723      0.470

 Means
    F                  0.000      0.000    999.000    999.000

 Intercepts
    Y1                 1.818      0.061     29.772      0.000
    Y2                 1.896      0.045     42.012      0.000
    Y3                 3.116      0.050     62.848      0.000
    Y4                 3.124      0.042     74.077      0.000
    Y5                 3.144      0.047     66.712      0.000
    Y6                 1.172      0.028     42.466      0.000
    Y7                 1.112      0.020     55.752      0.000
    Y8                 1.120      0.023     47.740      0.000
    Y9                 1.888      0.048     39.489      0.000
    Y10                1.872      0.047     39.567      0.000

 Variances
    F                  1.000      0.000    999.000    999.000

 Residual Variances
    Y1                 0.344      0.034     10.070      0.000
    Y2                 0.303      0.031      9.723      0.000
    Y3                 0.358      0.037      9.671      0.000
    Y4                 0.323      0.031     10.374      0.000
    Y5                 0.322      0.033      9.655      0.000
    Y6                 0.132      0.013     10.151      0.000
    Y7                 0.077      0.007     10.538      0.000
    Y8                 0.093      0.009     10.045      0.000
    Y9                 0.360      0.036      9.927      0.000
    Y10                0.340      0.035      9.798      0.000

New/Additional Parameters
    L1_0               0.464      0.066      7.026      0.000
    L1_1               0.002      0.041      0.046      0.963
    L1_2              -0.085      0.087     -0.969      0.333


QUALITY OF NUMERICAL RESULTS

     Condition Number for the Information Matrix              0.518E-04
       (ratio of smallest to largest eigenvalue)


TECHNICAL 1 OUTPUT


     PARAMETER SPECIFICATION


           NU
              Y1            Y2            Y3            Y4            Y5
              ________      ________      ________      ________      ________
                  0             1             2             3             4


           NU
              Y6            Y7            Y8            Y9            Y10
              ________      ________      ________      ________      ________
                  5             6             7             8             9


           NU
              X1            X2
              ________      ________
                  0             0


           LAMBDA
              F             Y1            X1            X2
              ________      ________      ________      ________
 Y1                 0             0             0             0
 Y2                10             0             0             0
 Y3                11             0             0             0
 Y4                12             0             0             0
 Y5                13             0             0             0
 Y6                14             0             0             0
 Y7                15             0             0             0
 Y8                16             0             0             0
 Y9                17             0             0             0
 Y10               18             0             0             0
 X1                 0             0             0             0
 X2                 0             0             0             0


           THETA
              Y1            Y2            Y3            Y4            Y5
              ________      ________      ________      ________      ________
 Y1                 0
 Y2                 0            19
 Y3                 0             0            20
 Y4                 0             0             0            21
 Y5                 0             0             0             0            22
 Y6                 0             0             0             0             0
 Y7                 0             0             0             0             0
 Y8                 0             0             0             0             0
 Y9                 0             0             0             0             0
 Y10                0             0             0             0             0
 X1                 0             0             0             0             0
 X2                 0             0             0             0             0


           THETA
              Y6            Y7            Y8            Y9            Y10
              ________      ________      ________      ________      ________
 Y6                23
 Y7                 0            24
 Y8                 0             0            25
 Y9                 0             0             0            26
 Y10                0             0             0             0            27
 X1                 0             0             0             0             0
 X2                 0             0             0             0             0


           THETA
              X1            X2
              ________      ________
 X1                 0
 X2                 0             0


           ALPHA
              F             Y1            X1            X2
              ________      ________      ________      ________
                  0            28             0             0


           BETA
              F             Y1            X1            X2
              ________      ________      ________      ________
 F                  0             0             0             0
 Y1                29             0            30            31
 X1                 0             0             0             0
 X2                 0             0             0             0


           PSI
              F             Y1            X1            X2
              ________      ________      ________      ________
 F                  0
 Y1                 0            32
 X1                 0             0             0
 X2                 0             0             0             0


     PARAMETER SPECIFICATION FOR THE ADDITIONAL PARAMETERS


           New/Additional Parameters
              L1_0          L1_1          L1_2
              ________      ________      ________
                   33            34            35


     STARTING VALUES


           NU
              Y1            Y2            Y3            Y4            Y5
              ________      ________      ________      ________      ________
                0.000         1.896         3.116         3.124         3.144


           NU
              Y6            Y7            Y8            Y9            Y10
              ________      ________      ________      ________      ________
                1.172         1.112         1.120         1.888         1.872


           NU
              X1            X2
              ________      ________
                0.000         0.000


           LAMBDA
              F             Y1            X1            X2
              ________      ________      ________      ________
 Y1             0.000         1.000         0.000         0.000
 Y2             1.000         0.000         0.000         0.000
 Y3             1.000         0.000         0.000         0.000
 Y4             1.000         0.000         0.000         0.000
 Y5             1.000         0.000         0.000         0.000
 Y6             1.000         0.000         0.000         0.000
 Y7             1.000         0.000         0.000         0.000
 Y8             1.000         0.000         0.000         0.000
 Y9             1.000         0.000         0.000         0.000
 Y10            1.000         0.000         0.000         0.000
 X1             0.000         0.000         1.000         0.000
 X2             0.000         0.000         0.000         1.000


           THETA
              Y1            Y2            Y3            Y4            Y5
              ________      ________      ________      ________      ________
 Y1             0.000
 Y2             0.000         0.255
 Y3             0.000         0.000         0.307
 Y4             0.000         0.000         0.000         0.222
 Y5             0.000         0.000         0.000         0.000         0.278
 Y6             0.000         0.000         0.000         0.000         0.000
 Y7             0.000         0.000         0.000         0.000         0.000
 Y8             0.000         0.000         0.000         0.000         0.000
 Y9             0.000         0.000         0.000         0.000         0.000
 Y10            0.000         0.000         0.000         0.000         0.000
 X1             0.000         0.000         0.000         0.000         0.000
 X2             0.000         0.000         0.000         0.000         0.000


           THETA
              Y6            Y7            Y8            Y9            Y10
              ________      ________      ________      ________      ________
 Y6             0.095
 Y7             0.000         0.050
 Y8             0.000         0.000         0.069
 Y9             0.000         0.000         0.000         0.286
 Y10            0.000         0.000         0.000         0.000         0.280
 X1             0.000         0.000         0.000         0.000         0.000
 X2             0.000         0.000         0.000         0.000         0.000


           THETA
              X1            X2
              ________      ________
 X1             0.000
 X2             0.000         0.000


           ALPHA
              F             Y1            X1            X2
              ________      ________      ________      ________
                0.000         1.836        -0.041         0.460


           BETA
              F             Y1            X1            X2
              ________      ________      ________      ________
 F              0.000         0.000         0.000         0.000
 Y1             1.000         0.000         0.000         0.000
 X1             0.000         0.000         0.000         0.000
 X2             0.000         0.000         0.000         0.000


           PSI
              F             Y1            X1            X2
              ________      ________      ________      ________
 F              1.000
 Y1             0.000         0.265
 X1             0.000         0.000         1.009
 X2             0.000         0.000         0.019         0.248


     STARTING VALUES FOR THE ADDITIONAL PARAMETERS


           New/Additional Parameters
              L1_0          L1_1          L1_2
              ________      ________      ________
                0.500         0.500         0.500


     Beginning Time:  18:58:46
        Ending Time:  18:58:47
       Elapsed Time:  00:00:01



MUTHEN & MUTHEN
3463 Stoner Ave.
Los Angeles, CA  90066

Tel: (310) 391-9971
Fax: (310) 391-8971
Web: www.StatModel.com
Support: Support@StatModel.com

Copyright (c) 1998-2019 Muthen & Muthen
