Mplus VERSION 8.3
MUTHEN & MUTHEN
04/23/2024   6:46 PM

INPUT INSTRUCTIONS


  TITLE: Test with 10 reps

  DATA:
  File is
  G1_B2_N1_rep135.csv;

  VARIABLE:
      Names are x1 x2 eta
  	y1 y2 y3 y4 y5 y6 y7 y8 y9 y10;
      Usevariables are y1-y10 x1 x2;
      constraint = x1 x2;

  MODEL:
      f BY y1* (l1);
      f BY y2* (l2);
      f BY y3* (l3);
      f BY y4* (l4);
      f BY y5* (l5);
      f BY y6* (l6);
      f BY y7* (l7);
      f BY y8* (l8);
      f BY y9* (l9);
      f BY y10* (l10);

  y1 ON x1 x2;
  f@1;
  [f@0];

  MODEL CONSTRAINT:
      new (l1_0 l1_1 l1_2);
      l1 = l1_0 + l1_1*x1 + l1_2*x2;




INPUT READING TERMINATED NORMALLY



Test with 10 reps

SUMMARY OF ANALYSIS

Number of groups                                                 1
Number of observations                                         250

Number of dependent variables                                   10
Number of independent variables                                  2
Number of continuous latent variables                            1

Observed dependent variables

  Continuous
   Y1          Y2          Y3          Y4          Y5          Y6
   Y7          Y8          Y9          Y10

Observed independent variables
   X1          X2

Continuous latent variables
   F


Estimator                                                       ML
Information matrix                                        OBSERVED
Maximum number of iterations                                  1000
Convergence criterion                                    0.500D-04
Maximum number of steepest descent iterations                   20

Input data file(s)
  G1_B2_N1_rep135.csv

Input data format  FREE



UNIVARIATE SAMPLE STATISTICS


     UNIVARIATE HIGHER-ORDER MOMENT DESCRIPTIVE STATISTICS

         Variable/         Mean/     Skewness/   Minimum/ % with                Percentiles
        Sample Size      Variance    Kurtosis    Maximum  Min/Max      20%/60%    40%/80%    Median

     Y1                    1.864       0.849       1.000   32.00%       1.000      2.000      2.000
             250.000       0.566       1.195       5.000    0.40%       2.000      2.000
     Y2                    1.860       0.892       1.000   35.60%       1.000      2.000      2.000
             250.000       0.656       0.788       5.000    0.40%       2.000      2.000
     Y3                    3.188       0.013       1.000    0.40%       3.000      3.000      3.000
             250.000       0.609      -0.460       5.000    3.20%       3.000      4.000
     Y4                    3.128       0.002       1.000    1.20%       3.000      3.000      3.000
             250.000       0.576       0.062       5.000    2.80%       3.000      4.000
     Y5                    3.100      -0.072       1.000    1.60%       2.000      3.000      3.000
             250.000       0.602      -0.050       5.000    2.40%       3.000      4.000
     Y6                    1.192       2.879       1.000   82.80%       1.000      1.000      1.000
             250.000       0.211      10.671       4.000    0.80%       1.000      1.000
     Y7                    1.180       2.497       1.000   82.80%       1.000      1.000      1.000
             250.000       0.172       8.200       4.000    0.40%       1.000      1.000
     Y8                    1.168       2.426       1.000   84.80%       1.000      1.000      1.000
             250.000       0.172       5.339       3.000    1.60%       1.000      1.000
     Y9                    1.864       0.694       1.000   32.00%       1.000      2.000      2.000
             250.000       0.550       0.459       4.000    3.20%       2.000      2.000
     Y10                   1.832       0.650       1.000   33.20%       1.000      2.000      2.000
             250.000       0.516       0.404       4.000    2.40%       2.000      2.000
     X1                   -0.050      -0.052      -3.669    0.40%      -0.833     -0.306      0.006
             250.000       1.018       0.546       3.027    0.40%       0.193      0.719
     X2                    0.516      -0.064       0.000   48.40%       0.000      0.000      1.000
             250.000       0.250      -1.996       1.000   51.60%       1.000      1.000


THE MODEL ESTIMATION TERMINATED NORMALLY



MODEL FIT INFORMATION

Number of Free Parameters                       34

Loglikelihood

          H0 Value                       -2092.528

Information Criteria

          Akaike (AIC)                    4253.056
          Bayesian (BIC)                  4372.785
          Sample-Size Adjusted BIC        4265.002
            (n* = (n + 2) / 24)



MODEL RESULTS

                                                    Two-Tailed
                    Estimate       S.E.  Est./S.E.    P-Value

 F        BY
    Y1               999.000      0.000    999.000    999.000
    Y2                 0.586      0.047     12.423      0.000
    Y3                 0.458      0.048      9.502      0.000
    Y4                 0.483      0.046     10.487      0.000
    Y5                 0.512      0.047     10.997      0.000
    Y6                 0.236      0.029      8.105      0.000
    Y7                 0.189      0.027      7.077      0.000
    Y8                 0.238      0.026      9.211      0.000
    Y9                 0.422      0.046      9.153      0.000
    Y10                0.463      0.043     10.697      0.000

 Y1       ON
    X1                 0.023      0.038      0.610      0.542
    X2                 0.033      0.077      0.428      0.669

 Means
    F                  0.000      0.000    999.000    999.000

 Intercepts
    Y1                 1.837      0.063     29.159      0.000
    Y2                 1.860      0.051     36.300      0.000
    Y3                 3.188      0.049     64.611      0.000
    Y4                 3.128      0.048     65.189      0.000
    Y5                 3.100      0.049     63.174      0.000
    Y6                 1.192      0.029     41.017      0.000
    Y7                 1.180      0.026     45.040      0.000
    Y8                 1.168      0.026     44.559      0.000
    Y9                 1.864      0.047     39.759      0.000
    Y10                1.832      0.045     40.334      0.000

 Variances
    F                  1.000      0.000    999.000    999.000

 Residual Variances
    Y1                 0.313      0.032      9.762      0.000
    Y2                 0.314      0.034      9.154      0.000
    Y3                 0.399      0.039     10.184      0.000
    Y4                 0.343      0.035      9.890      0.000
    Y5                 0.340      0.035      9.726      0.000
    Y6                 0.155      0.015     10.491      0.000
    Y7                 0.136      0.013     10.672      0.000
    Y8                 0.115      0.011     10.235      0.000
    Y9                 0.371      0.036     10.271      0.000
    Y10                0.301      0.031      9.859      0.000

New/Additional Parameters
    L1_0               0.489      0.067      7.256      0.000
    L1_1               0.062      0.034      1.822      0.068
    L1_2              -0.017      0.085     -0.205      0.838


QUALITY OF NUMERICAL RESULTS

     Condition Number for the Information Matrix              0.122E-03
       (ratio of smallest to largest eigenvalue)


     Beginning Time:  18:46:27
        Ending Time:  18:46:28
       Elapsed Time:  00:00:01



MUTHEN & MUTHEN
3463 Stoner Ave.
Los Angeles, CA  90066

Tel: (310) 391-9971
Fax: (310) 391-8971
Web: www.StatModel.com
Support: Support@StatModel.com

Copyright (c) 1998-2019 Muthen & Muthen
