Mplus VERSION 8.3
MUTHEN & MUTHEN
04/23/2024   6:50 PM

INPUT INSTRUCTIONS


  TITLE: Test with 10 reps

  DATA:
  File is
  G1_B2_N1_rep151.csv;

  VARIABLE:
      Names are x1 x2 eta
  	y1 y2 y3 y4 y5 y6 y7 y8 y9 y10;
      Usevariables are y1-y10 x1 x2;
      constraint = x1 x2;

  MODEL:
      f BY y1* (l1);
      f BY y2* (l2);
      f BY y3* (l3);
      f BY y4* (l4);
      f BY y5* (l5);
      f BY y6* (l6);
      f BY y7* (l7);
      f BY y8* (l8);
      f BY y9* (l9);
      f BY y10* (l10);

  y6 ON x1 x2;
  f@1;
  [f@0];

  MODEL CONSTRAINT:
      new (l6_0 l6_1 l6_2);
      l6 = l6_0 + l6_1*x1 + l6_2*x2;




INPUT READING TERMINATED NORMALLY



Test with 10 reps

SUMMARY OF ANALYSIS

Number of groups                                                 1
Number of observations                                         250

Number of dependent variables                                   10
Number of independent variables                                  2
Number of continuous latent variables                            1

Observed dependent variables

  Continuous
   Y1          Y2          Y3          Y4          Y5          Y6
   Y7          Y8          Y9          Y10

Observed independent variables
   X1          X2

Continuous latent variables
   F


Estimator                                                       ML
Information matrix                                        OBSERVED
Maximum number of iterations                                  1000
Convergence criterion                                    0.500D-04
Maximum number of steepest descent iterations                   20

Input data file(s)
  G1_B2_N1_rep151.csv

Input data format  FREE



UNIVARIATE SAMPLE STATISTICS


     UNIVARIATE HIGHER-ORDER MOMENT DESCRIPTIVE STATISTICS

         Variable/         Mean/     Skewness/   Minimum/ % with                Percentiles
        Sample Size      Variance    Kurtosis    Maximum  Min/Max      20%/60%    40%/80%    Median

     Y1                    1.832       0.561       1.000   37.20%       1.000      2.000      2.000
             250.000       0.588      -0.321       4.000    2.00%       2.000      2.000
     Y2                    1.836       0.929       1.000   37.60%       1.000      2.000      2.000
             250.000       0.665       0.803       5.000    0.40%       2.000      2.000
     Y3                    3.132      -0.077       1.000    0.80%       3.000      3.000      3.000
             250.000       0.523      -0.113       5.000    1.60%       3.000      4.000
     Y4                    3.156       0.133       1.000    0.40%       3.000      3.000      3.000
             250.000       0.564      -0.161       5.000    3.20%       3.000      4.000
     Y5                    3.128       0.131       1.000    0.40%       3.000      3.000      3.000
             250.000       0.560      -0.201       5.000    2.80%       3.000      4.000
     Y6                    1.160       2.258       1.000   84.80%       1.000      1.000      1.000
             250.000       0.150       4.248       3.000    0.80%       1.000      1.000
     Y7                    1.156       3.035       1.000   86.00%       1.000      1.000      1.000
             250.000       0.172      11.240       4.000    0.40%       1.000      1.000
     Y8                    1.188       3.443       1.000   83.20%       1.000      1.000      1.000
             250.000       0.217      18.298       5.000    0.40%       1.000      1.000
     Y9                    1.856       0.596       1.000   32.80%       1.000      2.000      2.000
             250.000       0.539       0.151       4.000    2.40%       2.000      2.000
     Y10                   1.816       0.915       1.000   34.40%       1.000      2.000      2.000
             250.000       0.534       1.883       5.000    0.80%       2.000      2.000
     X1                    0.107      -0.217      -2.509    0.40%      -0.660     -0.090      0.120
             250.000       0.833      -0.145       2.275    0.40%       0.399      0.884
     X2                    0.496       0.016       0.000   50.40%       0.000      0.000      0.000
             250.000       0.250      -2.000       1.000   49.60%       1.000      1.000


THE MODEL ESTIMATION TERMINATED NORMALLY



MODEL FIT INFORMATION

Number of Free Parameters                       34

Loglikelihood

          H0 Value                       -2039.840

Information Criteria

          Akaike (AIC)                    4147.681
          Bayesian (BIC)                  4267.410
          Sample-Size Adjusted BIC        4159.627
            (n* = (n + 2) / 24)



MODEL RESULTS

                                                    Two-Tailed
                    Estimate       S.E.  Est./S.E.    P-Value

 F        BY
    Y1                 0.504      0.046     10.976      0.000
    Y2                 0.575      0.048     12.033      0.000
    Y3                 0.468      0.043     10.758      0.000
    Y4                 0.527      0.044     11.980      0.000
    Y5                 0.450      0.046      9.829      0.000
    Y6               999.000      0.000    999.000    999.000
    Y7                 0.217      0.026      8.323      0.000
    Y8                 0.253      0.029      8.684      0.000
    Y9                 0.453      0.045     10.139      0.000
    Y10                0.462      0.044     10.440      0.000

 Y6       ON
    X1                 0.024      0.025      0.990      0.322
    X2                 0.015      0.044      0.348      0.728

 Means
    F                  0.000      0.000    999.000    999.000

 Intercepts
    Y1                 1.832      0.048     37.782      0.000
    Y2                 1.836      0.052     35.596      0.000
    Y3                 3.132      0.046     68.504      0.000
    Y4                 3.156      0.047     66.466      0.000
    Y5                 3.128      0.047     66.114      0.000
    Y6                 1.140      0.033     34.848      0.000
    Y7                 1.156      0.026     44.115      0.000
    Y8                 1.188      0.029     40.355      0.000
    Y9                 1.856      0.046     39.962      0.000
    Y10                1.816      0.046     39.288      0.000

 Variances
    F                  1.000      0.000    999.000    999.000

 Residual Variances
    Y1                 0.334      0.034      9.819      0.000
    Y2                 0.335      0.036      9.414      0.000
    Y3                 0.304      0.031      9.888      0.000
    Y4                 0.286      0.030      9.426      0.000
    Y5                 0.357      0.035     10.157      0.000
    Y6                 0.111      0.010     10.606      0.000
    Y7                 0.124      0.012     10.495      0.000
    Y8                 0.153      0.015     10.434      0.000
    Y9                 0.334      0.033     10.074      0.000
    Y10                0.321      0.032      9.994      0.000

New/Additional Parameters
    L6_0               0.156      0.038      4.148      0.000
    L6_1               0.041      0.024      1.740      0.082
    L6_2               0.032      0.047      0.684      0.494


QUALITY OF NUMERICAL RESULTS

     Condition Number for the Information Matrix              0.107E-03
       (ratio of smallest to largest eigenvalue)


     Beginning Time:  18:50:46
        Ending Time:  18:50:47
       Elapsed Time:  00:00:01



MUTHEN & MUTHEN
3463 Stoner Ave.
Los Angeles, CA  90066

Tel: (310) 391-9971
Fax: (310) 391-8971
Web: www.StatModel.com
Support: Support@StatModel.com

Copyright (c) 1998-2019 Muthen & Muthen
