Mplus VERSION 8.3
MUTHEN & MUTHEN
04/23/2024   6:45 PM

INPUT INSTRUCTIONS


  TITLE: Test with 10 reps

  DATA:
  File is
  G1_B2_N1_rep132.csv;

  VARIABLE:
      Names are x1 x2 eta
  	y1 y2 y3 y4 y5 y6 y7 y8 y9 y10;
      Usevariables are y1-y10 x1 x2;
      constraint = x1 x2;

  MODEL:
      f BY y1* (l1);
      f BY y2* (l2);
      f BY y3* (l3);
      f BY y4* (l4);
      f BY y5* (l5);
      f BY y6* (l6);
      f BY y7* (l7);
      f BY y8* (l8);
      f BY y9* (l9);
      f BY y10* (l10);

  y1 ON x1 x2;
  f@1;
  [f@0];

  MODEL CONSTRAINT:
      new (l1_0 l1_1 l1_2);
      l1 = l1_0 + l1_1*x1 + l1_2*x2;




INPUT READING TERMINATED NORMALLY



Test with 10 reps

SUMMARY OF ANALYSIS

Number of groups                                                 1
Number of observations                                         250

Number of dependent variables                                   10
Number of independent variables                                  2
Number of continuous latent variables                            1

Observed dependent variables

  Continuous
   Y1          Y2          Y3          Y4          Y5          Y6
   Y7          Y8          Y9          Y10

Observed independent variables
   X1          X2

Continuous latent variables
   F


Estimator                                                       ML
Information matrix                                        OBSERVED
Maximum number of iterations                                  1000
Convergence criterion                                    0.500D-04
Maximum number of steepest descent iterations                   20

Input data file(s)
  G1_B2_N1_rep132.csv

Input data format  FREE



UNIVARIATE SAMPLE STATISTICS


     UNIVARIATE HIGHER-ORDER MOMENT DESCRIPTIVE STATISTICS

         Variable/         Mean/     Skewness/   Minimum/ % with                Percentiles
        Sample Size      Variance    Kurtosis    Maximum  Min/Max      20%/60%    40%/80%    Median

     Y1                    1.764       0.560       1.000   36.40%       1.000      2.000      2.000
             250.000       0.460       0.154       4.000    1.20%       2.000      2.000
     Y2                    1.728       0.618       1.000   38.40%       1.000      2.000      2.000
             250.000       0.446       0.322       4.000    1.20%       2.000      2.000
     Y3                    3.100      -0.104       1.000    0.40%       3.000      3.000      3.000
             250.000       0.426      -0.146       5.000    0.40%       3.000      4.000
     Y4                    3.140      -0.082       1.000    0.80%       3.000      3.000      3.000
             250.000       0.512      -0.044       5.000    1.60%       3.000      4.000
     Y5                    3.100      -0.275       1.000    0.80%       3.000      3.000      3.000
             250.000       0.418       0.025       4.000   25.60%       3.000      4.000
     Y6                    1.168       2.842       1.000   84.80%       1.000      1.000      1.000
             250.000       0.180       9.846       4.000    0.40%       1.000      1.000
     Y7                    1.144       3.170       1.000   86.80%       1.000      1.000      1.000
             250.000       0.155      12.786       4.000    0.40%       1.000      1.000
     Y8                    1.124       2.812       1.000   88.40%       1.000      1.000      1.000
             250.000       0.125       7.488       3.000    0.80%       1.000      1.000
     Y9                    1.808       0.790       1.000   32.40%       1.000      2.000      2.000
             250.000       0.467       1.697       5.000    0.40%       2.000      2.000
     Y10                   1.852       0.759       1.000   30.80%       1.000      2.000      2.000
             250.000       0.502       1.353       5.000    0.40%       2.000      2.000
     X1                    0.026      -0.107      -2.797    0.40%      -0.895     -0.199      0.122
             250.000       1.103      -0.107       3.433    0.40%       0.302      0.969
     X2                    0.500       0.000       0.000   50.00%       0.000      0.000      0.500
             250.000       0.250      -2.000       1.000   50.00%       1.000      1.000


THE MODEL ESTIMATION TERMINATED NORMALLY



MODEL FIT INFORMATION

Number of Free Parameters                       34

Loglikelihood

          H0 Value                       -1865.898

Information Criteria

          Akaike (AIC)                    3799.796
          Bayesian (BIC)                  3919.525
          Sample-Size Adjusted BIC        3811.742
            (n* = (n + 2) / 24)



MODEL RESULTS

                                                    Two-Tailed
                    Estimate       S.E.  Est./S.E.    P-Value

 F        BY
    Y1               999.000      0.000    999.000    999.000
    Y2                 0.430      0.041     10.538      0.000
    Y3                 0.373      0.041      9.067      0.000
    Y4                 0.445      0.044     10.051      0.000
    Y5                 0.396      0.040      9.880      0.000
    Y6                 0.218      0.027      8.014      0.000
    Y7                 0.199      0.025      7.847      0.000
    Y8                 0.184      0.023      8.144      0.000
    Y9                 0.394      0.043      9.184      0.000
    Y10                0.470      0.043     10.915      0.000

 Y1       ON
    X1                 0.008      0.035      0.217      0.828
    X2                 0.100      0.074      1.356      0.175

 Means
    F                  0.000      0.000    999.000    999.000

 Intercepts
    Y1                 1.718      0.057     30.138      0.000
    Y2                 1.728      0.042     40.911      0.000
    Y3                 3.100      0.041     75.098      0.000
    Y4                 3.140      0.045     69.358      0.000
    Y5                 3.100      0.041     75.813      0.000
    Y6                 1.168      0.027     43.556      0.000
    Y7                 1.144      0.025     45.905      0.000
    Y8                 1.124      0.022     50.343      0.000
    Y9                 1.808      0.043     41.826      0.000
    Y10                1.852      0.045     41.325      0.000

 Variances
    F                  1.000      0.000    999.000    999.000

 Residual Variances
    Y1                 0.307      0.030     10.173      0.000
    Y2                 0.261      0.027      9.631      0.000
    Y3                 0.287      0.028     10.100      0.000
    Y4                 0.315      0.032      9.788      0.000
    Y5                 0.261      0.026      9.852      0.000
    Y6                 0.132      0.013     10.391      0.000
    Y7                 0.116      0.011     10.417      0.000
    Y8                 0.091      0.009     10.357      0.000
    Y9                 0.312      0.031     10.098      0.000
    Y10                0.282      0.030      9.473      0.000

New/Additional Parameters
    L1_0               0.391      0.061      6.367      0.000
    L1_1              -0.033      0.039     -0.842      0.400
    L1_2              -0.014      0.080     -0.179      0.858


QUALITY OF NUMERICAL RESULTS

     Condition Number for the Information Matrix              0.741E-04
       (ratio of smallest to largest eigenvalue)


     Beginning Time:  18:45:45
        Ending Time:  18:45:47
       Elapsed Time:  00:00:02



MUTHEN & MUTHEN
3463 Stoner Ave.
Los Angeles, CA  90066

Tel: (310) 391-9971
Fax: (310) 391-8971
Web: www.StatModel.com
Support: Support@StatModel.com

Copyright (c) 1998-2019 Muthen & Muthen
