Mplus VERSION 8.3
MUTHEN & MUTHEN
04/23/2024   6:40 PM

INPUT INSTRUCTIONS


  TITLE: Test with 10 reps

  DATA:
  File is
  G1_B2_N1_rep111.csv;

  VARIABLE:
      Names are x1 x2 eta
  	y1 y2 y3 y4 y5 y6 y7 y8 y9 y10;
      Usevariables are y1-y10 x1 x2;
      constraint = x1 x2;

  MODEL:
      f BY y1* (l1);
      f BY y2* (l2);
      f BY y3* (l3);
      f BY y4* (l4);
      f BY y5* (l5);
      f BY y6* (l6);
      f BY y7* (l7);
      f BY y8* (l8);
      f BY y9* (l9);
      f BY y10* (l10);

  y3 ON x1 x2;
  f@1;
  [f@0];

  MODEL CONSTRAINT:
      new (l3_0 l3_1 l3_2);
      l3 = l3_0 + l3_1*x1 + l3_2*x2;




INPUT READING TERMINATED NORMALLY



Test with 10 reps

SUMMARY OF ANALYSIS

Number of groups                                                 1
Number of observations                                         250

Number of dependent variables                                   10
Number of independent variables                                  2
Number of continuous latent variables                            1

Observed dependent variables

  Continuous
   Y1          Y2          Y3          Y4          Y5          Y6
   Y7          Y8          Y9          Y10

Observed independent variables
   X1          X2

Continuous latent variables
   F


Estimator                                                       ML
Information matrix                                        OBSERVED
Maximum number of iterations                                  1000
Convergence criterion                                    0.500D-04
Maximum number of steepest descent iterations                   20

Input data file(s)
  G1_B2_N1_rep111.csv

Input data format  FREE



UNIVARIATE SAMPLE STATISTICS


     UNIVARIATE HIGHER-ORDER MOMENT DESCRIPTIVE STATISTICS

         Variable/         Mean/     Skewness/   Minimum/ % with                Percentiles
        Sample Size      Variance    Kurtosis    Maximum  Min/Max      20%/60%    40%/80%    Median

     Y1                    1.848       0.620       1.000   32.40%       1.000      2.000      2.000
             250.000       0.521       0.320       4.000    2.40%       2.000      2.000
     Y2                    1.780       0.613       1.000   36.80%       1.000      2.000      2.000
             250.000       0.500       0.137       4.000    1.60%       2.000      2.000
     Y3                    3.132       0.113       2.000   18.40%       3.000      3.000      3.000
             250.000       0.523      -0.428       5.000    2.00%       3.000      4.000
     Y4                    3.112       0.098       1.000    1.20%       3.000      3.000      3.000
             250.000       0.563       0.285       5.000    3.20%       3.000      4.000
     Y5                    3.080      -0.061       1.000    0.80%       2.000      3.000      3.000
             250.000       0.530      -0.279       5.000    1.20%       3.000      4.000
     Y6                    1.136       2.124       1.000   86.40%       1.000      1.000      1.000
             250.000       0.118       2.510       2.000   13.60%       1.000      1.000
     Y7                    1.148       3.624       1.000   87.60%       1.000      1.000      1.000
             250.000       0.190      15.838       4.000    0.80%       1.000      1.000
     Y8                    1.172       2.254       1.000   84.00%       1.000      1.000      1.000
             250.000       0.166       4.377       3.000    1.20%       1.000      1.000
     Y9                    1.884       0.913       1.000   30.80%       1.000      2.000      2.000
             250.000       0.575       1.671       5.000    0.80%       2.000      2.000
     Y10                   1.852       0.421       1.000   33.60%       1.000      2.000      2.000
             250.000       0.526      -0.407       4.000    1.20%       2.000      2.000
     X1                   -0.106       0.177      -2.720    0.40%      -0.971     -0.430     -0.110
             250.000       1.045      -0.314       3.018    0.40%       0.144      0.779
     X2                    0.488       0.048       0.000   51.20%       0.000      0.000      0.000
             250.000       0.250      -1.998       1.000   48.80%       1.000      1.000


THE MODEL ESTIMATION TERMINATED NORMALLY

     THE STANDARD ERRORS OF THE MODEL PARAMETER ESTIMATES MAY NOT BE
     TRUSTWORTHY FOR SOME PARAMETERS DUE TO A NON-POSITIVE DEFINITE
     FIRST-ORDER DERIVATIVE PRODUCT MATRIX.  THIS MAY BE DUE TO THE STARTING
     VALUES BUT MAY ALSO BE AN INDICATION OF MODEL NONIDENTIFICATION.  THE
     CONDITION NUMBER IS       0.386D-14.  PROBLEM INVOLVING THE FOLLOWING PARAMETER:
     Parameter 35, L3_2

     THIS IS MOST LIKELY DUE TO VARIABLE Y6 BEING DICHOTOMOUS BUT
     DECLARED AS CONTINUOUS.




MODEL FIT INFORMATION

Number of Free Parameters                       34

Loglikelihood

          H0 Value                       -1934.278

Information Criteria

          Akaike (AIC)                    3936.556
          Bayesian (BIC)                  4056.285
          Sample-Size Adjusted BIC        3948.502
            (n* = (n + 2) / 24)



MODEL RESULTS

                                                    Two-Tailed
                    Estimate       S.E.  Est./S.E.    P-Value

 F        BY
    Y1                 0.492      0.043     11.546      0.000
    Y2                 0.506      0.041     12.325      0.000
    Y3               999.000      0.000    999.000    999.000
    Y4                 0.480      0.045     10.640      0.000
    Y5                 0.423      0.045      9.438      0.000
    Y6                 0.163      0.022      7.440      0.000
    Y7                 0.246      0.027      9.087      0.000
    Y8                 0.211      0.026      8.214      0.000
    Y9                 0.526      0.045     11.812      0.000
    Y10                0.424      0.045      9.512      0.000

 Y3       ON
    X1                 0.012      0.036      0.343      0.731
    X2                -0.102      0.074     -1.374      0.169

 Means
    F                  0.000      0.000    999.000    999.000

 Intercepts
    Y1                 1.848      0.046     40.485      0.000
    Y2                 1.780      0.045     39.818      0.000
    Y3                 3.208      0.064     50.169      0.000
    Y4                 3.112      0.047     65.551      0.000
    Y5                 3.080      0.046     66.919      0.000
    Y6                 1.136      0.022     52.399      0.000
    Y7                 1.148      0.028     41.632      0.000
    Y8                 1.172      0.026     45.426      0.000
    Y9                 1.884      0.048     39.300      0.000
    Y10                1.852      0.046     40.372      0.000

 Variances
    F                  1.000      0.000    999.000    999.000

 Residual Variances
    Y1                 0.278      0.029      9.641      0.000
    Y2                 0.244      0.026      9.377      0.000
    Y3                 0.272      0.029      9.421      0.000
    Y4                 0.333      0.033     10.012      0.000
    Y5                 0.351      0.034     10.308      0.000
    Y6                 0.091      0.009     10.679      0.000
    Y7                 0.130      0.013     10.332      0.000
    Y8                 0.122      0.012     10.526      0.000
    Y9                 0.298      0.031      9.562      0.000
    Y10                0.346      0.034     10.280      0.000

New/Additional Parameters
    L3_0               0.627      0.073      8.643      0.000
    L3_1              -0.054      0.037     -1.471      0.141
    L3_2              -0.215      0.082     -2.612      0.009


QUALITY OF NUMERICAL RESULTS

     Condition Number for the Information Matrix              0.715E-04
       (ratio of smallest to largest eigenvalue)


TECHNICAL 1 OUTPUT


     PARAMETER SPECIFICATION


           NU
              Y1            Y2            Y3            Y4            Y5
              ________      ________      ________      ________      ________
                  1             2             0             3             4


           NU
              Y6            Y7            Y8            Y9            Y10
              ________      ________      ________      ________      ________
                  5             6             7             8             9


           NU
              X1            X2
              ________      ________
                  0             0


           LAMBDA
              F             Y3            X1            X2
              ________      ________      ________      ________
 Y1                10             0             0             0
 Y2                11             0             0             0
 Y3                 0             0             0             0
 Y4                12             0             0             0
 Y5                13             0             0             0
 Y6                14             0             0             0
 Y7                15             0             0             0
 Y8                16             0             0             0
 Y9                17             0             0             0
 Y10               18             0             0             0
 X1                 0             0             0             0
 X2                 0             0             0             0


           THETA
              Y1            Y2            Y3            Y4            Y5
              ________      ________      ________      ________      ________
 Y1                19
 Y2                 0            20
 Y3                 0             0             0
 Y4                 0             0             0            21
 Y5                 0             0             0             0            22
 Y6                 0             0             0             0             0
 Y7                 0             0             0             0             0
 Y8                 0             0             0             0             0
 Y9                 0             0             0             0             0
 Y10                0             0             0             0             0
 X1                 0             0             0             0             0
 X2                 0             0             0             0             0


           THETA
              Y6            Y7            Y8            Y9            Y10
              ________      ________      ________      ________      ________
 Y6                23
 Y7                 0            24
 Y8                 0             0            25
 Y9                 0             0             0            26
 Y10                0             0             0             0            27
 X1                 0             0             0             0             0
 X2                 0             0             0             0             0


           THETA
              X1            X2
              ________      ________
 X1                 0
 X2                 0             0


           ALPHA
              F             Y3            X1            X2
              ________      ________      ________      ________
                  0            28             0             0


           BETA
              F             Y3            X1            X2
              ________      ________      ________      ________
 F                  0             0             0             0
 Y3                29             0            30            31
 X1                 0             0             0             0
 X2                 0             0             0             0


           PSI
              F             Y3            X1            X2
              ________      ________      ________      ________
 F                  0
 Y3                 0            32
 X1                 0             0             0
 X2                 0             0             0             0


     PARAMETER SPECIFICATION FOR THE ADDITIONAL PARAMETERS


           New/Additional Parameters
              L3_0          L3_1          L3_2
              ________      ________      ________
                   33            34            35


     STARTING VALUES


           NU
              Y1            Y2            Y3            Y4            Y5
              ________      ________      ________      ________      ________
                1.848         1.780         0.000         3.112         3.080


           NU
              Y6            Y7            Y8            Y9            Y10
              ________      ________      ________      ________      ________
                1.136         1.148         1.172         1.884         1.852


           NU
              X1            X2
              ________      ________
                0.000         0.000


           LAMBDA
              F             Y3            X1            X2
              ________      ________      ________      ________
 Y1             1.000         0.000         0.000         0.000
 Y2             1.000         0.000         0.000         0.000
 Y3             0.000         1.000         0.000         0.000
 Y4             1.000         0.000         0.000         0.000
 Y5             1.000         0.000         0.000         0.000
 Y6             1.000         0.000         0.000         0.000
 Y7             1.000         0.000         0.000         0.000
 Y8             1.000         0.000         0.000         0.000
 Y9             1.000         0.000         0.000         0.000
 Y10            1.000         0.000         0.000         0.000
 X1             0.000         0.000         1.000         0.000
 X2             0.000         0.000         0.000         1.000


           THETA
              Y1            Y2            Y3            Y4            Y5
              ________      ________      ________      ________      ________
 Y1             0.260
 Y2             0.000         0.250
 Y3             0.000         0.000         0.000
 Y4             0.000         0.000         0.000         0.282
 Y5             0.000         0.000         0.000         0.000         0.265
 Y6             0.000         0.000         0.000         0.000         0.000
 Y7             0.000         0.000         0.000         0.000         0.000
 Y8             0.000         0.000         0.000         0.000         0.000
 Y9             0.000         0.000         0.000         0.000         0.000
 Y10            0.000         0.000         0.000         0.000         0.000
 X1             0.000         0.000         0.000         0.000         0.000
 X2             0.000         0.000         0.000         0.000         0.000


           THETA
              Y6            Y7            Y8            Y9            Y10
              ________      ________      ________      ________      ________
 Y6             0.059
 Y7             0.000         0.095
 Y8             0.000         0.000         0.083
 Y9             0.000         0.000         0.000         0.287
 Y10            0.000         0.000         0.000         0.000         0.263
 X1             0.000         0.000         0.000         0.000         0.000
 X2             0.000         0.000         0.000         0.000         0.000


           THETA
              X1            X2
              ________      ________
 X1             0.000
 X2             0.000         0.000


           ALPHA
              F             Y3            X1            X2
              ________      ________      ________      ________
                0.000         3.132        -0.106         0.488


           BETA
              F             Y3            X1            X2
              ________      ________      ________      ________
 F              0.000         0.000         0.000         0.000
 Y3             1.000         0.000         0.000         0.000
 X1             0.000         0.000         0.000         0.000
 X2             0.000         0.000         0.000         0.000


           PSI
              F             Y3            X1            X2
              ________      ________      ________      ________
 F              1.000
 Y3             0.000         0.261
 X1             0.000         0.000         1.045
 X2             0.000         0.000        -0.046         0.250


     STARTING VALUES FOR THE ADDITIONAL PARAMETERS


           New/Additional Parameters
              L3_0          L3_1          L3_2
              ________      ________      ________
                0.500         0.500         0.500


     Beginning Time:  18:40:29
        Ending Time:  18:40:30
       Elapsed Time:  00:00:01



MUTHEN & MUTHEN
3463 Stoner Ave.
Los Angeles, CA  90066

Tel: (310) 391-9971
Fax: (310) 391-8971
Web: www.StatModel.com
Support: Support@StatModel.com

Copyright (c) 1998-2019 Muthen & Muthen
