Mplus VERSION 8.3
MUTHEN & MUTHEN
04/23/2024   7:00 PM

INPUT INSTRUCTIONS


  TITLE: Test with 10 reps

  DATA:
  File is
  G1_B2_N1_rep188.csv;

  VARIABLE:
      Names are x1 x2 eta
  	y1 y2 y3 y4 y5 y6 y7 y8 y9 y10;
      Usevariables are y1-y10 x1 x2;
      constraint = x1 x2;

  MODEL:
      f BY y1* (l1);
      f BY y2* (l2);
      f BY y3* (l3);
      f BY y4* (l4);
      f BY y5* (l5);
      f BY y6* (l6);
      f BY y7* (l7);
      f BY y8* (l8);
      f BY y9* (l9);
      f BY y10* (l10);

  y9 ON x1 x2;
  f@1;
  [f@0];

  MODEL CONSTRAINT:
      new (l9_0 l9_1 l9_2);
      l9 = l9_0 + l9_1*x1 + l9_2*x2;




INPUT READING TERMINATED NORMALLY



Test with 10 reps

SUMMARY OF ANALYSIS

Number of groups                                                 1
Number of observations                                         250

Number of dependent variables                                   10
Number of independent variables                                  2
Number of continuous latent variables                            1

Observed dependent variables

  Continuous
   Y1          Y2          Y3          Y4          Y5          Y6
   Y7          Y8          Y9          Y10

Observed independent variables
   X1          X2

Continuous latent variables
   F


Estimator                                                       ML
Information matrix                                        OBSERVED
Maximum number of iterations                                  1000
Convergence criterion                                    0.500D-04
Maximum number of steepest descent iterations                   20

Input data file(s)
  G1_B2_N1_rep188.csv

Input data format  FREE



UNIVARIATE SAMPLE STATISTICS


     UNIVARIATE HIGHER-ORDER MOMENT DESCRIPTIVE STATISTICS

         Variable/         Mean/     Skewness/   Minimum/ % with                Percentiles
        Sample Size      Variance    Kurtosis    Maximum  Min/Max      20%/60%    40%/80%    Median

     Y1                    1.832       0.710       1.000   36.80%       1.000      2.000      2.000
             250.000       0.604       0.118       4.000    3.20%       2.000      2.000
     Y2                    1.840       0.764       1.000   35.20%       1.000      2.000      2.000
             250.000       0.582       0.724       5.000    0.40%       2.000      2.000
     Y3                    3.128      -0.062       1.000    0.80%       3.000      3.000      3.000
             250.000       0.512      -0.032       5.000    1.60%       3.000      4.000
     Y4                    3.144       0.001       1.000    0.80%       3.000      3.000      3.000
             250.000       0.547      -0.051       5.000    2.40%       3.000      4.000
     Y5                    3.052      -0.142       1.000    1.60%       3.000      3.000      3.000
             250.000       0.513       0.243       5.000    1.20%       3.000      4.000
     Y6                    1.160       1.855       1.000   84.00%       1.000      1.000      1.000
             250.000       0.134       1.440       2.000   16.00%       1.000      1.000
     Y7                    1.160       2.726       1.000   86.40%       1.000      1.000      1.000
             250.000       0.182       6.962       3.000    2.40%       1.000      1.000
     Y8                    1.164       2.582       1.000   85.60%       1.000      1.000      1.000
             250.000       0.177       6.196       3.000    2.00%       1.000      1.000
     Y9                    1.828       0.840       1.000   33.20%       1.000      2.000      2.000
             250.000       0.526       1.368       5.000    0.40%       2.000      2.000
     Y10                   1.912       0.913       1.000   29.60%       1.000      2.000      2.000
             250.000       0.608       1.206       5.000    0.40%       2.000      2.000
     X1                    0.017      -0.033      -3.269    0.40%      -0.961     -0.183      0.048
             250.000       1.063      -0.034       3.143    0.40%       0.311      0.882
     X2                    0.524      -0.096       0.000   47.60%       0.000      0.000      1.000
             250.000       0.249      -1.991       1.000   52.40%       1.000      1.000


THE MODEL ESTIMATION TERMINATED NORMALLY

     THE STANDARD ERRORS OF THE MODEL PARAMETER ESTIMATES MAY NOT BE
     TRUSTWORTHY FOR SOME PARAMETERS DUE TO A NON-POSITIVE DEFINITE
     FIRST-ORDER DERIVATIVE PRODUCT MATRIX.  THIS MAY BE DUE TO THE STARTING
     VALUES BUT MAY ALSO BE AN INDICATION OF MODEL NONIDENTIFICATION.  THE
     CONDITION NUMBER IS       0.315D-13.  PROBLEM INVOLVING THE FOLLOWING PARAMETER:
     Parameter 35, L9_2

     THIS IS MOST LIKELY DUE TO VARIABLE Y6 BEING DICHOTOMOUS BUT
     DECLARED AS CONTINUOUS.




MODEL FIT INFORMATION

Number of Free Parameters                       34

Loglikelihood

          H0 Value                       -2045.459

Information Criteria

          Akaike (AIC)                    4158.918
          Bayesian (BIC)                  4278.647
          Sample-Size Adjusted BIC        4170.864
            (n* = (n + 2) / 24)



MODEL RESULTS

                                                    Two-Tailed
                    Estimate       S.E.  Est./S.E.    P-Value

 F        BY
    Y1                 0.509      0.047     10.780      0.000
    Y2                 0.394      0.049      8.089      0.000
    Y3                 0.441      0.044     10.005      0.000
    Y4                 0.457      0.046     10.011      0.000
    Y5                 0.435      0.044      9.789      0.000
    Y6                 0.169      0.024      7.085      0.000
    Y7                 0.219      0.027      8.001      0.000
    Y8                 0.231      0.027      8.688      0.000
    Y9               999.000      0.000    999.000    999.000
    Y10                0.491      0.048     10.265      0.000

 Y9       ON
    X1                 0.025      0.037      0.681      0.496
    X2                 0.039      0.073      0.531      0.596

 Means
    F                  0.000      0.000    999.000    999.000

 Intercepts
    Y1                 1.832      0.049     37.278      0.000
    Y2                 1.840      0.048     38.122      0.000
    Y3                 3.128      0.045     69.146      0.000
    Y4                 3.144      0.047     67.198      0.000
    Y5                 3.052      0.045     67.355      0.000
    Y6                 1.160      0.023     50.030      0.000
    Y7                 1.160      0.027     42.945      0.000
    Y8                 1.164      0.027     43.733      0.000
    Y9                 1.801      0.060     30.154      0.000
    Y10                1.912      0.049     38.763      0.000

 Variances
    F                  1.000      0.000    999.000    999.000

 Residual Variances
    Y1                 0.345      0.036      9.591      0.000
    Y2                 0.427      0.041     10.414      0.000
    Y3                 0.317      0.032      9.893      0.000
    Y4                 0.339      0.034      9.875      0.000
    Y5                 0.324      0.033      9.943      0.000
    Y6                 0.106      0.010     10.605      0.000
    Y7                 0.134      0.013     10.415      0.000
    Y8                 0.124      0.012     10.257      0.000
    Y9                 0.283      0.030      9.425      0.000
    Y10                0.368      0.037      9.823      0.000

New/Additional Parameters
    L9_0               0.459      0.063      7.237      0.000
    L9_1               0.011      0.035      0.326      0.745
    L9_2               0.036      0.080      0.450      0.652


QUALITY OF NUMERICAL RESULTS

     Condition Number for the Information Matrix              0.973E-04
       (ratio of smallest to largest eigenvalue)


TECHNICAL 1 OUTPUT


     PARAMETER SPECIFICATION


           NU
              Y1            Y2            Y3            Y4            Y5
              ________      ________      ________      ________      ________
                  1             2             3             4             5


           NU
              Y6            Y7            Y8            Y9            Y10
              ________      ________      ________      ________      ________
                  6             7             8             0             9


           NU
              X1            X2
              ________      ________
                  0             0


           LAMBDA
              F             Y9            X1            X2
              ________      ________      ________      ________
 Y1                10             0             0             0
 Y2                11             0             0             0
 Y3                12             0             0             0
 Y4                13             0             0             0
 Y5                14             0             0             0
 Y6                15             0             0             0
 Y7                16             0             0             0
 Y8                17             0             0             0
 Y9                 0             0             0             0
 Y10               18             0             0             0
 X1                 0             0             0             0
 X2                 0             0             0             0


           THETA
              Y1            Y2            Y3            Y4            Y5
              ________      ________      ________      ________      ________
 Y1                19
 Y2                 0            20
 Y3                 0             0            21
 Y4                 0             0             0            22
 Y5                 0             0             0             0            23
 Y6                 0             0             0             0             0
 Y7                 0             0             0             0             0
 Y8                 0             0             0             0             0
 Y9                 0             0             0             0             0
 Y10                0             0             0             0             0
 X1                 0             0             0             0             0
 X2                 0             0             0             0             0


           THETA
              Y6            Y7            Y8            Y9            Y10
              ________      ________      ________      ________      ________
 Y6                24
 Y7                 0            25
 Y8                 0             0            26
 Y9                 0             0             0             0
 Y10                0             0             0             0            27
 X1                 0             0             0             0             0
 X2                 0             0             0             0             0


           THETA
              X1            X2
              ________      ________
 X1                 0
 X2                 0             0


           ALPHA
              F             Y9            X1            X2
              ________      ________      ________      ________
                  0            28             0             0


           BETA
              F             Y9            X1            X2
              ________      ________      ________      ________
 F                  0             0             0             0
 Y9                29             0            30            31
 X1                 0             0             0             0
 X2                 0             0             0             0


           PSI
              F             Y9            X1            X2
              ________      ________      ________      ________
 F                  0
 Y9                 0            32
 X1                 0             0             0
 X2                 0             0             0             0


     PARAMETER SPECIFICATION FOR THE ADDITIONAL PARAMETERS


           New/Additional Parameters
              L9_0          L9_1          L9_2
              ________      ________      ________
                   33            34            35


     STARTING VALUES


           NU
              Y1            Y2            Y3            Y4            Y5
              ________      ________      ________      ________      ________
                1.832         1.840         3.128         3.144         3.052


           NU
              Y6            Y7            Y8            Y9            Y10
              ________      ________      ________      ________      ________
                1.160         1.160         1.164         0.000         1.912


           NU
              X1            X2
              ________      ________
                0.000         0.000


           LAMBDA
              F             Y9            X1            X2
              ________      ________      ________      ________
 Y1             1.000         0.000         0.000         0.000
 Y2             1.000         0.000         0.000         0.000
 Y3             1.000         0.000         0.000         0.000
 Y4             1.000         0.000         0.000         0.000
 Y5             1.000         0.000         0.000         0.000
 Y6             1.000         0.000         0.000         0.000
 Y7             1.000         0.000         0.000         0.000
 Y8             1.000         0.000         0.000         0.000
 Y9             0.000         1.000         0.000         0.000
 Y10            1.000         0.000         0.000         0.000
 X1             0.000         0.000         1.000         0.000
 X2             0.000         0.000         0.000         1.000


           THETA
              Y1            Y2            Y3            Y4            Y5
              ________      ________      ________      ________      ________
 Y1             0.302
 Y2             0.000         0.291
 Y3             0.000         0.000         0.256
 Y4             0.000         0.000         0.000         0.274
 Y5             0.000         0.000         0.000         0.000         0.257
 Y6             0.000         0.000         0.000         0.000         0.000
 Y7             0.000         0.000         0.000         0.000         0.000
 Y8             0.000         0.000         0.000         0.000         0.000
 Y9             0.000         0.000         0.000         0.000         0.000
 Y10            0.000         0.000         0.000         0.000         0.000
 X1             0.000         0.000         0.000         0.000         0.000
 X2             0.000         0.000         0.000         0.000         0.000


           THETA
              Y6            Y7            Y8            Y9            Y10
              ________      ________      ________      ________      ________
 Y6             0.067
 Y7             0.000         0.091
 Y8             0.000         0.000         0.089
 Y9             0.000         0.000         0.000         0.000
 Y10            0.000         0.000         0.000         0.000         0.304
 X1             0.000         0.000         0.000         0.000         0.000
 X2             0.000         0.000         0.000         0.000         0.000


           THETA
              X1            X2
              ________      ________
 X1             0.000
 X2             0.000         0.000


           ALPHA
              F             Y9            X1            X2
              ________      ________      ________      ________
                0.000         1.828         0.017         0.524


           BETA
              F             Y9            X1            X2
              ________      ________      ________      ________
 F              0.000         0.000         0.000         0.000
 Y9             1.000         0.000         0.000         0.000
 X1             0.000         0.000         0.000         0.000
 X2             0.000         0.000         0.000         0.000


           PSI
              F             Y9            X1            X2
              ________      ________      ________      ________
 F              1.000
 Y9             0.000         0.263
 X1             0.000         0.000         1.063
 X2             0.000         0.000         0.028         0.249


     STARTING VALUES FOR THE ADDITIONAL PARAMETERS


           New/Additional Parameters
              L9_0          L9_1          L9_2
              ________      ________      ________
                0.500         0.500         0.500


     Beginning Time:  19:00:07
        Ending Time:  19:00:08
       Elapsed Time:  00:00:01



MUTHEN & MUTHEN
3463 Stoner Ave.
Los Angeles, CA  90066

Tel: (310) 391-9971
Fax: (310) 391-8971
Web: www.StatModel.com
Support: Support@StatModel.com

Copyright (c) 1998-2019 Muthen & Muthen
