Mplus VERSION 8.3
MUTHEN & MUTHEN
04/23/2024   6:51 PM

INPUT INSTRUCTIONS


  TITLE: Test with 10 reps

  DATA:
  File is
  G1_B2_N1_rep154.csv;

  VARIABLE:
      Names are x1 x2 eta
  	y1 y2 y3 y4 y5 y6 y7 y8 y9 y10;
      Usevariables are y1-y10 x1 x2;
      constraint = x1 x2;

  MODEL:
      f BY y1* (l1);
      f BY y2* (l2);
      f BY y3* (l3);
      f BY y4* (l4);
      f BY y5* (l5);
      f BY y6* (l6);
      f BY y7* (l7);
      f BY y8* (l8);
      f BY y9* (l9);
      f BY y10* (l10);

  y9 ON x1 x2;
  f@1;
  [f@0];

  MODEL CONSTRAINT:
      new (l9_0 l9_1 l9_2);
      l9 = l9_0 + l9_1*x1 + l9_2*x2;




INPUT READING TERMINATED NORMALLY



Test with 10 reps

SUMMARY OF ANALYSIS

Number of groups                                                 1
Number of observations                                         250

Number of dependent variables                                   10
Number of independent variables                                  2
Number of continuous latent variables                            1

Observed dependent variables

  Continuous
   Y1          Y2          Y3          Y4          Y5          Y6
   Y7          Y8          Y9          Y10

Observed independent variables
   X1          X2

Continuous latent variables
   F


Estimator                                                       ML
Information matrix                                        OBSERVED
Maximum number of iterations                                  1000
Convergence criterion                                    0.500D-04
Maximum number of steepest descent iterations                   20

Input data file(s)
  G1_B2_N1_rep154.csv

Input data format  FREE



UNIVARIATE SAMPLE STATISTICS


     UNIVARIATE HIGHER-ORDER MOMENT DESCRIPTIVE STATISTICS

         Variable/         Mean/     Skewness/   Minimum/ % with                Percentiles
        Sample Size      Variance    Kurtosis    Maximum  Min/Max      20%/60%    40%/80%    Median

     Y1                    1.816       0.915       1.000   34.40%       1.000      2.000      2.000
             250.000       0.534       1.883       5.000    0.80%       2.000      2.000
     Y2                    1.852       1.086       1.000   34.00%       1.000      2.000      2.000
             250.000       0.630       1.781       5.000    0.80%       2.000      2.000
     Y3                    3.164      -0.122       1.000    1.20%       3.000      3.000      3.000
             250.000       0.513       0.304       5.000    2.00%       3.000      4.000
     Y4                    3.180      -0.077       1.000    1.20%       3.000      3.000      3.000
             250.000       0.508       0.463       5.000    2.40%       3.000      4.000
     Y5                    3.148      -0.003       1.000    1.20%       2.000      3.000      3.000
             250.000       0.654      -0.273       5.000    3.60%       3.000      4.000
     Y6                    1.176       2.845       1.000   84.80%       1.000      1.000      1.000
             250.000       0.201       9.204       4.000    0.40%       1.000      1.000
     Y7                    1.212       1.935       1.000   80.40%       1.000      1.000      1.000
             250.000       0.199       2.920       3.000    1.60%       1.000      1.000
     Y8                    1.180       2.374       1.000   84.00%       1.000      1.000      1.000
             250.000       0.188       5.059       3.000    2.00%       1.000      1.000
     Y9                    1.872       0.557       1.000   32.80%       1.000      2.000      2.000
             250.000       0.560      -0.037       4.000    2.40%       2.000      2.000
     Y10                   1.836       0.574       1.000   34.00%       1.000      2.000      2.000
             250.000       0.529       0.053       4.000    2.00%       2.000      2.000
     X1                    0.034       0.166      -2.554    0.40%      -0.697     -0.227     -0.028
             250.000       0.910       0.197       2.979    0.40%       0.185      0.815
     X2                    0.476       0.096       0.000   52.40%       0.000      0.000      0.000
             250.000       0.249      -1.991       1.000   47.60%       1.000      1.000


THE MODEL ESTIMATION TERMINATED NORMALLY



MODEL FIT INFORMATION

Number of Free Parameters                       34

Loglikelihood

          H0 Value                       -2130.123

Information Criteria

          Akaike (AIC)                    4328.246
          Bayesian (BIC)                  4447.976
          Sample-Size Adjusted BIC        4340.193
            (n* = (n + 2) / 24)



MODEL RESULTS

                                                    Two-Tailed
                    Estimate       S.E.  Est./S.E.    P-Value

 F        BY
    Y1                 0.483      0.044     10.881      0.000
    Y2                 0.498      0.049     10.156      0.000
    Y3                 0.420      0.045      9.365      0.000
    Y4                 0.475      0.043     10.994      0.000
    Y5                 0.451      0.051      8.831      0.000
    Y6                 0.233      0.029      8.092      0.000
    Y7                 0.211      0.029      7.258      0.000
    Y8                 0.247      0.027      9.050      0.000
    Y9               999.000      0.000    999.000    999.000
    Y10                0.383      0.046      8.245      0.000

 Y9       ON
    X1                 0.047      0.043      1.095      0.273
    X2                 0.063      0.084      0.756      0.450

 Means
    F                  0.000      0.000    999.000    999.000

 Intercepts
    Y1                 1.816      0.046     39.288      0.000
    Y2                 1.852      0.050     36.890      0.000
    Y3                 3.164      0.045     69.840      0.000
    Y4                 3.180      0.045     70.572      0.000
    Y5                 3.148      0.051     61.543      0.000
    Y6                 1.176      0.028     41.472      0.000
    Y7                 1.212      0.028     42.952      0.000
    Y8                 1.180      0.027     43.076      0.000
    Y9                 1.841      0.063     29.311      0.000
    Y10                1.836      0.046     39.909      0.000

 Variances
    F                  1.000      0.000    999.000    999.000

 Residual Variances
    Y1                 0.301      0.032      9.476      0.000
    Y2                 0.382      0.039      9.731      0.000
    Y3                 0.336      0.034     10.014      0.000
    Y4                 0.282      0.030      9.425      0.000
    Y5                 0.451      0.044     10.209      0.000
    Y6                 0.147      0.014     10.363      0.000
    Y7                 0.155      0.015     10.536      0.000
    Y8                 0.127      0.013     10.115      0.000
    Y9                 0.352      0.035      9.950      0.000
    Y10                0.382      0.037     10.343      0.000

New/Additional Parameters
    L9_0               0.441      0.072      6.152      0.000
    L9_1               0.005      0.040      0.115      0.909
    L9_2              -0.007      0.090     -0.082      0.935


QUALITY OF NUMERICAL RESULTS

     Condition Number for the Information Matrix              0.149E-03
       (ratio of smallest to largest eigenvalue)


     Beginning Time:  18:51:32
        Ending Time:  18:51:33
       Elapsed Time:  00:00:01



MUTHEN & MUTHEN
3463 Stoner Ave.
Los Angeles, CA  90066

Tel: (310) 391-9971
Fax: (310) 391-8971
Web: www.StatModel.com
Support: Support@StatModel.com

Copyright (c) 1998-2019 Muthen & Muthen
