Mplus VERSION 8.3
MUTHEN & MUTHEN
04/23/2024   6:48 PM

INPUT INSTRUCTIONS


  TITLE: Test with 10 reps

  DATA:
  File is
  G1_B2_N1_rep143.csv;

  VARIABLE:
      Names are x1 x2 eta
  	y1 y2 y3 y4 y5 y6 y7 y8 y9 y10;
      Usevariables are y1-y10 x1 x2;
      constraint = x1 x2;

  MODEL:
      f BY y1* (l1);
      f BY y2* (l2);
      f BY y3* (l3);
      f BY y4* (l4);
      f BY y5* (l5);
      f BY y6* (l6);
      f BY y7* (l7);
      f BY y8* (l8);
      f BY y9* (l9);
      f BY y10* (l10);

  y1 ON x1 x2;
  f@1;
  [f@0];

  MODEL CONSTRAINT:
      new (l1_0 l1_1 l1_2);
      l1 = l1_0 + l1_1*x1 + l1_2*x2;




INPUT READING TERMINATED NORMALLY



Test with 10 reps

SUMMARY OF ANALYSIS

Number of groups                                                 1
Number of observations                                         250

Number of dependent variables                                   10
Number of independent variables                                  2
Number of continuous latent variables                            1

Observed dependent variables

  Continuous
   Y1          Y2          Y3          Y4          Y5          Y6
   Y7          Y8          Y9          Y10

Observed independent variables
   X1          X2

Continuous latent variables
   F


Estimator                                                       ML
Information matrix                                        OBSERVED
Maximum number of iterations                                  1000
Convergence criterion                                    0.500D-04
Maximum number of steepest descent iterations                   20

Input data file(s)
  G1_B2_N1_rep143.csv

Input data format  FREE



UNIVARIATE SAMPLE STATISTICS


     UNIVARIATE HIGHER-ORDER MOMENT DESCRIPTIVE STATISTICS

         Variable/         Mean/     Skewness/   Minimum/ % with                Percentiles
        Sample Size      Variance    Kurtosis    Maximum  Min/Max      20%/60%    40%/80%    Median

     Y1                    1.876       0.387       1.000   29.60%       1.000      2.000      2.000
             250.000       0.477      -0.117       4.000    1.20%       2.000      2.000
     Y2                    1.828       0.599       1.000   32.80%       1.000      2.000      2.000
             250.000       0.494       0.349       4.000    2.00%       2.000      2.000
     Y3                    3.228      -0.101       1.000    0.40%       3.000      3.000      3.000
             250.000       0.552      -0.365       5.000    2.40%       3.000      4.000
     Y4                    3.184      -0.066       2.000   16.00%       3.000      3.000      3.000
             250.000       0.494      -0.594       5.000    1.20%       3.000      4.000
     Y5                    3.144       0.071       1.000    0.40%       3.000      3.000      3.000
             250.000       0.539      -0.207       5.000    2.40%       3.000      4.000
     Y6                    1.172       2.112       1.000   83.60%       1.000      1.000      1.000
             250.000       0.158       3.511       3.000    0.80%       1.000      1.000
     Y7                    1.156       2.310       1.000   85.20%       1.000      1.000      1.000
             250.000       0.148       4.523       3.000    0.80%       1.000      1.000
     Y8                    1.164       3.872       1.000   85.20%       1.000      1.000      1.000
             250.000       0.193      23.296       5.000    0.40%       1.000      1.000
     Y9                    1.852       0.347       1.000   31.20%       1.000      2.000      2.000
             250.000       0.470      -0.321       4.000    0.80%       2.000      2.000
     Y10                   1.832       0.526       1.000   32.00%       1.000      2.000      2.000
             250.000       0.476       0.227       4.000    1.60%       2.000      2.000
     X1                    0.027       0.060      -2.643    0.40%      -0.896     -0.263      0.038
             250.000       1.054      -0.426       2.834    0.40%       0.272      0.920
     X2                    0.508      -0.032       0.000   49.20%       0.000      0.000      1.000
             250.000       0.250      -1.999       1.000   50.80%       1.000      1.000


THE MODEL ESTIMATION TERMINATED NORMALLY



MODEL FIT INFORMATION

Number of Free Parameters                       34

Loglikelihood

          H0 Value                       -1948.612

Information Criteria

          Akaike (AIC)                    3965.225
          Bayesian (BIC)                  4084.954
          Sample-Size Adjusted BIC        3977.171
            (n* = (n + 2) / 24)



MODEL RESULTS

                                                    Two-Tailed
                    Estimate       S.E.  Est./S.E.    P-Value

 F        BY
    Y1               999.000      0.000    999.000    999.000
    Y2                 0.487      0.042     11.628      0.000
    Y3                 0.492      0.045     10.984      0.000
    Y4                 0.402      0.044      9.160      0.000
    Y5                 0.449      0.045      9.940      0.000
    Y6                 0.201      0.025      7.876      0.000
    Y7                 0.198      0.025      8.056      0.000
    Y8                 0.216      0.028      7.638      0.000
    Y9                 0.387      0.043      9.018      0.000
    Y10                0.415      0.043      9.743      0.000

 Y1       ON
    X1                 0.024      0.034      0.717      0.474
    X2                -0.098      0.070     -1.410      0.158

 Means
    F                  0.000      0.000    999.000    999.000

 Intercepts
    Y1                 1.932      0.059     33.004      0.000
    Y2                 1.828      0.044     41.105      0.000
    Y3                 3.228      0.047     68.695      0.000
    Y4                 3.184      0.044     71.617      0.000
    Y5                 3.144      0.046     67.694      0.000
    Y6                 1.172      0.025     46.558      0.000
    Y7                 1.156      0.024     47.565      0.000
    Y8                 1.164      0.028     41.882      0.000
    Y9                 1.852      0.043     42.709      0.000
    Y10                1.832      0.044     41.995      0.000

 Variances
    F                  1.000      0.000    999.000    999.000

 Residual Variances
    Y1                 0.255      0.027      9.410      0.000
    Y2                 0.257      0.028      9.286      0.000
    Y3                 0.310      0.032      9.583      0.000
    Y4                 0.332      0.033     10.206      0.000
    Y5                 0.338      0.034      9.980      0.000
    Y6                 0.118      0.011     10.480      0.000
    Y7                 0.109      0.010     10.443      0.000
    Y8                 0.147      0.014     10.523      0.000
    Y9                 0.320      0.031     10.239      0.000
    Y10                0.303      0.030     10.032      0.000

New/Additional Parameters
    L1_0               0.513      0.057      9.009      0.000
    L1_1              -0.005      0.037     -0.137      0.891
    L1_2              -0.090      0.074     -1.214      0.225


QUALITY OF NUMERICAL RESULTS

     Condition Number for the Information Matrix              0.105E-03
       (ratio of smallest to largest eigenvalue)


     Beginning Time:  18:48:32
        Ending Time:  18:48:33
       Elapsed Time:  00:00:01



MUTHEN & MUTHEN
3463 Stoner Ave.
Los Angeles, CA  90066

Tel: (310) 391-9971
Fax: (310) 391-8971
Web: www.StatModel.com
Support: Support@StatModel.com

Copyright (c) 1998-2019 Muthen & Muthen
