Mplus VERSION 8.3
MUTHEN & MUTHEN
04/23/2024   6:42 PM

INPUT INSTRUCTIONS


  TITLE: Test with 10 reps

  DATA:
  File is
  G1_B2_N1_rep120.csv;

  VARIABLE:
      Names are x1 x2 eta
  	y1 y2 y3 y4 y5 y6 y7 y8 y9 y10;
      Usevariables are y1-y10 x1 x2;
      constraint = x1 x2;

  MODEL:
      f BY y1* (l1);
      f BY y2* (l2);
      f BY y3* (l3);
      f BY y4* (l4);
      f BY y5* (l5);
      f BY y6* (l6);
      f BY y7* (l7);
      f BY y8* (l8);
      f BY y9* (l9);
      f BY y10* (l10);

  y2 ON x1 x2;
  f@1;
  [f@0];

  MODEL CONSTRAINT:
      new (l2_0 l2_1 l2_2);
      l2 = l2_0 + l2_1*x1 + l2_2*x2;




INPUT READING TERMINATED NORMALLY



Test with 10 reps

SUMMARY OF ANALYSIS

Number of groups                                                 1
Number of observations                                         250

Number of dependent variables                                   10
Number of independent variables                                  2
Number of continuous latent variables                            1

Observed dependent variables

  Continuous
   Y1          Y2          Y3          Y4          Y5          Y6
   Y7          Y8          Y9          Y10

Observed independent variables
   X1          X2

Continuous latent variables
   F


Estimator                                                       ML
Information matrix                                        OBSERVED
Maximum number of iterations                                  1000
Convergence criterion                                    0.500D-04
Maximum number of steepest descent iterations                   20

Input data file(s)
  G1_B2_N1_rep120.csv

Input data format  FREE



UNIVARIATE SAMPLE STATISTICS


     UNIVARIATE HIGHER-ORDER MOMENT DESCRIPTIVE STATISTICS

         Variable/         Mean/     Skewness/   Minimum/ % with                Percentiles
        Sample Size      Variance    Kurtosis    Maximum  Min/Max      20%/60%    40%/80%    Median

     Y1                    1.856       0.639       1.000   34.00%       1.000      2.000      2.000
             250.000       0.563       0.471       5.000    0.40%       2.000      2.000
     Y2                    1.872       1.012       1.000   34.80%       1.000      2.000      2.000
             250.000       0.680       1.277       5.000    0.80%       2.000      2.000
     Y3                    3.044      -0.130       1.000    1.20%       2.000      3.000      3.000
             250.000       0.522      -0.187       5.000    0.80%       3.000      4.000
     Y4                    3.072       0.138       1.000    1.20%       2.000      3.000      3.000
             250.000       0.595       0.084       5.000    3.20%       3.000      4.000
     Y5                    3.128       0.142       1.000    0.80%       3.000      3.000      3.000
             250.000       0.552       0.167       5.000    3.20%       3.000      4.000
     Y6                    1.156       3.154       1.000   86.80%       1.000      1.000      1.000
             250.000       0.188      11.312       4.000    0.40%       1.000      1.000
     Y7                    1.184       2.444       1.000   82.40%       1.000      1.000      1.000
             250.000       0.174       7.840       4.000    0.40%       1.000      1.000
     Y8                    1.148       2.421       1.000   86.00%       1.000      1.000      1.000
             250.000       0.142       5.126       3.000    0.80%       1.000      1.000
     Y9                    1.840       1.206       1.000   35.60%       1.000      2.000      2.000
             250.000       0.654       2.444       5.000    1.60%       2.000      2.000
     Y10                   1.824       0.792       1.000   36.40%       1.000      2.000      2.000
             250.000       0.585       0.751       5.000    0.40%       2.000      2.000
     X1                   -0.018       0.122      -2.943    0.40%      -0.954     -0.346     -0.047
             250.000       1.070      -0.166       2.648    0.40%       0.231      0.807
     X2                    0.524      -0.096       0.000   47.60%       0.000      0.000      1.000
             250.000       0.249      -1.991       1.000   52.40%       1.000      1.000


THE MODEL ESTIMATION TERMINATED NORMALLY



MODEL FIT INFORMATION

Number of Free Parameters                       34

Loglikelihood

          H0 Value                       -2064.098

Information Criteria

          Akaike (AIC)                    4196.196
          Bayesian (BIC)                  4315.926
          Sample-Size Adjusted BIC        4208.143
            (n* = (n + 2) / 24)



MODEL RESULTS

                                                    Two-Tailed
                    Estimate       S.E.  Est./S.E.    P-Value

 F        BY
    Y1                 0.493      0.045     10.949      0.000
    Y2               999.000      0.000    999.000    999.000
    Y3                 0.421      0.045      9.418      0.000
    Y4                 0.436      0.048      9.075      0.000
    Y5                 0.452      0.046      9.934      0.000
    Y6                 0.244      0.027      9.050      0.000
    Y7                 0.245      0.026      9.517      0.000
    Y8                 0.178      0.024      7.356      0.000
    Y9                 0.587      0.047     12.489      0.000
    Y10                0.474      0.047     10.137      0.000

 Y2       ON
    X1                 0.074      0.041      1.797      0.072
    X2                 0.139      0.082      1.690      0.091

 Means
    F                  0.000      0.000    999.000    999.000

 Intercepts
    Y1                 1.856      0.047     39.101      0.000
    Y2                 1.780      0.065     27.342      0.000
    Y3                 3.044      0.046     66.612      0.000
    Y4                 3.072      0.049     62.980      0.000
    Y5                 3.128      0.047     66.591      0.000
    Y6                 1.156      0.027     42.193      0.000
    Y7                 1.184      0.026     44.861      0.000
    Y8                 1.148      0.024     48.153      0.000
    Y9                 1.840      0.051     35.964      0.000
    Y10                1.824      0.048     37.706      0.000

 Variances
    F                  1.000      0.000    999.000    999.000

 Residual Variances
    Y1                 0.320      0.033      9.765      0.000
    Y2                 0.356      0.037      9.682      0.000
    Y3                 0.345      0.034     10.218      0.000
    Y4                 0.404      0.039     10.282      0.000
    Y5                 0.347      0.034     10.073      0.000
    Y6                 0.128      0.012     10.304      0.000
    Y7                 0.114      0.011     10.177      0.000
    Y8                 0.110      0.010     10.637      0.000
    Y9                 0.310      0.034      9.107      0.000
    Y10                0.361      0.036      9.994      0.000

New/Additional Parameters
    L2_0               0.435      0.069      6.275      0.000
    L2_1               0.023      0.046      0.494      0.622
    L2_2               0.140      0.089      1.574      0.116


QUALITY OF NUMERICAL RESULTS

     Condition Number for the Information Matrix              0.105E-03
       (ratio of smallest to largest eigenvalue)


     Beginning Time:  18:42:51
        Ending Time:  18:42:52
       Elapsed Time:  00:00:01



MUTHEN & MUTHEN
3463 Stoner Ave.
Los Angeles, CA  90066

Tel: (310) 391-9971
Fax: (310) 391-8971
Web: www.StatModel.com
Support: Support@StatModel.com

Copyright (c) 1998-2019 Muthen & Muthen
