Mplus VERSION 8.3
MUTHEN & MUTHEN
04/23/2024   7:02 PM

INPUT INSTRUCTIONS


  TITLE: Test with 10 reps

  DATA:
  File is
  G1_B2_N1_rep197.csv;

  VARIABLE:
      Names are x1 x2 eta
  	y1 y2 y3 y4 y5 y6 y7 y8 y9 y10;
      Usevariables are y1-y10 x1 x2;
      constraint = x1 x2;

  MODEL:
      f BY y1* (l1);
      f BY y2* (l2);
      f BY y3* (l3);
      f BY y4* (l4);
      f BY y5* (l5);
      f BY y6* (l6);
      f BY y7* (l7);
      f BY y8* (l8);
      f BY y9* (l9);
      f BY y10* (l10);

  y6 ON x1 x2;
  f@1;
  [f@0];

  MODEL CONSTRAINT:
      new (l6_0 l6_1 l6_2);
      l6 = l6_0 + l6_1*x1 + l6_2*x2;




INPUT READING TERMINATED NORMALLY



Test with 10 reps

SUMMARY OF ANALYSIS

Number of groups                                                 1
Number of observations                                         250

Number of dependent variables                                   10
Number of independent variables                                  2
Number of continuous latent variables                            1

Observed dependent variables

  Continuous
   Y1          Y2          Y3          Y4          Y5          Y6
   Y7          Y8          Y9          Y10

Observed independent variables
   X1          X2

Continuous latent variables
   F


Estimator                                                       ML
Information matrix                                        OBSERVED
Maximum number of iterations                                  1000
Convergence criterion                                    0.500D-04
Maximum number of steepest descent iterations                   20

Input data file(s)
  G1_B2_N1_rep197.csv

Input data format  FREE



UNIVARIATE SAMPLE STATISTICS


     UNIVARIATE HIGHER-ORDER MOMENT DESCRIPTIVE STATISTICS

         Variable/         Mean/     Skewness/   Minimum/ % with                Percentiles
        Sample Size      Variance    Kurtosis    Maximum  Min/Max      20%/60%    40%/80%    Median

     Y1                    1.884       0.721       1.000   32.80%       1.000      2.000      2.000
             250.000       0.599       0.613       5.000    0.40%       2.000      2.000
     Y2                    1.876       1.066       1.000   34.00%       1.000      2.000      2.000
             250.000       0.669       1.722       5.000    1.20%       2.000      2.000
     Y3                    3.152      -0.264       1.000    2.00%       3.000      3.000      3.000
             250.000       0.585       0.152       5.000    2.00%       3.000      4.000
     Y4                    3.148       0.133       1.000    1.20%       3.000      3.000      3.000
             250.000       0.574       0.367       5.000    4.00%       3.000      4.000
     Y5                    3.168       0.106       1.000    0.80%       3.000      3.000      3.000
             250.000       0.644      -0.227       5.000    4.40%       3.000      4.000
     Y6                    1.184       3.291       1.000   85.20%       1.000      1.000      1.000
             250.000       0.246      12.532       4.000    1.20%       1.000      1.000
     Y7                    1.164       2.669       1.000   86.00%       1.000      1.000      1.000
             250.000       0.185       6.631       3.000    2.40%       1.000      1.000
     Y8                    1.224       2.218       1.000   79.60%       1.000      1.000      1.000
             250.000       0.222       5.680       4.000    0.40%       1.000      2.000
     Y9                    1.760       0.903       1.000   42.00%       1.000      1.000      2.000
             250.000       0.606       0.776       5.000    0.40%       2.000      2.000
     Y10                   1.916       0.911       1.000   34.00%       1.000      2.000      2.000
             250.000       0.717       1.046       5.000    1.20%       2.000      3.000
     X1                    0.049      -0.038      -3.051    0.40%      -0.817     -0.320      0.021
             250.000       1.136      -0.456       2.239    0.40%       0.285      1.004
     X2                    0.560      -0.242       0.000   44.00%       0.000      0.000      1.000
             250.000       0.246      -1.942       1.000   56.00%       1.000      1.000


THE MODEL ESTIMATION TERMINATED NORMALLY



MODEL FIT INFORMATION

Number of Free Parameters                       34

Loglikelihood

          H0 Value                       -2148.223

Information Criteria

          Akaike (AIC)                    4364.446
          Bayesian (BIC)                  4484.176
          Sample-Size Adjusted BIC        4376.393
            (n* = (n + 2) / 24)



MODEL RESULTS

                                                    Two-Tailed
                    Estimate       S.E.  Est./S.E.    P-Value

 F        BY
    Y1                 0.429      0.048      8.954      0.000
    Y2                 0.571      0.048     11.998      0.000
    Y3                 0.485      0.046     10.589      0.000
    Y4                 0.495      0.045     10.983      0.000
    Y5                 0.519      0.048     10.855      0.000
    Y6               999.000      0.000    999.000    999.000
    Y7                 0.236      0.027      8.873      0.000
    Y8                 0.296      0.028     10.457      0.000
    Y9                 0.506      0.046     10.913      0.000
    Y10                0.616      0.049     12.664      0.000

 Y6       ON
    X1                 0.018      0.023      0.777      0.437
    X2                 0.038      0.052      0.736      0.462

 Means
    F                  0.000      0.000    999.000    999.000

 Intercepts
    Y1                 1.884      0.049     38.504      0.000
    Y2                 1.876      0.052     36.275      0.000
    Y3                 3.152      0.048     65.165      0.000
    Y4                 3.148      0.048     65.692      0.000
    Y5                 3.168      0.051     62.429      0.000
    Y6                 1.130      0.038     29.909      0.000
    Y7                 1.164      0.027     42.778      0.000
    Y8                 1.224      0.030     41.091      0.000
    Y9                 1.760      0.049     35.736      0.000
    Y10                1.916      0.054     35.778      0.000

 Variances
    F                  1.000      0.000    999.000    999.000

 Residual Variances
    Y1                 0.415      0.040     10.463      0.000
    Y2                 0.343      0.035      9.682      0.000
    Y3                 0.349      0.035     10.097      0.000
    Y4                 0.329      0.033      9.978      0.000
    Y5                 0.374      0.037     10.037      0.000
    Y6                 0.135      0.014      9.683      0.000
    Y7                 0.129      0.012     10.507      0.000
    Y8                 0.134      0.013     10.137      0.000
    Y9                 0.350      0.035     10.005      0.000
    Y10                0.337      0.036      9.326      0.000

New/Additional Parameters
    L6_0               0.137      0.043      3.179      0.001
    L6_1               0.055      0.024      2.275      0.023
    L6_2               0.239      0.055      4.314      0.000


QUALITY OF NUMERICAL RESULTS

     Condition Number for the Information Matrix              0.148E-03
       (ratio of smallest to largest eigenvalue)


     Beginning Time:  19:02:24
        Ending Time:  19:02:25
       Elapsed Time:  00:00:01



MUTHEN & MUTHEN
3463 Stoner Ave.
Los Angeles, CA  90066

Tel: (310) 391-9971
Fax: (310) 391-8971
Web: www.StatModel.com
Support: Support@StatModel.com

Copyright (c) 1998-2019 Muthen & Muthen
