Mplus VERSION 8.3
MUTHEN & MUTHEN
04/23/2024   6:37 PM

INPUT INSTRUCTIONS


  TITLE: Test with 10 reps

  DATA:
  File is
  G1_B2_N1_rep10.csv;

  VARIABLE:
      Names are x1 x2 eta
  	y1 y2 y3 y4 y5 y6 y7 y8 y9 y10;
      Usevariables are y1-y10 x1 x2;
      constraint = x1 x2;

  MODEL:
      f BY y1* (l1);
      f BY y2* (l2);
      f BY y3* (l3);
      f BY y4* (l4);
      f BY y5* (l5);
      f BY y6* (l6);
      f BY y7* (l7);
      f BY y8* (l8);
      f BY y9* (l9);
      f BY y10* (l10);

  y2 ON x1 x2;
  f@1;
  [f@0];

  MODEL CONSTRAINT:
      new (l2_0 l2_1 l2_2);
      l2 = l2_0 + l2_1*x1 + l2_2*x2;




INPUT READING TERMINATED NORMALLY



Test with 10 reps

SUMMARY OF ANALYSIS

Number of groups                                                 1
Number of observations                                         250

Number of dependent variables                                   10
Number of independent variables                                  2
Number of continuous latent variables                            1

Observed dependent variables

  Continuous
   Y1          Y2          Y3          Y4          Y5          Y6
   Y7          Y8          Y9          Y10

Observed independent variables
   X1          X2

Continuous latent variables
   F


Estimator                                                       ML
Information matrix                                        OBSERVED
Maximum number of iterations                                  1000
Convergence criterion                                    0.500D-04
Maximum number of steepest descent iterations                   20

Input data file(s)
  G1_B2_N1_rep10.csv

Input data format  FREE



UNIVARIATE SAMPLE STATISTICS


     UNIVARIATE HIGHER-ORDER MOMENT DESCRIPTIVE STATISTICS

         Variable/         Mean/     Skewness/   Minimum/ % with                Percentiles
        Sample Size      Variance    Kurtosis    Maximum  Min/Max      20%/60%    40%/80%    Median

     Y1                    1.956       0.832       1.000   29.60%       1.000      2.000      2.000
             250.000       0.666       0.940       5.000    0.80%       2.000      2.000
     Y2                    1.888       0.879       1.000   30.00%       1.000      2.000      2.000
             250.000       0.555       1.723       5.000    0.80%       2.000      2.000
     Y3                    3.200       0.011       1.000    0.40%       3.000      3.000      3.000
             250.000       0.592      -0.385       5.000    3.20%       3.000      4.000
     Y4                    3.148       0.145       1.000    0.40%       3.000      3.000      3.000
             250.000       0.526      -0.002       5.000    2.80%       3.000      4.000
     Y5                    3.204      -0.047       1.000    0.80%       3.000      3.000      3.000
             250.000       0.546       0.005       5.000    2.80%       3.000      4.000
     Y6                    1.200       2.835       1.000   82.80%       1.000      1.000      1.000
             250.000       0.232       9.658       4.000    0.80%       1.000      1.000
     Y7                    1.204       3.922       1.000   85.20%       1.000      1.000      1.000
             250.000       0.346      18.065       5.000    0.80%       1.000      1.000
     Y8                    1.196       3.129       1.000   84.40%       1.000      1.000      1.000
             250.000       0.262      11.117       4.000    1.20%       1.000      1.000
     Y9                    1.852       0.902       1.000   32.00%       1.000      2.000      2.000
             250.000       0.542       1.850       5.000    0.80%       2.000      2.000
     Y10                   1.872       1.141       1.000   32.80%       1.000      2.000      2.000
             250.000       0.632       2.452       5.000    1.60%       2.000      2.000
     X1                   -0.030      -0.129      -2.841    0.40%      -0.878     -0.369     -0.120
             250.000       1.139      -0.296       2.571    0.40%       0.273      0.915
     X2                    0.560      -0.242       0.000   44.00%       0.000      0.000      1.000
             250.000       0.246      -1.942       1.000   56.00%       1.000      1.000


THE MODEL ESTIMATION TERMINATED NORMALLY



MODEL FIT INFORMATION

Number of Free Parameters                       34

Loglikelihood

          H0 Value                       -2203.029

Information Criteria

          Akaike (AIC)                    4474.059
          Bayesian (BIC)                  4593.788
          Sample-Size Adjusted BIC        4486.005
            (n* = (n + 2) / 24)



MODEL RESULTS

                                                    Two-Tailed
                    Estimate       S.E.  Est./S.E.    P-Value

 F        BY
    Y1                 0.532      0.049     10.902      0.000
    Y2               999.000      0.000    999.000    999.000
    Y3                 0.453      0.047      9.581      0.000
    Y4                 0.431      0.044      9.716      0.000
    Y5                 0.446      0.045      9.897      0.000
    Y6                 0.307      0.029     10.568      0.000
    Y7                 0.369      0.036     10.368      0.000
    Y8                 0.309      0.031      9.925      0.000
    Y9                 0.511      0.043     11.843      0.000
    Y10                0.545      0.047     11.650      0.000

 Y2       ON
    X1                 0.001      0.039      0.034      0.973
    X2                -0.046      0.079     -0.580      0.562

 Means
    F                  0.000      0.000    999.000    999.000

 Intercepts
    Y1                 1.956      0.052     37.895      0.000
    Y2                 1.914      0.065     29.521      0.000
    Y3                 3.200      0.049     65.760      0.000
    Y4                 3.148      0.046     68.623      0.000
    Y5                 3.204      0.047     68.535      0.000
    Y6                 1.200      0.030     39.392      0.000
    Y7                 1.204      0.037     32.346      0.000
    Y8                 1.196      0.032     36.974      0.000
    Y9                 1.852      0.047     39.772      0.000
    Y10                1.872      0.050     37.243      0.000

 Variances
    F                  1.000      0.000    999.000    999.000

 Residual Variances
    Y1                 0.383      0.039      9.911      0.000
    Y2                 0.349      0.034     10.131      0.000
    Y3                 0.387      0.038     10.266      0.000
    Y4                 0.340      0.033     10.240      0.000
    Y5                 0.347      0.034     10.184      0.000
    Y6                 0.138      0.014      9.992      0.000
    Y7                 0.210      0.021     10.026      0.000
    Y8                 0.166      0.016     10.207      0.000
    Y9                 0.281      0.029      9.602      0.000
    Y10                0.335      0.035      9.686      0.000

New/Additional Parameters
    L2_0               0.387      0.074      5.244      0.000
    L2_1              -0.020      0.037     -0.546      0.585
    L2_2               0.123      0.087      1.409      0.159


QUALITY OF NUMERICAL RESULTS

     Condition Number for the Information Matrix              0.181E-03
       (ratio of smallest to largest eigenvalue)


     Beginning Time:  18:37:30
        Ending Time:  18:37:30
       Elapsed Time:  00:00:00



MUTHEN & MUTHEN
3463 Stoner Ave.
Los Angeles, CA  90066

Tel: (310) 391-9971
Fax: (310) 391-8971
Web: www.StatModel.com
Support: Support@StatModel.com

Copyright (c) 1998-2019 Muthen & Muthen
