Mplus VERSION 8.3
MUTHEN & MUTHEN
04/23/2024   7:18 PM

INPUT INSTRUCTIONS


  TITLE: Test with 10 reps

  DATA:
  File is
  G1_B2_N1_rep26.csv;

  VARIABLE:
      Names are x1 x2 eta
  	y1 y2 y3 y4 y5 y6 y7 y8 y9 y10;
      Usevariables are y1-y10 x1 x2;
      constraint = x1 x2;

  MODEL:
      f BY y1* (l1);
      f BY y2* (l2);
      f BY y3* (l3);
      f BY y4* (l4);
      f BY y5* (l5);
      f BY y6* (l6);
      f BY y7* (l7);
      f BY y8* (l8);
      f BY y9* (l9);
      f BY y10* (l10);

  y6 ON x1 x2;
  f@1;
  [f@0];

  MODEL CONSTRAINT:
      new (l6_0 l6_1 l6_2);
      l6 = l6_0 + l6_1*x1 + l6_2*x2;




INPUT READING TERMINATED NORMALLY



Test with 10 reps

SUMMARY OF ANALYSIS

Number of groups                                                 1
Number of observations                                         250

Number of dependent variables                                   10
Number of independent variables                                  2
Number of continuous latent variables                            1

Observed dependent variables

  Continuous
   Y1          Y2          Y3          Y4          Y5          Y6
   Y7          Y8          Y9          Y10

Observed independent variables
   X1          X2

Continuous latent variables
   F


Estimator                                                       ML
Information matrix                                        OBSERVED
Maximum number of iterations                                  1000
Convergence criterion                                    0.500D-04
Maximum number of steepest descent iterations                   20

Input data file(s)
  G1_B2_N1_rep26.csv

Input data format  FREE



UNIVARIATE SAMPLE STATISTICS


     UNIVARIATE HIGHER-ORDER MOMENT DESCRIPTIVE STATISTICS

         Variable/         Mean/     Skewness/   Minimum/ % with                Percentiles
        Sample Size      Variance    Kurtosis    Maximum  Min/Max      20%/60%    40%/80%    Median

     Y1                    1.820       0.641       1.000   37.20%       1.000      2.000      2.000
             250.000       0.580      -0.053       4.000    2.40%       2.000      2.000
     Y2                    1.792       0.590       1.000   37.60%       1.000      2.000      2.000
             250.000       0.533      -0.115       4.000    1.60%       2.000      2.000
     Y3                    3.080      -0.065       1.000    0.80%       2.000      3.000      3.000
             250.000       0.538      -0.331       5.000    1.20%       3.000      4.000
     Y4                    3.132       0.146       1.000    0.40%       3.000      3.000      3.000
             250.000       0.587      -0.268       5.000    3.20%       3.000      4.000
     Y5                    3.088       0.019       1.000    2.00%       2.000      3.000      3.000
             250.000       0.656       0.023       5.000    3.60%       3.000      4.000
     Y6                    1.204       3.030       1.000   84.40%       1.000      1.000      1.000
             250.000       0.282       9.951       4.000    1.20%       1.000      1.000
     Y7                    1.152       3.547       1.000   87.20%       1.000      1.000      1.000
             250.000       0.193      15.222       4.000    0.80%       1.000      1.000
     Y8                    1.140       2.075       1.000   86.00%       1.000      1.000      1.000
             250.000       0.120       2.306       2.000   14.00%       1.000      1.000
     Y9                    1.896       0.471       1.000   30.40%       1.000      2.000      2.000
             250.000       0.533      -0.096       4.000    2.00%       2.000      2.000
     Y10                   1.856       0.832       1.000   35.60%       1.000      2.000      2.000
             250.000       0.635       0.695       5.000    0.40%       2.000      2.000
     X1                    0.056       0.077      -2.254    0.40%      -0.748     -0.234     -0.010
             250.000       0.963      -0.465       2.359    0.40%       0.195      1.008
     X2                    0.488       0.048       0.000   51.20%       0.000      0.000      0.000
             250.000       0.250      -1.998       1.000   48.80%       1.000      1.000


THE MODEL ESTIMATION TERMINATED NORMALLY

     THE STANDARD ERRORS OF THE MODEL PARAMETER ESTIMATES MAY NOT BE
     TRUSTWORTHY FOR SOME PARAMETERS DUE TO A NON-POSITIVE DEFINITE
     FIRST-ORDER DERIVATIVE PRODUCT MATRIX.  THIS MAY BE DUE TO THE STARTING
     VALUES BUT MAY ALSO BE AN INDICATION OF MODEL NONIDENTIFICATION.  THE
     CONDITION NUMBER IS       0.524D-15.  PROBLEM INVOLVING THE FOLLOWING PARAMETER:
     Parameter 35, L6_2

     THIS IS MOST LIKELY DUE TO VARIABLE Y8 BEING DICHOTOMOUS BUT
     DECLARED AS CONTINUOUS.




MODEL FIT INFORMATION

Number of Free Parameters                       34

Loglikelihood

          H0 Value                       -2125.285

Information Criteria

          Akaike (AIC)                    4318.571
          Bayesian (BIC)                  4438.301
          Sample-Size Adjusted BIC        4330.518
            (n* = (n + 2) / 24)



MODEL RESULTS

                                                    Two-Tailed
                    Estimate       S.E.  Est./S.E.    P-Value

 F        BY
    Y1                 0.507      0.046     11.052      0.000
    Y2                 0.470      0.044     10.564      0.000
    Y3                 0.472      0.045     10.575      0.000
    Y4                 0.469      0.047      9.929      0.000
    Y5                 0.506      0.050     10.175      0.000
    Y6               999.000      0.000    999.000    999.000
    Y7                 0.182      0.029      6.308      0.000
    Y8                 0.155      0.023      6.890      0.000
    Y9                 0.441      0.045      9.776      0.000
    Y10                0.510      0.048     10.517      0.000

 Y6       ON
    X1                 0.031      0.030      1.033      0.302
    X2                 0.079      0.059      1.341      0.180

 Means
    F                  0.000      0.000    999.000    999.000

 Intercepts
    Y1                 1.820      0.048     37.799      0.000
    Y2                 1.792      0.046     38.820      0.000
    Y3                 3.080      0.046     66.419      0.000
    Y4                 3.132      0.048     64.659      0.000
    Y5                 3.088      0.051     60.271      0.000
    Y6                 1.140      0.042     27.131      0.000
    Y7                 1.152      0.028     41.473      0.000
    Y8                 1.140      0.022     51.947      0.000
    Y9                 1.896      0.046     41.055      0.000
    Y10                1.856      0.050     36.819      0.000

 Variances
    F                  1.000      0.000    999.000    999.000

 Residual Variances
    Y1                 0.322      0.034      9.536      0.000
    Y2                 0.312      0.032      9.710      0.000
    Y3                 0.315      0.032      9.736      0.000
    Y4                 0.367      0.037      9.949      0.000
    Y5                 0.400      0.041      9.851      0.000
    Y6                 0.190      0.019      9.885      0.000
    Y7                 0.160      0.015     10.753      0.000
    Y8                 0.096      0.009     10.672      0.000
    Y9                 0.339      0.034     10.024      0.000
    Y10                0.375      0.038      9.789      0.000

New/Additional Parameters
    L6_0               0.189      0.042      4.447      0.000
    L6_1               0.061      0.031      1.984      0.047
    L6_2               0.162      0.065      2.513      0.012


QUALITY OF NUMERICAL RESULTS

     Condition Number for the Information Matrix              0.798E-04
       (ratio of smallest to largest eigenvalue)


TECHNICAL 1 OUTPUT


     PARAMETER SPECIFICATION


           NU
              Y1            Y2            Y3            Y4            Y5
              ________      ________      ________      ________      ________
                  1             2             3             4             5


           NU
              Y6            Y7            Y8            Y9            Y10
              ________      ________      ________      ________      ________
                  0             6             7             8             9


           NU
              X1            X2
              ________      ________
                  0             0


           LAMBDA
              F             Y6            X1            X2
              ________      ________      ________      ________
 Y1                10             0             0             0
 Y2                11             0             0             0
 Y3                12             0             0             0
 Y4                13             0             0             0
 Y5                14             0             0             0
 Y6                 0             0             0             0
 Y7                15             0             0             0
 Y8                16             0             0             0
 Y9                17             0             0             0
 Y10               18             0             0             0
 X1                 0             0             0             0
 X2                 0             0             0             0


           THETA
              Y1            Y2            Y3            Y4            Y5
              ________      ________      ________      ________      ________
 Y1                19
 Y2                 0            20
 Y3                 0             0            21
 Y4                 0             0             0            22
 Y5                 0             0             0             0            23
 Y6                 0             0             0             0             0
 Y7                 0             0             0             0             0
 Y8                 0             0             0             0             0
 Y9                 0             0             0             0             0
 Y10                0             0             0             0             0
 X1                 0             0             0             0             0
 X2                 0             0             0             0             0


           THETA
              Y6            Y7            Y8            Y9            Y10
              ________      ________      ________      ________      ________
 Y6                 0
 Y7                 0            24
 Y8                 0             0            25
 Y9                 0             0             0            26
 Y10                0             0             0             0            27
 X1                 0             0             0             0             0
 X2                 0             0             0             0             0


           THETA
              X1            X2
              ________      ________
 X1                 0
 X2                 0             0


           ALPHA
              F             Y6            X1            X2
              ________      ________      ________      ________
                  0            28             0             0


           BETA
              F             Y6            X1            X2
              ________      ________      ________      ________
 F                  0             0             0             0
 Y6                29             0            30            31
 X1                 0             0             0             0
 X2                 0             0             0             0


           PSI
              F             Y6            X1            X2
              ________      ________      ________      ________
 F                  0
 Y6                 0            32
 X1                 0             0             0
 X2                 0             0             0             0


     PARAMETER SPECIFICATION FOR THE ADDITIONAL PARAMETERS


           New/Additional Parameters
              L6_0          L6_1          L6_2
              ________      ________      ________
                   33            34            35


     STARTING VALUES


           NU
              Y1            Y2            Y3            Y4            Y5
              ________      ________      ________      ________      ________
                1.820         1.792         3.080         3.132         3.088


           NU
              Y6            Y7            Y8            Y9            Y10
              ________      ________      ________      ________      ________
                0.000         1.152         1.140         1.896         1.856


           NU
              X1            X2
              ________      ________
                0.000         0.000


           LAMBDA
              F             Y6            X1            X2
              ________      ________      ________      ________
 Y1             1.000         0.000         0.000         0.000
 Y2             1.000         0.000         0.000         0.000
 Y3             1.000         0.000         0.000         0.000
 Y4             1.000         0.000         0.000         0.000
 Y5             1.000         0.000         0.000         0.000
 Y6             0.000         1.000         0.000         0.000
 Y7             1.000         0.000         0.000         0.000
 Y8             1.000         0.000         0.000         0.000
 Y9             1.000         0.000         0.000         0.000
 Y10            1.000         0.000         0.000         0.000
 X1             0.000         0.000         1.000         0.000
 X2             0.000         0.000         0.000         1.000


           THETA
              Y1            Y2            Y3            Y4            Y5
              ________      ________      ________      ________      ________
 Y1             0.290
 Y2             0.000         0.266
 Y3             0.000         0.000         0.269
 Y4             0.000         0.000         0.000         0.293
 Y5             0.000         0.000         0.000         0.000         0.328
 Y6             0.000         0.000         0.000         0.000         0.000
 Y7             0.000         0.000         0.000         0.000         0.000
 Y8             0.000         0.000         0.000         0.000         0.000
 Y9             0.000         0.000         0.000         0.000         0.000
 Y10            0.000         0.000         0.000         0.000         0.000
 X1             0.000         0.000         0.000         0.000         0.000
 X2             0.000         0.000         0.000         0.000         0.000


           THETA
              Y6            Y7            Y8            Y9            Y10
              ________      ________      ________      ________      ________
 Y6             0.000
 Y7             0.000         0.096
 Y8             0.000         0.000         0.060
 Y9             0.000         0.000         0.000         0.267
 Y10            0.000         0.000         0.000         0.000         0.318
 X1             0.000         0.000         0.000         0.000         0.000
 X2             0.000         0.000         0.000         0.000         0.000


           THETA
              X1            X2
              ________      ________
 X1             0.000
 X2             0.000         0.000


           ALPHA
              F             Y6            X1            X2
              ________      ________      ________      ________
                0.000         1.204         0.056         0.488


           BETA
              F             Y6            X1            X2
              ________      ________      ________      ________
 F              0.000         0.000         0.000         0.000
 Y6             1.000         0.000         0.000         0.000
 X1             0.000         0.000         0.000         0.000
 X2             0.000         0.000         0.000         0.000


           PSI
              F             Y6            X1            X2
              ________      ________      ________      ________
 F              1.000
 Y6             0.000         0.141
 X1             0.000         0.000         0.963
 X2             0.000         0.000         0.011         0.250


     STARTING VALUES FOR THE ADDITIONAL PARAMETERS


           New/Additional Parameters
              L6_0          L6_1          L6_2
              ________      ________      ________
                0.500         0.500         0.500


     Beginning Time:  19:18:49
        Ending Time:  19:18:50
       Elapsed Time:  00:00:01



MUTHEN & MUTHEN
3463 Stoner Ave.
Los Angeles, CA  90066

Tel: (310) 391-9971
Fax: (310) 391-8971
Web: www.StatModel.com
Support: Support@StatModel.com

Copyright (c) 1998-2019 Muthen & Muthen
