Mplus VERSION 8.3
MUTHEN & MUTHEN
04/23/2024   7:11 PM

INPUT INSTRUCTIONS


  TITLE: Test with 10 reps

  DATA:
  File is
  G1_B2_N1_rep23.csv;

  VARIABLE:
      Names are x1 x2 eta
  	y1 y2 y3 y4 y5 y6 y7 y8 y9 y10;
      Usevariables are y1-y10 x1 x2;
      constraint = x1 x2;

  MODEL:
      f BY y1* (l1);
      f BY y2* (l2);
      f BY y3* (l3);
      f BY y4* (l4);
      f BY y5* (l5);
      f BY y6* (l6);
      f BY y7* (l7);
      f BY y8* (l8);
      f BY y9* (l9);
      f BY y10* (l10);

  y5 ON x1 x2;
  f@1;
  [f@0];

  MODEL CONSTRAINT:
      new (l5_0 l5_1 l5_2);
      l5 = l5_0 + l5_1*x1 + l5_2*x2;




INPUT READING TERMINATED NORMALLY



Test with 10 reps

SUMMARY OF ANALYSIS

Number of groups                                                 1
Number of observations                                         250

Number of dependent variables                                   10
Number of independent variables                                  2
Number of continuous latent variables                            1

Observed dependent variables

  Continuous
   Y1          Y2          Y3          Y4          Y5          Y6
   Y7          Y8          Y9          Y10

Observed independent variables
   X1          X2

Continuous latent variables
   F


Estimator                                                       ML
Information matrix                                        OBSERVED
Maximum number of iterations                                  1000
Convergence criterion                                    0.500D-04
Maximum number of steepest descent iterations                   20

Input data file(s)
  G1_B2_N1_rep23.csv

Input data format  FREE



UNIVARIATE SAMPLE STATISTICS


     UNIVARIATE HIGHER-ORDER MOMENT DESCRIPTIVE STATISTICS

         Variable/         Mean/     Skewness/   Minimum/ % with                Percentiles
        Sample Size      Variance    Kurtosis    Maximum  Min/Max      20%/60%    40%/80%    Median

     Y1                    1.780       0.439       1.000   34.40%       1.000      2.000      2.000
             250.000       0.436      -0.037       4.000    0.80%       2.000      2.000
     Y2                    1.844       0.370       1.000   34.00%       1.000      2.000      2.000
             250.000       0.516      -0.572       4.000    0.80%       2.000      2.000
     Y3                    3.108       0.130       1.000    0.40%       3.000      3.000      3.000
             250.000       0.488       0.080       5.000    2.00%       3.000      4.000
     Y4                    3.116       0.209       1.000    0.40%       3.000      3.000      3.000
             250.000       0.519       0.116       5.000    2.80%       3.000      4.000
     Y5                    3.080      -0.031       1.000    0.80%       3.000      3.000      3.000
             250.000       0.474       0.143       5.000    1.20%       3.000      4.000
     Y6                    1.140       3.248       1.000   87.20%       1.000      1.000      1.000
             250.000       0.152      13.425       4.000    0.40%       1.000      1.000
     Y7                    1.180       2.159       1.000   83.20%       1.000      1.000      1.000
             250.000       0.172       3.896       3.000    1.20%       1.000      1.000
     Y8                    1.188       1.782       1.000   81.60%       1.000      1.000      1.000
             250.000       0.161       1.742       3.000    0.40%       1.000      1.000
     Y9                    1.836       0.798       1.000   31.20%       1.000      2.000      2.000
             250.000       0.489       1.579       5.000    0.40%       2.000      2.000
     Y10                   1.852       0.796       1.000   34.00%       1.000      2.000      2.000
             250.000       0.582       0.873       5.000    0.40%       2.000      2.000
     X1                    0.134       0.094      -2.431    0.40%      -0.732     -0.142      0.212
             250.000       1.061      -0.130       2.828    0.40%       0.386      0.912
     X2                    0.492       0.032       0.000   50.80%       0.000      0.000      0.000
             250.000       0.250      -1.999       1.000   49.20%       1.000      1.000


THE MODEL ESTIMATION TERMINATED NORMALLY



MODEL FIT INFORMATION

Number of Free Parameters                       34

Loglikelihood

          H0 Value                       -1929.035

Information Criteria

          Akaike (AIC)                    3926.070
          Bayesian (BIC)                  4045.800
          Sample-Size Adjusted BIC        3938.017
            (n* = (n + 2) / 24)



MODEL RESULTS

                                                    Two-Tailed
                    Estimate       S.E.  Est./S.E.    P-Value

 F        BY
    Y1                 0.376      0.041      9.131      0.000
    Y2                 0.416      0.045      9.304      0.000
    Y3                 0.418      0.043      9.708      0.000
    Y4                 0.493      0.043     11.501      0.000
    Y5               999.000      0.000    999.000    999.000
    Y6                 0.230      0.024      9.464      0.000
    Y7                 0.211      0.026      8.004      0.000
    Y8                 0.174      0.026      6.653      0.000
    Y9                 0.457      0.042     10.829      0.000
    Y10                0.519      0.046     11.412      0.000

 Y5       ON
    X1                 0.048      0.035      1.367      0.172
    X2                 0.039      0.073      0.537      0.591

 Means
    F                  0.000      0.000    999.000    999.000

 Intercepts
    Y1                 1.780      0.042     42.643      0.000
    Y2                 1.844      0.045     40.602      0.000
    Y3                 3.108      0.044     70.322      0.000
    Y4                 3.116      0.046     68.419      0.000
    Y5                 3.068      0.059     51.913      0.000
    Y6                 1.140      0.025     46.172      0.000
    Y7                 1.180      0.026     45.039      0.000
    Y8                 1.188      0.025     46.864      0.000
    Y9                 1.836      0.044     41.509      0.000
    Y10                1.852      0.048     38.381      0.000

 Variances
    F                  1.000      0.000    999.000    999.000

 Residual Variances
    Y1                 0.294      0.029     10.239      0.000
    Y2                 0.343      0.034     10.185      0.000
    Y3                 0.313      0.031     10.092      0.000
    Y4                 0.276      0.029      9.452      0.000
    Y5                 0.277      0.028      9.869      0.000
    Y6                 0.100      0.010     10.110      0.000
    Y7                 0.127      0.012     10.486      0.000
    Y8                 0.131      0.012     10.723      0.000
    Y9                 0.280      0.029      9.709      0.000
    Y10                0.312      0.033      9.484      0.000

New/Additional Parameters
    L5_0               0.488      0.063      7.786      0.000
    L5_1              -0.005      0.033     -0.168      0.867
    L5_2              -0.112      0.081     -1.390      0.164


QUALITY OF NUMERICAL RESULTS

     Condition Number for the Information Matrix              0.929E-04
       (ratio of smallest to largest eigenvalue)


     Beginning Time:  19:11:03
        Ending Time:  19:11:04
       Elapsed Time:  00:00:01



MUTHEN & MUTHEN
3463 Stoner Ave.
Los Angeles, CA  90066

Tel: (310) 391-9971
Fax: (310) 391-8971
Web: www.StatModel.com
Support: Support@StatModel.com

Copyright (c) 1998-2019 Muthen & Muthen
