Mplus VERSION 8.3
MUTHEN & MUTHEN
04/23/2024   7:05 PM

INPUT INSTRUCTIONS


  TITLE: Test with 10 reps

  DATA:
  File is
  G1_B2_N1_rep207.csv;

  VARIABLE:
      Names are x1 x2 eta
  	y1 y2 y3 y4 y5 y6 y7 y8 y9 y10;
      Usevariables are y1-y10 x1 x2;
      constraint = x1 x2;

  MODEL:
      f BY y1* (l1);
      f BY y2* (l2);
      f BY y3* (l3);
      f BY y4* (l4);
      f BY y5* (l5);
      f BY y6* (l6);
      f BY y7* (l7);
      f BY y8* (l8);
      f BY y9* (l9);
      f BY y10* (l10);

  y6 ON x1 x2;
  f@1;
  [f@0];

  MODEL CONSTRAINT:
      new (l6_0 l6_1 l6_2);
      l6 = l6_0 + l6_1*x1 + l6_2*x2;




INPUT READING TERMINATED NORMALLY



Test with 10 reps

SUMMARY OF ANALYSIS

Number of groups                                                 1
Number of observations                                         250

Number of dependent variables                                   10
Number of independent variables                                  2
Number of continuous latent variables                            1

Observed dependent variables

  Continuous
   Y1          Y2          Y3          Y4          Y5          Y6
   Y7          Y8          Y9          Y10

Observed independent variables
   X1          X2

Continuous latent variables
   F


Estimator                                                       ML
Information matrix                                        OBSERVED
Maximum number of iterations                                  1000
Convergence criterion                                    0.500D-04
Maximum number of steepest descent iterations                   20

Input data file(s)
  G1_B2_N1_rep207.csv

Input data format  FREE



UNIVARIATE SAMPLE STATISTICS


     UNIVARIATE HIGHER-ORDER MOMENT DESCRIPTIVE STATISTICS

         Variable/         Mean/     Skewness/   Minimum/ % with                Percentiles
        Sample Size      Variance    Kurtosis    Maximum  Min/Max      20%/60%    40%/80%    Median

     Y1                    1.844       0.568       1.000   32.40%       1.000      2.000      2.000
             250.000       0.508       0.203       4.000    2.00%       2.000      2.000
     Y2                    1.808       0.674       1.000   37.20%       1.000      2.000      2.000
             250.000       0.555       0.459       5.000    0.40%       2.000      2.000
     Y3                    3.104       0.294       2.000   18.40%       3.000      3.000      3.000
             250.000       0.517      -0.066       5.000    2.80%       3.000      4.000
     Y4                    3.116      -0.047       1.000    1.20%       2.000      3.000      3.000
             250.000       0.599      -0.193       5.000    2.40%       3.000      4.000
     Y5                    3.200      -0.123       1.000    0.80%       3.000      3.000      3.000
             250.000       0.568      -0.222       5.000    2.40%       3.000      4.000
     Y6                    1.184       2.228       1.000   83.20%       1.000      1.000      1.000
             250.000       0.182       4.305       3.000    1.60%       1.000      1.000
     Y7                    1.160       2.726       1.000   86.40%       1.000      1.000      1.000
             250.000       0.182       6.962       3.000    2.40%       1.000      1.000
     Y8                    1.152       3.104       1.000   86.40%       1.000      1.000      1.000
             250.000       0.169      11.760       4.000    0.40%       1.000      1.000
     Y9                    1.840       0.442       1.000   34.80%       1.000      2.000      2.000
             250.000       0.534      -0.438       4.000    1.20%       2.000      2.000
     Y10                   1.840       0.341       1.000   29.20%       1.000      2.000      2.000
             250.000       0.414       0.086       4.000    0.80%       2.000      2.000
     X1                    0.051      -0.153      -2.233    0.40%      -0.733     -0.197      0.127
             250.000       0.894      -0.460       2.618    0.40%       0.334      0.878
     X2                    0.524      -0.096       0.000   47.60%       0.000      0.000      1.000
             250.000       0.249      -1.991       1.000   52.40%       1.000      1.000


THE MODEL ESTIMATION TERMINATED NORMALLY



MODEL FIT INFORMATION

Number of Free Parameters                       34

Loglikelihood

          H0 Value                       -1980.986

Information Criteria

          Akaike (AIC)                    4029.973
          Bayesian (BIC)                  4149.703
          Sample-Size Adjusted BIC        4041.920
            (n* = (n + 2) / 24)



MODEL RESULTS

                                                    Two-Tailed
                    Estimate       S.E.  Est./S.E.    P-Value

 F        BY
    Y1                 0.457      0.043     10.640      0.000
    Y2                 0.520      0.044     11.892      0.000
    Y3                 0.507      0.042     12.016      0.000
    Y4                 0.473      0.047     10.015      0.000
    Y5                 0.434      0.047      9.311      0.000
    Y6               999.000      0.000    999.000    999.000
    Y7                 0.271      0.026     10.462      0.000
    Y8                 0.201      0.026      7.658      0.000
    Y9                 0.469      0.044     10.640      0.000
    Y10                0.375      0.040      9.430      0.000

 Y6       ON
    X1                 0.013      0.026      0.509      0.610
    X2                 0.005      0.050      0.091      0.927

 Means
    F                  0.000      0.000    999.000    999.000

 Intercepts
    Y1                 1.844      0.045     40.921      0.000
    Y2                 1.808      0.047     38.368      0.000
    Y3                 3.104      0.045     68.245      0.000
    Y4                 3.116      0.049     63.682      0.000
    Y5                 3.200      0.048     67.134      0.000
    Y6                 1.163      0.037     31.724      0.000
    Y7                 1.160      0.027     42.945      0.000
    Y8                 1.152      0.026     44.321      0.000
    Y9                 1.840      0.046     39.797      0.000
    Y10                1.840      0.041     45.194      0.000

 Variances
    F                  1.000      0.000    999.000    999.000

 Residual Variances
    Y1                 0.299      0.030      9.927      0.000
    Y2                 0.284      0.030      9.462      0.000
    Y3                 0.261      0.028      9.388      0.000
    Y4                 0.375      0.037     10.093      0.000
    Y5                 0.379      0.037     10.270      0.000
    Y6                 0.130      0.013     10.335      0.000
    Y7                 0.109      0.011      9.927      0.000
    Y8                 0.129      0.012     10.593      0.000
    Y9                 0.314      0.032      9.902      0.000
    Y10                0.274      0.027     10.235      0.000

New/Additional Parameters
    L6_0               0.137      0.038      3.628      0.000
    L6_1               0.021      0.029      0.728      0.467
    L6_2               0.144      0.052      2.755      0.006


QUALITY OF NUMERICAL RESULTS

     Condition Number for the Information Matrix              0.114E-03
       (ratio of smallest to largest eigenvalue)


     Beginning Time:  19:05:13
        Ending Time:  19:05:14
       Elapsed Time:  00:00:01



MUTHEN & MUTHEN
3463 Stoner Ave.
Los Angeles, CA  90066

Tel: (310) 391-9971
Fax: (310) 391-8971
Web: www.StatModel.com
Support: Support@StatModel.com

Copyright (c) 1998-2019 Muthen & Muthen
