Mplus VERSION 8.3
MUTHEN & MUTHEN
04/23/2024   7:13 PM

INPUT INSTRUCTIONS


  TITLE: Test with 10 reps

  DATA:
  File is
  G1_B2_N1_rep239.csv;

  VARIABLE:
      Names are x1 x2 eta
  	y1 y2 y3 y4 y5 y6 y7 y8 y9 y10;
      Usevariables are y1-y10 x1 x2;
      constraint = x1 x2;

  MODEL:
      f BY y1* (l1);
      f BY y2* (l2);
      f BY y3* (l3);
      f BY y4* (l4);
      f BY y5* (l5);
      f BY y6* (l6);
      f BY y7* (l7);
      f BY y8* (l8);
      f BY y9* (l9);
      f BY y10* (l10);

  y7 ON x1 x2;
  f@1;
  [f@0];

  MODEL CONSTRAINT:
      new (l7_0 l7_1 l7_2);
      l7 = l7_0 + l7_1*x1 + l7_2*x2;




INPUT READING TERMINATED NORMALLY



Test with 10 reps

SUMMARY OF ANALYSIS

Number of groups                                                 1
Number of observations                                         250

Number of dependent variables                                   10
Number of independent variables                                  2
Number of continuous latent variables                            1

Observed dependent variables

  Continuous
   Y1          Y2          Y3          Y4          Y5          Y6
   Y7          Y8          Y9          Y10

Observed independent variables
   X1          X2

Continuous latent variables
   F


Estimator                                                       ML
Information matrix                                        OBSERVED
Maximum number of iterations                                  1000
Convergence criterion                                    0.500D-04
Maximum number of steepest descent iterations                   20

Input data file(s)
  G1_B2_N1_rep239.csv

Input data format  FREE



UNIVARIATE SAMPLE STATISTICS


     UNIVARIATE HIGHER-ORDER MOMENT DESCRIPTIVE STATISTICS

         Variable/         Mean/     Skewness/   Minimum/ % with                Percentiles
        Sample Size      Variance    Kurtosis    Maximum  Min/Max      20%/60%    40%/80%    Median

     Y1                    1.840       0.508       1.000   33.20%       1.000      2.000      2.000
             250.000       0.510      -0.054       4.000    1.60%       2.000      2.000
     Y2                    1.892       0.361       1.000   29.60%       1.000      2.000      2.000
             250.000       0.496      -0.274       4.000    1.20%       2.000      2.000
     Y3                    3.156      -0.058       1.000    0.80%       3.000      3.000      3.000
             250.000       0.468       0.305       5.000    1.60%       3.000      4.000
     Y4                    3.140      -0.062       1.000    1.20%       3.000      3.000      3.000
             250.000       0.560       0.058       5.000    2.40%       3.000      4.000
     Y5                    3.140       0.194       2.000   16.80%       3.000      3.000      3.000
             250.000       0.504      -0.196       5.000    2.40%       3.000      4.000
     Y6                    1.144       2.644       1.000   86.80%       1.000      1.000      1.000
             250.000       0.147       6.554       3.000    1.20%       1.000      1.000
     Y7                    1.176       2.324       1.000   84.00%       1.000      1.000      1.000
             250.000       0.177       4.796       3.000    1.60%       1.000      1.000
     Y8                    1.196       2.096       1.000   82.00%       1.000      1.000      1.000
             250.000       0.190       3.655       3.000    1.60%       1.000      1.000
     Y9                    1.872       0.539       1.000   34.40%       1.000      2.000      2.000
             250.000       0.592      -0.248       4.000    2.40%       2.000      2.000
     Y10                   1.840       0.595       1.000   30.40%       1.000      2.000      2.000
             250.000       0.454       1.176       5.000    0.40%       2.000      2.000
     X1                   -0.093       0.127      -3.341    0.40%      -0.957     -0.405     -0.098
             250.000       1.056       0.173       2.793    0.40%       0.085      0.717
     X2                    0.504      -0.016       0.000   49.60%       0.000      0.000      1.000
             250.000       0.250      -2.000       1.000   50.40%       1.000      1.000


THE MODEL ESTIMATION TERMINATED NORMALLY



MODEL FIT INFORMATION

Number of Free Parameters                       34

Loglikelihood

          H0 Value                       -1959.185

Information Criteria

          Akaike (AIC)                    3986.369
          Bayesian (BIC)                  4106.099
          Sample-Size Adjusted BIC        3998.316
            (n* = (n + 2) / 24)



MODEL RESULTS

                                                    Two-Tailed
                    Estimate       S.E.  Est./S.E.    P-Value

 F        BY
    Y1                 0.441      0.044     10.114      0.000
    Y2                 0.409      0.044      9.343      0.000
    Y3                 0.399      0.042      9.422      0.000
    Y4                 0.471      0.046     10.331      0.000
    Y5                 0.429      0.044      9.840      0.000
    Y6                 0.186      0.025      7.587      0.000
    Y7               999.000      0.000    999.000    999.000
    Y8                 0.232      0.027      8.443      0.000
    Y9                 0.526      0.046     11.500      0.000
    Y10                0.479      0.040     12.117      0.000

 Y7       ON
    X1                -0.012      0.023     -0.516      0.606
    X2                 0.003      0.046      0.060      0.952

 Means
    F                  0.000      0.000    999.000    999.000

 Intercepts
    Y1                 1.840      0.045     40.722      0.000
    Y2                 1.892      0.045     42.462      0.000
    Y3                 3.156      0.043     72.969      0.000
    Y4                 3.140      0.047     66.321      0.000
    Y5                 3.140      0.045     69.906      0.000
    Y6                 1.144      0.024     47.135      0.000
    Y7                 1.160      0.035     32.882      0.000
    Y8                 1.196      0.028     43.431      0.000
    Y9                 1.872      0.049     38.482      0.000
    Y10                1.840      0.043     43.159      0.000

 Variances
    F                  1.000      0.000    999.000    999.000

 Residual Variances
    Y1                 0.316      0.032     10.013      0.000
    Y2                 0.329      0.032     10.199      0.000
    Y3                 0.308      0.030     10.186      0.000
    Y4                 0.339      0.034      9.917      0.000
    Y5                 0.320      0.032     10.085      0.000
    Y6                 0.113      0.011     10.591      0.000
    Y7                 0.115      0.011     10.159      0.000
    Y8                 0.136      0.013     10.444      0.000
    Y9                 0.315      0.033      9.487      0.000
    Y10                0.225      0.024      9.213      0.000

New/Additional Parameters
    L7_0               0.214      0.040      5.337      0.000
    L7_1               0.029      0.024      1.177      0.239
    L7_2               0.060      0.052      1.160      0.246


QUALITY OF NUMERICAL RESULTS

     Condition Number for the Information Matrix              0.110E-03
       (ratio of smallest to largest eigenvalue)


     Beginning Time:  19:13:27
        Ending Time:  19:13:29
       Elapsed Time:  00:00:02



MUTHEN & MUTHEN
3463 Stoner Ave.
Los Angeles, CA  90066

Tel: (310) 391-9971
Fax: (310) 391-8971
Web: www.StatModel.com
Support: Support@StatModel.com

Copyright (c) 1998-2019 Muthen & Muthen
