Mplus VERSION 8.3
MUTHEN & MUTHEN
04/23/2024   7:24 PM

INPUT INSTRUCTIONS


  TITLE: Test with 10 reps

  DATA:
  File is
  G1_B2_N1_rep282.csv;

  VARIABLE:
      Names are x1 x2 eta
  	y1 y2 y3 y4 y5 y6 y7 y8 y9 y10;
      Usevariables are y1-y10 x1 x2;
      constraint = x1 x2;

  MODEL:
      f BY y1* (l1);
      f BY y2* (l2);
      f BY y3* (l3);
      f BY y4* (l4);
      f BY y5* (l5);
      f BY y6* (l6);
      f BY y7* (l7);
      f BY y8* (l8);
      f BY y9* (l9);
      f BY y10* (l10);

  y10 ON x1 x2;
  f@1;
  [f@0];

  MODEL CONSTRAINT:
      new (l10_0 l10_1 l10_2);
      l10 = l10_0 + l10_1*x1 + l10_2*x2;




INPUT READING TERMINATED NORMALLY



Test with 10 reps

SUMMARY OF ANALYSIS

Number of groups                                                 1
Number of observations                                         250

Number of dependent variables                                   10
Number of independent variables                                  2
Number of continuous latent variables                            1

Observed dependent variables

  Continuous
   Y1          Y2          Y3          Y4          Y5          Y6
   Y7          Y8          Y9          Y10

Observed independent variables
   X1          X2

Continuous latent variables
   F


Estimator                                                       ML
Information matrix                                        OBSERVED
Maximum number of iterations                                  1000
Convergence criterion                                    0.500D-04
Maximum number of steepest descent iterations                   20

Input data file(s)
  G1_B2_N1_rep282.csv

Input data format  FREE



UNIVARIATE SAMPLE STATISTICS


     UNIVARIATE HIGHER-ORDER MOMENT DESCRIPTIVE STATISTICS

         Variable/         Mean/     Skewness/   Minimum/ % with                Percentiles
        Sample Size      Variance    Kurtosis    Maximum  Min/Max      20%/60%    40%/80%    Median

     Y1                    1.748       0.600       1.000   38.80%       1.000      2.000      2.000
             250.000       0.484       0.013       4.000    1.20%       2.000      2.000
     Y2                    1.792       0.733       1.000   34.80%       1.000      2.000      2.000
             250.000       0.485       1.214       5.000    0.40%       2.000      2.000
     Y3                    3.080      -0.245       1.000    2.40%       3.000      3.000      3.000
             250.000       0.562       0.359       5.000    1.60%       3.000      4.000
     Y4                    3.116       0.011       1.000    1.20%       3.000      3.000      3.000
             250.000       0.591      -0.035       5.000    2.80%       3.000      4.000
     Y5                    3.052      -0.141       1.000    2.40%       2.000      3.000      3.000
             250.000       0.641      -0.139       5.000    2.00%       3.000      4.000
     Y6                    1.204       2.487       1.000   82.00%       1.000      1.000      1.000
             250.000       0.218       6.993       4.000    0.40%       1.000      1.000
     Y7                    1.156       2.310       1.000   85.20%       1.000      1.000      1.000
             250.000       0.148       4.523       3.000    0.80%       1.000      1.000
     Y8                    1.168       2.426       1.000   84.80%       1.000      1.000      1.000
             250.000       0.172       5.339       3.000    1.60%       1.000      1.000
     Y9                    1.848       0.830       1.000   30.80%       1.000      2.000      2.000
             250.000       0.505       1.576       5.000    0.40%       2.000      2.000
     Y10                   1.804       0.633       1.000   35.60%       1.000      2.000      2.000
             250.000       0.518       0.211       4.000    2.00%       2.000      2.000
     X1                    0.075      -0.131      -3.122    0.40%      -0.761     -0.147      0.054
             250.000       0.936      -0.114       2.587    0.40%       0.307      0.890
     X2                    0.512      -0.048       0.000   48.80%       0.000      0.000      1.000
             250.000       0.250      -1.998       1.000   51.20%       1.000      1.000


THE MODEL ESTIMATION TERMINATED NORMALLY



MODEL FIT INFORMATION

Number of Free Parameters                       34

Loglikelihood

          H0 Value                       -2048.076

Information Criteria

          Akaike (AIC)                    4164.153
          Bayesian (BIC)                  4283.882
          Sample-Size Adjusted BIC        4176.099
            (n* = (n + 2) / 24)



MODEL RESULTS

                                                    Two-Tailed
                    Estimate       S.E.  Est./S.E.    P-Value

 F        BY
    Y1                 0.377      0.044      8.554      0.000
    Y2                 0.414      0.043      9.574      0.000
    Y3                 0.482      0.046     10.548      0.000
    Y4                 0.510      0.046     10.999      0.000
    Y5                 0.545      0.048     11.347      0.000
    Y6                 0.257      0.030      8.703      0.000
    Y7                 0.177      0.025      7.073      0.000
    Y8                 0.186      0.027      6.857      0.000
    Y9                 0.444      0.044     10.170      0.000
    Y10              999.000      0.000    999.000    999.000

 Y10      ON
    X1                -0.008      0.040     -0.211      0.833
    X2                 0.027      0.077      0.353      0.724

 Means
    F                  0.000      0.000    999.000    999.000

 Intercepts
    Y1                 1.748      0.044     39.707      0.000
    Y2                 1.792      0.044     40.696      0.000
    Y3                 3.080      0.047     64.984      0.000
    Y4                 3.116      0.049     64.112      0.000
    Y5                 3.052      0.051     60.259      0.000
    Y6                 1.204      0.030     40.737      0.000
    Y7                 1.156      0.024     47.565      0.000
    Y8                 1.168      0.026     44.559      0.000
    Y9                 1.848      0.045     41.122      0.000
    Y10                1.793      0.060     29.897      0.000

 Variances
    F                  1.000      0.000    999.000    999.000

 Residual Variances
    Y1                 0.342      0.033     10.307      0.000
    Y2                 0.313      0.031     10.035      0.000
    Y3                 0.330      0.034      9.723      0.000
    Y4                 0.330      0.035      9.557      0.000
    Y5                 0.344      0.037      9.378      0.000
    Y6                 0.152      0.015     10.269      0.000
    Y7                 0.116      0.011     10.617      0.000
    Y8                 0.137      0.013     10.639      0.000
    Y9                 0.308      0.031      9.824      0.000
    Y10                0.313      0.032      9.818      0.000

New/Additional Parameters
    L10_0              0.404      0.067      6.038      0.000
    L10_1             -0.062      0.038     -1.639      0.101
    L10_2              0.088      0.084      1.055      0.292


QUALITY OF NUMERICAL RESULTS

     Condition Number for the Information Matrix              0.117E-03
       (ratio of smallest to largest eigenvalue)


     Beginning Time:  19:24:31
        Ending Time:  19:24:33
       Elapsed Time:  00:00:02



MUTHEN & MUTHEN
3463 Stoner Ave.
Los Angeles, CA  90066

Tel: (310) 391-9971
Fax: (310) 391-8971
Web: www.StatModel.com
Support: Support@StatModel.com

Copyright (c) 1998-2019 Muthen & Muthen
