Mplus VERSION 8.3
MUTHEN & MUTHEN
04/23/2024   7:54 PM

INPUT INSTRUCTIONS


  TITLE: Test with 10 reps

  DATA:
  File is
  G1_B2_N1_rep397.csv;

  VARIABLE:
      Names are x1 x2 eta
  	y1 y2 y3 y4 y5 y6 y7 y8 y9 y10;
      Usevariables are y1-y10 x1 x2;
      constraint = x1 x2;

  MODEL:
      f BY y1* (l1);
      f BY y2* (l2);
      f BY y3* (l3);
      f BY y4* (l4);
      f BY y5* (l5);
      f BY y6* (l6);
      f BY y7* (l7);
      f BY y8* (l8);
      f BY y9* (l9);
      f BY y10* (l10);

  y3 ON x1 x2;
  f@1;
  [f@0];

  MODEL CONSTRAINT:
      new (l3_0 l3_1 l3_2);
      l3 = l3_0 + l3_1*x1 + l3_2*x2;




INPUT READING TERMINATED NORMALLY



Test with 10 reps

SUMMARY OF ANALYSIS

Number of groups                                                 1
Number of observations                                         250

Number of dependent variables                                   10
Number of independent variables                                  2
Number of continuous latent variables                            1

Observed dependent variables

  Continuous
   Y1          Y2          Y3          Y4          Y5          Y6
   Y7          Y8          Y9          Y10

Observed independent variables
   X1          X2

Continuous latent variables
   F


Estimator                                                       ML
Information matrix                                        OBSERVED
Maximum number of iterations                                  1000
Convergence criterion                                    0.500D-04
Maximum number of steepest descent iterations                   20

Input data file(s)
  G1_B2_N1_rep397.csv

Input data format  FREE



UNIVARIATE SAMPLE STATISTICS


     UNIVARIATE HIGHER-ORDER MOMENT DESCRIPTIVE STATISTICS

         Variable/         Mean/     Skewness/   Minimum/ % with                Percentiles
        Sample Size      Variance    Kurtosis    Maximum  Min/Max      20%/60%    40%/80%    Median

     Y1                    1.920       1.187       1.000   31.20%       1.000      2.000      2.000
             250.000       0.714       2.015       5.000    1.60%       2.000      2.000
     Y2                    1.860       0.958       1.000   37.60%       1.000      2.000      2.000
             250.000       0.704       1.156       5.000    1.20%       2.000      2.000
     Y3                    3.172       0.156       1.000    0.40%       3.000      3.000      3.000
             250.000       0.566      -0.105       5.000    3.60%       3.000      4.000
     Y4                    3.176      -0.008       1.000    1.20%       3.000      3.000      3.000
             250.000       0.649      -0.186       5.000    4.00%       3.000      4.000
     Y5                    3.116      -0.213       1.000    2.80%       3.000      3.000      3.000
             250.000       0.647       0.184       5.000    2.80%       3.000      4.000
     Y6                    1.220       2.195       1.000   79.60%       1.000      1.000      1.000
             250.000       0.212       5.758       4.000    0.40%       1.000      2.000
     Y7                    1.180       3.349       1.000   85.20%       1.000      1.000      1.000
             250.000       0.236      13.312       4.000    1.20%       1.000      1.000
     Y8                    1.176       2.423       1.000   84.40%       1.000      1.000      1.000
             250.000       0.185       5.322       3.000    2.00%       1.000      1.000
     Y9                    1.844       0.960       1.000   35.60%       1.000      2.000      2.000
             250.000       0.628       1.370       5.000    0.80%       2.000      2.000
     Y10                   1.892       0.464       1.000   32.00%       1.000      2.000      2.000
             250.000       0.560      -0.271       4.000    2.00%       2.000      2.000
     X1                   -0.045      -0.014      -2.772    0.40%      -0.977     -0.369      0.048
             250.000       1.074      -0.292       2.818    0.40%       0.255      0.835
     X2                    0.488       0.048       0.000   51.20%       0.000      0.000      0.000
             250.000       0.250      -1.998       1.000   48.80%       1.000      1.000


THE MODEL ESTIMATION TERMINATED NORMALLY



MODEL FIT INFORMATION

Number of Free Parameters                       34

Loglikelihood

          H0 Value                       -2229.065

Information Criteria

          Akaike (AIC)                    4526.129
          Bayesian (BIC)                  4645.859
          Sample-Size Adjusted BIC        4538.076
            (n* = (n + 2) / 24)



MODEL RESULTS

                                                    Two-Tailed
                    Estimate       S.E.  Est./S.E.    P-Value

 F        BY
    Y1                 0.574      0.050     11.392      0.000
    Y2                 0.566      0.050     11.288      0.000
    Y3               999.000      0.000    999.000    999.000
    Y4                 0.507      0.049     10.338      0.000
    Y5                 0.561      0.048     11.808      0.000
    Y6                 0.233      0.029      7.980      0.000
    Y7                 0.217      0.031      6.890      0.000
    Y8                 0.214      0.027      7.802      0.000
    Y9                 0.500      0.048     10.372      0.000
    Y10                0.446      0.046      9.675      0.000

 Y3       ON
    X1                 0.017      0.039      0.433      0.665
    X2                 0.083      0.079      1.054      0.292

 Means
    F                  0.000      0.000    999.000    999.000

 Intercepts
    Y1                 1.920      0.053     35.937      0.000
    Y2                 1.860      0.053     35.041      0.000
    Y3                 3.128      0.062     50.438      0.000
    Y4                 3.176      0.051     62.333      0.000
    Y5                 3.116      0.051     61.273      0.000
    Y6                 1.220      0.029     41.935      0.000
    Y7                 1.180      0.031     38.438      0.000
    Y8                 1.176      0.027     43.228      0.000
    Y9                 1.844      0.050     36.802      0.000
    Y10                1.892      0.047     39.964      0.000

 Variances
    F                  1.000      0.000    999.000    999.000

 Residual Variances
    Y1                 0.384      0.040      9.521      0.000
    Y2                 0.384      0.040      9.581      0.000
    Y3                 0.345      0.035      9.997      0.000
    Y4                 0.392      0.039      9.935      0.000
    Y5                 0.332      0.035      9.355      0.000
    Y6                 0.157      0.015     10.519      0.000
    Y7                 0.189      0.018     10.702      0.000
    Y8                 0.139      0.013     10.545      0.000
    Y9                 0.378      0.038      9.920      0.000
    Y10                0.361      0.036     10.131      0.000

New/Additional Parameters
    L3_0               0.449      0.066      6.774      0.000
    L3_1               0.011      0.039      0.282      0.778
    L3_2               0.016      0.085      0.193      0.847


QUALITY OF NUMERICAL RESULTS

     Condition Number for the Information Matrix              0.169E-03
       (ratio of smallest to largest eigenvalue)


     Beginning Time:  19:54:21
        Ending Time:  19:54:23
       Elapsed Time:  00:00:02



MUTHEN & MUTHEN
3463 Stoner Ave.
Los Angeles, CA  90066

Tel: (310) 391-9971
Fax: (310) 391-8971
Web: www.StatModel.com
Support: Support@StatModel.com

Copyright (c) 1998-2019 Muthen & Muthen
