Mplus VERSION 8.3
MUTHEN & MUTHEN
04/23/2024   7:30 PM

INPUT INSTRUCTIONS


  TITLE: Test with 10 reps

  DATA:
  File is
  G1_B2_N1_rep304.csv;

  VARIABLE:
      Names are x1 x2 eta
  	y1 y2 y3 y4 y5 y6 y7 y8 y9 y10;
      Usevariables are y1-y10 x1 x2;
      constraint = x1 x2;

  MODEL:
      f BY y1* (l1);
      f BY y2* (l2);
      f BY y3* (l3);
      f BY y4* (l4);
      f BY y5* (l5);
      f BY y6* (l6);
      f BY y7* (l7);
      f BY y8* (l8);
      f BY y9* (l9);
      f BY y10* (l10);

  y10 ON x1 x2;
  f@1;
  [f@0];

  MODEL CONSTRAINT:
      new (l10_0 l10_1 l10_2);
      l10 = l10_0 + l10_1*x1 + l10_2*x2;




INPUT READING TERMINATED NORMALLY



Test with 10 reps

SUMMARY OF ANALYSIS

Number of groups                                                 1
Number of observations                                         250

Number of dependent variables                                   10
Number of independent variables                                  2
Number of continuous latent variables                            1

Observed dependent variables

  Continuous
   Y1          Y2          Y3          Y4          Y5          Y6
   Y7          Y8          Y9          Y10

Observed independent variables
   X1          X2

Continuous latent variables
   F


Estimator                                                       ML
Information matrix                                        OBSERVED
Maximum number of iterations                                  1000
Convergence criterion                                    0.500D-04
Maximum number of steepest descent iterations                   20

Input data file(s)
  G1_B2_N1_rep304.csv

Input data format  FREE



UNIVARIATE SAMPLE STATISTICS


     UNIVARIATE HIGHER-ORDER MOMENT DESCRIPTIVE STATISTICS

         Variable/         Mean/     Skewness/   Minimum/ % with                Percentiles
        Sample Size      Variance    Kurtosis    Maximum  Min/Max      20%/60%    40%/80%    Median

     Y1                    1.804       0.794       1.000   32.80%       1.000      2.000      2.000
             250.000       0.470       1.674       5.000    0.40%       2.000      2.000
     Y2                    1.796       0.802       1.000   38.00%       1.000      2.000      2.000
             250.000       0.570       0.780       5.000    0.40%       2.000      2.000
     Y3                    3.068       0.192       1.000    0.40%       2.000      3.000      3.000
             250.000       0.543      -0.128       5.000    2.40%       3.000      4.000
     Y4                    3.104      -0.175       1.000    1.60%       3.000      3.000      3.000
             250.000       0.573      -0.071       5.000    1.60%       3.000      4.000
     Y5                    3.076      -0.143       1.000    2.80%       2.000      3.000      3.000
             250.000       0.694      -0.151       5.000    2.80%       3.000      4.000
     Y6                    1.148       2.421       1.000   86.00%       1.000      1.000      1.000
             250.000       0.142       5.126       3.000    0.80%       1.000      1.000
     Y7                    1.136       2.776       1.000   87.60%       1.000      1.000      1.000
             250.000       0.142       7.367       3.000    1.20%       1.000      1.000
     Y8                    1.164       2.904       1.000   85.20%       1.000      1.000      1.000
             250.000       0.177      10.285       4.000    0.40%       1.000      1.000
     Y9                    1.828       0.754       1.000   37.60%       1.000      2.000      2.000
             250.000       0.622       0.168       4.000    3.60%       2.000      2.000
     Y10                   1.792       0.904       1.000   38.40%       1.000      2.000      2.000
             250.000       0.589       1.019       5.000    0.40%       2.000      2.000
     X1                   -0.044       0.108      -2.715    0.40%      -0.805     -0.266     -0.065
             250.000       0.870       0.338       3.216    0.40%       0.188      0.708
     X2                    0.496       0.016       0.000   50.40%       0.000      0.000      0.000
             250.000       0.250      -2.000       1.000   49.60%       1.000      1.000


THE MODEL ESTIMATION TERMINATED NORMALLY



MODEL FIT INFORMATION

Number of Free Parameters                       34

Loglikelihood

          H0 Value                       -2048.909

Information Criteria

          Akaike (AIC)                    4165.819
          Bayesian (BIC)                  4285.549
          Sample-Size Adjusted BIC        4177.766
            (n* = (n + 2) / 24)



MODEL RESULTS

                                                    Two-Tailed
                    Estimate       S.E.  Est./S.E.    P-Value

 F        BY
    Y1                 0.405      0.042      9.541      0.000
    Y2                 0.520      0.045     11.571      0.000
    Y3                 0.443      0.045      9.741      0.000
    Y4                 0.513      0.045     11.348      0.000
    Y5                 0.565      0.050     11.362      0.000
    Y6                 0.163      0.025      6.625      0.000
    Y7                 0.120      0.025      4.796      0.000
    Y8                 0.204      0.027      7.562      0.000
    Y9                 0.558      0.047     11.989      0.000
    Y10              999.000      0.000    999.000    999.000

 Y10      ON
    X1                 0.023      0.046      0.498      0.618
    X2                 0.077      0.084      0.919      0.358

 Means
    F                  0.000      0.000    999.000    999.000

 Intercepts
    Y1                 1.804      0.043     41.625      0.000
    Y2                 1.796      0.048     37.600      0.000
    Y3                 3.068      0.047     65.807      0.000
    Y4                 3.104      0.048     64.825      0.000
    Y5                 3.076      0.053     58.372      0.000
    Y6                 1.148      0.024     48.153      0.000
    Y7                 1.136      0.024     47.749      0.000
    Y8                 1.164      0.027     43.733      0.000
    Y9                 1.828      0.050     36.636      0.000
    Y10                1.759      0.065     27.139      0.000

 Variances
    F                  1.000      0.000    999.000    999.000

 Residual Variances
    Y1                 0.305      0.030     10.097      0.000
    Y2                 0.300      0.032      9.384      0.000
    Y3                 0.347      0.034     10.082      0.000
    Y4                 0.310      0.033      9.513      0.000
    Y5                 0.375      0.039      9.505      0.000
    Y6                 0.116      0.011     10.712      0.000
    Y7                 0.127      0.012     10.951      0.000
    Y8                 0.135      0.013     10.560      0.000
    Y9                 0.311      0.034      9.210      0.000
    Y10                0.400      0.039     10.280      0.000

New/Additional Parameters
    L10_0              0.434      0.067      6.463      0.000
    L10_1             -0.016      0.048     -0.339      0.734
    L10_2             -0.023      0.090     -0.259      0.795


QUALITY OF NUMERICAL RESULTS

     Condition Number for the Information Matrix              0.114E-03
       (ratio of smallest to largest eigenvalue)


     Beginning Time:  19:30:19
        Ending Time:  19:30:20
       Elapsed Time:  00:00:01



MUTHEN & MUTHEN
3463 Stoner Ave.
Los Angeles, CA  90066

Tel: (310) 391-9971
Fax: (310) 391-8971
Web: www.StatModel.com
Support: Support@StatModel.com

Copyright (c) 1998-2019 Muthen & Muthen
