Mplus VERSION 8.3
MUTHEN & MUTHEN
04/23/2024   7:32 PM

INPUT INSTRUCTIONS


  TITLE: Test with 10 reps

  DATA:
  File is
  G1_B2_N1_rep311.csv;

  VARIABLE:
      Names are x1 x2 eta
  	y1 y2 y3 y4 y5 y6 y7 y8 y9 y10;
      Usevariables are y1-y10 x1 x2;
      constraint = x1 x2;

  MODEL:
      f BY y1* (l1);
      f BY y2* (l2);
      f BY y3* (l3);
      f BY y4* (l4);
      f BY y5* (l5);
      f BY y6* (l6);
      f BY y7* (l7);
      f BY y8* (l8);
      f BY y9* (l9);
      f BY y10* (l10);

  y6 ON x1 x2;
  f@1;
  [f@0];

  MODEL CONSTRAINT:
      new (l6_0 l6_1 l6_2);
      l6 = l6_0 + l6_1*x1 + l6_2*x2;




INPUT READING TERMINATED NORMALLY



Test with 10 reps

SUMMARY OF ANALYSIS

Number of groups                                                 1
Number of observations                                         250

Number of dependent variables                                   10
Number of independent variables                                  2
Number of continuous latent variables                            1

Observed dependent variables

  Continuous
   Y1          Y2          Y3          Y4          Y5          Y6
   Y7          Y8          Y9          Y10

Observed independent variables
   X1          X2

Continuous latent variables
   F


Estimator                                                       ML
Information matrix                                        OBSERVED
Maximum number of iterations                                  1000
Convergence criterion                                    0.500D-04
Maximum number of steepest descent iterations                   20

Input data file(s)
  G1_B2_N1_rep311.csv

Input data format  FREE



UNIVARIATE SAMPLE STATISTICS


     UNIVARIATE HIGHER-ORDER MOMENT DESCRIPTIVE STATISTICS

         Variable/         Mean/     Skewness/   Minimum/ % with                Percentiles
        Sample Size      Variance    Kurtosis    Maximum  Min/Max      20%/60%    40%/80%    Median

     Y1                    1.860       1.087       1.000   32.00%       1.000      2.000      2.000
             250.000       0.592       2.071       5.000    0.80%       2.000      2.000
     Y2                    1.940       0.863       1.000   33.60%       1.000      2.000      2.000
             250.000       0.744       0.813       5.000    1.20%       2.000      3.000
     Y3                    3.132      -0.026       1.000    2.00%       3.000      3.000      3.000
             250.000       0.667       0.019       5.000    4.00%       3.000      4.000
     Y4                    3.184      -0.137       1.000    1.60%       3.000      3.000      3.000
             250.000       0.678      -0.274       5.000    3.60%       3.000      4.000
     Y5                    3.124      -0.108       1.000    1.60%       3.000      3.000      3.000
             250.000       0.589       0.041       5.000    2.40%       3.000      4.000
     Y6                    1.228       2.232       1.000   79.60%       1.000      1.000      1.000
             250.000       0.232       5.572       4.000    0.40%       1.000      2.000
     Y7                    1.192       3.380       1.000   82.80%       1.000      1.000      1.000
             250.000       0.219      17.739       5.000    0.40%       1.000      1.000
     Y8                    1.204       2.828       1.000   83.20%       1.000      1.000      1.000
             250.000       0.250       9.038       4.000    0.80%       1.000      1.000
     Y9                    1.820       0.601       1.000   35.20%       1.000      2.000      2.000
             250.000       0.532       0.069       4.000    2.00%       2.000      2.000
     Y10                   1.904       1.078       1.000   33.20%       1.000      2.000      2.000
             250.000       0.703       1.772       5.000    1.60%       2.000      2.000
     X1                   -0.016       0.011      -2.678    0.40%      -0.986     -0.278      0.012
             250.000       0.994      -0.559       2.561    0.40%       0.288      0.818
     X2                    0.532      -0.128       0.000   46.80%       0.000      0.000      1.000
             250.000       0.249      -1.984       1.000   53.20%       1.000      1.000


THE MODEL ESTIMATION TERMINATED NORMALLY



MODEL FIT INFORMATION

Number of Free Parameters                       34

Loglikelihood

          H0 Value                       -2255.468

Information Criteria

          Akaike (AIC)                    4578.936
          Bayesian (BIC)                  4698.665
          Sample-Size Adjusted BIC        4590.882
            (n* = (n + 2) / 24)



MODEL RESULTS

                                                    Two-Tailed
                    Estimate       S.E.  Est./S.E.    P-Value

 F        BY
    Y1                 0.506      0.046     10.934      0.000
    Y2                 0.605      0.051     11.884      0.000
    Y3                 0.501      0.050     10.023      0.000
    Y4                 0.497      0.051      9.806      0.000
    Y5                 0.451      0.047      9.513      0.000
    Y6               999.000      0.000    999.000    999.000
    Y7                 0.269      0.029      9.245      0.000
    Y8                 0.286      0.031      9.170      0.000
    Y9                 0.397      0.046      8.674      0.000
    Y10                0.510      0.052      9.892      0.000

 Y6       ON
    X1                 0.051      0.026      1.987      0.047
    X2                 0.020      0.049      0.413      0.679

 Means
    F                  0.000      0.000    999.000    999.000

 Intercepts
    Y1                 1.860      0.049     38.210      0.000
    Y2                 1.940      0.055     35.552      0.000
    Y3                 3.132      0.052     60.655      0.000
    Y4                 3.184      0.052     61.134      0.000
    Y5                 3.124      0.049     64.382      0.000
    Y6                 1.188      0.038     31.283      0.000
    Y7                 1.192      0.030     40.261      0.000
    Y8                 1.204      0.032     38.045      0.000
    Y9                 1.820      0.046     39.468      0.000
    Y10                1.904      0.053     35.911      0.000

 Variances
    F                  1.000      0.000    999.000    999.000

 Residual Variances
    Y1                 0.337      0.035      9.744      0.000
    Y2                 0.378      0.041      9.287      0.000
    Y3                 0.415      0.041     10.018      0.000
    Y4                 0.431      0.043     10.084      0.000
    Y5                 0.385      0.038     10.163      0.000
    Y6                 0.128      0.013      9.754      0.000
    Y7                 0.147      0.014     10.246      0.000
    Y8                 0.169      0.016     10.257      0.000
    Y9                 0.374      0.036     10.392      0.000
    Y10                0.442      0.044     10.006      0.000

New/Additional Parameters
    L6_0               0.229      0.042      5.454      0.000
    L6_1               0.105      0.025      4.100      0.000
    L6_2               0.058      0.054      1.072      0.284


QUALITY OF NUMERICAL RESULTS

     Condition Number for the Information Matrix              0.160E-03
       (ratio of smallest to largest eigenvalue)


     Beginning Time:  19:32:16
        Ending Time:  19:32:18
       Elapsed Time:  00:00:02



MUTHEN & MUTHEN
3463 Stoner Ave.
Los Angeles, CA  90066

Tel: (310) 391-9971
Fax: (310) 391-8971
Web: www.StatModel.com
Support: Support@StatModel.com

Copyright (c) 1998-2019 Muthen & Muthen
