Mplus VERSION 8.3
MUTHEN & MUTHEN
04/23/2024   7:42 PM

INPUT INSTRUCTIONS


  TITLE: Test with 10 reps

  DATA:
  File is
  G1_B2_N1_rep350.csv;

  VARIABLE:
      Names are x1 x2 eta
  	y1 y2 y3 y4 y5 y6 y7 y8 y9 y10;
      Usevariables are y1-y10 x1 x2;
      constraint = x1 x2;

  MODEL:
      f BY y1* (l1);
      f BY y2* (l2);
      f BY y3* (l3);
      f BY y4* (l4);
      f BY y5* (l5);
      f BY y6* (l6);
      f BY y7* (l7);
      f BY y8* (l8);
      f BY y9* (l9);
      f BY y10* (l10);

  y3 ON x1 x2;
  f@1;
  [f@0];

  MODEL CONSTRAINT:
      new (l3_0 l3_1 l3_2);
      l3 = l3_0 + l3_1*x1 + l3_2*x2;




INPUT READING TERMINATED NORMALLY



Test with 10 reps

SUMMARY OF ANALYSIS

Number of groups                                                 1
Number of observations                                         250

Number of dependent variables                                   10
Number of independent variables                                  2
Number of continuous latent variables                            1

Observed dependent variables

  Continuous
   Y1          Y2          Y3          Y4          Y5          Y6
   Y7          Y8          Y9          Y10

Observed independent variables
   X1          X2

Continuous latent variables
   F


Estimator                                                       ML
Information matrix                                        OBSERVED
Maximum number of iterations                                  1000
Convergence criterion                                    0.500D-04
Maximum number of steepest descent iterations                   20

Input data file(s)
  G1_B2_N1_rep350.csv

Input data format  FREE



UNIVARIATE SAMPLE STATISTICS


     UNIVARIATE HIGHER-ORDER MOMENT DESCRIPTIVE STATISTICS

         Variable/         Mean/     Skewness/   Minimum/ % with                Percentiles
        Sample Size      Variance    Kurtosis    Maximum  Min/Max      20%/60%    40%/80%    Median

     Y1                    1.820       0.756       1.000   36.00%       1.000      2.000      2.000
             250.000       0.572       0.400       4.000    3.20%       2.000      2.000
     Y2                    1.820       0.875       1.000   35.20%       1.000      2.000      2.000
             250.000       0.564       1.180       5.000    0.40%       2.000      2.000
     Y3                    3.116      -0.145       1.000    1.20%       2.000      3.000      3.000
             250.000       0.583      -0.305       5.000    1.60%       3.000      4.000
     Y4                    3.124      -0.044       1.000    1.20%       3.000      3.000      3.000
             250.000       0.573      -0.022       5.000    2.40%       3.000      4.000
     Y5                    3.124       0.037       1.000    1.20%       3.000      3.000      3.000
             250.000       0.605      -0.036       5.000    3.20%       3.000      4.000
     Y6                    1.124       2.812       1.000   88.40%       1.000      1.000      1.000
             250.000       0.125       7.488       3.000    0.80%       1.000      1.000
     Y7                    1.220       2.025       1.000   80.40%       1.000      1.000      1.000
             250.000       0.220       3.355       3.000    2.40%       1.000      1.000
     Y8                    1.180       2.789       1.000   84.40%       1.000      1.000      1.000
             250.000       0.204       8.842       4.000    0.40%       1.000      1.000
     Y9                    1.888       0.583       1.000   31.60%       1.000      2.000      2.000
             250.000       0.563       0.087       4.000    2.80%       2.000      2.000
     Y10                   1.888       0.855       1.000   30.80%       1.000      2.000      2.000
             250.000       0.571       1.515       5.000    0.80%       2.000      2.000
     X1                   -0.053       0.091      -3.115    0.40%      -0.808     -0.284     -0.046
             250.000       0.871       0.925       3.206    0.40%       0.160      0.690
     X2                    0.508      -0.032       0.000   49.20%       0.000      0.000      1.000
             250.000       0.250      -1.999       1.000   50.80%       1.000      1.000


THE MODEL ESTIMATION TERMINATED NORMALLY



MODEL FIT INFORMATION

Number of Free Parameters                       34

Loglikelihood

          H0 Value                       -2095.196

Information Criteria

          Akaike (AIC)                    4258.392
          Bayesian (BIC)                  4378.122
          Sample-Size Adjusted BIC        4270.339
            (n* = (n + 2) / 24)



MODEL RESULTS

                                                    Two-Tailed
                    Estimate       S.E.  Est./S.E.    P-Value

 F        BY
    Y1                 0.489      0.046     10.670      0.000
    Y2                 0.476      0.046     10.427      0.000
    Y3               999.000      0.000    999.000    999.000
    Y4                 0.537      0.045     12.060      0.000
    Y5                 0.520      0.047     11.165      0.000
    Y6                 0.151      0.023      6.583      0.000
    Y7                 0.226      0.030      7.516      0.000
    Y8                 0.171      0.030      5.764      0.000
    Y9                 0.484      0.045     10.649      0.000
    Y10                0.482      0.046     10.478      0.000

 Y3       ON
    X1                 0.032      0.044      0.739      0.460
    X2                 0.157      0.082      1.929      0.054

 Means
    F                  0.000      0.000    999.000    999.000

 Intercepts
    Y1                 1.820      0.048     38.062      0.000
    Y2                 1.820      0.047     38.332      0.000
    Y3                 3.043      0.065     47.097      0.000
    Y4                 3.124      0.048     65.275      0.000
    Y5                 3.124      0.049     63.524      0.000
    Y6                 1.124      0.022     50.343      0.000
    Y7                 1.220      0.030     41.164      0.000
    Y8                 1.180      0.029     41.349      0.000
    Y9                 1.888      0.047     39.769      0.000
    Y10                1.888      0.048     39.489      0.000

 Variances
    F                  1.000      0.000    999.000    999.000

 Residual Variances
    Y1                 0.333      0.034      9.765      0.000
    Y2                 0.337      0.034      9.856      0.000
    Y3                 0.373      0.037     10.161      0.000
    Y4                 0.284      0.031      9.169      0.000
    Y5                 0.334      0.035      9.587      0.000
    Y6                 0.102      0.009     10.735      0.000
    Y7                 0.168      0.016     10.571      0.000
    Y8                 0.174      0.016     10.847      0.000
    Y9                 0.329      0.034      9.788      0.000
    Y10                0.339      0.035      9.818      0.000

New/Additional Parameters
    L3_0               0.459      0.066      6.991      0.000
    L3_1              -0.017      0.044     -0.379      0.705
    L3_2              -0.049      0.088     -0.554      0.579


QUALITY OF NUMERICAL RESULTS

     Condition Number for the Information Matrix              0.882E-04
       (ratio of smallest to largest eigenvalue)


     Beginning Time:  19:42:12
        Ending Time:  19:42:13
       Elapsed Time:  00:00:01



MUTHEN & MUTHEN
3463 Stoner Ave.
Los Angeles, CA  90066

Tel: (310) 391-9971
Fax: (310) 391-8971
Web: www.StatModel.com
Support: Support@StatModel.com

Copyright (c) 1998-2019 Muthen & Muthen
