Mplus VERSION 8.3
MUTHEN & MUTHEN
04/23/2024   7:48 PM

INPUT INSTRUCTIONS


  TITLE: Test with 10 reps

  DATA:
  File is
  G1_B2_N1_rep376.csv;

  VARIABLE:
      Names are x1 x2 eta
  	y1 y2 y3 y4 y5 y6 y7 y8 y9 y10;
      Usevariables are y1-y10 x1 x2;
      constraint = x1 x2;

  MODEL:
      f BY y1* (l1);
      f BY y2* (l2);
      f BY y3* (l3);
      f BY y4* (l4);
      f BY y5* (l5);
      f BY y6* (l6);
      f BY y7* (l7);
      f BY y8* (l8);
      f BY y9* (l9);
      f BY y10* (l10);

  y3 ON x1 x2;
  f@1;
  [f@0];

  MODEL CONSTRAINT:
      new (l3_0 l3_1 l3_2);
      l3 = l3_0 + l3_1*x1 + l3_2*x2;




INPUT READING TERMINATED NORMALLY



Test with 10 reps

SUMMARY OF ANALYSIS

Number of groups                                                 1
Number of observations                                         250

Number of dependent variables                                   10
Number of independent variables                                  2
Number of continuous latent variables                            1

Observed dependent variables

  Continuous
   Y1          Y2          Y3          Y4          Y5          Y6
   Y7          Y8          Y9          Y10

Observed independent variables
   X1          X2

Continuous latent variables
   F


Estimator                                                       ML
Information matrix                                        OBSERVED
Maximum number of iterations                                  1000
Convergence criterion                                    0.500D-04
Maximum number of steepest descent iterations                   20

Input data file(s)
  G1_B2_N1_rep376.csv

Input data format  FREE



UNIVARIATE SAMPLE STATISTICS


     UNIVARIATE HIGHER-ORDER MOMENT DESCRIPTIVE STATISTICS

         Variable/         Mean/     Skewness/   Minimum/ % with                Percentiles
        Sample Size      Variance    Kurtosis    Maximum  Min/Max      20%/60%    40%/80%    Median

     Y1                    1.852       0.550       1.000   32.40%       1.000      2.000      2.000
             250.000       0.518       0.103       4.000    2.00%       2.000      2.000
     Y2                    1.852       0.597       1.000   34.00%       1.000      2.000      2.000
             250.000       0.550       0.395       5.000    0.40%       2.000      2.000
     Y3                    3.100      -0.173       1.000    1.60%       2.000      3.000      3.000
             250.000       0.594      -0.211       5.000    1.60%       3.000      4.000
     Y4                    3.044      -0.233       1.000    2.40%       2.000      3.000      3.000
             250.000       0.594      -0.054       5.000    1.20%       3.000      4.000
     Y5                    3.164      -0.040       1.000    0.40%       3.000      3.000      3.000
             250.000       0.553      -0.421       5.000    2.00%       3.000      4.000
     Y6                    1.212       2.398       1.000   81.20%       1.000      1.000      1.000
             250.000       0.223       6.479       4.000    0.40%       1.000      1.000
     Y7                    1.168       2.159       1.000   84.00%       1.000      1.000      1.000
             250.000       0.156       3.743       3.000    0.80%       1.000      1.000
     Y8                    1.160       3.088       1.000   86.40%       1.000      1.000      1.000
             250.000       0.190      10.846       4.000    0.40%       1.000      1.000
     Y9                    1.820       0.648       1.000   36.40%       1.000      2.000      2.000
             250.000       0.564       0.056       4.000    2.40%       2.000      2.000
     Y10                   1.848       0.801       1.000   34.40%       1.000      2.000      2.000
             250.000       0.585       0.859       5.000    0.40%       2.000      2.000
     X1                    0.046       0.150      -2.630    0.40%      -0.776     -0.206     -0.027
             250.000       0.892      -0.114       2.600    0.40%       0.248      0.895
     X2                    0.484       0.064       0.000   51.60%       0.000      0.000      0.000
             250.000       0.250      -1.996       1.000   48.40%       1.000      1.000


THE MODEL ESTIMATION TERMINATED NORMALLY



MODEL FIT INFORMATION

Number of Free Parameters                       34

Loglikelihood

          H0 Value                       -2126.384

Information Criteria

          Akaike (AIC)                    4320.769
          Bayesian (BIC)                  4440.498
          Sample-Size Adjusted BIC        4332.716
            (n* = (n + 2) / 24)



MODEL RESULTS

                                                    Two-Tailed
                    Estimate       S.E.  Est./S.E.    P-Value

 F        BY
    Y1                 0.424      0.045      9.437      0.000
    Y2                 0.457      0.046      9.944      0.000
    Y3               999.000      0.000    999.000    999.000
    Y4                 0.501      0.047     10.654      0.000
    Y5                 0.493      0.045     10.926      0.000
    Y6                 0.219      0.031      7.131      0.000
    Y7                 0.190      0.026      7.436      0.000
    Y8                 0.175      0.029      6.069      0.000
    Y9                 0.440      0.047      9.367      0.000
    Y10                0.479      0.047     10.141      0.000

 Y3       ON
    X1                 0.041      0.043      0.950      0.342
    X2                 0.136      0.080      1.687      0.092

 Means
    F                  0.000      0.000    999.000    999.000

 Intercepts
    Y1                 1.852      0.046     40.682      0.000
    Y2                 1.852      0.047     39.481      0.000
    Y3                 3.037      0.060     50.360      0.000
    Y4                 3.044      0.049     62.445      0.000
    Y5                 3.164      0.047     67.267      0.000
    Y6                 1.212      0.030     40.576      0.000
    Y7                 1.168      0.025     46.791      0.000
    Y8                 1.160      0.028     42.033      0.000
    Y9                 1.820      0.047     38.331      0.000
    Y10                1.848      0.048     38.206      0.000

 Variances
    F                  1.000      0.000    999.000    999.000

 Residual Variances
    Y1                 0.338      0.034     10.025      0.000
    Y2                 0.342      0.035      9.843      0.000
    Y3                 0.342      0.035      9.670      0.000
    Y4                 0.343      0.036      9.564      0.000
    Y5                 0.310      0.033      9.455      0.000
    Y6                 0.175      0.017     10.586      0.000
    Y7                 0.120      0.011     10.519      0.000
    Y8                 0.160      0.015     10.754      0.000
    Y9                 0.370      0.037     10.031      0.000
    Y10                0.356      0.036      9.743      0.000

New/Additional Parameters
    L3_0               0.404      0.060      6.697      0.000
    L3_1              -0.080      0.046     -1.760      0.078
    L3_2               0.141      0.087      1.611      0.107


QUALITY OF NUMERICAL RESULTS

     Condition Number for the Information Matrix              0.126E-03
       (ratio of smallest to largest eigenvalue)


     Beginning Time:  19:48:57
        Ending Time:  19:48:58
       Elapsed Time:  00:00:01



MUTHEN & MUTHEN
3463 Stoner Ave.
Los Angeles, CA  90066

Tel: (310) 391-9971
Fax: (310) 391-8971
Web: www.StatModel.com
Support: Support@StatModel.com

Copyright (c) 1998-2019 Muthen & Muthen
