Mplus VERSION 8.3
MUTHEN & MUTHEN
04/23/2024   7:46 PM

INPUT INSTRUCTIONS


  TITLE: Test with 10 reps

  DATA:
  File is
  G1_B2_N1_rep369.csv;

  VARIABLE:
      Names are x1 x2 eta
  	y1 y2 y3 y4 y5 y6 y7 y8 y9 y10;
      Usevariables are y1-y10 x1 x2;
      constraint = x1 x2;

  MODEL:
      f BY y1* (l1);
      f BY y2* (l2);
      f BY y3* (l3);
      f BY y4* (l4);
      f BY y5* (l5);
      f BY y6* (l6);
      f BY y7* (l7);
      f BY y8* (l8);
      f BY y9* (l9);
      f BY y10* (l10);

  y7 ON x1 x2;
  f@1;
  [f@0];

  MODEL CONSTRAINT:
      new (l7_0 l7_1 l7_2);
      l7 = l7_0 + l7_1*x1 + l7_2*x2;




INPUT READING TERMINATED NORMALLY



Test with 10 reps

SUMMARY OF ANALYSIS

Number of groups                                                 1
Number of observations                                         250

Number of dependent variables                                   10
Number of independent variables                                  2
Number of continuous latent variables                            1

Observed dependent variables

  Continuous
   Y1          Y2          Y3          Y4          Y5          Y6
   Y7          Y8          Y9          Y10

Observed independent variables
   X1          X2

Continuous latent variables
   F


Estimator                                                       ML
Information matrix                                        OBSERVED
Maximum number of iterations                                  1000
Convergence criterion                                    0.500D-04
Maximum number of steepest descent iterations                   20

Input data file(s)
  G1_B2_N1_rep369.csv

Input data format  FREE



UNIVARIATE SAMPLE STATISTICS


     UNIVARIATE HIGHER-ORDER MOMENT DESCRIPTIVE STATISTICS

         Variable/         Mean/     Skewness/   Minimum/ % with                Percentiles
        Sample Size      Variance    Kurtosis    Maximum  Min/Max      20%/60%    40%/80%    Median

     Y1                    1.812       0.644       1.000   39.20%       1.000      2.000      2.000
             250.000       0.609      -0.215       4.000    2.40%       2.000      2.000
     Y2                    1.780       0.613       1.000   38.00%       1.000      2.000      2.000
             250.000       0.524      -0.031       4.000    1.60%       2.000      2.000
     Y3                    3.080       0.010       1.000    1.60%       2.000      3.000      3.000
             250.000       0.706      -0.471       5.000    3.20%       3.000      4.000
     Y4                    3.060       0.131       1.000    1.60%       2.000      3.000      3.000
             250.000       0.632       0.077       5.000    3.60%       3.000      4.000
     Y5                    3.100       0.168       1.000    0.80%       2.000      3.000      3.000
             250.000       0.666      -0.350       5.000    4.00%       3.000      4.000
     Y6                    1.140       2.075       1.000   86.00%       1.000      1.000      1.000
             250.000       0.120       2.306       2.000   14.00%       1.000      1.000
     Y7                    1.128       2.227       1.000   87.20%       1.000      1.000      1.000
             250.000       0.112       2.959       2.000   12.80%       1.000      1.000
     Y8                    1.148       2.224       1.000   85.60%       1.000      1.000      1.000
             250.000       0.134       3.742       3.000    0.40%       1.000      1.000
     Y9                    1.812       0.616       1.000   36.00%       1.000      2.000      2.000
             250.000       0.529       0.452       5.000    0.40%       2.000      2.000
     Y10                   1.736       0.992       1.000   41.20%       1.000      1.000      2.000
             250.000       0.554       1.386       5.000    0.40%       2.000      2.000
     X1                    0.071      -0.014      -2.683    0.40%      -0.735     -0.205      0.076
             250.000       0.945      -0.279       2.509    0.40%       0.283      0.907
     X2                    0.532      -0.128       0.000   46.80%       0.000      0.000      1.000
             250.000       0.249      -1.984       1.000   53.20%       1.000      1.000


THE MODEL ESTIMATION TERMINATED NORMALLY

     THE STANDARD ERRORS OF THE MODEL PARAMETER ESTIMATES MAY NOT BE
     TRUSTWORTHY FOR SOME PARAMETERS DUE TO A NON-POSITIVE DEFINITE
     FIRST-ORDER DERIVATIVE PRODUCT MATRIX.  THIS MAY BE DUE TO THE STARTING
     VALUES BUT MAY ALSO BE AN INDICATION OF MODEL NONIDENTIFICATION.  THE
     CONDITION NUMBER IS       0.278D-13.  PROBLEM INVOLVING THE FOLLOWING PARAMETER:
     Parameter 35, L7_2

     THIS IS MOST LIKELY DUE TO VARIABLE Y6 BEING DICHOTOMOUS BUT
     DECLARED AS CONTINUOUS.




MODEL FIT INFORMATION

Number of Free Parameters                       34

Loglikelihood

          H0 Value                       -1990.226

Information Criteria

          Akaike (AIC)                    4048.452
          Bayesian (BIC)                  4168.182
          Sample-Size Adjusted BIC        4060.399
            (n* = (n + 2) / 24)



MODEL RESULTS

                                                    Two-Tailed
                    Estimate       S.E.  Est./S.E.    P-Value

 F        BY
    Y1                 0.466      0.048      9.649      0.000
    Y2                 0.447      0.044     10.088      0.000
    Y3                 0.547      0.051     10.758      0.000
    Y4                 0.570      0.047     12.213      0.000
    Y5                 0.560      0.049     11.542      0.000
    Y6                 0.163      0.022      7.278      0.000
    Y7               999.000      0.000    999.000    999.000
    Y8                 0.172      0.024      7.305      0.000
    Y9                 0.453      0.045     10.182      0.000
    Y10                0.442      0.046      9.602      0.000

 Y7       ON
    X1                 0.027      0.021      1.281      0.200
    X2                 0.016      0.041      0.393      0.694

 Means
    F                  0.000      0.000    999.000    999.000

 Intercepts
    Y1                 1.812      0.049     36.723      0.000
    Y2                 1.780      0.046     38.895      0.000
    Y3                 3.080      0.053     57.975      0.000
    Y4                 3.060      0.050     60.841      0.000
    Y5                 3.100      0.052     60.061      0.000
    Y6                 1.140      0.022     51.947      0.000
    Y7                 1.098      0.030     36.500      0.000
    Y8                 1.148      0.023     49.568      0.000
    Y9                 1.812      0.046     39.404      0.000
    Y10                1.736      0.047     36.868      0.000

 Variances
    F                  1.000      0.000    999.000    999.000

 Residual Variances
    Y1                 0.392      0.039     10.076      0.000
    Y2                 0.324      0.032      9.968      0.000
    Y3                 0.407      0.042      9.710      0.000
    Y4                 0.308      0.034      9.113      0.000
    Y5                 0.352      0.037      9.418      0.000
    Y6                 0.094      0.009     10.610      0.000
    Y7                 0.090      0.008     10.740      0.000
    Y8                 0.104      0.010     10.616      0.000
    Y9                 0.323      0.033      9.913      0.000
    Y10                0.359      0.035     10.109      0.000

New/Additional Parameters
    L7_0               0.076      0.035      2.177      0.030
    L7_1               0.047      0.022      2.190      0.028
    L7_2               0.063      0.045      1.391      0.164


QUALITY OF NUMERICAL RESULTS

     Condition Number for the Information Matrix              0.695E-04
       (ratio of smallest to largest eigenvalue)


TECHNICAL 1 OUTPUT


     PARAMETER SPECIFICATION


           NU
              Y1            Y2            Y3            Y4            Y5
              ________      ________      ________      ________      ________
                  1             2             3             4             5


           NU
              Y6            Y7            Y8            Y9            Y10
              ________      ________      ________      ________      ________
                  6             0             7             8             9


           NU
              X1            X2
              ________      ________
                  0             0


           LAMBDA
              F             Y7            X1            X2
              ________      ________      ________      ________
 Y1                10             0             0             0
 Y2                11             0             0             0
 Y3                12             0             0             0
 Y4                13             0             0             0
 Y5                14             0             0             0
 Y6                15             0             0             0
 Y7                 0             0             0             0
 Y8                16             0             0             0
 Y9                17             0             0             0
 Y10               18             0             0             0
 X1                 0             0             0             0
 X2                 0             0             0             0


           THETA
              Y1            Y2            Y3            Y4            Y5
              ________      ________      ________      ________      ________
 Y1                19
 Y2                 0            20
 Y3                 0             0            21
 Y4                 0             0             0            22
 Y5                 0             0             0             0            23
 Y6                 0             0             0             0             0
 Y7                 0             0             0             0             0
 Y8                 0             0             0             0             0
 Y9                 0             0             0             0             0
 Y10                0             0             0             0             0
 X1                 0             0             0             0             0
 X2                 0             0             0             0             0


           THETA
              Y6            Y7            Y8            Y9            Y10
              ________      ________      ________      ________      ________
 Y6                24
 Y7                 0             0
 Y8                 0             0            25
 Y9                 0             0             0            26
 Y10                0             0             0             0            27
 X1                 0             0             0             0             0
 X2                 0             0             0             0             0


           THETA
              X1            X2
              ________      ________
 X1                 0
 X2                 0             0


           ALPHA
              F             Y7            X1            X2
              ________      ________      ________      ________
                  0            28             0             0


           BETA
              F             Y7            X1            X2
              ________      ________      ________      ________
 F                  0             0             0             0
 Y7                29             0            30            31
 X1                 0             0             0             0
 X2                 0             0             0             0


           PSI
              F             Y7            X1            X2
              ________      ________      ________      ________
 F                  0
 Y7                 0            32
 X1                 0             0             0
 X2                 0             0             0             0


     PARAMETER SPECIFICATION FOR THE ADDITIONAL PARAMETERS


           New/Additional Parameters
              L7_0          L7_1          L7_2
              ________      ________      ________
                   33            34            35


     STARTING VALUES


           NU
              Y1            Y2            Y3            Y4            Y5
              ________      ________      ________      ________      ________
                1.812         1.780         3.080         3.060         3.100


           NU
              Y6            Y7            Y8            Y9            Y10
              ________      ________      ________      ________      ________
                1.140         0.000         1.148         1.812         1.736


           NU
              X1            X2
              ________      ________
                0.000         0.000


           LAMBDA
              F             Y7            X1            X2
              ________      ________      ________      ________
 Y1             1.000         0.000         0.000         0.000
 Y2             1.000         0.000         0.000         0.000
 Y3             1.000         0.000         0.000         0.000
 Y4             1.000         0.000         0.000         0.000
 Y5             1.000         0.000         0.000         0.000
 Y6             1.000         0.000         0.000         0.000
 Y7             0.000         1.000         0.000         0.000
 Y8             1.000         0.000         0.000         0.000
 Y9             1.000         0.000         0.000         0.000
 Y10            1.000         0.000         0.000         0.000
 X1             0.000         0.000         1.000         0.000
 X2             0.000         0.000         0.000         1.000


           THETA
              Y1            Y2            Y3            Y4            Y5
              ________      ________      ________      ________      ________
 Y1             0.304
 Y2             0.000         0.262
 Y3             0.000         0.000         0.353
 Y4             0.000         0.000         0.000         0.316
 Y5             0.000         0.000         0.000         0.000         0.333
 Y6             0.000         0.000         0.000         0.000         0.000
 Y7             0.000         0.000         0.000         0.000         0.000
 Y8             0.000         0.000         0.000         0.000         0.000
 Y9             0.000         0.000         0.000         0.000         0.000
 Y10            0.000         0.000         0.000         0.000         0.000
 X1             0.000         0.000         0.000         0.000         0.000
 X2             0.000         0.000         0.000         0.000         0.000


           THETA
              Y6            Y7            Y8            Y9            Y10
              ________      ________      ________      ________      ________
 Y6             0.060
 Y7             0.000         0.000
 Y8             0.000         0.000         0.067
 Y9             0.000         0.000         0.000         0.264
 Y10            0.000         0.000         0.000         0.000         0.277
 X1             0.000         0.000         0.000         0.000         0.000
 X2             0.000         0.000         0.000         0.000         0.000


           THETA
              X1            X2
              ________      ________
 X1             0.000
 X2             0.000         0.000


           ALPHA
              F             Y7            X1            X2
              ________      ________      ________      ________
                0.000         1.128         0.071         0.532


           BETA
              F             Y7            X1            X2
              ________      ________      ________      ________
 F              0.000         0.000         0.000         0.000
 Y7             1.000         0.000         0.000         0.000
 X1             0.000         0.000         0.000         0.000
 X2             0.000         0.000         0.000         0.000


           PSI
              F             Y7            X1            X2
              ________      ________      ________      ________
 F              1.000
 Y7             0.000         0.056
 X1             0.000         0.000         0.945
 X2             0.000         0.000         0.040         0.249


     STARTING VALUES FOR THE ADDITIONAL PARAMETERS


           New/Additional Parameters
              L7_0          L7_1          L7_2
              ________      ________      ________
                0.500         0.500         0.500


     Beginning Time:  19:46:56
        Ending Time:  19:46:57
       Elapsed Time:  00:00:01



MUTHEN & MUTHEN
3463 Stoner Ave.
Los Angeles, CA  90066

Tel: (310) 391-9971
Fax: (310) 391-8971
Web: www.StatModel.com
Support: Support@StatModel.com

Copyright (c) 1998-2019 Muthen & Muthen
