Mplus VERSION 8.3
MUTHEN & MUTHEN
04/23/2024   7:49 PM

INPUT INSTRUCTIONS


  TITLE: Test with 10 reps

  DATA:
  File is
  G1_B2_N1_rep378.csv;

  VARIABLE:
      Names are x1 x2 eta
  	y1 y2 y3 y4 y5 y6 y7 y8 y9 y10;
      Usevariables are y1-y10 x1 x2;
      constraint = x1 x2;

  MODEL:
      f BY y1* (l1);
      f BY y2* (l2);
      f BY y3* (l3);
      f BY y4* (l4);
      f BY y5* (l5);
      f BY y6* (l6);
      f BY y7* (l7);
      f BY y8* (l8);
      f BY y9* (l9);
      f BY y10* (l10);

  y6 ON x1 x2;
  f@1;
  [f@0];

  MODEL CONSTRAINT:
      new (l6_0 l6_1 l6_2);
      l6 = l6_0 + l6_1*x1 + l6_2*x2;




INPUT READING TERMINATED NORMALLY



Test with 10 reps

SUMMARY OF ANALYSIS

Number of groups                                                 1
Number of observations                                         250

Number of dependent variables                                   10
Number of independent variables                                  2
Number of continuous latent variables                            1

Observed dependent variables

  Continuous
   Y1          Y2          Y3          Y4          Y5          Y6
   Y7          Y8          Y9          Y10

Observed independent variables
   X1          X2

Continuous latent variables
   F


Estimator                                                       ML
Information matrix                                        OBSERVED
Maximum number of iterations                                  1000
Convergence criterion                                    0.500D-04
Maximum number of steepest descent iterations                   20

Input data file(s)
  G1_B2_N1_rep378.csv

Input data format  FREE



UNIVARIATE SAMPLE STATISTICS


     UNIVARIATE HIGHER-ORDER MOMENT DESCRIPTIVE STATISTICS

         Variable/         Mean/     Skewness/   Minimum/ % with                Percentiles
        Sample Size      Variance    Kurtosis    Maximum  Min/Max      20%/60%    40%/80%    Median

     Y1                    1.884       0.374       1.000   29.60%       1.000      2.000      2.000
             250.000       0.487      -0.198       4.000    1.20%       2.000      2.000
     Y2                    1.828       0.463       1.000   35.20%       1.000      2.000      2.000
             250.000       0.526      -0.376       4.000    1.20%       2.000      2.000
     Y3                    3.160       0.149       1.000    0.80%       3.000      3.000      3.000
             250.000       0.622      -0.086       5.000    4.40%       3.000      4.000
     Y4                    3.148      -0.139       1.000    1.20%       3.000      3.000      3.000
             250.000       0.486       0.417       5.000    1.60%       3.000      4.000
     Y5                    3.108      -0.137       1.000    2.00%       3.000      3.000      3.000
             250.000       0.600       0.123       5.000    2.40%       3.000      4.000
     Y6                    1.168       2.666       1.000   84.00%       1.000      1.000      1.000
             250.000       0.164       9.404       4.000    0.40%       1.000      1.000
     Y7                    1.132       2.846       1.000   88.00%       1.000      1.000      1.000
             250.000       0.139       7.815       3.000    1.20%       1.000      1.000
     Y8                    1.176       2.324       1.000   84.00%       1.000      1.000      1.000
             250.000       0.177       4.796       3.000    1.60%       1.000      1.000
     Y9                    1.840       0.828       1.000   32.00%       1.000      2.000      2.000
             250.000       0.518       1.426       5.000    0.40%       2.000      2.000
     Y10                   1.792       0.851       1.000   38.80%       1.000      2.000      2.000
             250.000       0.589       0.823       5.000    0.40%       2.000      2.000
     X1                    0.083      -0.136      -3.389    0.40%      -0.822     -0.172      0.045
             250.000       1.102      -0.111       2.551    0.40%       0.373      1.105
     X2                    0.492       0.032       0.000   50.80%       0.000      0.000      0.000
             250.000       0.250      -1.999       1.000   49.20%       1.000      1.000


THE MODEL ESTIMATION TERMINATED NORMALLY



MODEL FIT INFORMATION

Number of Free Parameters                       34

Loglikelihood

          H0 Value                       -1969.054

Information Criteria

          Akaike (AIC)                    4006.109
          Bayesian (BIC)                  4125.838
          Sample-Size Adjusted BIC        4018.055
            (n* = (n + 2) / 24)



MODEL RESULTS

                                                    Two-Tailed
                    Estimate       S.E.  Est./S.E.    P-Value

 F        BY
    Y1                 0.428      0.043     10.052      0.000
    Y2                 0.452      0.044     10.261      0.000
    Y3                 0.558      0.046     12.085      0.000
    Y4                 0.454      0.042     10.832      0.000
    Y5                 0.501      0.047     10.756      0.000
    Y6               999.000      0.000    999.000    999.000
    Y7                 0.214      0.023      9.266      0.000
    Y8                 0.231      0.026      8.774      0.000
    Y9                 0.472      0.043     10.932      0.000
    Y10                0.441      0.048      9.261      0.000

 Y6       ON
    X1                -0.008      0.022     -0.349      0.727
    X2                 0.040      0.046      0.860      0.390

 Means
    F                  0.000      0.000    999.000    999.000

 Intercepts
    Y1                 1.884      0.044     42.706      0.000
    Y2                 1.828      0.046     39.837      0.000
    Y3                 3.160      0.050     63.332      0.000
    Y4                 3.148      0.044     71.391      0.000
    Y5                 3.108      0.049     63.424      0.000
    Y6                 1.133      0.033     33.820      0.000
    Y7                 1.132      0.024     48.081      0.000
    Y8                 1.176      0.027     44.194      0.000
    Y9                 1.840      0.046     40.407      0.000
    Y10                1.792      0.049     36.927      0.000

 Variances
    F                  1.000      0.000    999.000    999.000

 Residual Variances
    Y1                 0.304      0.030     10.085      0.000
    Y2                 0.322      0.032     10.028      0.000
    Y3                 0.311      0.033      9.360      0.000
    Y4                 0.280      0.028      9.846      0.000
    Y5                 0.349      0.035      9.863      0.000
    Y6                 0.114      0.011     10.282      0.000
    Y7                 0.093      0.009     10.267      0.000
    Y8                 0.124      0.012     10.403      0.000
    Y9                 0.295      0.030      9.780      0.000
    Y10                0.394      0.038     10.263      0.000

New/Additional Parameters
    L6_0               0.138      0.037      3.702      0.000
    L6_1               0.005      0.022      0.230      0.818
    L6_2               0.130      0.049      2.636      0.008


QUALITY OF NUMERICAL RESULTS

     Condition Number for the Information Matrix              0.788E-04
       (ratio of smallest to largest eigenvalue)


     Beginning Time:  19:49:29
        Ending Time:  19:49:30
       Elapsed Time:  00:00:01



MUTHEN & MUTHEN
3463 Stoner Ave.
Los Angeles, CA  90066

Tel: (310) 391-9971
Fax: (310) 391-8971
Web: www.StatModel.com
Support: Support@StatModel.com

Copyright (c) 1998-2019 Muthen & Muthen
