Mplus VERSION 8.3
MUTHEN & MUTHEN
04/23/2024   7:33 PM

INPUT INSTRUCTIONS


  TITLE: Test with 10 reps

  DATA:
  File is
  G1_B2_N1_rep318.csv;

  VARIABLE:
      Names are x1 x2 eta
  	y1 y2 y3 y4 y5 y6 y7 y8 y9 y10;
      Usevariables are y1-y10 x1 x2;
      constraint = x1 x2;

  MODEL:
      f BY y1* (l1);
      f BY y2* (l2);
      f BY y3* (l3);
      f BY y4* (l4);
      f BY y5* (l5);
      f BY y6* (l6);
      f BY y7* (l7);
      f BY y8* (l8);
      f BY y9* (l9);
      f BY y10* (l10);

  y10 ON x1 x2;
  f@1;
  [f@0];

  MODEL CONSTRAINT:
      new (l10_0 l10_1 l10_2);
      l10 = l10_0 + l10_1*x1 + l10_2*x2;




INPUT READING TERMINATED NORMALLY



Test with 10 reps

SUMMARY OF ANALYSIS

Number of groups                                                 1
Number of observations                                         250

Number of dependent variables                                   10
Number of independent variables                                  2
Number of continuous latent variables                            1

Observed dependent variables

  Continuous
   Y1          Y2          Y3          Y4          Y5          Y6
   Y7          Y8          Y9          Y10

Observed independent variables
   X1          X2

Continuous latent variables
   F


Estimator                                                       ML
Information matrix                                        OBSERVED
Maximum number of iterations                                  1000
Convergence criterion                                    0.500D-04
Maximum number of steepest descent iterations                   20

Input data file(s)
  G1_B2_N1_rep318.csv

Input data format  FREE



UNIVARIATE SAMPLE STATISTICS


     UNIVARIATE HIGHER-ORDER MOMENT DESCRIPTIVE STATISTICS

         Variable/         Mean/     Skewness/   Minimum/ % with                Percentiles
        Sample Size      Variance    Kurtosis    Maximum  Min/Max      20%/60%    40%/80%    Median

     Y1                    1.816       0.621       1.000   33.20%       1.000      2.000      2.000
             250.000       0.486       0.449       4.000    2.00%       2.000      2.000
     Y2                    1.844       0.504       1.000   32.00%       1.000      2.000      2.000
             250.000       0.492       0.078       4.000    1.60%       2.000      2.000
     Y3                    3.144      -0.172       1.000    1.20%       3.000      3.000      3.000
             250.000       0.539      -0.017       5.000    1.60%       3.000      4.000
     Y4                    3.088      -0.138       1.000    1.20%       3.000      3.000      3.000
             250.000       0.536      -0.127       5.000    1.20%       3.000      4.000
     Y5                    3.068       0.054       1.000    0.80%       3.000      3.000      3.000
             250.000       0.479       0.280       5.000    1.60%       3.000      4.000
     Y6                    1.168       2.159       1.000   84.00%       1.000      1.000      1.000
             250.000       0.156       3.743       3.000    0.80%       1.000      1.000
     Y7                    1.156       2.592       1.000   86.00%       1.000      1.000      1.000
             250.000       0.164       6.275       3.000    1.60%       1.000      1.000
     Y8                    1.156       2.464       1.000   85.60%       1.000      1.000      1.000
             250.000       0.156       5.511       3.000    1.20%       1.000      1.000
     Y9                    1.748       0.564       1.000   35.60%       1.000      2.000      2.000
             250.000       0.420       0.500       4.000    1.20%       2.000      2.000
     Y10                   1.856       0.583       1.000   34.00%       1.000      2.000      2.000
             250.000       0.563      -0.027       4.000    2.40%       2.000      2.000
     X1                   -0.040       0.092      -2.438    0.40%      -0.907     -0.303     -0.049
             250.000       0.996      -0.008       3.453    0.40%       0.207      0.797
     X2                    0.560      -0.242       0.000   44.00%       0.000      0.000      1.000
             250.000       0.246      -1.942       1.000   56.00%       1.000      1.000


THE MODEL ESTIMATION TERMINATED NORMALLY



MODEL FIT INFORMATION

Number of Free Parameters                       34

Loglikelihood

          H0 Value                       -1940.048

Information Criteria

          Akaike (AIC)                    3948.096
          Bayesian (BIC)                  4067.826
          Sample-Size Adjusted BIC        3960.043
            (n* = (n + 2) / 24)



MODEL RESULTS

                                                    Two-Tailed
                    Estimate       S.E.  Est./S.E.    P-Value

 F        BY
    Y1                 0.425      0.043      9.852      0.000
    Y2                 0.433      0.043     10.020      0.000
    Y3                 0.489      0.044     11.003      0.000
    Y4                 0.453      0.045     10.043      0.000
    Y5                 0.438      0.042     10.320      0.000
    Y6                 0.181      0.026      7.053      0.000
    Y7                 0.177      0.026      6.709      0.000
    Y8                 0.198      0.025      7.796      0.000
    Y9                 0.411      0.040     10.323      0.000
    Y10              999.000      0.000    999.000    999.000

 Y10      ON
    X1                 0.058      0.040      1.475      0.140
    X2                 0.160      0.080      2.012      0.044

 Means
    F                  0.000      0.000    999.000    999.000

 Intercepts
    Y1                 1.816      0.044     41.182      0.000
    Y2                 1.844      0.044     41.581      0.000
    Y3                 3.144      0.046     67.694      0.000
    Y4                 3.088      0.046     66.675      0.000
    Y5                 3.068      0.044     70.063      0.000
    Y6                 1.168      0.025     46.791      0.000
    Y7                 1.156      0.026     45.181      0.000
    Y8                 1.156      0.025     46.327      0.000
    Y9                 1.748      0.041     42.622      0.000
    Y10                1.758      0.064     27.504      0.000

 Variances
    F                  1.000      0.000    999.000    999.000

 Residual Variances
    Y1                 0.306      0.031      9.937      0.000
    Y2                 0.304      0.031      9.869      0.000
    Y3                 0.301      0.032      9.498      0.000
    Y4                 0.331      0.034      9.860      0.000
    Y5                 0.288      0.029      9.773      0.000
    Y6                 0.123      0.012     10.606      0.000
    Y7                 0.132      0.012     10.673      0.000
    Y8                 0.117      0.011     10.473      0.000
    Y9                 0.252      0.026      9.732      0.000
    Y10                0.320      0.033      9.831      0.000

New/Additional Parameters
    L10_0              0.408      0.073      5.570      0.000
    L10_1              0.019      0.044      0.428      0.669
    L10_2              0.069      0.090      0.760      0.447


QUALITY OF NUMERICAL RESULTS

     Condition Number for the Information Matrix              0.120E-03
       (ratio of smallest to largest eigenvalue)


     Beginning Time:  19:33:45
        Ending Time:  19:33:46
       Elapsed Time:  00:00:01



MUTHEN & MUTHEN
3463 Stoner Ave.
Los Angeles, CA  90066

Tel: (310) 391-9971
Fax: (310) 391-8971
Web: www.StatModel.com
Support: Support@StatModel.com

Copyright (c) 1998-2019 Muthen & Muthen
