Mplus VERSION 8.3
MUTHEN & MUTHEN
04/23/2024   7:31 PM

INPUT INSTRUCTIONS


  TITLE: Test with 10 reps

  DATA:
  File is
  G1_B2_N1_rep308.csv;

  VARIABLE:
      Names are x1 x2 eta
  	y1 y2 y3 y4 y5 y6 y7 y8 y9 y10;
      Usevariables are y1-y10 x1 x2;
      constraint = x1 x2;

  MODEL:
      f BY y1* (l1);
      f BY y2* (l2);
      f BY y3* (l3);
      f BY y4* (l4);
      f BY y5* (l5);
      f BY y6* (l6);
      f BY y7* (l7);
      f BY y8* (l8);
      f BY y9* (l9);
      f BY y10* (l10);

  y7 ON x1 x2;
  f@1;
  [f@0];

  MODEL CONSTRAINT:
      new (l7_0 l7_1 l7_2);
      l7 = l7_0 + l7_1*x1 + l7_2*x2;




INPUT READING TERMINATED NORMALLY



Test with 10 reps

SUMMARY OF ANALYSIS

Number of groups                                                 1
Number of observations                                         250

Number of dependent variables                                   10
Number of independent variables                                  2
Number of continuous latent variables                            1

Observed dependent variables

  Continuous
   Y1          Y2          Y3          Y4          Y5          Y6
   Y7          Y8          Y9          Y10

Observed independent variables
   X1          X2

Continuous latent variables
   F


Estimator                                                       ML
Information matrix                                        OBSERVED
Maximum number of iterations                                  1000
Convergence criterion                                    0.500D-04
Maximum number of steepest descent iterations                   20

Input data file(s)
  G1_B2_N1_rep308.csv

Input data format  FREE



UNIVARIATE SAMPLE STATISTICS


     UNIVARIATE HIGHER-ORDER MOMENT DESCRIPTIVE STATISTICS

         Variable/         Mean/     Skewness/   Minimum/ % with                Percentiles
        Sample Size      Variance    Kurtosis    Maximum  Min/Max      20%/60%    40%/80%    Median

     Y1                    1.796       0.584       1.000   35.20%       1.000      2.000      2.000
             250.000       0.490       0.175       4.000    1.60%       2.000      2.000
     Y2                    1.820       0.760       1.000   39.20%       1.000      2.000      2.000
             250.000       0.636       0.338       5.000    0.40%       2.000      2.000
     Y3                    3.056       0.160       1.000    0.40%       2.000      3.000      3.000
             250.000       0.533      -0.183       5.000    2.00%       3.000      4.000
     Y4                    3.140      -0.228       1.000    1.20%       3.000      3.000      3.000
             250.000       0.544      -0.170       5.000    1.20%       3.000      4.000
     Y5                    3.100       0.168       1.000    0.80%       2.000      3.000      3.000
             250.000       0.618      -0.156       5.000    3.60%       3.000      4.000
     Y6                    1.164       2.582       1.000   85.60%       1.000      1.000      1.000
             250.000       0.177       6.196       3.000    2.00%       1.000      1.000
     Y7                    1.132       2.670       1.000   87.60%       1.000      1.000      1.000
             250.000       0.131       6.591       3.000    0.80%       1.000      1.000
     Y8                    1.136       3.872       1.000   88.80%       1.000      1.000      1.000
             250.000       0.182      17.903       4.000    0.80%       1.000      1.000
     Y9                    1.764       0.572       1.000   38.00%       1.000      2.000      2.000
             250.000       0.492      -0.066       4.000    1.20%       2.000      2.000
     Y10                   1.760       0.717       1.000   38.40%       1.000      2.000      2.000
             250.000       0.510       0.375       4.000    2.00%       2.000      2.000
     X1                   -0.022       0.031      -2.710    0.40%      -0.793     -0.351     -0.036
             250.000       0.912      -0.226       2.430    0.40%       0.197      0.834
     X2                    0.456       0.177       0.000   54.40%       0.000      0.000      0.000
             250.000       0.248      -1.969       1.000   45.60%       1.000      1.000


THE MODEL ESTIMATION TERMINATED NORMALLY



MODEL FIT INFORMATION

Number of Free Parameters                       34

Loglikelihood

          H0 Value                       -1950.560

Information Criteria

          Akaike (AIC)                    3969.119
          Bayesian (BIC)                  4088.849
          Sample-Size Adjusted BIC        3981.066
            (n* = (n + 2) / 24)



MODEL RESULTS

                                                    Two-Tailed
                    Estimate       S.E.  Est./S.E.    P-Value

 F        BY
    Y1                 0.421      0.043      9.834      0.000
    Y2                 0.500      0.048     10.380      0.000
    Y3                 0.506      0.043     11.793      0.000
    Y4                 0.488      0.044     11.091      0.000
    Y5                 0.545      0.046     11.811      0.000
    Y6                 0.235      0.026      9.005      0.000
    Y7               999.000      0.000    999.000    999.000
    Y8                 0.229      0.027      8.586      0.000
    Y9                 0.431      0.043     10.112      0.000
    Y10                0.481      0.042     11.361      0.000

 Y7       ON
    X1                 0.007      0.020      0.358      0.720
    X2                -0.009      0.039     -0.220      0.826

 Means
    F                  0.000      0.000    999.000    999.000

 Intercepts
    Y1                 1.796      0.044     40.552      0.000
    Y2                 1.820      0.050     36.095      0.000
    Y3                 3.056      0.046     66.193      0.000
    Y4                 3.140      0.047     67.288      0.000
    Y5                 3.100      0.050     62.350      0.000
    Y6                 1.164      0.027     43.733      0.000
    Y7                 1.123      0.028     40.518      0.000
    Y8                 1.136      0.027     42.160      0.000
    Y9                 1.764      0.044     39.751      0.000
    Y10                1.760      0.045     38.952      0.000

 Variances
    F                  1.000      0.000    999.000    999.000

 Residual Variances
    Y1                 0.313      0.031     10.197      0.000
    Y2                 0.385      0.038     10.053      0.000
    Y3                 0.277      0.029      9.573      0.000
    Y4                 0.307      0.031      9.836      0.000
    Y5                 0.321      0.033      9.607      0.000
    Y6                 0.122      0.012     10.406      0.000
    Y7                 0.084      0.008     10.114      0.000
    Y8                 0.129      0.012     10.462      0.000
    Y9                 0.306      0.030     10.134      0.000
    Y10                0.279      0.029      9.749      0.000

New/Additional Parameters
    L7_0               0.163      0.031      5.217      0.000
    L7_1               0.039      0.024      1.637      0.102
    L7_2               0.083      0.041      2.011      0.044


QUALITY OF NUMERICAL RESULTS

     Condition Number for the Information Matrix              0.649E-04
       (ratio of smallest to largest eigenvalue)


     Beginning Time:  19:31:26
        Ending Time:  19:31:27
       Elapsed Time:  00:00:01



MUTHEN & MUTHEN
3463 Stoner Ave.
Los Angeles, CA  90066

Tel: (310) 391-9971
Fax: (310) 391-8971
Web: www.StatModel.com
Support: Support@StatModel.com

Copyright (c) 1998-2019 Muthen & Muthen
