Mplus VERSION 8.3
MUTHEN & MUTHEN
04/23/2024   8:05 PM

INPUT INSTRUCTIONS


  TITLE: Test with 10 reps

  DATA:
  File is
  G1_B2_N1_rep44.csv;

  VARIABLE:
      Names are x1 x2 eta
  	y1 y2 y3 y4 y5 y6 y7 y8 y9 y10;
      Usevariables are y1-y10 x1 x2;
      constraint = x1 x2;

  MODEL:
      f BY y1* (l1);
      f BY y2* (l2);
      f BY y3* (l3);
      f BY y4* (l4);
      f BY y5* (l5);
      f BY y6* (l6);
      f BY y7* (l7);
      f BY y8* (l8);
      f BY y9* (l9);
      f BY y10* (l10);

  y9 ON x1 x2;
  f@1;
  [f@0];

  MODEL CONSTRAINT:
      new (l9_0 l9_1 l9_2);
      l9 = l9_0 + l9_1*x1 + l9_2*x2;




INPUT READING TERMINATED NORMALLY



Test with 10 reps

SUMMARY OF ANALYSIS

Number of groups                                                 1
Number of observations                                         250

Number of dependent variables                                   10
Number of independent variables                                  2
Number of continuous latent variables                            1

Observed dependent variables

  Continuous
   Y1          Y2          Y3          Y4          Y5          Y6
   Y7          Y8          Y9          Y10

Observed independent variables
   X1          X2

Continuous latent variables
   F


Estimator                                                       ML
Information matrix                                        OBSERVED
Maximum number of iterations                                  1000
Convergence criterion                                    0.500D-04
Maximum number of steepest descent iterations                   20

Input data file(s)
  G1_B2_N1_rep44.csv

Input data format  FREE



UNIVARIATE SAMPLE STATISTICS


     UNIVARIATE HIGHER-ORDER MOMENT DESCRIPTIVE STATISTICS

         Variable/         Mean/     Skewness/   Minimum/ % with                Percentiles
        Sample Size      Variance    Kurtosis    Maximum  Min/Max      20%/60%    40%/80%    Median

     Y1                    1.840       0.787       1.000   36.40%       1.000      2.000      2.000
             250.000       0.614       0.612       5.000    0.40%       2.000      2.000
     Y2                    1.812       0.740       1.000   39.20%       1.000      2.000      2.000
             250.000       0.617       0.339       5.000    0.40%       2.000      2.000
     Y3                    3.108      -0.091       1.000    0.80%       3.000      3.000      3.000
             250.000       0.504      -0.112       5.000    1.20%       3.000      4.000
     Y4                    3.100       0.267       1.000    0.40%       2.000      3.000      3.000
             250.000       0.618      -0.206       5.000    4.00%       3.000      4.000
     Y5                    3.104       0.157       1.000    0.80%       3.000      3.000      3.000
             250.000       0.573       0.039       5.000    3.20%       3.000      4.000
     Y6                    1.184       2.680       1.000   83.60%       1.000      1.000      1.000
             250.000       0.198       8.427       4.000    0.40%       1.000      1.000
     Y7                    1.172       2.703       1.000   84.00%       1.000      1.000      1.000
             250.000       0.174       9.251       4.000    0.40%       1.000      1.000
     Y8                    1.164       3.307       1.000   85.60%       1.000      1.000      1.000
             250.000       0.193      13.843       4.000    0.80%       1.000      1.000
     Y9                    1.888       0.589       1.000   31.20%       1.000      2.000      2.000
             250.000       0.555       0.148       4.000    2.80%       2.000      2.000
     Y10                   1.852       0.729       1.000   32.40%       1.000      2.000      2.000
             250.000       0.534       0.974       5.000    0.40%       2.000      2.000
     X1                   -0.051      -0.001      -3.272    0.40%      -0.889     -0.319     -0.104
             250.000       1.028       0.188       2.823    0.40%       0.167      0.775
     X2                    0.496       0.016       0.000   50.40%       0.000      0.000      0.000
             250.000       0.250      -2.000       1.000   49.60%       1.000      1.000


THE MODEL ESTIMATION TERMINATED NORMALLY



MODEL FIT INFORMATION

Number of Free Parameters                       34

Loglikelihood

          H0 Value                       -2098.692

Information Criteria

          Akaike (AIC)                    4265.383
          Bayesian (BIC)                  4385.113
          Sample-Size Adjusted BIC        4277.330
            (n* = (n + 2) / 24)



MODEL RESULTS

                                                    Two-Tailed
                    Estimate       S.E.  Est./S.E.    P-Value

 F        BY
    Y1                 0.509      0.047     10.758      0.000
    Y2                 0.496      0.048     10.373      0.000
    Y3                 0.433      0.043      9.948      0.000
    Y4                 0.506      0.048     10.639      0.000
    Y5                 0.499      0.045     10.971      0.000
    Y6                 0.210      0.029      7.340      0.000
    Y7                 0.193      0.027      7.192      0.000
    Y8                 0.224      0.028      7.996      0.000
    Y9               999.000      0.000    999.000    999.000
    Y10                0.487      0.044     11.145      0.000

 Y9       ON
    X1                 0.039      0.037      1.054      0.292
    X2                -0.145      0.076     -1.909      0.056

 Means
    F                  0.000      0.000    999.000    999.000

 Intercepts
    Y1                 1.840      0.050     37.116      0.000
    Y2                 1.812      0.050     36.484      0.000
    Y3                 3.108      0.045     69.198      0.000
    Y4                 3.100      0.050     62.350      0.000
    Y5                 3.104      0.048     64.825      0.000
    Y6                 1.184      0.028     42.056      0.000
    Y7                 1.172      0.026     44.372      0.000
    Y8                 1.164      0.028     41.882      0.000
    Y9                 1.959      0.061     32.318      0.000
    Y10                1.852      0.046     40.068      0.000

 Variances
    F                  1.000      0.000    999.000    999.000

 Residual Variances
    Y1                 0.355      0.036      9.786      0.000
    Y2                 0.371      0.037      9.906      0.000
    Y3                 0.317      0.031     10.074      0.000
    Y4                 0.362      0.037      9.815      0.000
    Y5                 0.324      0.033      9.710      0.000
    Y6                 0.154      0.014     10.628      0.000
    Y7                 0.137      0.013     10.667      0.000
    Y8                 0.143      0.014     10.499      0.000
    Y9                 0.300      0.031      9.544      0.000
    Y10                0.297      0.031      9.679      0.000

New/Additional Parameters
    L9_0               0.493      0.065      7.561      0.000
    L9_1               0.004      0.040      0.100      0.920
    L9_2               0.029      0.082      0.349      0.727


QUALITY OF NUMERICAL RESULTS

     Condition Number for the Information Matrix              0.162E-03
       (ratio of smallest to largest eigenvalue)


     Beginning Time:  20:05:48
        Ending Time:  20:05:49
       Elapsed Time:  00:00:01



MUTHEN & MUTHEN
3463 Stoner Ave.
Los Angeles, CA  90066

Tel: (310) 391-9971
Fax: (310) 391-8971
Web: www.StatModel.com
Support: Support@StatModel.com

Copyright (c) 1998-2019 Muthen & Muthen
