Mplus VERSION 8.3
MUTHEN & MUTHEN
04/23/2024   8:02 PM

INPUT INSTRUCTIONS


  TITLE: Test with 10 reps

  DATA:
  File is
  G1_B2_N1_rep426.csv;

  VARIABLE:
      Names are x1 x2 eta
  	y1 y2 y3 y4 y5 y6 y7 y8 y9 y10;
      Usevariables are y1-y10 x1 x2;
      constraint = x1 x2;

  MODEL:
      f BY y1* (l1);
      f BY y2* (l2);
      f BY y3* (l3);
      f BY y4* (l4);
      f BY y5* (l5);
      f BY y6* (l6);
      f BY y7* (l7);
      f BY y8* (l8);
      f BY y9* (l9);
      f BY y10* (l10);

  y8 ON x1 x2;
  f@1;
  [f@0];

  MODEL CONSTRAINT:
      new (l8_0 l8_1 l8_2);
      l8 = l8_0 + l8_1*x1 + l8_2*x2;




INPUT READING TERMINATED NORMALLY



Test with 10 reps

SUMMARY OF ANALYSIS

Number of groups                                                 1
Number of observations                                         250

Number of dependent variables                                   10
Number of independent variables                                  2
Number of continuous latent variables                            1

Observed dependent variables

  Continuous
   Y1          Y2          Y3          Y4          Y5          Y6
   Y7          Y8          Y9          Y10

Observed independent variables
   X1          X2

Continuous latent variables
   F


Estimator                                                       ML
Information matrix                                        OBSERVED
Maximum number of iterations                                  1000
Convergence criterion                                    0.500D-04
Maximum number of steepest descent iterations                   20

Input data file(s)
  G1_B2_N1_rep426.csv

Input data format  FREE



UNIVARIATE SAMPLE STATISTICS


     UNIVARIATE HIGHER-ORDER MOMENT DESCRIPTIVE STATISTICS

         Variable/         Mean/     Skewness/   Minimum/ % with                Percentiles
        Sample Size      Variance    Kurtosis    Maximum  Min/Max      20%/60%    40%/80%    Median

     Y1                    1.876       0.917       1.000   31.20%       1.000      2.000      2.000
             250.000       0.581       1.341       5.000    0.40%       2.000      2.000
     Y2                    1.836       0.857       1.000   33.60%       1.000      2.000      2.000
             250.000       0.553       1.241       5.000    0.40%       2.000      2.000
     Y3                    3.088       0.043       1.000    1.60%       2.000      3.000      3.000
             250.000       0.616       0.065       5.000    3.20%       3.000      4.000
     Y4                    3.096       0.059       1.000    1.20%       3.000      3.000      3.000
             250.000       0.575       0.094       5.000    2.80%       3.000      4.000
     Y5                    3.116       0.340       2.000   18.80%       3.000      3.000      3.000
             250.000       0.551      -0.074       5.000    3.60%       3.000      4.000
     Y6                    1.180       2.789       1.000   84.40%       1.000      1.000      1.000
             250.000       0.204       8.842       4.000    0.40%       1.000      1.000
     Y7                    1.168       3.043       1.000   86.40%       1.000      1.000      1.000
             250.000       0.212       9.934       4.000    0.40%       1.000      1.000
     Y8                    1.196       2.629       1.000   83.20%       1.000      1.000      1.000
             250.000       0.222       7.601       4.000    0.40%       1.000      1.000
     Y9                    1.908       0.724       1.000   31.20%       1.000      2.000      2.000
             250.000       0.604       0.652       5.000    0.40%       2.000      2.000
     Y10                   1.852       0.635       1.000   30.80%       1.000      2.000      2.000
             250.000       0.486       1.041       5.000    0.40%       2.000      2.000
     X1                    0.018       0.011      -2.467    0.40%      -0.891     -0.236      0.079
             250.000       0.948      -0.188       2.887    0.40%       0.334      0.790
     X2                    0.512      -0.048       0.000   48.80%       0.000      0.000      1.000
             250.000       0.250      -1.998       1.000   51.20%       1.000      1.000


THE MODEL ESTIMATION TERMINATED NORMALLY



MODEL FIT INFORMATION

Number of Free Parameters                       34

Loglikelihood

          H0 Value                       -2114.256

Information Criteria

          Akaike (AIC)                    4296.512
          Bayesian (BIC)                  4416.242
          Sample-Size Adjusted BIC        4308.459
            (n* = (n + 2) / 24)



MODEL RESULTS

                                                    Two-Tailed
                    Estimate       S.E.  Est./S.E.    P-Value

 F        BY
    Y1                 0.504      0.046     11.017      0.000
    Y2                 0.420      0.046      9.070      0.000
    Y3                 0.544      0.046     11.715      0.000
    Y4                 0.514      0.045     11.404      0.000
    Y5                 0.458      0.045     10.090      0.000
    Y6                 0.247      0.028      8.726      0.000
    Y7                 0.241      0.029      8.292      0.000
    Y8               999.000      0.000    999.000    999.000
    Y9                 0.476      0.048     10.014      0.000
    Y10                0.414      0.043      9.627      0.000

 Y8       ON
    X1                 0.024      0.027      0.885      0.376
    X2                 0.021      0.050      0.416      0.678

 Means
    F                  0.000      0.000    999.000    999.000

 Intercepts
    Y1                 1.876      0.048     38.927      0.000
    Y2                 1.836      0.047     39.034      0.000
    Y3                 3.088      0.050     62.197      0.000
    Y4                 3.096      0.048     64.568      0.000
    Y5                 3.116      0.047     66.401      0.000
    Y6                 1.180      0.029     41.349      0.000
    Y7                 1.168      0.029     40.130      0.000
    Y8                 1.150      0.036     31.557      0.000
    Y9                 1.908      0.049     38.833      0.000
    Y10                1.852      0.044     42.000      0.000

 Variances
    F                  1.000      0.000    999.000    999.000

 Residual Variances
    Y1                 0.326      0.034      9.668      0.000
    Y2                 0.376      0.037     10.293      0.000
    Y3                 0.321      0.034      9.444      0.000
    Y4                 0.310      0.032      9.568      0.000
    Y5                 0.341      0.034     10.003      0.000
    Y6                 0.143      0.014     10.383      0.000
    Y7                 0.154      0.015     10.471      0.000
    Y8                 0.138      0.014     10.165      0.000
    Y9                 0.377      0.038     10.038      0.000
    Y10                0.314      0.031     10.124      0.000

New/Additional Parameters
    L8_0               0.158      0.042      3.817      0.000
    L8_1               0.090      0.024      3.694      0.000
    L8_2               0.119      0.056      2.146      0.032


QUALITY OF NUMERICAL RESULTS

     Condition Number for the Information Matrix              0.175E-03
       (ratio of smallest to largest eigenvalue)


     Beginning Time:  20:02:06
        Ending Time:  20:02:08
       Elapsed Time:  00:00:02



MUTHEN & MUTHEN
3463 Stoner Ave.
Los Angeles, CA  90066

Tel: (310) 391-9971
Fax: (310) 391-8971
Web: www.StatModel.com
Support: Support@StatModel.com

Copyright (c) 1998-2019 Muthen & Muthen
