Mplus VERSION 8.3
MUTHEN & MUTHEN
04/23/2024   8:16 PM

INPUT INSTRUCTIONS


  TITLE: Test with 10 reps

  DATA:
  File is
  G1_B2_N1_rep484.csv;

  VARIABLE:
      Names are x1 x2 eta
  	y1 y2 y3 y4 y5 y6 y7 y8 y9 y10;
      Usevariables are y1-y10 x1 x2;
      constraint = x1 x2;

  MODEL:
      f BY y1* (l1);
      f BY y2* (l2);
      f BY y3* (l3);
      f BY y4* (l4);
      f BY y5* (l5);
      f BY y6* (l6);
      f BY y7* (l7);
      f BY y8* (l8);
      f BY y9* (l9);
      f BY y10* (l10);

  y3 ON x1 x2;
  f@1;
  [f@0];

  MODEL CONSTRAINT:
      new (l3_0 l3_1 l3_2);
      l3 = l3_0 + l3_1*x1 + l3_2*x2;




INPUT READING TERMINATED NORMALLY



Test with 10 reps

SUMMARY OF ANALYSIS

Number of groups                                                 1
Number of observations                                         250

Number of dependent variables                                   10
Number of independent variables                                  2
Number of continuous latent variables                            1

Observed dependent variables

  Continuous
   Y1          Y2          Y3          Y4          Y5          Y6
   Y7          Y8          Y9          Y10

Observed independent variables
   X1          X2

Continuous latent variables
   F


Estimator                                                       ML
Information matrix                                        OBSERVED
Maximum number of iterations                                  1000
Convergence criterion                                    0.500D-04
Maximum number of steepest descent iterations                   20

Input data file(s)
  G1_B2_N1_rep484.csv

Input data format  FREE



UNIVARIATE SAMPLE STATISTICS


     UNIVARIATE HIGHER-ORDER MOMENT DESCRIPTIVE STATISTICS

         Variable/         Mean/     Skewness/   Minimum/ % with                Percentiles
        Sample Size      Variance    Kurtosis    Maximum  Min/Max      20%/60%    40%/80%    Median

     Y1                    1.848       0.740       1.000   35.20%       1.000      2.000      2.000
             250.000       0.593       0.603       5.000    0.40%       2.000      2.000
     Y2                    1.820       0.710       1.000   36.00%       1.000      2.000      2.000
             250.000       0.556       0.636       5.000    0.40%       2.000      2.000
     Y3                    3.092      -0.049       2.000   19.20%       3.000      3.000      3.000
             250.000       0.476      -0.728       5.000    0.40%       3.000      4.000
     Y4                    3.144       0.124       2.000   15.20%       3.000      3.000      3.000
             250.000       0.459      -0.192       5.000    1.60%       3.000      4.000
     Y5                    3.132       0.022       2.000   17.60%       3.000      3.000      3.000
             250.000       0.491      -0.522       5.000    1.20%       3.000      4.000
     Y6                    1.120       3.593       1.000   88.80%       1.000      1.000      1.000
             250.000       0.130      17.251       4.000    0.40%       1.000      1.000
     Y7                    1.132       2.450       1.000   87.20%       1.000      1.000      1.000
             250.000       0.123       4.944       3.000    0.40%       1.000      1.000
     Y8                    1.128       2.513       1.000   87.60%       1.000      1.000      1.000
             250.000       0.120       5.299       3.000    0.40%       1.000      1.000
     Y9                    1.796       0.857       1.000   34.80%       1.000      2.000      2.000
             250.000       0.498       1.976       5.000    0.80%       2.000      2.000
     Y10                   1.900       0.553       1.000   28.00%       1.000      2.000      2.000
             250.000       0.498       0.402       4.000    2.40%       2.000      2.000
     X1                    0.079      -0.298      -3.428    0.40%      -0.851     -0.170      0.147
             250.000       0.995       0.160       2.665    0.40%       0.360      0.931
     X2                    0.484       0.064       0.000   51.60%       0.000      0.000      0.000
             250.000       0.250      -1.996       1.000   48.40%       1.000      1.000


THE MODEL ESTIMATION TERMINATED NORMALLY

     THE STANDARD ERRORS OF THE MODEL PARAMETER ESTIMATES MAY NOT BE
     TRUSTWORTHY FOR SOME PARAMETERS DUE TO A NON-POSITIVE DEFINITE
     FIRST-ORDER DERIVATIVE PRODUCT MATRIX.  THIS MAY BE DUE TO THE STARTING
     VALUES BUT MAY ALSO BE AN INDICATION OF MODEL NONIDENTIFICATION.  THE
     CONDITION NUMBER IS       0.723D-15.  PROBLEM INVOLVING THE FOLLOWING PARAMETER:
     Parameter 35, L3_2




MODEL FIT INFORMATION

Number of Free Parameters                       34

Loglikelihood

          H0 Value                       -1848.865

Information Criteria

          Akaike (AIC)                    3765.729
          Bayesian (BIC)                  3885.459
          Sample-Size Adjusted BIC        3777.676
            (n* = (n + 2) / 24)



MODEL RESULTS

                                                    Two-Tailed
                    Estimate       S.E.  Est./S.E.    P-Value

 F        BY
    Y1                 0.528      0.046     11.530      0.000
    Y2                 0.487      0.045     10.789      0.000
    Y3               999.000      0.000    999.000    999.000
    Y4                 0.424      0.041     10.232      0.000
    Y5                 0.455      0.042     10.739      0.000
    Y6                 0.143      0.024      6.013      0.000
    Y7                 0.199      0.022      9.098      0.000
    Y8                 0.128      0.023      5.629      0.000
    Y9                 0.438      0.043     10.128      0.000
    Y10                0.437      0.043     10.091      0.000

 Y3       ON
    X1                 0.020      0.035      0.554      0.580
    X2                 0.070      0.070      0.996      0.319

 Means
    F                  0.000      0.000    999.000    999.000

 Intercepts
    Y1                 1.848      0.049     37.947      0.000
    Y2                 1.820      0.047     38.606      0.000
    Y3                 3.067      0.057     54.028      0.000
    Y4                 3.144      0.043     73.354      0.000
    Y5                 3.132      0.044     70.703      0.000
    Y6                 1.120      0.023     49.191      0.000
    Y7                 1.132      0.022     51.123      0.000
    Y8                 1.128      0.022     51.569      0.000
    Y9                 1.796      0.045     40.225      0.000
    Y10                1.900      0.045     42.571      0.000

 Variances
    F                  1.000      0.000    999.000    999.000

 Residual Variances
    Y1                 0.314      0.033      9.426      0.000
    Y2                 0.319      0.033      9.673      0.000
    Y3                 0.263      0.027      9.640      0.000
    Y4                 0.280      0.028      9.925      0.000
    Y5                 0.284      0.029      9.744      0.000
    Y6                 0.109      0.010     10.789      0.000
    Y7                 0.083      0.008     10.206      0.000
    Y8                 0.103      0.009     10.869      0.000
    Y9                 0.307      0.031      9.941      0.000
    Y10                0.307      0.031      9.944      0.000

New/Additional Parameters
    L3_0               0.476      0.055      8.619      0.000
    L3_1              -0.044      0.038     -1.176      0.239
    L3_2              -0.045      0.076     -0.591      0.554


QUALITY OF NUMERICAL RESULTS

     Condition Number for the Information Matrix              0.631E-04
       (ratio of smallest to largest eigenvalue)


TECHNICAL 1 OUTPUT


     PARAMETER SPECIFICATION


           NU
              Y1            Y2            Y3            Y4            Y5
              ________      ________      ________      ________      ________
                  1             2             0             3             4


           NU
              Y6            Y7            Y8            Y9            Y10
              ________      ________      ________      ________      ________
                  5             6             7             8             9


           NU
              X1            X2
              ________      ________
                  0             0


           LAMBDA
              F             Y3            X1            X2
              ________      ________      ________      ________
 Y1                10             0             0             0
 Y2                11             0             0             0
 Y3                 0             0             0             0
 Y4                12             0             0             0
 Y5                13             0             0             0
 Y6                14             0             0             0
 Y7                15             0             0             0
 Y8                16             0             0             0
 Y9                17             0             0             0
 Y10               18             0             0             0
 X1                 0             0             0             0
 X2                 0             0             0             0


           THETA
              Y1            Y2            Y3            Y4            Y5
              ________      ________      ________      ________      ________
 Y1                19
 Y2                 0            20
 Y3                 0             0             0
 Y4                 0             0             0            21
 Y5                 0             0             0             0            22
 Y6                 0             0             0             0             0
 Y7                 0             0             0             0             0
 Y8                 0             0             0             0             0
 Y9                 0             0             0             0             0
 Y10                0             0             0             0             0
 X1                 0             0             0             0             0
 X2                 0             0             0             0             0


           THETA
              Y6            Y7            Y8            Y9            Y10
              ________      ________      ________      ________      ________
 Y6                23
 Y7                 0            24
 Y8                 0             0            25
 Y9                 0             0             0            26
 Y10                0             0             0             0            27
 X1                 0             0             0             0             0
 X2                 0             0             0             0             0


           THETA
              X1            X2
              ________      ________
 X1                 0
 X2                 0             0


           ALPHA
              F             Y3            X1            X2
              ________      ________      ________      ________
                  0            28             0             0


           BETA
              F             Y3            X1            X2
              ________      ________      ________      ________
 F                  0             0             0             0
 Y3                29             0            30            31
 X1                 0             0             0             0
 X2                 0             0             0             0


           PSI
              F             Y3            X1            X2
              ________      ________      ________      ________
 F                  0
 Y3                 0            32
 X1                 0             0             0
 X2                 0             0             0             0


     PARAMETER SPECIFICATION FOR THE ADDITIONAL PARAMETERS


           New/Additional Parameters
              L3_0          L3_1          L3_2
              ________      ________      ________
                   33            34            35


     STARTING VALUES


           NU
              Y1            Y2            Y3            Y4            Y5
              ________      ________      ________      ________      ________
                1.848         1.820         0.000         3.144         3.132


           NU
              Y6            Y7            Y8            Y9            Y10
              ________      ________      ________      ________      ________
                1.120         1.132         1.128         1.796         1.900


           NU
              X1            X2
              ________      ________
                0.000         0.000


           LAMBDA
              F             Y3            X1            X2
              ________      ________      ________      ________
 Y1             1.000         0.000         0.000         0.000
 Y2             1.000         0.000         0.000         0.000
 Y3             0.000         1.000         0.000         0.000
 Y4             1.000         0.000         0.000         0.000
 Y5             1.000         0.000         0.000         0.000
 Y6             1.000         0.000         0.000         0.000
 Y7             1.000         0.000         0.000         0.000
 Y8             1.000         0.000         0.000         0.000
 Y9             1.000         0.000         0.000         0.000
 Y10            1.000         0.000         0.000         0.000
 X1             0.000         0.000         1.000         0.000
 X2             0.000         0.000         0.000         1.000


           THETA
              Y1            Y2            Y3            Y4            Y5
              ________      ________      ________      ________      ________
 Y1             0.296
 Y2             0.000         0.278
 Y3             0.000         0.000         0.000
 Y4             0.000         0.000         0.000         0.230
 Y5             0.000         0.000         0.000         0.000         0.245
 Y6             0.000         0.000         0.000         0.000         0.000
 Y7             0.000         0.000         0.000         0.000         0.000
 Y8             0.000         0.000         0.000         0.000         0.000
 Y9             0.000         0.000         0.000         0.000         0.000
 Y10            0.000         0.000         0.000         0.000         0.000
 X1             0.000         0.000         0.000         0.000         0.000
 X2             0.000         0.000         0.000         0.000         0.000


           THETA
              Y6            Y7            Y8            Y9            Y10
              ________      ________      ________      ________      ________
 Y6             0.065
 Y7             0.000         0.061
 Y8             0.000         0.000         0.060
 Y9             0.000         0.000         0.000         0.249
 Y10            0.000         0.000         0.000         0.000         0.249
 X1             0.000         0.000         0.000         0.000         0.000
 X2             0.000         0.000         0.000         0.000         0.000


           THETA
              X1            X2
              ________      ________
 X1             0.000
 X2             0.000         0.000


           ALPHA
              F             Y3            X1            X2
              ________      ________      ________      ________
                0.000         3.092         0.079         0.484


           BETA
              F             Y3            X1            X2
              ________      ________      ________      ________
 F              0.000         0.000         0.000         0.000
 Y3             1.000         0.000         0.000         0.000
 X1             0.000         0.000         0.000         0.000
 X2             0.000         0.000         0.000         0.000


           PSI
              F             Y3            X1            X2
              ________      ________      ________      ________
 F              1.000
 Y3             0.000         0.238
 X1             0.000         0.000         0.995
 X2             0.000         0.000         0.002         0.250


     STARTING VALUES FOR THE ADDITIONAL PARAMETERS


           New/Additional Parameters
              L3_0          L3_1          L3_2
              ________      ________      ________
                0.500         0.500         0.500


     Beginning Time:  20:16:55
        Ending Time:  20:16:57
       Elapsed Time:  00:00:02



MUTHEN & MUTHEN
3463 Stoner Ave.
Los Angeles, CA  90066

Tel: (310) 391-9971
Fax: (310) 391-8971
Web: www.StatModel.com
Support: Support@StatModel.com

Copyright (c) 1998-2019 Muthen & Muthen
