Mplus VERSION 8.3
MUTHEN & MUTHEN
04/23/2024   7:58 PM

INPUT INSTRUCTIONS


  TITLE: Test with 10 reps

  DATA:
  File is
  G1_B2_N1_rep411.csv;

  VARIABLE:
      Names are x1 x2 eta
  	y1 y2 y3 y4 y5 y6 y7 y8 y9 y10;
      Usevariables are y1-y10 x1 x2;
      constraint = x1 x2;

  MODEL:
      f BY y1* (l1);
      f BY y2* (l2);
      f BY y3* (l3);
      f BY y4* (l4);
      f BY y5* (l5);
      f BY y6* (l6);
      f BY y7* (l7);
      f BY y8* (l8);
      f BY y9* (l9);
      f BY y10* (l10);

  y7 ON x1 x2;
  f@1;
  [f@0];

  MODEL CONSTRAINT:
      new (l7_0 l7_1 l7_2);
      l7 = l7_0 + l7_1*x1 + l7_2*x2;




INPUT READING TERMINATED NORMALLY



Test with 10 reps

SUMMARY OF ANALYSIS

Number of groups                                                 1
Number of observations                                         250

Number of dependent variables                                   10
Number of independent variables                                  2
Number of continuous latent variables                            1

Observed dependent variables

  Continuous
   Y1          Y2          Y3          Y4          Y5          Y6
   Y7          Y8          Y9          Y10

Observed independent variables
   X1          X2

Continuous latent variables
   F


Estimator                                                       ML
Information matrix                                        OBSERVED
Maximum number of iterations                                  1000
Convergence criterion                                    0.500D-04
Maximum number of steepest descent iterations                   20

Input data file(s)
  G1_B2_N1_rep411.csv

Input data format  FREE



UNIVARIATE SAMPLE STATISTICS


     UNIVARIATE HIGHER-ORDER MOMENT DESCRIPTIVE STATISTICS

         Variable/         Mean/     Skewness/   Minimum/ % with                Percentiles
        Sample Size      Variance    Kurtosis    Maximum  Min/Max      20%/60%    40%/80%    Median

     Y1                    1.840       0.735       1.000   34.00%       1.000      2.000      2.000
             250.000       0.550       0.839       5.000    0.40%       2.000      2.000
     Y2                    1.856       0.643       1.000   36.80%       1.000      2.000      2.000
             250.000       0.635      -0.155       4.000    3.20%       2.000      2.000
     Y3                    3.104       0.166       1.000    0.40%       2.000      3.000      3.000
             250.000       0.565      -0.202       5.000    2.80%       3.000      4.000
     Y4                    3.120       0.044       1.000    0.40%       3.000      3.000      3.000
             250.000       0.546      -0.339       5.000    2.00%       3.000      4.000
     Y5                    3.036       0.049       1.000    1.60%       2.000      3.000      3.000
             250.000       0.579       0.142       5.000    2.40%       3.000      4.000
     Y6                    1.128       2.920       1.000   88.40%       1.000      1.000      1.000
             250.000       0.136       8.295       3.000    1.20%       1.000      1.000
     Y7                    1.168       2.304       1.000   84.40%       1.000      1.000      1.000
             250.000       0.164       4.637       3.000    1.20%       1.000      1.000
     Y8                    1.172       2.374       1.000   84.40%       1.000      1.000      1.000
             250.000       0.174       5.060       3.000    1.60%       1.000      1.000
     Y9                    1.840       0.818       1.000   34.80%       1.000      2.000      2.000
             250.000       0.582       0.911       5.000    0.40%       2.000      2.000
     Y10                   1.796       1.015       1.000   36.80%       1.000      2.000      2.000
             250.000       0.578       1.514       5.000    0.40%       2.000      2.000
     X1                   -0.050       0.066      -2.985    0.40%      -0.930     -0.373     -0.065
             250.000       1.040      -0.359       2.394    0.40%       0.232      0.803
     X2                    0.516      -0.064       0.000   48.40%       0.000      0.000      1.000
             250.000       0.250      -1.996       1.000   51.60%       1.000      1.000


THE MODEL ESTIMATION TERMINATED NORMALLY



MODEL FIT INFORMATION

Number of Free Parameters                       34

Loglikelihood

          H0 Value                       -2023.002

Information Criteria

          Akaike (AIC)                    4114.003
          Bayesian (BIC)                  4233.733
          Sample-Size Adjusted BIC        4125.950
            (n* = (n + 2) / 24)



MODEL RESULTS

                                                    Two-Tailed
                    Estimate       S.E.  Est./S.E.    P-Value

 F        BY
    Y1                 0.447      0.046      9.792      0.000
    Y2                 0.532      0.048     11.145      0.000
    Y3                 0.443      0.047      9.511      0.000
    Y4                 0.478      0.045     10.699      0.000
    Y5                 0.460      0.047      9.815      0.000
    Y6                 0.208      0.023      9.048      0.000
    Y7               999.000      0.000    999.000    999.000
    Y8                 0.217      0.027      8.184      0.000
    Y9                 0.522      0.045     11.510      0.000
    Y10                0.488      0.046     10.570      0.000

 Y7       ON
    X1                 0.021      0.023      0.928      0.353
    X2                 0.049      0.046      1.070      0.285

 Means
    F                  0.000      0.000    999.000    999.000

 Intercepts
    Y1                 1.840      0.047     39.215      0.000
    Y2                 1.856      0.050     36.819      0.000
    Y3                 3.104      0.048     65.283      0.000
    Y4                 3.120      0.047     66.787      0.000
    Y5                 3.036      0.048     63.102      0.000
    Y6                 1.128      0.023     48.431      0.000
    Y7                 1.115      0.033     33.558      0.000
    Y8                 1.172      0.026     44.371      0.000
    Y9                 1.840      0.048     38.122      0.000
    Y10                1.796      0.048     37.340      0.000

 Variances
    F                  1.000      0.000    999.000    999.000

 Residual Variances
    Y1                 0.351      0.035     10.088      0.000
    Y2                 0.352      0.037      9.630      0.000
    Y3                 0.369      0.036     10.146      0.000
    Y4                 0.317      0.032      9.787      0.000
    Y5                 0.367      0.037     10.059      0.000
    Y6                 0.092      0.009     10.283      0.000
    Y7                 0.110      0.011     10.334      0.000
    Y8                 0.127      0.012     10.446      0.000
    Y9                 0.310      0.033      9.482      0.000
    Y10                0.341      0.035      9.811      0.000

New/Additional Parameters
    L7_0               0.119      0.041      2.940      0.003
    L7_1               0.051      0.023      2.226      0.026
    L7_2               0.114      0.053      2.159      0.031


QUALITY OF NUMERICAL RESULTS

     Condition Number for the Information Matrix              0.779E-04
       (ratio of smallest to largest eigenvalue)


     Beginning Time:  19:58:21
        Ending Time:  19:58:22
       Elapsed Time:  00:00:01



MUTHEN & MUTHEN
3463 Stoner Ave.
Los Angeles, CA  90066

Tel: (310) 391-9971
Fax: (310) 391-8971
Web: www.StatModel.com
Support: Support@StatModel.com

Copyright (c) 1998-2019 Muthen & Muthen
