Mplus VERSION 8.3
MUTHEN & MUTHEN
04/23/2024   8:00 PM

INPUT INSTRUCTIONS


  TITLE: Test with 10 reps

  DATA:
  File is
  G1_B2_N1_rep419.csv;

  VARIABLE:
      Names are x1 x2 eta
  	y1 y2 y3 y4 y5 y6 y7 y8 y9 y10;
      Usevariables are y1-y10 x1 x2;
      constraint = x1 x2;

  MODEL:
      f BY y1* (l1);
      f BY y2* (l2);
      f BY y3* (l3);
      f BY y4* (l4);
      f BY y5* (l5);
      f BY y6* (l6);
      f BY y7* (l7);
      f BY y8* (l8);
      f BY y9* (l9);
      f BY y10* (l10);

  y9 ON x1 x2;
  f@1;
  [f@0];

  MODEL CONSTRAINT:
      new (l9_0 l9_1 l9_2);
      l9 = l9_0 + l9_1*x1 + l9_2*x2;




INPUT READING TERMINATED NORMALLY



Test with 10 reps

SUMMARY OF ANALYSIS

Number of groups                                                 1
Number of observations                                         250

Number of dependent variables                                   10
Number of independent variables                                  2
Number of continuous latent variables                            1

Observed dependent variables

  Continuous
   Y1          Y2          Y3          Y4          Y5          Y6
   Y7          Y8          Y9          Y10

Observed independent variables
   X1          X2

Continuous latent variables
   F


Estimator                                                       ML
Information matrix                                        OBSERVED
Maximum number of iterations                                  1000
Convergence criterion                                    0.500D-04
Maximum number of steepest descent iterations                   20

Input data file(s)
  G1_B2_N1_rep419.csv

Input data format  FREE



UNIVARIATE SAMPLE STATISTICS


     UNIVARIATE HIGHER-ORDER MOMENT DESCRIPTIVE STATISTICS

         Variable/         Mean/     Skewness/   Minimum/ % with                Percentiles
        Sample Size      Variance    Kurtosis    Maximum  Min/Max      20%/60%    40%/80%    Median

     Y1                    1.728       1.255       1.000   43.60%       1.000      1.000      2.000
             250.000       0.622       2.408       5.000    1.20%       2.000      2.000
     Y2                    1.816       0.916       1.000   38.00%       1.000      2.000      2.000
             250.000       0.630       0.888       5.000    0.40%       2.000      2.000
     Y3                    3.136       0.021       1.000    0.40%       3.000      3.000      3.000
             250.000       0.542      -0.330       5.000    2.00%       3.000      4.000
     Y4                    3.112       0.329       2.000   16.80%       3.000      3.000      3.000
             250.000       0.491       0.114       5.000    2.80%       3.000      4.000
     Y5                    3.104       0.084       1.000    0.80%       3.000      3.000      3.000
             250.000       0.533       0.095       5.000    2.40%       3.000      4.000
     Y6                    1.140       2.708       1.000   87.20%       1.000      1.000      1.000
             250.000       0.144       6.947       3.000    1.20%       1.000      1.000
     Y7                    1.140       2.845       1.000   87.60%       1.000      1.000      1.000
             250.000       0.152       7.803       3.000    1.60%       1.000      1.000
     Y8                    1.176       2.206       1.000   83.60%       1.000      1.000      1.000
             250.000       0.169       4.130       3.000    1.20%       1.000      1.000
     Y9                    1.800       0.900       1.000   37.60%       1.000      2.000      2.000
             250.000       0.576       1.410       5.000    0.80%       2.000      2.000
     Y10                   1.844       0.356       1.000   31.20%       1.000      2.000      2.000
             250.000       0.460      -0.248       4.000    0.80%       2.000      2.000
     X1                   -0.082      -0.228      -2.968    0.40%      -0.919     -0.245     -0.054
             250.000       1.051      -0.165       2.220    0.40%       0.163      0.758
     X2                    0.460       0.161       0.000   54.00%       0.000      0.000      0.000
             250.000       0.248      -1.974       1.000   46.00%       1.000      1.000


THE MODEL ESTIMATION TERMINATED NORMALLY



MODEL FIT INFORMATION

Number of Free Parameters                       34

Loglikelihood

          H0 Value                       -2029.402

Information Criteria

          Akaike (AIC)                    4126.803
          Bayesian (BIC)                  4246.533
          Sample-Size Adjusted BIC        4138.750
            (n* = (n + 2) / 24)



MODEL RESULTS

                                                    Two-Tailed
                    Estimate       S.E.  Est./S.E.    P-Value

 F        BY
    Y1                 0.480      0.049      9.781      0.000
    Y2                 0.499      0.049     10.157      0.000
    Y3                 0.465      0.045     10.256      0.000
    Y4                 0.415      0.044      9.452      0.000
    Y5                 0.437      0.046      9.568      0.000
    Y6                 0.184      0.025      7.481      0.000
    Y7                 0.186      0.025      7.330      0.000
    Y8                 0.207      0.027      7.819      0.000
    Y9               999.000      0.000    999.000    999.000
    Y10                0.423      0.042     10.056      0.000

 Y9       ON
    X1                 0.034      0.041      0.837      0.402
    X2                -0.011      0.084     -0.131      0.896

 Means
    F                  0.000      0.000    999.000    999.000

 Intercepts
    Y1                 1.728      0.050     34.643      0.000
    Y2                 1.816      0.050     36.171      0.000
    Y3                 3.136      0.047     67.382      0.000
    Y4                 3.112      0.044     70.189      0.000
    Y5                 3.104      0.046     67.213      0.000
    Y6                 1.140      0.024     47.434      0.000
    Y7                 1.140      0.025     46.172      0.000
    Y8                 1.176      0.026     45.228      0.000
    Y9                 1.791      0.063     28.337      0.000
    Y10                1.844      0.043     43.004      0.000

 Variances
    F                  1.000      0.000    999.000    999.000

 Residual Variances
    Y1                 0.391      0.040      9.844      0.000
    Y2                 0.381      0.039      9.676      0.000
    Y3                 0.325      0.034      9.671      0.000
    Y4                 0.320      0.032      9.983      0.000
    Y5                 0.343      0.035      9.923      0.000
    Y6                 0.111      0.011     10.504      0.000
    Y7                 0.118      0.011     10.512      0.000
    Y8                 0.126      0.012     10.415      0.000
    Y9                 0.352      0.036      9.808      0.000
    Y10                0.281      0.029      9.728      0.000

New/Additional Parameters
    L9_0               0.448      0.069      6.514      0.000
    L9_1               0.056      0.047      1.207      0.228
    L9_2               0.034      0.091      0.380      0.704


QUALITY OF NUMERICAL RESULTS

     Condition Number for the Information Matrix              0.108E-03
       (ratio of smallest to largest eigenvalue)


     Beginning Time:  20:00:14
        Ending Time:  20:00:15
       Elapsed Time:  00:00:01



MUTHEN & MUTHEN
3463 Stoner Ave.
Los Angeles, CA  90066

Tel: (310) 391-9971
Fax: (310) 391-8971
Web: www.StatModel.com
Support: Support@StatModel.com

Copyright (c) 1998-2019 Muthen & Muthen
