Mplus VERSION 8.3
MUTHEN & MUTHEN
04/23/2024   8:17 PM

INPUT INSTRUCTIONS


  TITLE: Test with 10 reps

  DATA:
  File is
  G1_B2_N1_rep488.csv;

  VARIABLE:
      Names are x1 x2 eta
  	y1 y2 y3 y4 y5 y6 y7 y8 y9 y10;
      Usevariables are y1-y10 x1 x2;
      constraint = x1 x2;

  MODEL:
      f BY y1* (l1);
      f BY y2* (l2);
      f BY y3* (l3);
      f BY y4* (l4);
      f BY y5* (l5);
      f BY y6* (l6);
      f BY y7* (l7);
      f BY y8* (l8);
      f BY y9* (l9);
      f BY y10* (l10);

  y10 ON x1 x2;
  f@1;
  [f@0];

  MODEL CONSTRAINT:
      new (l10_0 l10_1 l10_2);
      l10 = l10_0 + l10_1*x1 + l10_2*x2;




INPUT READING TERMINATED NORMALLY



Test with 10 reps

SUMMARY OF ANALYSIS

Number of groups                                                 1
Number of observations                                         250

Number of dependent variables                                   10
Number of independent variables                                  2
Number of continuous latent variables                            1

Observed dependent variables

  Continuous
   Y1          Y2          Y3          Y4          Y5          Y6
   Y7          Y8          Y9          Y10

Observed independent variables
   X1          X2

Continuous latent variables
   F


Estimator                                                       ML
Information matrix                                        OBSERVED
Maximum number of iterations                                  1000
Convergence criterion                                    0.500D-04
Maximum number of steepest descent iterations                   20

Input data file(s)
  G1_B2_N1_rep488.csv

Input data format  FREE



UNIVARIATE SAMPLE STATISTICS


     UNIVARIATE HIGHER-ORDER MOMENT DESCRIPTIVE STATISTICS

         Variable/         Mean/     Skewness/   Minimum/ % with                Percentiles
        Sample Size      Variance    Kurtosis    Maximum  Min/Max      20%/60%    40%/80%    Median

     Y1                    1.892       0.830       1.000   30.80%       1.000      2.000      2.000
             250.000       0.584       1.062       5.000    0.40%       2.000      2.000
     Y2                    1.832       0.836       1.000   35.20%       1.000      2.000      2.000
             250.000       0.580       0.965       5.000    0.40%       2.000      2.000
     Y3                    3.136       0.034       1.000    1.60%       3.000      3.000      3.000
             250.000       0.638       0.069       5.000    4.00%       3.000      4.000
     Y4                    3.064      -0.162       1.000    2.00%       3.000      3.000      3.000
             250.000       0.564       0.156       5.000    1.60%       3.000      4.000
     Y5                    3.052       0.041       1.000    0.80%       2.000      3.000      3.000
             250.000       0.537      -0.174       5.000    1.60%       3.000      4.000
     Y6                    1.228       2.320       1.000   80.40%       1.000      1.000      1.000
             250.000       0.248       5.692       4.000    0.40%       1.000      1.000
     Y7                    1.152       4.114       1.000   86.80%       1.000      1.000      1.000
             250.000       0.193      24.757       5.000    0.40%       1.000      1.000
     Y8                    1.160       2.258       1.000   84.80%       1.000      1.000      1.000
             250.000       0.150       4.248       3.000    0.80%       1.000      1.000
     Y9                    1.840       0.719       1.000   38.00%       1.000      2.000      2.000
             250.000       0.638       0.258       5.000    0.40%       2.000      2.000
     Y10                   1.828       0.733       1.000   36.00%       1.000      2.000      2.000
             250.000       0.582       0.289       4.000    3.20%       2.000      2.000
     X1                    0.022       0.031      -2.824    0.40%      -0.705     -0.201      0.024
             250.000       0.957       0.310       3.221    0.40%       0.223      0.813
     X2                    0.540      -0.161       0.000   46.00%       0.000      0.000      1.000
             250.000       0.248      -1.974       1.000   54.00%       1.000      1.000


THE MODEL ESTIMATION TERMINATED NORMALLY



MODEL FIT INFORMATION

Number of Free Parameters                       34

Loglikelihood

          H0 Value                       -2128.517

Information Criteria

          Akaike (AIC)                    4325.033
          Bayesian (BIC)                  4444.763
          Sample-Size Adjusted BIC        4336.980
            (n* = (n + 2) / 24)



MODEL RESULTS

                                                    Two-Tailed
                    Estimate       S.E.  Est./S.E.    P-Value

 F        BY
    Y1                 0.459      0.047      9.760      0.000
    Y2                 0.542      0.045     12.122      0.000
    Y3                 0.510      0.048     10.555      0.000
    Y4                 0.472      0.046     10.330      0.000
    Y5                 0.435      0.045      9.602      0.000
    Y6                 0.273      0.031      8.738      0.000
    Y7                 0.216      0.028      7.706      0.000
    Y8                 0.200      0.025      8.142      0.000
    Y9                 0.463      0.050      9.337      0.000
    Y10              999.000      0.000    999.000    999.000

 Y10      ON
    X1                -0.030      0.039     -0.767      0.443
    X2                 0.041      0.079      0.523      0.601

 Means
    F                  0.000      0.000    999.000    999.000

 Intercepts
    Y1                 1.892      0.048     39.135      0.000
    Y2                 1.832      0.048     38.042      0.000
    Y3                 3.136      0.050     62.102      0.000
    Y4                 3.064      0.047     64.514      0.000
    Y5                 3.052      0.046     65.834      0.000
    Y6                 1.228      0.031     38.988      0.000
    Y7                 1.152      0.028     41.473      0.000
    Y8                 1.160      0.025     47.294      0.000
    Y9                 1.840      0.051     36.412      0.000
    Y10                1.811      0.066     27.564      0.000

 Variances
    F                  1.000      0.000    999.000    999.000

 Residual Variances
    Y1                 0.373      0.037     10.101      0.000
    Y2                 0.286      0.031      9.188      0.000
    Y3                 0.377      0.038      9.867      0.000
    Y4                 0.341      0.034      9.952      0.000
    Y5                 0.348      0.034     10.143      0.000
    Y6                 0.174      0.017     10.365      0.000
    Y7                 0.146      0.014     10.567      0.000
    Y8                 0.110      0.011     10.472      0.000
    Y9                 0.424      0.042     10.220      0.000
    Y10                0.293      0.032      9.282      0.000

New/Additional Parameters
    L10_0              0.519      0.072      7.224      0.000
    L10_1             -0.056      0.034     -1.627      0.104
    L10_2              0.024      0.086      0.276      0.783


QUALITY OF NUMERICAL RESULTS

     Condition Number for the Information Matrix              0.108E-03
       (ratio of smallest to largest eigenvalue)


     Beginning Time:  20:17:48
        Ending Time:  20:17:49
       Elapsed Time:  00:00:01



MUTHEN & MUTHEN
3463 Stoner Ave.
Los Angeles, CA  90066

Tel: (310) 391-9971
Fax: (310) 391-8971
Web: www.StatModel.com
Support: Support@StatModel.com

Copyright (c) 1998-2019 Muthen & Muthen
