Mplus VERSION 8.3
MUTHEN & MUTHEN
04/23/2024   8:08 PM

INPUT INSTRUCTIONS


  TITLE: Test with 10 reps

  DATA:
  File is
  G1_B2_N1_rep45.csv;

  VARIABLE:
      Names are x1 x2 eta
  	y1 y2 y3 y4 y5 y6 y7 y8 y9 y10;
      Usevariables are y1-y10 x1 x2;
      constraint = x1 x2;

  MODEL:
      f BY y1* (l1);
      f BY y2* (l2);
      f BY y3* (l3);
      f BY y4* (l4);
      f BY y5* (l5);
      f BY y6* (l6);
      f BY y7* (l7);
      f BY y8* (l8);
      f BY y9* (l9);
      f BY y10* (l10);

  y10 ON x1 x2;
  f@1;
  [f@0];

  MODEL CONSTRAINT:
      new (l10_0 l10_1 l10_2);
      l10 = l10_0 + l10_1*x1 + l10_2*x2;




INPUT READING TERMINATED NORMALLY



Test with 10 reps

SUMMARY OF ANALYSIS

Number of groups                                                 1
Number of observations                                         250

Number of dependent variables                                   10
Number of independent variables                                  2
Number of continuous latent variables                            1

Observed dependent variables

  Continuous
   Y1          Y2          Y3          Y4          Y5          Y6
   Y7          Y8          Y9          Y10

Observed independent variables
   X1          X2

Continuous latent variables
   F


Estimator                                                       ML
Information matrix                                        OBSERVED
Maximum number of iterations                                  1000
Convergence criterion                                    0.500D-04
Maximum number of steepest descent iterations                   20

Input data file(s)
  G1_B2_N1_rep45.csv

Input data format  FREE



UNIVARIATE SAMPLE STATISTICS


     UNIVARIATE HIGHER-ORDER MOMENT DESCRIPTIVE STATISTICS

         Variable/         Mean/     Skewness/   Minimum/ % with                Percentiles
        Sample Size      Variance    Kurtosis    Maximum  Min/Max      20%/60%    40%/80%    Median

     Y1                    1.836       0.785       1.000   36.80%       1.000      2.000      2.000
             250.000       0.625       0.288       4.000    4.00%       2.000      2.000
     Y2                    1.812       0.938       1.000   37.60%       1.000      2.000      2.000
             250.000       0.617       1.033       5.000    0.40%       2.000      2.000
     Y3                    3.100       0.012       1.000    2.00%       2.000      3.000      3.000
             250.000       0.706      -0.210       5.000    4.00%       3.000      4.000
     Y4                    3.104      -0.141       1.000    2.40%       3.000      3.000      3.000
             250.000       0.637       0.105       5.000    2.80%       3.000      4.000
     Y5                    3.116      -0.150       1.000    3.20%       2.000      3.000      3.000
             250.000       0.743      -0.090       5.000    4.00%       3.000      4.000
     Y6                    1.188       2.485       1.000   82.40%       1.000      1.000      1.000
             250.000       0.185       7.772       4.000    0.40%       1.000      1.000
     Y7                    1.192       2.139       1.000   82.40%       1.000      1.000      1.000
             250.000       0.187       3.861       3.000    1.60%       1.000      1.000
     Y8                    1.240       2.614       1.000   79.20%       1.000      1.000      1.000
             250.000       0.270       8.467       4.000    1.20%       1.000      2.000
     Y9                    1.908       1.008       1.000   32.80%       1.000      2.000      2.000
             250.000       0.692       1.446       5.000    1.20%       2.000      2.000
     Y10                   1.852       0.856       1.000   36.80%       1.000      2.000      2.000
             250.000       0.662       0.626       5.000    0.40%       2.000      2.000
     X1                    0.057       0.098      -2.710    0.40%      -0.935     -0.289      0.036
             250.000       1.214      -0.559       2.635    0.40%       0.297      1.083
     X2                    0.496       0.016       0.000   50.40%       0.000      0.000      0.000
             250.000       0.250      -2.000       1.000   49.60%       1.000      1.000


THE MODEL ESTIMATION TERMINATED NORMALLY



MODEL FIT INFORMATION

Number of Free Parameters                       34

Loglikelihood

          H0 Value                       -2234.274

Information Criteria

          Akaike (AIC)                    4536.549
          Bayesian (BIC)                  4656.279
          Sample-Size Adjusted BIC        4548.496
            (n* = (n + 2) / 24)



MODEL RESULTS

                                                    Two-Tailed
                    Estimate       S.E.  Est./S.E.    P-Value

 F        BY
    Y1                 0.530      0.047     11.285      0.000
    Y2                 0.509      0.047     10.807      0.000
    Y3                 0.541      0.050     10.722      0.000
    Y4                 0.550      0.047     11.720      0.000
    Y5                 0.585      0.051     11.509      0.000
    Y6                 0.230      0.027      8.569      0.000
    Y7                 0.192      0.028      6.902      0.000
    Y8                 0.303      0.032      9.431      0.000
    Y9                 0.539      0.050     10.823      0.000
    Y10              999.000      0.000    999.000    999.000

 Y10      ON
    X1                -0.007      0.039     -0.171      0.864
    X2                 0.012      0.085      0.137      0.891

 Means
    F                  0.000      0.000    999.000    999.000

 Intercepts
    Y1                 1.836      0.050     36.717      0.000
    Y2                 1.812      0.050     36.484      0.000
    Y3                 3.100      0.053     58.335      0.000
    Y4                 3.104      0.050     61.484      0.000
    Y5                 3.116      0.054     57.175      0.000
    Y6                 1.188      0.027     43.712      0.000
    Y7                 1.192      0.027     43.568      0.000
    Y8                 1.240      0.033     37.704      0.000
    Y9                 1.908      0.053     36.278      0.000
    Y10                1.876      0.072     26.054      0.000

 Variances
    F                  1.000      0.000    999.000    999.000

 Residual Variances
    Y1                 0.344      0.035      9.754      0.000
    Y2                 0.357      0.036      9.881      0.000
    Y3                 0.413      0.042      9.949      0.000
    Y4                 0.335      0.035      9.635      0.000
    Y5                 0.400      0.041      9.716      0.000
    Y6                 0.132      0.013     10.476      0.000
    Y7                 0.150      0.014     10.749      0.000
    Y8                 0.179      0.017     10.251      0.000
    Y9                 0.401      0.040      9.916      0.000
    Y10                0.369      0.037      9.885      0.000

New/Additional Parameters
    L10_0              0.651      0.073      8.861      0.000
    L10_1             -0.054      0.042     -1.290      0.197
    L10_2             -0.220      0.091     -2.423      0.015


QUALITY OF NUMERICAL RESULTS

     Condition Number for the Information Matrix              0.154E-03
       (ratio of smallest to largest eigenvalue)


     Beginning Time:  20:08:12
        Ending Time:  20:08:13
       Elapsed Time:  00:00:01



MUTHEN & MUTHEN
3463 Stoner Ave.
Los Angeles, CA  90066

Tel: (310) 391-9971
Fax: (310) 391-8971
Web: www.StatModel.com
Support: Support@StatModel.com

Copyright (c) 1998-2019 Muthen & Muthen
