Mplus VERSION 8.3
MUTHEN & MUTHEN
04/23/2024   8:11 PM

INPUT INSTRUCTIONS


  TITLE: Test with 10 reps

  DATA:
  File is
  G1_B2_N1_rep463.csv;

  VARIABLE:
      Names are x1 x2 eta
  	y1 y2 y3 y4 y5 y6 y7 y8 y9 y10;
      Usevariables are y1-y10 x1 x2;
      constraint = x1 x2;

  MODEL:
      f BY y1* (l1);
      f BY y2* (l2);
      f BY y3* (l3);
      f BY y4* (l4);
      f BY y5* (l5);
      f BY y6* (l6);
      f BY y7* (l7);
      f BY y8* (l8);
      f BY y9* (l9);
      f BY y10* (l10);

  y3 ON x1 x2;
  f@1;
  [f@0];

  MODEL CONSTRAINT:
      new (l3_0 l3_1 l3_2);
      l3 = l3_0 + l3_1*x1 + l3_2*x2;




INPUT READING TERMINATED NORMALLY



Test with 10 reps

SUMMARY OF ANALYSIS

Number of groups                                                 1
Number of observations                                         250

Number of dependent variables                                   10
Number of independent variables                                  2
Number of continuous latent variables                            1

Observed dependent variables

  Continuous
   Y1          Y2          Y3          Y4          Y5          Y6
   Y7          Y8          Y9          Y10

Observed independent variables
   X1          X2

Continuous latent variables
   F


Estimator                                                       ML
Information matrix                                        OBSERVED
Maximum number of iterations                                  1000
Convergence criterion                                    0.500D-04
Maximum number of steepest descent iterations                   20

Input data file(s)
  G1_B2_N1_rep463.csv

Input data format  FREE



UNIVARIATE SAMPLE STATISTICS


     UNIVARIATE HIGHER-ORDER MOMENT DESCRIPTIVE STATISTICS

         Variable/         Mean/     Skewness/   Minimum/ % with                Percentiles
        Sample Size      Variance    Kurtosis    Maximum  Min/Max      20%/60%    40%/80%    Median

     Y1                    1.932       0.676       1.000   30.00%       1.000      2.000      2.000
             250.000       0.607       0.541       5.000    0.40%       2.000      2.000
     Y2                    1.868       0.797       1.000   33.60%       1.000      2.000      2.000
             250.000       0.603       0.794       5.000    0.40%       2.000      2.000
     Y3                    3.132      -0.021       1.000    0.80%       2.000      3.000      3.000
             250.000       0.595      -0.345       5.000    2.40%       3.000      4.000
     Y4                    3.160      -0.024       1.000    0.40%       2.000      3.000      3.000
             250.000       0.598      -0.557       5.000    2.40%       3.000      4.000
     Y5                    3.240      -0.034       1.000    0.80%       3.000      3.000      3.000
             250.000       0.638      -0.270       5.000    4.40%       3.000      4.000
     Y6                    1.192       2.512       1.000   82.40%       1.000      1.000      1.000
             250.000       0.195       7.641       4.000    0.40%       1.000      1.000
     Y7                    1.228       2.562       1.000   80.80%       1.000      1.000      1.000
             250.000       0.264       7.472       4.000    0.80%       1.000      1.000
     Y8                    1.204       2.433       1.000   81.60%       1.000      1.000      1.000
             250.000       0.210       6.900       4.000    0.40%       1.000      1.000
     Y9                    1.888       0.913       1.000   34.00%       1.000      2.000      2.000
             250.000       0.667       1.069       5.000    0.80%       2.000      2.000
     Y10                   1.836       1.064       1.000   35.60%       1.000      2.000      2.000
             250.000       0.633       1.662       5.000    0.80%       2.000      2.000
     X1                    0.090       0.072      -3.060    0.40%      -0.681     -0.196      0.066
             250.000       0.955       0.351       3.312    0.40%       0.256      0.954
     X2                    0.480       0.080       0.000   52.00%       0.000      0.000      0.000
             250.000       0.250      -1.994       1.000   48.00%       1.000      1.000


THE MODEL ESTIMATION TERMINATED NORMALLY



MODEL FIT INFORMATION

Number of Free Parameters                       34

Loglikelihood

          H0 Value                       -2253.990

Information Criteria

          Akaike (AIC)                    4575.980
          Bayesian (BIC)                  4695.709
          Sample-Size Adjusted BIC        4587.926
            (n* = (n + 2) / 24)



MODEL RESULTS

                                                    Two-Tailed
                    Estimate       S.E.  Est./S.E.    P-Value

 F        BY
    Y1                 0.480      0.048      9.990      0.000
    Y2                 0.503      0.047     10.651      0.000
    Y3               999.000      0.000    999.000    999.000
    Y4                 0.459      0.048      9.536      0.000
    Y5                 0.538      0.048     11.201      0.000
    Y6                 0.188      0.029      6.485      0.000
    Y7                 0.235      0.033      7.033      0.000
    Y8                 0.242      0.029      8.309      0.000
    Y9                 0.553      0.049     11.272      0.000
    Y10                0.472      0.049      9.553      0.000

 Y3       ON
    X1                 0.092      0.042      2.183      0.029
    X2                 0.048      0.081      0.590      0.555

 Means
    F                  0.000      0.000    999.000    999.000

 Intercepts
    Y1                 1.932      0.049     39.197      0.000
    Y2                 1.868      0.049     38.049      0.000
    Y3                 3.104      0.063     49.059      0.000
    Y4                 3.160      0.049     64.589      0.000
    Y5                 3.240      0.051     64.116      0.000
    Y6                 1.192      0.028     42.666      0.000
    Y7                 1.228      0.032     37.788      0.000
    Y8                 1.204      0.029     41.504      0.000
    Y9                 1.888      0.052     36.539      0.000
    Y10                1.836      0.050     36.484      0.000

 Variances
    F                  1.000      0.000    999.000    999.000

 Residual Variances
    Y1                 0.377      0.038      9.902      0.000
    Y2                 0.350      0.036      9.679      0.000
    Y3                 0.368      0.037     10.013      0.000
    Y4                 0.388      0.039     10.041      0.000
    Y5                 0.349      0.037      9.446      0.000
    Y6                 0.160      0.015     10.721      0.000
    Y7                 0.209      0.020     10.636      0.000
    Y8                 0.152      0.015     10.364      0.000
    Y9                 0.362      0.038      9.434      0.000
    Y10                0.410      0.041     10.047      0.000

New/Additional Parameters
    L3_0               0.456      0.068      6.736      0.000
    L3_1              -0.015      0.044     -0.341      0.733
    L3_2              -0.015      0.088     -0.172      0.863


QUALITY OF NUMERICAL RESULTS

     Condition Number for the Information Matrix              0.206E-03
       (ratio of smallest to largest eigenvalue)


     Beginning Time:  20:11:39
        Ending Time:  20:11:40
       Elapsed Time:  00:00:01



MUTHEN & MUTHEN
3463 Stoner Ave.
Los Angeles, CA  90066

Tel: (310) 391-9971
Fax: (310) 391-8971
Web: www.StatModel.com
Support: Support@StatModel.com

Copyright (c) 1998-2019 Muthen & Muthen
