Mplus VERSION 8.3
MUTHEN & MUTHEN
04/23/2024   8:21 PM

INPUT INSTRUCTIONS


  TITLE: Test with 10 reps

  DATA:
  File is
  G1_B2_N1_rep52.csv;

  VARIABLE:
      Names are x1 x2 eta
  	y1 y2 y3 y4 y5 y6 y7 y8 y9 y10;
      Usevariables are y1-y10 x1 x2;
      constraint = x1 x2;

  MODEL:
      f BY y1* (l1);
      f BY y2* (l2);
      f BY y3* (l3);
      f BY y4* (l4);
      f BY y5* (l5);
      f BY y6* (l6);
      f BY y7* (l7);
      f BY y8* (l8);
      f BY y9* (l9);
      f BY y10* (l10);

  y3 ON x1 x2;
  f@1;
  [f@0];

  MODEL CONSTRAINT:
      new (l3_0 l3_1 l3_2);
      l3 = l3_0 + l3_1*x1 + l3_2*x2;




INPUT READING TERMINATED NORMALLY



Test with 10 reps

SUMMARY OF ANALYSIS

Number of groups                                                 1
Number of observations                                         250

Number of dependent variables                                   10
Number of independent variables                                  2
Number of continuous latent variables                            1

Observed dependent variables

  Continuous
   Y1          Y2          Y3          Y4          Y5          Y6
   Y7          Y8          Y9          Y10

Observed independent variables
   X1          X2

Continuous latent variables
   F


Estimator                                                       ML
Information matrix                                        OBSERVED
Maximum number of iterations                                  1000
Convergence criterion                                    0.500D-04
Maximum number of steepest descent iterations                   20

Input data file(s)
  G1_B2_N1_rep52.csv

Input data format  FREE



UNIVARIATE SAMPLE STATISTICS


     UNIVARIATE HIGHER-ORDER MOMENT DESCRIPTIVE STATISTICS

         Variable/         Mean/     Skewness/   Minimum/ % with                Percentiles
        Sample Size      Variance    Kurtosis    Maximum  Min/Max      20%/60%    40%/80%    Median

     Y1                    1.848       0.655       1.000   34.00%       1.000      2.000      2.000
             250.000       0.561       0.207       4.000    2.80%       2.000      2.000
     Y2                    1.800       0.808       1.000   36.40%       1.000      2.000      2.000
             250.000       0.552       0.633       4.000    3.20%       2.000      2.000
     Y3                    3.112      -0.237       1.000    1.60%       3.000      3.000      3.000
             250.000       0.531       0.119       5.000    1.20%       3.000      4.000
     Y4                    3.108       0.018       1.000    1.60%       3.000      3.000      3.000
             250.000       0.600       0.169       5.000    3.20%       3.000      4.000
     Y5                    3.164      -0.220       1.000    1.20%       3.000      3.000      3.000
             250.000       0.561      -0.162       5.000    1.60%       3.000      4.000
     Y6                    1.136       2.390       1.000   86.80%       1.000      1.000      1.000
             250.000       0.126       4.613       3.000    0.40%       1.000      1.000
     Y7                    1.152       3.023       1.000   86.00%       1.000      1.000      1.000
             250.000       0.161      11.622       4.000    0.40%       1.000      1.000
     Y8                    1.160       2.968       1.000   85.60%       1.000      1.000      1.000
             250.000       0.174      10.749       4.000    0.40%       1.000      1.000
     Y9                    1.776       0.364       1.000   35.20%       1.000      2.000      2.000
             250.000       0.438      -0.412       4.000    0.40%       2.000      2.000
     Y10                   1.836       0.704       1.000   33.20%       1.000      2.000      2.000
             250.000       0.521       0.936       5.000    0.40%       2.000      2.000
     X1                   -0.046      -0.137      -3.393    0.40%      -0.806     -0.286     -0.037
             250.000       0.912       0.187       2.383    0.40%       0.169      0.700
     X2                    0.508      -0.032       0.000   49.20%       0.000      0.000      1.000
             250.000       0.250      -1.999       1.000   50.80%       1.000      1.000


THE MODEL ESTIMATION TERMINATED NORMALLY



MODEL FIT INFORMATION

Number of Free Parameters                       34

Loglikelihood

          H0 Value                       -1991.549

Information Criteria

          Akaike (AIC)                    4051.098
          Bayesian (BIC)                  4170.828
          Sample-Size Adjusted BIC        4063.045
            (n* = (n + 2) / 24)



MODEL RESULTS

                                                    Two-Tailed
                    Estimate       S.E.  Est./S.E.    P-Value

 F        BY
    Y1                 0.487      0.046     10.670      0.000
    Y2                 0.471      0.046     10.331      0.000
    Y3               999.000      0.000    999.000    999.000
    Y4                 0.489      0.048     10.280      0.000
    Y5                 0.456      0.046      9.831      0.000
    Y6                 0.189      0.023      8.360      0.000
    Y7                 0.192      0.026      7.392      0.000
    Y8                 0.209      0.027      7.757      0.000
    Y9                 0.439      0.040     10.964      0.000
    Y10                0.413      0.045      9.091      0.000

 Y3       ON
    X1                 0.043      0.044      0.971      0.331
    X2                 0.163      0.082      1.999      0.046

 Means
    F                  0.000      0.000    999.000    999.000

 Intercepts
    Y1                 1.848      0.047     39.015      0.000
    Y2                 1.800      0.047     38.307      0.000
    Y3                 3.049      0.062     49.197      0.000
    Y4                 3.108      0.049     63.424      0.000
    Y5                 3.164      0.047     66.786      0.000
    Y6                 1.136      0.022     50.701      0.000
    Y7                 1.152      0.025     45.410      0.000
    Y8                 1.160      0.026     43.919      0.000
    Y9                 1.776      0.042     42.439      0.000
    Y10                1.836      0.046     40.214      0.000

 Variances
    F                  1.000      0.000    999.000    999.000

 Residual Variances
    Y1                 0.324      0.034      9.614      0.000
    Y2                 0.330      0.034      9.742      0.000
    Y3                 0.361      0.035     10.212      0.000
    Y4                 0.362      0.037      9.779      0.000
    Y5                 0.353      0.036      9.929      0.000
    Y6                 0.090      0.009     10.294      0.000
    Y7                 0.124      0.012     10.529      0.000
    Y8                 0.131      0.013     10.462      0.000
    Y9                 0.245      0.026      9.500      0.000
    Y10                0.351      0.035     10.128      0.000

New/Additional Parameters
    L3_0               0.352      0.068      5.152      0.000
    L3_1              -0.095      0.048     -1.973      0.048
    L3_2               0.048      0.088      0.542      0.588


QUALITY OF NUMERICAL RESULTS

     Condition Number for the Information Matrix              0.730E-04
       (ratio of smallest to largest eigenvalue)


     Beginning Time:  20:21:48
        Ending Time:  20:21:49
       Elapsed Time:  00:00:01



MUTHEN & MUTHEN
3463 Stoner Ave.
Los Angeles, CA  90066

Tel: (310) 391-9971
Fax: (310) 391-8971
Web: www.StatModel.com
Support: Support@StatModel.com

Copyright (c) 1998-2019 Muthen & Muthen
