Mplus VERSION 8.3
MUTHEN & MUTHEN
04/23/2024   8:24 PM

INPUT INSTRUCTIONS


  TITLE: Test with 10 reps

  DATA:
  File is
  G1_B2_N1_rep64.csv;

  VARIABLE:
      Names are x1 x2 eta
  	y1 y2 y3 y4 y5 y6 y7 y8 y9 y10;
      Usevariables are y1-y10 x1 x2;
      constraint = x1 x2;

  MODEL:
      f BY y1* (l1);
      f BY y2* (l2);
      f BY y3* (l3);
      f BY y4* (l4);
      f BY y5* (l5);
      f BY y6* (l6);
      f BY y7* (l7);
      f BY y8* (l8);
      f BY y9* (l9);
      f BY y10* (l10);

  y9 ON x1 x2;
  f@1;
  [f@0];

  MODEL CONSTRAINT:
      new (l9_0 l9_1 l9_2);
      l9 = l9_0 + l9_1*x1 + l9_2*x2;




INPUT READING TERMINATED NORMALLY



Test with 10 reps

SUMMARY OF ANALYSIS

Number of groups                                                 1
Number of observations                                         250

Number of dependent variables                                   10
Number of independent variables                                  2
Number of continuous latent variables                            1

Observed dependent variables

  Continuous
   Y1          Y2          Y3          Y4          Y5          Y6
   Y7          Y8          Y9          Y10

Observed independent variables
   X1          X2

Continuous latent variables
   F


Estimator                                                       ML
Information matrix                                        OBSERVED
Maximum number of iterations                                  1000
Convergence criterion                                    0.500D-04
Maximum number of steepest descent iterations                   20

Input data file(s)
  G1_B2_N1_rep64.csv

Input data format  FREE



UNIVARIATE SAMPLE STATISTICS


     UNIVARIATE HIGHER-ORDER MOMENT DESCRIPTIVE STATISTICS

         Variable/         Mean/     Skewness/   Minimum/ % with                Percentiles
        Sample Size      Variance    Kurtosis    Maximum  Min/Max      20%/60%    40%/80%    Median

     Y1                    1.880       0.515       1.000   29.60%       1.000      2.000      2.000
             250.000       0.498       0.213       4.000    2.00%       2.000      2.000
     Y2                    1.812       0.810       1.000   34.40%       1.000      2.000      2.000
             250.000       0.521       1.254       5.000    0.40%       2.000      2.000
     Y3                    3.152       0.304       2.000   16.80%       3.000      3.000      3.000
             250.000       0.537      -0.071       5.000    3.60%       3.000      4.000
     Y4                    3.220       0.254       2.000   14.00%       3.000      3.000      3.000
             250.000       0.532      -0.110       5.000    4.00%       3.000      4.000
     Y5                    3.056      -0.380       1.000    2.40%       2.000      3.000      3.000
             250.000       0.557      -0.030       5.000    0.40%       3.000      4.000
     Y6                    1.160       3.034       1.000   86.00%       1.000      1.000      1.000
             250.000       0.182      10.828       4.000    0.40%       1.000      1.000
     Y7                    1.164       2.904       1.000   85.20%       1.000      1.000      1.000
             250.000       0.177      10.285       4.000    0.40%       1.000      1.000
     Y8                    1.148       2.224       1.000   85.60%       1.000      1.000      1.000
             250.000       0.134       3.742       3.000    0.40%       1.000      1.000
     Y9                    1.880       0.739       1.000   30.40%       1.000      2.000      2.000
             250.000       0.538       1.059       5.000    0.40%       2.000      2.000
     Y10                   1.884       0.594       1.000   31.60%       1.000      2.000      2.000
             250.000       0.559       0.134       4.000    2.80%       2.000      2.000
     X1                    0.029      -0.084      -2.514    0.40%      -0.706     -0.127      0.020
             250.000       0.937       0.233       3.238    0.40%       0.221      0.808
     X2                    0.504      -0.016       0.000   49.60%       0.000      0.000      1.000
             250.000       0.250      -2.000       1.000   50.40%       1.000      1.000


THE MODEL ESTIMATION TERMINATED NORMALLY



MODEL FIT INFORMATION

Number of Free Parameters                       34

Loglikelihood

          H0 Value                       -1973.359

Information Criteria

          Akaike (AIC)                    4014.718
          Bayesian (BIC)                  4134.448
          Sample-Size Adjusted BIC        4026.665
            (n* = (n + 2) / 24)



MODEL RESULTS

                                                    Two-Tailed
                    Estimate       S.E.  Est./S.E.    P-Value

 F        BY
    Y1                 0.462      0.042     10.906      0.000
    Y2                 0.522      0.042     12.439      0.000
    Y3                 0.446      0.045      9.935      0.000
    Y4                 0.473      0.044     10.776      0.000
    Y5                 0.492      0.045     11.018      0.000
    Y6                 0.203      0.027      7.413      0.000
    Y7                 0.208      0.027      7.756      0.000
    Y8                 0.151      0.024      6.323      0.000
    Y9               999.000      0.000    999.000    999.000
    Y10                0.469      0.045     10.345      0.000

 Y9       ON
    X1                 0.008      0.038      0.221      0.825
    X2                 0.001      0.073      0.019      0.985

 Means
    F                  0.000      0.000    999.000    999.000

 Intercepts
    Y1                 1.880      0.045     42.139      0.000
    Y2                 1.812      0.046     39.706      0.000
    Y3                 3.152      0.046     68.016      0.000
    Y4                 3.220      0.046     69.829      0.000
    Y5                 3.056      0.047     64.751      0.000
    Y6                 1.160      0.027     42.945      0.000
    Y7                 1.164      0.027     43.733      0.000
    Y8                 1.148      0.023     49.568      0.000
    Y9                 1.884      0.061     30.693      0.000
    Y10                1.884      0.047     39.859      0.000

 Variances
    F                  1.000      0.000    999.000    999.000

 Residual Variances
    Y1                 0.284      0.029      9.786      0.000
    Y2                 0.248      0.027      9.141      0.000
    Y3                 0.338      0.034     10.090      0.000
    Y4                 0.308      0.031      9.839      0.000
    Y5                 0.315      0.032      9.775      0.000
    Y6                 0.141      0.013     10.646      0.000
    Y7                 0.134      0.013     10.576      0.000
    Y8                 0.111      0.010     10.810      0.000
    Y9                 0.283      0.030      9.560      0.000
    Y10                0.338      0.034      9.990      0.000

New/Additional Parameters
    L9_0               0.540      0.060      9.009      0.000
    L9_1               0.011      0.047      0.239      0.811
    L9_2              -0.075      0.079     -0.949      0.343


QUALITY OF NUMERICAL RESULTS

     Condition Number for the Information Matrix              0.105E-03
       (ratio of smallest to largest eigenvalue)


     Beginning Time:  20:24:58
        Ending Time:  20:24:59
       Elapsed Time:  00:00:01



MUTHEN & MUTHEN
3463 Stoner Ave.
Los Angeles, CA  90066

Tel: (310) 391-9971
Fax: (310) 391-8971
Web: www.StatModel.com
Support: Support@StatModel.com

Copyright (c) 1998-2019 Muthen & Muthen
