Mplus VERSION 8.3
MUTHEN & MUTHEN
04/23/2024   8:28 PM

INPUT INSTRUCTIONS


  TITLE: Test with 10 reps

  DATA:
  File is
  G1_B2_N1_rep77.csv;

  VARIABLE:
      Names are x1 x2 eta
  	y1 y2 y3 y4 y5 y6 y7 y8 y9 y10;
      Usevariables are y1-y10 x1 x2;
      constraint = x1 x2;

  MODEL:
      f BY y1* (l1);
      f BY y2* (l2);
      f BY y3* (l3);
      f BY y4* (l4);
      f BY y5* (l5);
      f BY y6* (l6);
      f BY y7* (l7);
      f BY y8* (l8);
      f BY y9* (l9);
      f BY y10* (l10);

  y8 ON x1 x2;
  f@1;
  [f@0];

  MODEL CONSTRAINT:
      new (l8_0 l8_1 l8_2);
      l8 = l8_0 + l8_1*x1 + l8_2*x2;




INPUT READING TERMINATED NORMALLY



Test with 10 reps

SUMMARY OF ANALYSIS

Number of groups                                                 1
Number of observations                                         250

Number of dependent variables                                   10
Number of independent variables                                  2
Number of continuous latent variables                            1

Observed dependent variables

  Continuous
   Y1          Y2          Y3          Y4          Y5          Y6
   Y7          Y8          Y9          Y10

Observed independent variables
   X1          X2

Continuous latent variables
   F


Estimator                                                       ML
Information matrix                                        OBSERVED
Maximum number of iterations                                  1000
Convergence criterion                                    0.500D-04
Maximum number of steepest descent iterations                   20

Input data file(s)
  G1_B2_N1_rep77.csv

Input data format  FREE



UNIVARIATE SAMPLE STATISTICS


     UNIVARIATE HIGHER-ORDER MOMENT DESCRIPTIVE STATISTICS

         Variable/         Mean/     Skewness/   Minimum/ % with                Percentiles
        Sample Size      Variance    Kurtosis    Maximum  Min/Max      20%/60%    40%/80%    Median

     Y1                    1.840       1.024       1.000   36.40%       1.000      2.000      2.000
             250.000       0.654       1.404       5.000    0.80%       2.000      2.000
     Y2                    1.876       0.609       1.000   32.40%       1.000      2.000      2.000
             250.000       0.557       0.479       5.000    0.40%       2.000      2.000
     Y3                    3.228       0.165       2.000   16.40%       3.000      3.000      3.000
             250.000       0.592      -0.386       5.000    4.40%       3.000      4.000
     Y4                    3.156       0.158       1.000    0.40%       3.000      3.000      3.000
             250.000       0.548      -0.054       5.000    3.20%       3.000      4.000
     Y5                    3.204       0.147       2.000   15.60%       3.000      3.000      3.000
             250.000       0.538      -0.307       5.000    3.20%       3.000      4.000
     Y6                    1.192       2.028       1.000   82.00%       1.000      1.000      1.000
             250.000       0.179       3.262       3.000    1.20%       1.000      1.000
     Y7                    1.192       2.028       1.000   82.00%       1.000      1.000      1.000
             250.000       0.179       3.262       3.000    1.20%       1.000      1.000
     Y8                    1.160       2.534       1.000   85.60%       1.000      1.000      1.000
             250.000       0.166       5.945       3.000    1.60%       1.000      1.000
     Y9                    1.948       0.807       1.000   29.60%       1.000      2.000      2.000
             250.000       0.633       1.285       5.000    1.20%       2.000      3.000
     Y10                   1.892       0.887       1.000   31.60%       1.000      2.000      2.000
             250.000       0.616       1.049       5.000    0.40%       2.000      2.000
     X1                    0.031       0.114      -3.063    0.40%      -0.790     -0.253      0.067
             250.000       0.959       0.218       3.119    0.40%       0.260      0.827
     X2                    0.556      -0.225       0.000   44.40%       0.000      0.000      1.000
             250.000       0.247      -1.949       1.000   55.60%       1.000      1.000


THE MODEL ESTIMATION TERMINATED NORMALLY



MODEL FIT INFORMATION

Number of Free Parameters                       34

Loglikelihood

          H0 Value                       -2037.807

Information Criteria

          Akaike (AIC)                    4143.615
          Bayesian (BIC)                  4263.345
          Sample-Size Adjusted BIC        4155.562
            (n* = (n + 2) / 24)



MODEL RESULTS

                                                    Two-Tailed
                    Estimate       S.E.  Est./S.E.    P-Value

 F        BY
    Y1                 0.566      0.047     12.004      0.000
    Y2                 0.524      0.043     12.064      0.000
    Y3                 0.500      0.046     10.865      0.000
    Y4                 0.450      0.045     10.003      0.000
    Y5                 0.456      0.044     10.282      0.000
    Y6                 0.209      0.027      7.819      0.000
    Y7                 0.234      0.026      8.922      0.000
    Y8               999.000      0.000    999.000    999.000
    Y9                 0.497      0.048     10.336      0.000
    Y10                0.536      0.046     11.607      0.000

 Y8       ON
    X1                -0.006      0.021     -0.282      0.778
    X2                 0.075      0.043      1.754      0.080

 Means
    F                  0.000      0.000    999.000    999.000

 Intercepts
    Y1                 1.840      0.051     35.964      0.000
    Y2                 1.876      0.047     39.758      0.000
    Y3                 3.228      0.049     66.334      0.000
    Y4                 3.156      0.047     67.429      0.000
    Y5                 3.204      0.046     69.042      0.000
    Y6                 1.192      0.027     44.530      0.000
    Y7                 1.192      0.027     44.530      0.000
    Y8                 1.094      0.031     34.959      0.000
    Y9                 1.948      0.050     38.704      0.000
    Y10                1.892      0.050     38.105      0.000

 Variances
    F                  1.000      0.000    999.000    999.000

 Residual Variances
    Y1                 0.334      0.035      9.580      0.000
    Y2                 0.282      0.029      9.556      0.000
    Y3                 0.342      0.034      9.955      0.000
    Y4                 0.345      0.034     10.201      0.000
    Y5                 0.331      0.033     10.135      0.000
    Y6                 0.135      0.013     10.652      0.000
    Y7                 0.124      0.012     10.449      0.000
    Y8                 0.093      0.010      9.671      0.000
    Y9                 0.386      0.038     10.105      0.000
    Y10                0.329      0.034      9.713      0.000

New/Additional Parameters
    L8_0               0.126      0.033      3.787      0.000
    L8_1               0.028      0.021      1.333      0.183
    L8_2               0.190      0.046      4.149      0.000


QUALITY OF NUMERICAL RESULTS

     Condition Number for the Information Matrix              0.848E-04
       (ratio of smallest to largest eigenvalue)


     Beginning Time:  20:28:09
        Ending Time:  20:28:10
       Elapsed Time:  00:00:01



MUTHEN & MUTHEN
3463 Stoner Ave.
Los Angeles, CA  90066

Tel: (310) 391-9971
Fax: (310) 391-8971
Web: www.StatModel.com
Support: Support@StatModel.com

Copyright (c) 1998-2019 Muthen & Muthen
