Mplus VERSION 8.3
MUTHEN & MUTHEN
04/23/2024   8:33 PM

INPUT INSTRUCTIONS


  TITLE: Test with 10 reps

  DATA:
  File is
  G1_B2_N1_rep97.csv;

  VARIABLE:
      Names are x1 x2 eta
  	y1 y2 y3 y4 y5 y6 y7 y8 y9 y10;
      Usevariables are y1-y10 x1 x2;
      constraint = x1 x2;

  MODEL:
      f BY y1* (l1);
      f BY y2* (l2);
      f BY y3* (l3);
      f BY y4* (l4);
      f BY y5* (l5);
      f BY y6* (l6);
      f BY y7* (l7);
      f BY y8* (l8);
      f BY y9* (l9);
      f BY y10* (l10);

  y7 ON x1 x2;
  f@1;
  [f@0];

  MODEL CONSTRAINT:
      new (l7_0 l7_1 l7_2);
      l7 = l7_0 + l7_1*x1 + l7_2*x2;




INPUT READING TERMINATED NORMALLY



Test with 10 reps

SUMMARY OF ANALYSIS

Number of groups                                                 1
Number of observations                                         250

Number of dependent variables                                   10
Number of independent variables                                  2
Number of continuous latent variables                            1

Observed dependent variables

  Continuous
   Y1          Y2          Y3          Y4          Y5          Y6
   Y7          Y8          Y9          Y10

Observed independent variables
   X1          X2

Continuous latent variables
   F


Estimator                                                       ML
Information matrix                                        OBSERVED
Maximum number of iterations                                  1000
Convergence criterion                                    0.500D-04
Maximum number of steepest descent iterations                   20

Input data file(s)
  G1_B2_N1_rep97.csv

Input data format  FREE



UNIVARIATE SAMPLE STATISTICS


     UNIVARIATE HIGHER-ORDER MOMENT DESCRIPTIVE STATISTICS

         Variable/         Mean/     Skewness/   Minimum/ % with                Percentiles
        Sample Size      Variance    Kurtosis    Maximum  Min/Max      20%/60%    40%/80%    Median

     Y1                    1.852       0.805       1.000   33.60%       1.000      2.000      2.000
             250.000       0.574       0.955       5.000    0.40%       2.000      2.000
     Y2                    1.852       0.597       1.000   34.00%       1.000      2.000      2.000
             250.000       0.550       0.395       5.000    0.40%       2.000      2.000
     Y3                    3.164       0.125       2.000   16.80%       3.000      3.000      3.000
             250.000       0.521      -0.348       5.000    2.40%       3.000      4.000
     Y4                    3.092       0.013       1.000    1.20%       3.000      3.000      3.000
             250.000       0.572       0.003       5.000    2.40%       3.000      4.000
     Y5                    3.060       0.020       1.000    1.20%       2.000      3.000      3.000
             250.000       0.552       0.035       5.000    2.00%       3.000      4.000
     Y6                    1.188       2.729       1.000   84.00%       1.000      1.000      1.000
             250.000       0.217       8.203       4.000    0.40%       1.000      1.000
     Y7                    1.180       2.159       1.000   83.20%       1.000      1.000      1.000
             250.000       0.172       3.896       3.000    1.20%       1.000      1.000
     Y8                    1.144       3.251       1.000   87.20%       1.000      1.000      1.000
             250.000       0.163      12.896       4.000    0.40%       1.000      1.000
     Y9                    1.832       0.622       1.000   36.00%       1.000      2.000      2.000
             250.000       0.572      -0.030       4.000    2.40%       2.000      2.000
     Y10                   1.860       0.946       1.000   34.00%       1.000      2.000      2.000
             250.000       0.616       1.431       5.000    0.80%       2.000      2.000
     X1                   -0.032       0.264      -2.713    0.40%      -0.971     -0.366     -0.065
             250.000       1.129      -0.082       3.111    0.40%       0.120      0.943
     X2                    0.504      -0.016       0.000   49.60%       0.000      0.000      1.000
             250.000       0.250      -2.000       1.000   50.40%       1.000      1.000


THE MODEL ESTIMATION TERMINATED NORMALLY



MODEL FIT INFORMATION

Number of Free Parameters                       34

Loglikelihood

          H0 Value                       -2064.620

Information Criteria

          Akaike (AIC)                    4197.240
          Bayesian (BIC)                  4316.970
          Sample-Size Adjusted BIC        4209.187
            (n* = (n + 2) / 24)



MODEL RESULTS

                                                    Two-Tailed
                    Estimate       S.E.  Est./S.E.    P-Value

 F        BY
    Y1                 0.454      0.047      9.760      0.000
    Y2                 0.511      0.044     11.635      0.000
    Y3                 0.454      0.044     10.353      0.000
    Y4                 0.435      0.047      9.273      0.000
    Y5                 0.464      0.045     10.259      0.000
    Y6                 0.250      0.029      8.547      0.000
    Y7               999.000      0.000    999.000    999.000
    Y8                 0.200      0.026      7.784      0.000
    Y9                 0.541      0.044     12.234      0.000
    Y10                0.504      0.047     10.622      0.000

 Y7       ON
    X1                 0.008      0.022      0.386      0.700
    X2                -0.034      0.047     -0.725      0.469

 Means
    F                  0.000      0.000    999.000    999.000

 Intercepts
    Y1                 1.852      0.048     38.647      0.000
    Y2                 1.852      0.047     39.481      0.000
    Y3                 3.164      0.046     69.302      0.000
    Y4                 3.092      0.048     64.668      0.000
    Y5                 3.060      0.047     65.098      0.000
    Y6                 1.188      0.029     40.355      0.000
    Y7                 1.181      0.036     33.125      0.000
    Y8                 1.144      0.026     44.766      0.000
    Y9                 1.832      0.048     38.307      0.000
    Y10                1.860      0.050     37.459      0.000

 Variances
    F                  1.000      0.000    999.000    999.000

 Residual Variances
    Y1                 0.368      0.036     10.151      0.000
    Y2                 0.289      0.030      9.495      0.000
    Y3                 0.315      0.032      9.949      0.000
    Y4                 0.382      0.037     10.251      0.000
    Y5                 0.337      0.034     10.001      0.000
    Y6                 0.154      0.015     10.432      0.000
    Y7                 0.119      0.011     10.351      0.000
    Y8                 0.123      0.012     10.576      0.000
    Y9                 0.279      0.030      9.198      0.000
    Y10                0.363      0.037      9.886      0.000

New/Additional Parameters
    L7_0               0.185      0.043      4.292      0.000
    L7_1               0.029      0.025      1.152      0.249
    L7_2               0.070      0.053      1.317      0.188


QUALITY OF NUMERICAL RESULTS

     Condition Number for the Information Matrix              0.126E-03
       (ratio of smallest to largest eigenvalue)


     Beginning Time:  20:33:11
        Ending Time:  20:33:11
       Elapsed Time:  00:00:00



MUTHEN & MUTHEN
3463 Stoner Ave.
Los Angeles, CA  90066

Tel: (310) 391-9971
Fax: (310) 391-8971
Web: www.StatModel.com
Support: Support@StatModel.com

Copyright (c) 1998-2019 Muthen & Muthen
