Mplus VERSION 8.3
MUTHEN & MUTHEN
04/25/2024   6:22 AM

INPUT INSTRUCTIONS


  TITLE: Test with 10 reps

  DATA:
  File is
  G3_B2_N2_rep139.csv;

  VARIABLE:
      Names are x1 x2 eta
  	y1 y2 y3 y4 y5 y6 y7 y8 y9 y10;
      Usevariables are y1-y10 x1 x2;
      constraint = x1 x2;

  MODEL:
      f BY y1* (l1);
      f BY y2* (l2);
      f BY y3* (l3);
      f BY y4* (l4);
      f BY y5* (l5);
      f BY y6* (l6);
      f BY y7* (l7);
      f BY y8* (l8);
      f BY y9* (l9);
      f BY y10* (l10);

  y2 ON x1 x2;
  f@1;
  [f@0];

  MODEL CONSTRAINT:
      new (l2_0 l2_1 l2_2);
      l2 = l2_0 + l2_1*x1 + l2_2*x2;




INPUT READING TERMINATED NORMALLY



Test with 10 reps

SUMMARY OF ANALYSIS

Number of groups                                                 1
Number of observations                                         500

Number of dependent variables                                   10
Number of independent variables                                  2
Number of continuous latent variables                            1

Observed dependent variables

  Continuous
   Y1          Y2          Y3          Y4          Y5          Y6
   Y7          Y8          Y9          Y10

Observed independent variables
   X1          X2

Continuous latent variables
   F


Estimator                                                       ML
Information matrix                                        OBSERVED
Maximum number of iterations                                  1000
Convergence criterion                                    0.500D-04
Maximum number of steepest descent iterations                   20

Input data file(s)
  G3_B2_N2_rep139.csv

Input data format  FREE



UNIVARIATE SAMPLE STATISTICS


     UNIVARIATE HIGHER-ORDER MOMENT DESCRIPTIVE STATISTICS

         Variable/         Mean/     Skewness/   Minimum/ % with                Percentiles
        Sample Size      Variance    Kurtosis    Maximum  Min/Max      20%/60%    40%/80%    Median

     Y1                    1.872       0.805       1.000   33.40%       1.000      2.000      2.000
             500.000       0.612       0.648       5.000    0.20%       2.000      2.000
     Y2                    1.868       0.908       1.000   33.40%       1.000      2.000      2.000
             500.000       0.615       1.211       5.000    0.60%       2.000      2.000
     Y3                    3.132       0.101       1.000    0.40%       3.000      3.000      3.000
             500.000       0.579      -0.324       5.000    2.80%       3.000      4.000
     Y4                    3.158       0.132       1.000    0.40%       3.000      3.000      3.000
             500.000       0.581      -0.224       5.000    3.40%       3.000      4.000
     Y5                    3.136       0.122       1.000    0.80%       3.000      3.000      3.000
             500.000       0.622      -0.178       5.000    3.80%       3.000      4.000
     Y6                    1.200       2.415       1.000   82.60%       1.000      1.000      1.000
             500.000       0.216       5.930       4.000    0.20%       1.000      1.000
     Y7                    1.212       2.725       1.000   82.20%       1.000      1.000      1.000
             500.000       0.251       8.544       4.000    0.80%       1.000      1.000
     Y8                    1.198       2.171       1.000   81.40%       1.000      1.000      1.000
             500.000       0.187       5.073       4.000    0.20%       1.000      1.000
     Y9                    1.870       0.717       1.000   35.20%       1.000      2.000      2.000
             500.000       0.629       0.396       5.000    0.40%       2.000      2.000
     Y10                   1.886       0.874       1.000   33.20%       1.000      2.000      2.000
             500.000       0.633       1.146       5.000    0.80%       2.000      2.000
     X1                   -0.002       0.062      -2.785    0.20%      -0.870     -0.259     -0.001
             500.000       0.991      -0.357       2.669    0.20%       0.248      0.809
     X2                    0.500       0.000       0.000   50.00%       0.000      0.000      0.500
             500.000       0.250      -2.000       1.000   50.00%       1.000      1.000


THE MODEL ESTIMATION TERMINATED NORMALLY



MODEL FIT INFORMATION

Number of Free Parameters                       34

Loglikelihood

          H0 Value                       -3179.012

Information Criteria

          Akaike (AIC)                    6426.024
          Bayesian (BIC)                  6569.321
          Sample-Size Adjusted BIC        6461.402
            (n* = (n + 2) / 24)



MODEL RESULTS

                                                    Two-Tailed
                    Estimate       S.E.  Est./S.E.    P-Value

 F        BY
    Y1                 0.670      0.028     23.773      0.000
    Y2               999.000      0.000    999.000    999.000
    Y3                 0.629      0.028     22.485      0.000
    Y4                 0.633      0.028     22.601      0.000
    Y5                 0.666      0.029     23.230      0.000
    Y6                 0.329      0.018     17.905      0.000
    Y7                 0.356      0.020     18.031      0.000
    Y8                 0.304      0.017     17.772      0.000
    Y9                 0.674      0.029     23.432      0.000
    Y10                0.669      0.029     23.036      0.000

 Y2       ON
    X1                 0.041      0.022      1.871      0.061
    X2                -0.029      0.043     -0.684      0.494

 Means
    F                  0.000      0.000    999.000    999.000

 Intercepts
    Y1                 1.872      0.035     53.524      0.000
    Y2                 1.877      0.041     45.560      0.000
    Y3                 3.132      0.034     92.072      0.000
    Y4                 3.158      0.034     92.639      0.000
    Y5                 3.136      0.035     88.949      0.000
    Y6                 1.200      0.021     57.735      0.000
    Y7                 1.212      0.022     54.088      0.000
    Y8                 1.198      0.019     61.981      0.000
    Y9                 1.870      0.035     52.719      0.000
    Y10                1.886      0.036     53.006      0.000

 Variances
    F                  1.000      0.000    999.000    999.000

 Residual Variances
    Y1                 0.162      0.012     13.562      0.000
    Y2                 0.193      0.014     14.087      0.000
    Y3                 0.182      0.013     14.013      0.000
    Y4                 0.181      0.013     13.990      0.000
    Y5                 0.178      0.013     13.773      0.000
    Y6                 0.108      0.007     14.951      0.000
    Y7                 0.124      0.008     14.938      0.000
    Y8                 0.094      0.006     14.982      0.000
    Y9                 0.175      0.013     13.718      0.000
    Y10                0.186      0.013     13.869      0.000

New/Additional Parameters
    L2_0               0.637      0.038     16.907      0.000
    L2_1               0.020      0.021      0.965      0.334
    L2_2               0.002      0.045      0.044      0.965


QUALITY OF NUMERICAL RESULTS

     Condition Number for the Information Matrix              0.391E-04
       (ratio of smallest to largest eigenvalue)


     Beginning Time:  06:22:08
        Ending Time:  06:22:10
       Elapsed Time:  00:00:02



MUTHEN & MUTHEN
3463 Stoner Ave.
Los Angeles, CA  90066

Tel: (310) 391-9971
Fax: (310) 391-8971
Web: www.StatModel.com
Support: Support@StatModel.com

Copyright (c) 1998-2019 Muthen & Muthen
