Mplus VERSION 8.3
MUTHEN & MUTHEN
04/25/2024   6:44 AM

INPUT INSTRUCTIONS


  TITLE: Test with 10 reps

  DATA:
  File is
  G3_B2_N2_rep195.csv;

  VARIABLE:
      Names are x1 x2 eta
  	y1 y2 y3 y4 y5 y6 y7 y8 y9 y10;
      Usevariables are y1-y10 x1 x2;
      constraint = x1 x2;

  MODEL:
      f BY y1* (l1);
      f BY y2* (l2);
      f BY y3* (l3);
      f BY y4* (l4);
      f BY y5* (l5);
      f BY y6* (l6);
      f BY y7* (l7);
      f BY y8* (l8);
      f BY y9* (l9);
      f BY y10* (l10);

  y7 ON x1 x2;
  f@1;
  [f@0];

  MODEL CONSTRAINT:
      new (l7_0 l7_1 l7_2);
      l7 = l7_0 + l7_1*x1 + l7_2*x2;




INPUT READING TERMINATED NORMALLY



Test with 10 reps

SUMMARY OF ANALYSIS

Number of groups                                                 1
Number of observations                                         500

Number of dependent variables                                   10
Number of independent variables                                  2
Number of continuous latent variables                            1

Observed dependent variables

  Continuous
   Y1          Y2          Y3          Y4          Y5          Y6
   Y7          Y8          Y9          Y10

Observed independent variables
   X1          X2

Continuous latent variables
   F


Estimator                                                       ML
Information matrix                                        OBSERVED
Maximum number of iterations                                  1000
Convergence criterion                                    0.500D-04
Maximum number of steepest descent iterations                   20

Input data file(s)
  G3_B2_N2_rep195.csv

Input data format  FREE



UNIVARIATE SAMPLE STATISTICS


     UNIVARIATE HIGHER-ORDER MOMENT DESCRIPTIVE STATISTICS

         Variable/         Mean/     Skewness/   Minimum/ % with                Percentiles
        Sample Size      Variance    Kurtosis    Maximum  Min/Max      20%/60%    40%/80%    Median

     Y1                    1.838       0.619       1.000   34.80%       1.000      2.000      2.000
             500.000       0.556       0.069       4.000    2.40%       2.000      2.000
     Y2                    1.800       0.987       1.000   34.80%       1.000      2.000      2.000
             500.000       0.524       2.216       5.000    0.80%       2.000      2.000
     Y3                    3.090      -0.081       1.000    1.00%       3.000      3.000      3.000
             500.000       0.538      -0.168       5.000    1.40%       3.000      4.000
     Y4                    3.096       0.057       1.000    0.60%       3.000      3.000      3.000
             500.000       0.543      -0.199       5.000    2.00%       3.000      4.000
     Y5                    3.056      -0.091       1.000    1.80%       3.000      3.000      3.000
             500.000       0.557       0.192       5.000    1.80%       3.000      4.000
     Y6                    1.154       2.751       1.000   85.80%       1.000      1.000      1.000
             500.000       0.158       8.663       4.000    0.20%       1.000      1.000
     Y7                    1.158       3.266       1.000   86.40%       1.000      1.000      1.000
             500.000       0.189      12.878       4.000    0.60%       1.000      1.000
     Y8                    1.148       2.421       1.000   86.00%       1.000      1.000      1.000
             500.000       0.142       5.126       3.000    0.80%       1.000      1.000
     Y9                    1.824       0.782       1.000   34.00%       1.000      2.000      2.000
             500.000       0.529       1.118       5.000    0.40%       2.000      2.000
     Y10                   1.830       0.985       1.000   34.40%       1.000      2.000      2.000
             500.000       0.573       1.824       5.000    0.80%       2.000      2.000
     X1                   -0.017       0.080      -2.940    0.20%      -0.848     -0.247     -0.028
             500.000       0.968       0.121       3.095    0.20%       0.180      0.739
     X2                    0.460       0.161       0.000   54.00%       0.000      0.000      0.000
             500.000       0.248      -1.974       1.000   46.00%       1.000      1.000


THE MODEL ESTIMATION TERMINATED NORMALLY



MODEL FIT INFORMATION

Number of Free Parameters                       34

Loglikelihood

          H0 Value                       -3003.569

Information Criteria

          Akaike (AIC)                    6075.138
          Bayesian (BIC)                  6218.435
          Sample-Size Adjusted BIC        6110.516
            (n* = (n + 2) / 24)



MODEL RESULTS

                                                    Two-Tailed
                    Estimate       S.E.  Est./S.E.    P-Value

 F        BY
    Y1                 0.610      0.028     22.035      0.000
    Y2                 0.591      0.027     21.977      0.000
    Y3                 0.589      0.028     21.380      0.000
    Y4                 0.591      0.028     21.388      0.000
    Y5                 0.593      0.028     21.086      0.000
    Y6                 0.262      0.016     16.209      0.000
    Y7               999.000      0.000    999.000    999.000
    Y8                 0.247      0.015     16.105      0.000
    Y9                 0.608      0.027     22.745      0.000
    Y10                0.638      0.028     23.083      0.000

 Y7       ON
    X1                -0.021      0.015     -1.438      0.150
    X2                -0.041      0.030     -1.398      0.162

 Means
    F                  0.000      0.000    999.000    999.000

 Intercepts
    Y1                 1.838      0.033     55.130      0.000
    Y2                 1.800      0.032     55.602      0.000
    Y3                 3.090      0.033     94.209      0.000
    Y4                 3.096      0.033     93.966      0.000
    Y5                 3.056      0.033     91.572      0.000
    Y6                 1.154      0.018     64.859      0.000
    Y7                 1.160      0.023     50.695      0.000
    Y8                 1.148      0.017     68.098      0.000
    Y9                 1.824      0.033     56.075      0.000
    Y10                1.830      0.034     54.053      0.000

 Variances
    F                  1.000      0.000    999.000    999.000

 Residual Variances
    Y1                 0.184      0.013     13.863      0.000
    Y2                 0.174      0.013     13.882      0.000
    Y3                 0.191      0.014     14.008      0.000
    Y4                 0.193      0.014     14.052      0.000
    Y5                 0.205      0.014     14.133      0.000
    Y6                 0.090      0.006     15.056      0.000
    Y7                 0.094      0.006     14.739      0.000
    Y8                 0.081      0.005     15.073      0.000
    Y9                 0.160      0.012     13.597      0.000
    Y10                0.166      0.012     13.441      0.000

New/Additional Parameters
    L7_0               0.265      0.023     11.380      0.000
    L7_1               0.044      0.013      3.367      0.001
    L7_2               0.080      0.030      2.638      0.008


QUALITY OF NUMERICAL RESULTS

     Condition Number for the Information Matrix              0.287E-04
       (ratio of smallest to largest eigenvalue)


     Beginning Time:  06:44:39
        Ending Time:  06:44:41
       Elapsed Time:  00:00:02



MUTHEN & MUTHEN
3463 Stoner Ave.
Los Angeles, CA  90066

Tel: (310) 391-9971
Fax: (310) 391-8971
Web: www.StatModel.com
Support: Support@StatModel.com

Copyright (c) 1998-2019 Muthen & Muthen
