Mplus VERSION 8.3
MUTHEN & MUTHEN
04/25/2024   6:15 AM

INPUT INSTRUCTIONS


  TITLE: Test with 10 reps

  DATA:
  File is
  G3_B2_N2_rep121.csv;

  VARIABLE:
      Names are x1 x2 eta
  	y1 y2 y3 y4 y5 y6 y7 y8 y9 y10;
      Usevariables are y1-y10 x1 x2;
      constraint = x1 x2;

  MODEL:
      f BY y1* (l1);
      f BY y2* (l2);
      f BY y3* (l3);
      f BY y4* (l4);
      f BY y5* (l5);
      f BY y6* (l6);
      f BY y7* (l7);
      f BY y8* (l8);
      f BY y9* (l9);
      f BY y10* (l10);

  y2 ON x1 x2;
  f@1;
  [f@0];

  MODEL CONSTRAINT:
      new (l2_0 l2_1 l2_2);
      l2 = l2_0 + l2_1*x1 + l2_2*x2;




INPUT READING TERMINATED NORMALLY



Test with 10 reps

SUMMARY OF ANALYSIS

Number of groups                                                 1
Number of observations                                         500

Number of dependent variables                                   10
Number of independent variables                                  2
Number of continuous latent variables                            1

Observed dependent variables

  Continuous
   Y1          Y2          Y3          Y4          Y5          Y6
   Y7          Y8          Y9          Y10

Observed independent variables
   X1          X2

Continuous latent variables
   F


Estimator                                                       ML
Information matrix                                        OBSERVED
Maximum number of iterations                                  1000
Convergence criterion                                    0.500D-04
Maximum number of steepest descent iterations                   20

Input data file(s)
  G3_B2_N2_rep121.csv

Input data format  FREE



UNIVARIATE SAMPLE STATISTICS


     UNIVARIATE HIGHER-ORDER MOMENT DESCRIPTIVE STATISTICS

         Variable/         Mean/     Skewness/   Minimum/ % with                Percentiles
        Sample Size      Variance    Kurtosis    Maximum  Min/Max      20%/60%    40%/80%    Median

     Y1                    1.804       0.606       1.000   34.40%       1.000      2.000      2.000
             500.000       0.486       0.543       5.000    0.20%       2.000      2.000
     Y2                    1.840       0.761       1.000   35.20%       1.000      2.000      2.000
             500.000       0.586       0.548       5.000    0.20%       2.000      2.000
     Y3                    3.098       0.010       1.000    1.00%       3.000      3.000      3.000
             500.000       0.560      -0.071       5.000    2.20%       3.000      4.000
     Y4                    3.080       0.080       1.000    0.40%       3.000      3.000      3.000
             500.000       0.510      -0.200       5.000    1.60%       3.000      4.000
     Y5                    3.136       0.087       1.000    0.20%       3.000      3.000      3.000
             500.000       0.538      -0.351       5.000    2.20%       3.000      4.000
     Y6                    1.158       2.688       1.000   85.40%       1.000      1.000      1.000
             500.000       0.161       8.239       4.000    0.20%       1.000      1.000
     Y7                    1.148       2.904       1.000   86.60%       1.000      1.000      1.000
             500.000       0.158       9.589       4.000    0.20%       1.000      1.000
     Y8                    1.140       2.629       1.000   87.00%       1.000      1.000      1.000
             500.000       0.140       6.419       3.000    1.00%       1.000      1.000
     Y9                    1.822       0.759       1.000   35.60%       1.000      2.000      2.000
             500.000       0.562       0.624       5.000    0.20%       2.000      2.000
     Y10                   1.824       0.690       1.000   34.20%       1.000      2.000      2.000
             500.000       0.525       0.636       5.000    0.20%       2.000      2.000
     X1                   -0.012      -0.071      -3.786    0.20%      -0.829     -0.279      0.004
             500.000       0.968       0.310       3.029    0.20%       0.265      0.777
     X2                    0.516      -0.064       0.000   48.40%       0.000      0.000      1.000
             500.000       0.250      -1.996       1.000   51.60%       1.000      1.000


THE MODEL ESTIMATION TERMINATED NORMALLY



MODEL FIT INFORMATION

Number of Free Parameters                       34

Loglikelihood

          H0 Value                       -2923.225

Information Criteria

          Akaike (AIC)                    5914.449
          Bayesian (BIC)                  6057.746
          Sample-Size Adjusted BIC        5949.828
            (n* = (n + 2) / 24)



MODEL RESULTS

                                                    Two-Tailed
                    Estimate       S.E.  Est./S.E.    P-Value

 F        BY
    Y1                 0.573      0.026     22.244      0.000
    Y2               999.000      0.000    999.000    999.000
    Y3                 0.620      0.028     22.477      0.000
    Y4                 0.585      0.026     22.074      0.000
    Y5                 0.599      0.027     21.994      0.000
    Y6                 0.253      0.016     15.412      0.000
    Y7                 0.236      0.017     14.299      0.000
    Y8                 0.234      0.015     15.222      0.000
    Y9                 0.630      0.027     22.948      0.000
    Y10                0.612      0.026     23.166      0.000

 Y2       ON
    X1                 0.004      0.021      0.194      0.846
    X2                -0.041      0.041     -0.989      0.323

 Means
    F                  0.000      0.000    999.000    999.000

 Intercepts
    Y1                 1.804      0.031     57.888      0.000
    Y2                 1.865      0.041     44.966      0.000
    Y3                 3.098      0.033     92.538      0.000
    Y4                 3.080      0.032     96.476      0.000
    Y5                 3.136      0.033     95.647      0.000
    Y6                 1.158      0.018     64.526      0.000
    Y7                 1.148      0.018     64.560      0.000
    Y8                 1.140      0.017     68.031      0.000
    Y9                 1.822      0.034     54.330      0.000
    Y10                1.824      0.032     56.288      0.000

 Variances
    F                  1.000      0.000    999.000    999.000

 Residual Variances
    Y1                 0.157      0.011     13.869      0.000
    Y2                 0.176      0.013     13.645      0.000
    Y3                 0.176      0.013     13.772      0.000
    Y4                 0.168      0.012     13.926      0.000
    Y5                 0.179      0.013     13.954      0.000
    Y6                 0.097      0.006     15.180      0.000
    Y7                 0.102      0.007     15.294      0.000
    Y8                 0.086      0.006     15.204      0.000
    Y9                 0.166      0.012     13.599      0.000
    Y10                0.151      0.011     13.514      0.000

New/Additional Parameters
    L2_0               0.655      0.037     17.812      0.000
    L2_1              -0.006      0.020     -0.286      0.775
    L2_2              -0.022      0.042     -0.514      0.608


QUALITY OF NUMERICAL RESULTS

     Condition Number for the Information Matrix              0.314E-04
       (ratio of smallest to largest eigenvalue)


     Beginning Time:  06:15:20
        Ending Time:  06:15:22
       Elapsed Time:  00:00:02



MUTHEN & MUTHEN
3463 Stoner Ave.
Los Angeles, CA  90066

Tel: (310) 391-9971
Fax: (310) 391-8971
Web: www.StatModel.com
Support: Support@StatModel.com

Copyright (c) 1998-2019 Muthen & Muthen
