Mplus VERSION 8.3
MUTHEN & MUTHEN
04/25/2024   6:24 AM

INPUT INSTRUCTIONS


  TITLE: Test with 10 reps

  DATA:
  File is
  G3_B2_N2_rep144.csv;

  VARIABLE:
      Names are x1 x2 eta
  	y1 y2 y3 y4 y5 y6 y7 y8 y9 y10;
      Usevariables are y1-y10 x1 x2;
      constraint = x1 x2;

  MODEL:
      f BY y1* (l1);
      f BY y2* (l2);
      f BY y3* (l3);
      f BY y4* (l4);
      f BY y5* (l5);
      f BY y6* (l6);
      f BY y7* (l7);
      f BY y8* (l8);
      f BY y9* (l9);
      f BY y10* (l10);

  y6 ON x1 x2;
  f@1;
  [f@0];

  MODEL CONSTRAINT:
      new (l6_0 l6_1 l6_2);
      l6 = l6_0 + l6_1*x1 + l6_2*x2;




INPUT READING TERMINATED NORMALLY



Test with 10 reps

SUMMARY OF ANALYSIS

Number of groups                                                 1
Number of observations                                         500

Number of dependent variables                                   10
Number of independent variables                                  2
Number of continuous latent variables                            1

Observed dependent variables

  Continuous
   Y1          Y2          Y3          Y4          Y5          Y6
   Y7          Y8          Y9          Y10

Observed independent variables
   X1          X2

Continuous latent variables
   F


Estimator                                                       ML
Information matrix                                        OBSERVED
Maximum number of iterations                                  1000
Convergence criterion                                    0.500D-04
Maximum number of steepest descent iterations                   20

Input data file(s)
  G3_B2_N2_rep144.csv

Input data format  FREE



UNIVARIATE SAMPLE STATISTICS


     UNIVARIATE HIGHER-ORDER MOMENT DESCRIPTIVE STATISTICS

         Variable/         Mean/     Skewness/   Minimum/ % with                Percentiles
        Sample Size      Variance    Kurtosis    Maximum  Min/Max      20%/60%    40%/80%    Median

     Y1                    1.838       0.864       1.000   36.20%       1.000      2.000      2.000
             500.000       0.616       0.985       5.000    0.60%       2.000      2.000
     Y2                    1.810       0.971       1.000   38.40%       1.000      2.000      2.000
             500.000       0.634       1.161       5.000    0.60%       2.000      2.000
     Y3                    3.122       0.125       1.000    1.40%       2.000      3.000      3.000
             500.000       0.667      -0.059       5.000    4.60%       3.000      4.000
     Y4                    3.116       0.232       1.000    0.20%       2.000      3.000      3.000
             500.000       0.623      -0.387       5.000    3.80%       3.000      4.000
     Y5                    3.096       0.132       1.000    1.00%       2.000      3.000      3.000
             500.000       0.639      -0.209       5.000    3.60%       3.000      4.000
     Y6                    1.192       2.478       1.000   83.20%       1.000      1.000      1.000
             500.000       0.207       6.356       4.000    0.20%       1.000      1.000
     Y7                    1.174       2.292       1.000   84.00%       1.000      1.000      1.000
             500.000       0.172       4.609       3.000    1.40%       1.000      1.000
     Y8                    1.170       2.906       1.000   85.20%       1.000      1.000      1.000
             500.000       0.193       9.765       4.000    0.40%       1.000      1.000
     Y9                    1.810       0.904       1.000   37.40%       1.000      2.000      2.000
             500.000       0.606       0.839       5.000    0.20%       2.000      2.000
     Y10                   1.822       1.103       1.000   37.80%       1.000      2.000      2.000
             500.000       0.670       1.533       5.000    0.80%       2.000      2.000
     X1                    0.018      -0.152      -3.816    0.20%      -0.894     -0.225      0.028
             500.000       1.037       0.122       2.887    0.20%       0.278      0.904
     X2                    0.466       0.136       0.000   53.40%       0.000      0.000      0.000
             500.000       0.249      -1.981       1.000   46.60%       1.000      1.000


THE MODEL ESTIMATION TERMINATED NORMALLY



MODEL FIT INFORMATION

Number of Free Parameters                       34

Loglikelihood

          H0 Value                       -3192.368

Information Criteria

          Akaike (AIC)                    6452.736
          Bayesian (BIC)                  6596.033
          Sample-Size Adjusted BIC        6488.115
            (n* = (n + 2) / 24)



MODEL RESULTS

                                                    Two-Tailed
                    Estimate       S.E.  Est./S.E.    P-Value

 F        BY
    Y1                 0.655      0.029     22.797      0.000
    Y2                 0.687      0.029     24.009      0.000
    Y3                 0.666      0.030     21.994      0.000
    Y4                 0.660      0.029     22.838      0.000
    Y5                 0.636      0.030     21.201      0.000
    Y6               999.000      0.000    999.000    999.000
    Y7                 0.285      0.017     17.270      0.000
    Y8                 0.305      0.017     17.467      0.000
    Y9                 0.667      0.028     23.770      0.000
    Y10                0.683      0.030     22.758      0.000

 Y6       ON
    X1                -0.022      0.014     -1.557      0.119
    X2                 0.025      0.029      0.855      0.393

 Means
    F                  0.000      0.000    999.000    999.000

 Intercepts
    Y1                 1.838      0.035     52.375      0.000
    Y2                 1.810      0.036     50.834      0.000
    Y3                 3.122      0.037     85.471      0.000
    Y4                 3.116      0.035     88.308      0.000
    Y5                 3.096      0.036     86.618      0.000
    Y6                 1.164      0.023     51.402      0.000
    Y7                 1.174      0.019     63.349      0.000
    Y8                 1.170      0.020     59.536      0.000
    Y9                 1.810      0.035     51.995      0.000
    Y10                1.822      0.037     49.762      0.000

 Variances
    F                  1.000      0.000    999.000    999.000

 Residual Variances
    Y1                 0.187      0.013     13.914      0.000
    Y2                 0.162      0.012     13.416      0.000
    Y3                 0.223      0.016     14.162      0.000
    Y4                 0.187      0.014     13.872      0.000
    Y5                 0.234      0.016     14.350      0.000
    Y6                 0.093      0.006     14.711      0.000
    Y7                 0.090      0.006     15.043      0.000
    Y8                 0.100      0.007     15.004      0.000
    Y9                 0.161      0.012     13.523      0.000
    Y10                0.204      0.015     13.907      0.000

New/Additional Parameters
    L6_0               0.268      0.022     12.189      0.000
    L6_1               0.048      0.014      3.356      0.001
    L6_2               0.122      0.029      4.151      0.000


QUALITY OF NUMERICAL RESULTS

     Condition Number for the Information Matrix              0.356E-04
       (ratio of smallest to largest eigenvalue)


     Beginning Time:  06:24:26
        Ending Time:  06:24:29
       Elapsed Time:  00:00:03



MUTHEN & MUTHEN
3463 Stoner Ave.
Los Angeles, CA  90066

Tel: (310) 391-9971
Fax: (310) 391-8971
Web: www.StatModel.com
Support: Support@StatModel.com

Copyright (c) 1998-2019 Muthen & Muthen
