Mplus VERSION 8.3
MUTHEN & MUTHEN
04/25/2024   6:15 AM

INPUT INSTRUCTIONS


  TITLE: Test with 10 reps

  DATA:
  File is
  G3_B2_N2_rep122.csv;

  VARIABLE:
      Names are x1 x2 eta
  	y1 y2 y3 y4 y5 y6 y7 y8 y9 y10;
      Usevariables are y1-y10 x1 x2;
      constraint = x1 x2;

  MODEL:
      f BY y1* (l1);
      f BY y2* (l2);
      f BY y3* (l3);
      f BY y4* (l4);
      f BY y5* (l5);
      f BY y6* (l6);
      f BY y7* (l7);
      f BY y8* (l8);
      f BY y9* (l9);
      f BY y10* (l10);

  y3 ON x1 x2;
  f@1;
  [f@0];

  MODEL CONSTRAINT:
      new (l3_0 l3_1 l3_2);
      l3 = l3_0 + l3_1*x1 + l3_2*x2;




INPUT READING TERMINATED NORMALLY



Test with 10 reps

SUMMARY OF ANALYSIS

Number of groups                                                 1
Number of observations                                         500

Number of dependent variables                                   10
Number of independent variables                                  2
Number of continuous latent variables                            1

Observed dependent variables

  Continuous
   Y1          Y2          Y3          Y4          Y5          Y6
   Y7          Y8          Y9          Y10

Observed independent variables
   X1          X2

Continuous latent variables
   F


Estimator                                                       ML
Information matrix                                        OBSERVED
Maximum number of iterations                                  1000
Convergence criterion                                    0.500D-04
Maximum number of steepest descent iterations                   20

Input data file(s)
  G3_B2_N2_rep122.csv

Input data format  FREE



UNIVARIATE SAMPLE STATISTICS


     UNIVARIATE HIGHER-ORDER MOMENT DESCRIPTIVE STATISTICS

         Variable/         Mean/     Skewness/   Minimum/ % with                Percentiles
        Sample Size      Variance    Kurtosis    Maximum  Min/Max      20%/60%    40%/80%    Median

     Y1                    1.866       0.627       1.000   32.60%       1.000      2.000      2.000
             500.000       0.556       0.199       4.000    2.80%       2.000      2.000
     Y2                    1.858       0.695       1.000   31.60%       1.000      2.000      2.000
             500.000       0.526       0.763       5.000    0.20%       2.000      2.000
     Y3                    3.128       0.034       1.000    1.00%       3.000      3.000      3.000
             500.000       0.600      -0.139       5.000    3.00%       3.000      4.000
     Y4                    3.162       0.050       1.000    0.80%       3.000      3.000      3.000
             500.000       0.620      -0.241       5.000    3.60%       3.000      4.000
     Y5                    3.154       0.044       1.000    0.40%       3.000      3.000      3.000
             500.000       0.570      -0.354       5.000    2.60%       3.000      4.000
     Y6                    1.178       2.697       1.000   83.80%       1.000      1.000      1.000
             500.000       0.186       8.845       4.000    0.40%       1.000      1.000
     Y7                    1.174       2.788       1.000   84.40%       1.000      1.000      1.000
             500.000       0.188       9.292       4.000    0.40%       1.000      1.000
     Y8                    1.182       2.304       1.000   82.80%       1.000      1.000      1.000
             500.000       0.173       5.901       4.000    0.20%       1.000      1.000
     Y9                    1.862       0.703       1.000   31.80%       1.000      2.000      2.000
             500.000       0.543       0.524       4.000    3.20%       2.000      2.000
     Y10                   1.856       0.775       1.000   34.20%       1.000      2.000      2.000
             500.000       0.595       0.597       5.000    0.20%       2.000      2.000
     X1                    0.051       0.033      -3.093    0.20%      -0.809     -0.191      0.022
             500.000       1.014      -0.218       3.426    0.20%       0.261      0.944
     X2                    0.516      -0.064       0.000   48.40%       0.000      0.000      1.000
             500.000       0.250      -1.996       1.000   51.60%       1.000      1.000


THE MODEL ESTIMATION TERMINATED NORMALLY



MODEL FIT INFORMATION

Number of Free Parameters                       34

Loglikelihood

          H0 Value                       -3182.680

Information Criteria

          Akaike (AIC)                    6433.359
          Bayesian (BIC)                  6576.656
          Sample-Size Adjusted BIC        6468.738
            (n* = (n + 2) / 24)



MODEL RESULTS

                                                    Two-Tailed
                    Estimate       S.E.  Est./S.E.    P-Value

 F        BY
    Y1                 0.620      0.027     22.607      0.000
    Y2                 0.607      0.027     22.849      0.000
    Y3               999.000      0.000    999.000    999.000
    Y4                 0.643      0.029     21.971      0.000
    Y5                 0.595      0.029     20.831      0.000
    Y6                 0.287      0.017     16.476      0.000
    Y7                 0.286      0.018     16.266      0.000
    Y8                 0.269      0.017     15.894      0.000
    Y9                 0.591      0.028     21.372      0.000
    Y10                0.649      0.028     22.984      0.000

 Y3       ON
    X1                -0.011      0.022     -0.504      0.614
    X2                -0.017      0.044     -0.378      0.706

 Means
    F                  0.000      0.000    999.000    999.000

 Intercepts
    Y1                 1.866      0.033     55.955      0.000
    Y2                 1.858      0.032     57.294      0.000
    Y3                 3.153      0.045     70.731      0.000
    Y4                 3.162      0.035     89.812      0.000
    Y5                 3.154      0.034     93.390      0.000
    Y6                 1.178      0.019     61.025      0.000
    Y7                 1.174      0.019     60.589      0.000
    Y8                 1.182      0.019     63.567      0.000
    Y9                 1.862      0.033     56.504      0.000
    Y10                1.856      0.035     53.791      0.000

 Variances
    F                  1.000      0.000    999.000    999.000

 Residual Variances
    Y1                 0.171      0.013     13.677      0.000
    Y2                 0.157      0.012     13.573      0.000
    Y3                 0.200      0.015     13.768      0.000
    Y4                 0.206      0.015     13.887      0.000
    Y5                 0.216      0.015     14.227      0.000
    Y6                 0.104      0.007     15.028      0.000
    Y7                 0.106      0.007     15.044      0.000
    Y8                 0.100      0.007     15.105      0.000
    Y9                 0.194      0.014     14.095      0.000
    Y10                0.174      0.013     13.502      0.000

New/Additional Parameters
    L3_0               0.708      0.043     16.424      0.000
    L3_1              -0.021      0.021     -0.977      0.329
    L3_2              -0.116      0.047     -2.480      0.013


QUALITY OF NUMERICAL RESULTS

     Condition Number for the Information Matrix              0.436E-04
       (ratio of smallest to largest eigenvalue)


     Beginning Time:  06:15:44
        Ending Time:  06:15:46
       Elapsed Time:  00:00:02



MUTHEN & MUTHEN
3463 Stoner Ave.
Los Angeles, CA  90066

Tel: (310) 391-9971
Fax: (310) 391-8971
Web: www.StatModel.com
Support: Support@StatModel.com

Copyright (c) 1998-2019 Muthen & Muthen
