Mplus VERSION 8.3
MUTHEN & MUTHEN
04/25/2024   6:16 AM

INPUT INSTRUCTIONS


  TITLE: Test with 10 reps

  DATA:
  File is
  G3_B2_N2_rep123.csv;

  VARIABLE:
      Names are x1 x2 eta
  	y1 y2 y3 y4 y5 y6 y7 y8 y9 y10;
      Usevariables are y1-y10 x1 x2;
      constraint = x1 x2;

  MODEL:
      f BY y1* (l1);
      f BY y2* (l2);
      f BY y3* (l3);
      f BY y4* (l4);
      f BY y5* (l5);
      f BY y6* (l6);
      f BY y7* (l7);
      f BY y8* (l8);
      f BY y9* (l9);
      f BY y10* (l10);

  y5 ON x1 x2;
  f@1;
  [f@0];

  MODEL CONSTRAINT:
      new (l5_0 l5_1 l5_2);
      l5 = l5_0 + l5_1*x1 + l5_2*x2;




INPUT READING TERMINATED NORMALLY



Test with 10 reps

SUMMARY OF ANALYSIS

Number of groups                                                 1
Number of observations                                         500

Number of dependent variables                                   10
Number of independent variables                                  2
Number of continuous latent variables                            1

Observed dependent variables

  Continuous
   Y1          Y2          Y3          Y4          Y5          Y6
   Y7          Y8          Y9          Y10

Observed independent variables
   X1          X2

Continuous latent variables
   F


Estimator                                                       ML
Information matrix                                        OBSERVED
Maximum number of iterations                                  1000
Convergence criterion                                    0.500D-04
Maximum number of steepest descent iterations                   20

Input data file(s)
  G3_B2_N2_rep123.csv

Input data format  FREE



UNIVARIATE SAMPLE STATISTICS


     UNIVARIATE HIGHER-ORDER MOMENT DESCRIPTIVE STATISTICS

         Variable/         Mean/     Skewness/   Minimum/ % with                Percentiles
        Sample Size      Variance    Kurtosis    Maximum  Min/Max      20%/60%    40%/80%    Median

     Y1                    1.864       0.725       1.000   33.00%       1.000      2.000      2.000
             500.000       0.578       0.408       4.000    3.60%       2.000      2.000
     Y2                    1.866       0.704       1.000   34.00%       1.000      2.000      2.000
             500.000       0.596       0.387       5.000    0.20%       2.000      2.000
     Y3                    3.134      -0.013       1.000    1.20%       3.000      3.000      3.000
             500.000       0.612      -0.140       5.000    3.00%       3.000      4.000
     Y4                    3.164       0.045       1.000    1.20%       3.000      3.000      3.000
             500.000       0.621      -0.002       5.000    4.00%       3.000      4.000
     Y5                    3.172      -0.096       1.000    1.40%       3.000      3.000      3.000
             500.000       0.594       0.045       5.000    3.00%       3.000      4.000
     Y6                    1.176       2.206       1.000   83.60%       1.000      1.000      1.000
             500.000       0.169       4.130       3.000    1.20%       1.000      1.000
     Y7                    1.180       2.220       1.000   83.40%       1.000      1.000      1.000
             500.000       0.176       4.239       3.000    1.40%       1.000      1.000
     Y8                    1.174       2.292       1.000   84.00%       1.000      1.000      1.000
             500.000       0.172       4.609       3.000    1.40%       1.000      1.000
     Y9                    1.836       0.845       1.000   35.20%       1.000      2.000      2.000
             500.000       0.589       0.950       5.000    0.40%       2.000      2.000
     Y10                   1.820       0.603       1.000   34.80%       1.000      2.000      2.000
             500.000       0.524       0.129       4.000    2.00%       2.000      2.000
     X1                   -0.003       0.152      -3.158    0.20%      -0.900     -0.340     -0.048
             500.000       1.123      -0.050       3.419    0.20%       0.228      0.899
     X2                    0.516      -0.064       0.000   48.40%       0.000      0.000      1.000
             500.000       0.250      -1.996       1.000   51.60%       1.000      1.000


THE MODEL ESTIMATION TERMINATED NORMALLY



MODEL FIT INFORMATION

Number of Free Parameters                       34

Loglikelihood

          H0 Value                       -3069.515

Information Criteria

          Akaike (AIC)                    6207.029
          Bayesian (BIC)                  6350.326
          Sample-Size Adjusted BIC        6242.408
            (n* = (n + 2) / 24)



MODEL RESULTS

                                                    Two-Tailed
                    Estimate       S.E.  Est./S.E.    P-Value

 F        BY
    Y1                 0.636      0.028     22.864      0.000
    Y2                 0.640      0.028     22.501      0.000
    Y3                 0.638      0.029     21.918      0.000
    Y4                 0.655      0.029     22.578      0.000
    Y5               999.000      0.000    999.000    999.000
    Y6                 0.283      0.016     17.219      0.000
    Y7                 0.289      0.017     17.285      0.000
    Y8                 0.298      0.016     18.297      0.000
    Y9                 0.642      0.028     22.843      0.000
    Y10                0.582      0.027     21.505      0.000

 Y5       ON
    X1                 0.023      0.020      1.129      0.259
    X2                 0.035      0.043      0.805      0.421

 Means
    F                  0.000      0.000    999.000    999.000

 Intercepts
    Y1                 1.864      0.034     54.847      0.000
    Y2                 1.866      0.035     54.045      0.000
    Y3                 3.134      0.035     89.576      0.000
    Y4                 3.164      0.035     89.772      0.000
    Y5                 3.183      0.045     71.271      0.000
    Y6                 1.176      0.018     63.961      0.000
    Y7                 1.180      0.019     62.966      0.000
    Y8                 1.174      0.019     63.349      0.000
    Y9                 1.836      0.034     53.489      0.000
    Y10                1.820      0.032     56.241      0.000

 Variances
    F                  1.000      0.000    999.000    999.000

 Residual Variances
    Y1                 0.173      0.013     13.717      0.000
    Y2                 0.187      0.013     13.859      0.000
    Y3                 0.205      0.015     13.984      0.000
    Y4                 0.192      0.014     13.787      0.000
    Y5                 0.190      0.014     13.883      0.000
    Y6                 0.089      0.006     14.940      0.000
    Y7                 0.092      0.006     14.933      0.000
    Y8                 0.083      0.006     14.767      0.000
    Y9                 0.177      0.013     13.708      0.000
    Y10                0.185      0.013     14.170      0.000

New/Additional Parameters
    L5_0               0.723      0.041     17.473      0.000
    L5_1              -0.046      0.018     -2.493      0.013
    L5_2              -0.162      0.045     -3.639      0.000


QUALITY OF NUMERICAL RESULTS

     Condition Number for the Information Matrix              0.305E-04
       (ratio of smallest to largest eigenvalue)


     Beginning Time:  06:16:10
        Ending Time:  06:16:12
       Elapsed Time:  00:00:02



MUTHEN & MUTHEN
3463 Stoner Ave.
Los Angeles, CA  90066

Tel: (310) 391-9971
Fax: (310) 391-8971
Web: www.StatModel.com
Support: Support@StatModel.com

Copyright (c) 1998-2019 Muthen & Muthen
