Mplus VERSION 8.3
MUTHEN & MUTHEN
04/25/2024   6:38 AM

INPUT INSTRUCTIONS


  TITLE: Test with 10 reps

  DATA:
  File is
  G3_B2_N2_rep18.csv;

  VARIABLE:
      Names are x1 x2 eta
  	y1 y2 y3 y4 y5 y6 y7 y8 y9 y10;
      Usevariables are y1-y10 x1 x2;
      constraint = x1 x2;

  MODEL:
      f BY y1* (l1);
      f BY y2* (l2);
      f BY y3* (l3);
      f BY y4* (l4);
      f BY y5* (l5);
      f BY y6* (l6);
      f BY y7* (l7);
      f BY y8* (l8);
      f BY y9* (l9);
      f BY y10* (l10);

  y10 ON x1 x2;
  f@1;
  [f@0];

  MODEL CONSTRAINT:
      new (l10_0 l10_1 l10_2);
      l10 = l10_0 + l10_1*x1 + l10_2*x2;




INPUT READING TERMINATED NORMALLY



Test with 10 reps

SUMMARY OF ANALYSIS

Number of groups                                                 1
Number of observations                                         500

Number of dependent variables                                   10
Number of independent variables                                  2
Number of continuous latent variables                            1

Observed dependent variables

  Continuous
   Y1          Y2          Y3          Y4          Y5          Y6
   Y7          Y8          Y9          Y10

Observed independent variables
   X1          X2

Continuous latent variables
   F


Estimator                                                       ML
Information matrix                                        OBSERVED
Maximum number of iterations                                  1000
Convergence criterion                                    0.500D-04
Maximum number of steepest descent iterations                   20

Input data file(s)
  G3_B2_N2_rep18.csv

Input data format  FREE



UNIVARIATE SAMPLE STATISTICS


     UNIVARIATE HIGHER-ORDER MOMENT DESCRIPTIVE STATISTICS

         Variable/         Mean/     Skewness/   Minimum/ % with                Percentiles
        Sample Size      Variance    Kurtosis    Maximum  Min/Max      20%/60%    40%/80%    Median

     Y1                    1.922       0.897       1.000   32.60%       1.000      2.000      2.000
             500.000       0.692       1.048       5.000    1.00%       2.000      2.000
     Y2                    1.912       0.861       1.000   32.20%       1.000      2.000      2.000
             500.000       0.656       1.018       5.000    0.80%       2.000      2.000
     Y3                    3.168       0.039       1.000    0.80%       3.000      3.000      3.000
             500.000       0.620      -0.247       5.000    3.60%       3.000      4.000
     Y4                    3.140       0.270       1.000    0.60%       3.000      3.000      3.000
             500.000       0.632      -0.066       5.000    5.00%       3.000      4.000
     Y5                    3.172       0.014       1.000    1.00%       3.000      3.000      3.000
             500.000       0.590      -0.022       5.000    3.40%       3.000      4.000
     Y6                    1.206       2.175       1.000   81.00%       1.000      1.000      1.000
             500.000       0.200       4.974       4.000    0.20%       1.000      1.000
     Y7                    1.212       3.202       1.000   81.60%       1.000      1.000      1.000
             500.000       0.251      14.971       5.000    0.40%       1.000      1.000
     Y8                    1.238       2.946       1.000   81.00%       1.000      1.000      1.000
             500.000       0.313      10.528       5.000    0.20%       1.000      1.000
     Y9                    1.864       0.887       1.000   34.20%       1.000      2.000      2.000
             500.000       0.618       1.241       5.000    0.80%       2.000      2.000
     Y10                   1.888       0.814       1.000   33.40%       1.000      2.000      2.000
             500.000       0.639       0.693       5.000    0.40%       2.000      2.000
     X1                    0.024       0.118      -2.964    0.20%      -0.807     -0.226     -0.033
             500.000       0.953       0.165       3.339    0.20%       0.235      0.882
     X2                    0.522      -0.088       0.000   47.80%       0.000      0.000      1.000
             500.000       0.250      -1.992       1.000   52.20%       1.000      1.000


THE MODEL ESTIMATION TERMINATED NORMALLY



MODEL FIT INFORMATION

Number of Free Parameters                       34

Loglikelihood

          H0 Value                       -3379.900

Information Criteria

          Akaike (AIC)                    6827.799
          Bayesian (BIC)                  6971.096
          Sample-Size Adjusted BIC        6863.178
            (n* = (n + 2) / 24)



MODEL RESULTS

                                                    Two-Tailed
                    Estimate       S.E.  Est./S.E.    P-Value

 F        BY
    Y1                 0.720      0.030     24.164      0.000
    Y2                 0.688      0.029     23.391      0.000
    Y3                 0.625      0.030     21.090      0.000
    Y4                 0.662      0.029     22.663      0.000
    Y5                 0.628      0.028     22.045      0.000
    Y6                 0.315      0.018     17.852      0.000
    Y7                 0.357      0.020     18.077      0.000
    Y8                 0.419      0.022     19.366      0.000
    Y9                 0.658      0.029     22.887      0.000
    Y10              999.000      0.000    999.000    999.000

 Y10      ON
    X1                 0.016      0.022      0.697      0.486
    X2                 0.040      0.043      0.909      0.363

 Means
    F                  0.000      0.000    999.000    999.000

 Intercepts
    Y1                 1.922      0.037     51.667      0.000
    Y2                 1.912      0.036     52.776      0.000
    Y3                 3.168      0.035     89.981      0.000
    Y4                 3.140      0.036     88.292      0.000
    Y5                 3.172      0.034     92.308      0.000
    Y6                 1.206      0.020     60.366      0.000
    Y7                 1.212      0.022     54.088      0.000
    Y8                 1.238      0.025     49.452      0.000
    Y9                 1.864      0.035     53.041      0.000
    Y10                1.864      0.043     43.106      0.000

 Variances
    F                  1.000      0.000    999.000    999.000

 Residual Variances
    Y1                 0.173      0.013     13.340      0.000
    Y2                 0.184      0.013     13.669      0.000
    Y3                 0.229      0.016     14.379      0.000
    Y4                 0.195      0.014     13.900      0.000
    Y5                 0.196      0.014     14.067      0.000
    Y6                 0.100      0.007     14.955      0.000
    Y7                 0.124      0.008     14.885      0.000
    Y8                 0.138      0.009     14.689      0.000
    Y9                 0.185      0.013     13.870      0.000
    Y10                0.198      0.014     14.009      0.000

New/Additional Parameters
    L10_0              0.666      0.041     16.316      0.000
    L10_1              0.026      0.023      1.156      0.248
    L10_2             -0.027      0.046     -0.600      0.548


QUALITY OF NUMERICAL RESULTS

     Condition Number for the Information Matrix              0.442E-04
       (ratio of smallest to largest eigenvalue)


     Beginning Time:  06:38:22
        Ending Time:  06:38:24
       Elapsed Time:  00:00:02



MUTHEN & MUTHEN
3463 Stoner Ave.
Los Angeles, CA  90066

Tel: (310) 391-9971
Fax: (310) 391-8971
Web: www.StatModel.com
Support: Support@StatModel.com

Copyright (c) 1998-2019 Muthen & Muthen
