Mplus VERSION 8.3
MUTHEN & MUTHEN
04/25/2024   6:26 AM

INPUT INSTRUCTIONS


  TITLE: Test with 10 reps

  DATA:
  File is
  G3_B2_N2_rep149.csv;

  VARIABLE:
      Names are x1 x2 eta
  	y1 y2 y3 y4 y5 y6 y7 y8 y9 y10;
      Usevariables are y1-y10 x1 x2;
      constraint = x1 x2;

  MODEL:
      f BY y1* (l1);
      f BY y2* (l2);
      f BY y3* (l3);
      f BY y4* (l4);
      f BY y5* (l5);
      f BY y6* (l6);
      f BY y7* (l7);
      f BY y8* (l8);
      f BY y9* (l9);
      f BY y10* (l10);

  y7 ON x1 x2;
  f@1;
  [f@0];

  MODEL CONSTRAINT:
      new (l7_0 l7_1 l7_2);
      l7 = l7_0 + l7_1*x1 + l7_2*x2;




INPUT READING TERMINATED NORMALLY



Test with 10 reps

SUMMARY OF ANALYSIS

Number of groups                                                 1
Number of observations                                         500

Number of dependent variables                                   10
Number of independent variables                                  2
Number of continuous latent variables                            1

Observed dependent variables

  Continuous
   Y1          Y2          Y3          Y4          Y5          Y6
   Y7          Y8          Y9          Y10

Observed independent variables
   X1          X2

Continuous latent variables
   F


Estimator                                                       ML
Information matrix                                        OBSERVED
Maximum number of iterations                                  1000
Convergence criterion                                    0.500D-04
Maximum number of steepest descent iterations                   20

Input data file(s)
  G3_B2_N2_rep149.csv

Input data format  FREE



UNIVARIATE SAMPLE STATISTICS


     UNIVARIATE HIGHER-ORDER MOMENT DESCRIPTIVE STATISTICS

         Variable/         Mean/     Skewness/   Minimum/ % with                Percentiles
        Sample Size      Variance    Kurtosis    Maximum  Min/Max      20%/60%    40%/80%    Median

     Y1                    1.784       0.958       1.000   38.20%       1.000      2.000      2.000
             500.000       0.577       1.270       5.000    0.40%       2.000      2.000
     Y2                    1.786       0.937       1.000   36.40%       1.000      2.000      2.000
             500.000       0.536       1.520       5.000    0.40%       2.000      2.000
     Y3                    3.066      -0.010       1.000    1.40%       2.000      3.000      3.000
             500.000       0.598      -0.145       5.000    2.20%       3.000      4.000
     Y4                    3.128       0.206       1.000    0.20%       3.000      3.000      3.000
             500.000       0.548      -0.162       5.000    3.00%       3.000      4.000
     Y5                    3.104       0.001       1.000    1.20%       3.000      3.000      3.000
             500.000       0.521       0.335       5.000    2.20%       3.000      4.000
     Y6                    1.162       3.217       1.000   86.20%       1.000      1.000      1.000
             500.000       0.196      12.291       4.000    0.60%       1.000      1.000
     Y7                    1.180       3.339       1.000   84.60%       1.000      1.000      1.000
             500.000       0.220      15.100       5.000    0.20%       1.000      1.000
     Y8                    1.162       3.030       1.000   86.00%       1.000      1.000      1.000
             500.000       0.188      10.617       4.000    0.40%       1.000      1.000
     Y9                    1.836       0.848       1.000   34.20%       1.000      2.000      2.000
             500.000       0.561       1.302       5.000    0.60%       2.000      2.000
     Y10                   1.828       0.964       1.000   34.40%       1.000      2.000      2.000
             500.000       0.570       1.621       5.000    0.60%       2.000      2.000
     X1                   -0.005       0.019      -3.594    0.20%      -0.837     -0.235     -0.022
             500.000       1.035       0.248       3.161    0.20%       0.204      0.868
     X2                    0.472       0.112       0.000   52.80%       0.000      0.000      0.000
             500.000       0.249      -1.987       1.000   47.20%       1.000      1.000


THE MODEL ESTIMATION TERMINATED NORMALLY



MODEL FIT INFORMATION

Number of Free Parameters                       34

Loglikelihood

          H0 Value                       -3084.772

Information Criteria

          Akaike (AIC)                    6237.545
          Bayesian (BIC)                  6380.841
          Sample-Size Adjusted BIC        6272.923
            (n* = (n + 2) / 24)



MODEL RESULTS

                                                    Two-Tailed
                    Estimate       S.E.  Est./S.E.    P-Value

 F        BY
    Y1                 0.632      0.028     22.627      0.000
    Y2                 0.617      0.027     23.124      0.000
    Y3                 0.603      0.029     20.531      0.000
    Y4                 0.593      0.028     21.391      0.000
    Y5                 0.557      0.028     20.191      0.000
    Y6                 0.304      0.018     17.235      0.000
    Y7               999.000      0.000    999.000    999.000
    Y8                 0.307      0.017     17.938      0.000
    Y9                 0.640      0.027     23.607      0.000
    Y10                0.650      0.027     23.869      0.000

 Y7       ON
    X1                -0.008      0.015     -0.566      0.572
    X2                -0.026      0.030     -0.864      0.387

 Means
    F                  0.000      0.000    999.000    999.000

 Intercepts
    Y1                 1.784      0.034     52.500      0.000
    Y2                 1.786      0.033     54.538      0.000
    Y3                 3.066      0.035     88.682      0.000
    Y4                 3.128      0.033     94.518      0.000
    Y5                 3.104      0.032     96.142      0.000
    Y6                 1.162      0.020     58.726      0.000
    Y7                 1.174      0.024     49.785      0.000
    Y8                 1.162      0.019     59.965      0.000
    Y9                 1.836      0.033     54.807      0.000
    Y10                1.828      0.034     54.121      0.000

 Variances
    F                  1.000      0.000    999.000    999.000

 Residual Variances
    Y1                 0.178      0.013     13.831      0.000
    Y2                 0.155      0.011     13.635      0.000
    Y3                 0.234      0.016     14.409      0.000
    Y4                 0.196      0.014     14.196      0.000
    Y5                 0.211      0.015     14.503      0.000
    Y6                 0.103      0.007     14.981      0.000
    Y7                 0.097      0.007     14.570      0.000
    Y8                 0.093      0.006     14.864      0.000
    Y9                 0.152      0.011     13.427      0.000
    Y10                0.149      0.011     13.308      0.000

New/Additional Parameters
    L7_0               0.281      0.024     11.687      0.000
    L7_1               0.051      0.015      3.340      0.001
    L7_2               0.105      0.031      3.429      0.001


QUALITY OF NUMERICAL RESULTS

     Condition Number for the Information Matrix              0.384E-04
       (ratio of smallest to largest eigenvalue)


     Beginning Time:  06:26:17
        Ending Time:  06:26:18
       Elapsed Time:  00:00:01



MUTHEN & MUTHEN
3463 Stoner Ave.
Los Angeles, CA  90066

Tel: (310) 391-9971
Fax: (310) 391-8971
Web: www.StatModel.com
Support: Support@StatModel.com

Copyright (c) 1998-2019 Muthen & Muthen
