Mplus VERSION 8.3
MUTHEN & MUTHEN
04/25/2024   6:36 AM

INPUT INSTRUCTIONS


  TITLE: Test with 10 reps

  DATA:
  File is
  G3_B2_N2_rep175.csv;

  VARIABLE:
      Names are x1 x2 eta
  	y1 y2 y3 y4 y5 y6 y7 y8 y9 y10;
      Usevariables are y1-y10 x1 x2;
      constraint = x1 x2;

  MODEL:
      f BY y1* (l1);
      f BY y2* (l2);
      f BY y3* (l3);
      f BY y4* (l4);
      f BY y5* (l5);
      f BY y6* (l6);
      f BY y7* (l7);
      f BY y8* (l8);
      f BY y9* (l9);
      f BY y10* (l10);

  y10 ON x1 x2;
  f@1;
  [f@0];

  MODEL CONSTRAINT:
      new (l10_0 l10_1 l10_2);
      l10 = l10_0 + l10_1*x1 + l10_2*x2;




INPUT READING TERMINATED NORMALLY



Test with 10 reps

SUMMARY OF ANALYSIS

Number of groups                                                 1
Number of observations                                         500

Number of dependent variables                                   10
Number of independent variables                                  2
Number of continuous latent variables                            1

Observed dependent variables

  Continuous
   Y1          Y2          Y3          Y4          Y5          Y6
   Y7          Y8          Y9          Y10

Observed independent variables
   X1          X2

Continuous latent variables
   F


Estimator                                                       ML
Information matrix                                        OBSERVED
Maximum number of iterations                                  1000
Convergence criterion                                    0.500D-04
Maximum number of steepest descent iterations                   20

Input data file(s)
  G3_B2_N2_rep175.csv

Input data format  FREE



UNIVARIATE SAMPLE STATISTICS


     UNIVARIATE HIGHER-ORDER MOMENT DESCRIPTIVE STATISTICS

         Variable/         Mean/     Skewness/   Minimum/ % with                Percentiles
        Sample Size      Variance    Kurtosis    Maximum  Min/Max      20%/60%    40%/80%    Median

     Y1                    1.908       0.592       1.000   33.20%       1.000      2.000      2.000
             500.000       0.636      -0.143       4.000    3.60%       2.000      3.000
     Y2                    1.900       0.802       1.000   31.00%       1.000      2.000      2.000
             500.000       0.594       1.067       5.000    0.60%       2.000      2.000
     Y3                    3.190      -0.183       1.000    1.40%       3.000      3.000      3.000
             500.000       0.562       0.134       5.000    2.40%       3.000      4.000
     Y4                    3.190      -0.064       1.000    0.60%       3.000      3.000      3.000
             500.000       0.606      -0.438       5.000    2.80%       3.000      4.000
     Y5                    3.192       0.098       1.000    0.60%       3.000      3.000      3.000
             500.000       0.631      -0.266       5.000    4.40%       3.000      4.000
     Y6                    1.218       2.942       1.000   81.40%       1.000      1.000      1.000
             500.000       0.258      11.563       5.000    0.20%       1.000      1.000
     Y7                    1.210       2.420       1.000   81.40%       1.000      1.000      1.000
             500.000       0.222       6.603       4.000    0.40%       1.000      1.000
     Y8                    1.206       2.438       1.000   81.60%       1.000      1.000      1.000
             500.000       0.216       6.818       4.000    0.40%       1.000      1.000
     Y9                    1.904       0.575       1.000   31.20%       1.000      2.000      2.000
             500.000       0.575       0.197       5.000    0.20%       2.000      2.000
     Y10                   1.942       0.588       1.000   29.60%       1.000      2.000      2.000
             500.000       0.603       0.199       5.000    0.20%       2.000      3.000
     X1                   -0.007       0.023      -3.468    0.20%      -0.861     -0.268     -0.028
             500.000       0.968       0.014       3.023    0.20%       0.260      0.847
     X2                    0.530      -0.120       0.000   47.00%       0.000      0.000      1.000
             500.000       0.249      -1.986       1.000   53.00%       1.000      1.000


THE MODEL ESTIMATION TERMINATED NORMALLY



MODEL FIT INFORMATION

Number of Free Parameters                       34

Loglikelihood

          H0 Value                       -3320.666

Information Criteria

          Akaike (AIC)                    6709.332
          Bayesian (BIC)                  6852.628
          Sample-Size Adjusted BIC        6744.710
            (n* = (n + 2) / 24)



MODEL RESULTS

                                                    Two-Tailed
                    Estimate       S.E.  Est./S.E.    P-Value

 F        BY
    Y1                 0.658      0.029     22.354      0.000
    Y2                 0.649      0.028     23.075      0.000
    Y3                 0.582      0.029     20.387      0.000
    Y4                 0.642      0.029     22.311      0.000
    Y5                 0.659      0.029     22.535      0.000
    Y6                 0.350      0.020     17.262      0.000
    Y7                 0.329      0.019     17.576      0.000
    Y8                 0.330      0.018     18.012      0.000
    Y9                 0.625      0.028     22.346      0.000
    Y10              999.000      0.000    999.000    999.000

 Y10      ON
    X1                -0.014      0.020     -0.671      0.502
    X2                -0.035      0.041     -0.857      0.391

 Means
    F                  0.000      0.000    999.000    999.000

 Intercepts
    Y1                 1.908      0.036     53.517      0.000
    Y2                 1.900      0.034     55.125      0.000
    Y3                 3.190      0.034     95.158      0.000
    Y4                 3.190      0.035     91.638      0.000
    Y5                 3.192      0.036     89.844      0.000
    Y6                 1.218      0.023     53.570      0.000
    Y7                 1.210      0.021     57.437      0.000
    Y8                 1.206      0.021     58.082      0.000
    Y9                 1.904      0.034     56.157      0.000
    Y10                1.968      0.042     46.413      0.000

 Variances
    F                  1.000      0.000    999.000    999.000

 Residual Variances
    Y1                 0.203      0.015     13.949      0.000
    Y2                 0.173      0.013     13.673      0.000
    Y3                 0.223      0.015     14.449      0.000
    Y4                 0.194      0.014     13.858      0.000
    Y5                 0.197      0.014     13.809      0.000
    Y6                 0.136      0.009     14.943      0.000
    Y7                 0.114      0.008     14.905      0.000
    Y8                 0.107      0.007     14.849      0.000
    Y9                 0.184      0.013     13.942      0.000
    Y10                0.160      0.012     13.278      0.000

New/Additional Parameters
    L10_0              0.687      0.039     17.616      0.000
    L10_1             -0.023      0.019     -1.225      0.221
    L10_2             -0.023      0.043     -0.525      0.599


QUALITY OF NUMERICAL RESULTS

     Condition Number for the Information Matrix              0.502E-04
       (ratio of smallest to largest eigenvalue)


     Beginning Time:  06:36:30
        Ending Time:  06:36:32
       Elapsed Time:  00:00:02



MUTHEN & MUTHEN
3463 Stoner Ave.
Los Angeles, CA  90066

Tel: (310) 391-9971
Fax: (310) 391-8971
Web: www.StatModel.com
Support: Support@StatModel.com

Copyright (c) 1998-2019 Muthen & Muthen
