Mplus VERSION 8.3
MUTHEN & MUTHEN
04/25/2024   6:52 AM

INPUT INSTRUCTIONS


  TITLE: Test with 10 reps

  DATA:
  File is
  G3_B2_N2_rep214.csv;

  VARIABLE:
      Names are x1 x2 eta
  	y1 y2 y3 y4 y5 y6 y7 y8 y9 y10;
      Usevariables are y1-y10 x1 x2;
      constraint = x1 x2;

  MODEL:
      f BY y1* (l1);
      f BY y2* (l2);
      f BY y3* (l3);
      f BY y4* (l4);
      f BY y5* (l5);
      f BY y6* (l6);
      f BY y7* (l7);
      f BY y8* (l8);
      f BY y9* (l9);
      f BY y10* (l10);

  y7 ON x1 x2;
  f@1;
  [f@0];

  MODEL CONSTRAINT:
      new (l7_0 l7_1 l7_2);
      l7 = l7_0 + l7_1*x1 + l7_2*x2;




INPUT READING TERMINATED NORMALLY



Test with 10 reps

SUMMARY OF ANALYSIS

Number of groups                                                 1
Number of observations                                         500

Number of dependent variables                                   10
Number of independent variables                                  2
Number of continuous latent variables                            1

Observed dependent variables

  Continuous
   Y1          Y2          Y3          Y4          Y5          Y6
   Y7          Y8          Y9          Y10

Observed independent variables
   X1          X2

Continuous latent variables
   F


Estimator                                                       ML
Information matrix                                        OBSERVED
Maximum number of iterations                                  1000
Convergence criterion                                    0.500D-04
Maximum number of steepest descent iterations                   20

Input data file(s)
  G3_B2_N2_rep214.csv

Input data format  FREE



UNIVARIATE SAMPLE STATISTICS


     UNIVARIATE HIGHER-ORDER MOMENT DESCRIPTIVE STATISTICS

         Variable/         Mean/     Skewness/   Minimum/ % with                Percentiles
        Sample Size      Variance    Kurtosis    Maximum  Min/Max      20%/60%    40%/80%    Median

     Y1                    1.890       0.931       1.000   31.60%       1.000      2.000      2.000
             500.000       0.606       1.639       5.000    1.00%       2.000      2.000
     Y2                    1.914       0.799       1.000   30.80%       1.000      2.000      2.000
             500.000       0.615       0.958       5.000    0.60%       2.000      2.000
     Y3                    3.158       0.082       1.000    0.80%       3.000      3.000      3.000
             500.000       0.557       0.082       5.000    3.20%       3.000      4.000
     Y4                    3.170      -0.036       1.000    1.00%       3.000      3.000      3.000
             500.000       0.565       0.011       5.000    2.80%       3.000      4.000
     Y5                    3.192      -0.170       1.000    1.00%       3.000      3.000      3.000
             500.000       0.575      -0.205       5.000    2.20%       3.000      4.000
     Y6                    1.224       2.422       1.000   80.20%       1.000      1.000      1.000
             500.000       0.238       6.939       4.000    0.60%       1.000      1.000
     Y7                    1.196       2.931       1.000   82.20%       1.000      1.000      1.000
             500.000       0.210      12.884       5.000    0.20%       1.000      1.000
     Y8                    1.200       2.353       1.000   82.20%       1.000      1.000      1.000
             500.000       0.208       5.735       4.000    0.20%       1.000      1.000
     Y9                    1.926       0.899       1.000   29.40%       1.000      2.000      2.000
             500.000       0.617       1.384       5.000    0.80%       2.000      2.000
     Y10                   1.898       0.690       1.000   31.00%       1.000      2.000      2.000
             500.000       0.580       0.518       5.000    0.20%       2.000      2.000
     X1                    0.017      -0.007      -3.400    0.20%      -0.833     -0.306     -0.032
             500.000       0.987       0.064       3.033    0.20%       0.269      0.875
     X2                    0.524      -0.096       0.000   47.60%       0.000      0.000      1.000
             500.000       0.249      -1.991       1.000   52.40%       1.000      1.000


THE MODEL ESTIMATION TERMINATED NORMALLY



MODEL FIT INFORMATION

Number of Free Parameters                       34

Loglikelihood

          H0 Value                       -3184.806

Information Criteria

          Akaike (AIC)                    6437.612
          Bayesian (BIC)                  6580.909
          Sample-Size Adjusted BIC        6472.991
            (n* = (n + 2) / 24)



MODEL RESULTS

                                                    Two-Tailed
                    Estimate       S.E.  Est./S.E.    P-Value

 F        BY
    Y1                 0.649      0.029     22.726      0.000
    Y2                 0.650      0.029     22.529      0.000
    Y3                 0.625      0.027     22.865      0.000
    Y4                 0.623      0.028     22.537      0.000
    Y5                 0.615      0.028     21.757      0.000
    Y6                 0.361      0.019     19.041      0.000
    Y7               999.000      0.000    999.000    999.000
    Y8                 0.320      0.018     17.683      0.000
    Y9                 0.672      0.028     23.704      0.000
    Y10                0.622      0.028     22.012      0.000

 Y7       ON
    X1                 0.009      0.016      0.543      0.587
    X2                -0.024      0.031     -0.771      0.441

 Means
    F                  0.000      0.000    999.000    999.000

 Intercepts
    Y1                 1.890      0.035     54.293      0.000
    Y2                 1.914      0.035     54.592      0.000
    Y3                 3.158      0.033     94.614      0.000
    Y4                 3.170      0.034     94.294      0.000
    Y5                 3.192      0.034     94.116      0.000
    Y6                 1.224      0.022     56.123      0.000
    Y7                 1.191      0.025     46.716      0.000
    Y8                 1.200      0.020     58.835      0.000
    Y9                 1.926      0.035     54.849      0.000
    Y10                1.898      0.034     55.747      0.000

 Variances
    F                  1.000      0.000    999.000    999.000

 Residual Variances
    Y1                 0.185      0.013     13.867      0.000
    Y2                 0.192      0.014     13.907      0.000
    Y3                 0.167      0.012     13.769      0.000
    Y4                 0.176      0.013     13.882      0.000
    Y5                 0.197      0.014     14.130      0.000
    Y6                 0.108      0.007     14.712      0.000
    Y7                 0.110      0.007     14.926      0.000
    Y8                 0.106      0.007     14.936      0.000
    Y9                 0.165      0.012     13.456      0.000
    Y10                0.193      0.014     14.106      0.000

New/Additional Parameters
    L7_0               0.264      0.027      9.687      0.000
    L7_1               0.048      0.017      2.844      0.004
    L7_2               0.064      0.033      1.967      0.049


QUALITY OF NUMERICAL RESULTS

     Condition Number for the Information Matrix              0.488E-04
       (ratio of smallest to largest eigenvalue)


     Beginning Time:  06:52:37
        Ending Time:  06:52:38
       Elapsed Time:  00:00:01



MUTHEN & MUTHEN
3463 Stoner Ave.
Los Angeles, CA  90066

Tel: (310) 391-9971
Fax: (310) 391-8971
Web: www.StatModel.com
Support: Support@StatModel.com

Copyright (c) 1998-2019 Muthen & Muthen
