Mplus VERSION 8.3
MUTHEN & MUTHEN
04/25/2024   7:27 AM

INPUT INSTRUCTIONS


  TITLE: Test with 10 reps

  DATA:
  File is
  G3_B2_N2_rep287.csv;

  VARIABLE:
      Names are x1 x2 eta
  	y1 y2 y3 y4 y5 y6 y7 y8 y9 y10;
      Usevariables are y1-y10 x1 x2;
      constraint = x1 x2;

  MODEL:
      f BY y1* (l1);
      f BY y2* (l2);
      f BY y3* (l3);
      f BY y4* (l4);
      f BY y5* (l5);
      f BY y6* (l6);
      f BY y7* (l7);
      f BY y8* (l8);
      f BY y9* (l9);
      f BY y10* (l10);

  y8 ON x1 x2;
  f@1;
  [f@0];

  MODEL CONSTRAINT:
      new (l8_0 l8_1 l8_2);
      l8 = l8_0 + l8_1*x1 + l8_2*x2;




INPUT READING TERMINATED NORMALLY



Test with 10 reps

SUMMARY OF ANALYSIS

Number of groups                                                 1
Number of observations                                         500

Number of dependent variables                                   10
Number of independent variables                                  2
Number of continuous latent variables                            1

Observed dependent variables

  Continuous
   Y1          Y2          Y3          Y4          Y5          Y6
   Y7          Y8          Y9          Y10

Observed independent variables
   X1          X2

Continuous latent variables
   F


Estimator                                                       ML
Information matrix                                        OBSERVED
Maximum number of iterations                                  1000
Convergence criterion                                    0.500D-04
Maximum number of steepest descent iterations                   20

Input data file(s)
  G3_B2_N2_rep287.csv

Input data format  FREE



UNIVARIATE SAMPLE STATISTICS


     UNIVARIATE HIGHER-ORDER MOMENT DESCRIPTIVE STATISTICS

         Variable/         Mean/     Skewness/   Minimum/ % with                Percentiles
        Sample Size      Variance    Kurtosis    Maximum  Min/Max      20%/60%    40%/80%    Median

     Y1                    1.880       0.721       1.000   31.20%       1.000      2.000      2.000
             500.000       0.554       0.885       5.000    0.40%       2.000      2.000
     Y2                    1.898       0.758       1.000   33.00%       1.000      2.000      2.000
             500.000       0.632       0.704       5.000    0.60%       2.000      2.000
     Y3                    3.172      -0.021       1.000    0.60%       3.000      3.000      3.000
             500.000       0.622      -0.471       5.000    3.00%       3.000      4.000
     Y4                    3.168      -0.253       1.000    2.40%       3.000      3.000      3.000
             500.000       0.672      -0.059       5.000    3.00%       3.000      4.000
     Y5                    3.150      -0.099       1.000    1.40%       3.000      3.000      3.000
             500.000       0.620      -0.158       5.000    2.80%       3.000      4.000
     Y6                    1.222       2.792       1.000   80.80%       1.000      1.000      1.000
             500.000       0.253      10.620       5.000    0.20%       1.000      1.000
     Y7                    1.238       2.130       1.000   79.60%       1.000      1.000      1.000
             500.000       0.253       4.261       4.000    0.20%       1.000      2.000
     Y8                    1.188       3.009       1.000   82.60%       1.000      1.000      1.000
             500.000       0.197      14.161       5.000    0.20%       1.000      1.000
     Y9                    1.856       0.769       1.000   32.20%       1.000      2.000      2.000
             500.000       0.547       0.869       5.000    0.20%       2.000      2.000
     Y10                   1.898       0.632       1.000   32.80%       1.000      2.000      2.000
             500.000       0.612       0.173       5.000    0.20%       2.000      2.000
     X1                    0.003      -0.101      -3.341    0.20%      -0.816     -0.215      0.024
             500.000       1.042       0.237       3.037    0.20%       0.234      0.857
     X2                    0.512      -0.048       0.000   48.80%       0.000      0.000      1.000
             500.000       0.250      -1.998       1.000   51.20%       1.000      1.000


THE MODEL ESTIMATION TERMINATED NORMALLY



MODEL FIT INFORMATION

Number of Free Parameters                       34

Loglikelihood

          H0 Value                       -3338.163

Information Criteria

          Akaike (AIC)                    6744.326
          Bayesian (BIC)                  6887.623
          Sample-Size Adjusted BIC        6779.705
            (n* = (n + 2) / 24)



MODEL RESULTS

                                                    Two-Tailed
                    Estimate       S.E.  Est./S.E.    P-Value

 F        BY
    Y1                 0.607      0.028     21.940      0.000
    Y2                 0.665      0.029     22.841      0.000
    Y3                 0.661      0.029     22.881      0.000
    Y4                 0.661      0.031     21.582      0.000
    Y5                 0.647      0.029     22.213      0.000
    Y6                 0.348      0.020     17.344      0.000
    Y7                 0.364      0.020     18.422      0.000
    Y8               999.000      0.000    999.000    999.000
    Y9                 0.606      0.027     22.078      0.000
    Y10                0.650      0.029     22.620      0.000

 Y8       ON
    X1                -0.011      0.015     -0.737      0.461
    X2                -0.010      0.030     -0.325      0.745

 Means
    F                  0.000      0.000    999.000    999.000

 Intercepts
    Y1                 1.880      0.033     56.500      0.000
    Y2                 1.898      0.036     53.403      0.000
    Y3                 3.172      0.035     89.904      0.000
    Y4                 3.168      0.037     86.429      0.000
    Y5                 3.150      0.035     89.490      0.000
    Y6                 1.222      0.022     54.355      0.000
    Y7                 1.238      0.023     54.997      0.000
    Y8                 1.171      0.024     49.533      0.000
    Y9                 1.856      0.033     56.100      0.000
    Y10                1.898      0.035     54.269      0.000

 Variances
    F                  1.000      0.000    999.000    999.000

 Residual Variances
    Y1                 0.186      0.013     14.055      0.000
    Y2                 0.189      0.014     13.729      0.000
    Y3                 0.185      0.014     13.645      0.000
    Y4                 0.235      0.017     14.129      0.000
    Y5                 0.201      0.014     13.919      0.000
    Y6                 0.132      0.009     14.940      0.000
    Y7                 0.121      0.008     14.767      0.000
    Y8                 0.094      0.006     14.637      0.000
    Y9                 0.181      0.013     13.999      0.000
    Y10                0.189      0.014     13.828      0.000

New/Additional Parameters
    L8_0               0.248      0.023     10.898      0.000
    L8_1               0.044      0.015      2.849      0.004
    L8_2               0.122      0.030      4.076      0.000


QUALITY OF NUMERICAL RESULTS

     Condition Number for the Information Matrix              0.402E-04
       (ratio of smallest to largest eigenvalue)


     Beginning Time:  07:27:55
        Ending Time:  07:27:58
       Elapsed Time:  00:00:03



MUTHEN & MUTHEN
3463 Stoner Ave.
Los Angeles, CA  90066

Tel: (310) 391-9971
Fax: (310) 391-8971
Web: www.StatModel.com
Support: Support@StatModel.com

Copyright (c) 1998-2019 Muthen & Muthen
