Mplus VERSION 8.3
MUTHEN & MUTHEN
04/25/2024   7:07 AM

INPUT INSTRUCTIONS


  TITLE: Test with 10 reps

  DATA:
  File is
  G3_B2_N2_rep250.csv;

  VARIABLE:
      Names are x1 x2 eta
  	y1 y2 y3 y4 y5 y6 y7 y8 y9 y10;
      Usevariables are y1-y10 x1 x2;
      constraint = x1 x2;

  MODEL:
      f BY y1* (l1);
      f BY y2* (l2);
      f BY y3* (l3);
      f BY y4* (l4);
      f BY y5* (l5);
      f BY y6* (l6);
      f BY y7* (l7);
      f BY y8* (l8);
      f BY y9* (l9);
      f BY y10* (l10);

  y4 ON x1 x2;
  f@1;
  [f@0];

  MODEL CONSTRAINT:
      new (l4_0 l4_1 l4_2);
      l4 = l4_0 + l4_1*x1 + l4_2*x2;




INPUT READING TERMINATED NORMALLY



Test with 10 reps

SUMMARY OF ANALYSIS

Number of groups                                                 1
Number of observations                                         500

Number of dependent variables                                   10
Number of independent variables                                  2
Number of continuous latent variables                            1

Observed dependent variables

  Continuous
   Y1          Y2          Y3          Y4          Y5          Y6
   Y7          Y8          Y9          Y10

Observed independent variables
   X1          X2

Continuous latent variables
   F


Estimator                                                       ML
Information matrix                                        OBSERVED
Maximum number of iterations                                  1000
Convergence criterion                                    0.500D-04
Maximum number of steepest descent iterations                   20

Input data file(s)
  G3_B2_N2_rep250.csv

Input data format  FREE



UNIVARIATE SAMPLE STATISTICS


     UNIVARIATE HIGHER-ORDER MOMENT DESCRIPTIVE STATISTICS

         Variable/         Mean/     Skewness/   Minimum/ % with                Percentiles
        Sample Size      Variance    Kurtosis    Maximum  Min/Max      20%/60%    40%/80%    Median

     Y1                    1.890       0.707       1.000   32.80%       1.000      2.000      2.000
             500.000       0.602       0.697       5.000    0.60%       2.000      2.000
     Y2                    1.878       0.694       1.000   31.60%       1.000      2.000      2.000
             500.000       0.555       0.778       5.000    0.40%       2.000      2.000
     Y3                    3.154       0.200       1.000    0.40%       3.000      3.000      3.000
             500.000       0.542       0.044       5.000    3.40%       3.000      4.000
     Y4                    3.226      -0.090       1.000    0.60%       3.000      3.000      3.000
             500.000       0.547      -0.176       5.000    2.60%       3.000      4.000
     Y5                    3.202      -0.152       1.000    1.00%       3.000      3.000      3.000
             500.000       0.565      -0.100       5.000    2.40%       3.000      4.000
     Y6                    1.208       2.265       1.000   81.40%       1.000      1.000      1.000
             500.000       0.213       5.264       4.000    0.20%       1.000      1.000
     Y7                    1.188       2.459       1.000   83.20%       1.000      1.000      1.000
             500.000       0.197       6.407       4.000    0.20%       1.000      1.000
     Y8                    1.200       3.042       1.000   82.40%       1.000      1.000      1.000
             500.000       0.228      13.057       5.000    0.20%       1.000      1.000
     Y9                    1.868       0.797       1.000   33.60%       1.000      2.000      2.000
             500.000       0.603       0.794       5.000    0.40%       2.000      2.000
     Y10                   1.896       0.966       1.000   31.20%       1.000      2.000      2.000
             500.000       0.609       1.859       5.000    1.20%       2.000      2.000
     X1                   -0.031      -0.139      -3.688    0.20%      -0.777     -0.245      0.024
             500.000       0.968       0.346       2.878    0.20%       0.212      0.739
     X2                    0.516      -0.064       0.000   48.40%       0.000      0.000      1.000
             500.000       0.250      -1.996       1.000   51.60%       1.000      1.000


THE MODEL ESTIMATION TERMINATED NORMALLY



MODEL FIT INFORMATION

Number of Free Parameters                       34

Loglikelihood

          H0 Value                       -3099.935

Information Criteria

          Akaike (AIC)                    6267.870
          Bayesian (BIC)                  6411.167
          Sample-Size Adjusted BIC        6303.249
            (n* = (n + 2) / 24)



MODEL RESULTS

                                                    Two-Tailed
                    Estimate       S.E.  Est./S.E.    P-Value

 F        BY
    Y1                 0.644      0.028     22.607      0.000
    Y2                 0.623      0.027     22.873      0.000
    Y3                 0.605      0.027     22.254      0.000
    Y4               999.000      0.000    999.000    999.000
    Y5                 0.606      0.028     21.577      0.000
    Y6                 0.321      0.018     17.539      0.000
    Y7                 0.327      0.017     18.985      0.000
    Y8                 0.337      0.019     17.860      0.000
    Y9                 0.669      0.028     23.969      0.000
    Y10                0.656      0.028     23.020      0.000

 Y4       ON
    X1                -0.004      0.021     -0.173      0.863
    X2                 0.002      0.042      0.051      0.959

 Means
    F                  0.000      0.000    999.000    999.000

 Intercepts
    Y1                 1.890      0.035     54.473      0.000
    Y2                 1.878      0.033     56.362      0.000
    Y3                 3.154      0.033     95.771      0.000
    Y4                 3.262      0.045     73.069      0.000
    Y5                 3.202      0.034     95.237      0.000
    Y6                 1.208      0.021     58.564      0.000
    Y7                 1.188      0.020     59.903      0.000
    Y8                 1.200      0.021     56.195      0.000
    Y9                 1.868      0.035     53.809      0.000
    Y10                1.896      0.035     54.319      0.000

 Variances
    F                  1.000      0.000    999.000    999.000

 Residual Variances
    Y1                 0.187      0.013     13.984      0.000
    Y2                 0.166      0.012     13.872      0.000
    Y3                 0.176      0.012     14.075      0.000
    Y4                 0.167      0.012     13.738      0.000
    Y5                 0.198      0.014     14.234      0.000
    Y6                 0.110      0.007     14.976      0.000
    Y7                 0.089      0.006     14.720      0.000
    Y8                 0.114      0.008     14.900      0.000
    Y9                 0.155      0.012     13.423      0.000
    Y10                0.179      0.013     13.818      0.000

New/Additional Parameters
    L4_0               0.756      0.042     18.201      0.000
    L4_1              -0.055      0.020     -2.785      0.005
    L4_2              -0.232      0.043     -5.377      0.000


QUALITY OF NUMERICAL RESULTS

     Condition Number for the Information Matrix              0.359E-04
       (ratio of smallest to largest eigenvalue)


     Beginning Time:  07:07:21
        Ending Time:  07:07:23
       Elapsed Time:  00:00:02



MUTHEN & MUTHEN
3463 Stoner Ave.
Los Angeles, CA  90066

Tel: (310) 391-9971
Fax: (310) 391-8971
Web: www.StatModel.com
Support: Support@StatModel.com

Copyright (c) 1998-2019 Muthen & Muthen
