Mplus VERSION 8.3
MUTHEN & MUTHEN
04/25/2024   6:57 AM

INPUT INSTRUCTIONS


  TITLE: Test with 10 reps

  DATA:
  File is
  G3_B2_N2_rep226.csv;

  VARIABLE:
      Names are x1 x2 eta
  	y1 y2 y3 y4 y5 y6 y7 y8 y9 y10;
      Usevariables are y1-y10 x1 x2;
      constraint = x1 x2;

  MODEL:
      f BY y1* (l1);
      f BY y2* (l2);
      f BY y3* (l3);
      f BY y4* (l4);
      f BY y5* (l5);
      f BY y6* (l6);
      f BY y7* (l7);
      f BY y8* (l8);
      f BY y9* (l9);
      f BY y10* (l10);

  y5 ON x1 x2;
  f@1;
  [f@0];

  MODEL CONSTRAINT:
      new (l5_0 l5_1 l5_2);
      l5 = l5_0 + l5_1*x1 + l5_2*x2;




INPUT READING TERMINATED NORMALLY



Test with 10 reps

SUMMARY OF ANALYSIS

Number of groups                                                 1
Number of observations                                         500

Number of dependent variables                                   10
Number of independent variables                                  2
Number of continuous latent variables                            1

Observed dependent variables

  Continuous
   Y1          Y2          Y3          Y4          Y5          Y6
   Y7          Y8          Y9          Y10

Observed independent variables
   X1          X2

Continuous latent variables
   F


Estimator                                                       ML
Information matrix                                        OBSERVED
Maximum number of iterations                                  1000
Convergence criterion                                    0.500D-04
Maximum number of steepest descent iterations                   20

Input data file(s)
  G3_B2_N2_rep226.csv

Input data format  FREE



UNIVARIATE SAMPLE STATISTICS


     UNIVARIATE HIGHER-ORDER MOMENT DESCRIPTIVE STATISTICS

         Variable/         Mean/     Skewness/   Minimum/ % with                Percentiles
        Sample Size      Variance    Kurtosis    Maximum  Min/Max      20%/60%    40%/80%    Median

     Y1                    1.922       0.918       1.000   31.00%       1.000      2.000      2.000
             500.000       0.652       1.332       5.000    1.00%       2.000      2.000
     Y2                    1.906       1.005       1.000   31.20%       1.000      2.000      2.000
             500.000       0.645       1.612       5.000    1.00%       2.000      2.000
     Y3                    3.196      -0.063       1.000    1.20%       3.000      3.000      3.000
             500.000       0.618      -0.084       5.000    3.60%       3.000      4.000
     Y4                    3.170       0.000       1.000    1.40%       3.000      3.000      3.000
             500.000       0.653      -0.093       5.000    4.20%       3.000      4.000
     Y5                    3.208       0.014       1.000    1.00%       3.000      3.000      3.000
             500.000       0.597       0.026       5.000    4.00%       3.000      4.000
     Y6                    1.212       2.603       1.000   82.00%       1.000      1.000      1.000
             500.000       0.243       7.630       4.000    0.60%       1.000      1.000
     Y7                    1.214       2.692       1.000   81.80%       1.000      1.000      1.000
             500.000       0.248       8.473       4.000    0.80%       1.000      1.000
     Y8                    1.204       3.023       1.000   83.20%       1.000      1.000      1.000
             500.000       0.254      11.623       5.000    0.20%       1.000      1.000
     Y9                    1.908       0.803       1.000   31.40%       1.000      2.000      2.000
             500.000       0.620       0.931       5.000    0.60%       2.000      2.000
     Y10                   1.886       1.022       1.000   32.80%       1.000      2.000      2.000
             500.000       0.657       1.454       5.000    0.80%       2.000      2.000
     X1                   -0.002       0.046      -2.482    0.20%      -0.816     -0.226      0.010
             500.000       0.899      -0.102       3.178    0.20%       0.226      0.782
     X2                    0.518      -0.072       0.000   48.20%       0.000      0.000      1.000
             500.000       0.250      -1.995       1.000   51.80%       1.000      1.000


THE MODEL ESTIMATION TERMINATED NORMALLY



MODEL FIT INFORMATION

Number of Free Parameters                       34

Loglikelihood

          H0 Value                       -3401.735

Information Criteria

          Akaike (AIC)                    6871.470
          Bayesian (BIC)                  7014.766
          Sample-Size Adjusted BIC        6906.848
            (n* = (n + 2) / 24)



MODEL RESULTS

                                                    Two-Tailed
                    Estimate       S.E.  Est./S.E.    P-Value

 F        BY
    Y1                 0.678      0.029     23.006      0.000
    Y2                 0.675      0.029     23.034      0.000
    Y3                 0.632      0.029     21.499      0.000
    Y4                 0.646      0.030     21.300      0.000
    Y5               999.000      0.000    999.000    999.000
    Y6                 0.361      0.019     18.751      0.000
    Y7                 0.361      0.020     18.520      0.000
    Y8                 0.363      0.020     18.305      0.000
    Y9                 0.663      0.029     23.090      0.000
    Y10                0.702      0.029     24.145      0.000

 Y5       ON
    X1                 0.021      0.023      0.893      0.372
    X2                -0.006      0.044     -0.146      0.884

 Means
    F                  0.000      0.000    999.000    999.000

 Intercepts
    Y1                 1.922      0.036     53.228      0.000
    Y2                 1.906      0.036     53.061      0.000
    Y3                 3.196      0.035     90.938      0.000
    Y4                 3.170      0.036     87.711      0.000
    Y5                 3.216      0.043     75.650      0.000
    Y6                 1.212      0.022     54.971      0.000
    Y7                 1.214      0.022     54.488      0.000
    Y8                 1.204      0.023     53.379      0.000
    Y9                 1.908      0.035     54.204      0.000
    Y10                1.886      0.036     52.029      0.000

 Variances
    F                  1.000      0.000    999.000    999.000

 Residual Variances
    Y1                 0.192      0.014     13.775      0.000
    Y2                 0.189      0.014     13.774      0.000
    Y3                 0.218      0.015     14.196      0.000
    Y4                 0.236      0.017     14.286      0.000
    Y5                 0.213      0.015     14.245      0.000
    Y6                 0.113      0.008     14.760      0.000
    Y7                 0.118      0.008     14.804      0.000
    Y8                 0.123      0.008     14.835      0.000
    Y9                 0.180      0.013     13.752      0.000
    Y10                0.165      0.012     13.265      0.000

New/Additional Parameters
    L5_0               0.640      0.040     16.069      0.000
    L5_1              -0.010      0.025     -0.389      0.698
    L5_2              -0.040      0.045     -0.891      0.373


QUALITY OF NUMERICAL RESULTS

     Condition Number for the Information Matrix              0.566E-04
       (ratio of smallest to largest eigenvalue)


     Beginning Time:  06:57:15
        Ending Time:  06:57:17
       Elapsed Time:  00:00:02



MUTHEN & MUTHEN
3463 Stoner Ave.
Los Angeles, CA  90066

Tel: (310) 391-9971
Fax: (310) 391-8971
Web: www.StatModel.com
Support: Support@StatModel.com

Copyright (c) 1998-2019 Muthen & Muthen
