Mplus VERSION 8.3
MUTHEN & MUTHEN
04/25/2024   7:06 AM

INPUT INSTRUCTIONS


  TITLE: Test with 10 reps

  DATA:
  File is
  G3_B2_N2_rep25.csv;

  VARIABLE:
      Names are x1 x2 eta
  	y1 y2 y3 y4 y5 y6 y7 y8 y9 y10;
      Usevariables are y1-y10 x1 x2;
      constraint = x1 x2;

  MODEL:
      f BY y1* (l1);
      f BY y2* (l2);
      f BY y3* (l3);
      f BY y4* (l4);
      f BY y5* (l5);
      f BY y6* (l6);
      f BY y7* (l7);
      f BY y8* (l8);
      f BY y9* (l9);
      f BY y10* (l10);

  y4 ON x1 x2;
  f@1;
  [f@0];

  MODEL CONSTRAINT:
      new (l4_0 l4_1 l4_2);
      l4 = l4_0 + l4_1*x1 + l4_2*x2;




INPUT READING TERMINATED NORMALLY



Test with 10 reps

SUMMARY OF ANALYSIS

Number of groups                                                 1
Number of observations                                         500

Number of dependent variables                                   10
Number of independent variables                                  2
Number of continuous latent variables                            1

Observed dependent variables

  Continuous
   Y1          Y2          Y3          Y4          Y5          Y6
   Y7          Y8          Y9          Y10

Observed independent variables
   X1          X2

Continuous latent variables
   F


Estimator                                                       ML
Information matrix                                        OBSERVED
Maximum number of iterations                                  1000
Convergence criterion                                    0.500D-04
Maximum number of steepest descent iterations                   20

Input data file(s)
  G3_B2_N2_rep25.csv

Input data format  FREE



UNIVARIATE SAMPLE STATISTICS


     UNIVARIATE HIGHER-ORDER MOMENT DESCRIPTIVE STATISTICS

         Variable/         Mean/     Skewness/   Minimum/ % with                Percentiles
        Sample Size      Variance    Kurtosis    Maximum  Min/Max      20%/60%    40%/80%    Median

     Y1                    1.866       0.692       1.000   32.00%       1.000      2.000      2.000
             500.000       0.548       0.626       5.000    0.20%       2.000      2.000
     Y2                    1.916       0.566       1.000   29.80%       1.000      2.000      2.000
             500.000       0.561       0.280       5.000    0.20%       2.000      2.000
     Y3                    3.194      -0.132       1.000    0.60%       3.000      3.000      3.000
             500.000       0.560      -0.372       5.000    2.00%       3.000      4.000
     Y4                    3.168      -0.075       1.000    0.80%       3.000      3.000      3.000
             500.000       0.580      -0.277       5.000    2.40%       3.000      4.000
     Y5                    3.208      -0.084       1.000    0.60%       3.000      3.000      3.000
             500.000       0.569      -0.291       5.000    2.60%       3.000      4.000
     Y6                    1.216       2.148       1.000   80.40%       1.000      1.000      1.000
             500.000       0.213       4.716       4.000    0.20%       1.000      1.000
     Y7                    1.216       2.031       1.000   79.80%       1.000      1.000      1.000
             500.000       0.201       4.276       4.000    0.20%       1.000      2.000
     Y8                    1.192       2.411       1.000   82.80%       1.000      1.000      1.000
             500.000       0.199       6.131       4.000    0.20%       1.000      1.000
     Y9                    1.942       0.602       1.000   28.00%       1.000      2.000      2.000
             500.000       0.567       0.420       5.000    0.20%       2.000      2.000
     Y10                   1.918       0.601       1.000   30.20%       1.000      2.000      2.000
             500.000       0.579       0.295       5.000    0.20%       2.000      2.000
     X1                    0.023      -0.032      -2.997    0.20%      -0.871     -0.240      0.039
             500.000       1.019      -0.080       2.744    0.20%       0.249      0.868
     X2                    0.526      -0.104       0.000   47.40%       0.000      0.000      1.000
             500.000       0.249      -1.989       1.000   52.60%       1.000      1.000


THE MODEL ESTIMATION TERMINATED NORMALLY



MODEL FIT INFORMATION

Number of Free Parameters                       34

Loglikelihood

          H0 Value                       -3190.733

Information Criteria

          Akaike (AIC)                    6449.466
          Bayesian (BIC)                  6592.762
          Sample-Size Adjusted BIC        6484.844
            (n* = (n + 2) / 24)



MODEL RESULTS

                                                    Two-Tailed
                    Estimate       S.E.  Est./S.E.    P-Value

 F        BY
    Y1                 0.612      0.027     22.419      0.000
    Y2                 0.607      0.028     21.746      0.000
    Y3                 0.602      0.028     21.449      0.000
    Y4               999.000      0.000    999.000    999.000
    Y5                 0.612      0.028     21.773      0.000
    Y6                 0.320      0.018     17.390      0.000
    Y7                 0.303      0.018     16.763      0.000
    Y8                 0.290      0.018     16.000      0.000
    Y9                 0.634      0.027     23.057      0.000
    Y10                0.636      0.028     22.751      0.000

 Y4       ON
    X1                 0.013      0.021      0.627      0.530
    X2                -0.011      0.041     -0.260      0.795

 Means
    F                  0.000      0.000    999.000    999.000

 Intercepts
    Y1                 1.866      0.033     56.362      0.000
    Y2                 1.916      0.033     57.203      0.000
    Y3                 3.194      0.033     95.408      0.000
    Y4                 3.194      0.043     74.442      0.000
    Y5                 3.208      0.034     95.118      0.000
    Y6                 1.216      0.021     58.868      0.000
    Y7                 1.216      0.020     60.597      0.000
    Y8                 1.192      0.020     59.729      0.000
    Y9                 1.942      0.034     57.688      0.000
    Y10                1.918      0.034     56.350      0.000

 Variances
    F                  1.000      0.000    999.000    999.000

 Residual Variances
    Y1                 0.173      0.013     13.813      0.000
    Y2                 0.192      0.014     14.043      0.000
    Y3                 0.198      0.014     14.078      0.000
    Y4                 0.174      0.013     13.648      0.000
    Y5                 0.194      0.014     13.948      0.000
    Y6                 0.111      0.007     14.891      0.000
    Y7                 0.110      0.007     15.003      0.000
    Y8                 0.115      0.008     15.085      0.000
    Y9                 0.165      0.012     13.571      0.000
    Y10                0.175      0.013     13.673      0.000

New/Additional Parameters
    L4_0               0.696      0.038     18.443      0.000
    L4_1              -0.041      0.020     -2.030      0.042
    L4_2              -0.112      0.042     -2.665      0.008


QUALITY OF NUMERICAL RESULTS

     Condition Number for the Information Matrix              0.523E-04
       (ratio of smallest to largest eigenvalue)


     Beginning Time:  07:06:55
        Ending Time:  07:06:57
       Elapsed Time:  00:00:02



MUTHEN & MUTHEN
3463 Stoner Ave.
Los Angeles, CA  90066

Tel: (310) 391-9971
Fax: (310) 391-8971
Web: www.StatModel.com
Support: Support@StatModel.com

Copyright (c) 1998-2019 Muthen & Muthen
