Mplus VERSION 8.3
MUTHEN & MUTHEN
04/25/2024   6:46 AM

INPUT INSTRUCTIONS


  TITLE: Test with 10 reps

  DATA:
  File is
  G3_B2_N2_rep20.csv;

  VARIABLE:
      Names are x1 x2 eta
  	y1 y2 y3 y4 y5 y6 y7 y8 y9 y10;
      Usevariables are y1-y10 x1 x2;
      constraint = x1 x2;

  MODEL:
      f BY y1* (l1);
      f BY y2* (l2);
      f BY y3* (l3);
      f BY y4* (l4);
      f BY y5* (l5);
      f BY y6* (l6);
      f BY y7* (l7);
      f BY y8* (l8);
      f BY y9* (l9);
      f BY y10* (l10);

  y2 ON x1 x2;
  f@1;
  [f@0];

  MODEL CONSTRAINT:
      new (l2_0 l2_1 l2_2);
      l2 = l2_0 + l2_1*x1 + l2_2*x2;




INPUT READING TERMINATED NORMALLY



Test with 10 reps

SUMMARY OF ANALYSIS

Number of groups                                                 1
Number of observations                                         500

Number of dependent variables                                   10
Number of independent variables                                  2
Number of continuous latent variables                            1

Observed dependent variables

  Continuous
   Y1          Y2          Y3          Y4          Y5          Y6
   Y7          Y8          Y9          Y10

Observed independent variables
   X1          X2

Continuous latent variables
   F


Estimator                                                       ML
Information matrix                                        OBSERVED
Maximum number of iterations                                  1000
Convergence criterion                                    0.500D-04
Maximum number of steepest descent iterations                   20

Input data file(s)
  G3_B2_N2_rep20.csv

Input data format  FREE



UNIVARIATE SAMPLE STATISTICS


     UNIVARIATE HIGHER-ORDER MOMENT DESCRIPTIVE STATISTICS

         Variable/         Mean/     Skewness/   Minimum/ % with                Percentiles
        Sample Size      Variance    Kurtosis    Maximum  Min/Max      20%/60%    40%/80%    Median

     Y1                    1.902       0.824       1.000   31.40%       1.000      2.000      2.000
             500.000       0.612       1.025       5.000    0.60%       2.000      2.000
     Y2                    1.914       0.755       1.000   31.00%       1.000      2.000      2.000
             500.000       0.611       0.848       5.000    0.60%       2.000      2.000
     Y3                    3.180      -0.003       1.000    1.20%       3.000      3.000      3.000
             500.000       0.592       0.100       5.000    3.60%       3.000      4.000
     Y4                    3.162       0.104       1.000    1.00%       3.000      3.000      3.000
             500.000       0.636      -0.093       5.000    4.40%       3.000      4.000
     Y5                    3.200       0.017       1.000    0.80%       3.000      3.000      3.000
             500.000       0.568       0.001       5.000    3.40%       3.000      4.000
     Y6                    1.200       2.581       1.000   82.80%       1.000      1.000      1.000
             500.000       0.224       7.319       4.000    0.40%       1.000      1.000
     Y7                    1.212       2.422       1.000   81.40%       1.000      1.000      1.000
             500.000       0.227       6.515       4.000    0.40%       1.000      1.000
     Y8                    1.206       2.132       1.000   80.80%       1.000      1.000      1.000
             500.000       0.196       4.804       4.000    0.20%       1.000      1.000
     Y9                    1.916       0.940       1.000   31.00%       1.000      2.000      2.000
             500.000       0.645       1.434       5.000    1.00%       2.000      2.000
     Y10                   1.914       0.896       1.000   32.40%       1.000      2.000      2.000
             500.000       0.675       1.023       5.000    0.80%       2.000      2.000
     X1                    0.055      -0.016      -2.465    0.20%      -0.735     -0.187      0.034
             500.000       0.969      -0.123       3.318    0.20%       0.297      0.927
     X2                    0.524      -0.096       0.000   47.60%       0.000      0.000      1.000
             500.000       0.249      -1.991       1.000   52.40%       1.000      1.000


THE MODEL ESTIMATION TERMINATED NORMALLY



MODEL FIT INFORMATION

Number of Free Parameters                       34

Loglikelihood

          H0 Value                       -3283.724

Information Criteria

          Akaike (AIC)                    6635.447
          Bayesian (BIC)                  6778.744
          Sample-Size Adjusted BIC        6670.826
            (n* = (n + 2) / 24)



MODEL RESULTS

                                                    Two-Tailed
                    Estimate       S.E.  Est./S.E.    P-Value

 F        BY
    Y1                 0.658      0.029     23.026      0.000
    Y2               999.000      0.000    999.000    999.000
    Y3                 0.630      0.028     22.132      0.000
    Y4                 0.661      0.029     22.525      0.000
    Y5                 0.609      0.028     21.662      0.000
    Y6                 0.332      0.019     17.669      0.000
    Y7                 0.347      0.019     18.651      0.000
    Y8                 0.294      0.018     16.524      0.000
    Y9                 0.690      0.029     23.850      0.000
    Y10                0.682      0.030     22.590      0.000

 Y2       ON
    X1                 0.011      0.022      0.500      0.617
    X2                 0.010      0.042      0.243      0.808

 Means
    F                  0.000      0.000    999.000    999.000

 Intercepts
    Y1                 1.902      0.035     54.347      0.000
    Y2                 1.910      0.042     45.508      0.000
    Y3                 3.180      0.034     92.448      0.000
    Y4                 3.162      0.036     88.675      0.000
    Y5                 3.200      0.034     94.943      0.000
    Y6                 1.200      0.021     56.695      0.000
    Y7                 1.212      0.021     56.875      0.000
    Y8                 1.206      0.020     60.980      0.000
    Y9                 1.916      0.036     53.348      0.000
    Y10                1.914      0.037     52.108      0.000

 Variances
    F                  1.000      0.000    999.000    999.000

 Residual Variances
    Y1                 0.180      0.013     13.739      0.000
    Y2                 0.192      0.014     13.928      0.000
    Y3                 0.194      0.014     14.023      0.000
    Y4                 0.199      0.014     13.889      0.000
    Y5                 0.197      0.014     14.153      0.000
    Y6                 0.114      0.008     14.924      0.000
    Y7                 0.106      0.007     14.794      0.000
    Y8                 0.109      0.007     15.107      0.000
    Y9                 0.169      0.013     13.377      0.000
    Y10                0.209      0.015     13.894      0.000

New/Additional Parameters
    L2_0               0.649      0.040     16.310      0.000
    L2_1              -0.010      0.022     -0.424      0.672
    L2_2              -0.005      0.044     -0.106      0.915


QUALITY OF NUMERICAL RESULTS

     Condition Number for the Information Matrix              0.503E-04
       (ratio of smallest to largest eigenvalue)


     Beginning Time:  06:46:39
        Ending Time:  06:46:41
       Elapsed Time:  00:00:02



MUTHEN & MUTHEN
3463 Stoner Ave.
Los Angeles, CA  90066

Tel: (310) 391-9971
Fax: (310) 391-8971
Web: www.StatModel.com
Support: Support@StatModel.com

Copyright (c) 1998-2019 Muthen & Muthen
