Mplus VERSION 8.3
MUTHEN & MUTHEN
04/25/2024   7:23 AM

INPUT INSTRUCTIONS


  TITLE: Test with 10 reps

  DATA:
  File is
  G3_B2_N2_rep279.csv;

  VARIABLE:
      Names are x1 x2 eta
  	y1 y2 y3 y4 y5 y6 y7 y8 y9 y10;
      Usevariables are y1-y10 x1 x2;
      constraint = x1 x2;

  MODEL:
      f BY y1* (l1);
      f BY y2* (l2);
      f BY y3* (l3);
      f BY y4* (l4);
      f BY y5* (l5);
      f BY y6* (l6);
      f BY y7* (l7);
      f BY y8* (l8);
      f BY y9* (l9);
      f BY y10* (l10);

  y6 ON x1 x2;
  f@1;
  [f@0];

  MODEL CONSTRAINT:
      new (l6_0 l6_1 l6_2);
      l6 = l6_0 + l6_1*x1 + l6_2*x2;




INPUT READING TERMINATED NORMALLY



Test with 10 reps

SUMMARY OF ANALYSIS

Number of groups                                                 1
Number of observations                                         500

Number of dependent variables                                   10
Number of independent variables                                  2
Number of continuous latent variables                            1

Observed dependent variables

  Continuous
   Y1          Y2          Y3          Y4          Y5          Y6
   Y7          Y8          Y9          Y10

Observed independent variables
   X1          X2

Continuous latent variables
   F


Estimator                                                       ML
Information matrix                                        OBSERVED
Maximum number of iterations                                  1000
Convergence criterion                                    0.500D-04
Maximum number of steepest descent iterations                   20

Input data file(s)
  G3_B2_N2_rep279.csv

Input data format  FREE



UNIVARIATE SAMPLE STATISTICS


     UNIVARIATE HIGHER-ORDER MOMENT DESCRIPTIVE STATISTICS

         Variable/         Mean/     Skewness/   Minimum/ % with                Percentiles
        Sample Size      Variance    Kurtosis    Maximum  Min/Max      20%/60%    40%/80%    Median

     Y1                    1.820       0.630       1.000   35.40%       1.000      2.000      2.000
             500.000       0.536       0.321       5.000    0.20%       2.000      2.000
     Y2                    1.880       0.807       1.000   32.60%       1.000      2.000      2.000
             500.000       0.598       1.019       5.000    0.60%       2.000      2.000
     Y3                    3.146      -0.143       1.000    1.00%       3.000      3.000      3.000
             500.000       0.537      -0.105       5.000    1.60%       3.000      4.000
     Y4                    3.142      -0.129       1.000    1.20%       3.000      3.000      3.000
             500.000       0.570      -0.117       5.000    2.00%       3.000      4.000
     Y5                    3.144      -0.172       1.000    1.60%       3.000      3.000      3.000
             500.000       0.591      -0.027       5.000    2.20%       3.000      4.000
     Y6                    1.178       3.235       1.000   84.60%       1.000      1.000      1.000
             500.000       0.210      14.427       5.000    0.20%       1.000      1.000
     Y7                    1.186       2.733       1.000   84.00%       1.000      1.000      1.000
             500.000       0.211       8.351       4.000    0.40%       1.000      1.000
     Y8                    1.166       2.007       1.000   83.80%       1.000      1.000      1.000
             500.000       0.146       2.704       3.000    0.40%       1.000      1.000
     Y9                    1.872       0.633       1.000   33.00%       1.000      2.000      2.000
             500.000       0.572       0.304       5.000    0.20%       2.000      2.000
     Y10                   1.880       0.554       1.000   31.80%       1.000      2.000      2.000
             500.000       0.542       0.405       5.000    0.40%       2.000      2.000
     X1                    0.071       0.046      -2.589    0.20%      -0.805     -0.222      0.059
             500.000       1.021      -0.106       3.358    0.20%       0.265      0.934
     X2                    0.484       0.064       0.000   51.60%       0.000      0.000      0.000
             500.000       0.250      -1.996       1.000   48.40%       1.000      1.000


THE MODEL ESTIMATION TERMINATED NORMALLY



MODEL FIT INFORMATION

Number of Free Parameters                       34

Loglikelihood

          H0 Value                       -3143.272

Information Criteria

          Akaike (AIC)                    6354.543
          Bayesian (BIC)                  6497.840
          Sample-Size Adjusted BIC        6389.922
            (n* = (n + 2) / 24)



MODEL RESULTS

                                                    Two-Tailed
                    Estimate       S.E.  Est./S.E.    P-Value

 F        BY
    Y1                 0.603      0.027     22.252      0.000
    Y2                 0.653      0.028     23.163      0.000
    Y3                 0.588      0.027     21.404      0.000
    Y4                 0.603      0.028     21.254      0.000
    Y5                 0.625      0.029     21.816      0.000
    Y6               999.000      0.000    999.000    999.000
    Y7                 0.305      0.019     16.401      0.000
    Y8                 0.245      0.016     15.700      0.000
    Y9                 0.638      0.028     23.138      0.000
    Y10                0.606      0.027     22.253      0.000

 Y6       ON
    X1                -0.020      0.016     -1.263      0.207
    X2                -0.002      0.033     -0.054      0.957

 Means
    F                  0.000      0.000    999.000    999.000

 Intercepts
    Y1                 1.820      0.033     55.608      0.000
    Y2                 1.880      0.035     54.380      0.000
    Y3                 3.146      0.033     96.025      0.000
    Y4                 3.142      0.034     93.071      0.000
    Y5                 3.144      0.034     91.427      0.000
    Y6                 1.147      0.024     48.197      0.000
    Y7                 1.186      0.021     57.678      0.000
    Y8                 1.166      0.017     68.131      0.000
    Y9                 1.872      0.034     55.365      0.000
    Y10                1.880      0.033     57.122      0.000

 Variances
    F                  1.000      0.000    999.000    999.000

 Residual Variances
    Y1                 0.172      0.012     13.824      0.000
    Y2                 0.171      0.013     13.463      0.000
    Y3                 0.191      0.014     14.051      0.000
    Y4                 0.206      0.015     14.091      0.000
    Y5                 0.200      0.014     13.951      0.000
    Y6                 0.112      0.008     14.900      0.000
    Y7                 0.118      0.008     15.039      0.000
    Y8                 0.086      0.006     15.136      0.000
    Y9                 0.164      0.012     13.459      0.000
    Y10                0.174      0.013     13.830      0.000

New/Additional Parameters
    L6_0               0.194      0.026      7.445      0.000
    L6_1               0.055      0.016      3.447      0.001
    L6_2               0.170      0.033      5.090      0.000


QUALITY OF NUMERICAL RESULTS

     Condition Number for the Information Matrix              0.321E-04
       (ratio of smallest to largest eigenvalue)


     Beginning Time:  07:23:03
        Ending Time:  07:23:06
       Elapsed Time:  00:00:03



MUTHEN & MUTHEN
3463 Stoner Ave.
Los Angeles, CA  90066

Tel: (310) 391-9971
Fax: (310) 391-8971
Web: www.StatModel.com
Support: Support@StatModel.com

Copyright (c) 1998-2019 Muthen & Muthen
