Mplus VERSION 8.3
MUTHEN & MUTHEN
04/25/2024   8:03 AM

INPUT INSTRUCTIONS


  TITLE: Test with 10 reps

  DATA:
  File is
  G3_B2_N2_rep343.csv;

  VARIABLE:
      Names are x1 x2 eta
  	y1 y2 y3 y4 y5 y6 y7 y8 y9 y10;
      Usevariables are y1-y10 x1 x2;
      constraint = x1 x2;

  MODEL:
      f BY y1* (l1);
      f BY y2* (l2);
      f BY y3* (l3);
      f BY y4* (l4);
      f BY y5* (l5);
      f BY y6* (l6);
      f BY y7* (l7);
      f BY y8* (l8);
      f BY y9* (l9);
      f BY y10* (l10);

  y4 ON x1 x2;
  f@1;
  [f@0];

  MODEL CONSTRAINT:
      new (l4_0 l4_1 l4_2);
      l4 = l4_0 + l4_1*x1 + l4_2*x2;




INPUT READING TERMINATED NORMALLY



Test with 10 reps

SUMMARY OF ANALYSIS

Number of groups                                                 1
Number of observations                                         500

Number of dependent variables                                   10
Number of independent variables                                  2
Number of continuous latent variables                            1

Observed dependent variables

  Continuous
   Y1          Y2          Y3          Y4          Y5          Y6
   Y7          Y8          Y9          Y10

Observed independent variables
   X1          X2

Continuous latent variables
   F


Estimator                                                       ML
Information matrix                                        OBSERVED
Maximum number of iterations                                  1000
Convergence criterion                                    0.500D-04
Maximum number of steepest descent iterations                   20

Input data file(s)
  G3_B2_N2_rep343.csv

Input data format  FREE



UNIVARIATE SAMPLE STATISTICS


     UNIVARIATE HIGHER-ORDER MOMENT DESCRIPTIVE STATISTICS

         Variable/         Mean/     Skewness/   Minimum/ % with                Percentiles
        Sample Size      Variance    Kurtosis    Maximum  Min/Max      20%/60%    40%/80%    Median

     Y1                    1.842       0.934       1.000   35.40%       1.000      2.000      2.000
             500.000       0.613       1.377       5.000    0.80%       2.000      2.000
     Y2                    1.866       0.865       1.000   34.40%       1.000      2.000      2.000
             500.000       0.632       0.841       5.000    0.40%       2.000      2.000
     Y3                    3.148      -0.017       1.000    1.00%       3.000      3.000      3.000
             500.000       0.558       0.025       5.000    2.60%       3.000      4.000
     Y4                    3.100      -0.003       1.000    1.20%       3.000      3.000      3.000
             500.000       0.574      -0.020       5.000    2.40%       3.000      4.000
     Y5                    3.146       0.111       1.000    0.60%       3.000      3.000      3.000
             500.000       0.573      -0.109       5.000    3.20%       3.000      4.000
     Y6                    1.180       3.050       1.000   84.20%       1.000      1.000      1.000
             500.000       0.204      13.057       5.000    0.20%       1.000      1.000
     Y7                    1.208       2.761       1.000   82.40%       1.000      1.000      1.000
             500.000       0.245       8.895       4.000    0.80%       1.000      1.000
     Y8                    1.184       3.177       1.000   84.80%       1.000      1.000      1.000
             500.000       0.230      12.972       5.000    0.20%       1.000      1.000
     Y9                    1.882       0.853       1.000   31.40%       1.000      2.000      2.000
             500.000       0.580       1.289       5.000    0.60%       2.000      2.000
     Y10                   1.856       0.880       1.000   34.60%       1.000      2.000      2.000
             500.000       0.615       1.088       5.000    0.60%       2.000      2.000
     X1                   -0.035      -0.004      -2.860    0.20%      -0.840     -0.332     -0.070
             500.000       0.949      -0.092       2.760    0.20%       0.207      0.805
     X2                    0.456       0.177       0.000   54.40%       0.000      0.000      0.000
             500.000       0.248      -1.969       1.000   45.60%       1.000      1.000


THE MODEL ESTIMATION TERMINATED NORMALLY



MODEL FIT INFORMATION

Number of Free Parameters                       34

Loglikelihood

          H0 Value                       -3222.860

Information Criteria

          Akaike (AIC)                    6513.720
          Bayesian (BIC)                  6657.017
          Sample-Size Adjusted BIC        6549.099
            (n* = (n + 2) / 24)



MODEL RESULTS

                                                    Two-Tailed
                    Estimate       S.E.  Est./S.E.    P-Value

 F        BY
    Y1                 0.660      0.029     23.109      0.000
    Y2                 0.659      0.029     22.502      0.000
    Y3                 0.603      0.028     21.638      0.000
    Y4               999.000      0.000    999.000    999.000
    Y5                 0.611      0.028     21.634      0.000
    Y6                 0.319      0.018     17.856      0.000
    Y7                 0.363      0.019     18.839      0.000
    Y8                 0.342      0.019     18.075      0.000
    Y9                 0.655      0.027     23.866      0.000
    Y10                0.664      0.029     23.291      0.000

 Y4       ON
    X1                 0.011      0.022      0.473      0.636
    X2                 0.135      0.046      2.957      0.003

 Means
    F                  0.000      0.000    999.000    999.000

 Intercepts
    Y1                 1.842      0.035     52.606      0.000
    Y2                 1.866      0.036     52.483      0.000
    Y3                 3.148      0.033     94.225      0.000
    Y4                 3.055      0.041     74.601      0.000
    Y5                 3.146      0.034     92.958      0.000
    Y6                 1.180      0.020     58.476      0.000
    Y7                 1.208      0.022     54.601      0.000
    Y8                 1.184      0.021     55.187      0.000
    Y9                 1.882      0.034     55.254      0.000
    Y10                1.856      0.035     52.909      0.000

 Variances
    F                  1.000      0.000    999.000    999.000

 Residual Variances
    Y1                 0.178      0.013     13.679      0.000
    Y2                 0.198      0.014     13.925      0.000
    Y3                 0.194      0.014     14.144      0.000
    Y4                 0.204      0.014     14.245      0.000
    Y5                 0.199      0.014     14.162      0.000
    Y6                 0.102      0.007     14.897      0.000
    Y7                 0.113      0.008     14.745      0.000
    Y8                 0.113      0.008     14.847      0.000
    Y9                 0.151      0.011     13.375      0.000
    Y10                0.174      0.013     13.635      0.000

New/Additional Parameters
    L4_0               0.609      0.042     14.510      0.000
    L4_1              -0.046      0.021     -2.181      0.029
    L4_2              -0.037      0.048     -0.773      0.439


QUALITY OF NUMERICAL RESULTS

     Condition Number for the Information Matrix              0.459E-04
       (ratio of smallest to largest eigenvalue)


     Beginning Time:  08:03:00
        Ending Time:  08:03:04
       Elapsed Time:  00:00:04



MUTHEN & MUTHEN
3463 Stoner Ave.
Los Angeles, CA  90066

Tel: (310) 391-9971
Fax: (310) 391-8971
Web: www.StatModel.com
Support: Support@StatModel.com

Copyright (c) 1998-2019 Muthen & Muthen
