Mplus VERSION 8.3
MUTHEN & MUTHEN
04/25/2024   8:09 AM

INPUT INSTRUCTIONS


  TITLE: Test with 10 reps

  DATA:
  File is
  G3_B2_N2_rep355.csv;

  VARIABLE:
      Names are x1 x2 eta
  	y1 y2 y3 y4 y5 y6 y7 y8 y9 y10;
      Usevariables are y1-y10 x1 x2;
      constraint = x1 x2;

  MODEL:
      f BY y1* (l1);
      f BY y2* (l2);
      f BY y3* (l3);
      f BY y4* (l4);
      f BY y5* (l5);
      f BY y6* (l6);
      f BY y7* (l7);
      f BY y8* (l8);
      f BY y9* (l9);
      f BY y10* (l10);

  y10 ON x1 x2;
  f@1;
  [f@0];

  MODEL CONSTRAINT:
      new (l10_0 l10_1 l10_2);
      l10 = l10_0 + l10_1*x1 + l10_2*x2;




INPUT READING TERMINATED NORMALLY



Test with 10 reps

SUMMARY OF ANALYSIS

Number of groups                                                 1
Number of observations                                         500

Number of dependent variables                                   10
Number of independent variables                                  2
Number of continuous latent variables                            1

Observed dependent variables

  Continuous
   Y1          Y2          Y3          Y4          Y5          Y6
   Y7          Y8          Y9          Y10

Observed independent variables
   X1          X2

Continuous latent variables
   F


Estimator                                                       ML
Information matrix                                        OBSERVED
Maximum number of iterations                                  1000
Convergence criterion                                    0.500D-04
Maximum number of steepest descent iterations                   20

Input data file(s)
  G3_B2_N2_rep355.csv

Input data format  FREE



UNIVARIATE SAMPLE STATISTICS


     UNIVARIATE HIGHER-ORDER MOMENT DESCRIPTIVE STATISTICS

         Variable/         Mean/     Skewness/   Minimum/ % with                Percentiles
        Sample Size      Variance    Kurtosis    Maximum  Min/Max      20%/60%    40%/80%    Median

     Y1                    1.862       1.035       1.000   34.00%       1.000      2.000      2.000
             500.000       0.635       1.718       5.000    1.00%       2.000      2.000
     Y2                    1.874       0.821       1.000   32.00%       1.000      2.000      2.000
             500.000       0.574       1.208       5.000    0.60%       2.000      2.000
     Y3                    3.084      -0.058       1.000    1.40%       2.000      3.000      3.000
             500.000       0.573      -0.039       5.000    2.00%       3.000      4.000
     Y4                    3.162       0.082       1.000    0.60%       3.000      3.000      3.000
             500.000       0.552      -0.042       5.000    3.00%       3.000      4.000
     Y5                    3.132       0.101       1.000    1.00%       3.000      3.000      3.000
             500.000       0.603      -0.015       5.000    3.60%       3.000      4.000
     Y6                    1.190       2.681       1.000   83.60%       1.000      1.000      1.000
             500.000       0.214       8.033       4.000    0.40%       1.000      1.000
     Y7                    1.192       2.812       1.000   83.60%       1.000      1.000      1.000
             500.000       0.223       9.164       4.000    0.60%       1.000      1.000
     Y8                    1.190       2.470       1.000   83.20%       1.000      1.000      1.000
             500.000       0.202       6.388       4.000    0.20%       1.000      1.000
     Y9                    1.844       0.986       1.000   35.80%       1.000      2.000      2.000
             500.000       0.644       1.236       5.000    0.60%       2.000      2.000
     Y10                   1.874       0.732       1.000   34.60%       1.000      2.000      2.000
             500.000       0.630       0.330       5.000    0.20%       2.000      2.000
     X1                    0.016       0.046      -3.415    0.20%      -0.795     -0.250      0.006
             500.000       0.971       0.255       3.457    0.20%       0.242      0.840
     X2                    0.478       0.088       0.000   52.20%       0.000      0.000      0.000
             500.000       0.250      -1.992       1.000   47.80%       1.000      1.000


THE MODEL ESTIMATION TERMINATED NORMALLY



MODEL FIT INFORMATION

Number of Free Parameters                       34

Loglikelihood

          H0 Value                       -3209.806

Information Criteria

          Akaike (AIC)                    6487.611
          Bayesian (BIC)                  6630.908
          Sample-Size Adjusted BIC        6522.990
            (n* = (n + 2) / 24)



MODEL RESULTS

                                                    Two-Tailed
                    Estimate       S.E.  Est./S.E.    P-Value

 F        BY
    Y1                 0.677      0.029     23.402      0.000
    Y2                 0.642      0.028     23.323      0.000
    Y3                 0.607      0.028     21.390      0.000
    Y4                 0.593      0.028     21.247      0.000
    Y5                 0.634      0.029     22.004      0.000
    Y6                 0.325      0.018     17.757      0.000
    Y7                 0.340      0.019     18.278      0.000
    Y8                 0.316      0.018     17.714      0.000
    Y9                 0.683      0.029     23.500      0.000
    Y10              999.000      0.000    999.000    999.000

 Y10      ON
    X1                 0.028      0.021      1.296      0.195
    X2                 0.070      0.042      1.653      0.098

 Means
    F                  0.000      0.000    999.000    999.000

 Intercepts
    Y1                 1.862      0.036     52.251      0.000
    Y2                 1.874      0.034     55.303      0.000
    Y3                 3.084      0.034     91.105      0.000
    Y4                 3.162      0.033     95.186      0.000
    Y5                 3.132      0.035     90.220      0.000
    Y6                 1.190      0.021     57.534      0.000
    Y7                 1.192      0.021     56.426      0.000
    Y8                 1.190      0.020     59.219      0.000
    Y9                 1.844      0.036     51.394      0.000
    Y10                1.836      0.041     45.225      0.000

 Variances
    F                  1.000      0.000    999.000    999.000

 Residual Variances
    Y1                 0.177      0.013     13.574      0.000
    Y2                 0.162      0.012     13.603      0.000
    Y3                 0.205      0.014     14.181      0.000
    Y4                 0.200      0.014     14.270      0.000
    Y5                 0.201      0.014     14.039      0.000
    Y6                 0.108      0.007     14.927      0.000
    Y7                 0.108      0.007     14.804      0.000
    Y8                 0.102      0.007     14.916      0.000
    Y9                 0.177      0.013     13.548      0.000
    Y10                0.182      0.013     13.772      0.000

New/Additional Parameters
    L10_0              0.642      0.039     16.615      0.000
    L10_1              0.008      0.020      0.404      0.686
    L10_2              0.020      0.043      0.457      0.648


QUALITY OF NUMERICAL RESULTS

     Condition Number for the Information Matrix              0.457E-04
       (ratio of smallest to largest eigenvalue)


     Beginning Time:  08:09:53
        Ending Time:  08:09:56
       Elapsed Time:  00:00:03



MUTHEN & MUTHEN
3463 Stoner Ave.
Los Angeles, CA  90066

Tel: (310) 391-9971
Fax: (310) 391-8971
Web: www.StatModel.com
Support: Support@StatModel.com

Copyright (c) 1998-2019 Muthen & Muthen
