Mplus VERSION 8.3
MUTHEN & MUTHEN
04/25/2024   8:11 AM

INPUT INSTRUCTIONS


  TITLE: Test with 10 reps

  DATA:
  File is
  G3_B2_N2_rep358.csv;

  VARIABLE:
      Names are x1 x2 eta
  	y1 y2 y3 y4 y5 y6 y7 y8 y9 y10;
      Usevariables are y1-y10 x1 x2;
      constraint = x1 x2;

  MODEL:
      f BY y1* (l1);
      f BY y2* (l2);
      f BY y3* (l3);
      f BY y4* (l4);
      f BY y5* (l5);
      f BY y6* (l6);
      f BY y7* (l7);
      f BY y8* (l8);
      f BY y9* (l9);
      f BY y10* (l10);

  y4 ON x1 x2;
  f@1;
  [f@0];

  MODEL CONSTRAINT:
      new (l4_0 l4_1 l4_2);
      l4 = l4_0 + l4_1*x1 + l4_2*x2;




INPUT READING TERMINATED NORMALLY



Test with 10 reps

SUMMARY OF ANALYSIS

Number of groups                                                 1
Number of observations                                         500

Number of dependent variables                                   10
Number of independent variables                                  2
Number of continuous latent variables                            1

Observed dependent variables

  Continuous
   Y1          Y2          Y3          Y4          Y5          Y6
   Y7          Y8          Y9          Y10

Observed independent variables
   X1          X2

Continuous latent variables
   F


Estimator                                                       ML
Information matrix                                        OBSERVED
Maximum number of iterations                                  1000
Convergence criterion                                    0.500D-04
Maximum number of steepest descent iterations                   20

Input data file(s)
  G3_B2_N2_rep358.csv

Input data format  FREE



UNIVARIATE SAMPLE STATISTICS


     UNIVARIATE HIGHER-ORDER MOMENT DESCRIPTIVE STATISTICS

         Variable/         Mean/     Skewness/   Minimum/ % with                Percentiles
        Sample Size      Variance    Kurtosis    Maximum  Min/Max      20%/60%    40%/80%    Median

     Y1                    1.860       0.907       1.000   34.00%       1.000      2.000      2.000
             500.000       0.608       1.358       5.000    0.80%       2.000      2.000
     Y2                    1.866       0.855       1.000   32.40%       1.000      2.000      2.000
             500.000       0.580       1.118       5.000    0.40%       2.000      2.000
     Y3                    3.138       0.005       1.000    1.00%       3.000      3.000      3.000
             500.000       0.583      -0.087       5.000    2.80%       3.000      4.000
     Y4                    3.138      -0.098       1.000    1.40%       3.000      3.000      3.000
             500.000       0.615      -0.172       5.000    2.60%       3.000      4.000
     Y5                    3.124      -0.029       1.000    1.20%       3.000      3.000      3.000
             500.000       0.589      -0.080       5.000    2.60%       3.000      4.000
     Y6                    1.174       2.277       1.000   83.20%       1.000      1.000      1.000
             500.000       0.160       5.894       4.000    0.20%       1.000      1.000
     Y7                    1.172       2.254       1.000   84.00%       1.000      1.000      1.000
             500.000       0.166       4.377       3.000    1.20%       1.000      1.000
     Y8                    1.194       2.166       1.000   82.40%       1.000      1.000      1.000
             500.000       0.192       4.008       3.000    1.80%       1.000      1.000
     Y9                    1.878       0.757       1.000   32.00%       1.000      2.000      2.000
             500.000       0.575       0.857       5.000    0.40%       2.000      2.000
     Y10                   1.824       0.627       1.000   34.40%       1.000      2.000      2.000
             500.000       0.525       0.227       4.000    2.20%       2.000      2.000
     X1                   -0.054      -0.043      -4.289    0.20%      -0.983     -0.322     -0.049
             500.000       1.071       0.180       3.179    0.20%       0.203      0.802
     X2                    0.514      -0.056       0.000   48.60%       0.000      0.000      1.000
             500.000       0.250      -1.997       1.000   51.40%       1.000      1.000


THE MODEL ESTIMATION TERMINATED NORMALLY



MODEL FIT INFORMATION

Number of Free Parameters                       34

Loglikelihood

          H0 Value                       -3157.633

Information Criteria

          Akaike (AIC)                    6383.267
          Bayesian (BIC)                  6526.564
          Sample-Size Adjusted BIC        6418.645
            (n* = (n + 2) / 24)



MODEL RESULTS

                                                    Two-Tailed
                    Estimate       S.E.  Est./S.E.    P-Value

 F        BY
    Y1                 0.661      0.028     23.261      0.000
    Y2                 0.618      0.028     21.769      0.000
    Y3                 0.622      0.028     21.857      0.000
    Y4               999.000      0.000    999.000    999.000
    Y5                 0.607      0.029     20.915      0.000
    Y6                 0.257      0.016     15.778      0.000
    Y7                 0.266      0.017     16.029      0.000
    Y8                 0.312      0.017     17.972      0.000
    Y9                 0.638      0.028     23.025      0.000
    Y10                0.587      0.027     21.695      0.000

 Y4       ON
    X1                 0.010      0.022      0.434      0.664
    X2                 0.041      0.045      0.919      0.358

 Means
    F                  0.000      0.000    999.000    999.000

 Intercepts
    Y1                 1.860      0.035     53.322      0.000
    Y2                 1.866      0.034     54.786      0.000
    Y3                 3.138      0.034     91.901      0.000
    Y4                 3.137      0.043     72.955      0.000
    Y5                 3.124      0.034     91.049      0.000
    Y6                 1.174      0.018     65.685      0.000
    Y7                 1.172      0.018     64.241      0.000
    Y8                 1.194      0.020     60.874      0.000
    Y9                 1.878      0.034     55.374      0.000
    Y10                1.824      0.032     56.289      0.000

 Variances
    F                  1.000      0.000    999.000    999.000

 Residual Variances
    Y1                 0.172      0.013     13.360      0.000
    Y2                 0.198      0.014     13.944      0.000
    Y3                 0.197      0.014     13.896      0.000
    Y4                 0.214      0.015     13.957      0.000
    Y5                 0.221      0.016     14.203      0.000
    Y6                 0.094      0.006     15.109      0.000
    Y7                 0.096      0.006     15.073      0.000
    Y8                 0.095      0.006     14.775      0.000
    Y9                 0.168      0.012     13.495      0.000
    Y10                0.180      0.013     13.972      0.000

New/Additional Parameters
    L4_0               0.641      0.041     15.739      0.000
    L4_1              -0.065      0.024     -2.720      0.007
    L4_2              -0.022      0.047     -0.478      0.633


QUALITY OF NUMERICAL RESULTS

     Condition Number for the Information Matrix              0.376E-04
       (ratio of smallest to largest eigenvalue)


     Beginning Time:  08:11:37
        Ending Time:  08:11:39
       Elapsed Time:  00:00:02



MUTHEN & MUTHEN
3463 Stoner Ave.
Los Angeles, CA  90066

Tel: (310) 391-9971
Fax: (310) 391-8971
Web: www.StatModel.com
Support: Support@StatModel.com

Copyright (c) 1998-2019 Muthen & Muthen
