Mplus VERSION 8.3
MUTHEN & MUTHEN
04/25/2024   7:48 AM

INPUT INSTRUCTIONS


  TITLE: Test with 10 reps

  DATA:
  File is
  G3_B2_N2_rep32.csv;

  VARIABLE:
      Names are x1 x2 eta
  	y1 y2 y3 y4 y5 y6 y7 y8 y9 y10;
      Usevariables are y1-y10 x1 x2;
      constraint = x1 x2;

  MODEL:
      f BY y1* (l1);
      f BY y2* (l2);
      f BY y3* (l3);
      f BY y4* (l4);
      f BY y5* (l5);
      f BY y6* (l6);
      f BY y7* (l7);
      f BY y8* (l8);
      f BY y9* (l9);
      f BY y10* (l10);

  y2 ON x1 x2;
  f@1;
  [f@0];

  MODEL CONSTRAINT:
      new (l2_0 l2_1 l2_2);
      l2 = l2_0 + l2_1*x1 + l2_2*x2;




INPUT READING TERMINATED NORMALLY



Test with 10 reps

SUMMARY OF ANALYSIS

Number of groups                                                 1
Number of observations                                         500

Number of dependent variables                                   10
Number of independent variables                                  2
Number of continuous latent variables                            1

Observed dependent variables

  Continuous
   Y1          Y2          Y3          Y4          Y5          Y6
   Y7          Y8          Y9          Y10

Observed independent variables
   X1          X2

Continuous latent variables
   F


Estimator                                                       ML
Information matrix                                        OBSERVED
Maximum number of iterations                                  1000
Convergence criterion                                    0.500D-04
Maximum number of steepest descent iterations                   20

Input data file(s)
  G3_B2_N2_rep32.csv

Input data format  FREE



UNIVARIATE SAMPLE STATISTICS


     UNIVARIATE HIGHER-ORDER MOMENT DESCRIPTIVE STATISTICS

         Variable/         Mean/     Skewness/   Minimum/ % with                Percentiles
        Sample Size      Variance    Kurtosis    Maximum  Min/Max      20%/60%    40%/80%    Median

     Y1                    1.844       0.556       1.000   34.20%       1.000      2.000      2.000
             500.000       0.540       0.125       5.000    0.20%       2.000      2.000
     Y2                    1.866       0.782       1.000   34.80%       1.000      2.000      2.000
             500.000       0.620       0.765       5.000    0.60%       2.000      2.000
     Y3                    3.164       0.009       1.000    0.40%       3.000      3.000      3.000
             500.000       0.513      -0.180       5.000    2.00%       3.000      4.000
     Y4                    3.134      -0.111       1.000    1.40%       3.000      3.000      3.000
             500.000       0.608      -0.175       5.000    2.40%       3.000      4.000
     Y5                    3.142       0.085       1.000    0.20%       3.000      3.000      3.000
             500.000       0.554      -0.396       5.000    2.40%       3.000      4.000
     Y6                    1.178       3.097       1.000   84.60%       1.000      1.000      1.000
             500.000       0.206      13.143       5.000    0.20%       1.000      1.000
     Y7                    1.188       2.379       1.000   82.80%       1.000      1.000      1.000
             500.000       0.189       6.107       4.000    0.20%       1.000      1.000
     Y8                    1.176       2.434       1.000   83.60%       1.000      1.000      1.000
             500.000       0.173       6.605       4.000    0.20%       1.000      1.000
     Y9                    1.858       0.811       1.000   31.60%       1.000      2.000      2.000
             500.000       0.534       1.452       5.000    0.60%       2.000      2.000
     Y10                   1.878       0.657       1.000   30.80%       1.000      2.000      2.000
             500.000       0.531       0.823       5.000    0.40%       2.000      2.000
     X1                    0.041      -0.098      -3.096    0.20%      -0.836     -0.241      0.039
             500.000       1.163       0.019       3.105    0.20%       0.308      0.953
     X2                    0.460       0.161       0.000   54.00%       0.000      0.000      0.000
             500.000       0.248      -1.974       1.000   46.00%       1.000      1.000


THE MODEL ESTIMATION TERMINATED NORMALLY



MODEL FIT INFORMATION

Number of Free Parameters                       34

Loglikelihood

          H0 Value                       -3077.544

Information Criteria

          Akaike (AIC)                    6223.087
          Bayesian (BIC)                  6366.384
          Sample-Size Adjusted BIC        6258.466
            (n* = (n + 2) / 24)



MODEL RESULTS

                                                    Two-Tailed
                    Estimate       S.E.  Est./S.E.    P-Value

 F        BY
    Y1                 0.607      0.027     22.368      0.000
    Y2               999.000      0.000    999.000    999.000
    Y3                 0.578      0.027     21.576      0.000
    Y4                 0.623      0.029     21.265      0.000
    Y5                 0.610      0.028     22.119      0.000
    Y6                 0.312      0.018     17.152      0.000
    Y7                 0.305      0.017     17.686      0.000
    Y8                 0.280      0.017     16.687      0.000
    Y9                 0.618      0.027     23.214      0.000
    Y10                0.605      0.027     22.538      0.000

 Y2       ON
    X1                 0.022      0.020      1.078      0.281
    X2                 0.023      0.043      0.541      0.589

 Means
    F                  0.000      0.000    999.000    999.000

 Intercepts
    Y1                 1.844      0.033     56.129      0.000
    Y2                 1.841      0.039     47.493      0.000
    Y3                 3.164      0.032     98.768      0.000
    Y4                 3.134      0.035     89.870      0.000
    Y5                 3.142      0.033     94.406      0.000
    Y6                 1.178      0.020     57.991      0.000
    Y7                 1.188      0.019     61.160      0.000
    Y8                 1.176      0.019     63.218      0.000
    Y9                 1.858      0.033     56.863      0.000
    Y10                1.878      0.033     57.622      0.000

 Variances
    F                  1.000      0.000    999.000    999.000

 Residual Variances
    Y1                 0.172      0.012     13.832      0.000
    Y2                 0.188      0.014     13.790      0.000
    Y3                 0.179      0.013     14.058      0.000
    Y4                 0.220      0.016     14.141      0.000
    Y5                 0.181      0.013     13.902      0.000
    Y6                 0.109      0.007     14.899      0.000
    Y7                 0.096      0.006     14.838      0.000
    Y8                 0.095      0.006     15.000      0.000
    Y9                 0.152      0.011     13.509      0.000
    Y10                0.165      0.012     13.784      0.000

New/Additional Parameters
    L2_0               0.589      0.038     15.411      0.000
    L2_1               0.003      0.019      0.134      0.893
    L2_2               0.099      0.045      2.212      0.027


QUALITY OF NUMERICAL RESULTS

     Condition Number for the Information Matrix              0.387E-04
       (ratio of smallest to largest eigenvalue)


     Beginning Time:  07:48:37
        Ending Time:  07:48:40
       Elapsed Time:  00:00:03



MUTHEN & MUTHEN
3463 Stoner Ave.
Los Angeles, CA  90066

Tel: (310) 391-9971
Fax: (310) 391-8971
Web: www.StatModel.com
Support: Support@StatModel.com

Copyright (c) 1998-2019 Muthen & Muthen
