Mplus VERSION 8.3
MUTHEN & MUTHEN
04/25/2024   8:04 AM

INPUT INSTRUCTIONS


  TITLE: Test with 10 reps

  DATA:
  File is
  G3_B2_N2_rep346.csv;

  VARIABLE:
      Names are x1 x2 eta
  	y1 y2 y3 y4 y5 y6 y7 y8 y9 y10;
      Usevariables are y1-y10 x1 x2;
      constraint = x1 x2;

  MODEL:
      f BY y1* (l1);
      f BY y2* (l2);
      f BY y3* (l3);
      f BY y4* (l4);
      f BY y5* (l5);
      f BY y6* (l6);
      f BY y7* (l7);
      f BY y8* (l8);
      f BY y9* (l9);
      f BY y10* (l10);

  y1 ON x1 x2;
  f@1;
  [f@0];

  MODEL CONSTRAINT:
      new (l1_0 l1_1 l1_2);
      l1 = l1_0 + l1_1*x1 + l1_2*x2;




INPUT READING TERMINATED NORMALLY



Test with 10 reps

SUMMARY OF ANALYSIS

Number of groups                                                 1
Number of observations                                         500

Number of dependent variables                                   10
Number of independent variables                                  2
Number of continuous latent variables                            1

Observed dependent variables

  Continuous
   Y1          Y2          Y3          Y4          Y5          Y6
   Y7          Y8          Y9          Y10

Observed independent variables
   X1          X2

Continuous latent variables
   F


Estimator                                                       ML
Information matrix                                        OBSERVED
Maximum number of iterations                                  1000
Convergence criterion                                    0.500D-04
Maximum number of steepest descent iterations                   20

Input data file(s)
  G3_B2_N2_rep346.csv

Input data format  FREE



UNIVARIATE SAMPLE STATISTICS


     UNIVARIATE HIGHER-ORDER MOMENT DESCRIPTIVE STATISTICS

         Variable/         Mean/     Skewness/   Minimum/ % with                Percentiles
        Sample Size      Variance    Kurtosis    Maximum  Min/Max      20%/60%    40%/80%    Median

     Y1                    1.826       0.498       1.000   32.20%       1.000      2.000      2.000
             500.000       0.468       0.159       4.000    1.40%       2.000      2.000
     Y2                    1.832       0.582       1.000   34.20%       1.000      2.000      2.000
             500.000       0.524       0.276       5.000    0.20%       2.000      2.000
     Y3                    3.090       0.094       1.000    0.40%       3.000      3.000      3.000
             500.000       0.514      -0.166       5.000    1.80%       3.000      4.000
     Y4                    3.132      -0.040       1.000    1.20%       3.000      3.000      3.000
             500.000       0.551       0.136       5.000    2.40%       3.000      4.000
     Y5                    3.138      -0.004       1.000    0.60%       3.000      3.000      3.000
             500.000       0.563      -0.305       5.000    2.20%       3.000      4.000
     Y6                    1.154       2.337       1.000   85.40%       1.000      1.000      1.000
             500.000       0.146       4.667       3.000    0.80%       1.000      1.000
     Y7                    1.172       2.487       1.000   84.00%       1.000      1.000      1.000
             500.000       0.170       6.934       4.000    0.20%       1.000      1.000
     Y8                    1.166       2.381       1.000   84.00%       1.000      1.000      1.000
             500.000       0.154       6.548       4.000    0.20%       1.000      1.000
     Y9                    1.828       0.680       1.000   34.20%       1.000      2.000      2.000
             500.000       0.530       0.575       5.000    0.20%       2.000      2.000
     Y10                   1.832       0.712       1.000   33.20%       1.000      2.000      2.000
             500.000       0.520       0.784       5.000    0.20%       2.000      2.000
     X1                   -0.024       0.018      -2.732    0.20%      -0.904     -0.260     -0.021
             500.000       1.035      -0.077       3.316    0.20%       0.212      0.789
     X2                    0.486       0.056       0.000   51.40%       0.000      0.000      0.000
             500.000       0.250      -1.997       1.000   48.60%       1.000      1.000


THE MODEL ESTIMATION TERMINATED NORMALLY



MODEL FIT INFORMATION

Number of Free Parameters                       34

Loglikelihood

          H0 Value                       -2946.429

Information Criteria

          Akaike (AIC)                    5960.859
          Bayesian (BIC)                  6104.155
          Sample-Size Adjusted BIC        5996.237
            (n* = (n + 2) / 24)



MODEL RESULTS

                                                    Two-Tailed
                    Estimate       S.E.  Est./S.E.    P-Value

 F        BY
    Y1               999.000      0.000    999.000    999.000
    Y2                 0.587      0.027     21.730      0.000
    Y3                 0.591      0.027     22.298      0.000
    Y4                 0.602      0.028     21.703      0.000
    Y5                 0.620      0.028     22.337      0.000
    Y6                 0.249      0.016     15.961      0.000
    Y7                 0.275      0.017     16.479      0.000
    Y8                 0.259      0.016     16.225      0.000
    Y9                 0.590      0.027     21.711      0.000
    Y10                0.597      0.027     22.432      0.000

 Y1       ON
    X1                -0.010      0.020     -0.521      0.602
    X2                -0.020      0.041     -0.483      0.629

 Means
    F                  0.000      0.000    999.000    999.000

 Intercepts
    Y1                 1.844      0.039     47.528      0.000
    Y2                 1.832      0.032     56.602      0.000
    Y3                 3.090      0.032     96.384      0.000
    Y4                 3.132      0.033     94.384      0.000
    Y5                 3.138      0.034     93.519      0.000
    Y6                 1.154      0.017     67.467      0.000
    Y7                 1.172      0.018     63.483      0.000
    Y8                 1.166      0.018     66.343      0.000
    Y9                 1.828      0.033     56.124      0.000
    Y10                1.832      0.032     56.820      0.000

 Variances
    F                  1.000      0.000    999.000    999.000

 Residual Variances
    Y1                 0.175      0.012     14.117      0.000
    Y2                 0.179      0.013     13.915      0.000
    Y3                 0.164      0.012     13.693      0.000
    Y4                 0.189      0.014     13.908      0.000
    Y5                 0.179      0.013     13.671      0.000
    Y6                 0.084      0.006     15.058      0.000
    Y7                 0.095      0.006     15.007      0.000
    Y8                 0.087      0.006     15.018      0.000
    Y9                 0.182      0.013     13.914      0.000
    Y10                0.163      0.012     13.658      0.000

New/Additional Parameters
    L1_0               0.588      0.037     15.902      0.000
    L1_1              -0.002      0.020     -0.116      0.907
    L1_2              -0.079      0.042     -1.872      0.061


QUALITY OF NUMERICAL RESULTS

     Condition Number for the Information Matrix              0.308E-04
       (ratio of smallest to largest eigenvalue)


     Beginning Time:  08:04:27
        Ending Time:  08:04:32
       Elapsed Time:  00:00:05



MUTHEN & MUTHEN
3463 Stoner Ave.
Los Angeles, CA  90066

Tel: (310) 391-9971
Fax: (310) 391-8971
Web: www.StatModel.com
Support: Support@StatModel.com

Copyright (c) 1998-2019 Muthen & Muthen
