Mplus VERSION 8.3
MUTHEN & MUTHEN
04/25/2024   8:07 AM

INPUT INSTRUCTIONS


  TITLE: Test with 10 reps

  DATA:
  File is
  G3_B2_N2_rep35.csv;

  VARIABLE:
      Names are x1 x2 eta
  	y1 y2 y3 y4 y5 y6 y7 y8 y9 y10;
      Usevariables are y1-y10 x1 x2;
      constraint = x1 x2;

  MODEL:
      f BY y1* (l1);
      f BY y2* (l2);
      f BY y3* (l3);
      f BY y4* (l4);
      f BY y5* (l5);
      f BY y6* (l6);
      f BY y7* (l7);
      f BY y8* (l8);
      f BY y9* (l9);
      f BY y10* (l10);

  y8 ON x1 x2;
  f@1;
  [f@0];

  MODEL CONSTRAINT:
      new (l8_0 l8_1 l8_2);
      l8 = l8_0 + l8_1*x1 + l8_2*x2;




INPUT READING TERMINATED NORMALLY



Test with 10 reps

SUMMARY OF ANALYSIS

Number of groups                                                 1
Number of observations                                         500

Number of dependent variables                                   10
Number of independent variables                                  2
Number of continuous latent variables                            1

Observed dependent variables

  Continuous
   Y1          Y2          Y3          Y4          Y5          Y6
   Y7          Y8          Y9          Y10

Observed independent variables
   X1          X2

Continuous latent variables
   F


Estimator                                                       ML
Information matrix                                        OBSERVED
Maximum number of iterations                                  1000
Convergence criterion                                    0.500D-04
Maximum number of steepest descent iterations                   20

Input data file(s)
  G3_B2_N2_rep35.csv

Input data format  FREE



UNIVARIATE SAMPLE STATISTICS


     UNIVARIATE HIGHER-ORDER MOMENT DESCRIPTIVE STATISTICS

         Variable/         Mean/     Skewness/   Minimum/ % with                Percentiles
        Sample Size      Variance    Kurtosis    Maximum  Min/Max      20%/60%    40%/80%    Median

     Y1                    1.856       0.847       1.000   33.00%       1.000      2.000      2.000
             500.000       0.579       0.929       5.000    0.20%       2.000      2.000
     Y2                    1.864       0.839       1.000   32.20%       1.000      2.000      2.000
             500.000       0.574       0.959       5.000    0.20%       2.000      2.000
     Y3                    3.156       0.004       1.000    0.80%       3.000      3.000      3.000
             500.000       0.604      -0.272       5.000    3.00%       3.000      4.000
     Y4                    3.160       0.093       1.000    0.40%       3.000      3.000      3.000
             500.000       0.546      -0.162       5.000    2.80%       3.000      4.000
     Y5                    3.160       0.094       1.000    0.80%       3.000      3.000      3.000
             500.000       0.566       0.063       5.000    3.40%       3.000      4.000
     Y6                    1.172       2.628       1.000   84.60%       1.000      1.000      1.000
             500.000       0.182       7.514       4.000    0.20%       1.000      1.000
     Y7                    1.190       2.407       1.000   83.80%       1.000      1.000      1.000
             500.000       0.210       5.155       3.000    2.80%       1.000      1.000
     Y8                    1.212       2.445       1.000   81.60%       1.000      1.000      1.000
             500.000       0.231       6.542       4.000    0.40%       1.000      1.000
     Y9                    1.856       1.003       1.000   32.60%       1.000      2.000      2.000
             500.000       0.583       1.857       5.000    0.80%       2.000      2.000
     Y10                   1.832       0.820       1.000   34.80%       1.000      2.000      2.000
             500.000       0.568       0.992       5.000    0.40%       2.000      2.000
     X1                    0.024      -0.011      -3.215    0.20%      -0.777     -0.184      0.028
             500.000       1.059       0.332       4.045    0.20%       0.251      0.888
     X2                    0.518      -0.072       0.000   48.20%       0.000      0.000      1.000
             500.000       0.250      -1.995       1.000   51.80%       1.000      1.000


THE MODEL ESTIMATION TERMINATED NORMALLY



MODEL FIT INFORMATION

Number of Free Parameters                       34

Loglikelihood

          H0 Value                       -3160.272

Information Criteria

          Akaike (AIC)                    6388.544
          Bayesian (BIC)                  6531.840
          Sample-Size Adjusted BIC        6423.922
            (n* = (n + 2) / 24)



MODEL RESULTS

                                                    Two-Tailed
                    Estimate       S.E.  Est./S.E.    P-Value

 F        BY
    Y1                 0.636      0.028     22.802      0.000
    Y2                 0.633      0.028     22.802      0.000
    Y3                 0.630      0.029     21.742      0.000
    Y4                 0.584      0.028     20.932      0.000
    Y5                 0.612      0.028     21.841      0.000
    Y6                 0.288      0.017     16.812      0.000
    Y7                 0.317      0.018     17.394      0.000
    Y8               999.000      0.000    999.000    999.000
    Y9                 0.637      0.028     22.750      0.000
    Y10                0.634      0.028     23.020      0.000

 Y8       ON
    X1                 0.001      0.015      0.080      0.936
    X2                -0.006      0.031     -0.190      0.849

 Means
    F                  0.000      0.000    999.000    999.000

 Intercepts
    Y1                 1.856      0.034     54.529      0.000
    Y2                 1.864      0.034     55.038      0.000
    Y3                 3.156      0.035     90.829      0.000
    Y4                 3.160      0.033     95.591      0.000
    Y5                 3.160      0.034     93.888      0.000
    Y6                 1.172      0.019     61.359      0.000
    Y7                 1.190      0.020     58.080      0.000
    Y8                 1.186      0.024     48.848      0.000
    Y9                 1.856      0.034     54.341      0.000
    Y10                1.832      0.034     54.365      0.000

 Variances
    F                  1.000      0.000    999.000    999.000

 Residual Variances
    Y1                 0.175      0.013     13.742      0.000
    Y2                 0.173      0.013     13.743      0.000
    Y3                 0.207      0.015     13.993      0.000
    Y4                 0.205      0.014     14.296      0.000
    Y5                 0.192      0.014     14.013      0.000
    Y6                 0.099      0.007     15.022      0.000
    Y7                 0.109      0.007     14.956      0.000
    Y8                 0.099      0.007     14.455      0.000
    Y9                 0.177      0.013     13.751      0.000
    Y10                0.166      0.012     13.653      0.000

New/Additional Parameters
    L8_0               0.256      0.025     10.175      0.000
    L8_1               0.049      0.015      3.165      0.002
    L8_2               0.152      0.032      4.725      0.000


QUALITY OF NUMERICAL RESULTS

     Condition Number for the Information Matrix              0.425E-04
       (ratio of smallest to largest eigenvalue)


     Beginning Time:  08:07:05
        Ending Time:  08:07:07
       Elapsed Time:  00:00:02



MUTHEN & MUTHEN
3463 Stoner Ave.
Los Angeles, CA  90066

Tel: (310) 391-9971
Fax: (310) 391-8971
Web: www.StatModel.com
Support: Support@StatModel.com

Copyright (c) 1998-2019 Muthen & Muthen
