Mplus VERSION 8.3
MUTHEN & MUTHEN
04/25/2024   8:28 AM

INPUT INSTRUCTIONS


  TITLE: Test with 10 reps

  DATA:
  File is
  G3_B2_N2_rep387.csv;

  VARIABLE:
      Names are x1 x2 eta
  	y1 y2 y3 y4 y5 y6 y7 y8 y9 y10;
      Usevariables are y1-y10 x1 x2;
      constraint = x1 x2;

  MODEL:
      f BY y1* (l1);
      f BY y2* (l2);
      f BY y3* (l3);
      f BY y4* (l4);
      f BY y5* (l5);
      f BY y6* (l6);
      f BY y7* (l7);
      f BY y8* (l8);
      f BY y9* (l9);
      f BY y10* (l10);

  y7 ON x1 x2;
  f@1;
  [f@0];

  MODEL CONSTRAINT:
      new (l7_0 l7_1 l7_2);
      l7 = l7_0 + l7_1*x1 + l7_2*x2;




INPUT READING TERMINATED NORMALLY



Test with 10 reps

SUMMARY OF ANALYSIS

Number of groups                                                 1
Number of observations                                         500

Number of dependent variables                                   10
Number of independent variables                                  2
Number of continuous latent variables                            1

Observed dependent variables

  Continuous
   Y1          Y2          Y3          Y4          Y5          Y6
   Y7          Y8          Y9          Y10

Observed independent variables
   X1          X2

Continuous latent variables
   F


Estimator                                                       ML
Information matrix                                        OBSERVED
Maximum number of iterations                                  1000
Convergence criterion                                    0.500D-04
Maximum number of steepest descent iterations                   20

Input data file(s)
  G3_B2_N2_rep387.csv

Input data format  FREE



UNIVARIATE SAMPLE STATISTICS


     UNIVARIATE HIGHER-ORDER MOMENT DESCRIPTIVE STATISTICS

         Variable/         Mean/     Skewness/   Minimum/ % with                Percentiles
        Sample Size      Variance    Kurtosis    Maximum  Min/Max      20%/60%    40%/80%    Median

     Y1                    1.880       0.823       1.000   32.60%       1.000      2.000      2.000
             500.000       0.606       0.887       5.000    0.40%       2.000      2.000
     Y2                    1.914       0.629       1.000   31.60%       1.000      2.000      2.000
             500.000       0.611       0.213       5.000    0.20%       2.000      2.000
     Y3                    3.164      -0.039       1.000    1.00%       3.000      3.000      3.000
             500.000       0.605      -0.199       5.000    3.00%       3.000      4.000
     Y4                    3.184      -0.085       1.000    0.80%       3.000      3.000      3.000
             500.000       0.534      -0.046       5.000    2.20%       3.000      4.000
     Y5                    3.206      -0.063       1.000    0.80%       3.000      3.000      3.000
             500.000       0.556      -0.057       5.000    2.80%       3.000      4.000
     Y6                    1.184       2.615       1.000   83.20%       1.000      1.000      1.000
             500.000       0.190       8.303       4.000    0.40%       1.000      1.000
     Y7                    1.190       2.460       1.000   82.20%       1.000      1.000      1.000
             500.000       0.186       7.607       4.000    0.40%       1.000      1.000
     Y8                    1.196       2.386       1.000   81.60%       1.000      1.000      1.000
             500.000       0.190       7.138       4.000    0.40%       1.000      1.000
     Y9                    1.874       0.602       1.000   31.20%       1.000      2.000      2.000
             500.000       0.530       0.460       5.000    0.20%       2.000      2.000
     Y10                   1.902       0.730       1.000   32.40%       1.000      2.000      2.000
             500.000       0.628       0.404       5.000    0.20%       2.000      2.000
     X1                    0.020      -0.230      -3.193    0.20%      -0.772     -0.155      0.096
             500.000       0.962       0.243       2.711    0.20%       0.297      0.778
     X2                    0.522      -0.088       0.000   47.80%       0.000      0.000      1.000
             500.000       0.250      -1.992       1.000   52.20%       1.000      1.000


THE MODEL ESTIMATION TERMINATED NORMALLY



MODEL FIT INFORMATION

Number of Free Parameters                       34

Loglikelihood

          H0 Value                       -3217.507

Information Criteria

          Akaike (AIC)                    6503.013
          Bayesian (BIC)                  6646.310
          Sample-Size Adjusted BIC        6538.392
            (n* = (n + 2) / 24)



MODEL RESULTS

                                                    Two-Tailed
                    Estimate       S.E.  Est./S.E.    P-Value

 F        BY
    Y1                 0.635      0.029     21.944      0.000
    Y2                 0.632      0.029     21.655      0.000
    Y3                 0.639      0.029     22.179      0.000
    Y4                 0.593      0.027     21.720      0.000
    Y5                 0.607      0.028     21.876      0.000
    Y6                 0.285      0.018     16.113      0.000
    Y7               999.000      0.000    999.000    999.000
    Y8                 0.298      0.017     17.078      0.000
    Y9                 0.594      0.027     21.931      0.000
    Y10                0.669      0.029     23.107      0.000

 Y7       ON
    X1                 0.005      0.015      0.308      0.758
    X2                -0.003      0.031     -0.097      0.923

 Means
    F                  0.000      0.000    999.000    999.000

 Intercepts
    Y1                 1.880      0.035     54.019      0.000
    Y2                 1.914      0.035     54.771      0.000
    Y3                 3.164      0.035     90.951      0.000
    Y4                 3.184      0.033     97.416      0.000
    Y5                 3.206      0.033     96.179      0.000
    Y6                 1.184      0.020     60.715      0.000
    Y7                 1.174      0.024     49.007      0.000
    Y8                 1.196      0.019     61.421      0.000
    Y9                 1.874      0.033     57.553      0.000
    Y10                1.902      0.035     53.651      0.000

 Variances
    F                  1.000      0.000    999.000    999.000

 Residual Variances
    Y1                 0.202      0.015     13.911      0.000
    Y2                 0.211      0.015     13.993      0.000
    Y3                 0.196      0.014     13.803      0.000
    Y4                 0.183      0.013     13.934      0.000
    Y5                 0.187      0.013     13.898      0.000
    Y6                 0.109      0.007     15.069      0.000
    Y7                 0.103      0.007     14.998      0.000
    Y8                 0.101      0.007     14.934      0.000
    Y9                 0.177      0.013     13.904      0.000
    Y10                0.181      0.013     13.426      0.000

New/Additional Parameters
    L7_0               0.215      0.026      8.246      0.000
    L7_1               0.030      0.016      1.887      0.059
    L7_2               0.102      0.032      3.153      0.002


QUALITY OF NUMERICAL RESULTS

     Condition Number for the Information Matrix              0.445E-04
       (ratio of smallest to largest eigenvalue)


     Beginning Time:  08:28:36
        Ending Time:  08:28:39
       Elapsed Time:  00:00:03



MUTHEN & MUTHEN
3463 Stoner Ave.
Los Angeles, CA  90066

Tel: (310) 391-9971
Fax: (310) 391-8971
Web: www.StatModel.com
Support: Support@StatModel.com

Copyright (c) 1998-2019 Muthen & Muthen
