Mplus VERSION 8.3
MUTHEN & MUTHEN
04/25/2024   7:54 AM

INPUT INSTRUCTIONS


  TITLE: Test with 10 reps

  DATA:
  File is
  G3_B2_N2_rep33.csv;

  VARIABLE:
      Names are x1 x2 eta
  	y1 y2 y3 y4 y5 y6 y7 y8 y9 y10;
      Usevariables are y1-y10 x1 x2;
      constraint = x1 x2;

  MODEL:
      f BY y1* (l1);
      f BY y2* (l2);
      f BY y3* (l3);
      f BY y4* (l4);
      f BY y5* (l5);
      f BY y6* (l6);
      f BY y7* (l7);
      f BY y8* (l8);
      f BY y9* (l9);
      f BY y10* (l10);

  y5 ON x1 x2;
  f@1;
  [f@0];

  MODEL CONSTRAINT:
      new (l5_0 l5_1 l5_2);
      l5 = l5_0 + l5_1*x1 + l5_2*x2;




INPUT READING TERMINATED NORMALLY



Test with 10 reps

SUMMARY OF ANALYSIS

Number of groups                                                 1
Number of observations                                         500

Number of dependent variables                                   10
Number of independent variables                                  2
Number of continuous latent variables                            1

Observed dependent variables

  Continuous
   Y1          Y2          Y3          Y4          Y5          Y6
   Y7          Y8          Y9          Y10

Observed independent variables
   X1          X2

Continuous latent variables
   F


Estimator                                                       ML
Information matrix                                        OBSERVED
Maximum number of iterations                                  1000
Convergence criterion                                    0.500D-04
Maximum number of steepest descent iterations                   20

Input data file(s)
  G3_B2_N2_rep33.csv

Input data format  FREE



UNIVARIATE SAMPLE STATISTICS


     UNIVARIATE HIGHER-ORDER MOMENT DESCRIPTIVE STATISTICS

         Variable/         Mean/     Skewness/   Minimum/ % with                Percentiles
        Sample Size      Variance    Kurtosis    Maximum  Min/Max      20%/60%    40%/80%    Median

     Y1                    1.870       0.635       1.000   33.20%       1.000      2.000      2.000
             500.000       0.573       0.297       5.000    0.20%       2.000      2.000
     Y2                    1.862       0.952       1.000   35.60%       1.000      2.000      2.000
             500.000       0.659       1.301       5.000    1.00%       2.000      2.000
     Y3                    3.164       0.003       1.000    0.60%       3.000      3.000      3.000
             500.000       0.541      -0.134       5.000    2.40%       3.000      4.000
     Y4                    3.174      -0.046       1.000    0.60%       3.000      3.000      3.000
             500.000       0.568      -0.308       5.000    2.40%       3.000      4.000
     Y5                    3.160       0.019       1.000    0.80%       3.000      3.000      3.000
             500.000       0.558      -0.035       5.000    2.80%       3.000      4.000
     Y6                    1.176       2.485       1.000   83.80%       1.000      1.000      1.000
             500.000       0.177       6.823       4.000    0.20%       1.000      1.000
     Y7                    1.204       2.512       1.000   82.20%       1.000      1.000      1.000
             500.000       0.222       7.025       4.000    0.40%       1.000      1.000
     Y8                    1.184       3.049       1.000   82.80%       1.000      1.000      1.000
             500.000       0.190      14.872       5.000    0.20%       1.000      1.000
     Y9                    1.894       0.665       1.000   32.80%       1.000      2.000      2.000
             500.000       0.611       0.269       5.000    0.20%       2.000      2.000
     Y10                   1.864       0.603       1.000   33.00%       1.000      2.000      2.000
             500.000       0.554       0.281       5.000    0.20%       2.000      2.000
     X1                    0.012      -0.234      -2.744    0.20%      -0.840     -0.180      0.008
             500.000       0.953      -0.204       2.420    0.20%       0.266      0.869
     X2                    0.524      -0.096       0.000   47.60%       0.000      0.000      1.000
             500.000       0.249      -1.991       1.000   52.40%       1.000      1.000


THE MODEL ESTIMATION TERMINATED NORMALLY



MODEL FIT INFORMATION

Number of Free Parameters                       34

Loglikelihood

          H0 Value                       -3232.175

Information Criteria

          Akaike (AIC)                    6532.351
          Bayesian (BIC)                  6675.648
          Sample-Size Adjusted BIC        6567.730
            (n* = (n + 2) / 24)



MODEL RESULTS

                                                    Two-Tailed
                    Estimate       S.E.  Est./S.E.    P-Value

 F        BY
    Y1                 0.634      0.028     22.831      0.000
    Y2                 0.676      0.030     22.648      0.000
    Y3                 0.581      0.028     20.903      0.000
    Y4                 0.618      0.028     22.125      0.000
    Y5               999.000      0.000    999.000    999.000
    Y6                 0.279      0.017     16.401      0.000
    Y7                 0.334      0.019     17.887      0.000
    Y8                 0.297      0.018     16.980      0.000
    Y9                 0.645      0.029     22.304      0.000
    Y10                0.594      0.028     21.241      0.000

 Y5       ON
    X1                 0.022      0.022      0.988      0.323
    X2                -0.021      0.043     -0.487      0.626

 Means
    F                  0.000      0.000    999.000    999.000

 Intercepts
    Y1                 1.870      0.034     55.235      0.000
    Y2                 1.862      0.036     51.290      0.000
    Y3                 3.164      0.033     96.179      0.000
    Y4                 3.174      0.034     94.194      0.000
    Y5                 3.185      0.042     75.749      0.000
    Y6                 1.176      0.019     62.499      0.000
    Y7                 1.204      0.021     57.090      0.000
    Y8                 1.184      0.020     60.715      0.000
    Y9                 1.894      0.035     54.191      0.000
    Y10                1.864      0.033     56.024      0.000

 Variances
    F                  1.000      0.000    999.000    999.000

 Residual Variances
    Y1                 0.171      0.013     13.591      0.000
    Y2                 0.202      0.015     13.653      0.000
    Y3                 0.203      0.014     14.208      0.000
    Y4                 0.185      0.013     13.816      0.000
    Y5                 0.191      0.014     13.901      0.000
    Y6                 0.099      0.007     15.015      0.000
    Y7                 0.111      0.007     14.795      0.000
    Y8                 0.102      0.007     14.917      0.000
    Y9                 0.195      0.014     13.789      0.000
    Y10                0.200      0.014     14.137      0.000

New/Additional Parameters
    L5_0               0.632      0.041     15.542      0.000
    L5_1              -0.049      0.022     -2.259      0.024
    L5_2              -0.033      0.045     -0.730      0.466


QUALITY OF NUMERICAL RESULTS

     Condition Number for the Information Matrix              0.425E-04
       (ratio of smallest to largest eigenvalue)


     Beginning Time:  07:54:54
        Ending Time:  07:54:57
       Elapsed Time:  00:00:03



MUTHEN & MUTHEN
3463 Stoner Ave.
Los Angeles, CA  90066

Tel: (310) 391-9971
Fax: (310) 391-8971
Web: www.StatModel.com
Support: Support@StatModel.com

Copyright (c) 1998-2019 Muthen & Muthen
