Mplus VERSION 8.3
MUTHEN & MUTHEN
04/25/2024   7:48 AM

INPUT INSTRUCTIONS


  TITLE: Test with 10 reps

  DATA:
  File is
  G3_B2_N2_rep319.csv;

  VARIABLE:
      Names are x1 x2 eta
  	y1 y2 y3 y4 y5 y6 y7 y8 y9 y10;
      Usevariables are y1-y10 x1 x2;
      constraint = x1 x2;

  MODEL:
      f BY y1* (l1);
      f BY y2* (l2);
      f BY y3* (l3);
      f BY y4* (l4);
      f BY y5* (l5);
      f BY y6* (l6);
      f BY y7* (l7);
      f BY y8* (l8);
      f BY y9* (l9);
      f BY y10* (l10);

  y5 ON x1 x2;
  f@1;
  [f@0];

  MODEL CONSTRAINT:
      new (l5_0 l5_1 l5_2);
      l5 = l5_0 + l5_1*x1 + l5_2*x2;




INPUT READING TERMINATED NORMALLY



Test with 10 reps

SUMMARY OF ANALYSIS

Number of groups                                                 1
Number of observations                                         500

Number of dependent variables                                   10
Number of independent variables                                  2
Number of continuous latent variables                            1

Observed dependent variables

  Continuous
   Y1          Y2          Y3          Y4          Y5          Y6
   Y7          Y8          Y9          Y10

Observed independent variables
   X1          X2

Continuous latent variables
   F


Estimator                                                       ML
Information matrix                                        OBSERVED
Maximum number of iterations                                  1000
Convergence criterion                                    0.500D-04
Maximum number of steepest descent iterations                   20

Input data file(s)
  G3_B2_N2_rep319.csv

Input data format  FREE



UNIVARIATE SAMPLE STATISTICS


     UNIVARIATE HIGHER-ORDER MOMENT DESCRIPTIVE STATISTICS

         Variable/         Mean/     Skewness/   Minimum/ % with                Percentiles
        Sample Size      Variance    Kurtosis    Maximum  Min/Max      20%/60%    40%/80%    Median

     Y1                    1.864       1.020       1.000   34.20%       1.000      2.000      2.000
             500.000       0.642       1.631       5.000    1.00%       2.000      2.000
     Y2                    1.848       0.985       1.000   34.00%       1.000      2.000      2.000
             500.000       0.605       1.486       5.000    0.60%       2.000      2.000
     Y3                    3.094      -0.167       1.000    2.20%       2.000      3.000      3.000
             500.000       0.617       0.023       5.000    2.20%       3.000      4.000
     Y4                    3.116      -0.049       1.000    2.00%       3.000      3.000      3.000
             500.000       0.643       0.061       5.000    3.40%       3.000      4.000
     Y5                    3.090      -0.119       1.000    2.40%       2.000      3.000      3.000
             500.000       0.650       0.013       5.000    2.80%       3.000      4.000
     Y6                    1.202       2.797       1.000   82.40%       1.000      1.000      1.000
             500.000       0.229       9.569       4.000    0.80%       1.000      1.000
     Y7                    1.198       2.736       1.000   83.00%       1.000      1.000      1.000
             500.000       0.227       8.686       4.000    0.60%       1.000      1.000
     Y8                    1.182       2.762       1.000   84.20%       1.000      1.000      1.000
             500.000       0.205       8.668       4.000    0.40%       1.000      1.000
     Y9                    1.872       0.840       1.000   33.80%       1.000      2.000      2.000
             500.000       0.624       0.822       5.000    0.40%       2.000      2.000
     Y10                   1.832       0.851       1.000   36.60%       1.000      2.000      2.000
             500.000       0.616       0.796       5.000    0.40%       2.000      2.000
     X1                   -0.059      -0.063      -3.317    0.20%      -0.856     -0.293     -0.033
             500.000       0.914      -0.157       2.497    0.20%       0.161      0.766
     X2                    0.466       0.136       0.000   53.40%       0.000      0.000      0.000
             500.000       0.249      -1.981       1.000   46.60%       1.000      1.000


THE MODEL ESTIMATION TERMINATED NORMALLY



MODEL FIT INFORMATION

Number of Free Parameters                       34

Loglikelihood

          H0 Value                       -3344.218

Information Criteria

          Akaike (AIC)                    6756.436
          Bayesian (BIC)                  6899.732
          Sample-Size Adjusted BIC        6791.814
            (n* = (n + 2) / 24)



MODEL RESULTS

                                                    Two-Tailed
                    Estimate       S.E.  Est./S.E.    P-Value

 F        BY
    Y1                 0.693      0.029     24.085      0.000
    Y2                 0.660      0.028     23.386      0.000
    Y3                 0.620      0.030     20.896      0.000
    Y4                 0.643      0.030     21.426      0.000
    Y5               999.000      0.000    999.000    999.000
    Y6                 0.341      0.019     18.041      0.000
    Y7                 0.346      0.019     18.526      0.000
    Y8                 0.308      0.018     17.008      0.000
    Y9                 0.662      0.029     22.916      0.000
    Y10                0.655      0.029     22.778      0.000

 Y5       ON
    X1                 0.042      0.025      1.719      0.086
    X2                 0.003      0.047      0.066      0.947

 Means
    F                  0.000      0.000    999.000    999.000

 Intercepts
    Y1                 1.864      0.036     52.039      0.000
    Y2                 1.848      0.035     53.131      0.000
    Y3                 3.094      0.035     88.065      0.000
    Y4                 3.116      0.036     86.922      0.000
    Y5                 3.119      0.045     69.565      0.000
    Y6                 1.202      0.021     56.142      0.000
    Y7                 1.198      0.021     56.250      0.000
    Y8                 1.182      0.020     58.392      0.000
    Y9                 1.872      0.035     53.007      0.000
    Y10                1.832      0.035     52.204      0.000

 Variances
    F                  1.000      0.000    999.000    999.000

 Residual Variances
    Y1                 0.162      0.012     13.235      0.000
    Y2                 0.169      0.012     13.572      0.000
    Y3                 0.233      0.016     14.336      0.000
    Y4                 0.229      0.016     14.214      0.000
    Y5                 0.233      0.016     14.140      0.000
    Y6                 0.113      0.008     14.860      0.000
    Y7                 0.107      0.007     14.776      0.000
    Y8                 0.110      0.007     15.018      0.000
    Y9                 0.186      0.013     13.765      0.000
    Y10                0.186      0.014     13.810      0.000

New/Additional Parameters
    L5_0               0.715      0.043     16.801      0.000
    L5_1              -0.065      0.024     -2.693      0.007
    L5_2              -0.144      0.049     -2.951      0.003


QUALITY OF NUMERICAL RESULTS

     Condition Number for the Information Matrix              0.505E-04
       (ratio of smallest to largest eigenvalue)


     Beginning Time:  07:48:09
        Ending Time:  07:48:12
       Elapsed Time:  00:00:03



MUTHEN & MUTHEN
3463 Stoner Ave.
Los Angeles, CA  90066

Tel: (310) 391-9971
Fax: (310) 391-8971
Web: www.StatModel.com
Support: Support@StatModel.com

Copyright (c) 1998-2019 Muthen & Muthen
