Mplus VERSION 8.3
MUTHEN & MUTHEN
04/25/2024   8:26 AM

INPUT INSTRUCTIONS


  TITLE: Test with 10 reps

  DATA:
  File is
  G3_B2_N2_rep383.csv;

  VARIABLE:
      Names are x1 x2 eta
  	y1 y2 y3 y4 y5 y6 y7 y8 y9 y10;
      Usevariables are y1-y10 x1 x2;
      constraint = x1 x2;

  MODEL:
      f BY y1* (l1);
      f BY y2* (l2);
      f BY y3* (l3);
      f BY y4* (l4);
      f BY y5* (l5);
      f BY y6* (l6);
      f BY y7* (l7);
      f BY y8* (l8);
      f BY y9* (l9);
      f BY y10* (l10);

  y6 ON x1 x2;
  f@1;
  [f@0];

  MODEL CONSTRAINT:
      new (l6_0 l6_1 l6_2);
      l6 = l6_0 + l6_1*x1 + l6_2*x2;




INPUT READING TERMINATED NORMALLY



Test with 10 reps

SUMMARY OF ANALYSIS

Number of groups                                                 1
Number of observations                                         500

Number of dependent variables                                   10
Number of independent variables                                  2
Number of continuous latent variables                            1

Observed dependent variables

  Continuous
   Y1          Y2          Y3          Y4          Y5          Y6
   Y7          Y8          Y9          Y10

Observed independent variables
   X1          X2

Continuous latent variables
   F


Estimator                                                       ML
Information matrix                                        OBSERVED
Maximum number of iterations                                  1000
Convergence criterion                                    0.500D-04
Maximum number of steepest descent iterations                   20

Input data file(s)
  G3_B2_N2_rep383.csv

Input data format  FREE



UNIVARIATE SAMPLE STATISTICS


     UNIVARIATE HIGHER-ORDER MOMENT DESCRIPTIVE STATISTICS

         Variable/         Mean/     Skewness/   Minimum/ % with                Percentiles
        Sample Size      Variance    Kurtosis    Maximum  Min/Max      20%/60%    40%/80%    Median

     Y1                    1.882       0.920       1.000   30.60%       1.000      2.000      2.000
             500.000       0.572       1.565       5.000    0.60%       2.000      2.000
     Y2                    1.888       0.789       1.000   31.20%       1.000      2.000      2.000
             500.000       0.579       0.956       5.000    0.40%       2.000      2.000
     Y3                    3.152      -0.019       1.000    0.80%       3.000      3.000      3.000
             500.000       0.553      -0.097       5.000    2.40%       3.000      4.000
     Y4                    3.188      -0.073       1.000    1.00%       3.000      3.000      3.000
             500.000       0.569      -0.026       5.000    2.80%       3.000      4.000
     Y5                    3.170       0.077       1.000    0.60%       3.000      3.000      3.000
             500.000       0.525       0.083       5.000    2.80%       3.000      4.000
     Y6                    1.180       2.479       1.000   83.60%       1.000      1.000      1.000
             500.000       0.184       6.696       4.000    0.20%       1.000      1.000
     Y7                    1.168       2.159       1.000   84.00%       1.000      1.000      1.000
             500.000       0.156       3.743       3.000    0.80%       1.000      1.000
     Y8                    1.190       2.161       1.000   82.60%       1.000      1.000      1.000
             500.000       0.186       3.968       3.000    1.60%       1.000      1.000
     Y9                    1.886       0.652       1.000   32.40%       1.000      2.000      2.000
             500.000       0.585       0.334       5.000    0.20%       2.000      2.000
     Y10                   1.878       0.743       1.000   31.40%       1.000      2.000      2.000
             500.000       0.563       0.736       5.000    0.20%       2.000      2.000
     X1                   -0.004       0.094      -2.833    0.20%      -0.824     -0.230     -0.039
             500.000       0.974       0.106       3.282    0.20%       0.234      0.836
     X2                    0.490       0.040       0.000   51.00%       0.000      0.000      0.000
             500.000       0.250      -1.998       1.000   49.00%       1.000      1.000


THE MODEL ESTIMATION TERMINATED NORMALLY



MODEL FIT INFORMATION

Number of Free Parameters                       34

Loglikelihood

          H0 Value                       -3058.044

Information Criteria

          Akaike (AIC)                    6184.088
          Bayesian (BIC)                  6327.384
          Sample-Size Adjusted BIC        6219.466
            (n* = (n + 2) / 24)



MODEL RESULTS

                                                    Two-Tailed
                    Estimate       S.E.  Est./S.E.    P-Value

 F        BY
    Y1                 0.620      0.028     22.108      0.000
    Y2                 0.648      0.028     23.441      0.000
    Y3                 0.599      0.028     21.533      0.000
    Y4                 0.600      0.028     21.131      0.000
    Y5                 0.580      0.027     21.323      0.000
    Y6               999.000      0.000    999.000    999.000
    Y7                 0.263      0.016     16.508      0.000
    Y8                 0.300      0.017     17.482      0.000
    Y9                 0.642      0.028     22.956      0.000
    Y10                0.618      0.028     22.273      0.000

 Y6       ON
    X1                 0.011      0.015      0.749      0.454
    X2                -0.013      0.029     -0.468      0.640

 Means
    F                  0.000      0.000    999.000    999.000

 Intercepts
    Y1                 1.882      0.034     55.639      0.000
    Y2                 1.888      0.034     55.460      0.000
    Y3                 3.152      0.033     94.787      0.000
    Y4                 3.188      0.034     94.532      0.000
    Y5                 3.170      0.032     97.819      0.000
    Y6                 1.165      0.022     52.188      0.000
    Y7                 1.168      0.018     66.173      0.000
    Y8                 1.190      0.019     61.715      0.000
    Y9                 1.886      0.034     55.138      0.000
    Y10                1.878      0.034     55.960      0.000

 Variances
    F                  1.000      0.000    999.000    999.000

 Residual Variances
    Y1                 0.188      0.013     13.898      0.000
    Y2                 0.160      0.012     13.361      0.000
    Y3                 0.194      0.014     14.085      0.000
    Y4                 0.209      0.015     14.189      0.000
    Y5                 0.189      0.013     14.148      0.000
    Y6                 0.090      0.006     14.770      0.000
    Y7                 0.087      0.006     15.050      0.000
    Y8                 0.096      0.006     14.921      0.000
    Y9                 0.172      0.013     13.588      0.000
    Y10                0.181      0.013     13.844      0.000

New/Additional Parameters
    L6_0               0.233      0.022     10.372      0.000
    L6_1               0.058      0.016      3.694      0.000
    L6_2               0.097      0.029      3.312      0.001


QUALITY OF NUMERICAL RESULTS

     Condition Number for the Information Matrix              0.327E-04
       (ratio of smallest to largest eigenvalue)


     Beginning Time:  08:26:18
        Ending Time:  08:26:21
       Elapsed Time:  00:00:03



MUTHEN & MUTHEN
3463 Stoner Ave.
Los Angeles, CA  90066

Tel: (310) 391-9971
Fax: (310) 391-8971
Web: www.StatModel.com
Support: Support@StatModel.com

Copyright (c) 1998-2019 Muthen & Muthen
