Mplus VERSION 8.3
MUTHEN & MUTHEN
04/25/2024   9:03 AM

INPUT INSTRUCTIONS


  TITLE: Test with 10 reps

  DATA:
  File is
  G3_B2_N2_rep443.csv;

  VARIABLE:
      Names are x1 x2 eta
  	y1 y2 y3 y4 y5 y6 y7 y8 y9 y10;
      Usevariables are y1-y10 x1 x2;
      constraint = x1 x2;

  MODEL:
      f BY y1* (l1);
      f BY y2* (l2);
      f BY y3* (l3);
      f BY y4* (l4);
      f BY y5* (l5);
      f BY y6* (l6);
      f BY y7* (l7);
      f BY y8* (l8);
      f BY y9* (l9);
      f BY y10* (l10);

  y2 ON x1 x2;
  f@1;
  [f@0];

  MODEL CONSTRAINT:
      new (l2_0 l2_1 l2_2);
      l2 = l2_0 + l2_1*x1 + l2_2*x2;




INPUT READING TERMINATED NORMALLY



Test with 10 reps

SUMMARY OF ANALYSIS

Number of groups                                                 1
Number of observations                                         500

Number of dependent variables                                   10
Number of independent variables                                  2
Number of continuous latent variables                            1

Observed dependent variables

  Continuous
   Y1          Y2          Y3          Y4          Y5          Y6
   Y7          Y8          Y9          Y10

Observed independent variables
   X1          X2

Continuous latent variables
   F


Estimator                                                       ML
Information matrix                                        OBSERVED
Maximum number of iterations                                  1000
Convergence criterion                                    0.500D-04
Maximum number of steepest descent iterations                   20

Input data file(s)
  G3_B2_N2_rep443.csv

Input data format  FREE



UNIVARIATE SAMPLE STATISTICS


     UNIVARIATE HIGHER-ORDER MOMENT DESCRIPTIVE STATISTICS

         Variable/         Mean/     Skewness/   Minimum/ % with                Percentiles
        Sample Size      Variance    Kurtosis    Maximum  Min/Max      20%/60%    40%/80%    Median

     Y1                    1.896       0.805       1.000   31.40%       1.000      2.000      2.000
             500.000       0.597       1.048       5.000    0.60%       2.000      2.000
     Y2                    1.910       0.736       1.000   29.80%       1.000      2.000      2.000
             500.000       0.570       1.040       5.000    0.60%       2.000      2.000
     Y3                    3.164       0.058       1.000    0.40%       3.000      3.000      3.000
             500.000       0.545      -0.214       5.000    2.60%       3.000      4.000
     Y4                    3.180       0.121       1.000    0.40%       3.000      3.000      3.000
             500.000       0.544      -0.068       5.000    3.20%       3.000      4.000
     Y5                    3.144      -0.007       1.000    0.80%       3.000      3.000      3.000
             500.000       0.583      -0.235       5.000    2.60%       3.000      4.000
     Y6                    1.202       2.296       1.000   81.80%       1.000      1.000      1.000
             500.000       0.205       5.494       4.000    0.20%       1.000      1.000
     Y7                    1.196       2.961       1.000   82.60%       1.000      1.000      1.000
             500.000       0.218      12.562       5.000    0.20%       1.000      1.000
     Y8                    1.176       2.869       1.000   85.00%       1.000      1.000      1.000
             500.000       0.205       9.215       4.000    0.40%       1.000      1.000
     Y9                    1.870       0.734       1.000   33.20%       1.000      2.000      2.000
             500.000       0.585       0.696       5.000    0.40%       2.000      2.000
     Y10                   1.892       1.007       1.000   31.80%       1.000      2.000      2.000
             500.000       0.632       1.687       5.000    1.00%       2.000      2.000
     X1                    0.048       0.027      -2.546    0.20%      -0.790     -0.228      0.066
             500.000       0.975      -0.215       2.777    0.20%       0.348      0.819
     X2                    0.500       0.000       0.000   50.00%       0.000      0.000      0.500
             500.000       0.250      -2.000       1.000   50.00%       1.000      1.000


THE MODEL ESTIMATION TERMINATED NORMALLY



MODEL FIT INFORMATION

Number of Free Parameters                       34

Loglikelihood

          H0 Value                       -3189.540

Information Criteria

          Akaike (AIC)                    6447.079
          Bayesian (BIC)                  6590.376
          Sample-Size Adjusted BIC        6482.458
            (n* = (n + 2) / 24)



MODEL RESULTS

                                                    Two-Tailed
                    Estimate       S.E.  Est./S.E.    P-Value

 F        BY
    Y1                 0.629      0.029     21.873      0.000
    Y2               999.000      0.000    999.000    999.000
    Y3                 0.595      0.028     21.550      0.000
    Y4                 0.604      0.027     22.084      0.000
    Y5                 0.605      0.029     20.998      0.000
    Y6                 0.322      0.018     18.011      0.000
    Y7                 0.322      0.019     17.279      0.000
    Y8                 0.307      0.018     16.862      0.000
    Y9                 0.658      0.028     23.891      0.000
    Y10                0.670      0.029     23.114      0.000

 Y2       ON
    X1                -0.024      0.021     -1.185      0.236
    X2                -0.019      0.039     -0.490      0.624

 Means
    F                  0.000      0.000    999.000    999.000

 Intercepts
    Y1                 1.896      0.035     54.862      0.000
    Y2                 1.910      0.039     49.544      0.000
    Y3                 3.164      0.033     95.826      0.000
    Y4                 3.180      0.033     96.443      0.000
    Y5                 3.144      0.034     92.052      0.000
    Y6                 1.202      0.020     59.334      0.000
    Y7                 1.196      0.021     57.333      0.000
    Y8                 1.176      0.020     58.075      0.000
    Y9                 1.870      0.034     54.665      0.000
    Y10                1.892      0.036     53.203      0.000

 Variances
    F                  1.000      0.000    999.000    999.000

 Residual Variances
    Y1                 0.202      0.014     14.087      0.000
    Y2                 0.160      0.012     13.536      0.000
    Y3                 0.191      0.014     14.129      0.000
    Y4                 0.179      0.013     13.971      0.000
    Y5                 0.217      0.015     14.289      0.000
    Y6                 0.101      0.007     14.863      0.000
    Y7                 0.114      0.008     14.959      0.000
    Y8                 0.111      0.007     14.990      0.000
    Y9                 0.152      0.011     13.300      0.000
    Y10                0.183      0.013     13.611      0.000

New/Additional Parameters
    L2_0               0.614      0.035     17.383      0.000
    L2_1               0.027      0.018      1.476      0.140
    L2_2               0.045      0.040      1.127      0.260


QUALITY OF NUMERICAL RESULTS

     Condition Number for the Information Matrix              0.456E-04
       (ratio of smallest to largest eigenvalue)


     Beginning Time:  09:03:55
        Ending Time:  09:03:59
       Elapsed Time:  00:00:04



MUTHEN & MUTHEN
3463 Stoner Ave.
Los Angeles, CA  90066

Tel: (310) 391-9971
Fax: (310) 391-8971
Web: www.StatModel.com
Support: Support@StatModel.com

Copyright (c) 1998-2019 Muthen & Muthen
