Mplus VERSION 8.3
MUTHEN & MUTHEN
04/25/2024   9:03 AM

INPUT INSTRUCTIONS


  TITLE: Test with 10 reps

  DATA:
  File is
  G3_B2_N2_rep442.csv;

  VARIABLE:
      Names are x1 x2 eta
  	y1 y2 y3 y4 y5 y6 y7 y8 y9 y10;
      Usevariables are y1-y10 x1 x2;
      constraint = x1 x2;

  MODEL:
      f BY y1* (l1);
      f BY y2* (l2);
      f BY y3* (l3);
      f BY y4* (l4);
      f BY y5* (l5);
      f BY y6* (l6);
      f BY y7* (l7);
      f BY y8* (l8);
      f BY y9* (l9);
      f BY y10* (l10);

  y5 ON x1 x2;
  f@1;
  [f@0];

  MODEL CONSTRAINT:
      new (l5_0 l5_1 l5_2);
      l5 = l5_0 + l5_1*x1 + l5_2*x2;




INPUT READING TERMINATED NORMALLY



Test with 10 reps

SUMMARY OF ANALYSIS

Number of groups                                                 1
Number of observations                                         500

Number of dependent variables                                   10
Number of independent variables                                  2
Number of continuous latent variables                            1

Observed dependent variables

  Continuous
   Y1          Y2          Y3          Y4          Y5          Y6
   Y7          Y8          Y9          Y10

Observed independent variables
   X1          X2

Continuous latent variables
   F


Estimator                                                       ML
Information matrix                                        OBSERVED
Maximum number of iterations                                  1000
Convergence criterion                                    0.500D-04
Maximum number of steepest descent iterations                   20

Input data file(s)
  G3_B2_N2_rep442.csv

Input data format  FREE



UNIVARIATE SAMPLE STATISTICS


     UNIVARIATE HIGHER-ORDER MOMENT DESCRIPTIVE STATISTICS

         Variable/         Mean/     Skewness/   Minimum/ % with                Percentiles
        Sample Size      Variance    Kurtosis    Maximum  Min/Max      20%/60%    40%/80%    Median

     Y1                    1.880       0.765       1.000   31.40%       1.000      2.000      2.000
             500.000       0.566       0.948       5.000    0.40%       2.000      2.000
     Y2                    1.822       0.611       1.000   33.00%       1.000      2.000      2.000
             500.000       0.486       0.637       5.000    0.20%       2.000      2.000
     Y3                    3.158      -0.021       1.000    0.80%       3.000      3.000      3.000
             500.000       0.545      -0.048       5.000    2.40%       3.000      4.000
     Y4                    3.154       0.145       1.000    0.60%       3.000      3.000      3.000
             500.000       0.558       0.031       5.000    3.40%       3.000      4.000
     Y5                    3.130      -0.076       1.000    1.00%       3.000      3.000      3.000
             500.000       0.525       0.045       5.000    1.80%       3.000      4.000
     Y6                    1.180       2.374       1.000   84.00%       1.000      1.000      1.000
             500.000       0.188       5.059       3.000    2.00%       1.000      1.000
     Y7                    1.152       2.783       1.000   86.00%       1.000      1.000      1.000
             500.000       0.157       8.885       4.000    0.20%       1.000      1.000
     Y8                    1.172       2.993       1.000   84.60%       1.000      1.000      1.000
             500.000       0.190      11.293       4.000    0.60%       1.000      1.000
     Y9                    1.878       0.732       1.000   31.00%       1.000      2.000      2.000
             500.000       0.547       0.960       5.000    0.40%       2.000      2.000
     Y10                   1.850       0.606       1.000   33.20%       1.000      2.000      2.000
             500.000       0.539       0.163       4.000    2.40%       2.000      2.000
     X1                   -0.062       0.102      -2.804    0.20%      -0.839     -0.353     -0.081
             500.000       0.915      -0.002       3.279    0.20%       0.169      0.708
     X2                    0.484       0.064       0.000   51.60%       0.000      0.000      0.000
             500.000       0.250      -1.996       1.000   48.40%       1.000      1.000


THE MODEL ESTIMATION TERMINATED NORMALLY



MODEL FIT INFORMATION

Number of Free Parameters                       34

Loglikelihood

          H0 Value                       -3058.476

Information Criteria

          Akaike (AIC)                    6184.953
          Bayesian (BIC)                  6328.249
          Sample-Size Adjusted BIC        6220.331
            (n* = (n + 2) / 24)



MODEL RESULTS

                                                    Two-Tailed
                    Estimate       S.E.  Est./S.E.    P-Value

 F        BY
    Y1                 0.638      0.027     23.323      0.000
    Y2                 0.558      0.026     21.284      0.000
    Y3                 0.598      0.028     21.684      0.000
    Y4                 0.613      0.028     22.094      0.000
    Y5               999.000      0.000    999.000    999.000
    Y6                 0.298      0.017     17.170      0.000
    Y7                 0.267      0.016     16.735      0.000
    Y8                 0.293      0.018     16.668      0.000
    Y9                 0.598      0.028     21.630      0.000
    Y10                0.596      0.027     21.752      0.000

 Y5       ON
    X1                 0.042      0.022      1.878      0.060
    X2                 0.090      0.042      2.121      0.034

 Means
    F                  0.000      0.000    999.000    999.000

 Intercepts
    Y1                 1.880      0.034     55.897      0.000
    Y2                 1.822      0.031     58.422      0.000
    Y3                 3.158      0.033     95.650      0.000
    Y4                 3.154      0.033     94.389      0.000
    Y5                 3.103      0.040     78.259      0.000
    Y6                 1.180      0.019     60.919      0.000
    Y7                 1.152      0.018     65.033      0.000
    Y8                 1.172      0.020     60.057      0.000
    Y9                 1.878      0.033     56.773      0.000
    Y10                1.850      0.033     56.320      0.000

 Variances
    F                  1.000      0.000    999.000    999.000

 Residual Variances
    Y1                 0.158      0.012     13.255      0.000
    Y2                 0.175      0.012     14.065      0.000
    Y3                 0.187      0.013     13.927      0.000
    Y4                 0.183      0.013     13.783      0.000
    Y5                 0.192      0.014     14.161      0.000
    Y6                 0.099      0.007     14.880      0.000
    Y7                 0.086      0.006     14.950      0.000
    Y8                 0.104      0.007     14.962      0.000
    Y9                 0.189      0.014     13.958      0.000
    Y10                0.184      0.013     13.906      0.000

New/Additional Parameters
    L5_0               0.600      0.037     16.297      0.000
    L5_1              -0.046      0.023     -1.952      0.051
    L5_2              -0.081      0.044     -1.822      0.068


QUALITY OF NUMERICAL RESULTS

     Condition Number for the Information Matrix              0.322E-04
       (ratio of smallest to largest eigenvalue)


     Beginning Time:  09:03:30
        Ending Time:  09:03:33
       Elapsed Time:  00:00:03



MUTHEN & MUTHEN
3463 Stoner Ave.
Los Angeles, CA  90066

Tel: (310) 391-9971
Fax: (310) 391-8971
Web: www.StatModel.com
Support: Support@StatModel.com

Copyright (c) 1998-2019 Muthen & Muthen
