Mplus VERSION 8.3
MUTHEN & MUTHEN
04/25/2024   8:58 AM

INPUT INSTRUCTIONS


  TITLE: Test with 10 reps

  DATA:
  File is
  G3_B2_N2_rep434.csv;

  VARIABLE:
      Names are x1 x2 eta
  	y1 y2 y3 y4 y5 y6 y7 y8 y9 y10;
      Usevariables are y1-y10 x1 x2;
      constraint = x1 x2;

  MODEL:
      f BY y1* (l1);
      f BY y2* (l2);
      f BY y3* (l3);
      f BY y4* (l4);
      f BY y5* (l5);
      f BY y6* (l6);
      f BY y7* (l7);
      f BY y8* (l8);
      f BY y9* (l9);
      f BY y10* (l10);

  y8 ON x1 x2;
  f@1;
  [f@0];

  MODEL CONSTRAINT:
      new (l8_0 l8_1 l8_2);
      l8 = l8_0 + l8_1*x1 + l8_2*x2;




INPUT READING TERMINATED NORMALLY



Test with 10 reps

SUMMARY OF ANALYSIS

Number of groups                                                 1
Number of observations                                         500

Number of dependent variables                                   10
Number of independent variables                                  2
Number of continuous latent variables                            1

Observed dependent variables

  Continuous
   Y1          Y2          Y3          Y4          Y5          Y6
   Y7          Y8          Y9          Y10

Observed independent variables
   X1          X2

Continuous latent variables
   F


Estimator                                                       ML
Information matrix                                        OBSERVED
Maximum number of iterations                                  1000
Convergence criterion                                    0.500D-04
Maximum number of steepest descent iterations                   20

Input data file(s)
  G3_B2_N2_rep434.csv

Input data format  FREE



UNIVARIATE SAMPLE STATISTICS


     UNIVARIATE HIGHER-ORDER MOMENT DESCRIPTIVE STATISTICS

         Variable/         Mean/     Skewness/   Minimum/ % with                Percentiles
        Sample Size      Variance    Kurtosis    Maximum  Min/Max      20%/60%    40%/80%    Median

     Y1                    1.886       0.774       1.000   33.80%       1.000      2.000      2.000
             500.000       0.637       0.577       5.000    0.40%       2.000      2.000
     Y2                    1.864       0.798       1.000   33.40%       1.000      2.000      2.000
             500.000       0.586       1.029       5.000    0.60%       2.000      2.000
     Y3                    3.162      -0.009       1.000    0.40%       3.000      3.000      3.000
             500.000       0.580      -0.463       5.000    2.40%       3.000      4.000
     Y4                    3.152       0.015       1.000    0.60%       2.000      3.000      3.000
             500.000       0.625      -0.469       5.000    3.00%       3.000      4.000
     Y5                    3.160       0.029       1.000    0.20%       3.000      3.000      3.000
             500.000       0.550      -0.454       5.000    2.20%       3.000      4.000
     Y6                    1.224       2.272       1.000   80.00%       1.000      1.000      1.000
             500.000       0.230       5.785       4.000    0.40%       1.000      1.000
     Y7                    1.192       2.605       1.000   83.00%       1.000      1.000      1.000
             500.000       0.207       7.819       4.000    0.40%       1.000      1.000
     Y8                    1.202       2.484       1.000   82.00%       1.000      1.000      1.000
             500.000       0.213       7.088       4.000    0.40%       1.000      1.000
     Y9                    1.926       0.766       1.000   31.40%       1.000      2.000      2.000
             500.000       0.641       0.854       5.000    0.80%       2.000      3.000
     Y10                   1.876       0.740       1.000   31.80%       1.000      2.000      2.000
             500.000       0.569       0.689       5.000    0.20%       2.000      2.000
     X1                   -0.003       0.133      -2.751    0.20%      -0.909     -0.243     -0.029
             500.000       0.990      -0.139       2.868    0.20%       0.198      0.834
     X2                    0.504      -0.016       0.000   49.60%       0.000      0.000      1.000
             500.000       0.250      -2.000       1.000   50.40%       1.000      1.000


THE MODEL ESTIMATION TERMINATED NORMALLY



MODEL FIT INFORMATION

Number of Free Parameters                       34

Loglikelihood

          H0 Value                       -3270.725

Information Criteria

          Akaike (AIC)                    6609.450
          Bayesian (BIC)                  6752.747
          Sample-Size Adjusted BIC        6644.829
            (n* = (n + 2) / 24)



MODEL RESULTS

                                                    Two-Tailed
                    Estimate       S.E.  Est./S.E.    P-Value

 F        BY
    Y1                 0.676      0.029     23.313      0.000
    Y2                 0.635      0.028     22.558      0.000
    Y3                 0.618      0.028     21.760      0.000
    Y4                 0.659      0.029     22.720      0.000
    Y5                 0.616      0.027     22.535      0.000
    Y6                 0.331      0.019     17.343      0.000
    Y7                 0.299      0.018     16.198      0.000
    Y8               999.000      0.000    999.000    999.000
    Y9                 0.655      0.030     22.094      0.000
    Y10                0.610      0.028     21.694      0.000

 Y8       ON
    X1                 0.015      0.016      0.944      0.345
    X2                -0.003      0.030     -0.088      0.930

 Means
    F                  0.000      0.000    999.000    999.000

 Intercepts
    Y1                 1.886      0.036     52.839      0.000
    Y2                 1.864      0.034     54.471      0.000
    Y3                 3.162      0.034     92.859      0.000
    Y4                 3.152      0.035     89.159      0.000
    Y5                 3.160      0.033     95.243      0.000
    Y6                 1.224      0.021     57.091      0.000
    Y7                 1.192      0.020     58.564      0.000
    Y8                 1.169      0.023     49.840      0.000
    Y9                 1.926      0.036     53.811      0.000
    Y10                1.876      0.034     55.630      0.000

 Variances
    F                  1.000      0.000    999.000    999.000

 Residual Variances
    Y1                 0.179      0.013     13.549      0.000
    Y2                 0.182      0.013     13.832      0.000
    Y3                 0.198      0.014     14.037      0.000
    Y4                 0.190      0.014     13.743      0.000
    Y5                 0.171      0.012     13.802      0.000
    Y6                 0.120      0.008     14.962      0.000
    Y7                 0.118      0.008     15.112      0.000
    Y8                 0.097      0.007     14.555      0.000
    Y9                 0.211      0.015     13.992      0.000
    Y10                0.196      0.014     14.115      0.000

New/Additional Parameters
    L8_0               0.236      0.023     10.175      0.000
    L8_1               0.092      0.016      5.732      0.000
    L8_2               0.155      0.031      5.072      0.000


QUALITY OF NUMERICAL RESULTS

     Condition Number for the Information Matrix              0.435E-04
       (ratio of smallest to largest eigenvalue)


     Beginning Time:  08:58:31
        Ending Time:  08:58:34
       Elapsed Time:  00:00:03



MUTHEN & MUTHEN
3463 Stoner Ave.
Los Angeles, CA  90066

Tel: (310) 391-9971
Fax: (310) 391-8971
Web: www.StatModel.com
Support: Support@StatModel.com

Copyright (c) 1998-2019 Muthen & Muthen
