Mplus VERSION 8.3
MUTHEN & MUTHEN
04/25/2024   8:49 AM

INPUT INSTRUCTIONS


  TITLE: Test with 10 reps

  DATA:
  File is
  G3_B2_N2_rep420.csv;

  VARIABLE:
      Names are x1 x2 eta
  	y1 y2 y3 y4 y5 y6 y7 y8 y9 y10;
      Usevariables are y1-y10 x1 x2;
      constraint = x1 x2;

  MODEL:
      f BY y1* (l1);
      f BY y2* (l2);
      f BY y3* (l3);
      f BY y4* (l4);
      f BY y5* (l5);
      f BY y6* (l6);
      f BY y7* (l7);
      f BY y8* (l8);
      f BY y9* (l9);
      f BY y10* (l10);

  y3 ON x1 x2;
  f@1;
  [f@0];

  MODEL CONSTRAINT:
      new (l3_0 l3_1 l3_2);
      l3 = l3_0 + l3_1*x1 + l3_2*x2;




INPUT READING TERMINATED NORMALLY



Test with 10 reps

SUMMARY OF ANALYSIS

Number of groups                                                 1
Number of observations                                         500

Number of dependent variables                                   10
Number of independent variables                                  2
Number of continuous latent variables                            1

Observed dependent variables

  Continuous
   Y1          Y2          Y3          Y4          Y5          Y6
   Y7          Y8          Y9          Y10

Observed independent variables
   X1          X2

Continuous latent variables
   F


Estimator                                                       ML
Information matrix                                        OBSERVED
Maximum number of iterations                                  1000
Convergence criterion                                    0.500D-04
Maximum number of steepest descent iterations                   20

Input data file(s)
  G3_B2_N2_rep420.csv

Input data format  FREE



UNIVARIATE SAMPLE STATISTICS


     UNIVARIATE HIGHER-ORDER MOMENT DESCRIPTIVE STATISTICS

         Variable/         Mean/     Skewness/   Minimum/ % with                Percentiles
        Sample Size      Variance    Kurtosis    Maximum  Min/Max      20%/60%    40%/80%    Median

     Y1                    1.934       0.856       1.000   30.00%       1.000      2.000      2.000
             500.000       0.634       1.282       5.000    1.00%       2.000      2.000
     Y2                    1.920       0.852       1.000   30.40%       1.000      2.000      2.000
             500.000       0.622       1.208       5.000    0.80%       2.000      2.000
     Y3                    3.178       0.037       1.000    0.60%       3.000      3.000      3.000
             500.000       0.542      -0.051       5.000    2.80%       3.000      4.000
     Y4                    3.170      -0.063       1.000    0.60%       3.000      3.000      3.000
             500.000       0.537      -0.224       5.000    2.00%       3.000      4.000
     Y5                    3.178       0.120       1.000    0.60%       3.000      3.000      3.000
             500.000       0.546       0.078       5.000    3.40%       3.000      4.000
     Y6                    1.226       2.468       1.000   80.80%       1.000      1.000      1.000
             500.000       0.255       6.758       4.000    0.60%       1.000      1.000
     Y7                    1.200       2.479       1.000   82.00%       1.000      1.000      1.000
             500.000       0.208       7.178       4.000    0.40%       1.000      1.000
     Y8                    1.208       2.143       1.000   81.60%       1.000      1.000      1.000
             500.000       0.213       3.893       3.000    2.40%       1.000      1.000
     Y9                    1.920       0.911       1.000   29.40%       1.000      2.000      2.000
             500.000       0.602       1.644       5.000    1.00%       2.000      2.000
     Y10                   1.896       0.823       1.000   29.20%       1.000      2.000      2.000
             500.000       0.545       1.476       5.000    0.60%       2.000      2.000
     X1                    0.001      -0.007      -3.611    0.20%      -0.851     -0.258     -0.011
             500.000       0.987       0.148       3.210    0.20%       0.263      0.818
     X2                    0.486       0.056       0.000   51.40%       0.000      0.000      0.000
             500.000       0.250      -1.997       1.000   48.60%       1.000      1.000


THE MODEL ESTIMATION TERMINATED NORMALLY



MODEL FIT INFORMATION

Number of Free Parameters                       34

Loglikelihood

          H0 Value                       -3222.166

Information Criteria

          Akaike (AIC)                    6512.333
          Bayesian (BIC)                  6655.629
          Sample-Size Adjusted BIC        6547.711
            (n* = (n + 2) / 24)



MODEL RESULTS

                                                    Two-Tailed
                    Estimate       S.E.  Est./S.E.    P-Value

 F        BY
    Y1                 0.684      0.029     23.815      0.000
    Y2                 0.664      0.029     23.094      0.000
    Y3               999.000      0.000    999.000    999.000
    Y4                 0.580      0.028     20.974      0.000
    Y5                 0.585      0.028     20.983      0.000
    Y6                 0.382      0.019     19.644      0.000
    Y7                 0.316      0.018     17.402      0.000
    Y8                 0.329      0.018     18.103      0.000
    Y9                 0.637      0.029     22.169      0.000
    Y10                0.602      0.027     21.932      0.000

 Y3       ON
    X1                 0.007      0.021      0.338      0.735
    X2                 0.041      0.042      0.982      0.326

 Means
    F                  0.000      0.000    999.000    999.000

 Intercepts
    Y1                 1.934      0.036     54.327      0.000
    Y2                 1.920      0.035     54.454      0.000
    Y3                 3.169      0.039     80.987      0.000
    Y4                 3.170      0.033     96.720      0.000
    Y5                 3.178      0.033     96.143      0.000
    Y6                 1.226      0.023     54.296      0.000
    Y7                 1.200      0.020     58.835      0.000
    Y8                 1.208      0.021     58.564      0.000
    Y9                 1.920      0.035     55.352      0.000
    Y10                1.896      0.033     57.419      0.000

 Variances
    F                  1.000      0.000    999.000    999.000

 Residual Variances
    Y1                 0.166      0.012     13.296      0.000
    Y2                 0.180      0.013     13.617      0.000
    Y3                 0.183      0.013     13.972      0.000
    Y4                 0.201      0.014     14.270      0.000
    Y5                 0.204      0.014     14.283      0.000
    Y6                 0.109      0.007     14.538      0.000
    Y7                 0.108      0.007     14.957      0.000
    Y8                 0.104      0.007     14.830      0.000
    Y9                 0.196      0.014     13.968      0.000
    Y10                0.183      0.013     14.045      0.000

New/Additional Parameters
    L3_0               0.597      0.037     16.070      0.000
    L3_1              -0.051      0.021     -2.473      0.013
    L3_2               0.007      0.043      0.163      0.870


QUALITY OF NUMERICAL RESULTS

     Condition Number for the Information Matrix              0.481E-04
       (ratio of smallest to largest eigenvalue)


     Beginning Time:  08:49:11
        Ending Time:  08:49:16
       Elapsed Time:  00:00:05



MUTHEN & MUTHEN
3463 Stoner Ave.
Los Angeles, CA  90066

Tel: (310) 391-9971
Fax: (310) 391-8971
Web: www.StatModel.com
Support: Support@StatModel.com

Copyright (c) 1998-2019 Muthen & Muthen
