Mplus VERSION 8.3
MUTHEN & MUTHEN
04/25/2024   8:52 AM

INPUT INSTRUCTIONS


  TITLE: Test with 10 reps

  DATA:
  File is
  G3_B2_N2_rep423.csv;

  VARIABLE:
      Names are x1 x2 eta
  	y1 y2 y3 y4 y5 y6 y7 y8 y9 y10;
      Usevariables are y1-y10 x1 x2;
      constraint = x1 x2;

  MODEL:
      f BY y1* (l1);
      f BY y2* (l2);
      f BY y3* (l3);
      f BY y4* (l4);
      f BY y5* (l5);
      f BY y6* (l6);
      f BY y7* (l7);
      f BY y8* (l8);
      f BY y9* (l9);
      f BY y10* (l10);

  y7 ON x1 x2;
  f@1;
  [f@0];

  MODEL CONSTRAINT:
      new (l7_0 l7_1 l7_2);
      l7 = l7_0 + l7_1*x1 + l7_2*x2;




INPUT READING TERMINATED NORMALLY



Test with 10 reps

SUMMARY OF ANALYSIS

Number of groups                                                 1
Number of observations                                         500

Number of dependent variables                                   10
Number of independent variables                                  2
Number of continuous latent variables                            1

Observed dependent variables

  Continuous
   Y1          Y2          Y3          Y4          Y5          Y6
   Y7          Y8          Y9          Y10

Observed independent variables
   X1          X2

Continuous latent variables
   F


Estimator                                                       ML
Information matrix                                        OBSERVED
Maximum number of iterations                                  1000
Convergence criterion                                    0.500D-04
Maximum number of steepest descent iterations                   20

Input data file(s)
  G3_B2_N2_rep423.csv

Input data format  FREE



UNIVARIATE SAMPLE STATISTICS


     UNIVARIATE HIGHER-ORDER MOMENT DESCRIPTIVE STATISTICS

         Variable/         Mean/     Skewness/   Minimum/ % with                Percentiles
        Sample Size      Variance    Kurtosis    Maximum  Min/Max      20%/60%    40%/80%    Median

     Y1                    1.874       0.588       1.000   32.40%       1.000      2.000      2.000
             500.000       0.550       0.444       5.000    0.40%       2.000      2.000
     Y2                    1.872       0.709       1.000   33.20%       1.000      2.000      2.000
             500.000       0.580       0.795       5.000    0.60%       2.000      2.000
     Y3                    3.168      -0.027       1.000    1.40%       3.000      3.000      3.000
             500.000       0.612       0.058       5.000    3.60%       3.000      4.000
     Y4                    3.152      -0.055       1.000    1.00%       3.000      3.000      3.000
             500.000       0.561      -0.051       5.000    2.40%       3.000      4.000
     Y5                    3.166      -0.058       1.000    0.60%       3.000      3.000      3.000
             500.000       0.594      -0.451       5.000    2.40%       3.000      4.000
     Y6                    1.204       1.907       1.000   80.80%       1.000      1.000      1.000
             500.000       0.186       2.715       3.000    1.20%       1.000      1.000
     Y7                    1.196       2.241       1.000   81.80%       1.000      1.000      1.000
             500.000       0.190       5.397       4.000    0.20%       1.000      1.000
     Y8                    1.186       2.205       1.000   83.00%       1.000      1.000      1.000
             500.000       0.183       4.190       3.000    1.60%       1.000      1.000
     Y9                    1.880       0.786       1.000   32.60%       1.000      2.000      2.000
             500.000       0.594       0.976       5.000    0.60%       2.000      2.000
     Y10                   1.888       0.687       1.000   32.40%       1.000      2.000      2.000
             500.000       0.599       0.244       4.000    3.80%       2.000      2.000
     X1                   -0.045       0.075      -3.051    0.20%      -0.845     -0.296     -0.046
             500.000       0.995       0.214       3.321    0.20%       0.169      0.737
     X2                    0.484       0.064       0.000   51.60%       0.000      0.000      0.000
             500.000       0.250      -1.996       1.000   48.40%       1.000      1.000


THE MODEL ESTIMATION TERMINATED NORMALLY



MODEL FIT INFORMATION

Number of Free Parameters                       34

Loglikelihood

          H0 Value                       -3116.384

Information Criteria

          Akaike (AIC)                    6300.769
          Bayesian (BIC)                  6444.065
          Sample-Size Adjusted BIC        6336.147
            (n* = (n + 2) / 24)



MODEL RESULTS

                                                    Two-Tailed
                    Estimate       S.E.  Est./S.E.    P-Value

 F        BY
    Y1                 0.614      0.027     22.492      0.000
    Y2                 0.649      0.028     23.509      0.000
    Y3                 0.639      0.029     22.014      0.000
    Y4                 0.621      0.028     22.484      0.000
    Y5                 0.628      0.029     21.919      0.000
    Y6                 0.288      0.017     16.579      0.000
    Y7               999.000      0.000    999.000    999.000
    Y8                 0.291      0.017     16.959      0.000
    Y9                 0.649      0.028     23.107      0.000
    Y10                0.641      0.029     22.466      0.000

 Y7       ON
    X1                 0.014      0.015      0.929      0.353
    X2                 0.017      0.031      0.540      0.589

 Means
    F                  0.000      0.000    999.000    999.000

 Intercepts
    Y1                 1.874      0.033     56.497      0.000
    Y2                 1.872      0.034     54.982      0.000
    Y3                 3.168      0.035     90.568      0.000
    Y4                 3.152      0.033     94.109      0.000
    Y5                 3.166      0.034     91.821      0.000
    Y6                 1.204      0.019     62.360      0.000
    Y7                 1.162      0.023     51.292      0.000
    Y8                 1.186      0.019     61.925      0.000
    Y9                 1.880      0.034     54.563      0.000
    Y10                1.888      0.035     54.527      0.000

 Variances
    F                  1.000      0.000    999.000    999.000

 Residual Variances
    Y1                 0.173      0.012     13.879      0.000
    Y2                 0.159      0.012     13.458      0.000
    Y3                 0.203      0.015     14.003      0.000
    Y4                 0.176      0.013     13.819      0.000
    Y5                 0.200      0.014     14.039      0.000
    Y6                 0.103      0.007     15.082      0.000
    Y7                 0.099      0.007     14.979      0.000
    Y8                 0.099      0.007     15.031      0.000
    Y9                 0.172      0.013     13.641      0.000
    Y10                0.189      0.014     13.884      0.000

New/Additional Parameters
    L7_0               0.205      0.024      8.634      0.000
    L7_1               0.044      0.015      2.950      0.003
    L7_2               0.139      0.031      4.460      0.000


QUALITY OF NUMERICAL RESULTS

     Condition Number for the Information Matrix              0.423E-04
       (ratio of smallest to largest eigenvalue)


     Beginning Time:  08:52:09
        Ending Time:  08:52:11
       Elapsed Time:  00:00:02



MUTHEN & MUTHEN
3463 Stoner Ave.
Los Angeles, CA  90066

Tel: (310) 391-9971
Fax: (310) 391-8971
Web: www.StatModel.com
Support: Support@StatModel.com

Copyright (c) 1998-2019 Muthen & Muthen
