Mplus VERSION 8.3
MUTHEN & MUTHEN
04/25/2024   9:06 AM

INPUT INSTRUCTIONS


  TITLE: Test with 10 reps

  DATA:
  File is
  G3_B2_N2_rep448.csv;

  VARIABLE:
      Names are x1 x2 eta
  	y1 y2 y3 y4 y5 y6 y7 y8 y9 y10;
      Usevariables are y1-y10 x1 x2;
      constraint = x1 x2;

  MODEL:
      f BY y1* (l1);
      f BY y2* (l2);
      f BY y3* (l3);
      f BY y4* (l4);
      f BY y5* (l5);
      f BY y6* (l6);
      f BY y7* (l7);
      f BY y8* (l8);
      f BY y9* (l9);
      f BY y10* (l10);

  y1 ON x1 x2;
  f@1;
  [f@0];

  MODEL CONSTRAINT:
      new (l1_0 l1_1 l1_2);
      l1 = l1_0 + l1_1*x1 + l1_2*x2;




INPUT READING TERMINATED NORMALLY



Test with 10 reps

SUMMARY OF ANALYSIS

Number of groups                                                 1
Number of observations                                         500

Number of dependent variables                                   10
Number of independent variables                                  2
Number of continuous latent variables                            1

Observed dependent variables

  Continuous
   Y1          Y2          Y3          Y4          Y5          Y6
   Y7          Y8          Y9          Y10

Observed independent variables
   X1          X2

Continuous latent variables
   F


Estimator                                                       ML
Information matrix                                        OBSERVED
Maximum number of iterations                                  1000
Convergence criterion                                    0.500D-04
Maximum number of steepest descent iterations                   20

Input data file(s)
  G3_B2_N2_rep448.csv

Input data format  FREE



UNIVARIATE SAMPLE STATISTICS


     UNIVARIATE HIGHER-ORDER MOMENT DESCRIPTIVE STATISTICS

         Variable/         Mean/     Skewness/   Minimum/ % with                Percentiles
        Sample Size      Variance    Kurtosis    Maximum  Min/Max      20%/60%    40%/80%    Median

     Y1                    1.934       0.685       1.000   31.00%       1.000      2.000      2.000
             500.000       0.638       0.417       5.000    0.40%       2.000      3.000
     Y2                    1.920       0.735       1.000   33.00%       1.000      2.000      2.000
             500.000       0.674       0.368       5.000    0.40%       2.000      3.000
     Y3                    3.212       0.115       2.000   15.80%       3.000      3.000      3.000
             500.000       0.547      -0.370       5.000    3.20%       3.000      4.000
     Y4                    3.180       0.075       1.000    0.80%       3.000      3.000      3.000
             500.000       0.612      -0.128       5.000    4.00%       3.000      4.000
     Y5                    3.170      -0.040       1.000    0.80%       3.000      3.000      3.000
             500.000       0.569      -0.165       5.000    2.60%       3.000      4.000
     Y6                    1.228       2.206       1.000   79.40%       1.000      1.000      1.000
             500.000       0.228       5.523       4.000    0.40%       1.000      2.000
     Y7                    1.228       2.125       1.000   79.80%       1.000      1.000      1.000
             500.000       0.232       4.438       4.000    0.20%       1.000      2.000
     Y8                    1.212       2.560       1.000   80.40%       1.000      1.000      1.000
             500.000       0.211      10.168       5.000    0.20%       1.000      1.000
     Y9                    1.918       0.772       1.000   32.00%       1.000      2.000      2.000
             500.000       0.647       0.703       5.000    0.60%       2.000      2.000
     Y10                   1.942       0.677       1.000   30.80%       1.000      2.000      2.000
             500.000       0.651       0.239       5.000    0.20%       2.000      3.000
     X1                    0.117       0.110      -2.274    0.20%      -0.721     -0.141      0.145
             500.000       0.969      -0.186       3.054    0.20%       0.352      0.948
     X2                    0.502      -0.008       0.000   49.80%       0.000      0.000      1.000
             500.000       0.250      -2.000       1.000   50.20%       1.000      1.000


THE MODEL ESTIMATION TERMINATED NORMALLY



MODEL FIT INFORMATION

Number of Free Parameters                       34

Loglikelihood

          H0 Value                       -3347.747

Information Criteria

          Akaike (AIC)                    6763.494
          Bayesian (BIC)                  6906.790
          Sample-Size Adjusted BIC        6798.872
            (n* = (n + 2) / 24)



MODEL RESULTS

                                                    Two-Tailed
                    Estimate       S.E.  Est./S.E.    P-Value

 F        BY
    Y1               999.000      0.000    999.000    999.000
    Y2                 0.681      0.030     22.554      0.000
    Y3                 0.597      0.028     21.588      0.000
    Y4                 0.642      0.029     22.164      0.000
    Y5                 0.612      0.028     21.766      0.000
    Y6                 0.330      0.019     17.332      0.000
    Y7                 0.338      0.019     17.691      0.000
    Y8                 0.312      0.018     16.957      0.000
    Y9                 0.689      0.029     23.706      0.000
    Y10                0.670      0.030     22.598      0.000

 Y1       ON
    X1                 0.040      0.022      1.799      0.072
    X2                 0.025      0.043      0.587      0.557

 Means
    F                  0.000      0.000    999.000    999.000

 Intercepts
    Y1                 1.912      0.042     45.283      0.000
    Y2                 1.920      0.037     52.310      0.000
    Y3                 3.212      0.033     97.106      0.000
    Y4                 3.180      0.035     90.924      0.000
    Y5                 3.170      0.034     93.962      0.000
    Y6                 1.228      0.021     57.504      0.000
    Y7                 1.228      0.022     57.007      0.000
    Y8                 1.212      0.021     58.991      0.000
    Y9                 1.918      0.036     53.308      0.000
    Y10                1.942      0.036     53.835      0.000

 Variances
    F                  1.000      0.000    999.000    999.000

 Residual Variances
    Y1                 0.188      0.014     13.780      0.000
    Y2                 0.210      0.015     13.849      0.000
    Y3                 0.191      0.014     14.142      0.000
    Y4                 0.200      0.014     13.943      0.000
    Y5                 0.195      0.014     14.084      0.000
    Y6                 0.119      0.008     14.980      0.000
    Y7                 0.118      0.008     14.925      0.000
    Y8                 0.114      0.008     15.023      0.000
    Y9                 0.172      0.013     13.354      0.000
    Y10                0.201      0.015     13.819      0.000

New/Additional Parameters
    L1_0               0.644      0.039     16.727      0.000
    L1_1               0.009      0.023      0.384      0.701
    L1_2               0.013      0.044      0.302      0.763


QUALITY OF NUMERICAL RESULTS

     Condition Number for the Information Matrix              0.561E-04
       (ratio of smallest to largest eigenvalue)


     Beginning Time:  09:06:38
        Ending Time:  09:06:43
       Elapsed Time:  00:00:05



MUTHEN & MUTHEN
3463 Stoner Ave.
Los Angeles, CA  90066

Tel: (310) 391-9971
Fax: (310) 391-8971
Web: www.StatModel.com
Support: Support@StatModel.com

Copyright (c) 1998-2019 Muthen & Muthen
