Mplus VERSION 8.3
MUTHEN & MUTHEN
04/25/2024   9:46 AM

INPUT INSTRUCTIONS


  TITLE: Test with 10 reps

  DATA:
  File is
  G3_B2_N2_rep67.csv;

  VARIABLE:
      Names are x1 x2 eta
  	y1 y2 y3 y4 y5 y6 y7 y8 y9 y10;
      Usevariables are y1-y10 x1 x2;
      constraint = x1 x2;

  MODEL:
      f BY y1* (l1);
      f BY y2* (l2);
      f BY y3* (l3);
      f BY y4* (l4);
      f BY y5* (l5);
      f BY y6* (l6);
      f BY y7* (l7);
      f BY y8* (l8);
      f BY y9* (l9);
      f BY y10* (l10);

  y4 ON x1 x2;
  f@1;
  [f@0];

  MODEL CONSTRAINT:
      new (l4_0 l4_1 l4_2);
      l4 = l4_0 + l4_1*x1 + l4_2*x2;




INPUT READING TERMINATED NORMALLY



Test with 10 reps

SUMMARY OF ANALYSIS

Number of groups                                                 1
Number of observations                                         500

Number of dependent variables                                   10
Number of independent variables                                  2
Number of continuous latent variables                            1

Observed dependent variables

  Continuous
   Y1          Y2          Y3          Y4          Y5          Y6
   Y7          Y8          Y9          Y10

Observed independent variables
   X1          X2

Continuous latent variables
   F


Estimator                                                       ML
Information matrix                                        OBSERVED
Maximum number of iterations                                  1000
Convergence criterion                                    0.500D-04
Maximum number of steepest descent iterations                   20

Input data file(s)
  G3_B2_N2_rep67.csv

Input data format  FREE



UNIVARIATE SAMPLE STATISTICS


     UNIVARIATE HIGHER-ORDER MOMENT DESCRIPTIVE STATISTICS

         Variable/         Mean/     Skewness/   Minimum/ % with                Percentiles
        Sample Size      Variance    Kurtosis    Maximum  Min/Max      20%/60%    40%/80%    Median

     Y1                    1.864       0.677       1.000   33.20%       1.000      2.000      2.000
             500.000       0.570       0.437       5.000    0.20%       2.000      2.000
     Y2                    1.854       0.731       1.000   33.20%       1.000      2.000      2.000
             500.000       0.561       0.642       5.000    0.20%       2.000      2.000
     Y3                    3.104      -0.162       1.000    1.80%       2.000      3.000      3.000
             500.000       0.625      -0.225       5.000    2.00%       3.000      4.000
     Y4                    3.096      -0.194       1.000    2.00%       2.000      3.000      3.000
             500.000       0.607      -0.084       5.000    1.80%       3.000      4.000
     Y5                    3.132      -0.203       1.000    2.60%       3.000      3.000      3.000
             500.000       0.667       0.025       5.000    3.00%       3.000      4.000
     Y6                    1.166       2.260       1.000   84.40%       1.000      1.000      1.000
             500.000       0.158       4.346       3.000    1.00%       1.000      1.000
     Y7                    1.170       2.342       1.000   84.40%       1.000      1.000      1.000
             500.000       0.169       4.872       3.000    1.40%       1.000      1.000
     Y8                    1.182       2.072       1.000   82.80%       1.000      1.000      1.000
             500.000       0.169       3.405       3.000    1.00%       1.000      1.000
     Y9                    1.854       0.734       1.000   33.20%       1.000      2.000      2.000
             500.000       0.557       0.835       5.000    0.40%       2.000      2.000
     Y10                   1.840       0.853       1.000   33.40%       1.000      2.000      2.000
             500.000       0.550       1.416       5.000    0.60%       2.000      2.000
     X1                   -0.035      -0.140      -2.919    0.20%      -0.868     -0.298      0.000
             500.000       1.022      -0.183       2.511    0.20%       0.237      0.846
     X2                    0.496       0.016       0.000   50.40%       0.000      0.000      0.000
             500.000       0.250      -2.000       1.000   49.60%       1.000      1.000


THE MODEL ESTIMATION TERMINATED NORMALLY



MODEL FIT INFORMATION

Number of Free Parameters                       34

Loglikelihood

          H0 Value                       -3188.834

Information Criteria

          Akaike (AIC)                    6445.667
          Bayesian (BIC)                  6588.964
          Sample-Size Adjusted BIC        6481.046
            (n* = (n + 2) / 24)



MODEL RESULTS

                                                    Two-Tailed
                    Estimate       S.E.  Est./S.E.    P-Value

 F        BY
    Y1                 0.619      0.028     22.085      0.000
    Y2                 0.601      0.028     21.392      0.000
    Y3                 0.645      0.029     21.902      0.000
    Y4               999.000      0.000    999.000    999.000
    Y5                 0.678      0.030     22.522      0.000
    Y6                 0.255      0.016     15.676      0.000
    Y7                 0.264      0.017     15.712      0.000
    Y8                 0.266      0.017     15.906      0.000
    Y9                 0.620      0.027     22.578      0.000
    Y10                0.592      0.028     21.214      0.000

 Y4       ON
    X1                -0.006      0.022     -0.299      0.765
    X2                 0.031      0.042      0.739      0.460

 Means
    F                  0.000      0.000    999.000    999.000

 Intercepts
    Y1                 1.864      0.034     55.231      0.000
    Y2                 1.854      0.033     55.365      0.000
    Y3                 3.104      0.035     87.782      0.000
    Y4                 3.104      0.042     73.488      0.000
    Y5                 3.132      0.037     85.779      0.000
    Y6                 1.166      0.018     65.501      0.000
    Y7                 1.170      0.018     63.621      0.000
    Y8                 1.182      0.018     64.316      0.000
    Y9                 1.854      0.033     55.564      0.000
    Y10                1.840      0.033     55.458      0.000

 Variances
    F                  1.000      0.000    999.000    999.000

 Residual Variances
    Y1                 0.187      0.014     13.806      0.000
    Y2                 0.199      0.014     14.041      0.000
    Y3                 0.209      0.015     13.823      0.000
    Y4                 0.187      0.014     13.557      0.000
    Y5                 0.207      0.015     13.606      0.000
    Y6                 0.093      0.006     15.114      0.000
    Y7                 0.099      0.007     15.097      0.000
    Y8                 0.098      0.006     15.075      0.000
    Y9                 0.172      0.013     13.610      0.000
    Y10                0.200      0.014     14.090      0.000

New/Additional Parameters
    L4_0               0.679      0.039     17.369      0.000
    L4_1              -0.074      0.020     -3.624      0.000
    L4_2              -0.068      0.044     -1.547      0.122


QUALITY OF NUMERICAL RESULTS

     Condition Number for the Information Matrix              0.378E-04
       (ratio of smallest to largest eigenvalue)


     Beginning Time:  09:46:44
        Ending Time:  09:46:47
       Elapsed Time:  00:00:03



MUTHEN & MUTHEN
3463 Stoner Ave.
Los Angeles, CA  90066

Tel: (310) 391-9971
Fax: (310) 391-8971
Web: www.StatModel.com
Support: Support@StatModel.com

Copyright (c) 1998-2019 Muthen & Muthen
