Mplus VERSION 8.3
MUTHEN & MUTHEN
04/25/2024   9:43 AM

INPUT INSTRUCTIONS


  TITLE: Test with 10 reps

  DATA:
  File is
  G3_B2_N2_rep60.csv;

  VARIABLE:
      Names are x1 x2 eta
  	y1 y2 y3 y4 y5 y6 y7 y8 y9 y10;
      Usevariables are y1-y10 x1 x2;
      constraint = x1 x2;

  MODEL:
      f BY y1* (l1);
      f BY y2* (l2);
      f BY y3* (l3);
      f BY y4* (l4);
      f BY y5* (l5);
      f BY y6* (l6);
      f BY y7* (l7);
      f BY y8* (l8);
      f BY y9* (l9);
      f BY y10* (l10);

  y6 ON x1 x2;
  f@1;
  [f@0];

  MODEL CONSTRAINT:
      new (l6_0 l6_1 l6_2);
      l6 = l6_0 + l6_1*x1 + l6_2*x2;




INPUT READING TERMINATED NORMALLY



Test with 10 reps

SUMMARY OF ANALYSIS

Number of groups                                                 1
Number of observations                                         500

Number of dependent variables                                   10
Number of independent variables                                  2
Number of continuous latent variables                            1

Observed dependent variables

  Continuous
   Y1          Y2          Y3          Y4          Y5          Y6
   Y7          Y8          Y9          Y10

Observed independent variables
   X1          X2

Continuous latent variables
   F


Estimator                                                       ML
Information matrix                                        OBSERVED
Maximum number of iterations                                  1000
Convergence criterion                                    0.500D-04
Maximum number of steepest descent iterations                   20

Input data file(s)
  G3_B2_N2_rep60.csv

Input data format  FREE



UNIVARIATE SAMPLE STATISTICS


     UNIVARIATE HIGHER-ORDER MOMENT DESCRIPTIVE STATISTICS

         Variable/         Mean/     Skewness/   Minimum/ % with                Percentiles
        Sample Size      Variance    Kurtosis    Maximum  Min/Max      20%/60%    40%/80%    Median

     Y1                    1.928       0.699       1.000   28.80%       1.000      2.000      2.000
             500.000       0.575       0.783       5.000    0.40%       2.000      2.000
     Y2                    1.930       0.789       1.000   28.60%       1.000      2.000      2.000
             500.000       0.585       1.135       5.000    0.60%       2.000      2.000
     Y3                    3.184      -0.018       1.000    0.40%       3.000      3.000      3.000
             500.000       0.530      -0.252       5.000    2.20%       3.000      4.000
     Y4                    3.178       0.055       1.000    0.60%       3.000      3.000      3.000
             500.000       0.590      -0.214       5.000    3.40%       3.000      4.000
     Y5                    3.166       0.183       1.000    0.20%       3.000      3.000      3.000
             500.000       0.522      -0.066       5.000    3.00%       3.000      4.000
     Y6                    1.202       2.866       1.000   81.80%       1.000      1.000      1.000
             500.000       0.217      12.108       5.000    0.20%       1.000      1.000
     Y7                    1.200       2.318       1.000   82.00%       1.000      1.000      1.000
             500.000       0.204       5.616       4.000    0.20%       1.000      1.000
     Y8                    1.178       2.116       1.000   83.20%       1.000      1.000      1.000
             500.000       0.166       3.622       3.000    1.00%       1.000      1.000
     Y9                    1.926       0.732       1.000   29.60%       1.000      2.000      2.000
             500.000       0.593       0.912       5.000    0.60%       2.000      2.000
     Y10                   1.924       0.689       1.000   28.80%       1.000      2.000      2.000
             500.000       0.566       0.798       5.000    0.40%       2.000      2.000
     X1                    0.051       0.027      -2.970    0.20%      -0.805     -0.208      0.043
             500.000       1.041       0.045       3.727    0.20%       0.303      0.887
     X2                    0.516      -0.064       0.000   48.40%       0.000      0.000      1.000
             500.000       0.250      -1.996       1.000   51.60%       1.000      1.000


THE MODEL ESTIMATION TERMINATED NORMALLY



MODEL FIT INFORMATION

Number of Free Parameters                       34

Loglikelihood

          H0 Value                       -3045.512

Information Criteria

          Akaike (AIC)                    6159.023
          Bayesian (BIC)                  6302.320
          Sample-Size Adjusted BIC        6194.402
            (n* = (n + 2) / 24)



MODEL RESULTS

                                                    Two-Tailed
                    Estimate       S.E.  Est./S.E.    P-Value

 F        BY
    Y1                 0.645      0.027     23.480      0.000
    Y2                 0.648      0.028     23.301      0.000
    Y3                 0.593      0.027     21.920      0.000
    Y4                 0.604      0.029     20.767      0.000
    Y5                 0.597      0.027     22.379      0.000
    Y6               999.000      0.000    999.000    999.000
    Y7                 0.307      0.018     16.945      0.000
    Y8                 0.275      0.016     16.762      0.000
    Y9                 0.641      0.028     22.673      0.000
    Y10                0.639      0.027     23.405      0.000

 Y6       ON
    X1                 0.036      0.015      2.429      0.015
    X2                -0.011      0.029     -0.371      0.710

 Means
    F                  0.000      0.000    999.000    999.000

 Intercepts
    Y1                 1.928      0.034     56.863      0.000
    Y2                 1.930      0.034     56.419      0.000
    Y3                 3.184      0.033     97.782      0.000
    Y4                 3.178      0.034     92.490      0.000
    Y5                 3.166      0.032     97.943      0.000
    Y6                 1.176      0.023     50.503      0.000
    Y7                 1.200      0.020     59.409      0.000
    Y8                 1.178      0.018     64.590      0.000
    Y9                 1.926      0.034     55.948      0.000
    Y10                1.924      0.034     57.174      0.000

 Variances
    F                  1.000      0.000    999.000    999.000

 Residual Variances
    Y1                 0.159      0.012     13.557      0.000
    Y2                 0.165      0.012     13.620      0.000
    Y3                 0.178      0.013     14.096      0.000
    Y4                 0.226      0.016     14.393      0.000
    Y5                 0.166      0.012     13.957      0.000
    Y6                 0.094      0.006     14.535      0.000
    Y7                 0.110      0.007     15.051      0.000
    Y8                 0.091      0.006     15.064      0.000
    Y9                 0.182      0.013     13.824      0.000
    Y10                0.158      0.012     13.565      0.000

New/Additional Parameters
    L6_0               0.239      0.023     10.200      0.000
    L6_1               0.090      0.013      6.841      0.000
    L6_2               0.105      0.030      3.470      0.001


QUALITY OF NUMERICAL RESULTS

     Condition Number for the Information Matrix              0.358E-04
       (ratio of smallest to largest eigenvalue)


     Beginning Time:  09:43:16
        Ending Time:  09:43:18
       Elapsed Time:  00:00:02



MUTHEN & MUTHEN
3463 Stoner Ave.
Los Angeles, CA  90066

Tel: (310) 391-9971
Fax: (310) 391-8971
Web: www.StatModel.com
Support: Support@StatModel.com

Copyright (c) 1998-2019 Muthen & Muthen
