Mplus VERSION 8.3
MUTHEN & MUTHEN
04/25/2024   9:53 AM

INPUT INSTRUCTIONS


  TITLE: Test with 10 reps

  DATA:
  File is
  G3_B2_N2_rep79.csv;

  VARIABLE:
      Names are x1 x2 eta
  	y1 y2 y3 y4 y5 y6 y7 y8 y9 y10;
      Usevariables are y1-y10 x1 x2;
      constraint = x1 x2;

  MODEL:
      f BY y1* (l1);
      f BY y2* (l2);
      f BY y3* (l3);
      f BY y4* (l4);
      f BY y5* (l5);
      f BY y6* (l6);
      f BY y7* (l7);
      f BY y8* (l8);
      f BY y9* (l9);
      f BY y10* (l10);

  y3 ON x1 x2;
  f@1;
  [f@0];

  MODEL CONSTRAINT:
      new (l3_0 l3_1 l3_2);
      l3 = l3_0 + l3_1*x1 + l3_2*x2;




INPUT READING TERMINATED NORMALLY



Test with 10 reps

SUMMARY OF ANALYSIS

Number of groups                                                 1
Number of observations                                         500

Number of dependent variables                                   10
Number of independent variables                                  2
Number of continuous latent variables                            1

Observed dependent variables

  Continuous
   Y1          Y2          Y3          Y4          Y5          Y6
   Y7          Y8          Y9          Y10

Observed independent variables
   X1          X2

Continuous latent variables
   F


Estimator                                                       ML
Information matrix                                        OBSERVED
Maximum number of iterations                                  1000
Convergence criterion                                    0.500D-04
Maximum number of steepest descent iterations                   20

Input data file(s)
  G3_B2_N2_rep79.csv

Input data format  FREE



UNIVARIATE SAMPLE STATISTICS


     UNIVARIATE HIGHER-ORDER MOMENT DESCRIPTIVE STATISTICS

         Variable/         Mean/     Skewness/   Minimum/ % with                Percentiles
        Sample Size      Variance    Kurtosis    Maximum  Min/Max      20%/60%    40%/80%    Median

     Y1                    1.820       0.984       1.000   35.80%       1.000      2.000      2.000
             500.000       0.588       1.680       5.000    0.80%       2.000      2.000
     Y2                    1.844       1.106       1.000   33.20%       1.000      2.000      2.000
             500.000       0.584       2.465       5.000    1.20%       2.000      2.000
     Y3                    3.102       0.292       1.000    0.20%       3.000      3.000      3.000
             500.000       0.540       0.012       5.000    3.20%       3.000      4.000
     Y4                    3.102       0.122       1.000    0.80%       2.000      3.000      3.000
             500.000       0.584      -0.089       5.000    3.00%       3.000      4.000
     Y5                    3.118       0.202       1.000    0.40%       3.000      3.000      3.000
             500.000       0.500       0.192       5.000    2.60%       3.000      4.000
     Y6                    1.174       3.643       1.000   86.00%       1.000      1.000      1.000
             500.000       0.240      16.627       5.000    0.20%       1.000      1.000
     Y7                    1.182       3.308       1.000   84.40%       1.000      1.000      1.000
             500.000       0.221      14.854       5.000    0.20%       1.000      1.000
     Y8                    1.148       3.776       1.000   88.20%       1.000      1.000      1.000
             500.000       0.202      18.005       5.000    0.20%       1.000      1.000
     Y9                    1.818       0.915       1.000   35.20%       1.000      2.000      2.000
             500.000       0.557       1.679       5.000    0.80%       2.000      2.000
     Y10                   1.846       0.926       1.000   33.40%       1.000      2.000      2.000
             500.000       0.574       1.500       5.000    0.60%       2.000      2.000
     X1                   -0.043       0.283      -2.563    0.20%      -0.953     -0.356     -0.035
             500.000       0.955      -0.111       3.452    0.20%       0.159      0.837
     X2                    0.516      -0.064       0.000   48.40%       0.000      0.000      1.000
             500.000       0.250      -1.996       1.000   51.60%       1.000      1.000


THE MODEL ESTIMATION TERMINATED NORMALLY



MODEL FIT INFORMATION

Number of Free Parameters                       34

Loglikelihood

          H0 Value                       -3115.028

Information Criteria

          Akaike (AIC)                    6298.056
          Bayesian (BIC)                  6441.353
          Sample-Size Adjusted BIC        6333.434
            (n* = (n + 2) / 24)



MODEL RESULTS

                                                    Two-Tailed
                    Estimate       S.E.  Est./S.E.    P-Value

 F        BY
    Y1                 0.646      0.028     23.100      0.000
    Y2                 0.655      0.028     23.766      0.000
    Y3               999.000      0.000    999.000    999.000
    Y4                 0.606      0.029     21.040      0.000
    Y5                 0.558      0.027     20.896      0.000
    Y6                 0.362      0.019     18.981      0.000
    Y7                 0.353      0.018     19.384      0.000
    Y8                 0.307      0.018     17.028      0.000
    Y9                 0.618      0.027     22.480      0.000
    Y10                0.648      0.027     23.651      0.000

 Y3       ON
    X1                 0.025      0.021      1.170      0.242
    X2                 0.025      0.042      0.597      0.550

 Means
    F                  0.000      0.000    999.000    999.000

 Intercepts
    Y1                 1.820      0.034     53.090      0.000
    Y2                 1.844      0.034     53.972      0.000
    Y3                 3.103      0.041     75.729      0.000
    Y4                 3.102      0.034     90.797      0.000
    Y5                 3.118      0.032     98.592      0.000
    Y6                 1.174      0.022     53.616      0.000
    Y7                 1.182      0.021     56.238      0.000
    Y8                 1.148      0.020     57.102      0.000
    Y9                 1.818      0.033     54.475      0.000
    Y10                1.846      0.034     54.470      0.000

 Variances
    F                  1.000      0.000    999.000    999.000

 Residual Variances
    Y1                 0.171      0.012     13.708      0.000
    Y2                 0.155      0.012     13.429      0.000
    Y3                 0.186      0.013     14.066      0.000
    Y4                 0.217      0.015     14.302      0.000
    Y5                 0.189      0.013     14.375      0.000
    Y6                 0.109      0.007     14.621      0.000
    Y7                 0.097      0.007     14.564      0.000
    Y8                 0.108      0.007     14.986      0.000
    Y9                 0.175      0.013     13.933      0.000
    Y10                0.155      0.011     13.470      0.000

New/Additional Parameters
    L3_0               0.638      0.040     15.880      0.000
    L3_1              -0.040      0.018     -2.193      0.028
    L3_2              -0.070      0.044     -1.569      0.117


QUALITY OF NUMERICAL RESULTS

     Condition Number for the Information Matrix              0.419E-04
       (ratio of smallest to largest eigenvalue)


     Beginning Time:  09:53:25
        Ending Time:  09:53:28
       Elapsed Time:  00:00:03



MUTHEN & MUTHEN
3463 Stoner Ave.
Los Angeles, CA  90066

Tel: (310) 391-9971
Fax: (310) 391-8971
Web: www.StatModel.com
Support: Support@StatModel.com

Copyright (c) 1998-2019 Muthen & Muthen
