Mplus VERSION 8.3
MUTHEN & MUTHEN
04/25/2024   9:56 AM

INPUT INSTRUCTIONS


  TITLE: Test with 10 reps

  DATA:
  File is
  G3_B2_N2_rep84.csv;

  VARIABLE:
      Names are x1 x2 eta
  	y1 y2 y3 y4 y5 y6 y7 y8 y9 y10;
      Usevariables are y1-y10 x1 x2;
      constraint = x1 x2;

  MODEL:
      f BY y1* (l1);
      f BY y2* (l2);
      f BY y3* (l3);
      f BY y4* (l4);
      f BY y5* (l5);
      f BY y6* (l6);
      f BY y7* (l7);
      f BY y8* (l8);
      f BY y9* (l9);
      f BY y10* (l10);

  y6 ON x1 x2;
  f@1;
  [f@0];

  MODEL CONSTRAINT:
      new (l6_0 l6_1 l6_2);
      l6 = l6_0 + l6_1*x1 + l6_2*x2;




INPUT READING TERMINATED NORMALLY



Test with 10 reps

SUMMARY OF ANALYSIS

Number of groups                                                 1
Number of observations                                         500

Number of dependent variables                                   10
Number of independent variables                                  2
Number of continuous latent variables                            1

Observed dependent variables

  Continuous
   Y1          Y2          Y3          Y4          Y5          Y6
   Y7          Y8          Y9          Y10

Observed independent variables
   X1          X2

Continuous latent variables
   F


Estimator                                                       ML
Information matrix                                        OBSERVED
Maximum number of iterations                                  1000
Convergence criterion                                    0.500D-04
Maximum number of steepest descent iterations                   20

Input data file(s)
  G3_B2_N2_rep84.csv

Input data format  FREE



UNIVARIATE SAMPLE STATISTICS


     UNIVARIATE HIGHER-ORDER MOMENT DESCRIPTIVE STATISTICS

         Variable/         Mean/     Skewness/   Minimum/ % with                Percentiles
        Sample Size      Variance    Kurtosis    Maximum  Min/Max      20%/60%    40%/80%    Median

     Y1                    1.872       0.623       1.000   31.80%       1.000      2.000      2.000
             500.000       0.548       0.252       4.000    2.80%       2.000      2.000
     Y2                    1.848       0.918       1.000   35.00%       1.000      2.000      2.000
             500.000       0.617       1.184       5.000    0.60%       2.000      2.000
     Y3                    3.102      -0.058       1.000    1.20%       3.000      3.000      3.000
             500.000       0.568      -0.093       5.000    2.00%       3.000      4.000
     Y4                    3.116      -0.088       1.000    1.40%       3.000      3.000      3.000
             500.000       0.579      -0.027       5.000    2.20%       3.000      4.000
     Y5                    3.116      -0.194       1.000    1.80%       3.000      3.000      3.000
             500.000       0.567       0.129       5.000    1.80%       3.000      4.000
     Y6                    1.194       2.631       1.000   83.20%       1.000      1.000      1.000
             500.000       0.216       7.729       4.000    0.40%       1.000      1.000
     Y7                    1.186       2.092       1.000   82.60%       1.000      1.000      1.000
             500.000       0.175       3.567       3.000    1.20%       1.000      1.000
     Y8                    1.192       2.188       1.000   82.60%       1.000      1.000      1.000
             500.000       0.191       4.116       3.000    1.80%       1.000      1.000
     Y9                    1.864       0.813       1.000   34.40%       1.000      2.000      2.000
             500.000       0.618       0.749       5.000    0.40%       2.000      2.000
     Y10                   1.812       0.904       1.000   36.40%       1.000      2.000      2.000
             500.000       0.577       1.313       5.000    0.60%       2.000      2.000
     X1                    0.027      -0.048      -3.046    0.20%      -0.788     -0.222      0.021
             500.000       0.943       0.287       3.298    0.20%       0.285      0.853
     X2                    0.504      -0.016       0.000   49.60%       0.000      0.000      1.000
             500.000       0.250      -2.000       1.000   50.40%       1.000      1.000


THE MODEL ESTIMATION TERMINATED NORMALLY



MODEL FIT INFORMATION

Number of Free Parameters                       34

Loglikelihood

          H0 Value                       -3145.584

Information Criteria

          Akaike (AIC)                    6359.168
          Bayesian (BIC)                  6502.465
          Sample-Size Adjusted BIC        6394.547
            (n* = (n + 2) / 24)



MODEL RESULTS

                                                    Two-Tailed
                    Estimate       S.E.  Est./S.E.    P-Value

 F        BY
    Y1                 0.608      0.027     22.185      0.000
    Y2                 0.683      0.028     24.306      0.000
    Y3                 0.604      0.028     21.354      0.000
    Y4                 0.602      0.029     20.969      0.000
    Y5                 0.586      0.029     20.469      0.000
    Y6               999.000      0.000    999.000    999.000
    Y7                 0.286      0.017     17.104      0.000
    Y8                 0.300      0.017     17.201      0.000
    Y9                 0.667      0.029     23.366      0.000
    Y10                0.617      0.028     21.825      0.000

 Y6       ON
    X1                 0.027      0.016      1.724      0.085
    X2                -0.057      0.028     -1.993      0.046

 Means
    F                  0.000      0.000    999.000    999.000

 Intercepts
    Y1                 1.872      0.033     56.566      0.000
    Y2                 1.848      0.035     52.612      0.000
    Y3                 3.102      0.034     92.068      0.000
    Y4                 3.116      0.034     91.604      0.000
    Y5                 3.116      0.034     92.569      0.000
    Y6                 1.187      0.024     49.791      0.000
    Y7                 1.186      0.019     63.321      0.000
    Y8                 1.192      0.020     60.966      0.000
    Y9                 1.864      0.035     53.041      0.000
    Y10                1.812      0.034     53.356      0.000

 Variances
    F                  1.000      0.000    999.000    999.000

 Residual Variances
    Y1                 0.178      0.013     13.960      0.000
    Y2                 0.150      0.012     12.992      0.000
    Y3                 0.203      0.014     14.142      0.000
    Y4                 0.216      0.015     14.233      0.000
    Y5                 0.223      0.016     14.365      0.000
    Y6                 0.088      0.006     14.470      0.000
    Y7                 0.093      0.006     15.004      0.000
    Y8                 0.101      0.007     14.998      0.000
    Y9                 0.173      0.013     13.507      0.000
    Y10                0.196      0.014     14.061      0.000

New/Additional Parameters
    L6_0               0.296      0.023     12.703      0.000
    L6_1               0.121      0.016      7.579      0.000
    L6_2               0.043      0.030      1.436      0.151


QUALITY OF NUMERICAL RESULTS

     Condition Number for the Information Matrix              0.357E-04
       (ratio of smallest to largest eigenvalue)


     Beginning Time:  09:56:49
        Ending Time:  09:56:53
       Elapsed Time:  00:00:04



MUTHEN & MUTHEN
3463 Stoner Ave.
Los Angeles, CA  90066

Tel: (310) 391-9971
Fax: (310) 391-8971
Web: www.StatModel.com
Support: Support@StatModel.com

Copyright (c) 1998-2019 Muthen & Muthen
