Mplus VERSION 8.3
MUTHEN & MUTHEN
04/24/2024  12:04 PM

INPUT INSTRUCTIONS


  TITLE: Test with 10 reps

  DATA:
  File is
  G2_B2_N1_rep163.csv;

  VARIABLE:
      Names are x1 x2 eta
  	y1 y2 y3 y4 y5 y6 y7 y8 y9 y10;
      Usevariables are y1-y10 x1 x2;
      constraint = x1 x2;

  MODEL:
      f BY y1* (l1);
      f BY y2* (l2);
      f BY y3* (l3);
      f BY y4* (l4);
      f BY y5* (l5);
      f BY y6* (l6);
      f BY y7* (l7);
      f BY y8* (l8);
      f BY y9* (l9);
      f BY y10* (l10);

  y2 ON x1 x2;
  f@1;
  [f@0];

  MODEL CONSTRAINT:
      new (l2_0 l2_1 l2_2);
      l2 = l2_0 + l2_1*x1 + l2_2*x2;




INPUT READING TERMINATED NORMALLY



Test with 10 reps

SUMMARY OF ANALYSIS

Number of groups                                                 1
Number of observations                                         250

Number of dependent variables                                   10
Number of independent variables                                  2
Number of continuous latent variables                            1

Observed dependent variables

  Continuous
   Y1          Y2          Y3          Y4          Y5          Y6
   Y7          Y8          Y9          Y10

Observed independent variables
   X1          X2

Continuous latent variables
   F


Estimator                                                       ML
Information matrix                                        OBSERVED
Maximum number of iterations                                  1000
Convergence criterion                                    0.500D-04
Maximum number of steepest descent iterations                   20

Input data file(s)
  G2_B2_N1_rep163.csv

Input data format  FREE



UNIVARIATE SAMPLE STATISTICS


     UNIVARIATE HIGHER-ORDER MOMENT DESCRIPTIVE STATISTICS

         Variable/         Mean/     Skewness/   Minimum/ % with                Percentiles
        Sample Size      Variance    Kurtosis    Maximum  Min/Max      20%/60%    40%/80%    Median

     Y1                    1.872       0.592       1.000   34.00%       1.000      2.000      2.000
             250.000       0.592      -0.076       4.000    2.80%       2.000      2.000
     Y2                    1.924       0.568       1.000   30.00%       1.000      2.000      2.000
             250.000       0.574       0.382       5.000    0.40%       2.000      2.000
     Y3                    3.176      -0.172       1.000    1.60%       3.000      3.000      3.000
             250.000       0.617      -0.061       5.000    2.80%       3.000      4.000
     Y4                    3.164      -0.299       1.000    1.60%       3.000      3.000      3.000
             250.000       0.625      -0.360       5.000    1.60%       3.000      4.000
     Y5                    3.172      -0.057       1.000    2.00%       3.000      3.000      3.000
             250.000       0.662       0.106       5.000    4.40%       3.000      4.000
     Y6                    1.180       2.374       1.000   84.00%       1.000      1.000      1.000
             250.000       0.188       5.059       3.000    2.00%       1.000      1.000
     Y7                    1.192       2.435       1.000   82.00%       1.000      1.000      1.000
             250.000       0.187       7.447       4.000    0.40%       1.000      1.000
     Y8                    1.180       3.124       1.000   85.20%       1.000      1.000      1.000
             250.000       0.228      11.255       4.000    0.80%       1.000      1.000
     Y9                    1.848       0.740       1.000   35.20%       1.000      2.000      2.000
             250.000       0.593       0.603       5.000    0.40%       2.000      2.000
     Y10                   1.896       0.562       1.000   31.60%       1.000      2.000      2.000
             250.000       0.573      -0.004       4.000    2.80%       2.000      2.000
     X1                   -0.067      -0.020      -2.647    0.40%      -0.850     -0.349     -0.073
             250.000       1.005      -0.217       2.785    0.40%       0.124      0.825
     X2                    0.568      -0.275       0.000   43.20%       0.000      0.000      1.000
             250.000       0.245      -1.925       1.000   56.80%       1.000      1.000


THE MODEL ESTIMATION TERMINATED NORMALLY



MODEL FIT INFORMATION

Number of Free Parameters                       34

Loglikelihood

          H0 Value                       -1981.341

Information Criteria

          Akaike (AIC)                    4030.681
          Bayesian (BIC)                  4150.411
          Sample-Size Adjusted BIC        4042.628
            (n* = (n + 2) / 24)



MODEL RESULTS

                                                    Two-Tailed
                    Estimate       S.E.  Est./S.E.    P-Value

 F        BY
    Y1                 0.572      0.043     13.275      0.000
    Y2               999.000      0.000    999.000    999.000
    Y3                 0.575      0.044     12.991      0.000
    Y4                 0.561      0.045     12.421      0.000
    Y5                 0.600      0.046     13.113      0.000
    Y6                 0.229      0.027      8.609      0.000
    Y7                 0.274      0.026     10.710      0.000
    Y8                 0.255      0.029      8.734      0.000
    Y9                 0.560      0.043     12.873      0.000
    Y10                0.543      0.043     12.632      0.000

 Y2       ON
    X1                 0.013      0.035      0.360      0.719
    X2                -0.020      0.071     -0.288      0.774

 Means
    F                  0.000      0.000    999.000    999.000

 Intercepts
    Y1                 1.872      0.049     38.482      0.000
    Y2                 1.924      0.064     30.137      0.000
    Y3                 3.176      0.050     63.929      0.000
    Y4                 3.164      0.050     63.275      0.000
    Y5                 3.172      0.051     61.622      0.000
    Y6                 1.180      0.027     43.076      0.000
    Y7                 1.192      0.027     43.568      0.000
    Y8                 1.180      0.030     39.108      0.000
    Y9                 1.848      0.049     37.947      0.000
    Y10                1.896      0.048     39.597      0.000

 Variances
    F                  1.000      0.000    999.000    999.000

 Residual Variances
    Y1                 0.265      0.027      9.701      0.000
    Y2                 0.253      0.026      9.707      0.000
    Y3                 0.286      0.029      9.773      0.000
    Y4                 0.311      0.031      9.930      0.000
    Y5                 0.302      0.031      9.721      0.000
    Y6                 0.135      0.013     10.708      0.000
    Y7                 0.112      0.011     10.346      0.000
    Y8                 0.162      0.015     10.701      0.000
    Y9                 0.279      0.028      9.828      0.000
    Y10                0.278      0.028      9.904      0.000

New/Additional Parameters
    L2_0               0.562      0.062      9.044      0.000
    L2_1               0.067      0.035      1.901      0.057
    L2_2               0.003      0.076      0.035      0.972


QUALITY OF NUMERICAL RESULTS

     Condition Number for the Information Matrix              0.114E-03
       (ratio of smallest to largest eigenvalue)


     Beginning Time:  12:04:44
        Ending Time:  12:04:45
       Elapsed Time:  00:00:01



MUTHEN & MUTHEN
3463 Stoner Ave.
Los Angeles, CA  90066

Tel: (310) 391-9971
Fax: (310) 391-8971
Web: www.StatModel.com
Support: Support@StatModel.com

Copyright (c) 1998-2019 Muthen & Muthen
