Mplus VERSION 8.3
MUTHEN & MUTHEN
04/24/2024  11:53 AM

INPUT INSTRUCTIONS


  TITLE: Test with 10 reps

  DATA:
  File is
  G2_B2_N1_rep119.csv;

  VARIABLE:
      Names are x1 x2 eta
  	y1 y2 y3 y4 y5 y6 y7 y8 y9 y10;
      Usevariables are y1-y10 x1 x2;
      constraint = x1 x2;

  MODEL:
      f BY y1* (l1);
      f BY y2* (l2);
      f BY y3* (l3);
      f BY y4* (l4);
      f BY y5* (l5);
      f BY y6* (l6);
      f BY y7* (l7);
      f BY y8* (l8);
      f BY y9* (l9);
      f BY y10* (l10);

  y9 ON x1 x2;
  f@1;
  [f@0];

  MODEL CONSTRAINT:
      new (l9_0 l9_1 l9_2);
      l9 = l9_0 + l9_1*x1 + l9_2*x2;




INPUT READING TERMINATED NORMALLY



Test with 10 reps

SUMMARY OF ANALYSIS

Number of groups                                                 1
Number of observations                                         250

Number of dependent variables                                   10
Number of independent variables                                  2
Number of continuous latent variables                            1

Observed dependent variables

  Continuous
   Y1          Y2          Y3          Y4          Y5          Y6
   Y7          Y8          Y9          Y10

Observed independent variables
   X1          X2

Continuous latent variables
   F


Estimator                                                       ML
Information matrix                                        OBSERVED
Maximum number of iterations                                  1000
Convergence criterion                                    0.500D-04
Maximum number of steepest descent iterations                   20

Input data file(s)
  G2_B2_N1_rep119.csv

Input data format  FREE



UNIVARIATE SAMPLE STATISTICS


     UNIVARIATE HIGHER-ORDER MOMENT DESCRIPTIVE STATISTICS

         Variable/         Mean/     Skewness/   Minimum/ % with                Percentiles
        Sample Size      Variance    Kurtosis    Maximum  Min/Max      20%/60%    40%/80%    Median

     Y1                    1.852       0.490       1.000   32.00%       1.000      2.000      2.000
             250.000       0.502      -0.015       4.000    1.60%       2.000      2.000
     Y2                    1.824       0.769       1.000   34.80%       1.000      2.000      2.000
             250.000       0.545       0.944       5.000    0.40%       2.000      2.000
     Y3                    3.056       0.060       1.000    1.20%       2.000      3.000      3.000
             250.000       0.597      -0.152       5.000    2.40%       3.000      4.000
     Y4                    3.076       0.049       1.000    1.20%       3.000      3.000      3.000
             250.000       0.558       0.114       5.000    2.40%       3.000      4.000
     Y5                    3.084       0.087       1.000    0.80%       2.000      3.000      3.000
             250.000       0.565      -0.119       5.000    2.40%       3.000      4.000
     Y6                    1.108       3.923       1.000   90.00%       1.000      1.000      1.000
             250.000       0.120      20.528       4.000    0.40%       1.000      1.000
     Y7                    1.160       2.639       1.000   86.00%       1.000      1.000      1.000
             250.000       0.174       6.520       3.000    2.00%       1.000      1.000
     Y8                    1.160       2.076       1.000   84.40%       1.000      1.000      1.000
             250.000       0.142       3.020       3.000    0.40%       1.000      1.000
     Y9                    1.824       0.852       1.000   33.20%       1.000      2.000      2.000
             250.000       0.521       1.449       5.000    0.40%       2.000      2.000
     Y10                   1.792       0.780       1.000   36.40%       1.000      2.000      2.000
             250.000       0.525       1.026       5.000    0.40%       2.000      2.000
     X1                   -0.105      -0.071      -3.175    0.40%      -0.951     -0.422     -0.104
             250.000       1.222      -0.056       2.899    0.40%       0.157      0.796
     X2                    0.480       0.080       0.000   52.00%       0.000      0.000      0.000
             250.000       0.250      -1.994       1.000   48.00%       1.000      1.000


THE MODEL ESTIMATION TERMINATED NORMALLY



MODEL FIT INFORMATION

Number of Free Parameters                       34

Loglikelihood

          H0 Value                       -1763.950

Information Criteria

          Akaike (AIC)                    3595.901
          Bayesian (BIC)                  3715.631
          Sample-Size Adjusted BIC        3607.848
            (n* = (n + 2) / 24)



MODEL RESULTS

                                                    Two-Tailed
                    Estimate       S.E.  Est./S.E.    P-Value

 F        BY
    Y1                 0.535      0.039     13.608      0.000
    Y2                 0.594      0.040     14.889      0.000
    Y3                 0.529      0.045     11.859      0.000
    Y4                 0.550      0.042     13.092      0.000
    Y5                 0.543      0.043     12.775      0.000
    Y6                 0.187      0.021      8.821      0.000
    Y7                 0.229      0.025      8.987      0.000
    Y8                 0.201      0.023      8.694      0.000
    Y9               999.000      0.000    999.000    999.000
    Y10                0.536      0.041     13.194      0.000

 Y9       ON
    X1                -0.004      0.032     -0.136      0.892
    X2                 0.122      0.070      1.747      0.081

 Means
    F                  0.000      0.000    999.000    999.000

 Intercepts
    Y1                 1.852      0.045     41.325      0.000
    Y2                 1.824      0.047     39.065      0.000
    Y3                 3.056      0.049     62.544      0.000
    Y4                 3.076      0.047     65.096      0.000
    Y5                 3.084      0.048     64.876      0.000
    Y6                 1.108      0.022     50.502      0.000
    Y7                 1.160      0.026     43.919      0.000
    Y8                 1.160      0.024     48.604      0.000
    Y9                 1.778      0.055     32.210      0.000
    Y10                1.792      0.046     39.114      0.000

 Variances
    F                  1.000      0.000    999.000    999.000

 Residual Variances
    Y1                 0.215      0.022      9.619      0.000
    Y2                 0.193      0.021      9.004      0.000
    Y3                 0.317      0.031     10.120      0.000
    Y4                 0.256      0.026      9.777      0.000
    Y5                 0.270      0.027      9.897      0.000
    Y6                 0.085      0.008     10.697      0.000
    Y7                 0.122      0.011     10.660      0.000
    Y8                 0.102      0.010     10.709      0.000
    Y9                 0.259      0.026      9.998      0.000
    Y10                0.238      0.024      9.733      0.000

New/Additional Parameters
    L9_0               0.432      0.060      7.258      0.000
    L9_1              -0.092      0.031     -3.012      0.003
    L9_2               0.091      0.074      1.238      0.216


QUALITY OF NUMERICAL RESULTS

     Condition Number for the Information Matrix              0.629E-04
       (ratio of smallest to largest eigenvalue)


     Beginning Time:  11:53:08
        Ending Time:  11:53:09
       Elapsed Time:  00:00:01



MUTHEN & MUTHEN
3463 Stoner Ave.
Los Angeles, CA  90066

Tel: (310) 391-9971
Fax: (310) 391-8971
Web: www.StatModel.com
Support: Support@StatModel.com

Copyright (c) 1998-2019 Muthen & Muthen
