Mplus VERSION 8.3
MUTHEN & MUTHEN
04/24/2024  11:49 AM

INPUT INSTRUCTIONS


  TITLE: Test with 10 reps

  DATA:
  File is
  G2_B2_N1_rep104.csv;

  VARIABLE:
      Names are x1 x2 eta
  	y1 y2 y3 y4 y5 y6 y7 y8 y9 y10;
      Usevariables are y1-y10 x1 x2;
      constraint = x1 x2;

  MODEL:
      f BY y1* (l1);
      f BY y2* (l2);
      f BY y3* (l3);
      f BY y4* (l4);
      f BY y5* (l5);
      f BY y6* (l6);
      f BY y7* (l7);
      f BY y8* (l8);
      f BY y9* (l9);
      f BY y10* (l10);

  y10 ON x1 x2;
  f@1;
  [f@0];

  MODEL CONSTRAINT:
      new (l10_0 l10_1 l10_2);
      l10 = l10_0 + l10_1*x1 + l10_2*x2;




INPUT READING TERMINATED NORMALLY



Test with 10 reps

SUMMARY OF ANALYSIS

Number of groups                                                 1
Number of observations                                         250

Number of dependent variables                                   10
Number of independent variables                                  2
Number of continuous latent variables                            1

Observed dependent variables

  Continuous
   Y1          Y2          Y3          Y4          Y5          Y6
   Y7          Y8          Y9          Y10

Observed independent variables
   X1          X2

Continuous latent variables
   F


Estimator                                                       ML
Information matrix                                        OBSERVED
Maximum number of iterations                                  1000
Convergence criterion                                    0.500D-04
Maximum number of steepest descent iterations                   20

Input data file(s)
  G2_B2_N1_rep104.csv

Input data format  FREE



UNIVARIATE SAMPLE STATISTICS


     UNIVARIATE HIGHER-ORDER MOMENT DESCRIPTIVE STATISTICS

         Variable/         Mean/     Skewness/   Minimum/ % with                Percentiles
        Sample Size      Variance    Kurtosis    Maximum  Min/Max      20%/60%    40%/80%    Median

     Y1                    1.764       0.489       1.000   37.20%       1.000      2.000      2.000
             250.000       0.468      -0.226       4.000    0.80%       2.000      2.000
     Y2                    1.788       0.800       1.000   35.60%       1.000      2.000      2.000
             250.000       0.503       1.285       5.000    0.40%       2.000      2.000
     Y3                    3.080      -0.013       1.000    1.60%       3.000      3.000      3.000
             250.000       0.554       0.330       5.000    2.40%       3.000      4.000
     Y4                    3.092      -0.332       1.000    2.00%       3.000      3.000      3.000
             250.000       0.516       0.307       5.000    0.80%       3.000      4.000
     Y5                    3.128       0.034       1.000    1.20%       3.000      3.000      3.000
             250.000       0.600      -0.005       5.000    3.20%       3.000      4.000
     Y6                    1.140       2.956       1.000   88.00%       1.000      1.000      1.000
             250.000       0.160       8.443       3.000    2.00%       1.000      1.000
     Y7                    1.124       2.579       1.000   88.00%       1.000      1.000      1.000
             250.000       0.117       5.680       3.000    0.40%       1.000      1.000
     Y8                    1.160       1.855       1.000   84.00%       1.000      1.000      1.000
             250.000       0.134       1.440       2.000   16.00%       1.000      1.000
     Y9                    1.772       0.494       1.000   38.40%       1.000      2.000      2.000
             250.000       0.504      -0.429       4.000    0.80%       2.000      2.000
     Y10                   1.824       0.657       1.000   34.80%       1.000      2.000      2.000
             250.000       0.529       0.654       5.000    0.40%       2.000      2.000
     X1                   -0.010      -0.108      -2.557    0.40%      -0.751     -0.180      0.002
             250.000       0.844      -0.072       2.737    0.40%       0.245      0.754
     X2                    0.484       0.064       0.000   51.60%       0.000      0.000      0.000
             250.000       0.250      -1.996       1.000   48.40%       1.000      1.000


THE MODEL ESTIMATION TERMINATED NORMALLY

     THE STANDARD ERRORS OF THE MODEL PARAMETER ESTIMATES MAY NOT BE
     TRUSTWORTHY FOR SOME PARAMETERS DUE TO A NON-POSITIVE DEFINITE
     FIRST-ORDER DERIVATIVE PRODUCT MATRIX.  THIS MAY BE DUE TO THE STARTING
     VALUES BUT MAY ALSO BE AN INDICATION OF MODEL NONIDENTIFICATION.  THE
     CONDITION NUMBER IS       0.186D-14.  PROBLEM INVOLVING THE FOLLOWING PARAMETER:
     Parameter 35, L10_2

     THIS IS MOST LIKELY DUE TO VARIABLE Y8 BEING DICHOTOMOUS BUT
     DECLARED AS CONTINUOUS.




MODEL FIT INFORMATION

Number of Free Parameters                       34

Loglikelihood

          H0 Value                       -1691.067

Information Criteria

          Akaike (AIC)                    3450.133
          Bayesian (BIC)                  3569.863
          Sample-Size Adjusted BIC        3462.080
            (n* = (n + 2) / 24)



MODEL RESULTS

                                                    Two-Tailed
                    Estimate       S.E.  Est./S.E.    P-Value

 F        BY
    Y1                 0.507      0.038     13.233      0.000
    Y2                 0.518      0.040     12.955      0.000
    Y3                 0.555      0.042     13.369      0.000
    Y4                 0.530      0.040     13.155      0.000
    Y5                 0.598      0.043     14.036      0.000
    Y6                 0.224      0.024      9.211      0.000
    Y7                 0.207      0.020     10.147      0.000
    Y8                 0.223      0.022     10.214      0.000
    Y9                 0.507      0.040     12.578      0.000
    Y10              999.000      0.000    999.000    999.000

 Y10      ON
    X1                 0.100      0.040      2.513      0.012
    X2                 0.103      0.071      1.455      0.146

 Means
    F                  0.000      0.000    999.000    999.000

 Intercepts
    Y1                 1.764      0.043     40.757      0.000
    Y2                 1.788      0.045     39.859      0.000
    Y3                 3.080      0.047     65.452      0.000
    Y4                 3.092      0.045     68.089      0.000
    Y5                 3.128      0.049     63.870      0.000
    Y6                 1.140      0.025     45.006      0.000
    Y7                 1.124      0.022     52.041      0.000
    Y8                 1.160      0.023     50.030      0.000
    Y9                 1.772      0.045     39.465      0.000
    Y10                1.781      0.057     31.063      0.000

 Variances
    F                  1.000      0.000    999.000    999.000

 Residual Variances
    Y1                 0.211      0.022      9.713      0.000
    Y2                 0.235      0.024      9.811      0.000
    Y3                 0.245      0.025      9.692      0.000
    Y4                 0.235      0.024      9.764      0.000
    Y5                 0.242      0.026      9.435      0.000
    Y6                 0.110      0.010     10.633      0.000
    Y7                 0.074      0.007     10.447      0.000
    Y8                 0.085      0.008     10.478      0.000
    Y9                 0.247      0.025      9.954      0.000
    Y10                0.284      0.028     10.309      0.000

New/Additional Parameters
    L10_0              0.476      0.055      8.671      0.000
    L10_1             -0.032      0.037     -0.863      0.388
    L10_2             -0.022      0.075     -0.292      0.771


QUALITY OF NUMERICAL RESULTS

     Condition Number for the Information Matrix              0.483E-04
       (ratio of smallest to largest eigenvalue)


TECHNICAL 1 OUTPUT


     PARAMETER SPECIFICATION


           NU
              Y1            Y2            Y3            Y4            Y5
              ________      ________      ________      ________      ________
                  1             2             3             4             5


           NU
              Y6            Y7            Y8            Y9            Y10
              ________      ________      ________      ________      ________
                  6             7             8             9             0


           NU
              X1            X2
              ________      ________
                  0             0


           LAMBDA
              F             Y10           X1            X2
              ________      ________      ________      ________
 Y1                10             0             0             0
 Y2                11             0             0             0
 Y3                12             0             0             0
 Y4                13             0             0             0
 Y5                14             0             0             0
 Y6                15             0             0             0
 Y7                16             0             0             0
 Y8                17             0             0             0
 Y9                18             0             0             0
 Y10                0             0             0             0
 X1                 0             0             0             0
 X2                 0             0             0             0


           THETA
              Y1            Y2            Y3            Y4            Y5
              ________      ________      ________      ________      ________
 Y1                19
 Y2                 0            20
 Y3                 0             0            21
 Y4                 0             0             0            22
 Y5                 0             0             0             0            23
 Y6                 0             0             0             0             0
 Y7                 0             0             0             0             0
 Y8                 0             0             0             0             0
 Y9                 0             0             0             0             0
 Y10                0             0             0             0             0
 X1                 0             0             0             0             0
 X2                 0             0             0             0             0


           THETA
              Y6            Y7            Y8            Y9            Y10
              ________      ________      ________      ________      ________
 Y6                24
 Y7                 0            25
 Y8                 0             0            26
 Y9                 0             0             0            27
 Y10                0             0             0             0             0
 X1                 0             0             0             0             0
 X2                 0             0             0             0             0


           THETA
              X1            X2
              ________      ________
 X1                 0
 X2                 0             0


           ALPHA
              F             Y10           X1            X2
              ________      ________      ________      ________
                  0            28             0             0


           BETA
              F             Y10           X1            X2
              ________      ________      ________      ________
 F                  0             0             0             0
 Y10               29             0            30            31
 X1                 0             0             0             0
 X2                 0             0             0             0


           PSI
              F             Y10           X1            X2
              ________      ________      ________      ________
 F                  0
 Y10                0            32
 X1                 0             0             0
 X2                 0             0             0             0


     PARAMETER SPECIFICATION FOR THE ADDITIONAL PARAMETERS


           New/Additional Parameters
              L10_0         L10_1         L10_2
              ________      ________      ________
                   33            34            35


     STARTING VALUES


           NU
              Y1            Y2            Y3            Y4            Y5
              ________      ________      ________      ________      ________
                1.764         1.788         3.080         3.092         3.128


           NU
              Y6            Y7            Y8            Y9            Y10
              ________      ________      ________      ________      ________
                1.140         1.124         1.160         1.772         0.000


           NU
              X1            X2
              ________      ________
                0.000         0.000


           LAMBDA
              F             Y10           X1            X2
              ________      ________      ________      ________
 Y1             1.000         0.000         0.000         0.000
 Y2             1.000         0.000         0.000         0.000
 Y3             1.000         0.000         0.000         0.000
 Y4             1.000         0.000         0.000         0.000
 Y5             1.000         0.000         0.000         0.000
 Y6             1.000         0.000         0.000         0.000
 Y7             1.000         0.000         0.000         0.000
 Y8             1.000         0.000         0.000         0.000
 Y9             1.000         0.000         0.000         0.000
 Y10            0.000         1.000         0.000         0.000
 X1             0.000         0.000         1.000         0.000
 X2             0.000         0.000         0.000         1.000


           THETA
              Y1            Y2            Y3            Y4            Y5
              ________      ________      ________      ________      ________
 Y1             0.234
 Y2             0.000         0.252
 Y3             0.000         0.000         0.277
 Y4             0.000         0.000         0.000         0.258
 Y5             0.000         0.000         0.000         0.000         0.300
 Y6             0.000         0.000         0.000         0.000         0.000
 Y7             0.000         0.000         0.000         0.000         0.000
 Y8             0.000         0.000         0.000         0.000         0.000
 Y9             0.000         0.000         0.000         0.000         0.000
 Y10            0.000         0.000         0.000         0.000         0.000
 X1             0.000         0.000         0.000         0.000         0.000
 X2             0.000         0.000         0.000         0.000         0.000


           THETA
              Y6            Y7            Y8            Y9            Y10
              ________      ________      ________      ________      ________
 Y6             0.080
 Y7             0.000         0.058
 Y8             0.000         0.000         0.067
 Y9             0.000         0.000         0.000         0.252
 Y10            0.000         0.000         0.000         0.000         0.000
 X1             0.000         0.000         0.000         0.000         0.000
 X2             0.000         0.000         0.000         0.000         0.000


           THETA
              X1            X2
              ________      ________
 X1             0.000
 X2             0.000         0.000


           ALPHA
              F             Y10           X1            X2
              ________      ________      ________      ________
                0.000         1.824        -0.010         0.484


           BETA
              F             Y10           X1            X2
              ________      ________      ________      ________
 F              0.000         0.000         0.000         0.000
 Y10            1.000         0.000         0.000         0.000
 X1             0.000         0.000         0.000         0.000
 X2             0.000         0.000         0.000         0.000


           PSI
              F             Y10           X1            X2
              ________      ________      ________      ________
 F              1.000
 Y10            0.000         0.265
 X1             0.000         0.000         0.844
 X2             0.000         0.000        -0.032         0.250


     STARTING VALUES FOR THE ADDITIONAL PARAMETERS


           New/Additional Parameters
              L10_0         L10_1         L10_2
              ________      ________      ________
                0.500         0.500         0.500


     Beginning Time:  11:49:11
        Ending Time:  11:49:12
       Elapsed Time:  00:00:01



MUTHEN & MUTHEN
3463 Stoner Ave.
Los Angeles, CA  90066

Tel: (310) 391-9971
Fax: (310) 391-8971
Web: www.StatModel.com
Support: Support@StatModel.com

Copyright (c) 1998-2019 Muthen & Muthen
