Mplus VERSION 8.3
MUTHEN & MUTHEN
04/24/2024  11:50 AM

INPUT INSTRUCTIONS


  TITLE: Test with 10 reps

  DATA:
  File is
  G2_B2_N1_rep108.csv;

  VARIABLE:
      Names are x1 x2 eta
  	y1 y2 y3 y4 y5 y6 y7 y8 y9 y10;
      Usevariables are y1-y10 x1 x2;
      constraint = x1 x2;

  MODEL:
      f BY y1* (l1);
      f BY y2* (l2);
      f BY y3* (l3);
      f BY y4* (l4);
      f BY y5* (l5);
      f BY y6* (l6);
      f BY y7* (l7);
      f BY y8* (l8);
      f BY y9* (l9);
      f BY y10* (l10);

  y4 ON x1 x2;
  f@1;
  [f@0];

  MODEL CONSTRAINT:
      new (l4_0 l4_1 l4_2);
      l4 = l4_0 + l4_1*x1 + l4_2*x2;




INPUT READING TERMINATED NORMALLY



Test with 10 reps

SUMMARY OF ANALYSIS

Number of groups                                                 1
Number of observations                                         250

Number of dependent variables                                   10
Number of independent variables                                  2
Number of continuous latent variables                            1

Observed dependent variables

  Continuous
   Y1          Y2          Y3          Y4          Y5          Y6
   Y7          Y8          Y9          Y10

Observed independent variables
   X1          X2

Continuous latent variables
   F


Estimator                                                       ML
Information matrix                                        OBSERVED
Maximum number of iterations                                  1000
Convergence criterion                                    0.500D-04
Maximum number of steepest descent iterations                   20

Input data file(s)
  G2_B2_N1_rep108.csv

Input data format  FREE



UNIVARIATE SAMPLE STATISTICS


     UNIVARIATE HIGHER-ORDER MOMENT DESCRIPTIVE STATISTICS

         Variable/         Mean/     Skewness/   Minimum/ % with                Percentiles
        Sample Size      Variance    Kurtosis    Maximum  Min/Max      20%/60%    40%/80%    Median

     Y1                    1.840       0.503       1.000   34.40%       1.000      2.000      2.000
             250.000       0.534      -0.216       4.000    1.60%       2.000      2.000
     Y2                    1.800       0.697       1.000   36.40%       1.000      2.000      2.000
             250.000       0.536       0.316       4.000    2.40%       2.000      2.000
     Y3                    3.176      -0.032       1.000    0.40%       3.000      3.000      3.000
             250.000       0.577      -0.460       5.000    2.40%       3.000      4.000
     Y4                    3.144      -0.040       1.000    0.40%       3.000      3.000      3.000
             250.000       0.467      -0.120       5.000    1.20%       3.000      4.000
     Y5                    3.148      -0.296       1.000    1.20%       3.000      3.000      3.000
             250.000       0.526      -0.163       5.000    0.80%       3.000      4.000
     Y6                    1.172       2.254       1.000   84.00%       1.000      1.000      1.000
             250.000       0.166       4.377       3.000    1.20%       1.000      1.000
     Y7                    1.152       1.939       1.000   84.80%       1.000      1.000      1.000
             250.000       0.129       1.758       2.000   15.20%       1.000      1.000
     Y8                    1.232       2.540       1.000   80.80%       1.000      1.000      1.000
             250.000       0.274       7.138       4.000    0.80%       1.000      1.000
     Y9                    1.892       0.357       1.000   30.80%       1.000      2.000      2.000
             250.000       0.520      -0.425       4.000    1.20%       2.000      2.000
     Y10                   1.888       0.697       1.000   31.20%       1.000      2.000      2.000
             250.000       0.563       0.759       5.000    0.40%       2.000      2.000
     X1                   -0.001      -0.139      -2.542    0.40%      -0.853     -0.268      0.026
             250.000       0.908      -0.454       2.037    0.40%       0.323      0.832
     X2                    0.496       0.016       0.000   50.40%       0.000      0.000      0.000
             250.000       0.250      -2.000       1.000   49.60%       1.000      1.000


THE MODEL ESTIMATION TERMINATED NORMALLY

     THE STANDARD ERRORS OF THE MODEL PARAMETER ESTIMATES MAY NOT BE
     TRUSTWORTHY FOR SOME PARAMETERS DUE TO A NON-POSITIVE DEFINITE
     FIRST-ORDER DERIVATIVE PRODUCT MATRIX.  THIS MAY BE DUE TO THE STARTING
     VALUES BUT MAY ALSO BE AN INDICATION OF MODEL NONIDENTIFICATION.  THE
     CONDITION NUMBER IS       0.430D-13.  PROBLEM INVOLVING THE FOLLOWING PARAMETER:
     Parameter 35, L4_2

     THIS IS MOST LIKELY DUE TO VARIABLE Y7 BEING DICHOTOMOUS BUT
     DECLARED AS CONTINUOUS.




MODEL FIT INFORMATION

Number of Free Parameters                       34

Loglikelihood

          H0 Value                       -1852.035

Information Criteria

          Akaike (AIC)                    3772.069
          Bayesian (BIC)                  3891.799
          Sample-Size Adjusted BIC        3784.016
            (n* = (n + 2) / 24)



MODEL RESULTS

                                                    Two-Tailed
                    Estimate       S.E.  Est./S.E.    P-Value

 F        BY
    Y1                 0.514      0.042     12.263      0.000
    Y2                 0.540      0.041     13.100      0.000
    Y3                 0.548      0.043     12.703      0.000
    Y4               999.000      0.000    999.000    999.000
    Y5                 0.507      0.042     12.169      0.000
    Y6                 0.217      0.025      8.649      0.000
    Y7                 0.214      0.022      9.918      0.000
    Y8                 0.306      0.032      9.643      0.000
    Y9                 0.502      0.042     12.088      0.000
    Y10                0.562      0.042     13.368      0.000

 Y4       ON
    X1                -0.022      0.034     -0.638      0.524
    X2                 0.060      0.065      0.933      0.351

 Means
    F                  0.000      0.000    999.000    999.000

 Intercepts
    Y1                 1.840      0.046     39.797      0.000
    Y2                 1.800      0.046     38.874      0.000
    Y3                 3.176      0.048     66.108      0.000
    Y4                 3.122      0.054     58.025      0.000
    Y5                 3.148      0.046     68.623      0.000
    Y6                 1.172      0.026     45.425      0.000
    Y7                 1.152      0.023     50.734      0.000
    Y8                 1.232      0.033     37.202      0.000
    Y9                 1.892      0.046     41.471      0.000
    Y10                1.888      0.047     39.769      0.000

 Variances
    F                  1.000      0.000    999.000    999.000

 Residual Variances
    Y1                 0.270      0.027      9.936      0.000
    Y2                 0.244      0.025      9.660      0.000
    Y3                 0.277      0.028      9.794      0.000
    Y4                 0.220      0.023      9.734      0.000
    Y5                 0.269      0.027      9.961      0.000
    Y6                 0.119      0.011     10.667      0.000
    Y7                 0.083      0.008     10.481      0.000
    Y8                 0.181      0.017     10.500      0.000
    Y9                 0.269      0.027      9.992      0.000
    Y10                0.248      0.026      9.549      0.000

New/Additional Parameters
    L4_0               0.476      0.051      9.357      0.000
    L4_1              -0.085      0.037     -2.286      0.022
    L4_2               0.015      0.068      0.218      0.828


QUALITY OF NUMERICAL RESULTS

     Condition Number for the Information Matrix              0.617E-04
       (ratio of smallest to largest eigenvalue)


TECHNICAL 1 OUTPUT


     PARAMETER SPECIFICATION


           NU
              Y1            Y2            Y3            Y4            Y5
              ________      ________      ________      ________      ________
                  1             2             3             0             4


           NU
              Y6            Y7            Y8            Y9            Y10
              ________      ________      ________      ________      ________
                  5             6             7             8             9


           NU
              X1            X2
              ________      ________
                  0             0


           LAMBDA
              F             Y4            X1            X2
              ________      ________      ________      ________
 Y1                10             0             0             0
 Y2                11             0             0             0
 Y3                12             0             0             0
 Y4                 0             0             0             0
 Y5                13             0             0             0
 Y6                14             0             0             0
 Y7                15             0             0             0
 Y8                16             0             0             0
 Y9                17             0             0             0
 Y10               18             0             0             0
 X1                 0             0             0             0
 X2                 0             0             0             0


           THETA
              Y1            Y2            Y3            Y4            Y5
              ________      ________      ________      ________      ________
 Y1                19
 Y2                 0            20
 Y3                 0             0            21
 Y4                 0             0             0             0
 Y5                 0             0             0             0            22
 Y6                 0             0             0             0             0
 Y7                 0             0             0             0             0
 Y8                 0             0             0             0             0
 Y9                 0             0             0             0             0
 Y10                0             0             0             0             0
 X1                 0             0             0             0             0
 X2                 0             0             0             0             0


           THETA
              Y6            Y7            Y8            Y9            Y10
              ________      ________      ________      ________      ________
 Y6                23
 Y7                 0            24
 Y8                 0             0            25
 Y9                 0             0             0            26
 Y10                0             0             0             0            27
 X1                 0             0             0             0             0
 X2                 0             0             0             0             0


           THETA
              X1            X2
              ________      ________
 X1                 0
 X2                 0             0


           ALPHA
              F             Y4            X1            X2
              ________      ________      ________      ________
                  0            28             0             0


           BETA
              F             Y4            X1            X2
              ________      ________      ________      ________
 F                  0             0             0             0
 Y4                29             0            30            31
 X1                 0             0             0             0
 X2                 0             0             0             0


           PSI
              F             Y4            X1            X2
              ________      ________      ________      ________
 F                  0
 Y4                 0            32
 X1                 0             0             0
 X2                 0             0             0             0


     PARAMETER SPECIFICATION FOR THE ADDITIONAL PARAMETERS


           New/Additional Parameters
              L4_0          L4_1          L4_2
              ________      ________      ________
                   33            34            35


     STARTING VALUES


           NU
              Y1            Y2            Y3            Y4            Y5
              ________      ________      ________      ________      ________
                1.840         1.800         3.176         0.000         3.148


           NU
              Y6            Y7            Y8            Y9            Y10
              ________      ________      ________      ________      ________
                1.172         1.152         1.232         1.892         1.888


           NU
              X1            X2
              ________      ________
                0.000         0.000


           LAMBDA
              F             Y4            X1            X2
              ________      ________      ________      ________
 Y1             1.000         0.000         0.000         0.000
 Y2             1.000         0.000         0.000         0.000
 Y3             1.000         0.000         0.000         0.000
 Y4             0.000         1.000         0.000         0.000
 Y5             1.000         0.000         0.000         0.000
 Y6             1.000         0.000         0.000         0.000
 Y7             1.000         0.000         0.000         0.000
 Y8             1.000         0.000         0.000         0.000
 Y9             1.000         0.000         0.000         0.000
 Y10            1.000         0.000         0.000         0.000
 X1             0.000         0.000         1.000         0.000
 X2             0.000         0.000         0.000         1.000


           THETA
              Y1            Y2            Y3            Y4            Y5
              ________      ________      ________      ________      ________
 Y1             0.267
 Y2             0.000         0.268
 Y3             0.000         0.000         0.289
 Y4             0.000         0.000         0.000         0.000
 Y5             0.000         0.000         0.000         0.000         0.263
 Y6             0.000         0.000         0.000         0.000         0.000
 Y7             0.000         0.000         0.000         0.000         0.000
 Y8             0.000         0.000         0.000         0.000         0.000
 Y9             0.000         0.000         0.000         0.000         0.000
 Y10            0.000         0.000         0.000         0.000         0.000
 X1             0.000         0.000         0.000         0.000         0.000
 X2             0.000         0.000         0.000         0.000         0.000


           THETA
              Y6            Y7            Y8            Y9            Y10
              ________      ________      ________      ________      ________
 Y6             0.083
 Y7             0.000         0.064
 Y8             0.000         0.000         0.137
 Y9             0.000         0.000         0.000         0.260
 Y10            0.000         0.000         0.000         0.000         0.282
 X1             0.000         0.000         0.000         0.000         0.000
 X2             0.000         0.000         0.000         0.000         0.000


           THETA
              X1            X2
              ________      ________
 X1             0.000
 X2             0.000         0.000


           ALPHA
              F             Y4            X1            X2
              ________      ________      ________      ________
                0.000         3.144        -0.001         0.496


           BETA
              F             Y4            X1            X2
              ________      ________      ________      ________
 F              0.000         0.000         0.000         0.000
 Y4             1.000         0.000         0.000         0.000
 X1             0.000         0.000         0.000         0.000
 X2             0.000         0.000         0.000         0.000


           PSI
              F             Y4            X1            X2
              ________      ________      ________      ________
 F              1.000
 Y4             0.000         0.234
 X1             0.000         0.000         0.908
 X2             0.000         0.000        -0.014         0.250


     STARTING VALUES FOR THE ADDITIONAL PARAMETERS


           New/Additional Parameters
              L4_0          L4_1          L4_2
              ________      ________      ________
                0.500         0.500         0.500


     Beginning Time:  11:50:10
        Ending Time:  11:50:11
       Elapsed Time:  00:00:01



MUTHEN & MUTHEN
3463 Stoner Ave.
Los Angeles, CA  90066

Tel: (310) 391-9971
Fax: (310) 391-8971
Web: www.StatModel.com
Support: Support@StatModel.com

Copyright (c) 1998-2019 Muthen & Muthen
