Mplus VERSION 8.3
MUTHEN & MUTHEN
04/24/2024  12:11 PM

INPUT INSTRUCTIONS


  TITLE: Test with 10 reps

  DATA:
  File is
  G2_B2_N1_rep19.csv;

  VARIABLE:
      Names are x1 x2 eta
  	y1 y2 y3 y4 y5 y6 y7 y8 y9 y10;
      Usevariables are y1-y10 x1 x2;
      constraint = x1 x2;

  MODEL:
      f BY y1* (l1);
      f BY y2* (l2);
      f BY y3* (l3);
      f BY y4* (l4);
      f BY y5* (l5);
      f BY y6* (l6);
      f BY y7* (l7);
      f BY y8* (l8);
      f BY y9* (l9);
      f BY y10* (l10);

  y7 ON x1 x2;
  f@1;
  [f@0];

  MODEL CONSTRAINT:
      new (l7_0 l7_1 l7_2);
      l7 = l7_0 + l7_1*x1 + l7_2*x2;




INPUT READING TERMINATED NORMALLY



Test with 10 reps

SUMMARY OF ANALYSIS

Number of groups                                                 1
Number of observations                                         250

Number of dependent variables                                   10
Number of independent variables                                  2
Number of continuous latent variables                            1

Observed dependent variables

  Continuous
   Y1          Y2          Y3          Y4          Y5          Y6
   Y7          Y8          Y9          Y10

Observed independent variables
   X1          X2

Continuous latent variables
   F


Estimator                                                       ML
Information matrix                                        OBSERVED
Maximum number of iterations                                  1000
Convergence criterion                                    0.500D-04
Maximum number of steepest descent iterations                   20

Input data file(s)
  G2_B2_N1_rep19.csv

Input data format  FREE



UNIVARIATE SAMPLE STATISTICS


     UNIVARIATE HIGHER-ORDER MOMENT DESCRIPTIVE STATISTICS

         Variable/         Mean/     Skewness/   Minimum/ % with                Percentiles
        Sample Size      Variance    Kurtosis    Maximum  Min/Max      20%/60%    40%/80%    Median

     Y1                    1.804       0.372       1.000   30.80%       1.000      2.000      2.000
             250.000       0.398       0.239       4.000    0.80%       2.000      2.000
     Y2                    1.736       0.765       1.000   37.60%       1.000      2.000      2.000
             250.000       0.450       1.472       5.000    0.40%       2.000      2.000
     Y3                    3.144      -0.059       1.000    1.20%       3.000      3.000      3.000
             250.000       0.483       0.592       5.000    2.00%       3.000      4.000
     Y4                    3.060       0.090       2.000   18.80%       3.000      3.000      3.000
             250.000       0.448      -0.355       5.000    0.80%       3.000      4.000
     Y5                    3.060       0.248       1.000    0.40%       3.000      3.000      3.000
             250.000       0.504       0.191       5.000    2.40%       3.000      4.000
     Y6                    1.092       2.823       1.000   90.80%       1.000      1.000      1.000
             250.000       0.084       5.971       2.000    9.20%       1.000      1.000
     Y7                    1.144       2.277       1.000   86.00%       1.000      1.000      1.000
             250.000       0.131       4.014       3.000    0.40%       1.000      1.000
     Y8                    1.100       3.051       1.000   90.40%       1.000      1.000      1.000
             250.000       0.098       8.722       3.000    0.40%       1.000      1.000
     Y9                    1.740       0.384       1.000   36.40%       1.000      2.000      2.000
             250.000       0.408      -0.255       4.000    0.40%       2.000      2.000
     Y10                   1.764       0.215       1.000   34.00%       1.000      2.000      2.000
             250.000       0.388      -0.611       3.000   10.40%       2.000      2.000
     X1                    0.028       0.069      -2.853    0.40%      -0.915     -0.263      0.007
             250.000       1.056      -0.040       3.065    0.40%       0.223      0.920
     X2                    0.424       0.308       0.000   57.60%       0.000      0.000      0.000
             250.000       0.244      -1.905       1.000   42.40%       1.000      1.000


THE MODEL ESTIMATION TERMINATED NORMALLY

     THE STANDARD ERRORS OF THE MODEL PARAMETER ESTIMATES MAY NOT BE
     TRUSTWORTHY FOR SOME PARAMETERS DUE TO A NON-POSITIVE DEFINITE
     FIRST-ORDER DERIVATIVE PRODUCT MATRIX.  THIS MAY BE DUE TO THE STARTING
     VALUES BUT MAY ALSO BE AN INDICATION OF MODEL NONIDENTIFICATION.  THE
     CONDITION NUMBER IS       0.166D-13.  PROBLEM INVOLVING THE FOLLOWING PARAMETER:
     Parameter 35, L7_2

     THIS IS MOST LIKELY DUE TO VARIABLE Y6 BEING DICHOTOMOUS BUT
     DECLARED AS CONTINUOUS.




MODEL FIT INFORMATION

Number of Free Parameters                       34

Loglikelihood

          H0 Value                       -1514.194

Information Criteria

          Akaike (AIC)                    3096.389
          Bayesian (BIC)                  3216.118
          Sample-Size Adjusted BIC        3108.336
            (n* = (n + 2) / 24)



MODEL RESULTS

                                                    Two-Tailed
                    Estimate       S.E.  Est./S.E.    P-Value

 F        BY
    Y1                 0.452      0.036     12.524      0.000
    Y2                 0.484      0.038     12.635      0.000
    Y3                 0.475      0.040     11.772      0.000
    Y4                 0.481      0.038     12.584      0.000
    Y5                 0.494      0.041     12.015      0.000
    Y6                 0.135      0.018      7.385      0.000
    Y7               999.000      0.000    999.000    999.000
    Y8                 0.156      0.020      8.015      0.000
    Y9                 0.454      0.037     12.395      0.000
    Y10                0.475      0.035     13.666      0.000

 Y7       ON
    X1                -0.015      0.020     -0.762      0.446
    X2                 0.016      0.043      0.371      0.711

 Means
    F                  0.000      0.000    999.000    999.000

 Intercepts
    Y1                 1.804      0.040     45.237      0.000
    Y2                 1.736      0.042     40.904      0.000
    Y3                 3.144      0.044     71.509      0.000
    Y4                 3.060      0.042     72.253      0.000
    Y5                 3.060      0.045     68.125      0.000
    Y6                 1.092      0.018     59.739      0.000
    Y7                 1.129      0.028     39.972      0.000
    Y8                 1.100      0.020     55.558      0.000
    Y9                 1.740      0.040     43.050      0.000
    Y10                1.764      0.039     44.759      0.000

 Variances
    F                  1.000      0.000    999.000    999.000

 Residual Variances
    Y1                 0.194      0.020      9.733      0.000
    Y2                 0.216      0.022      9.674      0.000
    Y3                 0.257      0.026      9.981      0.000
    Y4                 0.217      0.022      9.691      0.000
    Y5                 0.261      0.026      9.864      0.000
    Y6                 0.065      0.006     10.796      0.000
    Y7                 0.096      0.009     10.672      0.000
    Y8                 0.074      0.007     10.728      0.000
    Y9                 0.202      0.021      9.772      0.000
    Y10                0.163      0.018      9.271      0.000

New/Additional Parameters
    L7_0               0.132      0.032      4.113      0.000
    L7_1              -0.016      0.020     -0.824      0.410
    L7_2               0.100      0.045      2.238      0.025


QUALITY OF NUMERICAL RESULTS

     Condition Number for the Information Matrix              0.363E-04
       (ratio of smallest to largest eigenvalue)


TECHNICAL 1 OUTPUT


     PARAMETER SPECIFICATION


           NU
              Y1            Y2            Y3            Y4            Y5
              ________      ________      ________      ________      ________
                  1             2             3             4             5


           NU
              Y6            Y7            Y8            Y9            Y10
              ________      ________      ________      ________      ________
                  6             0             7             8             9


           NU
              X1            X2
              ________      ________
                  0             0


           LAMBDA
              F             Y7            X1            X2
              ________      ________      ________      ________
 Y1                10             0             0             0
 Y2                11             0             0             0
 Y3                12             0             0             0
 Y4                13             0             0             0
 Y5                14             0             0             0
 Y6                15             0             0             0
 Y7                 0             0             0             0
 Y8                16             0             0             0
 Y9                17             0             0             0
 Y10               18             0             0             0
 X1                 0             0             0             0
 X2                 0             0             0             0


           THETA
              Y1            Y2            Y3            Y4            Y5
              ________      ________      ________      ________      ________
 Y1                19
 Y2                 0            20
 Y3                 0             0            21
 Y4                 0             0             0            22
 Y5                 0             0             0             0            23
 Y6                 0             0             0             0             0
 Y7                 0             0             0             0             0
 Y8                 0             0             0             0             0
 Y9                 0             0             0             0             0
 Y10                0             0             0             0             0
 X1                 0             0             0             0             0
 X2                 0             0             0             0             0


           THETA
              Y6            Y7            Y8            Y9            Y10
              ________      ________      ________      ________      ________
 Y6                24
 Y7                 0             0
 Y8                 0             0            25
 Y9                 0             0             0            26
 Y10                0             0             0             0            27
 X1                 0             0             0             0             0
 X2                 0             0             0             0             0


           THETA
              X1            X2
              ________      ________
 X1                 0
 X2                 0             0


           ALPHA
              F             Y7            X1            X2
              ________      ________      ________      ________
                  0            28             0             0


           BETA
              F             Y7            X1            X2
              ________      ________      ________      ________
 F                  0             0             0             0
 Y7                29             0            30            31
 X1                 0             0             0             0
 X2                 0             0             0             0


           PSI
              F             Y7            X1            X2
              ________      ________      ________      ________
 F                  0
 Y7                 0            32
 X1                 0             0             0
 X2                 0             0             0             0


     PARAMETER SPECIFICATION FOR THE ADDITIONAL PARAMETERS


           New/Additional Parameters
              L7_0          L7_1          L7_2
              ________      ________      ________
                   33            34            35


     STARTING VALUES


           NU
              Y1            Y2            Y3            Y4            Y5
              ________      ________      ________      ________      ________
                1.804         1.736         3.144         3.060         3.060


           NU
              Y6            Y7            Y8            Y9            Y10
              ________      ________      ________      ________      ________
                1.092         0.000         1.100         1.740         1.764


           NU
              X1            X2
              ________      ________
                0.000         0.000


           LAMBDA
              F             Y7            X1            X2
              ________      ________      ________      ________
 Y1             1.000         0.000         0.000         0.000
 Y2             1.000         0.000         0.000         0.000
 Y3             1.000         0.000         0.000         0.000
 Y4             1.000         0.000         0.000         0.000
 Y5             1.000         0.000         0.000         0.000
 Y6             1.000         0.000         0.000         0.000
 Y7             0.000         1.000         0.000         0.000
 Y8             1.000         0.000         0.000         0.000
 Y9             1.000         0.000         0.000         0.000
 Y10            1.000         0.000         0.000         0.000
 X1             0.000         0.000         1.000         0.000
 X2             0.000         0.000         0.000         1.000


           THETA
              Y1            Y2            Y3            Y4            Y5
              ________      ________      ________      ________      ________
 Y1             0.199
 Y2             0.000         0.225
 Y3             0.000         0.000         0.242
 Y4             0.000         0.000         0.000         0.224
 Y5             0.000         0.000         0.000         0.000         0.252
 Y6             0.000         0.000         0.000         0.000         0.000
 Y7             0.000         0.000         0.000         0.000         0.000
 Y8             0.000         0.000         0.000         0.000         0.000
 Y9             0.000         0.000         0.000         0.000         0.000
 Y10            0.000         0.000         0.000         0.000         0.000
 X1             0.000         0.000         0.000         0.000         0.000
 X2             0.000         0.000         0.000         0.000         0.000


           THETA
              Y6            Y7            Y8            Y9            Y10
              ________      ________      ________      ________      ________
 Y6             0.042
 Y7             0.000         0.000
 Y8             0.000         0.000         0.049
 Y9             0.000         0.000         0.000         0.204
 Y10            0.000         0.000         0.000         0.000         0.194
 X1             0.000         0.000         0.000         0.000         0.000
 X2             0.000         0.000         0.000         0.000         0.000


           THETA
              X1            X2
              ________      ________
 X1             0.000
 X2             0.000         0.000


           ALPHA
              F             Y7            X1            X2
              ________      ________      ________      ________
                0.000         1.144         0.028         0.424


           BETA
              F             Y7            X1            X2
              ________      ________      ________      ________
 F              0.000         0.000         0.000         0.000
 Y7             1.000         0.000         0.000         0.000
 X1             0.000         0.000         0.000         0.000
 X2             0.000         0.000         0.000         0.000


           PSI
              F             Y7            X1            X2
              ________      ________      ________      ________
 F              1.000
 Y7             0.000         0.066
 X1             0.000         0.000         1.056
 X2             0.000         0.000         0.016         0.244


     STARTING VALUES FOR THE ADDITIONAL PARAMETERS


           New/Additional Parameters
              L7_0          L7_1          L7_2
              ________      ________      ________
                0.500         0.500         0.500


     Beginning Time:  12:11:48
        Ending Time:  12:11:49
       Elapsed Time:  00:00:01



MUTHEN & MUTHEN
3463 Stoner Ave.
Los Angeles, CA  90066

Tel: (310) 391-9971
Fax: (310) 391-8971
Web: www.StatModel.com
Support: Support@StatModel.com

Copyright (c) 1998-2019 Muthen & Muthen
