Mplus VERSION 8.3
MUTHEN & MUTHEN
04/24/2024  11:48 AM

INPUT INSTRUCTIONS


  TITLE: Test with 10 reps

  DATA:
  File is
  G2_B2_N1_rep103.csv;

  VARIABLE:
      Names are x1 x2 eta
  	y1 y2 y3 y4 y5 y6 y7 y8 y9 y10;
      Usevariables are y1-y10 x1 x2;
      constraint = x1 x2;

  MODEL:
      f BY y1* (l1);
      f BY y2* (l2);
      f BY y3* (l3);
      f BY y4* (l4);
      f BY y5* (l5);
      f BY y6* (l6);
      f BY y7* (l7);
      f BY y8* (l8);
      f BY y9* (l9);
      f BY y10* (l10);

  y10 ON x1 x2;
  f@1;
  [f@0];

  MODEL CONSTRAINT:
      new (l10_0 l10_1 l10_2);
      l10 = l10_0 + l10_1*x1 + l10_2*x2;




INPUT READING TERMINATED NORMALLY



Test with 10 reps

SUMMARY OF ANALYSIS

Number of groups                                                 1
Number of observations                                         250

Number of dependent variables                                   10
Number of independent variables                                  2
Number of continuous latent variables                            1

Observed dependent variables

  Continuous
   Y1          Y2          Y3          Y4          Y5          Y6
   Y7          Y8          Y9          Y10

Observed independent variables
   X1          X2

Continuous latent variables
   F


Estimator                                                       ML
Information matrix                                        OBSERVED
Maximum number of iterations                                  1000
Convergence criterion                                    0.500D-04
Maximum number of steepest descent iterations                   20

Input data file(s)
  G2_B2_N1_rep103.csv

Input data format  FREE



UNIVARIATE SAMPLE STATISTICS


     UNIVARIATE HIGHER-ORDER MOMENT DESCRIPTIVE STATISTICS

         Variable/         Mean/     Skewness/   Minimum/ % with                Percentiles
        Sample Size      Variance    Kurtosis    Maximum  Min/Max      20%/60%    40%/80%    Median

     Y1                    1.900       1.053       1.000   31.60%       1.000      2.000      2.000
             250.000       0.650       1.832       5.000    1.20%       2.000      2.000
     Y2                    1.956       0.611       1.000   29.60%       1.000      2.000      2.000
             250.000       0.626       0.312       5.000    0.40%       2.000      3.000
     Y3                    3.188      -0.241       1.000    1.20%       3.000      3.000      3.000
             250.000       0.529       0.064       5.000    1.60%       3.000      4.000
     Y4                    3.200      -0.118       1.000    0.40%       3.000      3.000      3.000
             250.000       0.512      -0.322       5.000    1.60%       3.000      4.000
     Y5                    3.192       0.189       1.000    0.80%       3.000      3.000      3.000
             250.000       0.619       0.044       5.000    5.20%       3.000      4.000
     Y6                    1.168       3.006       1.000   86.00%       1.000      1.000      1.000
             250.000       0.204       9.977       4.000    0.40%       1.000      1.000
     Y7                    1.192       2.912       1.000   83.20%       1.000      1.000      1.000
             250.000       0.219      10.510       4.000    0.80%       1.000      1.000
     Y8                    1.200       2.147       1.000   82.00%       1.000      1.000      1.000
             250.000       0.200       3.920       3.000    2.00%       1.000      1.000
     Y9                    1.908       0.598       1.000   30.40%       1.000      2.000      2.000
             250.000       0.572       0.153       4.000    3.20%       2.000      2.000
     Y10                   1.928       0.757       1.000   30.40%       1.000      2.000      2.000
             250.000       0.627       0.667       5.000    0.40%       2.000      2.000
     X1                    0.001      -0.102      -2.758    0.40%      -0.829     -0.201      0.006
             250.000       0.919      -0.140       2.184    0.40%       0.270      0.807
     X2                    0.520      -0.080       0.000   48.00%       0.000      0.000      1.000
             250.000       0.250      -1.994       1.000   52.00%       1.000      1.000


THE MODEL ESTIMATION TERMINATED NORMALLY



MODEL FIT INFORMATION

Number of Free Parameters                       34

Loglikelihood

          H0 Value                       -1929.353

Information Criteria

          Akaike (AIC)                    3926.706
          Bayesian (BIC)                  4046.436
          Sample-Size Adjusted BIC        3938.653
            (n* = (n + 2) / 24)



MODEL RESULTS

                                                    Two-Tailed
                    Estimate       S.E.  Est./S.E.    P-Value

 F        BY
    Y1                 0.588      0.045     12.963      0.000
    Y2                 0.592      0.044     13.457      0.000
    Y3                 0.532      0.041     13.020      0.000
    Y4                 0.516      0.040     12.769      0.000
    Y5                 0.607      0.043     14.039      0.000
    Y6                 0.269      0.027      9.957      0.000
    Y7                 0.261      0.028      9.173      0.000
    Y8                 0.272      0.027     10.195      0.000
    Y9                 0.558      0.042     13.189      0.000
    Y10              999.000      0.000    999.000    999.000

 Y10      ON
    X1                 0.056      0.037      1.511      0.131
    X2                -0.014      0.073     -0.188      0.851

 Means
    F                  0.000      0.000    999.000    999.000

 Intercepts
    Y1                 1.900      0.051     37.262      0.000
    Y2                 1.956      0.050     39.087      0.000
    Y3                 3.188      0.046     69.327      0.000
    Y4                 3.200      0.045     70.711      0.000
    Y5                 3.192      0.050     64.142      0.000
    Y6                 1.168      0.029     40.911      0.000
    Y7                 1.192      0.030     40.261      0.000
    Y8                 1.200      0.028     42.426      0.000
    Y9                 1.908      0.048     39.905      0.000
    Y10                1.930      0.065     29.656      0.000

 Variances
    F                  1.000      0.000    999.000    999.000

 Residual Variances
    Y1                 0.304      0.031      9.901      0.000
    Y2                 0.275      0.028      9.746      0.000
    Y3                 0.246      0.025      9.876      0.000
    Y4                 0.246      0.025      9.962      0.000
    Y5                 0.251      0.026      9.512      0.000
    Y6                 0.132      0.012     10.559      0.000
    Y7                 0.151      0.014     10.671      0.000
    Y8                 0.126      0.012     10.499      0.000
    Y9                 0.260      0.026      9.850      0.000
    Y10                0.257      0.027      9.646      0.000

New/Additional Parameters
    L10_0              0.616      0.066      9.280      0.000
    L10_1              0.063      0.036      1.733      0.083
    L10_2             -0.061      0.078     -0.786      0.432


QUALITY OF NUMERICAL RESULTS

     Condition Number for the Information Matrix              0.141E-03
       (ratio of smallest to largest eigenvalue)


     Beginning Time:  11:48:55
        Ending Time:  11:48:56
       Elapsed Time:  00:00:01



MUTHEN & MUTHEN
3463 Stoner Ave.
Los Angeles, CA  90066

Tel: (310) 391-9971
Fax: (310) 391-8971
Web: www.StatModel.com
Support: Support@StatModel.com

Copyright (c) 1998-2019 Muthen & Muthen
