Mplus VERSION 8.3
MUTHEN & MUTHEN
04/24/2024  11:56 AM

INPUT INSTRUCTIONS


  TITLE: Test with 10 reps

  DATA:
  File is
  G2_B2_N1_rep130.csv;

  VARIABLE:
      Names are x1 x2 eta
  	y1 y2 y3 y4 y5 y6 y7 y8 y9 y10;
      Usevariables are y1-y10 x1 x2;
      constraint = x1 x2;

  MODEL:
      f BY y1* (l1);
      f BY y2* (l2);
      f BY y3* (l3);
      f BY y4* (l4);
      f BY y5* (l5);
      f BY y6* (l6);
      f BY y7* (l7);
      f BY y8* (l8);
      f BY y9* (l9);
      f BY y10* (l10);

  y10 ON x1 x2;
  f@1;
  [f@0];

  MODEL CONSTRAINT:
      new (l10_0 l10_1 l10_2);
      l10 = l10_0 + l10_1*x1 + l10_2*x2;




INPUT READING TERMINATED NORMALLY



Test with 10 reps

SUMMARY OF ANALYSIS

Number of groups                                                 1
Number of observations                                         250

Number of dependent variables                                   10
Number of independent variables                                  2
Number of continuous latent variables                            1

Observed dependent variables

  Continuous
   Y1          Y2          Y3          Y4          Y5          Y6
   Y7          Y8          Y9          Y10

Observed independent variables
   X1          X2

Continuous latent variables
   F


Estimator                                                       ML
Information matrix                                        OBSERVED
Maximum number of iterations                                  1000
Convergence criterion                                    0.500D-04
Maximum number of steepest descent iterations                   20

Input data file(s)
  G2_B2_N1_rep130.csv

Input data format  FREE



UNIVARIATE SAMPLE STATISTICS


     UNIVARIATE HIGHER-ORDER MOMENT DESCRIPTIVE STATISTICS

         Variable/         Mean/     Skewness/   Minimum/ % with                Percentiles
        Sample Size      Variance    Kurtosis    Maximum  Min/Max      20%/60%    40%/80%    Median

     Y1                    1.964       0.919       1.000   27.60%       1.000      2.000      2.000
             250.000       0.635       1.592       5.000    1.20%       2.000      2.000
     Y2                    1.888       1.023       1.000   32.00%       1.000      2.000      2.000
             250.000       0.627       1.888       5.000    1.20%       2.000      2.000
     Y3                    3.144       0.142       2.000   16.40%       3.000      3.000      3.000
             250.000       0.491      -0.256       5.000    2.00%       3.000      4.000
     Y4                    3.192       0.273       1.000    0.40%       3.000      3.000      3.000
             250.000       0.491       0.423       5.000    3.60%       3.000      4.000
     Y5                    3.164       0.237       1.000    0.80%       3.000      3.000      3.000
             250.000       0.529       0.522       5.000    4.00%       3.000      4.000
     Y6                    1.200       3.079       1.000   84.00%       1.000      1.000      1.000
             250.000       0.264      10.788       4.000    1.20%       1.000      1.000
     Y7                    1.184       2.479       1.000   84.40%       1.000      1.000      1.000
             250.000       0.206       5.524       3.000    2.80%       1.000      1.000
     Y8                    1.176       3.639       1.000   84.80%       1.000      1.000      1.000
             250.000       0.217      19.329       5.000    0.40%       1.000      1.000
     Y9                    1.832       1.216       1.000   33.20%       1.000      2.000      2.000
             250.000       0.580       2.872       5.000    1.20%       2.000      2.000
     Y10                   1.888       0.589       1.000   31.20%       1.000      2.000      2.000
             250.000       0.555       0.148       4.000    2.80%       2.000      2.000
     X1                    0.008       0.089      -2.822    0.40%      -0.840     -0.276     -0.030
             250.000       1.094      -0.004       2.958    0.40%       0.226      0.880
     X2                    0.528      -0.112       0.000   47.20%       0.000      0.000      1.000
             250.000       0.249      -1.987       1.000   52.80%       1.000      1.000


THE MODEL ESTIMATION TERMINATED NORMALLY



MODEL FIT INFORMATION

Number of Free Parameters                       34

Loglikelihood

          H0 Value                       -1838.713

Information Criteria

          Akaike (AIC)                    3745.427
          Bayesian (BIC)                  3865.157
          Sample-Size Adjusted BIC        3757.374
            (n* = (n + 2) / 24)



MODEL RESULTS

                                                    Two-Tailed
                    Estimate       S.E.  Est./S.E.    P-Value

 F        BY
    Y1                 0.597      0.044     13.552      0.000
    Y2                 0.621      0.043     14.448      0.000
    Y3                 0.468      0.040     11.591      0.000
    Y4                 0.512      0.039     13.050      0.000
    Y5                 0.535      0.041     13.188      0.000
    Y6                 0.356      0.029     12.125      0.000
    Y7                 0.330      0.025     12.958      0.000
    Y8                 0.320      0.027     12.006      0.000
    Y9                 0.601      0.041     14.589      0.000
    Y10              999.000      0.000    999.000    999.000

 Y10      ON
    X1                -0.005      0.034     -0.139      0.890
    X2                 0.002      0.069      0.028      0.978

 Means
    F                  0.000      0.000    999.000    999.000

 Intercepts
    Y1                 1.964      0.050     38.979      0.000
    Y2                 1.888      0.050     37.686      0.000
    Y3                 3.144      0.044     70.924      0.000
    Y4                 3.192      0.044     72.017      0.000
    Y5                 3.164      0.046     68.776      0.000
    Y6                 1.200      0.032     36.928      0.000
    Y7                 1.184      0.029     41.232      0.000
    Y8                 1.176      0.029     39.914      0.000
    Y9                 1.832      0.048     38.042      0.000
    Y10                1.882      0.059     31.905      0.000

 Variances
    F                  1.000      0.000    999.000    999.000

 Residual Variances
    Y1                 0.278      0.028      9.918      0.000
    Y2                 0.242      0.025      9.622      0.000
    Y3                 0.272      0.026     10.389      0.000
    Y4                 0.229      0.023     10.047      0.000
    Y5                 0.243      0.024     10.015      0.000
    Y6                 0.138      0.013     10.245      0.000
    Y7                 0.097      0.010     10.032      0.000
    Y8                 0.115      0.011     10.260      0.000
    Y9                 0.219      0.023      9.567      0.000
    Y10                0.267      0.026     10.101      0.000

New/Additional Parameters
    L10_0              0.503      0.056      8.979      0.000
    L10_1              0.008      0.030      0.263      0.792
    L10_2              0.062      0.072      0.867      0.386


QUALITY OF NUMERICAL RESULTS

     Condition Number for the Information Matrix              0.903E-04
       (ratio of smallest to largest eigenvalue)


     Beginning Time:  11:55:59
        Ending Time:  11:56:00
       Elapsed Time:  00:00:01



MUTHEN & MUTHEN
3463 Stoner Ave.
Los Angeles, CA  90066

Tel: (310) 391-9971
Fax: (310) 391-8971
Web: www.StatModel.com
Support: Support@StatModel.com

Copyright (c) 1998-2019 Muthen & Muthen
