Mplus VERSION 8.3
MUTHEN & MUTHEN
04/24/2024  12:06 PM

INPUT INSTRUCTIONS


  TITLE: Test with 10 reps

  DATA:
  File is
  G2_B2_N1_rep169.csv;

  VARIABLE:
      Names are x1 x2 eta
  	y1 y2 y3 y4 y5 y6 y7 y8 y9 y10;
      Usevariables are y1-y10 x1 x2;
      constraint = x1 x2;

  MODEL:
      f BY y1* (l1);
      f BY y2* (l2);
      f BY y3* (l3);
      f BY y4* (l4);
      f BY y5* (l5);
      f BY y6* (l6);
      f BY y7* (l7);
      f BY y8* (l8);
      f BY y9* (l9);
      f BY y10* (l10);

  y4 ON x1 x2;
  f@1;
  [f@0];

  MODEL CONSTRAINT:
      new (l4_0 l4_1 l4_2);
      l4 = l4_0 + l4_1*x1 + l4_2*x2;




INPUT READING TERMINATED NORMALLY



Test with 10 reps

SUMMARY OF ANALYSIS

Number of groups                                                 1
Number of observations                                         250

Number of dependent variables                                   10
Number of independent variables                                  2
Number of continuous latent variables                            1

Observed dependent variables

  Continuous
   Y1          Y2          Y3          Y4          Y5          Y6
   Y7          Y8          Y9          Y10

Observed independent variables
   X1          X2

Continuous latent variables
   F


Estimator                                                       ML
Information matrix                                        OBSERVED
Maximum number of iterations                                  1000
Convergence criterion                                    0.500D-04
Maximum number of steepest descent iterations                   20

Input data file(s)
  G2_B2_N1_rep169.csv

Input data format  FREE



UNIVARIATE SAMPLE STATISTICS


     UNIVARIATE HIGHER-ORDER MOMENT DESCRIPTIVE STATISTICS

         Variable/         Mean/     Skewness/   Minimum/ % with                Percentiles
        Sample Size      Variance    Kurtosis    Maximum  Min/Max      20%/60%    40%/80%    Median

     Y1                    1.760       1.220       1.000   40.00%       1.000      1.000      2.000
             250.000       0.598       2.574       5.000    1.20%       2.000      2.000
     Y2                    1.840       0.559       1.000   34.80%       1.000      2.000      2.000
             250.000       0.550      -0.105       4.000    2.00%       2.000      2.000
     Y3                    3.136      -0.399       1.000    2.00%       3.000      3.000      3.000
             250.000       0.550       0.084       5.000    0.80%       3.000      4.000
     Y4                    3.128       0.164       2.000   18.80%       3.000      3.000      3.000
             250.000       0.536      -0.371       5.000    2.40%       3.000      4.000
     Y5                    3.128       0.057       1.000    0.80%       3.000      3.000      3.000
             250.000       0.576      -0.119       5.000    2.80%       3.000      4.000
     Y6                    1.164       2.904       1.000   85.20%       1.000      1.000      1.000
             250.000       0.177      10.285       4.000    0.40%       1.000      1.000
     Y7                    1.200       2.479       1.000   82.00%       1.000      1.000      1.000
             250.000       0.208       7.178       4.000    0.40%       1.000      1.000
     Y8                    1.144       2.644       1.000   86.80%       1.000      1.000      1.000
             250.000       0.147       6.554       3.000    1.20%       1.000      1.000
     Y9                    1.804       0.802       1.000   39.20%       1.000      2.000      2.000
             250.000       0.622       0.249       4.000    3.60%       2.000      2.000
     Y10                   1.816       0.760       1.000   40.00%       1.000      1.000      2.000
             250.000       0.646       0.272       5.000    0.40%       2.000      2.000
     X1                   -0.025       0.195      -2.070    0.40%      -0.861     -0.348     -0.021
             250.000       0.885      -0.356       2.540    0.40%       0.220      0.776
     X2                    0.480       0.080       0.000   52.00%       0.000      0.000      0.000
             250.000       0.250      -1.994       1.000   48.00%       1.000      1.000


THE MODEL ESTIMATION TERMINATED NORMALLY



MODEL FIT INFORMATION

Number of Free Parameters                       34

Loglikelihood

          H0 Value                       -1879.352

Information Criteria

          Akaike (AIC)                    3826.703
          Bayesian (BIC)                  3946.433
          Sample-Size Adjusted BIC        3838.650
            (n* = (n + 2) / 24)



MODEL RESULTS

                                                    Two-Tailed
                    Estimate       S.E.  Est./S.E.    P-Value

 F        BY
    Y1                 0.605      0.042     14.306      0.000
    Y2                 0.534      0.042     12.744      0.000
    Y3                 0.513      0.043     12.068      0.000
    Y4               999.000      0.000    999.000    999.000
    Y5                 0.527      0.043     12.114      0.000
    Y6                 0.247      0.025      9.758      0.000
    Y7                 0.257      0.028      9.285      0.000
    Y8                 0.209      0.023      8.952      0.000
    Y9                 0.627      0.043     14.667      0.000
    Y10                0.568      0.046     12.407      0.000

 Y4       ON
    X1                 0.038      0.034      1.122      0.262
    X2                -0.031      0.065     -0.484      0.629

 Means
    F                  0.000      0.000    999.000    999.000

 Intercepts
    Y1                 1.760      0.049     35.974      0.000
    Y2                 1.840      0.047     39.215      0.000
    Y3                 3.136      0.047     66.890      0.000
    Y4                 3.145      0.056     56.232      0.000
    Y5                 3.128      0.048     65.188      0.000
    Y6                 1.164      0.027     43.733      0.000
    Y7                 1.200      0.029     41.603      0.000
    Y8                 1.144      0.024     47.135      0.000
    Y9                 1.804      0.050     36.179      0.000
    Y10                1.816      0.051     35.721      0.000

 Variances
    F                  1.000      0.000    999.000    999.000

 Residual Variances
    Y1                 0.233      0.025      9.362      0.000
    Y2                 0.265      0.027      9.950      0.000
    Y3                 0.286      0.028     10.121      0.000
    Y4                 0.219      0.023      9.483      0.000
    Y5                 0.298      0.030     10.103      0.000
    Y6                 0.116      0.011     10.586      0.000
    Y7                 0.142      0.013     10.642      0.000
    Y8                 0.103      0.010     10.688      0.000
    Y9                 0.228      0.025      9.151      0.000
    Y10                0.323      0.032     10.029      0.000

New/Additional Parameters
    L4_0               0.559      0.052     10.673      0.000
    L4_1              -0.015      0.037     -0.406      0.685
    L4_2               0.001      0.070      0.016      0.987


QUALITY OF NUMERICAL RESULTS

     Condition Number for the Information Matrix              0.923E-04
       (ratio of smallest to largest eigenvalue)


     Beginning Time:  12:06:12
        Ending Time:  12:06:13
       Elapsed Time:  00:00:01



MUTHEN & MUTHEN
3463 Stoner Ave.
Los Angeles, CA  90066

Tel: (310) 391-9971
Fax: (310) 391-8971
Web: www.StatModel.com
Support: Support@StatModel.com

Copyright (c) 1998-2019 Muthen & Muthen
