Mplus VERSION 8.3
MUTHEN & MUTHEN
04/24/2024  11:51 AM

INPUT INSTRUCTIONS


  TITLE: Test with 10 reps

  DATA:
  File is
  G2_B2_N1_rep112.csv;

  VARIABLE:
      Names are x1 x2 eta
  	y1 y2 y3 y4 y5 y6 y7 y8 y9 y10;
      Usevariables are y1-y10 x1 x2;
      constraint = x1 x2;

  MODEL:
      f BY y1* (l1);
      f BY y2* (l2);
      f BY y3* (l3);
      f BY y4* (l4);
      f BY y5* (l5);
      f BY y6* (l6);
      f BY y7* (l7);
      f BY y8* (l8);
      f BY y9* (l9);
      f BY y10* (l10);

  y8 ON x1 x2;
  f@1;
  [f@0];

  MODEL CONSTRAINT:
      new (l8_0 l8_1 l8_2);
      l8 = l8_0 + l8_1*x1 + l8_2*x2;




INPUT READING TERMINATED NORMALLY



Test with 10 reps

SUMMARY OF ANALYSIS

Number of groups                                                 1
Number of observations                                         250

Number of dependent variables                                   10
Number of independent variables                                  2
Number of continuous latent variables                            1

Observed dependent variables

  Continuous
   Y1          Y2          Y3          Y4          Y5          Y6
   Y7          Y8          Y9          Y10

Observed independent variables
   X1          X2

Continuous latent variables
   F


Estimator                                                       ML
Information matrix                                        OBSERVED
Maximum number of iterations                                  1000
Convergence criterion                                    0.500D-04
Maximum number of steepest descent iterations                   20

Input data file(s)
  G2_B2_N1_rep112.csv

Input data format  FREE



UNIVARIATE SAMPLE STATISTICS


     UNIVARIATE HIGHER-ORDER MOMENT DESCRIPTIVE STATISTICS

         Variable/         Mean/     Skewness/   Minimum/ % with                Percentiles
        Sample Size      Variance    Kurtosis    Maximum  Min/Max      20%/60%    40%/80%    Median

     Y1                    1.796       1.015       1.000   37.20%       1.000      2.000      2.000
             250.000       0.578       1.801       5.000    0.80%       2.000      2.000
     Y2                    1.808       1.005       1.000   34.00%       1.000      2.000      2.000
             250.000       0.523       2.317       5.000    0.80%       2.000      2.000
     Y3                    3.016       0.049       1.000    1.20%       3.000      3.000      3.000
             250.000       0.488       0.456       5.000    1.60%       3.000      4.000
     Y4                    3.108       0.233       1.000    0.80%       3.000      3.000      3.000
             250.000       0.552       0.317       5.000    3.60%       3.000      4.000
     Y5                    3.088      -0.349       1.000    3.20%       3.000      3.000      3.000
             250.000       0.632       0.123       5.000    1.60%       3.000      4.000
     Y6                    1.160       3.946       1.000   86.00%       1.000      1.000      1.000
             250.000       0.198      23.058       5.000    0.40%       1.000      1.000
     Y7                    1.172       3.226       1.000   85.60%       1.000      1.000      1.000
             250.000       0.214      12.329       4.000    0.80%       1.000      1.000
     Y8                    1.128       3.505       1.000   88.40%       1.000      1.000      1.000
             250.000       0.144      15.615       4.000    0.40%       1.000      1.000
     Y9                    1.812       0.931       1.000   36.40%       1.000      2.000      2.000
             250.000       0.577       1.557       5.000    0.80%       2.000      2.000
     Y10                   1.824       0.535       1.000   34.00%       1.000      2.000      2.000
             250.000       0.505       0.013       4.000    1.60%       2.000      2.000
     X1                    0.096       0.017      -2.861    0.40%      -0.816     -0.200      0.094
             250.000       1.031      -0.214       2.901    0.40%       0.337      0.943
     X2                    0.492       0.032       0.000   50.80%       0.000      0.000      0.000
             250.000       0.250      -1.999       1.000   49.20%       1.000      1.000


THE MODEL ESTIMATION TERMINATED NORMALLY



MODEL FIT INFORMATION

Number of Free Parameters                       34

Loglikelihood

          H0 Value                       -1808.889

Information Criteria

          Akaike (AIC)                    3685.777
          Bayesian (BIC)                  3805.507
          Sample-Size Adjusted BIC        3697.724
            (n* = (n + 2) / 24)



MODEL RESULTS

                                                    Two-Tailed
                    Estimate       S.E.  Est./S.E.    P-Value

 F        BY
    Y1                 0.602      0.041     14.579      0.000
    Y2                 0.531      0.041     13.072      0.000
    Y3                 0.516      0.039     13.187      0.000
    Y4                 0.515      0.043     12.090      0.000
    Y5                 0.574      0.045     12.755      0.000
    Y6                 0.258      0.027      9.627      0.000
    Y7                 0.305      0.027     11.308      0.000
    Y8               999.000      0.000    999.000    999.000
    Y9                 0.565      0.042     13.368      0.000
    Y10                0.502      0.040     12.423      0.000

 Y8       ON
    X1                 0.006      0.019      0.303      0.762
    X2                 0.026      0.038      0.704      0.481

 Means
    F                  0.000      0.000    999.000    999.000

 Intercepts
    Y1                 1.796      0.048     37.339      0.000
    Y2                 1.808      0.046     39.524      0.000
    Y3                 3.016      0.044     68.282      0.000
    Y4                 3.108      0.047     66.123      0.000
    Y5                 3.088      0.050     61.405      0.000
    Y6                 1.160      0.028     41.177      0.000
    Y7                 1.172      0.029     40.019      0.000
    Y8                 1.091      0.027     40.869      0.000
    Y9                 1.812      0.048     37.729      0.000
    Y10                1.824      0.045     40.583      0.000

 Variances
    F                  1.000      0.000    999.000    999.000

 Residual Variances
    Y1                 0.216      0.023      9.316      0.000
    Y2                 0.242      0.024      9.864      0.000
    Y3                 0.222      0.023      9.830      0.000
    Y4                 0.287      0.028     10.153      0.000
    Y5                 0.303      0.031      9.906      0.000
    Y6                 0.132      0.012     10.622      0.000
    Y7                 0.121      0.012     10.291      0.000
    Y8                 0.077      0.008     10.264      0.000
    Y9                 0.257      0.026      9.820      0.000
    Y10                0.253      0.025     10.072      0.000

New/Additional Parameters
    L8_0               0.135      0.030      4.446      0.000
    L8_1               0.074      0.019      3.901      0.000
    L8_2               0.134      0.040      3.305      0.001


QUALITY OF NUMERICAL RESULTS

     Condition Number for the Information Matrix              0.551E-04
       (ratio of smallest to largest eigenvalue)


     Beginning Time:  11:51:30
        Ending Time:  11:51:31
       Elapsed Time:  00:00:01



MUTHEN & MUTHEN
3463 Stoner Ave.
Los Angeles, CA  90066

Tel: (310) 391-9971
Fax: (310) 391-8971
Web: www.StatModel.com
Support: Support@StatModel.com

Copyright (c) 1998-2019 Muthen & Muthen
