Mplus VERSION 8.3
MUTHEN & MUTHEN
04/24/2024  12:39 PM

INPUT INSTRUCTIONS


  TITLE: Test with 10 reps

  DATA:
  File is
  G2_B2_N1_rep290.csv;

  VARIABLE:
      Names are x1 x2 eta
  	y1 y2 y3 y4 y5 y6 y7 y8 y9 y10;
      Usevariables are y1-y10 x1 x2;
      constraint = x1 x2;

  MODEL:
      f BY y1* (l1);
      f BY y2* (l2);
      f BY y3* (l3);
      f BY y4* (l4);
      f BY y5* (l5);
      f BY y6* (l6);
      f BY y7* (l7);
      f BY y8* (l8);
      f BY y9* (l9);
      f BY y10* (l10);

  y8 ON x1 x2;
  f@1;
  [f@0];

  MODEL CONSTRAINT:
      new (l8_0 l8_1 l8_2);
      l8 = l8_0 + l8_1*x1 + l8_2*x2;




INPUT READING TERMINATED NORMALLY



Test with 10 reps

SUMMARY OF ANALYSIS

Number of groups                                                 1
Number of observations                                         250

Number of dependent variables                                   10
Number of independent variables                                  2
Number of continuous latent variables                            1

Observed dependent variables

  Continuous
   Y1          Y2          Y3          Y4          Y5          Y6
   Y7          Y8          Y9          Y10

Observed independent variables
   X1          X2

Continuous latent variables
   F


Estimator                                                       ML
Information matrix                                        OBSERVED
Maximum number of iterations                                  1000
Convergence criterion                                    0.500D-04
Maximum number of steepest descent iterations                   20

Input data file(s)
  G2_B2_N1_rep290.csv

Input data format  FREE



UNIVARIATE SAMPLE STATISTICS


     UNIVARIATE HIGHER-ORDER MOMENT DESCRIPTIVE STATISTICS

         Variable/         Mean/     Skewness/   Minimum/ % with                Percentiles
        Sample Size      Variance    Kurtosis    Maximum  Min/Max      20%/60%    40%/80%    Median

     Y1                    1.968       0.556       1.000   30.00%       1.000      2.000      2.000
             250.000       0.655      -0.161       4.000    4.40%       2.000      3.000
     Y2                    1.912       1.049       1.000   31.20%       1.000      2.000      2.000
             250.000       0.664       1.734       5.000    1.20%       2.000      2.000
     Y3                    3.176       0.156       1.000    1.20%       3.000      3.000      3.000
             250.000       0.697      -0.123       5.000    6.00%       3.000      4.000
     Y4                    3.188       0.126       2.000   18.80%       3.000      3.000      3.000
             250.000       0.601      -0.518       5.000    3.60%       3.000      4.000
     Y5                    3.212       0.045       1.000    1.20%       3.000      3.000      3.000
             250.000       0.623       0.089       5.000    4.80%       3.000      4.000
     Y6                    1.244       3.002       1.000   80.80%       1.000      1.000      1.000
             250.000       0.328      11.271       5.000    0.40%       1.000      1.000
     Y7                    1.264       2.439       1.000   78.80%       1.000      1.000      1.000
             250.000       0.322       6.444       4.000    1.20%       1.000      2.000
     Y8                    1.220       2.025       1.000   80.40%       1.000      1.000      1.000
             250.000       0.220       3.355       3.000    2.40%       1.000      1.000
     Y9                    1.972       1.170       1.000   29.20%       1.000      2.000      2.000
             250.000       0.763       1.834       5.000    2.00%       2.000      2.000
     Y10                   1.888       0.466       1.000   32.80%       1.000      2.000      2.000
             250.000       0.571      -0.333       4.000    2.00%       2.000      2.000
     X1                    0.093      -0.114      -2.905    0.40%      -0.675     -0.114      0.165
             250.000       0.890       0.278       3.206    0.40%       0.324      0.907
     X2                    0.556      -0.225       0.000   44.40%       0.000      0.000      1.000
             250.000       0.247      -1.949       1.000   55.60%       1.000      1.000


THE MODEL ESTIMATION TERMINATED NORMALLY



MODEL FIT INFORMATION

Number of Free Parameters                       34

Loglikelihood

          H0 Value                       -2113.833

Information Criteria

          Akaike (AIC)                    4295.666
          Bayesian (BIC)                  4415.396
          Sample-Size Adjusted BIC        4307.613
            (n* = (n + 2) / 24)



MODEL RESULTS

                                                    Two-Tailed
                    Estimate       S.E.  Est./S.E.    P-Value

 F        BY
    Y1                 0.614      0.045     13.746      0.000
    Y2                 0.620      0.045     13.798      0.000
    Y3                 0.622      0.046     13.403      0.000
    Y4                 0.603      0.042     14.245      0.000
    Y5                 0.589      0.044     13.411      0.000
    Y6                 0.364      0.034     10.827      0.000
    Y7                 0.337      0.034      9.946      0.000
    Y8               999.000      0.000    999.000    999.000
    Y9                 0.599      0.050     11.963      0.000
    Y10                0.565      0.042     13.447      0.000

 Y8       ON
    X1                -0.062      0.027     -2.287      0.022
    X2                -0.036      0.050     -0.713      0.476

 Means
    F                  0.000      0.000    999.000    999.000

 Intercepts
    Y1                 1.968      0.051     38.449      0.000
    Y2                 1.912      0.052     37.093      0.000
    Y3                 3.176      0.053     60.149      0.000
    Y4                 3.188      0.049     65.039      0.000
    Y5                 3.212      0.050     64.340      0.000
    Y6                 1.244      0.036     34.320      0.000
    Y7                 1.264      0.036     35.203      0.000
    Y8                 1.238      0.041     30.409      0.000
    Y9                 1.972      0.055     35.691      0.000
    Y10                1.888      0.048     39.489      0.000

 Variances
    F                  1.000      0.000    999.000    999.000

 Residual Variances
    Y1                 0.278      0.029      9.754      0.000
    Y2                 0.280      0.029      9.728      0.000
    Y3                 0.310      0.031      9.853      0.000
    Y4                 0.237      0.025      9.558      0.000
    Y5                 0.277      0.028      9.847      0.000
    Y6                 0.196      0.019     10.457      0.000
    Y7                 0.209      0.020     10.611      0.000
    Y8                 0.134      0.013     10.369      0.000
    Y9                 0.404      0.039     10.237      0.000
    Y10                0.252      0.026      9.842      0.000

New/Additional Parameters
    L8_0               0.258      0.041      6.357      0.000
    L8_1              -0.011      0.026     -0.413      0.679
    L8_2               0.088      0.053      1.664      0.096


QUALITY OF NUMERICAL RESULTS

     Condition Number for the Information Matrix              0.162E-03
       (ratio of smallest to largest eigenvalue)


     Beginning Time:  12:39:31
        Ending Time:  12:39:32
       Elapsed Time:  00:00:01



MUTHEN & MUTHEN
3463 Stoner Ave.
Los Angeles, CA  90066

Tel: (310) 391-9971
Fax: (310) 391-8971
Web: www.StatModel.com
Support: Support@StatModel.com

Copyright (c) 1998-2019 Muthen & Muthen
