Mplus VERSION 8.3
MUTHEN & MUTHEN
04/24/2024  12:25 PM

INPUT INSTRUCTIONS


  TITLE: Test with 10 reps

  DATA:
  File is
  G2_B2_N1_rep240.csv;

  VARIABLE:
      Names are x1 x2 eta
  	y1 y2 y3 y4 y5 y6 y7 y8 y9 y10;
      Usevariables are y1-y10 x1 x2;
      constraint = x1 x2;

  MODEL:
      f BY y1* (l1);
      f BY y2* (l2);
      f BY y3* (l3);
      f BY y4* (l4);
      f BY y5* (l5);
      f BY y6* (l6);
      f BY y7* (l7);
      f BY y8* (l8);
      f BY y9* (l9);
      f BY y10* (l10);

  y8 ON x1 x2;
  f@1;
  [f@0];

  MODEL CONSTRAINT:
      new (l8_0 l8_1 l8_2);
      l8 = l8_0 + l8_1*x1 + l8_2*x2;




INPUT READING TERMINATED NORMALLY



Test with 10 reps

SUMMARY OF ANALYSIS

Number of groups                                                 1
Number of observations                                         250

Number of dependent variables                                   10
Number of independent variables                                  2
Number of continuous latent variables                            1

Observed dependent variables

  Continuous
   Y1          Y2          Y3          Y4          Y5          Y6
   Y7          Y8          Y9          Y10

Observed independent variables
   X1          X2

Continuous latent variables
   F


Estimator                                                       ML
Information matrix                                        OBSERVED
Maximum number of iterations                                  1000
Convergence criterion                                    0.500D-04
Maximum number of steepest descent iterations                   20

Input data file(s)
  G2_B2_N1_rep240.csv

Input data format  FREE



UNIVARIATE SAMPLE STATISTICS


     UNIVARIATE HIGHER-ORDER MOMENT DESCRIPTIVE STATISTICS

         Variable/         Mean/     Skewness/   Minimum/ % with                Percentiles
        Sample Size      Variance    Kurtosis    Maximum  Min/Max      20%/60%    40%/80%    Median

     Y1                    1.952       0.633       1.000   29.20%       1.000      2.000      2.000
             250.000       0.614       0.425       5.000    0.40%       2.000      3.000
     Y2                    1.872       0.845       1.000   33.20%       1.000      2.000      2.000
             250.000       0.600       1.243       5.000    0.80%       2.000      2.000
     Y3                    3.176      -0.125       1.000    0.40%       3.000      3.000      3.000
             250.000       0.497      -0.338       5.000    1.20%       3.000      4.000
     Y4                    3.156       0.083       1.000    0.40%       3.000      3.000      3.000
             250.000       0.516      -0.063       5.000    2.40%       3.000      4.000
     Y5                    3.152      -0.097       1.000    1.60%       3.000      3.000      3.000
             250.000       0.577       0.225       5.000    2.80%       3.000      4.000
     Y6                    1.236       1.807       1.000   78.40%       1.000      1.000      1.000
             250.000       0.220       2.416       3.000    2.00%       1.000      2.000
     Y7                    1.200       1.946       1.000   81.20%       1.000      1.000      1.000
             250.000       0.184       2.888       3.000    1.20%       1.000      1.000
     Y8                    1.184       1.980       1.000   82.40%       1.000      1.000      1.000
             250.000       0.166       2.885       3.000    0.80%       1.000      1.000
     Y9                    1.932       0.527       1.000   28.00%       1.000      2.000      2.000
             250.000       0.543       0.137       4.000    2.80%       2.000      2.000
     Y10                   1.924       0.760       1.000   30.80%       1.000      2.000      2.000
             250.000       0.630       0.650       5.000    0.40%       2.000      2.000
     X1                    0.052       0.059      -2.400    0.40%      -0.838     -0.294      0.075
             250.000       1.056      -0.393       2.588    0.40%       0.294      0.969
     X2                    0.528      -0.112       0.000   47.20%       0.000      0.000      1.000
             250.000       0.249      -1.987       1.000   52.80%       1.000      1.000


THE MODEL ESTIMATION TERMINATED NORMALLY



MODEL FIT INFORMATION

Number of Free Parameters                       34

Loglikelihood

          H0 Value                       -1884.957

Information Criteria

          Akaike (AIC)                    3837.914
          Bayesian (BIC)                  3957.644
          Sample-Size Adjusted BIC        3849.861
            (n* = (n + 2) / 24)



MODEL RESULTS

                                                    Two-Tailed
                    Estimate       S.E.  Est./S.E.    P-Value

 F        BY
    Y1                 0.592      0.043     13.611      0.000
    Y2                 0.555      0.044     12.646      0.000
    Y3                 0.498      0.040     12.400      0.000
    Y4                 0.496      0.041     12.011      0.000
    Y5                 0.552      0.043     12.870      0.000
    Y6                 0.315      0.027     11.566      0.000
    Y7                 0.241      0.026      9.258      0.000
    Y8               999.000      0.000    999.000    999.000
    Y9                 0.475      0.043     10.978      0.000
    Y10                0.612      0.044     13.990      0.000

 Y8       ON
    X1                -0.021      0.020     -1.076      0.282
    X2                -0.067      0.041     -1.606      0.108

 Means
    F                  0.000      0.000    999.000    999.000

 Intercepts
    Y1                 1.952      0.050     39.398      0.000
    Y2                 1.872      0.049     38.224      0.000
    Y3                 3.176      0.045     71.230      0.000
    Y4                 3.156      0.045     69.490      0.000
    Y5                 3.152      0.048     65.616      0.000
    Y6                 1.236      0.030     41.637      0.000
    Y7                 1.200      0.027     44.233      0.000
    Y8                 1.216      0.035     35.036      0.000
    Y9                 1.932      0.047     41.441      0.000
    Y10                1.924      0.050     38.320      0.000

 Variances
    F                  1.000      0.000    999.000    999.000

 Residual Variances
    Y1                 0.263      0.027      9.632      0.000
    Y2                 0.291      0.029      9.941      0.000
    Y3                 0.249      0.025     10.010      0.000
    Y4                 0.270      0.027     10.125      0.000
    Y5                 0.272      0.028      9.847      0.000
    Y6                 0.121      0.012     10.215      0.000
    Y7                 0.126      0.012     10.635      0.000
    Y8                 0.089      0.009     10.082      0.000
    Y9                 0.318      0.031     10.360      0.000
    Y10                0.256      0.027      9.446      0.000

New/Additional Parameters
    L8_0               0.271      0.037      7.387      0.000
    L8_1               0.004      0.018      0.197      0.844
    L8_2               0.025      0.045      0.572      0.567


QUALITY OF NUMERICAL RESULTS

     Condition Number for the Information Matrix              0.757E-04
       (ratio of smallest to largest eigenvalue)


     Beginning Time:  12:25:54
        Ending Time:  12:25:55
       Elapsed Time:  00:00:01



MUTHEN & MUTHEN
3463 Stoner Ave.
Los Angeles, CA  90066

Tel: (310) 391-9971
Fax: (310) 391-8971
Web: www.StatModel.com
Support: Support@StatModel.com

Copyright (c) 1998-2019 Muthen & Muthen
