Mplus VERSION 8.3
MUTHEN & MUTHEN
04/24/2024  12:39 PM

INPUT INSTRUCTIONS


  TITLE: Test with 10 reps

  DATA:
  File is
  G2_B2_N1_rep292.csv;

  VARIABLE:
      Names are x1 x2 eta
  	y1 y2 y3 y4 y5 y6 y7 y8 y9 y10;
      Usevariables are y1-y10 x1 x2;
      constraint = x1 x2;

  MODEL:
      f BY y1* (l1);
      f BY y2* (l2);
      f BY y3* (l3);
      f BY y4* (l4);
      f BY y5* (l5);
      f BY y6* (l6);
      f BY y7* (l7);
      f BY y8* (l8);
      f BY y9* (l9);
      f BY y10* (l10);

  y6 ON x1 x2;
  f@1;
  [f@0];

  MODEL CONSTRAINT:
      new (l6_0 l6_1 l6_2);
      l6 = l6_0 + l6_1*x1 + l6_2*x2;




INPUT READING TERMINATED NORMALLY



Test with 10 reps

SUMMARY OF ANALYSIS

Number of groups                                                 1
Number of observations                                         250

Number of dependent variables                                   10
Number of independent variables                                  2
Number of continuous latent variables                            1

Observed dependent variables

  Continuous
   Y1          Y2          Y3          Y4          Y5          Y6
   Y7          Y8          Y9          Y10

Observed independent variables
   X1          X2

Continuous latent variables
   F


Estimator                                                       ML
Information matrix                                        OBSERVED
Maximum number of iterations                                  1000
Convergence criterion                                    0.500D-04
Maximum number of steepest descent iterations                   20

Input data file(s)
  G2_B2_N1_rep292.csv

Input data format  FREE



UNIVARIATE SAMPLE STATISTICS


     UNIVARIATE HIGHER-ORDER MOMENT DESCRIPTIVE STATISTICS

         Variable/         Mean/     Skewness/   Minimum/ % with                Percentiles
        Sample Size      Variance    Kurtosis    Maximum  Min/Max      20%/60%    40%/80%    Median

     Y1                    1.828       1.123       1.000   39.20%       1.000      2.000      2.000
             250.000       0.718       1.530       5.000    1.20%       2.000      2.000
     Y2                    1.792       0.590       1.000   37.60%       1.000      2.000      2.000
             250.000       0.533      -0.115       4.000    1.60%       2.000      2.000
     Y3                    3.080       0.197       1.000    1.20%       2.000      3.000      3.000
             250.000       0.626       0.068       5.000    4.00%       3.000      4.000
     Y4                    3.124       0.113       1.000    0.80%       3.000      3.000      3.000
             250.000       0.581      -0.042       5.000    3.20%       3.000      4.000
     Y5                    3.160       0.195       2.000   19.20%       3.000      3.000      3.000
             250.000       0.590      -0.418       5.000    3.60%       3.000      4.000
     Y6                    1.188       2.183       1.000   82.80%       1.000      1.000      1.000
             250.000       0.185       4.078       3.000    1.60%       1.000      1.000
     Y7                    1.212       2.690       1.000   81.60%       1.000      1.000      1.000
             250.000       0.239       8.739       4.000    0.80%       1.000      1.000
     Y8                    1.172       2.254       1.000   84.00%       1.000      1.000      1.000
             250.000       0.166       4.377       3.000    1.20%       1.000      1.000
     Y9                    1.812       0.616       1.000   35.60%       1.000      2.000      2.000
             250.000       0.529       0.108       4.000    2.00%       2.000      2.000
     Y10                   1.884       0.917       1.000   33.20%       1.000      2.000      2.000
             250.000       0.639       1.241       5.000    0.80%       2.000      2.000
     X1                    0.044      -0.182      -2.973    0.40%      -0.801     -0.244     -0.043
             250.000       1.063      -0.235       2.355    0.40%       0.337      0.976
     X2                    0.524      -0.096       0.000   47.60%       0.000      0.000      1.000
             250.000       0.249      -1.991       1.000   52.40%       1.000      1.000


THE MODEL ESTIMATION TERMINATED NORMALLY



MODEL FIT INFORMATION

Number of Free Parameters                       34

Loglikelihood

          H0 Value                       -1881.123

Information Criteria

          Akaike (AIC)                    3830.246
          Bayesian (BIC)                  3949.975
          Sample-Size Adjusted BIC        3842.192
            (n* = (n + 2) / 24)



MODEL RESULTS

                                                    Two-Tailed
                    Estimate       S.E.  Est./S.E.    P-Value

 F        BY
    Y1                 0.625      0.047     13.178      0.000
    Y2                 0.530      0.041     12.905      0.000
    Y3                 0.570      0.045     12.775      0.000
    Y4                 0.596      0.041     14.363      0.000
    Y5                 0.548      0.043     12.592      0.000
    Y6               999.000      0.000    999.000    999.000
    Y7                 0.330      0.028     11.724      0.000
    Y8                 0.261      0.024     10.896      0.000
    Y9                 0.541      0.041     13.353      0.000
    Y10                0.583      0.045     12.992      0.000

 Y6       ON
    X1                 0.021      0.021      0.998      0.318
    X2                 0.031      0.042      0.742      0.458

 Means
    F                  0.000      0.000    999.000    999.000

 Intercepts
    Y1                 1.828      0.054     34.100      0.000
    Y2                 1.792      0.046     38.820      0.000
    Y3                 3.080      0.050     61.570      0.000
    Y4                 3.124      0.048     64.824      0.000
    Y5                 3.160      0.049     65.026      0.000
    Y6                 1.145      0.033     35.210      0.000
    Y7                 1.212      0.031     39.194      0.000
    Y8                 1.172      0.026     45.425      0.000
    Y9                 1.812      0.046     39.404      0.000
    Y10                1.884      0.051     37.278      0.000

 Variances
    F                  1.000      0.000    999.000    999.000

 Residual Variances
    Y1                 0.328      0.033      9.901      0.000
    Y2                 0.252      0.025      9.994      0.000
    Y3                 0.301      0.030     10.018      0.000
    Y4                 0.225      0.024      9.497      0.000
    Y5                 0.290      0.029     10.078      0.000
    Y6                 0.095      0.009     10.228      0.000
    Y7                 0.130      0.013     10.276      0.000
    Y8                 0.099      0.009     10.445      0.000
    Y9                 0.236      0.024      9.842      0.000
    Y10                0.299      0.030      9.965      0.000

New/Additional Parameters
    L6_0               0.193      0.038      5.074      0.000
    L6_1               0.054      0.021      2.608      0.009
    L6_2               0.113      0.046      2.470      0.013


QUALITY OF NUMERICAL RESULTS

     Condition Number for the Information Matrix              0.829E-04
       (ratio of smallest to largest eigenvalue)


     Beginning Time:  12:39:57
        Ending Time:  12:39:58
       Elapsed Time:  00:00:01



MUTHEN & MUTHEN
3463 Stoner Ave.
Los Angeles, CA  90066

Tel: (310) 391-9971
Fax: (310) 391-8971
Web: www.StatModel.com
Support: Support@StatModel.com

Copyright (c) 1998-2019 Muthen & Muthen
