Mplus VERSION 8.3
MUTHEN & MUTHEN
04/24/2024  12:17 PM

INPUT INSTRUCTIONS


  TITLE: Test with 10 reps

  DATA:
  File is
  G2_B2_N1_rep209.csv;

  VARIABLE:
      Names are x1 x2 eta
  	y1 y2 y3 y4 y5 y6 y7 y8 y9 y10;
      Usevariables are y1-y10 x1 x2;
      constraint = x1 x2;

  MODEL:
      f BY y1* (l1);
      f BY y2* (l2);
      f BY y3* (l3);
      f BY y4* (l4);
      f BY y5* (l5);
      f BY y6* (l6);
      f BY y7* (l7);
      f BY y8* (l8);
      f BY y9* (l9);
      f BY y10* (l10);

  y3 ON x1 x2;
  f@1;
  [f@0];

  MODEL CONSTRAINT:
      new (l3_0 l3_1 l3_2);
      l3 = l3_0 + l3_1*x1 + l3_2*x2;




INPUT READING TERMINATED NORMALLY



Test with 10 reps

SUMMARY OF ANALYSIS

Number of groups                                                 1
Number of observations                                         250

Number of dependent variables                                   10
Number of independent variables                                  2
Number of continuous latent variables                            1

Observed dependent variables

  Continuous
   Y1          Y2          Y3          Y4          Y5          Y6
   Y7          Y8          Y9          Y10

Observed independent variables
   X1          X2

Continuous latent variables
   F


Estimator                                                       ML
Information matrix                                        OBSERVED
Maximum number of iterations                                  1000
Convergence criterion                                    0.500D-04
Maximum number of steepest descent iterations                   20

Input data file(s)
  G2_B2_N1_rep209.csv

Input data format  FREE



UNIVARIATE SAMPLE STATISTICS


     UNIVARIATE HIGHER-ORDER MOMENT DESCRIPTIVE STATISTICS

         Variable/         Mean/     Skewness/   Minimum/ % with                Percentiles
        Sample Size      Variance    Kurtosis    Maximum  Min/Max      20%/60%    40%/80%    Median

     Y1                    1.884       0.881       1.000   33.20%       1.000      2.000      2.000
             250.000       0.631       1.179       5.000    0.80%       2.000      2.000
     Y2                    1.860       0.536       1.000   32.00%       1.000      2.000      2.000
             250.000       0.520       0.069       4.000    2.00%       2.000      2.000
     Y3                    3.160      -0.020       1.000    1.60%       3.000      3.000      3.000
             250.000       0.646      -0.007       5.000    4.00%       3.000      4.000
     Y4                    3.144       0.123       2.000   20.40%       2.000      3.000      3.000
             250.000       0.587      -0.568       5.000    2.80%       3.000      4.000
     Y5                    3.144      -0.037       1.000    1.20%       3.000      3.000      3.000
             250.000       0.587      -0.031       5.000    2.80%       3.000      4.000
     Y6                    1.204       3.026       1.000   83.20%       1.000      1.000      1.000
             250.000       0.258      10.743       4.000    1.20%       1.000      1.000
     Y7                    1.232       1.841       1.000   78.80%       1.000      1.000      1.000
             250.000       0.218       2.557       3.000    2.00%       1.000      2.000
     Y8                    1.192       2.938       1.000   83.60%       1.000      1.000      1.000
             250.000       0.227      10.338       4.000    0.80%       1.000      1.000
     Y9                    1.920       0.939       1.000   30.40%       1.000      2.000      2.000
             250.000       0.642       1.338       5.000    0.80%       2.000      2.000
     Y10                   1.924       0.624       1.000   29.60%       1.000      2.000      2.000
             250.000       0.574       0.550       5.000    0.40%       2.000      2.000
     X1                    0.014      -0.063      -3.022    0.40%      -0.755     -0.278     -0.037
             250.000       0.893       0.063       2.466    0.40%       0.254      0.846
     X2                    0.536      -0.144       0.000   46.40%       0.000      0.000      1.000
             250.000       0.249      -1.979       1.000   53.60%       1.000      1.000


THE MODEL ESTIMATION TERMINATED NORMALLY



MODEL FIT INFORMATION

Number of Free Parameters                       34

Loglikelihood

          H0 Value                       -1966.082

Information Criteria

          Akaike (AIC)                    4000.163
          Bayesian (BIC)                  4119.893
          Sample-Size Adjusted BIC        4012.110
            (n* = (n + 2) / 24)



MODEL RESULTS

                                                    Two-Tailed
                    Estimate       S.E.  Est./S.E.    P-Value

 F        BY
    Y1                 0.597      0.044     13.546      0.000
    Y2                 0.515      0.041     12.611      0.000
    Y3               999.000      0.000    999.000    999.000
    Y4                 0.587      0.042     13.923      0.000
    Y5                 0.552      0.043     12.766      0.000
    Y6                 0.341      0.029     11.573      0.000
    Y7                 0.288      0.028     10.406      0.000
    Y8                 0.305      0.028     10.908      0.000
    Y9                 0.595      0.045     13.315      0.000
    Y10                0.557      0.042     13.135      0.000

 Y3       ON
    X1                -0.014      0.041     -0.341      0.733
    X2                 0.029      0.076      0.381      0.703

 Means
    F                  0.000      0.000    999.000    999.000

 Intercepts
    Y1                 1.884      0.050     37.514      0.000
    Y2                 1.860      0.046     40.767      0.000
    Y3                 3.195      0.072     44.328      0.000
    Y4                 3.144      0.048     64.868      0.000
    Y5                 3.144      0.048     64.868      0.000
    Y6                 1.204      0.032     37.451      0.000
    Y7                 1.232      0.030     41.704      0.000
    Y8                 1.192      0.030     39.546      0.000
    Y9                 1.920      0.051     37.900      0.000
    Y10                1.924      0.048     40.145      0.000

 Variances
    F                  1.000      0.000    999.000    999.000

 Residual Variances
    Y1                 0.275      0.028      9.791      0.000
    Y2                 0.255      0.025     10.047      0.000
    Y3                 0.288      0.030      9.767      0.000
    Y4                 0.243      0.025      9.687      0.000
    Y5                 0.283      0.028     10.038      0.000
    Y6                 0.142      0.014     10.279      0.000
    Y7                 0.135      0.013     10.503      0.000
    Y8                 0.134      0.013     10.377      0.000
    Y9                 0.288      0.029      9.861      0.000
    Y10                0.264      0.027      9.922      0.000

New/Additional Parameters
    L3_0               0.711      0.072      9.911      0.000
    L3_1              -0.123      0.044     -2.823      0.005
    L3_2              -0.156      0.081     -1.927      0.054


QUALITY OF NUMERICAL RESULTS

     Condition Number for the Information Matrix              0.159E-03
       (ratio of smallest to largest eigenvalue)


     Beginning Time:  12:17:06
        Ending Time:  12:17:08
       Elapsed Time:  00:00:02



MUTHEN & MUTHEN
3463 Stoner Ave.
Los Angeles, CA  90066

Tel: (310) 391-9971
Fax: (310) 391-8971
Web: www.StatModel.com
Support: Support@StatModel.com

Copyright (c) 1998-2019 Muthen & Muthen
