Mplus VERSION 8.3
MUTHEN & MUTHEN
04/24/2024  12:23 PM

INPUT INSTRUCTIONS


  TITLE: Test with 10 reps

  DATA:
  File is
  G2_B2_N1_rep233.csv;

  VARIABLE:
      Names are x1 x2 eta
  	y1 y2 y3 y4 y5 y6 y7 y8 y9 y10;
      Usevariables are y1-y10 x1 x2;
      constraint = x1 x2;

  MODEL:
      f BY y1* (l1);
      f BY y2* (l2);
      f BY y3* (l3);
      f BY y4* (l4);
      f BY y5* (l5);
      f BY y6* (l6);
      f BY y7* (l7);
      f BY y8* (l8);
      f BY y9* (l9);
      f BY y10* (l10);

  y7 ON x1 x2;
  f@1;
  [f@0];

  MODEL CONSTRAINT:
      new (l7_0 l7_1 l7_2);
      l7 = l7_0 + l7_1*x1 + l7_2*x2;




INPUT READING TERMINATED NORMALLY



Test with 10 reps

SUMMARY OF ANALYSIS

Number of groups                                                 1
Number of observations                                         250

Number of dependent variables                                   10
Number of independent variables                                  2
Number of continuous latent variables                            1

Observed dependent variables

  Continuous
   Y1          Y2          Y3          Y4          Y5          Y6
   Y7          Y8          Y9          Y10

Observed independent variables
   X1          X2

Continuous latent variables
   F


Estimator                                                       ML
Information matrix                                        OBSERVED
Maximum number of iterations                                  1000
Convergence criterion                                    0.500D-04
Maximum number of steepest descent iterations                   20

Input data file(s)
  G2_B2_N1_rep233.csv

Input data format  FREE



UNIVARIATE SAMPLE STATISTICS


     UNIVARIATE HIGHER-ORDER MOMENT DESCRIPTIVE STATISTICS

         Variable/         Mean/     Skewness/   Minimum/ % with                Percentiles
        Sample Size      Variance    Kurtosis    Maximum  Min/Max      20%/60%    40%/80%    Median

     Y1                    1.876       0.850       1.000   34.00%       1.000      2.000      2.000
             250.000       0.629       1.079       5.000    0.80%       2.000      2.000
     Y2                    1.872       0.750       1.000   33.20%       1.000      2.000      2.000
             250.000       0.592       0.715       5.000    0.40%       2.000      2.000
     Y3                    3.092       0.105       1.000    1.20%       2.000      3.000      3.000
             250.000       0.652      -0.214       5.000    3.60%       3.000      4.000
     Y4                    3.104       0.131       1.000    0.80%       2.000      3.000      3.000
             250.000       0.597      -0.129       5.000    3.20%       3.000      4.000
     Y5                    3.216      -0.081       1.000    1.20%       3.000      3.000      3.000
             250.000       0.641      -0.165       5.000    4.00%       3.000      4.000
     Y6                    1.192       2.139       1.000   82.40%       1.000      1.000      1.000
             250.000       0.187       3.861       3.000    1.60%       1.000      1.000
     Y7                    1.200       2.415       1.000   81.60%       1.000      1.000      1.000
             250.000       0.200       7.040       4.000    0.40%       1.000      1.000
     Y8                    1.172       2.254       1.000   84.00%       1.000      1.000      1.000
             250.000       0.166       4.377       3.000    1.20%       1.000      1.000
     Y9                    1.888       0.988       1.000   32.00%       1.000      2.000      2.000
             250.000       0.619       1.839       5.000    1.20%       2.000      2.000
     Y10                   1.844       0.359       1.000   31.60%       1.000      2.000      2.000
             250.000       0.468      -0.299       4.000    0.80%       2.000      2.000
     X1                    0.101       0.082      -3.378    0.40%      -0.769     -0.232      0.009
             250.000       1.156       0.014       3.103    0.40%       0.359      1.027
     X2                    0.512      -0.048       0.000   48.80%       0.000      0.000      1.000
             250.000       0.250      -1.998       1.000   51.20%       1.000      1.000


THE MODEL ESTIMATION TERMINATED NORMALLY



MODEL FIT INFORMATION

Number of Free Parameters                       34

Loglikelihood

          H0 Value                       -1861.083

Information Criteria

          Akaike (AIC)                    3790.166
          Bayesian (BIC)                  3909.896
          Sample-Size Adjusted BIC        3802.113
            (n* = (n + 2) / 24)



MODEL RESULTS

                                                    Two-Tailed
                    Estimate       S.E.  Est./S.E.    P-Value

 F        BY
    Y1                 0.588      0.044     13.300      0.000
    Y2                 0.540      0.044     12.339      0.000
    Y3                 0.600      0.045     13.324      0.000
    Y4                 0.585      0.043     13.692      0.000
    Y5                 0.618      0.044     14.084      0.000
    Y6                 0.285      0.025     11.311      0.000
    Y7               999.000      0.000    999.000    999.000
    Y8                 0.260      0.024     10.873      0.000
    Y9                 0.544      0.045     12.081      0.000
    Y10                0.517      0.038     13.647      0.000

 Y7       ON
    X1                 0.032      0.021      1.522      0.128
    X2                 0.033      0.045      0.736      0.462

 Means
    F                  0.000      0.000    999.000    999.000

 Intercepts
    Y1                 1.876      0.050     37.412      0.000
    Y2                 1.872      0.049     38.482      0.000
    Y3                 3.092      0.051     60.568      0.000
    Y4                 3.104      0.049     63.509      0.000
    Y5                 3.216      0.051     63.495      0.000
    Y6                 1.192      0.027     43.568      0.000
    Y7                 1.153      0.034     34.233      0.000
    Y8                 1.172      0.026     45.426      0.000
    Y9                 1.888      0.050     37.929      0.000
    Y10                1.844      0.043     42.635      0.000

 Variances
    F                  1.000      0.000    999.000    999.000

 Residual Variances
    Y1                 0.283      0.029      9.857      0.000
    Y2                 0.300      0.030     10.127      0.000
    Y3                 0.292      0.030      9.807      0.000
    Y4                 0.255      0.026      9.695      0.000
    Y5                 0.259      0.027      9.579      0.000
    Y6                 0.106      0.010     10.344      0.000
    Y7                 0.107      0.011     10.126      0.000
    Y8                 0.099      0.009     10.423      0.000
    Y9                 0.323      0.032     10.187      0.000
    Y10                0.201      0.021      9.737      0.000

New/Additional Parameters
    L7_0               0.189      0.038      4.946      0.000
    L7_1               0.088      0.022      4.045      0.000
    L7_2               0.116      0.047      2.439      0.015


QUALITY OF NUMERICAL RESULTS

     Condition Number for the Information Matrix              0.871E-04
       (ratio of smallest to largest eigenvalue)


     Beginning Time:  12:23:51
        Ending Time:  12:23:52
       Elapsed Time:  00:00:01



MUTHEN & MUTHEN
3463 Stoner Ave.
Los Angeles, CA  90066

Tel: (310) 391-9971
Fax: (310) 391-8971
Web: www.StatModel.com
Support: Support@StatModel.com

Copyright (c) 1998-2019 Muthen & Muthen
