Mplus VERSION 8.3
MUTHEN & MUTHEN
04/24/2024  12:14 PM

INPUT INSTRUCTIONS


  TITLE: Test with 10 reps

  DATA:
  File is
  G2_B2_N1_rep20.csv;

  VARIABLE:
      Names are x1 x2 eta
  	y1 y2 y3 y4 y5 y6 y7 y8 y9 y10;
      Usevariables are y1-y10 x1 x2;
      constraint = x1 x2;

  MODEL:
      f BY y1* (l1);
      f BY y2* (l2);
      f BY y3* (l3);
      f BY y4* (l4);
      f BY y5* (l5);
      f BY y6* (l6);
      f BY y7* (l7);
      f BY y8* (l8);
      f BY y9* (l9);
      f BY y10* (l10);

  y3 ON x1 x2;
  f@1;
  [f@0];

  MODEL CONSTRAINT:
      new (l3_0 l3_1 l3_2);
      l3 = l3_0 + l3_1*x1 + l3_2*x2;




INPUT READING TERMINATED NORMALLY



Test with 10 reps

SUMMARY OF ANALYSIS

Number of groups                                                 1
Number of observations                                         250

Number of dependent variables                                   10
Number of independent variables                                  2
Number of continuous latent variables                            1

Observed dependent variables

  Continuous
   Y1          Y2          Y3          Y4          Y5          Y6
   Y7          Y8          Y9          Y10

Observed independent variables
   X1          X2

Continuous latent variables
   F


Estimator                                                       ML
Information matrix                                        OBSERVED
Maximum number of iterations                                  1000
Convergence criterion                                    0.500D-04
Maximum number of steepest descent iterations                   20

Input data file(s)
  G2_B2_N1_rep20.csv

Input data format  FREE



UNIVARIATE SAMPLE STATISTICS


     UNIVARIATE HIGHER-ORDER MOMENT DESCRIPTIVE STATISTICS

         Variable/         Mean/     Skewness/   Minimum/ % with                Percentiles
        Sample Size      Variance    Kurtosis    Maximum  Min/Max      20%/60%    40%/80%    Median

     Y1                    1.884       0.709       1.000   31.20%       1.000      2.000      2.000
             250.000       0.559       0.821       5.000    0.40%       2.000      2.000
     Y2                    1.868       0.607       1.000   29.60%       1.000      2.000      2.000
             250.000       0.491       0.551       4.000    2.40%       2.000      2.000
     Y3                    3.136       0.059       1.000    0.80%       3.000      3.000      3.000
             250.000       0.510       0.249       5.000    2.40%       3.000      4.000
     Y4                    3.136      -0.049       1.000    0.40%       3.000      3.000      3.000
             250.000       0.486      -0.239       5.000    1.20%       3.000      4.000
     Y5                    3.184      -0.177       1.000    1.20%       3.000      3.000      3.000
             250.000       0.534       0.131       5.000    2.00%       3.000      4.000
     Y6                    1.152       2.522       1.000   86.00%       1.000      1.000      1.000
             250.000       0.153       5.838       3.000    1.20%       1.000      1.000
     Y7                    1.192       2.028       1.000   82.00%       1.000      1.000      1.000
             250.000       0.179       3.262       3.000    1.20%       1.000      1.000
     Y8                    1.192       2.233       1.000   82.80%       1.000      1.000      1.000
             250.000       0.195       4.343       3.000    2.00%       1.000      1.000
     Y9                    1.880       0.605       1.000   31.60%       1.000      2.000      2.000
             250.000       0.554       0.183       4.000    2.80%       2.000      2.000
     Y10                   1.868       0.741       1.000   32.00%       1.000      2.000      2.000
             250.000       0.555       0.912       5.000    0.40%       2.000      2.000
     X1                   -0.013       0.110      -3.103    0.40%      -0.894     -0.222     -0.020
             250.000       1.025       0.245       3.044    0.40%       0.186      0.820
     X2                    0.512      -0.048       0.000   48.80%       0.000      0.000      1.000
             250.000       0.250      -1.998       1.000   51.20%       1.000      1.000


THE MODEL ESTIMATION TERMINATED NORMALLY



MODEL FIT INFORMATION

Number of Free Parameters                       34

Loglikelihood

          H0 Value                       -1839.629

Information Criteria

          Akaike (AIC)                    3747.258
          Bayesian (BIC)                  3866.988
          Sample-Size Adjusted BIC        3759.205
            (n* = (n + 2) / 24)



MODEL RESULTS

                                                    Two-Tailed
                    Estimate       S.E.  Est./S.E.    P-Value

 F        BY
    Y1                 0.518      0.043     12.020      0.000
    Y2                 0.530      0.039     13.547      0.000
    Y3               999.000      0.000    999.000    999.000
    Y4                 0.487      0.040     12.139      0.000
    Y5                 0.524      0.042     12.572      0.000
    Y6                 0.227      0.024      9.577      0.000
    Y7                 0.253      0.025      9.929      0.000
    Y8                 0.262      0.027      9.838      0.000
    Y9                 0.530      0.043     12.478      0.000
    Y10                0.529      0.043     12.404      0.000

 Y3       ON
    X1                 0.058      0.037      1.588      0.112
    X2                -0.031      0.077     -0.404      0.686

 Means
    F                  0.000      0.000    999.000    999.000

 Intercepts
    Y1                 1.884      0.047     39.859      0.000
    Y2                 1.868      0.044     42.169      0.000
    Y3                 3.164      0.065     48.694      0.000
    Y4                 3.136      0.044     71.162      0.000
    Y5                 3.184      0.046     68.883      0.000
    Y6                 1.152      0.025     46.583      0.000
    Y7                 1.192      0.027     44.530      0.000
    Y8                 1.192      0.028     42.666      0.000
    Y9                 1.880      0.047     39.951      0.000
    Y10                1.868      0.047     39.661      0.000

 Variances
    F                  1.000      0.000    999.000    999.000

 Residual Variances
    Y1                 0.290      0.029      9.965      0.000
    Y2                 0.210      0.022      9.432      0.000
    Y3                 0.275      0.027     10.058      0.000
    Y4                 0.249      0.025      9.934      0.000
    Y5                 0.260      0.027      9.793      0.000
    Y6                 0.101      0.010     10.499      0.000
    Y7                 0.115      0.011     10.441      0.000
    Y8                 0.126      0.012     10.449      0.000
    Y9                 0.272      0.028      9.833      0.000
    Y10                0.275      0.028      9.833      0.000

New/Additional Parameters
    L3_0               0.547      0.072      7.592      0.000
    L3_1               0.040      0.037      1.086      0.277
    L3_2              -0.136      0.085     -1.597      0.110


QUALITY OF NUMERICAL RESULTS

     Condition Number for the Information Matrix              0.912E-04
       (ratio of smallest to largest eigenvalue)


     Beginning Time:  12:14:41
        Ending Time:  12:14:42
       Elapsed Time:  00:00:01



MUTHEN & MUTHEN
3463 Stoner Ave.
Los Angeles, CA  90066

Tel: (310) 391-9971
Fax: (310) 391-8971
Web: www.StatModel.com
Support: Support@StatModel.com

Copyright (c) 1998-2019 Muthen & Muthen
