Mplus VERSION 8.3
MUTHEN & MUTHEN
04/24/2024   1:04 PM

INPUT INSTRUCTIONS


  TITLE: Test with 10 reps

  DATA:
  File is
  G2_B2_N1_rep385.csv;

  VARIABLE:
      Names are x1 x2 eta
  	y1 y2 y3 y4 y5 y6 y7 y8 y9 y10;
      Usevariables are y1-y10 x1 x2;
      constraint = x1 x2;

  MODEL:
      f BY y1* (l1);
      f BY y2* (l2);
      f BY y3* (l3);
      f BY y4* (l4);
      f BY y5* (l5);
      f BY y6* (l6);
      f BY y7* (l7);
      f BY y8* (l8);
      f BY y9* (l9);
      f BY y10* (l10);

  y4 ON x1 x2;
  f@1;
  [f@0];

  MODEL CONSTRAINT:
      new (l4_0 l4_1 l4_2);
      l4 = l4_0 + l4_1*x1 + l4_2*x2;




INPUT READING TERMINATED NORMALLY



Test with 10 reps

SUMMARY OF ANALYSIS

Number of groups                                                 1
Number of observations                                         250

Number of dependent variables                                   10
Number of independent variables                                  2
Number of continuous latent variables                            1

Observed dependent variables

  Continuous
   Y1          Y2          Y3          Y4          Y5          Y6
   Y7          Y8          Y9          Y10

Observed independent variables
   X1          X2

Continuous latent variables
   F


Estimator                                                       ML
Information matrix                                        OBSERVED
Maximum number of iterations                                  1000
Convergence criterion                                    0.500D-04
Maximum number of steepest descent iterations                   20

Input data file(s)
  G2_B2_N1_rep385.csv

Input data format  FREE



UNIVARIATE SAMPLE STATISTICS


     UNIVARIATE HIGHER-ORDER MOMENT DESCRIPTIVE STATISTICS

         Variable/         Mean/     Skewness/   Minimum/ % with                Percentiles
        Sample Size      Variance    Kurtosis    Maximum  Min/Max      20%/60%    40%/80%    Median

     Y1                    1.828       0.665       1.000   37.60%       1.000      2.000      2.000
             250.000       0.606      -0.064       4.000    2.80%       2.000      2.000
     Y2                    1.828       0.912       1.000   38.00%       1.000      2.000      2.000
             250.000       0.654       0.781       5.000    0.40%       2.000      2.000
     Y3                    3.128      -0.155       1.000    2.00%       2.000      3.000      3.000
             250.000       0.680      -0.295       5.000    2.80%       3.000      4.000
     Y4                    3.060       0.126       1.000    1.60%       2.000      3.000      3.000
             250.000       0.712      -0.331       5.000    4.00%       3.000      4.000
     Y5                    3.100       0.142       1.000    1.20%       3.000      3.000      3.000
             250.000       0.594       0.170       5.000    3.60%       3.000      4.000
     Y6                    1.204       2.369       1.000   81.20%       1.000      1.000      1.000
             250.000       0.202       6.760       4.000    0.40%       1.000      1.000
     Y7                    1.216       3.375       1.000   82.00%       1.000      1.000      1.000
             250.000       0.281      15.242       5.000    0.40%       1.000      1.000
     Y8                    1.180       2.734       1.000   84.00%       1.000      1.000      1.000
             250.000       0.196       8.778       4.000    0.40%       1.000      1.000
     Y9                    1.896       0.729       1.000   35.60%       1.000      2.000      2.000
             250.000       0.701      -0.013       4.000    5.20%       2.000      2.000
     Y10                   1.840       1.065       1.000   37.60%       1.000      2.000      2.000
             250.000       0.686       1.554       5.000    1.20%       2.000      2.000
     X1                   -0.034      -0.399      -3.575    0.40%      -0.926     -0.267      0.045
             250.000       1.113       0.099       2.196    0.40%       0.284      0.886
     X2                    0.512      -0.048       0.000   48.80%       0.000      0.000      1.000
             250.000       0.250      -1.998       1.000   51.20%       1.000      1.000


THE MODEL ESTIMATION TERMINATED NORMALLY



MODEL FIT INFORMATION

Number of Free Parameters                       34

Loglikelihood

          H0 Value                       -2065.947

Information Criteria

          Akaike (AIC)                    4199.893
          Bayesian (BIC)                  4319.623
          Sample-Size Adjusted BIC        4211.840
            (n* = (n + 2) / 24)



MODEL RESULTS

                                                    Two-Tailed
                    Estimate       S.E.  Est./S.E.    P-Value

 F        BY
    Y1                 0.580      0.043     13.377      0.000
    Y2                 0.589      0.045     12.947      0.000
    Y3                 0.638      0.045     14.121      0.000
    Y4               999.000      0.000    999.000    999.000
    Y5                 0.592      0.042     13.963      0.000
    Y6                 0.271      0.027     10.101      0.000
    Y7                 0.278      0.033      8.540      0.000
    Y8                 0.223      0.027      8.158      0.000
    Y9                 0.605      0.047     12.820      0.000
    Y10                0.619      0.046     13.426      0.000

 Y4       ON
    X1                 0.002      0.035      0.059      0.953
    X2                -0.028      0.075     -0.371      0.711

 Means
    F                  0.000      0.000    999.000    999.000

 Intercepts
    Y1                 1.828      0.049     37.116      0.000
    Y2                 1.828      0.051     35.729      0.000
    Y3                 3.128      0.052     59.993      0.000
    Y4                 3.071      0.068     45.471      0.000
    Y5                 3.100      0.049     63.597      0.000
    Y6                 1.204      0.028     42.316      0.000
    Y7                 1.216      0.034     36.248      0.000
    Y8                 1.180      0.028     42.186      0.000
    Y9                 1.896      0.053     35.801      0.000
    Y10                1.840      0.052     35.115      0.000

 Variances
    F                  1.000      0.000    999.000    999.000

 Residual Variances
    Y1                 0.270      0.027      9.816      0.000
    Y2                 0.308      0.031      9.938      0.000
    Y3                 0.273      0.029      9.531      0.000
    Y4                 0.289      0.030      9.539      0.000
    Y5                 0.244      0.025      9.592      0.000
    Y6                 0.129      0.012     10.541      0.000
    Y7                 0.204      0.019     10.757      0.000
    Y8                 0.146      0.014     10.801      0.000
    Y9                 0.335      0.034      9.996      0.000
    Y10                0.303      0.031      9.790      0.000

New/Additional Parameters
    L4_0               0.665      0.072      9.290      0.000
    L4_1               0.041      0.034      1.220      0.223
    L4_2              -0.014      0.083     -0.166      0.868


QUALITY OF NUMERICAL RESULTS

     Condition Number for the Information Matrix              0.147E-03
       (ratio of smallest to largest eigenvalue)


     Beginning Time:  13:04:50
        Ending Time:  13:04:52
       Elapsed Time:  00:00:02



MUTHEN & MUTHEN
3463 Stoner Ave.
Los Angeles, CA  90066

Tel: (310) 391-9971
Fax: (310) 391-8971
Web: www.StatModel.com
Support: Support@StatModel.com

Copyright (c) 1998-2019 Muthen & Muthen
