Mplus VERSION 8.3
MUTHEN & MUTHEN
04/24/2024  12:55 PM

INPUT INSTRUCTIONS


  TITLE: Test with 10 reps

  DATA:
  File is
  G2_B2_N1_rep351.csv;

  VARIABLE:
      Names are x1 x2 eta
  	y1 y2 y3 y4 y5 y6 y7 y8 y9 y10;
      Usevariables are y1-y10 x1 x2;
      constraint = x1 x2;

  MODEL:
      f BY y1* (l1);
      f BY y2* (l2);
      f BY y3* (l3);
      f BY y4* (l4);
      f BY y5* (l5);
      f BY y6* (l6);
      f BY y7* (l7);
      f BY y8* (l8);
      f BY y9* (l9);
      f BY y10* (l10);

  y3 ON x1 x2;
  f@1;
  [f@0];

  MODEL CONSTRAINT:
      new (l3_0 l3_1 l3_2);
      l3 = l3_0 + l3_1*x1 + l3_2*x2;




INPUT READING TERMINATED NORMALLY



Test with 10 reps

SUMMARY OF ANALYSIS

Number of groups                                                 1
Number of observations                                         250

Number of dependent variables                                   10
Number of independent variables                                  2
Number of continuous latent variables                            1

Observed dependent variables

  Continuous
   Y1          Y2          Y3          Y4          Y5          Y6
   Y7          Y8          Y9          Y10

Observed independent variables
   X1          X2

Continuous latent variables
   F


Estimator                                                       ML
Information matrix                                        OBSERVED
Maximum number of iterations                                  1000
Convergence criterion                                    0.500D-04
Maximum number of steepest descent iterations                   20

Input data file(s)
  G2_B2_N1_rep351.csv

Input data format  FREE



UNIVARIATE SAMPLE STATISTICS


     UNIVARIATE HIGHER-ORDER MOMENT DESCRIPTIVE STATISTICS

         Variable/         Mean/     Skewness/   Minimum/ % with                Percentiles
        Sample Size      Variance    Kurtosis    Maximum  Min/Max      20%/60%    40%/80%    Median

     Y1                    1.776       0.551       1.000   37.20%       1.000      2.000      2.000
             250.000       0.494      -0.097       4.000    1.20%       2.000      2.000
     Y2                    1.824       0.974       1.000   34.80%       1.000      2.000      2.000
             250.000       0.569       1.804       5.000    0.80%       2.000      2.000
     Y3                    3.116       0.090       2.000   18.80%       3.000      3.000      3.000
             250.000       0.511      -0.470       5.000    1.60%       3.000      4.000
     Y4                    3.124      -0.119       1.000    1.20%       3.000      3.000      3.000
             250.000       0.509       0.225       5.000    1.60%       3.000      4.000
     Y5                    3.088       0.098       1.000    0.40%       3.000      3.000      3.000
             250.000       0.480       0.010       5.000    1.60%       3.000      4.000
     Y6                    1.116       2.720       1.000   88.80%       1.000      1.000      1.000
             250.000       0.111       6.534       3.000    0.40%       1.000      1.000
     Y7                    1.132       2.988       1.000   88.40%       1.000      1.000      1.000
             250.000       0.147       8.722       3.000    1.60%       1.000      1.000
     Y8                    1.152       2.365       1.000   85.60%       1.000      1.000      1.000
             250.000       0.145       4.816       3.000    0.80%       1.000      1.000
     Y9                    1.784       0.678       1.000   35.20%       1.000      2.000      2.000
             250.000       0.473       1.071       5.000    0.40%       2.000      2.000
     Y10                   1.792       0.831       1.000   36.80%       1.000      2.000      2.000
             250.000       0.541       1.093       5.000    0.40%       2.000      2.000
     X1                   -0.038      -0.095      -2.543    0.40%      -0.910     -0.243      0.028
             250.000       0.871      -0.283       2.661    0.40%       0.232      0.709
     X2                    0.476       0.096       0.000   52.40%       0.000      0.000      0.000
             250.000       0.249      -1.991       1.000   47.60%       1.000      1.000


THE MODEL ESTIMATION TERMINATED NORMALLY



MODEL FIT INFORMATION

Number of Free Parameters                       34

Loglikelihood

          H0 Value                       -1728.979

Information Criteria

          Akaike (AIC)                    3525.958
          Bayesian (BIC)                  3645.688
          Sample-Size Adjusted BIC        3537.905
            (n* = (n + 2) / 24)



MODEL RESULTS

                                                    Two-Tailed
                    Estimate       S.E.  Est./S.E.    P-Value

 F        BY
    Y1                 0.536      0.039     13.699      0.000
    Y2                 0.554      0.043     12.975      0.000
    Y3               999.000      0.000    999.000    999.000
    Y4                 0.476      0.042     11.401      0.000
    Y5                 0.467      0.040     11.554      0.000
    Y6                 0.188      0.020      9.275      0.000
    Y7                 0.196      0.024      8.247      0.000
    Y8                 0.217      0.023      9.364      0.000
    Y9                 0.504      0.039     12.928      0.000
    Y10                0.501      0.043     11.714      0.000

 Y3       ON
    X1                 0.024      0.036      0.671      0.502
    X2                -0.016      0.068     -0.241      0.809

 Means
    F                  0.000      0.000    999.000    999.000

 Intercepts
    Y1                 1.776      0.044     39.960      0.000
    Y2                 1.824      0.048     38.232      0.000
    Y3                 3.127      0.057     55.065      0.000
    Y4                 3.124      0.045     69.260      0.000
    Y5                 3.088      0.044     70.455      0.000
    Y6                 1.116      0.021     53.072      0.000
    Y7                 1.132      0.024     46.750      0.000
    Y8                 1.152      0.024     47.851      0.000
    Y9                 1.784      0.044     40.999      0.000
    Y10                1.792      0.047     38.531      0.000

 Variances
    F                  1.000      0.000    999.000    999.000

 Residual Variances
    Y1                 0.206      0.022      9.278      0.000
    Y2                 0.262      0.027      9.586      0.000
    Y3                 0.248      0.026      9.730      0.000
    Y4                 0.282      0.028     10.099      0.000
    Y5                 0.262      0.026     10.048      0.000
    Y6                 0.075      0.007     10.536      0.000
    Y7                 0.108      0.010     10.710      0.000
    Y8                 0.098      0.009     10.527      0.000
    Y9                 0.219      0.023      9.597      0.000
    Y10                0.290      0.029     10.028      0.000

New/Additional Parameters
    L3_0               0.521      0.060      8.726      0.000
    L3_1              -0.004      0.038     -0.108      0.914
    L3_2              -0.021      0.073     -0.290      0.772


QUALITY OF NUMERICAL RESULTS

     Condition Number for the Information Matrix              0.498E-04
       (ratio of smallest to largest eigenvalue)


     Beginning Time:  12:55:54
        Ending Time:  12:55:55
       Elapsed Time:  00:00:01



MUTHEN & MUTHEN
3463 Stoner Ave.
Los Angeles, CA  90066

Tel: (310) 391-9971
Fax: (310) 391-8971
Web: www.StatModel.com
Support: Support@StatModel.com

Copyright (c) 1998-2019 Muthen & Muthen
