Mplus VERSION 8.3
MUTHEN & MUTHEN
04/24/2024   1:00 PM

INPUT INSTRUCTIONS


  TITLE: Test with 10 reps

  DATA:
  File is
  G2_B2_N1_rep370.csv;

  VARIABLE:
      Names are x1 x2 eta
  	y1 y2 y3 y4 y5 y6 y7 y8 y9 y10;
      Usevariables are y1-y10 x1 x2;
      constraint = x1 x2;

  MODEL:
      f BY y1* (l1);
      f BY y2* (l2);
      f BY y3* (l3);
      f BY y4* (l4);
      f BY y5* (l5);
      f BY y6* (l6);
      f BY y7* (l7);
      f BY y8* (l8);
      f BY y9* (l9);
      f BY y10* (l10);

  y1 ON x1 x2;
  f@1;
  [f@0];

  MODEL CONSTRAINT:
      new (l1_0 l1_1 l1_2);
      l1 = l1_0 + l1_1*x1 + l1_2*x2;




INPUT READING TERMINATED NORMALLY



Test with 10 reps

SUMMARY OF ANALYSIS

Number of groups                                                 1
Number of observations                                         250

Number of dependent variables                                   10
Number of independent variables                                  2
Number of continuous latent variables                            1

Observed dependent variables

  Continuous
   Y1          Y2          Y3          Y4          Y5          Y6
   Y7          Y8          Y9          Y10

Observed independent variables
   X1          X2

Continuous latent variables
   F


Estimator                                                       ML
Information matrix                                        OBSERVED
Maximum number of iterations                                  1000
Convergence criterion                                    0.500D-04
Maximum number of steepest descent iterations                   20

Input data file(s)
  G2_B2_N1_rep370.csv

Input data format  FREE



UNIVARIATE SAMPLE STATISTICS


     UNIVARIATE HIGHER-ORDER MOMENT DESCRIPTIVE STATISTICS

         Variable/         Mean/     Skewness/   Minimum/ % with                Percentiles
        Sample Size      Variance    Kurtosis    Maximum  Min/Max      20%/60%    40%/80%    Median

     Y1                    1.928       0.819       1.000   34.00%       1.000      2.000      2.000
             250.000       0.739       0.354       5.000    0.40%       2.000      3.000
     Y2                    1.912       0.911       1.000   37.20%       1.000      2.000      2.000
             250.000       0.800       0.661       5.000    1.20%       2.000      3.000
     Y3                    3.148       0.011       1.000    2.00%       2.000      3.000      3.000
             250.000       0.742      -0.230       5.000    5.20%       3.000      4.000
     Y4                    3.124       0.209       2.000   22.40%       2.000      3.000      3.000
             250.000       0.629      -0.555       5.000    3.60%       3.000      4.000
     Y5                    3.112       0.020       1.000    1.20%       3.000      3.000      3.000
             250.000       0.587      -0.011       5.000    2.80%       3.000      4.000
     Y6                    1.260       2.792       1.000   81.20%       1.000      1.000      1.000
             250.000       0.376       8.859       5.000    0.40%       1.000      1.000
     Y7                    1.200       2.226       1.000   82.40%       1.000      1.000      1.000
             250.000       0.208       4.293       3.000    2.40%       1.000      1.000
     Y8                    1.240       2.463       1.000   80.00%       1.000      1.000      1.000
             250.000       0.278       6.718       4.000    0.80%       1.000      1.000
     Y9                    1.932       0.788       1.000   33.60%       1.000      2.000      2.000
             250.000       0.727       0.320       5.000    0.40%       2.000      3.000
     Y10                   1.948       0.896       1.000   33.20%       1.000      2.000      2.000
             250.000       0.761       0.829       5.000    1.20%       2.000      3.000
     X1                    0.146       0.085      -2.344    0.40%      -0.797     -0.096      0.149
             250.000       1.012      -0.238       3.462    0.40%       0.399      1.002
     X2                    0.516      -0.064       0.000   48.40%       0.000      0.000      1.000
             250.000       0.250      -1.996       1.000   51.60%       1.000      1.000


THE MODEL ESTIMATION TERMINATED NORMALLY



MODEL FIT INFORMATION

Number of Free Parameters                       34

Loglikelihood

          H0 Value                       -2143.661

Information Criteria

          Akaike (AIC)                    4355.322
          Bayesian (BIC)                  4475.051
          Sample-Size Adjusted BIC        4367.268
            (n* = (n + 2) / 24)



MODEL RESULTS

                                                    Two-Tailed
                    Estimate       S.E.  Est./S.E.    P-Value

 F        BY
    Y1               999.000      0.000    999.000    999.000
    Y2                 0.646      0.050     12.847      0.000
    Y3                 0.634      0.048     13.184      0.000
    Y4                 0.597      0.044     13.641      0.000
    Y5                 0.560      0.043     13.052      0.000
    Y6                 0.376      0.036     10.355      0.000
    Y7                 0.307      0.026     11.662      0.000
    Y8                 0.354      0.030     11.619      0.000
    Y9                 0.656      0.047     14.060      0.000
    Y10                0.655      0.048     13.556      0.000

 Y1       ON
    X1                 0.008      0.036      0.208      0.835
    X2                -0.040      0.075     -0.538      0.591

 Means
    F                  0.000      0.000    999.000    999.000

 Intercepts
    Y1                 1.943      0.066     29.522      0.000
    Y2                 1.912      0.057     33.794      0.000
    Y3                 3.148      0.054     57.779      0.000
    Y4                 3.124      0.050     62.299      0.000
    Y5                 3.112      0.048     64.198      0.000
    Y6                 1.260      0.039     32.473      0.000
    Y7                 1.200      0.029     41.602      0.000
    Y8                 1.240      0.033     37.158      0.000
    Y9                 1.932      0.054     35.817      0.000
    Y10                1.948      0.055     35.300      0.000

 Variances
    F                  1.000      0.000    999.000    999.000

 Residual Variances
    Y1                 0.272      0.028      9.545      0.000
    Y2                 0.383      0.038     10.098      0.000
    Y3                 0.340      0.034      9.988      0.000
    Y4                 0.272      0.028      9.875      0.000
    Y5                 0.274      0.027     10.040      0.000
    Y6                 0.235      0.022     10.573      0.000
    Y7                 0.114      0.011     10.315      0.000
    Y8                 0.153      0.015     10.344      0.000
    Y9                 0.297      0.030      9.727      0.000
    Y10                0.333      0.034      9.890      0.000

New/Additional Parameters
    L1_0               0.621      0.069      8.978      0.000
    L1_1              -0.065      0.036     -1.793      0.073
    L1_2               0.122      0.080      1.536      0.125


QUALITY OF NUMERICAL RESULTS

     Condition Number for the Information Matrix              0.119E-03
       (ratio of smallest to largest eigenvalue)


     Beginning Time:  13:00:52
        Ending Time:  13:00:54
       Elapsed Time:  00:00:02



MUTHEN & MUTHEN
3463 Stoner Ave.
Los Angeles, CA  90066

Tel: (310) 391-9971
Fax: (310) 391-8971
Web: www.StatModel.com
Support: Support@StatModel.com

Copyright (c) 1998-2019 Muthen & Muthen
