Mplus VERSION 8.3
MUTHEN & MUTHEN
04/24/2024  12:47 PM

INPUT INSTRUCTIONS


  TITLE: Test with 10 reps

  DATA:
  File is
  G2_B2_N1_rep320.csv;

  VARIABLE:
      Names are x1 x2 eta
  	y1 y2 y3 y4 y5 y6 y7 y8 y9 y10;
      Usevariables are y1-y10 x1 x2;
      constraint = x1 x2;

  MODEL:
      f BY y1* (l1);
      f BY y2* (l2);
      f BY y3* (l3);
      f BY y4* (l4);
      f BY y5* (l5);
      f BY y6* (l6);
      f BY y7* (l7);
      f BY y8* (l8);
      f BY y9* (l9);
      f BY y10* (l10);

  y9 ON x1 x2;
  f@1;
  [f@0];

  MODEL CONSTRAINT:
      new (l9_0 l9_1 l9_2);
      l9 = l9_0 + l9_1*x1 + l9_2*x2;




INPUT READING TERMINATED NORMALLY



Test with 10 reps

SUMMARY OF ANALYSIS

Number of groups                                                 1
Number of observations                                         250

Number of dependent variables                                   10
Number of independent variables                                  2
Number of continuous latent variables                            1

Observed dependent variables

  Continuous
   Y1          Y2          Y3          Y4          Y5          Y6
   Y7          Y8          Y9          Y10

Observed independent variables
   X1          X2

Continuous latent variables
   F


Estimator                                                       ML
Information matrix                                        OBSERVED
Maximum number of iterations                                  1000
Convergence criterion                                    0.500D-04
Maximum number of steepest descent iterations                   20

Input data file(s)
  G2_B2_N1_rep320.csv

Input data format  FREE



UNIVARIATE SAMPLE STATISTICS


     UNIVARIATE HIGHER-ORDER MOMENT DESCRIPTIVE STATISTICS

         Variable/         Mean/     Skewness/   Minimum/ % with                Percentiles
        Sample Size      Variance    Kurtosis    Maximum  Min/Max      20%/60%    40%/80%    Median

     Y1                    1.792       0.723       1.000   35.60%       1.000      2.000      2.000
             250.000       0.509       0.572       4.000    2.40%       2.000      2.000
     Y2                    1.852       0.486       1.000   32.80%       1.000      2.000      2.000
             250.000       0.518      -0.129       4.000    1.60%       2.000      2.000
     Y3                    3.112      -0.109       1.000    0.80%       3.000      3.000      3.000
             250.000       0.523      -0.245       5.000    1.20%       3.000      4.000
     Y4                    3.148       0.074       1.000    0.80%       3.000      3.000      3.000
             250.000       0.486       0.440       5.000    2.40%       3.000      4.000
     Y5                    3.120      -0.146       1.000    2.00%       3.000      3.000      3.000
             250.000       0.570       0.368       5.000    2.40%       3.000      4.000
     Y6                    1.140       2.540       1.000   86.80%       1.000      1.000      1.000
             250.000       0.136       5.810       3.000    0.80%       1.000      1.000
     Y7                    1.172       2.254       1.000   84.00%       1.000      1.000      1.000
             250.000       0.166       4.377       3.000    1.20%       1.000      1.000
     Y8                    1.180       2.022       1.000   82.80%       1.000      1.000      1.000
             250.000       0.164       3.082       3.000    0.80%       1.000      1.000
     Y9                    1.836       0.806       1.000   30.80%       1.000      2.000      2.000
             250.000       0.481       1.693       5.000    0.40%       2.000      2.000
     Y10                   1.808       0.732       1.000   36.80%       1.000      2.000      2.000
             250.000       0.555       0.675       5.000    0.40%       2.000      2.000
     X1                    0.027      -0.192      -2.848    0.40%      -0.691     -0.173      0.045
             250.000       0.861       0.228       2.794    0.40%       0.312      0.776
     X2                    0.532      -0.128       0.000   46.80%       0.000      0.000      1.000
             250.000       0.249      -1.984       1.000   53.20%       1.000      1.000


THE MODEL ESTIMATION TERMINATED NORMALLY



MODEL FIT INFORMATION

Number of Free Parameters                       34

Loglikelihood

          H0 Value                       -1770.343

Information Criteria

          Akaike (AIC)                    3608.686
          Bayesian (BIC)                  3728.416
          Sample-Size Adjusted BIC        3620.633
            (n* = (n + 2) / 24)



MODEL RESULTS

                                                    Two-Tailed
                    Estimate       S.E.  Est./S.E.    P-Value

 F        BY
    Y1                 0.536      0.040     13.467      0.000
    Y2                 0.537      0.040     13.322      0.000
    Y3                 0.475      0.042     11.221      0.000
    Y4                 0.492      0.040     12.334      0.000
    Y5                 0.545      0.043     12.733      0.000
    Y6                 0.180      0.023      7.808      0.000
    Y7                 0.252      0.024     10.391      0.000
    Y8                 0.226      0.025      9.178      0.000
    Y9               999.000      0.000    999.000    999.000
    Y10                0.570      0.041     13.775      0.000

 Y9       ON
    X1                 0.043      0.036      1.189      0.235
    X2                 0.058      0.066      0.880      0.379

 Means
    F                  0.000      0.000    999.000    999.000

 Intercepts
    Y1                 1.792      0.045     39.725      0.000
    Y2                 1.852      0.046     40.682      0.000
    Y3                 3.112      0.046     68.009      0.000
    Y4                 3.148      0.044     71.391      0.000
    Y5                 3.120      0.048     65.364      0.000
    Y6                 1.140      0.023     48.805      0.000
    Y7                 1.172      0.026     45.426      0.000
    Y8                 1.180      0.026     46.128      0.000
    Y9                 1.814      0.056     32.584      0.000
    Y10                1.808      0.047     38.368      0.000

 Variances
    F                  1.000      0.000    999.000    999.000

 Residual Variances
    Y1                 0.221      0.023      9.538      0.000
    Y2                 0.230      0.024      9.616      0.000
    Y3                 0.298      0.029     10.236      0.000
    Y4                 0.244      0.025      9.927      0.000
    Y5                 0.272      0.028      9.807      0.000
    Y6                 0.104      0.010     10.784      0.000
    Y7                 0.103      0.010     10.391      0.000
    Y8                 0.112      0.011     10.594      0.000
    Y9                 0.237      0.024      9.922      0.000
    Y10                0.231      0.025      9.368      0.000

New/Additional Parameters
    L9_0               0.454      0.057      7.986      0.000
    L9_1              -0.062      0.038     -1.647      0.100
    L9_2               0.043      0.070      0.609      0.543


QUALITY OF NUMERICAL RESULTS

     Condition Number for the Information Matrix              0.919E-04
       (ratio of smallest to largest eigenvalue)


     Beginning Time:  12:47:48
        Ending Time:  12:47:49
       Elapsed Time:  00:00:01



MUTHEN & MUTHEN
3463 Stoner Ave.
Los Angeles, CA  90066

Tel: (310) 391-9971
Fax: (310) 391-8971
Web: www.StatModel.com
Support: Support@StatModel.com

Copyright (c) 1998-2019 Muthen & Muthen
