Mplus VERSION 8.3
MUTHEN & MUTHEN
04/24/2024  12:49 PM

INPUT INSTRUCTIONS


  TITLE: Test with 10 reps

  DATA:
  File is
  G2_B2_N1_rep326.csv;

  VARIABLE:
      Names are x1 x2 eta
  	y1 y2 y3 y4 y5 y6 y7 y8 y9 y10;
      Usevariables are y1-y10 x1 x2;
      constraint = x1 x2;

  MODEL:
      f BY y1* (l1);
      f BY y2* (l2);
      f BY y3* (l3);
      f BY y4* (l4);
      f BY y5* (l5);
      f BY y6* (l6);
      f BY y7* (l7);
      f BY y8* (l8);
      f BY y9* (l9);
      f BY y10* (l10);

  y4 ON x1 x2;
  f@1;
  [f@0];

  MODEL CONSTRAINT:
      new (l4_0 l4_1 l4_2);
      l4 = l4_0 + l4_1*x1 + l4_2*x2;




INPUT READING TERMINATED NORMALLY



Test with 10 reps

SUMMARY OF ANALYSIS

Number of groups                                                 1
Number of observations                                         250

Number of dependent variables                                   10
Number of independent variables                                  2
Number of continuous latent variables                            1

Observed dependent variables

  Continuous
   Y1          Y2          Y3          Y4          Y5          Y6
   Y7          Y8          Y9          Y10

Observed independent variables
   X1          X2

Continuous latent variables
   F


Estimator                                                       ML
Information matrix                                        OBSERVED
Maximum number of iterations                                  1000
Convergence criterion                                    0.500D-04
Maximum number of steepest descent iterations                   20

Input data file(s)
  G2_B2_N1_rep326.csv

Input data format  FREE



UNIVARIATE SAMPLE STATISTICS


     UNIVARIATE HIGHER-ORDER MOMENT DESCRIPTIVE STATISTICS

         Variable/         Mean/     Skewness/   Minimum/ % with                Percentiles
        Sample Size      Variance    Kurtosis    Maximum  Min/Max      20%/60%    40%/80%    Median

     Y1                    1.888       0.493       1.000   30.00%       1.000      2.000      2.000
             250.000       0.515       0.052       4.000    2.00%       2.000      2.000
     Y2                    1.872       0.674       1.000   29.20%       1.000      2.000      2.000
             250.000       0.488       1.228       5.000    0.40%       2.000      2.000
     Y3                    3.176      -0.356       1.000    1.20%       3.000      3.000      3.000
             250.000       0.561      -0.356       5.000    0.80%       3.000      4.000
     Y4                    3.132       0.031       1.000    0.40%       3.000      3.000      3.000
             250.000       0.539      -0.308       5.000    2.00%       3.000      4.000
     Y5                    3.140      -0.053       1.000    1.60%       3.000      3.000      3.000
             250.000       0.616       0.036       5.000    3.20%       3.000      4.000
     Y6                    1.192       2.678       1.000   83.60%       1.000      1.000      1.000
             250.000       0.219       7.895       4.000    0.40%       1.000      1.000
     Y7                    1.184       2.819       1.000   84.80%       1.000      1.000      1.000
             250.000       0.222       8.520       4.000    0.40%       1.000      1.000
     Y8                    1.188       2.967       1.000   83.60%       1.000      1.000      1.000
             250.000       0.217      10.887       4.000    0.80%       1.000      1.000
     Y9                    1.824       0.984       1.000   34.40%       1.000      2.000      2.000
             250.000       0.561       1.912       5.000    0.80%       2.000      2.000
     Y10                   1.780       0.895       1.000   38.40%       1.000      2.000      2.000
             250.000       0.564       1.115       5.000    0.40%       2.000      2.000
     X1                   -0.027       0.342      -2.525    0.40%      -0.823     -0.352     -0.108
             250.000       1.168       0.122       3.323    0.40%       0.108      0.779
     X2                    0.496       0.016       0.000   50.40%       0.000      0.000      0.000
             250.000       0.250      -2.000       1.000   49.60%       1.000      1.000


THE MODEL ESTIMATION TERMINATED NORMALLY



MODEL FIT INFORMATION

Number of Free Parameters                       34

Loglikelihood

          H0 Value                       -1950.302

Information Criteria

          Akaike (AIC)                    3968.603
          Bayesian (BIC)                  4088.333
          Sample-Size Adjusted BIC        3980.550
            (n* = (n + 2) / 24)



MODEL RESULTS

                                                    Two-Tailed
                    Estimate       S.E.  Est./S.E.    P-Value

 F        BY
    Y1                 0.493      0.041     11.890      0.000
    Y2                 0.481      0.040     11.950      0.000
    Y3                 0.476      0.044     10.758      0.000
    Y4               999.000      0.000    999.000    999.000
    Y5                 0.590      0.044     13.468      0.000
    Y6                 0.287      0.028     10.244      0.000
    Y7                 0.262      0.029      9.093      0.000
    Y8                 0.288      0.028     10.400      0.000
    Y9                 0.524      0.043     12.194      0.000
    Y10                0.596      0.041     14.557      0.000

 Y4       ON
    X1                 0.027      0.033      0.803      0.422
    X2                 0.066      0.073      0.904      0.366

 Means
    F                  0.000      0.000    999.000    999.000

 Intercepts
    Y1                 1.888      0.045     41.579      0.000
    Y2                 1.872      0.044     42.387      0.000
    Y3                 3.176      0.047     67.044      0.000
    Y4                 3.118      0.062     50.437      0.000
    Y5                 3.140      0.050     63.236      0.000
    Y6                 1.192      0.030     40.261      0.000
    Y7                 1.184      0.030     39.719      0.000
    Y8                 1.188      0.029     40.355      0.000
    Y9                 1.824      0.047     38.504      0.000
    Y10                1.780      0.047     37.489      0.000

 Variances
    F                  1.000      0.000    999.000    999.000

 Residual Variances
    Y1                 0.272      0.027     10.053      0.000
    Y2                 0.256      0.025     10.041      0.000
    Y3                 0.334      0.032     10.335      0.000
    Y4                 0.268      0.027      9.929      0.000
    Y5                 0.268      0.028      9.545      0.000
    Y6                 0.137      0.013     10.408      0.000
    Y7                 0.154      0.014     10.612      0.000
    Y8                 0.133      0.013     10.380      0.000
    Y9                 0.286      0.029      9.956      0.000
    Y10                0.209      0.023      9.040      0.000

New/Additional Parameters
    L4_0               0.548      0.066      8.281      0.000
    L4_1              -0.025      0.036     -0.710      0.478
    L4_2              -0.076      0.078     -0.976      0.329


QUALITY OF NUMERICAL RESULTS

     Condition Number for the Information Matrix              0.161E-03
       (ratio of smallest to largest eigenvalue)


     Beginning Time:  12:49:08
        Ending Time:  12:49:09
       Elapsed Time:  00:00:01



MUTHEN & MUTHEN
3463 Stoner Ave.
Los Angeles, CA  90066

Tel: (310) 391-9971
Fax: (310) 391-8971
Web: www.StatModel.com
Support: Support@StatModel.com

Copyright (c) 1998-2019 Muthen & Muthen
