Mplus VERSION 8.3
MUTHEN & MUTHEN
04/24/2024   1:03 PM

INPUT INSTRUCTIONS


  TITLE: Test with 10 reps

  DATA:
  File is
  G2_B2_N1_rep381.csv;

  VARIABLE:
      Names are x1 x2 eta
  	y1 y2 y3 y4 y5 y6 y7 y8 y9 y10;
      Usevariables are y1-y10 x1 x2;
      constraint = x1 x2;

  MODEL:
      f BY y1* (l1);
      f BY y2* (l2);
      f BY y3* (l3);
      f BY y4* (l4);
      f BY y5* (l5);
      f BY y6* (l6);
      f BY y7* (l7);
      f BY y8* (l8);
      f BY y9* (l9);
      f BY y10* (l10);

  y5 ON x1 x2;
  f@1;
  [f@0];

  MODEL CONSTRAINT:
      new (l5_0 l5_1 l5_2);
      l5 = l5_0 + l5_1*x1 + l5_2*x2;




INPUT READING TERMINATED NORMALLY



Test with 10 reps

SUMMARY OF ANALYSIS

Number of groups                                                 1
Number of observations                                         250

Number of dependent variables                                   10
Number of independent variables                                  2
Number of continuous latent variables                            1

Observed dependent variables

  Continuous
   Y1          Y2          Y3          Y4          Y5          Y6
   Y7          Y8          Y9          Y10

Observed independent variables
   X1          X2

Continuous latent variables
   F


Estimator                                                       ML
Information matrix                                        OBSERVED
Maximum number of iterations                                  1000
Convergence criterion                                    0.500D-04
Maximum number of steepest descent iterations                   20

Input data file(s)
  G2_B2_N1_rep381.csv

Input data format  FREE



UNIVARIATE SAMPLE STATISTICS


     UNIVARIATE HIGHER-ORDER MOMENT DESCRIPTIVE STATISTICS

         Variable/         Mean/     Skewness/   Minimum/ % with                Percentiles
        Sample Size      Variance    Kurtosis    Maximum  Min/Max      20%/60%    40%/80%    Median

     Y1                    1.896       0.617       1.000   31.20%       1.000      2.000      2.000
             250.000       0.573       0.172       4.000    3.20%       2.000      2.000
     Y2                    1.780       0.731       1.000   38.40%       1.000      2.000      2.000
             250.000       0.548       0.279       4.000    2.40%       2.000      2.000
     Y3                    3.156       0.060       1.000    0.40%       3.000      3.000      3.000
             250.000       0.532      -0.173       5.000    2.40%       3.000      4.000
     Y4                    3.184       0.032       1.000    0.80%       3.000      3.000      3.000
             250.000       0.518       0.237       5.000    2.80%       3.000      4.000
     Y5                    3.184       0.033       1.000    0.40%       3.000      3.000      3.000
             250.000       0.558      -0.267       5.000    2.80%       3.000      4.000
     Y6                    1.168       2.159       1.000   84.00%       1.000      1.000      1.000
             250.000       0.156       3.743       3.000    0.80%       1.000      1.000
     Y7                    1.192       2.879       1.000   82.80%       1.000      1.000      1.000
             250.000       0.211      10.671       4.000    0.80%       1.000      1.000
     Y8                    1.168       2.908       1.000   85.20%       1.000      1.000      1.000
             250.000       0.188       9.944       4.000    0.40%       1.000      1.000
     Y9                    1.848       0.726       1.000   36.00%       1.000      2.000      2.000
             250.000       0.609       0.466       5.000    0.40%       2.000      2.000
     Y10                   1.924       0.672       1.000   27.60%       1.000      2.000      2.000
             250.000       0.534       0.957       5.000    0.40%       2.000      2.000
     X1                   -0.009      -0.107      -2.912    0.40%      -0.818     -0.267      0.027
             250.000       1.109       0.063       2.912    0.40%       0.187      0.803
     X2                    0.548      -0.193       0.000   45.20%       0.000      0.000      1.000
             250.000       0.248      -1.963       1.000   54.80%       1.000      1.000


THE MODEL ESTIMATION TERMINATED NORMALLY



MODEL FIT INFORMATION

Number of Free Parameters                       34

Loglikelihood

          H0 Value                       -1868.864

Information Criteria

          Akaike (AIC)                    3805.729
          Bayesian (BIC)                  3925.458
          Sample-Size Adjusted BIC        3817.675
            (n* = (n + 2) / 24)



MODEL RESULTS

                                                    Two-Tailed
                    Estimate       S.E.  Est./S.E.    P-Value

 F        BY
    Y1                 0.575      0.042     13.680      0.000
    Y2                 0.550      0.041     13.261      0.000
    Y3                 0.523      0.041     12.634      0.000
    Y4                 0.504      0.041     12.232      0.000
    Y5               999.000      0.000    999.000    999.000
    Y6                 0.246      0.023     10.515      0.000
    Y7                 0.254      0.028      9.088      0.000
    Y8                 0.262      0.026     10.099      0.000
    Y9                 0.586      0.044     13.476      0.000
    Y10                0.523      0.042     12.601      0.000

 Y5       ON
    X1                 0.040      0.035      1.165      0.244
    X2                 0.088      0.074      1.183      0.237

 Means
    F                  0.000      0.000    999.000    999.000

 Intercepts
    Y1                 1.896      0.048     39.597      0.000
    Y2                 1.780      0.047     38.032      0.000
    Y3                 3.156      0.046     68.436      0.000
    Y4                 3.184      0.046     69.938      0.000
    Y5                 3.131      0.061     51.722      0.000
    Y6                 1.168      0.025     46.791      0.000
    Y7                 1.192      0.029     41.017      0.000
    Y8                 1.168      0.027     42.618      0.000
    Y9                 1.848      0.049     37.445      0.000
    Y10                1.924      0.046     41.621      0.000

 Variances
    F                  1.000      0.000    999.000    999.000

 Residual Variances
    Y1                 0.243      0.025      9.524      0.000
    Y2                 0.245      0.025      9.691      0.000
    Y3                 0.258      0.026      9.894      0.000
    Y4                 0.264      0.026     10.015      0.000
    Y5                 0.304      0.030     10.226      0.000
    Y6                 0.095      0.009     10.403      0.000
    Y7                 0.146      0.014     10.639      0.000
    Y8                 0.119      0.011     10.467      0.000
    Y9                 0.265      0.028      9.616      0.000
    Y10                0.260      0.026      9.908      0.000

New/Additional Parameters
    L5_0               0.440      0.059      7.428      0.000
    L5_1              -0.009      0.036     -0.250      0.803
    L5_2               0.092      0.077      1.189      0.234


QUALITY OF NUMERICAL RESULTS

     Condition Number for the Information Matrix              0.818E-04
       (ratio of smallest to largest eigenvalue)


     Beginning Time:  13:03:55
        Ending Time:  13:03:56
       Elapsed Time:  00:00:01



MUTHEN & MUTHEN
3463 Stoner Ave.
Los Angeles, CA  90066

Tel: (310) 391-9971
Fax: (310) 391-8971
Web: www.StatModel.com
Support: Support@StatModel.com

Copyright (c) 1998-2019 Muthen & Muthen
