Mplus VERSION 8.3
MUTHEN & MUTHEN
04/24/2024   1:00 PM

INPUT INSTRUCTIONS


  TITLE: Test with 10 reps

  DATA:
  File is
  G2_B2_N1_rep367.csv;

  VARIABLE:
      Names are x1 x2 eta
  	y1 y2 y3 y4 y5 y6 y7 y8 y9 y10;
      Usevariables are y1-y10 x1 x2;
      constraint = x1 x2;

  MODEL:
      f BY y1* (l1);
      f BY y2* (l2);
      f BY y3* (l3);
      f BY y4* (l4);
      f BY y5* (l5);
      f BY y6* (l6);
      f BY y7* (l7);
      f BY y8* (l8);
      f BY y9* (l9);
      f BY y10* (l10);

  y8 ON x1 x2;
  f@1;
  [f@0];

  MODEL CONSTRAINT:
      new (l8_0 l8_1 l8_2);
      l8 = l8_0 + l8_1*x1 + l8_2*x2;




INPUT READING TERMINATED NORMALLY



Test with 10 reps

SUMMARY OF ANALYSIS

Number of groups                                                 1
Number of observations                                         250

Number of dependent variables                                   10
Number of independent variables                                  2
Number of continuous latent variables                            1

Observed dependent variables

  Continuous
   Y1          Y2          Y3          Y4          Y5          Y6
   Y7          Y8          Y9          Y10

Observed independent variables
   X1          X2

Continuous latent variables
   F


Estimator                                                       ML
Information matrix                                        OBSERVED
Maximum number of iterations                                  1000
Convergence criterion                                    0.500D-04
Maximum number of steepest descent iterations                   20

Input data file(s)
  G2_B2_N1_rep367.csv

Input data format  FREE



UNIVARIATE SAMPLE STATISTICS


     UNIVARIATE HIGHER-ORDER MOMENT DESCRIPTIVE STATISTICS

         Variable/         Mean/     Skewness/   Minimum/ % with                Percentiles
        Sample Size      Variance    Kurtosis    Maximum  Min/Max      20%/60%    40%/80%    Median

     Y1                    1.940       1.099       1.000   32.80%       1.000      2.000      2.000
             250.000       0.776       1.591       5.000    2.00%       2.000      2.000
     Y2                    1.920       0.779       1.000   29.20%       1.000      2.000      2.000
             250.000       0.586       0.946       5.000    0.40%       2.000      2.000
     Y3                    3.160      -0.016       1.000    1.60%       2.000      3.000      3.000
             250.000       0.694      -0.224       5.000    4.40%       3.000      4.000
     Y4                    3.236       0.013       1.000    0.80%       3.000      3.000      3.000
             250.000       0.644      -0.236       5.000    4.80%       3.000      4.000
     Y5                    3.184       0.174       1.000    0.80%       2.000      3.000      3.000
             250.000       0.702      -0.296       5.000    6.00%       3.000      4.000
     Y6                    1.224       3.128       1.000   81.20%       1.000      1.000      1.000
             250.000       0.278      13.472       5.000    0.40%       1.000      1.000
     Y7                    1.212       2.735       1.000   82.40%       1.000      1.000      1.000
             250.000       0.255       8.475       4.000    0.80%       1.000      1.000
     Y8                    1.240       2.064       1.000   78.00%       1.000      1.000      1.000
             250.000       0.230       4.872       4.000    0.40%       1.000      2.000
     Y9                    1.916       0.738       1.000   31.60%       1.000      2.000      2.000
             250.000       0.621       0.867       5.000    0.80%       2.000      2.000
     Y10                   1.944       0.805       1.000   30.80%       1.000      2.000      2.000
             250.000       0.669       0.840       5.000    0.80%       2.000      3.000
     X1                   -0.035       0.316      -2.868    0.40%      -0.906     -0.381     -0.100
             250.000       1.054       0.383       3.104    0.40%       0.143      0.725
     X2                    0.500       0.000       0.000   50.00%       0.000      0.000      0.500
             250.000       0.250      -2.000       1.000   50.00%       1.000      1.000


THE MODEL ESTIMATION TERMINATED NORMALLY



MODEL FIT INFORMATION

Number of Free Parameters                       34

Loglikelihood

          H0 Value                       -2080.815

Information Criteria

          Akaike (AIC)                    4229.630
          Bayesian (BIC)                  4349.360
          Sample-Size Adjusted BIC        4241.577
            (n* = (n + 2) / 24)



MODEL RESULTS

                                                    Two-Tailed
                    Estimate       S.E.  Est./S.E.    P-Value

 F        BY
    Y1                 0.672      0.049     13.855      0.000
    Y2                 0.535      0.044     12.263      0.000
    Y3                 0.614      0.047     13.186      0.000
    Y4                 0.609      0.044     13.754      0.000
    Y5                 0.629      0.046     13.558      0.000
    Y6                 0.320      0.031     10.221      0.000
    Y7                 0.326      0.030     11.053      0.000
    Y8               999.000      0.000    999.000    999.000
    Y9                 0.586      0.044     13.370      0.000
    Y10                0.629      0.045     14.011      0.000

 Y8       ON
    X1                 0.002      0.024      0.074      0.941
    X2                 0.045      0.049      0.920      0.358

 Means
    F                  0.000      0.000    999.000    999.000

 Intercepts
    Y1                 1.940      0.056     34.812      0.000
    Y2                 1.920      0.048     39.671      0.000
    Y3                 3.160      0.053     59.959      0.000
    Y4                 3.236      0.051     63.743      0.000
    Y5                 3.184      0.053     60.080      0.000
    Y6                 1.224      0.033     36.717      0.000
    Y7                 1.212      0.032     37.945      0.000
    Y8                 1.204      0.038     31.619      0.000
    Y9                 1.916      0.050     38.445      0.000
    Y10                1.944      0.052     37.584      0.000

 Variances
    F                  1.000      0.000    999.000    999.000

 Residual Variances
    Y1                 0.324      0.033      9.699      0.000
    Y2                 0.300      0.029     10.181      0.000
    Y3                 0.318      0.032      9.936      0.000
    Y4                 0.273      0.028      9.751      0.000
    Y5                 0.306      0.031      9.826      0.000
    Y6                 0.176      0.017     10.562      0.000
    Y7                 0.149      0.014     10.418      0.000
    Y8                 0.133      0.013     10.373      0.000
    Y9                 0.277      0.028      9.878      0.000
    Y10                0.274      0.028      9.657      0.000

New/Additional Parameters
    L8_0               0.265      0.038      7.036      0.000
    L8_1               0.031      0.020      1.513      0.130
    L8_2               0.066      0.051      1.309      0.190


QUALITY OF NUMERICAL RESULTS

     Condition Number for the Information Matrix              0.159E-03
       (ratio of smallest to largest eigenvalue)


     Beginning Time:  13:00:05
        Ending Time:  13:00:06
       Elapsed Time:  00:00:01



MUTHEN & MUTHEN
3463 Stoner Ave.
Los Angeles, CA  90066

Tel: (310) 391-9971
Fax: (310) 391-8971
Web: www.StatModel.com
Support: Support@StatModel.com

Copyright (c) 1998-2019 Muthen & Muthen
