Mplus VERSION 8.3
MUTHEN & MUTHEN
04/24/2024   1:09 PM

INPUT INSTRUCTIONS


  TITLE: Test with 10 reps

  DATA:
  File is
  G2_B2_N1_rep40.csv;

  VARIABLE:
      Names are x1 x2 eta
  	y1 y2 y3 y4 y5 y6 y7 y8 y9 y10;
      Usevariables are y1-y10 x1 x2;
      constraint = x1 x2;

  MODEL:
      f BY y1* (l1);
      f BY y2* (l2);
      f BY y3* (l3);
      f BY y4* (l4);
      f BY y5* (l5);
      f BY y6* (l6);
      f BY y7* (l7);
      f BY y8* (l8);
      f BY y9* (l9);
      f BY y10* (l10);

  y9 ON x1 x2;
  f@1;
  [f@0];

  MODEL CONSTRAINT:
      new (l9_0 l9_1 l9_2);
      l9 = l9_0 + l9_1*x1 + l9_2*x2;




INPUT READING TERMINATED NORMALLY



Test with 10 reps

SUMMARY OF ANALYSIS

Number of groups                                                 1
Number of observations                                         250

Number of dependent variables                                   10
Number of independent variables                                  2
Number of continuous latent variables                            1

Observed dependent variables

  Continuous
   Y1          Y2          Y3          Y4          Y5          Y6
   Y7          Y8          Y9          Y10

Observed independent variables
   X1          X2

Continuous latent variables
   F


Estimator                                                       ML
Information matrix                                        OBSERVED
Maximum number of iterations                                  1000
Convergence criterion                                    0.500D-04
Maximum number of steepest descent iterations                   20

Input data file(s)
  G2_B2_N1_rep40.csv

Input data format  FREE



UNIVARIATE SAMPLE STATISTICS


     UNIVARIATE HIGHER-ORDER MOMENT DESCRIPTIVE STATISTICS

         Variable/         Mean/     Skewness/   Minimum/ % with                Percentiles
        Sample Size      Variance    Kurtosis    Maximum  Min/Max      20%/60%    40%/80%    Median

     Y1                    1.896       1.142       1.000   32.40%       1.000      2.000      2.000
             250.000       0.677       2.122       5.000    1.60%       2.000      2.000
     Y2                    1.852       0.708       1.000   36.00%       1.000      2.000      2.000
             250.000       0.622       0.099       4.000    3.60%       2.000      2.000
     Y3                    3.088       0.023       1.000    2.00%       2.000      3.000      3.000
             250.000       0.648       0.078       5.000    3.60%       3.000      4.000
     Y4                    3.156       0.195       1.000    0.40%       3.000      3.000      3.000
             250.000       0.596      -0.169       5.000    4.00%       3.000      4.000
     Y5                    3.040       0.239       1.000    1.20%       2.000      3.000      3.000
             250.000       0.718      -0.361       5.000    4.40%       3.000      4.000
     Y6                    1.172       2.848       1.000   84.80%       1.000      1.000      1.000
             250.000       0.190       9.535       4.000    0.40%       1.000      1.000
     Y7                    1.216       2.477       1.000   82.00%       1.000      1.000      1.000
             250.000       0.249       6.355       4.000    0.40%       1.000      1.000
     Y8                    1.200       3.888       1.000   83.60%       1.000      1.000      1.000
             250.000       0.280      20.653       5.000    0.80%       1.000      1.000
     Y9                    1.860       1.032       1.000   33.60%       1.000      2.000      2.000
             250.000       0.624       1.656       5.000    0.80%       2.000      2.000
     Y10                   1.856       0.986       1.000   36.00%       1.000      2.000      2.000
             250.000       0.659       1.504       5.000    1.20%       2.000      2.000
     X1                   -0.221      -0.173      -3.485    0.40%      -1.024     -0.455     -0.209
             250.000       0.935       0.007       2.183    0.40%       0.018      0.594
     X2                    0.428       0.291       0.000   57.20%       0.000      0.000      0.000
             250.000       0.245      -1.915       1.000   42.80%       1.000      1.000


THE MODEL ESTIMATION TERMINATED NORMALLY



MODEL FIT INFORMATION

Number of Free Parameters                       34

Loglikelihood

          H0 Value                       -2035.195

Information Criteria

          Akaike (AIC)                    4138.390
          Bayesian (BIC)                  4258.120
          Sample-Size Adjusted BIC        4150.337
            (n* = (n + 2) / 24)



MODEL RESULTS

                                                    Two-Tailed
                    Estimate       S.E.  Est./S.E.    P-Value

 F        BY
    Y1                 0.644      0.045     14.374      0.000
    Y2                 0.573      0.044     12.939      0.000
    Y3                 0.576      0.046     12.651      0.000
    Y4                 0.546      0.044     12.453      0.000
    Y5                 0.633      0.047     13.455      0.000
    Y6                 0.267      0.026     10.324      0.000
    Y7                 0.314      0.029     10.693      0.000
    Y8                 0.345      0.031     11.186      0.000
    Y9               999.000      0.000    999.000    999.000
    Y10                0.628      0.044     14.134      0.000

 Y9       ON
    X1                 0.027      0.037      0.739      0.460
    X2                -0.105      0.072     -1.456      0.145

 Means
    F                  0.000      0.000    999.000    999.000

 Intercepts
    Y1                 1.896      0.052     36.430      0.000
    Y2                 1.852      0.050     37.126      0.000
    Y3                 3.088      0.051     60.642      0.000
    Y4                 3.156      0.049     64.656      0.000
    Y5                 3.040      0.054     56.710      0.000
    Y6                 1.172      0.028     42.466      0.000
    Y7                 1.216      0.032     38.504      0.000
    Y8                 1.200      0.033     35.857      0.000
    Y9                 1.901      0.060     31.597      0.000
    Y10                1.856      0.051     36.143      0.000

 Variances
    F                  1.000      0.000    999.000    999.000

 Residual Variances
    Y1                 0.263      0.028      9.521      0.000
    Y2                 0.294      0.029      9.999      0.000
    Y3                 0.317      0.031     10.055      0.000
    Y4                 0.298      0.029     10.111      0.000
    Y5                 0.317      0.032      9.855      0.000
    Y6                 0.119      0.011     10.550      0.000
    Y7                 0.151      0.014     10.499      0.000
    Y8                 0.161      0.016     10.368      0.000
    Y9                 0.266      0.027      9.722      0.000
    Y10                0.265      0.028      9.606      0.000

New/Additional Parameters
    L9_0               0.611      0.062      9.906      0.000
    L9_1               0.062      0.039      1.597      0.110
    L9_2               0.013      0.074      0.174      0.862


QUALITY OF NUMERICAL RESULTS

     Condition Number for the Information Matrix              0.125E-03
       (ratio of smallest to largest eigenvalue)


     Beginning Time:  13:09:14
        Ending Time:  13:09:15
       Elapsed Time:  00:00:01



MUTHEN & MUTHEN
3463 Stoner Ave.
Los Angeles, CA  90066

Tel: (310) 391-9971
Fax: (310) 391-8971
Web: www.StatModel.com
Support: Support@StatModel.com

Copyright (c) 1998-2019 Muthen & Muthen
