Mplus VERSION 8.3
MUTHEN & MUTHEN
04/24/2024   1:21 PM

INPUT INSTRUCTIONS


  TITLE: Test with 10 reps

  DATA:
  File is
  G2_B2_N1_rep447.csv;

  VARIABLE:
      Names are x1 x2 eta
  	y1 y2 y3 y4 y5 y6 y7 y8 y9 y10;
      Usevariables are y1-y10 x1 x2;
      constraint = x1 x2;

  MODEL:
      f BY y1* (l1);
      f BY y2* (l2);
      f BY y3* (l3);
      f BY y4* (l4);
      f BY y5* (l5);
      f BY y6* (l6);
      f BY y7* (l7);
      f BY y8* (l8);
      f BY y9* (l9);
      f BY y10* (l10);

  y6 ON x1 x2;
  f@1;
  [f@0];

  MODEL CONSTRAINT:
      new (l6_0 l6_1 l6_2);
      l6 = l6_0 + l6_1*x1 + l6_2*x2;




INPUT READING TERMINATED NORMALLY



Test with 10 reps

SUMMARY OF ANALYSIS

Number of groups                                                 1
Number of observations                                         250

Number of dependent variables                                   10
Number of independent variables                                  2
Number of continuous latent variables                            1

Observed dependent variables

  Continuous
   Y1          Y2          Y3          Y4          Y5          Y6
   Y7          Y8          Y9          Y10

Observed independent variables
   X1          X2

Continuous latent variables
   F


Estimator                                                       ML
Information matrix                                        OBSERVED
Maximum number of iterations                                  1000
Convergence criterion                                    0.500D-04
Maximum number of steepest descent iterations                   20

Input data file(s)
  G2_B2_N1_rep447.csv

Input data format  FREE



UNIVARIATE SAMPLE STATISTICS


     UNIVARIATE HIGHER-ORDER MOMENT DESCRIPTIVE STATISTICS

         Variable/         Mean/     Skewness/   Minimum/ % with                Percentiles
        Sample Size      Variance    Kurtosis    Maximum  Min/Max      20%/60%    40%/80%    Median

     Y1                    1.948       0.667       1.000   26.80%       1.000      2.000      2.000
             250.000       0.553       0.855       5.000    0.40%       2.000      2.000
     Y2                    1.884       0.498       1.000   30.40%       1.000      2.000      2.000
             250.000       0.519       0.036       4.000    2.00%       2.000      2.000
     Y3                    3.148       0.041       1.000    0.40%       3.000      3.000      3.000
             250.000       0.558      -0.328       5.000    2.40%       3.000      4.000
     Y4                    3.180       0.022       1.000    0.80%       3.000      3.000      3.000
             250.000       0.572      -0.046       5.000    3.20%       3.000      4.000
     Y5                    3.220      -0.117       1.000    0.40%       3.000      3.000      3.000
             250.000       0.532      -0.341       5.000    2.00%       3.000      4.000
     Y6                    1.192       2.028       1.000   82.00%       1.000      1.000      1.000
             250.000       0.179       3.262       3.000    1.20%       1.000      1.000
     Y7                    1.176       2.324       1.000   84.00%       1.000      1.000      1.000
             250.000       0.177       4.796       3.000    1.60%       1.000      1.000
     Y8                    1.204       3.208       1.000   82.00%       1.000      1.000      1.000
             250.000       0.234      15.616       5.000    0.40%       1.000      1.000
     Y9                    1.900       0.606       1.000   28.40%       1.000      2.000      2.000
             250.000       0.514       0.476       4.000    2.80%       2.000      2.000
     Y10                   1.900       0.512       1.000   30.80%       1.000      2.000      2.000
             250.000       0.554      -0.057       4.000    2.40%       2.000      2.000
     X1                    0.044      -0.017      -2.273    0.40%      -0.817     -0.146      0.070
             250.000       0.913      -0.501       2.314    0.40%       0.258      0.880
     X2                    0.532      -0.128       0.000   46.80%       0.000      0.000      1.000
             250.000       0.249      -1.984       1.000   53.20%       1.000      1.000


THE MODEL ESTIMATION TERMINATED NORMALLY



MODEL FIT INFORMATION

Number of Free Parameters                       34

Loglikelihood

          H0 Value                       -1892.019

Information Criteria

          Akaike (AIC)                    3852.037
          Bayesian (BIC)                  3971.767
          Sample-Size Adjusted BIC        3863.984
            (n* = (n + 2) / 24)



MODEL RESULTS

                                                    Two-Tailed
                    Estimate       S.E.  Est./S.E.    P-Value

 F        BY
    Y1                 0.509      0.043     11.833      0.000
    Y2                 0.500      0.041     12.081      0.000
    Y3                 0.560      0.042     13.400      0.000
    Y4                 0.567      0.042     13.404      0.000
    Y5                 0.495      0.042     11.718      0.000
    Y6               999.000      0.000    999.000    999.000
    Y7                 0.244      0.025      9.593      0.000
    Y8                 0.279      0.029      9.518      0.000
    Y9                 0.515      0.041     12.636      0.000
    Y10                0.553      0.042     13.243      0.000

 Y6       ON
    X1                 0.018      0.024      0.738      0.461
    X2                 0.032      0.045      0.709      0.479

 Means
    F                  0.000      0.000    999.000    999.000

 Intercepts
    Y1                 1.948      0.047     41.408      0.000
    Y2                 1.884      0.046     41.367      0.000
    Y3                 3.148      0.047     66.627      0.000
    Y4                 3.180      0.048     66.505      0.000
    Y5                 3.220      0.046     69.829      0.000
    Y6                 1.162      0.036     32.445      0.000
    Y7                 1.176      0.027     44.194      0.000
    Y8                 1.204      0.031     39.322      0.000
    Y9                 1.900      0.045     41.903      0.000
    Y10                1.900      0.047     40.362      0.000

 Variances
    F                  1.000      0.000    999.000    999.000

 Residual Variances
    Y1                 0.294      0.029     10.071      0.000
    Y2                 0.268      0.027     10.010      0.000
    Y3                 0.245      0.026      9.585      0.000
    Y4                 0.250      0.026      9.547      0.000
    Y5                 0.287      0.028     10.114      0.000
    Y6                 0.112      0.011     10.444      0.000
    Y7                 0.117      0.011     10.516      0.000
    Y8                 0.157      0.015     10.559      0.000
    Y9                 0.249      0.025      9.856      0.000
    Y10                0.248      0.026      9.640      0.000

New/Additional Parameters
    L6_0               0.215      0.037      5.848      0.000
    L6_1               0.032      0.024      1.358      0.174
    L6_2               0.050      0.047      1.062      0.288


QUALITY OF NUMERICAL RESULTS

     Condition Number for the Information Matrix              0.112E-03
       (ratio of smallest to largest eigenvalue)


     Beginning Time:  13:21:55
        Ending Time:  13:21:56
       Elapsed Time:  00:00:01



MUTHEN & MUTHEN
3463 Stoner Ave.
Los Angeles, CA  90066

Tel: (310) 391-9971
Fax: (310) 391-8971
Web: www.StatModel.com
Support: Support@StatModel.com

Copyright (c) 1998-2019 Muthen & Muthen
