Mplus VERSION 8.3
MUTHEN & MUTHEN
04/24/2024   1:20 PM

INPUT INSTRUCTIONS


  TITLE: Test with 10 reps

  DATA:
  File is
  G2_B2_N1_rep441.csv;

  VARIABLE:
      Names are x1 x2 eta
  	y1 y2 y3 y4 y5 y6 y7 y8 y9 y10;
      Usevariables are y1-y10 x1 x2;
      constraint = x1 x2;

  MODEL:
      f BY y1* (l1);
      f BY y2* (l2);
      f BY y3* (l3);
      f BY y4* (l4);
      f BY y5* (l5);
      f BY y6* (l6);
      f BY y7* (l7);
      f BY y8* (l8);
      f BY y9* (l9);
      f BY y10* (l10);

  y6 ON x1 x2;
  f@1;
  [f@0];

  MODEL CONSTRAINT:
      new (l6_0 l6_1 l6_2);
      l6 = l6_0 + l6_1*x1 + l6_2*x2;




INPUT READING TERMINATED NORMALLY



Test with 10 reps

SUMMARY OF ANALYSIS

Number of groups                                                 1
Number of observations                                         250

Number of dependent variables                                   10
Number of independent variables                                  2
Number of continuous latent variables                            1

Observed dependent variables

  Continuous
   Y1          Y2          Y3          Y4          Y5          Y6
   Y7          Y8          Y9          Y10

Observed independent variables
   X1          X2

Continuous latent variables
   F


Estimator                                                       ML
Information matrix                                        OBSERVED
Maximum number of iterations                                  1000
Convergence criterion                                    0.500D-04
Maximum number of steepest descent iterations                   20

Input data file(s)
  G2_B2_N1_rep441.csv

Input data format  FREE



UNIVARIATE SAMPLE STATISTICS


     UNIVARIATE HIGHER-ORDER MOMENT DESCRIPTIVE STATISTICS

         Variable/         Mean/     Skewness/   Minimum/ % with                Percentiles
        Sample Size      Variance    Kurtosis    Maximum  Min/Max      20%/60%    40%/80%    Median

     Y1                    1.916       0.911       1.000   34.00%       1.000      2.000      2.000
             250.000       0.717       1.046       5.000    1.20%       2.000      3.000
     Y2                    1.936       0.866       1.000   31.20%       1.000      2.000      2.000
             250.000       0.668       1.216       5.000    1.20%       2.000      3.000
     Y3                    3.168       0.006       1.000    0.40%       3.000      3.000      3.000
             250.000       0.604      -0.501       5.000    2.80%       3.000      4.000
     Y4                    3.116       0.007       1.000    1.60%       2.000      3.000      3.000
             250.000       0.663      -0.165       5.000    3.60%       3.000      4.000
     Y5                    3.132       0.047       1.000    0.80%       3.000      3.000      3.000
             250.000       0.579      -0.143       5.000    2.80%       3.000      4.000
     Y6                    1.164       2.479       1.000   85.20%       1.000      1.000      1.000
             250.000       0.169       5.634       3.000    1.60%       1.000      1.000
     Y7                    1.196       1.986       1.000   81.60%       1.000      1.000      1.000
             250.000       0.182       3.071       3.000    1.20%       1.000      1.000
     Y8                    1.192       2.028       1.000   82.00%       1.000      1.000      1.000
             250.000       0.179       3.262       3.000    1.20%       1.000      1.000
     Y9                    1.892       0.865       1.000   33.60%       1.000      2.000      2.000
             250.000       0.664       0.734       5.000    0.40%       2.000      2.000
     Y10                   1.872       0.734       1.000   34.00%       1.000      2.000      2.000
             250.000       0.608       0.570       5.000    0.40%       2.000      2.000
     X1                   -0.041      -0.023      -2.863    0.40%      -0.954     -0.332     -0.053
             250.000       1.045      -0.269       2.734    0.40%       0.237      0.867
     X2                    0.544      -0.177       0.000   45.60%       0.000      0.000      1.000
             250.000       0.248      -1.969       1.000   54.40%       1.000      1.000


THE MODEL ESTIMATION TERMINATED NORMALLY



MODEL FIT INFORMATION

Number of Free Parameters                       34

Loglikelihood

          H0 Value                       -1903.740

Information Criteria

          Akaike (AIC)                    3875.480
          Bayesian (BIC)                  3995.210
          Sample-Size Adjusted BIC        3887.427
            (n* = (n + 2) / 24)



MODEL RESULTS

                                                    Two-Tailed
                    Estimate       S.E.  Est./S.E.    P-Value

 F        BY
    Y1                 0.660      0.046     14.321      0.000
    Y2                 0.611      0.045     13.454      0.000
    Y3                 0.548      0.044     12.415      0.000
    Y4                 0.612      0.045     13.568      0.000
    Y5                 0.522      0.044     11.993      0.000
    Y6               999.000      0.000    999.000    999.000
    Y7                 0.275      0.025     11.033      0.000
    Y8                 0.262      0.025     10.480      0.000
    Y9                 0.591      0.046     12.929      0.000
    Y10                0.635      0.042     15.297      0.000

 Y6       ON
    X1                 0.011      0.021      0.551      0.582
    X2                -0.016      0.042     -0.373      0.709

 Means
    F                  0.000      0.000    999.000    999.000

 Intercepts
    Y1                 1.916      0.054     35.779      0.000
    Y2                 1.936      0.052     37.456      0.000
    Y3                 3.168      0.049     64.464      0.000
    Y4                 3.116      0.051     60.529      0.000
    Y5                 3.132      0.048     65.105      0.000
    Y6                 1.152      0.033     34.965      0.000
    Y7                 1.196      0.027     44.377      0.000
    Y8                 1.192      0.027     44.530      0.000
    Y9                 1.892      0.052     36.703      0.000
    Y10                1.872      0.049     37.972      0.000

 Variances
    F                  1.000      0.000    999.000    999.000

 Residual Variances
    Y1                 0.281      0.029      9.592      0.000
    Y2                 0.295      0.030      9.863      0.000
    Y3                 0.304      0.030     10.165      0.000
    Y4                 0.289      0.029      9.841      0.000
    Y5                 0.306      0.030     10.264      0.000
    Y6                 0.096      0.009     10.240      0.000
    Y7                 0.106      0.010     10.428      0.000
    Y8                 0.111      0.010     10.529      0.000
    Y9                 0.315      0.031     10.044      0.000
    Y10                0.204      0.022      9.131      0.000

New/Additional Parameters
    L6_0               0.199      0.034      5.801      0.000
    L6_1               0.045      0.020      2.301      0.021
    L6_2               0.100      0.044      2.282      0.022


QUALITY OF NUMERICAL RESULTS

     Condition Number for the Information Matrix              0.849E-04
       (ratio of smallest to largest eigenvalue)


     Beginning Time:  13:20:26
        Ending Time:  13:20:27
       Elapsed Time:  00:00:01



MUTHEN & MUTHEN
3463 Stoner Ave.
Los Angeles, CA  90066

Tel: (310) 391-9971
Fax: (310) 391-8971
Web: www.StatModel.com
Support: Support@StatModel.com

Copyright (c) 1998-2019 Muthen & Muthen
