Mplus VERSION 8.3
MUTHEN & MUTHEN
04/24/2024   1:27 PM

INPUT INSTRUCTIONS


  TITLE: Test with 10 reps

  DATA:
  File is
  G2_B2_N1_rep469.csv;

  VARIABLE:
      Names are x1 x2 eta
  	y1 y2 y3 y4 y5 y6 y7 y8 y9 y10;
      Usevariables are y1-y10 x1 x2;
      constraint = x1 x2;

  MODEL:
      f BY y1* (l1);
      f BY y2* (l2);
      f BY y3* (l3);
      f BY y4* (l4);
      f BY y5* (l5);
      f BY y6* (l6);
      f BY y7* (l7);
      f BY y8* (l8);
      f BY y9* (l9);
      f BY y10* (l10);

  y10 ON x1 x2;
  f@1;
  [f@0];

  MODEL CONSTRAINT:
      new (l10_0 l10_1 l10_2);
      l10 = l10_0 + l10_1*x1 + l10_2*x2;




INPUT READING TERMINATED NORMALLY



Test with 10 reps

SUMMARY OF ANALYSIS

Number of groups                                                 1
Number of observations                                         250

Number of dependent variables                                   10
Number of independent variables                                  2
Number of continuous latent variables                            1

Observed dependent variables

  Continuous
   Y1          Y2          Y3          Y4          Y5          Y6
   Y7          Y8          Y9          Y10

Observed independent variables
   X1          X2

Continuous latent variables
   F


Estimator                                                       ML
Information matrix                                        OBSERVED
Maximum number of iterations                                  1000
Convergence criterion                                    0.500D-04
Maximum number of steepest descent iterations                   20

Input data file(s)
  G2_B2_N1_rep469.csv

Input data format  FREE



UNIVARIATE SAMPLE STATISTICS


     UNIVARIATE HIGHER-ORDER MOMENT DESCRIPTIVE STATISTICS

         Variable/         Mean/     Skewness/   Minimum/ % with                Percentiles
        Sample Size      Variance    Kurtosis    Maximum  Min/Max      20%/60%    40%/80%    Median

     Y1                    1.836       0.272       1.000   30.80%       1.000      2.000      2.000
             250.000       0.433      -0.397       4.000    0.40%       2.000      2.000
     Y2                    1.796       0.654       1.000   34.80%       1.000      2.000      2.000
             250.000       0.490       0.456       4.000    2.00%       2.000      2.000
     Y3                    3.112       0.258       1.000    0.40%       3.000      3.000      3.000
             250.000       0.531       0.155       5.000    3.20%       3.000      4.000
     Y4                    3.064       0.003       1.000    0.40%       3.000      3.000      3.000
             250.000       0.452      -0.118       5.000    0.80%       3.000      4.000
     Y5                    3.068       0.036       1.000    0.40%       2.000      3.000      3.000
             250.000       0.503      -0.307       5.000    1.20%       3.000      4.000
     Y6                    1.144       3.316       1.000   87.60%       1.000      1.000      1.000
             250.000       0.171      12.918       4.000    0.40%       1.000      1.000
     Y7                    1.148       2.581       1.000   86.40%       1.000      1.000      1.000
             250.000       0.150       6.185       3.000    1.20%       1.000      1.000
     Y8                    1.140       3.248       1.000   87.20%       1.000      1.000      1.000
             250.000       0.152      13.425       4.000    0.40%       1.000      1.000
     Y9                    1.828       0.903       1.000   32.80%       1.000      2.000      2.000
             250.000       0.526       1.600       5.000    0.40%       2.000      2.000
     Y10                   1.820       0.695       1.000   32.00%       1.000      2.000      2.000
             250.000       0.468       1.355       5.000    0.40%       2.000      2.000
     X1                   -0.042      -0.086      -2.705    0.40%      -0.908     -0.283      0.006
             250.000       0.978       0.019       3.061    0.40%       0.206      0.795
     X2                    0.544      -0.177       0.000   45.60%       0.000      0.000      1.000
             250.000       0.248      -1.969       1.000   54.40%       1.000      1.000


THE MODEL ESTIMATION TERMINATED NORMALLY



MODEL FIT INFORMATION

Number of Free Parameters                       34

Loglikelihood

          H0 Value                       -1682.287

Information Criteria

          Akaike (AIC)                    3432.573
          Bayesian (BIC)                  3552.303
          Sample-Size Adjusted BIC        3444.520
            (n* = (n + 2) / 24)



MODEL RESULTS

                                                    Two-Tailed
                    Estimate       S.E.  Est./S.E.    P-Value

 F        BY
    Y1                 0.479      0.037     12.911      0.000
    Y2                 0.538      0.039     13.946      0.000
    Y3                 0.544      0.041     13.363      0.000
    Y4                 0.476      0.038     12.449      0.000
    Y5                 0.488      0.041     11.966      0.000
    Y6                 0.217      0.025      8.518      0.000
    Y7                 0.231      0.023      9.956      0.000
    Y8                 0.234      0.023     10.002      0.000
    Y9                 0.578      0.039     14.690      0.000
    Y10              999.000      0.000    999.000    999.000

 Y10      ON
    X1                 0.061      0.033      1.845      0.065
    X2                 0.015      0.066      0.228      0.819

 Means
    F                  0.000      0.000    999.000    999.000

 Intercepts
    Y1                 1.836      0.042     44.111      0.000
    Y2                 1.796      0.044     40.552      0.000
    Y3                 3.112      0.046     67.496      0.000
    Y4                 3.064      0.043     72.067      0.000
    Y5                 3.068      0.045     68.372      0.000
    Y6                 1.144      0.026     43.708      0.000
    Y7                 1.148      0.025     46.852      0.000
    Y8                 1.140      0.025     46.172      0.000
    Y9                 1.828      0.046     39.836      0.000
    Y10                1.813      0.057     31.623      0.000

 Variances
    F                  1.000      0.000    999.000    999.000

 Residual Variances
    Y1                 0.204      0.021      9.870      0.000
    Y2                 0.201      0.021      9.525      0.000
    Y3                 0.236      0.024      9.714      0.000
    Y4                 0.225      0.022     10.025      0.000
    Y5                 0.265      0.026     10.147      0.000
    Y6                 0.124      0.012     10.741      0.000
    Y7                 0.097      0.009     10.523      0.000
    Y8                 0.098      0.009     10.510      0.000
    Y9                 0.193      0.021      9.163      0.000
    Y10                0.233      0.023     10.083      0.000

New/Additional Parameters
    L10_0              0.505      0.055      9.242      0.000
    L10_1              0.060      0.036      1.667      0.095
    L10_2             -0.068      0.068     -0.993      0.321


QUALITY OF NUMERICAL RESULTS

     Condition Number for the Information Matrix              0.814E-04
       (ratio of smallest to largest eigenvalue)


     Beginning Time:  13:27:57
        Ending Time:  13:27:58
       Elapsed Time:  00:00:01



MUTHEN & MUTHEN
3463 Stoner Ave.
Los Angeles, CA  90066

Tel: (310) 391-9971
Fax: (310) 391-8971
Web: www.StatModel.com
Support: Support@StatModel.com

Copyright (c) 1998-2019 Muthen & Muthen
