Mplus VERSION 8.3
MUTHEN & MUTHEN
04/24/2024   1:19 PM

INPUT INSTRUCTIONS


  TITLE: Test with 10 reps

  DATA:
  File is
  G2_B2_N1_rep440.csv;

  VARIABLE:
      Names are x1 x2 eta
  	y1 y2 y3 y4 y5 y6 y7 y8 y9 y10;
      Usevariables are y1-y10 x1 x2;
      constraint = x1 x2;

  MODEL:
      f BY y1* (l1);
      f BY y2* (l2);
      f BY y3* (l3);
      f BY y4* (l4);
      f BY y5* (l5);
      f BY y6* (l6);
      f BY y7* (l7);
      f BY y8* (l8);
      f BY y9* (l9);
      f BY y10* (l10);

  y1 ON x1 x2;
  f@1;
  [f@0];

  MODEL CONSTRAINT:
      new (l1_0 l1_1 l1_2);
      l1 = l1_0 + l1_1*x1 + l1_2*x2;




INPUT READING TERMINATED NORMALLY



Test with 10 reps

SUMMARY OF ANALYSIS

Number of groups                                                 1
Number of observations                                         250

Number of dependent variables                                   10
Number of independent variables                                  2
Number of continuous latent variables                            1

Observed dependent variables

  Continuous
   Y1          Y2          Y3          Y4          Y5          Y6
   Y7          Y8          Y9          Y10

Observed independent variables
   X1          X2

Continuous latent variables
   F


Estimator                                                       ML
Information matrix                                        OBSERVED
Maximum number of iterations                                  1000
Convergence criterion                                    0.500D-04
Maximum number of steepest descent iterations                   20

Input data file(s)
  G2_B2_N1_rep440.csv

Input data format  FREE



UNIVARIATE SAMPLE STATISTICS


     UNIVARIATE HIGHER-ORDER MOMENT DESCRIPTIVE STATISTICS

         Variable/         Mean/     Skewness/   Minimum/ % with                Percentiles
        Sample Size      Variance    Kurtosis    Maximum  Min/Max      20%/60%    40%/80%    Median

     Y1                    1.816       0.884       1.000   37.60%       1.000      2.000      2.000
             250.000       0.614       0.868       5.000    0.40%       2.000      2.000
     Y2                    1.812       0.822       1.000   36.80%       1.000      2.000      2.000
             250.000       0.577       0.871       5.000    0.40%       2.000      2.000
     Y3                    3.112       0.050       1.000    1.20%       2.000      3.000      3.000
             250.000       0.675      -0.368       5.000    3.60%       3.000      4.000
     Y4                    3.076      -0.126       1.000    1.20%       2.000      3.000      3.000
             250.000       0.566      -0.328       5.000    1.20%       3.000      4.000
     Y5                    3.104      -0.050       1.000    0.80%       3.000      3.000      3.000
             250.000       0.549      -0.279       5.000    1.60%       3.000      4.000
     Y6                    1.176       2.206       1.000   83.60%       1.000      1.000      1.000
             250.000       0.169       4.130       3.000    1.20%       1.000      1.000
     Y7                    1.172       3.226       1.000   85.60%       1.000      1.000      1.000
             250.000       0.214      12.329       4.000    0.80%       1.000      1.000
     Y8                    1.152       2.173       1.000   85.20%       1.000      1.000      1.000
             250.000       0.137       3.487       3.000    0.40%       1.000      1.000
     Y9                    1.800       0.421       1.000   34.00%       1.000      2.000      2.000
             250.000       0.456      -0.188       4.000    0.80%       2.000      2.000
     Y10                   1.780       0.860       1.000   37.20%       1.000      2.000      2.000
             250.000       0.532       1.235       5.000    0.40%       2.000      2.000
     X1                   -0.085       0.106      -2.926    0.40%      -1.075     -0.329     -0.107
             250.000       1.011      -0.082       2.991    0.40%       0.170      0.757
     X2                    0.432       0.275       0.000   56.80%       0.000      0.000      0.000
             250.000       0.245      -1.925       1.000   43.20%       1.000      1.000


THE MODEL ESTIMATION TERMINATED NORMALLY



MODEL FIT INFORMATION

Number of Free Parameters                       34

Loglikelihood

          H0 Value                       -1886.263

Information Criteria

          Akaike (AIC)                    3840.527
          Bayesian (BIC)                  3960.257
          Sample-Size Adjusted BIC        3852.474
            (n* = (n + 2) / 24)



MODEL RESULTS

                                                    Two-Tailed
                    Estimate       S.E.  Est./S.E.    P-Value

 F        BY
    Y1               999.000      0.000    999.000    999.000
    Y2                 0.542      0.043     12.507      0.000
    Y3                 0.611      0.046     13.229      0.000
    Y4                 0.549      0.043     12.896      0.000
    Y5                 0.536      0.042     12.743      0.000
    Y6                 0.221      0.025      8.728      0.000
    Y7                 0.265      0.028      9.430      0.000
    Y8                 0.189      0.023      8.232      0.000
    Y9                 0.477      0.039     12.339      0.000
    Y10                0.536      0.041     13.019      0.000

 Y1       ON
    X1                 0.041      0.038      1.075      0.282
    X2                 0.164      0.075      2.185      0.029

 Means
    F                  0.000      0.000    999.000    999.000

 Intercepts
    Y1                 1.729      0.056     30.606      0.000
    Y2                 1.812      0.048     37.729      0.000
    Y3                 3.112      0.052     59.870      0.000
    Y4                 3.076      0.048     64.634      0.000
    Y5                 3.104      0.047     66.227      0.000
    Y6                 1.176      0.026     45.228      0.000
    Y7                 1.172      0.029     40.019      0.000
    Y8                 1.152      0.023     49.230      0.000
    Y9                 1.800      0.043     42.146      0.000
    Y10                1.780      0.046     38.601      0.000

 Variances
    F                  1.000      0.000    999.000    999.000

 Residual Variances
    Y1                 0.297      0.030      9.883      0.000
    Y2                 0.283      0.029      9.861      0.000
    Y3                 0.302      0.032      9.572      0.000
    Y4                 0.265      0.027      9.718      0.000
    Y5                 0.262      0.027      9.757      0.000
    Y6                 0.120      0.011     10.641      0.000
    Y7                 0.144      0.014     10.533      0.000
    Y8                 0.101      0.009     10.704      0.000
    Y9                 0.228      0.023      9.907      0.000
    Y10                0.244      0.025      9.637      0.000

New/Additional Parameters
    L1_0               0.465      0.056      8.279      0.000
    L1_1               0.034      0.042      0.810      0.418
    L1_2               0.132      0.078      1.687      0.092


QUALITY OF NUMERICAL RESULTS

     Condition Number for the Information Matrix              0.876E-04
       (ratio of smallest to largest eigenvalue)


     Beginning Time:  13:19:58
        Ending Time:  13:20:00
       Elapsed Time:  00:00:02



MUTHEN & MUTHEN
3463 Stoner Ave.
Los Angeles, CA  90066

Tel: (310) 391-9971
Fax: (310) 391-8971
Web: www.StatModel.com
Support: Support@StatModel.com

Copyright (c) 1998-2019 Muthen & Muthen
