Mplus VERSION 8.3
MUTHEN & MUTHEN
04/24/2024   1:36 PM

INPUT INSTRUCTIONS


  TITLE: Test with 10 reps

  DATA:
  File is
  G2_B2_N1_rep499.csv;

  VARIABLE:
      Names are x1 x2 eta
  	y1 y2 y3 y4 y5 y6 y7 y8 y9 y10;
      Usevariables are y1-y10 x1 x2;
      constraint = x1 x2;

  MODEL:
      f BY y1* (l1);
      f BY y2* (l2);
      f BY y3* (l3);
      f BY y4* (l4);
      f BY y5* (l5);
      f BY y6* (l6);
      f BY y7* (l7);
      f BY y8* (l8);
      f BY y9* (l9);
      f BY y10* (l10);

  y7 ON x1 x2;
  f@1;
  [f@0];

  MODEL CONSTRAINT:
      new (l7_0 l7_1 l7_2);
      l7 = l7_0 + l7_1*x1 + l7_2*x2;




INPUT READING TERMINATED NORMALLY



Test with 10 reps

SUMMARY OF ANALYSIS

Number of groups                                                 1
Number of observations                                         250

Number of dependent variables                                   10
Number of independent variables                                  2
Number of continuous latent variables                            1

Observed dependent variables

  Continuous
   Y1          Y2          Y3          Y4          Y5          Y6
   Y7          Y8          Y9          Y10

Observed independent variables
   X1          X2

Continuous latent variables
   F


Estimator                                                       ML
Information matrix                                        OBSERVED
Maximum number of iterations                                  1000
Convergence criterion                                    0.500D-04
Maximum number of steepest descent iterations                   20

Input data file(s)
  G2_B2_N1_rep499.csv

Input data format  FREE



UNIVARIATE SAMPLE STATISTICS


     UNIVARIATE HIGHER-ORDER MOMENT DESCRIPTIVE STATISTICS

         Variable/         Mean/     Skewness/   Minimum/ % with                Percentiles
        Sample Size      Variance    Kurtosis    Maximum  Min/Max      20%/60%    40%/80%    Median

     Y1                    1.816       0.688       1.000   33.20%       1.000      2.000      2.000
             250.000       0.494       0.646       4.000    2.40%       2.000      2.000
     Y2                    1.784       0.606       1.000   36.80%       1.000      2.000      2.000
             250.000       0.505       0.087       4.000    1.60%       2.000      2.000
     Y3                    3.156       0.106       2.000   14.80%       3.000      3.000      3.000
             250.000       0.460      -0.219       5.000    1.60%       3.000      4.000
     Y4                    3.128      -0.210       1.000    0.80%       3.000      3.000      3.000
             250.000       0.552      -0.537       5.000    0.80%       3.000      4.000
     Y5                    3.144      -0.076       1.000    0.40%       3.000      3.000      3.000
             250.000       0.499      -0.333       5.000    1.20%       3.000      4.000
     Y6                    1.160       2.726       1.000   86.40%       1.000      1.000      1.000
             250.000       0.182       6.962       3.000    2.40%       1.000      1.000
     Y7                    1.156       2.124       1.000   84.80%       1.000      1.000      1.000
             250.000       0.140       3.247       3.000    0.40%       1.000      1.000
     Y8                    1.168       1.776       1.000   83.20%       1.000      1.000      1.000
             250.000       0.140       1.154       2.000   16.80%       1.000      1.000
     Y9                    1.868       0.741       1.000   32.00%       1.000      2.000      2.000
             250.000       0.555       0.912       5.000    0.40%       2.000      2.000
     Y10                   1.884       0.630       1.000   32.80%       1.000      2.000      2.000
             250.000       0.583       0.415       5.000    0.40%       2.000      2.000
     X1                    0.001      -0.079      -3.103    0.40%      -0.885     -0.314      0.035
             250.000       1.067      -0.024       2.659    0.40%       0.266      0.843
     X2                    0.540      -0.161       0.000   46.00%       0.000      0.000      1.000
             250.000       0.248      -1.974       1.000   54.00%       1.000      1.000


THE MODEL ESTIMATION TERMINATED NORMALLY

     THE STANDARD ERRORS OF THE MODEL PARAMETER ESTIMATES MAY NOT BE
     TRUSTWORTHY FOR SOME PARAMETERS DUE TO A NON-POSITIVE DEFINITE
     FIRST-ORDER DERIVATIVE PRODUCT MATRIX.  THIS MAY BE DUE TO THE STARTING
     VALUES BUT MAY ALSO BE AN INDICATION OF MODEL NONIDENTIFICATION.  THE
     CONDITION NUMBER IS       0.379D-12.  PROBLEM INVOLVING THE FOLLOWING PARAMETER:
     Parameter 35, L7_2

     THIS IS MOST LIKELY DUE TO VARIABLE Y8 BEING DICHOTOMOUS BUT
     DECLARED AS CONTINUOUS.




MODEL FIT INFORMATION

Number of Free Parameters                       34

Loglikelihood

          H0 Value                       -1766.728

Information Criteria

          Akaike (AIC)                    3601.456
          Bayesian (BIC)                  3721.186
          Sample-Size Adjusted BIC        3613.403
            (n* = (n + 2) / 24)



MODEL RESULTS

                                                    Two-Tailed
                    Estimate       S.E.  Est./S.E.    P-Value

 F        BY
    Y1                 0.497      0.040     12.346      0.000
    Y2                 0.507      0.041     12.500      0.000
    Y3                 0.500      0.038     13.099      0.000
    Y4                 0.508      0.043     11.815      0.000
    Y5                 0.507      0.040     12.608      0.000
    Y6                 0.240      0.026      9.223      0.000
    Y7               999.000      0.000    999.000    999.000
    Y8                 0.205      0.023      8.953      0.000
    Y9                 0.545      0.042     12.954      0.000
    Y10                0.567      0.043     13.234      0.000

 Y7       ON
    X1                -0.011      0.019     -0.553      0.580
    X2                -0.041      0.040     -1.027      0.304

 Means
    F                  0.000      0.000    999.000    999.000

 Intercepts
    Y1                 1.816      0.044     40.847      0.000
    Y2                 1.784      0.045     39.680      0.000
    Y3                 3.156      0.043     73.601      0.000
    Y4                 3.128      0.047     66.591      0.000
    Y5                 3.144      0.045     70.353      0.000
    Y6                 1.160      0.027     42.945      0.000
    Y7                 1.165      0.033     35.769      0.000
    Y8                 1.168      0.024     49.396      0.000
    Y9                 1.868      0.047     39.661      0.000
    Y10                1.884      0.048     39.029      0.000

 Variances
    F                  1.000      0.000    999.000    999.000

 Residual Variances
    Y1                 0.248      0.025      9.924      0.000
    Y2                 0.248      0.025      9.864      0.000
    Y3                 0.210      0.022      9.680      0.000
    Y4                 0.294      0.029     10.056      0.000
    Y5                 0.242      0.025      9.820      0.000
    Y6                 0.125      0.012     10.575      0.000
    Y7                 0.086      0.008     10.184      0.000
    Y8                 0.098      0.009     10.630      0.000
    Y9                 0.258      0.027      9.723      0.000
    Y10                0.261      0.027      9.610      0.000

New/Additional Parameters
    L7_0               0.214      0.033      6.533      0.000
    L7_1               0.041      0.021      1.971      0.049
    L7_2               0.040      0.042      0.962      0.336


QUALITY OF NUMERICAL RESULTS

     Condition Number for the Information Matrix              0.677E-04
       (ratio of smallest to largest eigenvalue)


TECHNICAL 1 OUTPUT


     PARAMETER SPECIFICATION


           NU
              Y1            Y2            Y3            Y4            Y5
              ________      ________      ________      ________      ________
                  1             2             3             4             5


           NU
              Y6            Y7            Y8            Y9            Y10
              ________      ________      ________      ________      ________
                  6             0             7             8             9


           NU
              X1            X2
              ________      ________
                  0             0


           LAMBDA
              F             Y7            X1            X2
              ________      ________      ________      ________
 Y1                10             0             0             0
 Y2                11             0             0             0
 Y3                12             0             0             0
 Y4                13             0             0             0
 Y5                14             0             0             0
 Y6                15             0             0             0
 Y7                 0             0             0             0
 Y8                16             0             0             0
 Y9                17             0             0             0
 Y10               18             0             0             0
 X1                 0             0             0             0
 X2                 0             0             0             0


           THETA
              Y1            Y2            Y3            Y4            Y5
              ________      ________      ________      ________      ________
 Y1                19
 Y2                 0            20
 Y3                 0             0            21
 Y4                 0             0             0            22
 Y5                 0             0             0             0            23
 Y6                 0             0             0             0             0
 Y7                 0             0             0             0             0
 Y8                 0             0             0             0             0
 Y9                 0             0             0             0             0
 Y10                0             0             0             0             0
 X1                 0             0             0             0             0
 X2                 0             0             0             0             0


           THETA
              Y6            Y7            Y8            Y9            Y10
              ________      ________      ________      ________      ________
 Y6                24
 Y7                 0             0
 Y8                 0             0            25
 Y9                 0             0             0            26
 Y10                0             0             0             0            27
 X1                 0             0             0             0             0
 X2                 0             0             0             0             0


           THETA
              X1            X2
              ________      ________
 X1                 0
 X2                 0             0


           ALPHA
              F             Y7            X1            X2
              ________      ________      ________      ________
                  0            28             0             0


           BETA
              F             Y7            X1            X2
              ________      ________      ________      ________
 F                  0             0             0             0
 Y7                29             0            30            31
 X1                 0             0             0             0
 X2                 0             0             0             0


           PSI
              F             Y7            X1            X2
              ________      ________      ________      ________
 F                  0
 Y7                 0            32
 X1                 0             0             0
 X2                 0             0             0             0


     PARAMETER SPECIFICATION FOR THE ADDITIONAL PARAMETERS


           New/Additional Parameters
              L7_0          L7_1          L7_2
              ________      ________      ________
                   33            34            35


     STARTING VALUES


           NU
              Y1            Y2            Y3            Y4            Y5
              ________      ________      ________      ________      ________
                1.816         1.784         3.156         3.128         3.144


           NU
              Y6            Y7            Y8            Y9            Y10
              ________      ________      ________      ________      ________
                1.160         0.000         1.168         1.868         1.884


           NU
              X1            X2
              ________      ________
                0.000         0.000


           LAMBDA
              F             Y7            X1            X2
              ________      ________      ________      ________
 Y1             1.000         0.000         0.000         0.000
 Y2             1.000         0.000         0.000         0.000
 Y3             1.000         0.000         0.000         0.000
 Y4             1.000         0.000         0.000         0.000
 Y5             1.000         0.000         0.000         0.000
 Y6             1.000         0.000         0.000         0.000
 Y7             0.000         1.000         0.000         0.000
 Y8             1.000         0.000         0.000         0.000
 Y9             1.000         0.000         0.000         0.000
 Y10            1.000         0.000         0.000         0.000
 X1             0.000         0.000         1.000         0.000
 X2             0.000         0.000         0.000         1.000


           THETA
              Y1            Y2            Y3            Y4            Y5
              ________      ________      ________      ________      ________
 Y1             0.247
 Y2             0.000         0.253
 Y3             0.000         0.000         0.230
 Y4             0.000         0.000         0.000         0.276
 Y5             0.000         0.000         0.000         0.000         0.250
 Y6             0.000         0.000         0.000         0.000         0.000
 Y7             0.000         0.000         0.000         0.000         0.000
 Y8             0.000         0.000         0.000         0.000         0.000
 Y9             0.000         0.000         0.000         0.000         0.000
 Y10            0.000         0.000         0.000         0.000         0.000
 X1             0.000         0.000         0.000         0.000         0.000
 X2             0.000         0.000         0.000         0.000         0.000


           THETA
              Y6            Y7            Y8            Y9            Y10
              ________      ________      ________      ________      ________
 Y6             0.091
 Y7             0.000         0.000
 Y8             0.000         0.000         0.070
 Y9             0.000         0.000         0.000         0.277
 Y10            0.000         0.000         0.000         0.000         0.291
 X1             0.000         0.000         0.000         0.000         0.000
 X2             0.000         0.000         0.000         0.000         0.000


           THETA
              X1            X2
              ________      ________
 X1             0.000
 X2             0.000         0.000


           ALPHA
              F             Y7            X1            X2
              ________      ________      ________      ________
                0.000         1.156         0.001         0.540


           BETA
              F             Y7            X1            X2
              ________      ________      ________      ________
 F              0.000         0.000         0.000         0.000
 Y7             1.000         0.000         0.000         0.000
 X1             0.000         0.000         0.000         0.000
 X2             0.000         0.000         0.000         0.000


           PSI
              F             Y7            X1            X2
              ________      ________      ________      ________
 F              1.000
 Y7             0.000         0.070
 X1             0.000         0.000         1.067
 X2             0.000         0.000        -0.004         0.248


     STARTING VALUES FOR THE ADDITIONAL PARAMETERS


           New/Additional Parameters
              L7_0          L7_1          L7_2
              ________      ________      ________
                0.500         0.500         0.500


     Beginning Time:  13:36:06
        Ending Time:  13:36:07
       Elapsed Time:  00:00:01



MUTHEN & MUTHEN
3463 Stoner Ave.
Los Angeles, CA  90066

Tel: (310) 391-9971
Fax: (310) 391-8971
Web: www.StatModel.com
Support: Support@StatModel.com

Copyright (c) 1998-2019 Muthen & Muthen
