Mplus VERSION 8.3
MUTHEN & MUTHEN
04/24/2024   1:39 PM

INPUT INSTRUCTIONS


  TITLE: Test with 10 reps

  DATA:
  File is
  G2_B2_N1_rep62.csv;

  VARIABLE:
      Names are x1 x2 eta
  	y1 y2 y3 y4 y5 y6 y7 y8 y9 y10;
      Usevariables are y1-y10 x1 x2;
      constraint = x1 x2;

  MODEL:
      f BY y1* (l1);
      f BY y2* (l2);
      f BY y3* (l3);
      f BY y4* (l4);
      f BY y5* (l5);
      f BY y6* (l6);
      f BY y7* (l7);
      f BY y8* (l8);
      f BY y9* (l9);
      f BY y10* (l10);

  y4 ON x1 x2;
  f@1;
  [f@0];

  MODEL CONSTRAINT:
      new (l4_0 l4_1 l4_2);
      l4 = l4_0 + l4_1*x1 + l4_2*x2;




INPUT READING TERMINATED NORMALLY



Test with 10 reps

SUMMARY OF ANALYSIS

Number of groups                                                 1
Number of observations                                         250

Number of dependent variables                                   10
Number of independent variables                                  2
Number of continuous latent variables                            1

Observed dependent variables

  Continuous
   Y1          Y2          Y3          Y4          Y5          Y6
   Y7          Y8          Y9          Y10

Observed independent variables
   X1          X2

Continuous latent variables
   F


Estimator                                                       ML
Information matrix                                        OBSERVED
Maximum number of iterations                                  1000
Convergence criterion                                    0.500D-04
Maximum number of steepest descent iterations                   20

Input data file(s)
  G2_B2_N1_rep62.csv

Input data format  FREE



UNIVARIATE SAMPLE STATISTICS


     UNIVARIATE HIGHER-ORDER MOMENT DESCRIPTIVE STATISTICS

         Variable/         Mean/     Skewness/   Minimum/ % with                Percentiles
        Sample Size      Variance    Kurtosis    Maximum  Min/Max      20%/60%    40%/80%    Median

     Y1                    1.732       0.898       1.000   40.80%       1.000      1.000      2.000
             250.000       0.524       1.230       5.000    0.40%       2.000      2.000
     Y2                    1.812       0.614       1.000   36.00%       1.000      2.000      2.000
             250.000       0.537       0.050       4.000    2.00%       2.000      2.000
     Y3                    3.116      -0.232       1.000    1.60%       3.000      3.000      3.000
             250.000       0.487       0.519       5.000    1.20%       3.000      4.000
     Y4                    3.140      -0.168       1.000    1.20%       3.000      3.000      3.000
             250.000       0.544      -0.053       5.000    1.60%       3.000      4.000
     Y5                    3.116       0.125       1.000    0.80%       3.000      3.000      3.000
             250.000       0.583      -0.045       5.000    3.20%       3.000      4.000
     Y6                    1.148       3.572       1.000   86.80%       1.000      1.000      1.000
             250.000       0.174      16.632       4.000    0.80%       1.000      1.000
     Y7                    1.180       3.574       1.000   84.00%       1.000      1.000      1.000
             250.000       0.212      19.498       5.000    0.40%       1.000      1.000
     Y8                    1.172       2.374       1.000   84.40%       1.000      1.000      1.000
             250.000       0.174       5.060       3.000    1.60%       1.000      1.000
     Y9                    1.872       0.975       1.000   38.00%       1.000      2.000      2.000
             250.000       0.760       0.784       5.000    0.80%       2.000      2.000
     Y10                   1.832       0.727       1.000   36.00%       1.000      2.000      2.000
             250.000       0.580       0.584       5.000    0.40%       2.000      2.000
     X1                   -0.042       0.073      -2.829    0.40%      -0.922     -0.275     -0.019
             250.000       0.968       0.123       2.951    0.40%       0.201      0.713
     X2                    0.504      -0.016       0.000   49.60%       0.000      0.000      1.000
             250.000       0.250      -2.000       1.000   50.40%       1.000      1.000


THE MODEL ESTIMATION TERMINATED NORMALLY



MODEL FIT INFORMATION

Number of Free Parameters                       34

Loglikelihood

          H0 Value                       -1892.237

Information Criteria

          Akaike (AIC)                    3852.474
          Bayesian (BIC)                  3972.204
          Sample-Size Adjusted BIC        3864.421
            (n* = (n + 2) / 24)



MODEL RESULTS

                                                    Two-Tailed
                    Estimate       S.E.  Est./S.E.    P-Value

 F        BY
    Y1                 0.545      0.040     13.541      0.000
    Y2                 0.524      0.042     12.590      0.000
    Y3                 0.488      0.040     12.214      0.000
    Y4               999.000      0.000    999.000    999.000
    Y5                 0.520      0.044     11.790      0.000
    Y6                 0.272      0.024     11.087      0.000
    Y7                 0.264      0.028      9.517      0.000
    Y8                 0.233      0.025      9.153      0.000
    Y9                 0.691      0.047     14.572      0.000
    Y10                0.545      0.043     12.628      0.000

 Y4       ON
    X1                 0.026      0.037      0.709      0.478
    X2                 0.030      0.070      0.430      0.667

 Means
    F                  0.000      0.000    999.000    999.000

 Intercepts
    Y1                 1.732      0.046     37.825      0.000
    Y2                 1.812      0.046     39.109      0.000
    Y3                 3.116      0.044     70.633      0.000
    Y4                 3.149      0.063     50.350      0.000
    Y5                 3.116      0.048     64.551      0.000
    Y6                 1.148      0.026     43.503      0.000
    Y7                 1.180      0.029     40.560      0.000
    Y8                 1.172      0.026     44.372      0.000
    Y9                 1.872      0.055     33.961      0.000
    Y10                1.832      0.048     38.042      0.000

 Variances
    F                  1.000      0.000    999.000    999.000

 Residual Variances
    Y1                 0.227      0.024      9.620      0.000
    Y2                 0.262      0.026      9.955      0.000
    Y3                 0.249      0.025     10.052      0.000
    Y4                 0.263      0.027      9.848      0.000
    Y5                 0.312      0.031     10.156      0.000
    Y6                 0.100      0.010     10.257      0.000
    Y7                 0.142      0.013     10.589      0.000
    Y8                 0.120      0.011     10.631      0.000
    Y9                 0.283      0.031      9.189      0.000
    Y10                0.282      0.028      9.944      0.000

New/Additional Parameters
    L4_0               0.592      0.068      8.674      0.000
    L4_1              -0.059      0.039     -1.539      0.124
    L4_2              -0.109      0.077     -1.425      0.154


QUALITY OF NUMERICAL RESULTS

     Condition Number for the Information Matrix              0.924E-04
       (ratio of smallest to largest eigenvalue)


     Beginning Time:  13:39:54
        Ending Time:  13:39:55
       Elapsed Time:  00:00:01



MUTHEN & MUTHEN
3463 Stoner Ave.
Los Angeles, CA  90066

Tel: (310) 391-9971
Fax: (310) 391-8971
Web: www.StatModel.com
Support: Support@StatModel.com

Copyright (c) 1998-2019 Muthen & Muthen
