Mplus VERSION 8.3
MUTHEN & MUTHEN
04/24/2024   1:43 PM

INPUT INSTRUCTIONS


  TITLE: Test with 10 reps

  DATA:
  File is
  G2_B2_N1_rep77.csv;

  VARIABLE:
      Names are x1 x2 eta
  	y1 y2 y3 y4 y5 y6 y7 y8 y9 y10;
      Usevariables are y1-y10 x1 x2;
      constraint = x1 x2;

  MODEL:
      f BY y1* (l1);
      f BY y2* (l2);
      f BY y3* (l3);
      f BY y4* (l4);
      f BY y5* (l5);
      f BY y6* (l6);
      f BY y7* (l7);
      f BY y8* (l8);
      f BY y9* (l9);
      f BY y10* (l10);

  y7 ON x1 x2;
  f@1;
  [f@0];

  MODEL CONSTRAINT:
      new (l7_0 l7_1 l7_2);
      l7 = l7_0 + l7_1*x1 + l7_2*x2;




INPUT READING TERMINATED NORMALLY



Test with 10 reps

SUMMARY OF ANALYSIS

Number of groups                                                 1
Number of observations                                         250

Number of dependent variables                                   10
Number of independent variables                                  2
Number of continuous latent variables                            1

Observed dependent variables

  Continuous
   Y1          Y2          Y3          Y4          Y5          Y6
   Y7          Y8          Y9          Y10

Observed independent variables
   X1          X2

Continuous latent variables
   F


Estimator                                                       ML
Information matrix                                        OBSERVED
Maximum number of iterations                                  1000
Convergence criterion                                    0.500D-04
Maximum number of steepest descent iterations                   20

Input data file(s)
  G2_B2_N1_rep77.csv

Input data format  FREE



UNIVARIATE SAMPLE STATISTICS


     UNIVARIATE HIGHER-ORDER MOMENT DESCRIPTIVE STATISTICS

         Variable/         Mean/     Skewness/   Minimum/ % with                Percentiles
        Sample Size      Variance    Kurtosis    Maximum  Min/Max      20%/60%    40%/80%    Median

     Y1                    1.856       0.476       1.000   33.60%       1.000      2.000      2.000
             250.000       0.531       0.117       5.000    0.40%       2.000      2.000
     Y2                    1.896       0.597       1.000   32.40%       1.000      2.000      2.000
             250.000       0.597      -0.006       4.000    3.20%       2.000      2.000
     Y3                    3.176      -0.268       1.000    1.20%       3.000      3.000      3.000
             250.000       0.505       0.124       5.000    1.20%       3.000      4.000
     Y4                    3.124      -0.066       1.000    0.40%       3.000      3.000      3.000
             250.000       0.525      -0.472       5.000    1.20%       3.000      4.000
     Y5                    3.152       0.174       2.000   16.40%       3.000      3.000      3.000
             250.000       0.505      -0.224       5.000    2.40%       3.000      4.000
     Y6                    1.180       2.275       1.000   83.60%       1.000      1.000      1.000
             250.000       0.180       4.544       3.000    1.60%       1.000      1.000
     Y7                    1.132       2.988       1.000   88.40%       1.000      1.000      1.000
             250.000       0.147       8.722       3.000    1.60%       1.000      1.000
     Y8                    1.192       2.512       1.000   82.40%       1.000      1.000      1.000
             250.000       0.195       7.641       4.000    0.40%       1.000      1.000
     Y9                    1.840       0.639       1.000   32.40%       1.000      2.000      2.000
             250.000       0.510       0.432       4.000    2.40%       2.000      2.000
     Y10                   1.952       0.481       1.000   27.60%       1.000      2.000      2.000
             250.000       0.558      -0.020       4.000    2.80%       2.000      2.000
     X1                    0.095       0.075      -2.411    0.40%      -0.708     -0.199      0.101
             250.000       1.027      -0.038       3.076    0.40%       0.367      0.876
     X2                    0.444       0.225       0.000   55.60%       0.000      0.000      0.000
             250.000       0.247      -1.949       1.000   44.40%       1.000      1.000


THE MODEL ESTIMATION TERMINATED NORMALLY



MODEL FIT INFORMATION

Number of Free Parameters                       34

Loglikelihood

          H0 Value                       -1802.619

Information Criteria

          Akaike (AIC)                    3673.238
          Bayesian (BIC)                  3792.968
          Sample-Size Adjusted BIC        3685.185
            (n* = (n + 2) / 24)



MODEL RESULTS

                                                    Two-Tailed
                    Estimate       S.E.  Est./S.E.    P-Value

 F        BY
    Y1                 0.538      0.041     13.159      0.000
    Y2                 0.580      0.043     13.477      0.000
    Y3                 0.474      0.041     11.473      0.000
    Y4                 0.559      0.040     14.008      0.000
    Y5                 0.462      0.042     11.107      0.000
    Y6                 0.241      0.026      9.380      0.000
    Y7               999.000      0.000    999.000    999.000
    Y8                 0.272      0.026     10.379      0.000
    Y9                 0.527      0.040     13.158      0.000
    Y10                0.578      0.041     14.102      0.000

 Y7       ON
    X1                 0.014      0.021      0.673      0.501
    X2                -0.030      0.041     -0.724      0.469

 Means
    F                  0.000      0.000    999.000    999.000

 Intercepts
    Y1                 1.856      0.046     40.262      0.000
    Y2                 1.896      0.049     38.793      0.000
    Y3                 3.176      0.045     70.664      0.000
    Y4                 3.124      0.046     68.196      0.000
    Y5                 3.152      0.045     70.139      0.000
    Y6                 1.180      0.027     44.025      0.000
    Y7                 1.122      0.030     37.826      0.000
    Y8                 1.192      0.028     42.666      0.000
    Y9                 1.840      0.045     40.723      0.000
    Y10                1.952      0.047     41.329      0.000

 Variances
    F                  1.000      0.000    999.000    999.000

 Residual Variances
    Y1                 0.242      0.025      9.774      0.000
    Y2                 0.261      0.027      9.667      0.000
    Y3                 0.280      0.027     10.227      0.000
    Y4                 0.213      0.022      9.458      0.000
    Y5                 0.291      0.028     10.321      0.000
    Y6                 0.122      0.011     10.591      0.000
    Y7                 0.097      0.009     10.525      0.000
    Y8                 0.121      0.012     10.462      0.000
    Y9                 0.233      0.024      9.797      0.000
    Y10                0.223      0.024      9.431      0.000

New/Additional Parameters
    L7_0               0.179      0.030      6.012      0.000
    L7_1               0.078      0.021      3.689      0.000
    L7_2               0.013      0.043      0.308      0.758


QUALITY OF NUMERICAL RESULTS

     Condition Number for the Information Matrix              0.828E-04
       (ratio of smallest to largest eigenvalue)


     Beginning Time:  13:43:43
        Ending Time:  13:43:45
       Elapsed Time:  00:00:02



MUTHEN & MUTHEN
3463 Stoner Ave.
Los Angeles, CA  90066

Tel: (310) 391-9971
Fax: (310) 391-8971
Web: www.StatModel.com
Support: Support@StatModel.com

Copyright (c) 1998-2019 Muthen & Muthen
