Mplus VERSION 8.3
MUTHEN & MUTHEN
04/23/2024   3:28 PM

INPUT INSTRUCTIONS


  TITLE: Test with 10 reps

  DATA:
  File is
  G1_B1_N3_rep166.csv;

  VARIABLE:
      Names are x1 x2 eta
  	y1 y2 y3 y4 y5 y6 y7 y8 y9 y10;
      Usevariables are y1-y10 x1 x2;
      constraint = x1 x2;

  MODEL:
      f BY y1* (l1);
      f BY y2* (l2);
      f BY y3* (l3);
      f BY y4* (l4);
      f BY y5* (l5);
      f BY y6* (l6);
      f BY y7* (l7);
      f BY y8* (l8);
      f BY y9* (l9);
      f BY y10* (l10);

  y7 ON x1 x2;
  f@1;
  [f@0];

  MODEL CONSTRAINT:
      new (l7_0 l7_1 l7_2);
      l7 = l7_0 + l7_1*x1 + l7_2*x2;




INPUT READING TERMINATED NORMALLY



Test with 10 reps

SUMMARY OF ANALYSIS

Number of groups                                                 1
Number of observations                                        1000

Number of dependent variables                                   10
Number of independent variables                                  2
Number of continuous latent variables                            1

Observed dependent variables

  Continuous
   Y1          Y2          Y3          Y4          Y5          Y6
   Y7          Y8          Y9          Y10

Observed independent variables
   X1          X2

Continuous latent variables
   F


Estimator                                                       ML
Information matrix                                        OBSERVED
Maximum number of iterations                                  1000
Convergence criterion                                    0.500D-04
Maximum number of steepest descent iterations                   20

Input data file(s)
  G1_B1_N3_rep166.csv

Input data format  FREE



UNIVARIATE SAMPLE STATISTICS


     UNIVARIATE HIGHER-ORDER MOMENT DESCRIPTIVE STATISTICS

         Variable/         Mean/     Skewness/   Minimum/ % with                Percentiles
        Sample Size      Variance    Kurtosis    Maximum  Min/Max      20%/60%    40%/80%    Median

     Y1                    1.814       0.920       1.000   36.80%       1.000      2.000      2.000
            1000.000       0.595       1.174       5.000    0.50%       2.000      2.000
     Y2                    1.805       0.788       1.000   37.90%       1.000      2.000      2.000
            1000.000       0.585       0.598       5.000    0.30%       2.000      2.000
     Y3                    3.103      -0.096       1.000    1.50%       3.000      3.000      3.000
            1000.000       0.584      -0.051       5.000    2.10%       3.000      4.000
     Y4                    3.078      -0.085       1.000    2.50%       2.000      3.000      3.000
            1000.000       0.698      -0.196       5.000    3.10%       3.000      4.000
     Y5                    3.090      -0.001       1.000    2.00%       2.000      3.000      3.000
            1000.000       0.688      -0.180       5.000    3.60%       3.000      4.000
     Y6                    1.218       2.940       1.000   81.40%       1.000      1.000      1.000
            1000.000       0.256      12.014       5.000    0.30%       1.000      1.000
     Y7                    1.181       2.735       1.000   84.00%       1.000      1.000      1.000
            1000.000       0.198       8.709       4.000    0.40%       1.000      1.000
     Y8                    1.170       2.696       1.000   85.00%       1.000      1.000      1.000
            1000.000       0.185       7.831       4.000    0.20%       1.000      1.000
     Y9                    1.825       0.854       1.000   37.80%       1.000      2.000      2.000
            1000.000       0.626       0.847       5.000    0.60%       2.000      2.000
     Y10                   1.852       0.850       1.000   35.50%       1.000      2.000      2.000
            1000.000       0.626       0.854       5.000    0.50%       2.000      2.000
     X1                   -0.002      -0.026      -3.085    0.10%      -0.823     -0.252      0.008
            1000.000       0.895      -0.146       2.714    0.10%       0.261      0.801
     X2                    0.493       0.028       0.000   50.70%       0.000      0.000      0.000
            1000.000       0.250      -1.999       1.000   49.30%       1.000      1.000


THE MODEL ESTIMATION TERMINATED NORMALLY



MODEL FIT INFORMATION

Number of Free Parameters                       34

Loglikelihood

          H0 Value                       -8890.205

Information Criteria

          Akaike (AIC)                   17848.409
          Bayesian (BIC)                 18015.273
          Sample-Size Adjusted BIC       17907.287
            (n* = (n + 2) / 24)



MODEL RESULTS

                                                    Two-Tailed
                    Estimate       S.E.  Est./S.E.    P-Value

 F        BY
    Y1                 0.484      0.024     20.561      0.000
    Y2                 0.472      0.023     20.189      0.000
    Y3                 0.470      0.023     20.076      0.000
    Y4                 0.556      0.025     22.213      0.000
    Y5                 0.537      0.025     21.461      0.000
    Y6                 0.255      0.016     15.807      0.000
    Y7               999.000      0.000    999.000    999.000
    Y8                 0.208      0.014     15.078      0.000
    Y9                 0.514      0.024     21.526      0.000
    Y10                0.513      0.024     21.449      0.000

 Y7       ON
    X1                 0.052      0.013      3.937      0.000
    X2                 0.006      0.024      0.237      0.812

 Means
    F                  0.000      0.000    999.000    999.000

 Intercepts
    Y1                 1.814      0.024     74.342      0.000
    Y2                 1.805      0.024     74.629      0.000
    Y3                 3.103      0.024    128.360      0.000
    Y4                 3.078      0.026    116.511      0.000
    Y5                 3.090      0.026    117.814      0.000
    Y6                 1.218      0.016     76.054      0.000
    Y7                 1.172      0.018     64.547      0.000
    Y8                 1.170      0.014     85.997      0.000
    Y9                 1.825      0.025     72.920      0.000
    Y10                1.852      0.025     74.015      0.000

 Variances
    F                  1.000      0.000    999.000    999.000

 Residual Variances
    Y1                 0.361      0.018     19.857      0.000
    Y2                 0.362      0.018     19.990      0.000
    Y3                 0.363      0.018     19.999      0.000
    Y4                 0.388      0.020     19.287      0.000
    Y5                 0.399      0.020     19.585      0.000
    Y6                 0.192      0.009     21.059      0.000
    Y7                 0.138      0.007     20.484      0.000
    Y8                 0.142      0.007     21.191      0.000
    Y9                 0.362      0.019     19.537      0.000
    Y10                0.363      0.019     19.583      0.000

New/Additional Parameters
    L7_0               0.218      0.019     11.230      0.000
    L7_1               0.080      0.013      5.969      0.000
    L7_2               0.011      0.026      0.404      0.686


QUALITY OF NUMERICAL RESULTS

     Condition Number for the Information Matrix              0.429E-04
       (ratio of smallest to largest eigenvalue)


     Beginning Time:  15:28:45
        Ending Time:  15:28:47
       Elapsed Time:  00:00:02



MUTHEN & MUTHEN
3463 Stoner Ave.
Los Angeles, CA  90066

Tel: (310) 391-9971
Fax: (310) 391-8971
Web: www.StatModel.com
Support: Support@StatModel.com

Copyright (c) 1998-2019 Muthen & Muthen
