Mplus VERSION 8.3
MUTHEN & MUTHEN
04/23/2024   3:21 PM

INPUT INSTRUCTIONS


  TITLE: Test with 10 reps

  DATA:
  File is
  G1_B1_N3_rep151.csv;

  VARIABLE:
      Names are x1 x2 eta
  	y1 y2 y3 y4 y5 y6 y7 y8 y9 y10;
      Usevariables are y1-y10 x1 x2;
      constraint = x1 x2;

  MODEL:
      f BY y1* (l1);
      f BY y2* (l2);
      f BY y3* (l3);
      f BY y4* (l4);
      f BY y5* (l5);
      f BY y6* (l6);
      f BY y7* (l7);
      f BY y8* (l8);
      f BY y9* (l9);
      f BY y10* (l10);

  y5 ON x1 x2;
  f@1;
  [f@0];

  MODEL CONSTRAINT:
      new (l5_0 l5_1 l5_2);
      l5 = l5_0 + l5_1*x1 + l5_2*x2;




INPUT READING TERMINATED NORMALLY



Test with 10 reps

SUMMARY OF ANALYSIS

Number of groups                                                 1
Number of observations                                        1000

Number of dependent variables                                   10
Number of independent variables                                  2
Number of continuous latent variables                            1

Observed dependent variables

  Continuous
   Y1          Y2          Y3          Y4          Y5          Y6
   Y7          Y8          Y9          Y10

Observed independent variables
   X1          X2

Continuous latent variables
   F


Estimator                                                       ML
Information matrix                                        OBSERVED
Maximum number of iterations                                  1000
Convergence criterion                                    0.500D-04
Maximum number of steepest descent iterations                   20

Input data file(s)
  G1_B1_N3_rep151.csv

Input data format  FREE



UNIVARIATE SAMPLE STATISTICS


     UNIVARIATE HIGHER-ORDER MOMENT DESCRIPTIVE STATISTICS

         Variable/         Mean/     Skewness/   Minimum/ % with                Percentiles
        Sample Size      Variance    Kurtosis    Maximum  Min/Max      20%/60%    40%/80%    Median

     Y1                    1.813       0.937       1.000   37.70%       1.000      2.000      2.000
            1000.000       0.616       1.162       5.000    0.60%       2.000      2.000
     Y2                    1.808       1.004       1.000   39.70%       1.000      2.000      2.000
            1000.000       0.667       1.133       5.000    0.70%       2.000      2.000
     Y3                    3.037       0.026       1.000    2.70%       2.000      3.000      3.000
            1000.000       0.688       0.039       5.000    3.60%       3.000      4.000
     Y4                    3.083      -0.036       1.000    2.20%       2.000      3.000      3.000
            1000.000       0.676      -0.109       5.000    3.30%       3.000      4.000
     Y5                    3.065      -0.052       1.000    3.10%       2.000      3.000      3.000
            1000.000       0.707       0.061       5.000    3.80%       3.000      4.000
     Y6                    1.199       2.996       1.000   82.50%       1.000      1.000      1.000
            1000.000       0.225      12.643       5.000    0.20%       1.000      1.000
     Y7                    1.187       2.921       1.000   83.90%       1.000      1.000      1.000
            1000.000       0.216      10.822       5.000    0.10%       1.000      1.000
     Y8                    1.205       3.092       1.000   82.10%       1.000      1.000      1.000
            1000.000       0.237      13.828       5.000    0.30%       1.000      1.000
     Y9                    1.825       0.902       1.000   38.50%       1.000      2.000      2.000
            1000.000       0.658       0.720       5.000    0.40%       2.000      2.000
     Y10                   1.755       0.838       1.000   40.20%       1.000      1.000      2.000
            1000.000       0.551       0.718       5.000    0.20%       2.000      2.000
     X1                   -0.031       0.025      -3.352    0.10%      -0.874     -0.334     -0.046
            1000.000       1.008      -0.048       3.058    0.10%       0.231      0.809
     X2                    0.512      -0.048       0.000   48.80%       0.000      0.000      1.000
            1000.000       0.250      -1.998       1.000   51.20%       1.000      1.000


THE MODEL ESTIMATION TERMINATED NORMALLY



MODEL FIT INFORMATION

Number of Free Parameters                       34

Loglikelihood

          H0 Value                       -9024.048

Information Criteria

          Akaike (AIC)                   18116.096
          Bayesian (BIC)                 18282.960
          Sample-Size Adjusted BIC       18174.974
            (n* = (n + 2) / 24)



MODEL RESULTS

                                                    Two-Tailed
                    Estimate       S.E.  Est./S.E.    P-Value

 F        BY
    Y1                 0.515      0.024     21.903      0.000
    Y2                 0.529      0.025     21.566      0.000
    Y3                 0.546      0.025     22.023      0.000
    Y4                 0.546      0.025     22.246      0.000
    Y5               999.000      0.000    999.000    999.000
    Y6                 0.273      0.015     18.572      0.000
    Y7                 0.211      0.015     14.099      0.000
    Y8                 0.276      0.015     18.228      0.000
    Y9                 0.545      0.024     22.591      0.000
    Y10                0.471      0.022     21.013      0.000

 Y5       ON
    X1                 0.011      0.022      0.489      0.625
    X2                 0.150      0.044      3.384      0.001

 Means
    F                  0.000      0.000    999.000    999.000

 Intercepts
    Y1                 1.813      0.025     73.046      0.000
    Y2                 1.808      0.026     69.999      0.000
    Y3                 3.037      0.026    115.816      0.000
    Y4                 3.083      0.026    118.567      0.000
    Y5                 2.990      0.035     84.919      0.000
    Y6                 1.199      0.015     79.863      0.000
    Y7                 1.187      0.015     80.759      0.000
    Y8                 1.205      0.015     78.277      0.000
    Y9                 1.825      0.026     71.126      0.000
    Y10                1.755      0.023     74.767      0.000

 Variances
    F                  1.000      0.000    999.000    999.000

 Residual Variances
    Y1                 0.351      0.018     19.639      0.000
    Y2                 0.387      0.020     19.762      0.000
    Y3                 0.389      0.020     19.576      0.000
    Y4                 0.378      0.019     19.522      0.000
    Y5                 0.451      0.022     20.392      0.000
    Y6                 0.151      0.007     20.565      0.000
    Y7                 0.172      0.008     21.430      0.000
    Y8                 0.161      0.008     20.619      0.000
    Y9                 0.361      0.019     19.403      0.000
    Y10                0.329      0.017     19.919      0.000

New/Additional Parameters
    L5_0               0.514      0.035     14.563      0.000
    L5_1              -0.008      0.024     -0.348      0.728
    L5_2              -0.036      0.047     -0.767      0.443


QUALITY OF NUMERICAL RESULTS

     Condition Number for the Information Matrix              0.518E-04
       (ratio of smallest to largest eigenvalue)


     Beginning Time:  15:21:34
        Ending Time:  15:21:36
       Elapsed Time:  00:00:02



MUTHEN & MUTHEN
3463 Stoner Ave.
Los Angeles, CA  90066

Tel: (310) 391-9971
Fax: (310) 391-8971
Web: www.StatModel.com
Support: Support@StatModel.com

Copyright (c) 1998-2019 Muthen & Muthen
