Mplus VERSION 8.3
MUTHEN & MUTHEN
04/23/2024   3:02 PM

INPUT INSTRUCTIONS


  TITLE: Test with 10 reps

  DATA:
  File is
  G1_B1_N3_rep113.csv;

  VARIABLE:
      Names are x1 x2 eta
  	y1 y2 y3 y4 y5 y6 y7 y8 y9 y10;
      Usevariables are y1-y10 x1 x2;
      constraint = x1 x2;

  MODEL:
      f BY y1* (l1);
      f BY y2* (l2);
      f BY y3* (l3);
      f BY y4* (l4);
      f BY y5* (l5);
      f BY y6* (l6);
      f BY y7* (l7);
      f BY y8* (l8);
      f BY y9* (l9);
      f BY y10* (l10);

  y10 ON x1 x2;
  f@1;
  [f@0];

  MODEL CONSTRAINT:
      new (l10_0 l10_1 l10_2);
      l10 = l10_0 + l10_1*x1 + l10_2*x2;




INPUT READING TERMINATED NORMALLY



Test with 10 reps

SUMMARY OF ANALYSIS

Number of groups                                                 1
Number of observations                                        1000

Number of dependent variables                                   10
Number of independent variables                                  2
Number of continuous latent variables                            1

Observed dependent variables

  Continuous
   Y1          Y2          Y3          Y4          Y5          Y6
   Y7          Y8          Y9          Y10

Observed independent variables
   X1          X2

Continuous latent variables
   F


Estimator                                                       ML
Information matrix                                        OBSERVED
Maximum number of iterations                                  1000
Convergence criterion                                    0.500D-04
Maximum number of steepest descent iterations                   20

Input data file(s)
  G1_B1_N3_rep113.csv

Input data format  FREE



UNIVARIATE SAMPLE STATISTICS


     UNIVARIATE HIGHER-ORDER MOMENT DESCRIPTIVE STATISTICS

         Variable/         Mean/     Skewness/   Minimum/ % with                Percentiles
        Sample Size      Variance    Kurtosis    Maximum  Min/Max      20%/60%    40%/80%    Median

     Y1                    1.781       0.935       1.000   39.40%       1.000      2.000      2.000
            1000.000       0.593       1.135       5.000    0.50%       2.000      2.000
     Y2                    1.762       0.866       1.000   41.70%       1.000      1.000      2.000
            1000.000       0.597       0.701       5.000    0.40%       2.000      2.000
     Y3                    3.018      -0.044       1.000    2.50%       2.000      3.000      3.000
            1000.000       0.646      -0.039       5.000    2.40%       3.000      4.000
     Y4                    3.059      -0.001       1.000    2.10%       2.000      3.000      3.000
            1000.000       0.676      -0.175       5.000    3.10%       3.000      4.000
     Y5                    3.004       0.004       1.000    2.20%       2.000      3.000      3.000
            1000.000       0.648      -0.171       5.000    2.30%       3.000      4.000
     Y6                    1.168       2.842       1.000   84.80%       1.000      1.000      1.000
            1000.000       0.180       9.846       4.000    0.40%       1.000      1.000
     Y7                    1.178       3.198       1.000   85.10%       1.000      1.000      1.000
            1000.000       0.220      12.774       5.000    0.10%       1.000      1.000
     Y8                    1.182       3.621       1.000   85.00%       1.000      1.000      1.000
            1000.000       0.243      17.261       5.000    0.30%       1.000      1.000
     Y9                    1.805       0.981       1.000   38.00%       1.000      2.000      2.000
            1000.000       0.613       1.378       5.000    0.70%       2.000      2.000
     Y10                   1.825       0.882       1.000   36.80%       1.000      2.000      2.000
            1000.000       0.610       0.979       5.000    0.50%       2.000      2.000
     X1                   -0.017       0.029      -2.918    0.10%      -0.892     -0.250      0.007
            1000.000       0.994      -0.043       3.136    0.10%       0.241      0.781
     X2                    0.555      -0.221       0.000   44.50%       0.000      0.000      1.000
            1000.000       0.247      -1.951       1.000   55.50%       1.000      1.000


THE MODEL ESTIMATION TERMINATED NORMALLY



MODEL FIT INFORMATION

Number of Free Parameters                       34

Loglikelihood

          H0 Value                       -8873.210

Information Criteria

          Akaike (AIC)                   17814.419
          Bayesian (BIC)                 17981.283
          Sample-Size Adjusted BIC       17873.297
            (n* = (n + 2) / 24)



MODEL RESULTS

                                                    Two-Tailed
                    Estimate       S.E.  Est./S.E.    P-Value

 F        BY
    Y1                 0.485      0.023     20.696      0.000
    Y2                 0.488      0.023     20.802      0.000
    Y3                 0.506      0.024     20.708      0.000
    Y4                 0.530      0.025     21.346      0.000
    Y5                 0.499      0.025     20.283      0.000
    Y6                 0.230      0.013     17.220      0.000
    Y7                 0.257      0.015     17.453      0.000
    Y8                 0.250      0.016     15.934      0.000
    Y9                 0.502      0.024     21.174      0.000
    Y10              999.000      0.000    999.000    999.000

 Y10      ON
    X1                 0.010      0.020      0.494      0.621
    X2                 0.083      0.040      2.085      0.037

 Means
    F                  0.000      0.000    999.000    999.000

 Intercepts
    Y1                 1.781      0.024     73.134      0.000
    Y2                 1.762      0.024     72.092      0.000
    Y3                 3.018      0.025    118.771      0.000
    Y4                 3.059      0.026    117.696      0.000
    Y5                 3.004      0.025    118.010      0.000
    Y6                 1.168      0.013     87.112      0.000
    Y7                 1.178      0.015     79.364      0.000
    Y8                 1.182      0.016     75.845      0.000
    Y9                 1.805      0.025     72.905      0.000
    Y10                1.778      0.033     53.341      0.000

 Variances
    F                  1.000      0.000    999.000    999.000

 Residual Variances
    Y1                 0.358      0.018     19.864      0.000
    Y2                 0.359      0.018     19.833      0.000
    Y3                 0.389      0.020     19.839      0.000
    Y4                 0.394      0.020     19.635      0.000
    Y5                 0.399      0.020     19.984      0.000
    Y6                 0.127      0.006     20.745      0.000
    Y7                 0.154      0.007     20.681      0.000
    Y8                 0.181      0.009     21.049      0.000
    Y9                 0.361      0.018     19.705      0.000
    Y10                0.346      0.018     19.523      0.000

New/Additional Parameters
    L10_0              0.507      0.034     14.876      0.000
    L10_1              0.006      0.021      0.287      0.774
    L10_2             -0.001      0.043     -0.034      0.973


QUALITY OF NUMERICAL RESULTS

     Condition Number for the Information Matrix              0.362E-04
       (ratio of smallest to largest eigenvalue)


     Beginning Time:  15:02:11
        Ending Time:  15:02:13
       Elapsed Time:  00:00:02



MUTHEN & MUTHEN
3463 Stoner Ave.
Los Angeles, CA  90066

Tel: (310) 391-9971
Fax: (310) 391-8971
Web: www.StatModel.com
Support: Support@StatModel.com

Copyright (c) 1998-2019 Muthen & Muthen
