Mplus VERSION 8.3
MUTHEN & MUTHEN
04/23/2024   3:16 PM

INPUT INSTRUCTIONS


  TITLE: Test with 10 reps

  DATA:
  File is
  G1_B1_N3_rep140.csv;

  VARIABLE:
      Names are x1 x2 eta
  	y1 y2 y3 y4 y5 y6 y7 y8 y9 y10;
      Usevariables are y1-y10 x1 x2;
      constraint = x1 x2;

  MODEL:
      f BY y1* (l1);
      f BY y2* (l2);
      f BY y3* (l3);
      f BY y4* (l4);
      f BY y5* (l5);
      f BY y6* (l6);
      f BY y7* (l7);
      f BY y8* (l8);
      f BY y9* (l9);
      f BY y10* (l10);

  y9 ON x1 x2;
  f@1;
  [f@0];

  MODEL CONSTRAINT:
      new (l9_0 l9_1 l9_2);
      l9 = l9_0 + l9_1*x1 + l9_2*x2;




INPUT READING TERMINATED NORMALLY



Test with 10 reps

SUMMARY OF ANALYSIS

Number of groups                                                 1
Number of observations                                        1000

Number of dependent variables                                   10
Number of independent variables                                  2
Number of continuous latent variables                            1

Observed dependent variables

  Continuous
   Y1          Y2          Y3          Y4          Y5          Y6
   Y7          Y8          Y9          Y10

Observed independent variables
   X1          X2

Continuous latent variables
   F


Estimator                                                       ML
Information matrix                                        OBSERVED
Maximum number of iterations                                  1000
Convergence criterion                                    0.500D-04
Maximum number of steepest descent iterations                   20

Input data file(s)
  G1_B1_N3_rep140.csv

Input data format  FREE



UNIVARIATE SAMPLE STATISTICS


     UNIVARIATE HIGHER-ORDER MOMENT DESCRIPTIVE STATISTICS

         Variable/         Mean/     Skewness/   Minimum/ % with                Percentiles
        Sample Size      Variance    Kurtosis    Maximum  Min/Max      20%/60%    40%/80%    Median

     Y1                    1.773       0.782       1.000   39.50%       1.000      2.000      2.000
            1000.000       0.561       0.513       5.000    0.20%       2.000      2.000
     Y2                    1.782       0.989       1.000   42.20%       1.000      1.000      2.000
            1000.000       0.670       0.928       5.000    0.60%       2.000      2.000
     Y3                    3.050       0.148       1.000    0.80%       2.000      3.000      3.000
            1000.000       0.598      -0.240       5.000    2.60%       3.000      4.000
     Y4                    3.072       0.010       1.000    2.30%       2.000      3.000      3.000
            1000.000       0.695      -0.107       5.000    3.70%       3.000      4.000
     Y5                    3.067      -0.047       1.000    1.90%       2.000      3.000      3.000
            1000.000       0.627      -0.074       5.000    2.50%       3.000      4.000
     Y6                    1.168       3.231       1.000   85.20%       1.000      1.000      1.000
            1000.000       0.194      14.023       5.000    0.10%       1.000      1.000
     Y7                    1.178       2.205       1.000   83.10%       1.000      1.000      1.000
            1000.000       0.166       4.769       4.000    0.10%       1.000      1.000
     Y8                    1.159       2.775       1.000   85.70%       1.000      1.000      1.000
            1000.000       0.170       8.568       4.000    0.20%       1.000      1.000
     Y9                    1.767       0.848       1.000   39.90%       1.000      2.000      2.000
            1000.000       0.567       0.782       5.000    0.30%       2.000      2.000
     Y10                   1.799       1.109       1.000   40.20%       1.000      1.000      2.000
            1000.000       0.677       1.569       5.000    1.00%       2.000      2.000
     X1                   -0.030      -0.040      -3.425    0.10%      -0.882     -0.268      0.027
            1000.000       0.992      -0.004       3.699    0.10%       0.249      0.818
     X2                    0.490       0.040       0.000   51.00%       0.000      0.000      0.000
            1000.000       0.250      -1.998       1.000   49.00%       1.000      1.000


THE MODEL ESTIMATION TERMINATED NORMALLY



MODEL FIT INFORMATION

Number of Free Parameters                       34

Loglikelihood

          H0 Value                       -8480.559

Information Criteria

          Akaike (AIC)                   17029.118
          Bayesian (BIC)                 17195.982
          Sample-Size Adjusted BIC       17087.996
            (n* = (n + 2) / 24)



MODEL RESULTS

                                                    Two-Tailed
                    Estimate       S.E.  Est./S.E.    P-Value

 F        BY
    Y1                 0.459      0.023     20.109      0.000
    Y2                 0.524      0.025     21.235      0.000
    Y3                 0.486      0.023     20.807      0.000
    Y4                 0.548      0.025     21.983      0.000
    Y5                 0.497      0.024     20.728      0.000
    Y6                 0.265      0.013     19.618      0.000
    Y7                 0.233      0.013     18.470      0.000
    Y8                 0.220      0.013     17.077      0.000
    Y9               999.000      0.000    999.000    999.000
    Y10                0.574      0.024     23.783      0.000

 Y9       ON
    X1                 0.007      0.020      0.350      0.726
    X2                 0.076      0.039      1.965      0.049

 Means
    F                  0.000      0.000    999.000    999.000

 Intercepts
    Y1                 1.773      0.024     74.825      0.000
    Y2                 1.782      0.026     68.820      0.000
    Y3                 3.050      0.024    124.776      0.000
    Y4                 3.072      0.026    116.543      0.000
    Y5                 3.067      0.025    122.532      0.000
    Y6                 1.168      0.014     83.906      0.000
    Y7                 1.178      0.013     91.344      0.000
    Y8                 1.159      0.013     88.965      0.000
    Y9                 1.733      0.030     56.999      0.000
    Y10                1.799      0.026     69.162      0.000

 Variances
    F                  1.000      0.000    999.000    999.000

 Residual Variances
    Y1                 0.351      0.017     20.230      0.000
    Y2                 0.396      0.020     19.925      0.000
    Y3                 0.361      0.018     20.064      0.000
    Y4                 0.395      0.020     19.644      0.000
    Y5                 0.380      0.019     20.040      0.000
    Y6                 0.124      0.006     20.328      0.000
    Y7                 0.112      0.005     20.632      0.000
    Y8                 0.121      0.006     20.938      0.000
    Y9                 0.337      0.017     20.023      0.000
    Y10                0.347      0.018     18.979      0.000

New/Additional Parameters
    L9_0               0.465      0.032     14.380      0.000
    L9_1              -0.064      0.023     -2.865      0.004
    L9_2               0.015      0.042      0.364      0.716


QUALITY OF NUMERICAL RESULTS

     Condition Number for the Information Matrix              0.285E-04
       (ratio of smallest to largest eigenvalue)


     Beginning Time:  15:16:11
        Ending Time:  15:16:14
       Elapsed Time:  00:00:03



MUTHEN & MUTHEN
3463 Stoner Ave.
Los Angeles, CA  90066

Tel: (310) 391-9971
Fax: (310) 391-8971
Web: www.StatModel.com
Support: Support@StatModel.com

Copyright (c) 1998-2019 Muthen & Muthen
