Mplus VERSION 8.3
MUTHEN & MUTHEN
04/23/2024   3:26 PM

INPUT INSTRUCTIONS


  TITLE: Test with 10 reps

  DATA:
  File is
  G1_B1_N3_rep162.csv;

  VARIABLE:
      Names are x1 x2 eta
  	y1 y2 y3 y4 y5 y6 y7 y8 y9 y10;
      Usevariables are y1-y10 x1 x2;
      constraint = x1 x2;

  MODEL:
      f BY y1* (l1);
      f BY y2* (l2);
      f BY y3* (l3);
      f BY y4* (l4);
      f BY y5* (l5);
      f BY y6* (l6);
      f BY y7* (l7);
      f BY y8* (l8);
      f BY y9* (l9);
      f BY y10* (l10);

  y5 ON x1 x2;
  f@1;
  [f@0];

  MODEL CONSTRAINT:
      new (l5_0 l5_1 l5_2);
      l5 = l5_0 + l5_1*x1 + l5_2*x2;




INPUT READING TERMINATED NORMALLY



Test with 10 reps

SUMMARY OF ANALYSIS

Number of groups                                                 1
Number of observations                                        1000

Number of dependent variables                                   10
Number of independent variables                                  2
Number of continuous latent variables                            1

Observed dependent variables

  Continuous
   Y1          Y2          Y3          Y4          Y5          Y6
   Y7          Y8          Y9          Y10

Observed independent variables
   X1          X2

Continuous latent variables
   F


Estimator                                                       ML
Information matrix                                        OBSERVED
Maximum number of iterations                                  1000
Convergence criterion                                    0.500D-04
Maximum number of steepest descent iterations                   20

Input data file(s)
  G1_B1_N3_rep162.csv

Input data format  FREE



UNIVARIATE SAMPLE STATISTICS


     UNIVARIATE HIGHER-ORDER MOMENT DESCRIPTIVE STATISTICS

         Variable/         Mean/     Skewness/   Minimum/ % with                Percentiles
        Sample Size      Variance    Kurtosis    Maximum  Min/Max      20%/60%    40%/80%    Median

     Y1                    1.779       1.069       1.000   40.70%       1.000      1.000      2.000
            1000.000       0.644       1.354       5.000    0.60%       2.000      2.000
     Y2                    1.817       0.808       1.000   35.90%       1.000      2.000      2.000
            1000.000       0.566       0.839       5.000    0.30%       2.000      2.000
     Y3                    3.040      -0.071       1.000    2.20%       2.000      3.000      3.000
            1000.000       0.632      -0.095       5.000    2.20%       3.000      4.000
     Y4                    3.055       0.026       1.000    1.90%       2.000      3.000      3.000
            1000.000       0.650      -0.098       5.000    3.00%       3.000      4.000
     Y5                    3.036      -0.013       1.000    2.00%       2.000      3.000      3.000
            1000.000       0.613       0.032       5.000    2.40%       3.000      4.000
     Y6                    1.175       2.971       1.000   84.50%       1.000      1.000      1.000
            1000.000       0.196      10.925       4.000    0.60%       1.000      1.000
     Y7                    1.147       3.356       1.000   87.30%       1.000      1.000      1.000
            1000.000       0.175      13.542       4.000    0.50%       1.000      1.000
     Y8                    1.177       3.207       1.000   84.00%       1.000      1.000      1.000
            1000.000       0.196      15.302       5.000    0.20%       1.000      1.000
     Y9                    1.830       0.935       1.000   37.10%       1.000      2.000      2.000
            1000.000       0.631       1.229       5.000    0.80%       2.000      2.000
     Y10                   1.819       0.970       1.000   36.40%       1.000      2.000      2.000
            1000.000       0.600       1.464       5.000    0.70%       2.000      2.000
     X1                   -0.062      -0.016      -3.076    0.10%      -0.902     -0.320     -0.051
            1000.000       1.036      -0.073       3.131    0.10%       0.201      0.751
     X2                    0.506      -0.024       0.000   49.40%       0.000      0.000      1.000
            1000.000       0.250      -1.999       1.000   50.60%       1.000      1.000


THE MODEL ESTIMATION TERMINATED NORMALLY



MODEL FIT INFORMATION

Number of Free Parameters                       34

Loglikelihood

          H0 Value                       -8662.271

Information Criteria

          Akaike (AIC)                   17392.543
          Bayesian (BIC)                 17559.406
          Sample-Size Adjusted BIC       17451.420
            (n* = (n + 2) / 24)



MODEL RESULTS

                                                    Two-Tailed
                    Estimate       S.E.  Est./S.E.    P-Value

 F        BY
    Y1                 0.528      0.024     21.939      0.000
    Y2                 0.487      0.023     21.506      0.000
    Y3                 0.530      0.024     22.282      0.000
    Y4                 0.517      0.024     21.207      0.000
    Y5               999.000      0.000    999.000    999.000
    Y6                 0.218      0.014     15.425      0.000
    Y7                 0.194      0.013     14.431      0.000
    Y8                 0.215      0.014     15.237      0.000
    Y9                 0.512      0.024     21.338      0.000
    Y10                0.505      0.023     21.641      0.000

 Y5       ON
    X1                 0.007      0.020      0.346      0.729
    X2                 0.024      0.040      0.583      0.560

 Means
    F                  0.000      0.000    999.000    999.000

 Intercepts
    Y1                 1.779      0.025     70.094      0.000
    Y2                 1.817      0.024     76.407      0.000
    Y3                 3.040      0.025    120.887      0.000
    Y4                 3.055      0.025    119.829      0.000
    Y5                 3.029      0.033     91.339      0.000
    Y6                 1.175      0.014     83.849      0.000
    Y7                 1.147      0.013     86.608      0.000
    Y8                 1.177      0.014     84.142      0.000
    Y9                 1.830      0.025     72.846      0.000
    Y10                1.819      0.024     74.246      0.000

 Variances
    F                  1.000      0.000    999.000    999.000

 Residual Variances
    Y1                 0.365      0.019     19.498      0.000
    Y2                 0.328      0.017     19.642      0.000
    Y3                 0.352      0.018     19.372      0.000
    Y4                 0.383      0.019     19.746      0.000
    Y5                 0.356      0.018     19.638      0.000
    Y6                 0.149      0.007     21.170      0.000
    Y7                 0.138      0.006     21.327      0.000
    Y8                 0.149      0.007     21.192      0.000
    Y9                 0.369      0.019     19.701      0.000
    Y10                0.346      0.018     19.590      0.000

New/Additional Parameters
    L5_0               0.558      0.034     16.226      0.000
    L5_1               0.014      0.021      0.658      0.511
    L5_2              -0.103      0.044     -2.346      0.019


QUALITY OF NUMERICAL RESULTS

     Condition Number for the Information Matrix              0.408E-04
       (ratio of smallest to largest eigenvalue)


     Beginning Time:  15:26:53
        Ending Time:  15:26:55
       Elapsed Time:  00:00:02



MUTHEN & MUTHEN
3463 Stoner Ave.
Los Angeles, CA  90066

Tel: (310) 391-9971
Fax: (310) 391-8971
Web: www.StatModel.com
Support: Support@StatModel.com

Copyright (c) 1998-2019 Muthen & Muthen
