Mplus VERSION 8.3
MUTHEN & MUTHEN
04/23/2024   3:23 PM

INPUT INSTRUCTIONS


  TITLE: Test with 10 reps

  DATA:
  File is
  G1_B1_N3_rep154.csv;

  VARIABLE:
      Names are x1 x2 eta
  	y1 y2 y3 y4 y5 y6 y7 y8 y9 y10;
      Usevariables are y1-y10 x1 x2;
      constraint = x1 x2;

  MODEL:
      f BY y1* (l1);
      f BY y2* (l2);
      f BY y3* (l3);
      f BY y4* (l4);
      f BY y5* (l5);
      f BY y6* (l6);
      f BY y7* (l7);
      f BY y8* (l8);
      f BY y9* (l9);
      f BY y10* (l10);

  y9 ON x1 x2;
  f@1;
  [f@0];

  MODEL CONSTRAINT:
      new (l9_0 l9_1 l9_2);
      l9 = l9_0 + l9_1*x1 + l9_2*x2;




INPUT READING TERMINATED NORMALLY



Test with 10 reps

SUMMARY OF ANALYSIS

Number of groups                                                 1
Number of observations                                        1000

Number of dependent variables                                   10
Number of independent variables                                  2
Number of continuous latent variables                            1

Observed dependent variables

  Continuous
   Y1          Y2          Y3          Y4          Y5          Y6
   Y7          Y8          Y9          Y10

Observed independent variables
   X1          X2

Continuous latent variables
   F


Estimator                                                       ML
Information matrix                                        OBSERVED
Maximum number of iterations                                  1000
Convergence criterion                                    0.500D-04
Maximum number of steepest descent iterations                   20

Input data file(s)
  G1_B1_N3_rep154.csv

Input data format  FREE



UNIVARIATE SAMPLE STATISTICS


     UNIVARIATE HIGHER-ORDER MOMENT DESCRIPTIVE STATISTICS

         Variable/         Mean/     Skewness/   Minimum/ % with                Percentiles
        Sample Size      Variance    Kurtosis    Maximum  Min/Max      20%/60%    40%/80%    Median

     Y1                    1.800       0.878       1.000   38.50%       1.000      2.000      2.000
            1000.000       0.600       0.947       5.000    0.50%       2.000      2.000
     Y2                    1.822       0.851       1.000   36.70%       1.000      2.000      2.000
            1000.000       0.596       0.951       5.000    0.50%       2.000      2.000
     Y3                    3.105       0.002       1.000    1.70%       2.000      3.000      3.000
            1000.000       0.632       0.006       5.000    3.30%       3.000      4.000
     Y4                    3.079      -0.146       1.000    2.50%       2.000      3.000      3.000
            1000.000       0.667      -0.136       5.000    2.50%       3.000      4.000
     Y5                    3.103      -0.063       1.000    1.80%       2.000      3.000      3.000
            1000.000       0.650      -0.170       5.000    2.90%       3.000      4.000
     Y6                    1.174       2.806       1.000   85.10%       1.000      1.000      1.000
            1000.000       0.200       8.594       4.000    0.30%       1.000      1.000
     Y7                    1.169       3.316       1.000   85.50%       1.000      1.000      1.000
            1000.000       0.204      14.273       5.000    0.10%       1.000      1.000
     Y8                    1.169       3.027       1.000   84.90%       1.000      1.000      1.000
            1000.000       0.186      12.349       5.000    0.10%       1.000      1.000
     Y9                    1.861       1.051       1.000   35.10%       1.000      2.000      2.000
            1000.000       0.662       1.701       5.000    1.20%       2.000      2.000
     Y10                   1.814       0.953       1.000   37.30%       1.000      2.000      2.000
            1000.000       0.611       1.250       5.000    0.60%       2.000      2.000
     X1                    0.022       0.060      -3.278    0.10%      -0.843     -0.245     -0.018
            1000.000       1.028      -0.004       4.210    0.10%       0.216      0.912
     X2                    0.519      -0.076       0.000   48.10%       0.000      0.000      1.000
            1000.000       0.250      -1.994       1.000   51.90%       1.000      1.000


THE MODEL ESTIMATION TERMINATED NORMALLY



MODEL FIT INFORMATION

Number of Free Parameters                       34

Loglikelihood

          H0 Value                       -8792.905

Information Criteria

          Akaike (AIC)                   17653.809
          Bayesian (BIC)                 17820.673
          Sample-Size Adjusted BIC       17712.687
            (n* = (n + 2) / 24)



MODEL RESULTS

                                                    Two-Tailed
                    Estimate       S.E.  Est./S.E.    P-Value

 F        BY
    Y1                 0.515      0.023     22.222      0.000
    Y2                 0.482      0.024     20.505      0.000
    Y3                 0.497      0.024     20.548      0.000
    Y4                 0.530      0.025     21.516      0.000
    Y5                 0.498      0.025     20.234      0.000
    Y6                 0.241      0.014     17.122      0.000
    Y7                 0.215      0.015     14.807      0.000
    Y8                 0.216      0.014     15.745      0.000
    Y9               999.000      0.000    999.000    999.000
    Y10                0.500      0.024     21.141      0.000

 Y9       ON
    X1                -0.007      0.020     -0.324      0.746
    X2                -0.029      0.041     -0.716      0.474

 Means
    F                  0.000      0.000    999.000    999.000

 Intercepts
    Y1                 1.800      0.024     73.485      0.000
    Y2                 1.822      0.024     74.613      0.000
    Y3                 3.105      0.025    123.513      0.000
    Y4                 3.079      0.026    119.241      0.000
    Y5                 3.103      0.026    121.673      0.000
    Y6                 1.174      0.014     83.072      0.000
    Y7                 1.169      0.014     81.759      0.000
    Y8                 1.169      0.014     85.615      0.000
    Y9                 1.870      0.033     56.999      0.000
    Y10                1.814      0.025     73.363      0.000

 Variances
    F                  1.000      0.000    999.000    999.000

 Residual Variances
    Y1                 0.335      0.017     19.369      0.000
    Y2                 0.364      0.018     19.948      0.000
    Y3                 0.385      0.019     19.937      0.000
    Y4                 0.386      0.020     19.601      0.000
    Y5                 0.402      0.020     20.026      0.000
    Y6                 0.142      0.007     20.821      0.000
    Y7                 0.158      0.007     21.236      0.000
    Y8                 0.140      0.007     21.097      0.000
    Y9                 0.358      0.019     19.135      0.000
    Y10                0.361      0.018     19.724      0.000

New/Additional Parameters
    L9_0               0.509      0.035     14.583      0.000
    L9_1               0.019      0.020      0.947      0.344
    L9_2               0.072      0.044      1.634      0.102


QUALITY OF NUMERICAL RESULTS

     Condition Number for the Information Matrix              0.428E-04
       (ratio of smallest to largest eigenvalue)


     Beginning Time:  15:23:03
        Ending Time:  15:23:05
       Elapsed Time:  00:00:02



MUTHEN & MUTHEN
3463 Stoner Ave.
Los Angeles, CA  90066

Tel: (310) 391-9971
Fax: (310) 391-8971
Web: www.StatModel.com
Support: Support@StatModel.com

Copyright (c) 1998-2019 Muthen & Muthen
