Mplus VERSION 8.3
MUTHEN & MUTHEN
04/23/2024   3:21 PM

INPUT INSTRUCTIONS


  TITLE: Test with 10 reps

  DATA:
  File is
  G1_B1_N3_rep150.csv;

  VARIABLE:
      Names are x1 x2 eta
  	y1 y2 y3 y4 y5 y6 y7 y8 y9 y10;
      Usevariables are y1-y10 x1 x2;
      constraint = x1 x2;

  MODEL:
      f BY y1* (l1);
      f BY y2* (l2);
      f BY y3* (l3);
      f BY y4* (l4);
      f BY y5* (l5);
      f BY y6* (l6);
      f BY y7* (l7);
      f BY y8* (l8);
      f BY y9* (l9);
      f BY y10* (l10);

  y5 ON x1 x2;
  f@1;
  [f@0];

  MODEL CONSTRAINT:
      new (l5_0 l5_1 l5_2);
      l5 = l5_0 + l5_1*x1 + l5_2*x2;




INPUT READING TERMINATED NORMALLY



Test with 10 reps

SUMMARY OF ANALYSIS

Number of groups                                                 1
Number of observations                                        1000

Number of dependent variables                                   10
Number of independent variables                                  2
Number of continuous latent variables                            1

Observed dependent variables

  Continuous
   Y1          Y2          Y3          Y4          Y5          Y6
   Y7          Y8          Y9          Y10

Observed independent variables
   X1          X2

Continuous latent variables
   F


Estimator                                                       ML
Information matrix                                        OBSERVED
Maximum number of iterations                                  1000
Convergence criterion                                    0.500D-04
Maximum number of steepest descent iterations                   20

Input data file(s)
  G1_B1_N3_rep150.csv

Input data format  FREE



UNIVARIATE SAMPLE STATISTICS


     UNIVARIATE HIGHER-ORDER MOMENT DESCRIPTIVE STATISTICS

         Variable/         Mean/     Skewness/   Minimum/ % with                Percentiles
        Sample Size      Variance    Kurtosis    Maximum  Min/Max      20%/60%    40%/80%    Median

     Y1                    1.817       1.006       1.000   38.30%       1.000      2.000      2.000
            1000.000       0.652       1.250       5.000    0.70%       2.000      2.000
     Y2                    1.783       0.957       1.000   40.60%       1.000      1.000      2.000
            1000.000       0.632       0.915       5.000    0.40%       2.000      2.000
     Y3                    3.027      -0.082       1.000    3.10%       2.000      3.000      3.000
            1000.000       0.694      -0.085       5.000    2.80%       3.000      4.000
     Y4                    3.062       0.004       1.000    2.40%       2.000      3.000      3.000
            1000.000       0.706      -0.166       5.000    3.60%       3.000      4.000
     Y5                    3.018       0.031       1.000    3.00%       2.000      3.000      3.000
            1000.000       0.744      -0.206       5.000    3.70%       3.000      4.000
     Y6                    1.182       2.921       1.000   84.30%       1.000      1.000      1.000
            1000.000       0.211      10.112       4.000    0.60%       1.000      1.000
     Y7                    1.208       2.783       1.000   81.90%       1.000      1.000      1.000
            1000.000       0.235      10.064       5.000    0.10%       1.000      1.000
     Y8                    1.170       3.243       1.000   84.70%       1.000      1.000      1.000
            1000.000       0.189      15.542       5.000    0.20%       1.000      1.000
     Y9                    1.758       1.109       1.000   41.10%       1.000      1.000      2.000
            1000.000       0.607       1.872       5.000    0.90%       2.000      2.000
     Y10                   1.811       0.977       1.000   38.90%       1.000      2.000      2.000
            1000.000       0.647       1.162       5.000    0.70%       2.000      2.000
     X1                    0.007      -0.011      -3.250    0.10%      -0.810     -0.238      0.009
            1000.000       0.997       0.045       3.432    0.10%       0.275      0.809
     X2                    0.508      -0.032       0.000   49.20%       0.000      0.000      1.000
            1000.000       0.250      -1.999       1.000   50.80%       1.000      1.000


THE MODEL ESTIMATION TERMINATED NORMALLY



MODEL FIT INFORMATION

Number of Free Parameters                       34

Loglikelihood

          H0 Value                       -9072.117

Information Criteria

          Akaike (AIC)                   18212.234
          Bayesian (BIC)                 18379.097
          Sample-Size Adjusted BIC       18271.111
            (n* = (n + 2) / 24)



MODEL RESULTS

                                                    Two-Tailed
                    Estimate       S.E.  Est./S.E.    P-Value

 F        BY
    Y1                 0.530      0.024     21.886      0.000
    Y2                 0.520      0.024     21.744      0.000
    Y3                 0.513      0.025     20.150      0.000
    Y4                 0.534      0.025     20.988      0.000
    Y5               999.000      0.000    999.000    999.000
    Y6                 0.232      0.015     15.935      0.000
    Y7                 0.263      0.015     17.283      0.000
    Y8                 0.237      0.014     17.402      0.000
    Y9                 0.499      0.024     21.196      0.000
    Y10                0.525      0.024     21.688      0.000

 Y5       ON
    X1                 0.000      0.023     -0.010      0.992
    X2                 0.091      0.045      2.015      0.044

 Means
    F                  0.000      0.000    999.000    999.000

 Intercepts
    Y1                 1.817      0.026     71.186      0.000
    Y2                 1.783      0.025     70.929      0.000
    Y3                 3.027      0.026    114.881      0.000
    Y4                 3.062      0.027    115.227      0.000
    Y5                 2.978      0.036     82.342      0.000
    Y6                 1.182      0.015     81.396      0.000
    Y7                 1.208      0.015     78.845      0.000
    Y8                 1.170      0.014     85.082      0.000
    Y9                 1.758      0.025     71.329      0.000
    Y10                1.811      0.025     71.182      0.000

 Variances
    F                  1.000      0.000    999.000    999.000

 Residual Variances
    Y1                 0.370      0.019     19.520      0.000
    Y2                 0.362      0.018     19.572      0.000
    Y3                 0.431      0.021     20.072      0.000
    Y4                 0.421      0.021     19.830      0.000
    Y5                 0.456      0.023     19.960      0.000
    Y6                 0.157      0.007     21.061      0.000
    Y7                 0.166      0.008     20.768      0.000
    Y8                 0.133      0.006     20.767      0.000
    Y9                 0.358      0.018     19.748      0.000
    Y10                0.372      0.019     19.598      0.000

New/Additional Parameters
    L5_0               0.565      0.038     15.035      0.000
    L5_1              -0.047      0.022     -2.167      0.030
    L5_2              -0.052      0.048     -1.088      0.277


QUALITY OF NUMERICAL RESULTS

     Condition Number for the Information Matrix              0.396E-04
       (ratio of smallest to largest eigenvalue)


     Beginning Time:  15:21:07
        Ending Time:  15:21:10
       Elapsed Time:  00:00:03



MUTHEN & MUTHEN
3463 Stoner Ave.
Los Angeles, CA  90066

Tel: (310) 391-9971
Fax: (310) 391-8971
Web: www.StatModel.com
Support: Support@StatModel.com

Copyright (c) 1998-2019 Muthen & Muthen
