Mplus VERSION 8.3
MUTHEN & MUTHEN
04/23/2024   3:44 PM

INPUT INSTRUCTIONS


  TITLE: Test with 10 reps

  DATA:
  File is
  G1_B1_N3_rep2.csv;

  VARIABLE:
      Names are x1 x2 eta
  	y1 y2 y3 y4 y5 y6 y7 y8 y9 y10;
      Usevariables are y1-y10 x1 x2;
      constraint = x1 x2;

  MODEL:
      f BY y1* (l1);
      f BY y2* (l2);
      f BY y3* (l3);
      f BY y4* (l4);
      f BY y5* (l5);
      f BY y6* (l6);
      f BY y7* (l7);
      f BY y8* (l8);
      f BY y9* (l9);
      f BY y10* (l10);

  y2 ON x1 x2;
  f@1;
  [f@0];

  MODEL CONSTRAINT:
      new (l2_0 l2_1 l2_2);
      l2 = l2_0 + l2_1*x1 + l2_2*x2;




INPUT READING TERMINATED NORMALLY



Test with 10 reps

SUMMARY OF ANALYSIS

Number of groups                                                 1
Number of observations                                        1000

Number of dependent variables                                   10
Number of independent variables                                  2
Number of continuous latent variables                            1

Observed dependent variables

  Continuous
   Y1          Y2          Y3          Y4          Y5          Y6
   Y7          Y8          Y9          Y10

Observed independent variables
   X1          X2

Continuous latent variables
   F


Estimator                                                       ML
Information matrix                                        OBSERVED
Maximum number of iterations                                  1000
Convergence criterion                                    0.500D-04
Maximum number of steepest descent iterations                   20

Input data file(s)
  G1_B1_N3_rep2.csv

Input data format  FREE



UNIVARIATE SAMPLE STATISTICS


     UNIVARIATE HIGHER-ORDER MOMENT DESCRIPTIVE STATISTICS

         Variable/         Mean/     Skewness/   Minimum/ % with                Percentiles
        Sample Size      Variance    Kurtosis    Maximum  Min/Max      20%/60%    40%/80%    Median

     Y1                    1.823       0.887       1.000   36.40%       1.000      2.000      2.000
            1000.000       0.598       1.070       5.000    0.50%       2.000      2.000
     Y2                    1.805       0.748       1.000   37.10%       1.000      2.000      2.000
            1000.000       0.563       0.513       5.000    0.20%       2.000      2.000
     Y3                    3.061      -0.053       1.000    1.70%       2.000      3.000      3.000
            1000.000       0.597      -0.058       5.000    2.10%       3.000      4.000
     Y4                    3.038      -0.042       1.000    2.20%       2.000      3.000      3.000
            1000.000       0.619       0.057       5.000    2.40%       3.000      4.000
     Y5                    3.078       0.016       1.000    1.40%       2.000      3.000      3.000
            1000.000       0.606      -0.093       5.000    2.60%       3.000      4.000
     Y6                    1.167       2.892       1.000   85.10%       1.000      1.000      1.000
            1000.000       0.183      10.010       4.000    0.40%       1.000      1.000
     Y7                    1.151       2.971       1.000   86.30%       1.000      1.000      1.000
            1000.000       0.162      10.572       4.000    0.30%       1.000      1.000
     Y8                    1.170       3.036       1.000   85.00%       1.000      1.000      1.000
            1000.000       0.191      12.158       5.000    0.10%       1.000      1.000
     Y9                    1.822       0.891       1.000   36.50%       1.000      2.000      2.000
            1000.000       0.596       1.155       5.000    0.60%       2.000      2.000
     Y10                   1.805       0.845       1.000   36.60%       1.000      2.000      2.000
            1000.000       0.565       0.937       5.000    0.30%       2.000      2.000
     X1                    0.034       0.012      -3.062    0.10%      -0.841     -0.250      0.019
            1000.000       0.970      -0.264       2.934    0.10%       0.307      0.883
     X2                    0.487       0.052       0.000   51.30%       0.000      0.000      0.000
            1000.000       0.250      -1.997       1.000   48.70%       1.000      1.000


THE MODEL ESTIMATION TERMINATED NORMALLY



MODEL FIT INFORMATION

Number of Free Parameters                       34

Loglikelihood

          H0 Value                       -8553.923

Information Criteria

          Akaike (AIC)                   17175.846
          Bayesian (BIC)                 17342.710
          Sample-Size Adjusted BIC       17234.724
            (n* = (n + 2) / 24)



MODEL RESULTS

                                                    Two-Tailed
                    Estimate       S.E.  Est./S.E.    P-Value

 F        BY
    Y1                 0.494      0.024     20.948      0.000
    Y2               999.000      0.000    999.000    999.000
    Y3                 0.471      0.024     19.741      0.000
    Y4                 0.498      0.024     20.689      0.000
    Y5                 0.481      0.024     20.050      0.000
    Y6                 0.216      0.014     15.715      0.000
    Y7                 0.201      0.013     15.534      0.000
    Y8                 0.233      0.014     16.715      0.000
    Y9                 0.475      0.024     19.963      0.000
    Y10                0.444      0.023     18.986      0.000

 Y2       ON
    X1                -0.005      0.020     -0.263      0.793
    X2                 0.031      0.039      0.785      0.432

 Means
    F                  0.000      0.000    999.000    999.000

 Intercepts
    Y1                 1.823      0.024     74.569      0.000
    Y2                 1.789      0.030     58.967      0.000
    Y3                 3.061      0.024    125.249      0.000
    Y4                 3.038      0.025    122.151      0.000
    Y5                 3.078      0.025    125.044      0.000
    Y6                 1.167      0.014     86.241      0.000
    Y7                 1.151      0.013     90.376      0.000
    Y8                 1.170      0.014     84.636      0.000
    Y9                 1.822      0.024     74.612      0.000
    Y10                1.805      0.024     75.939      0.000

 Variances
    F                  1.000      0.000    999.000    999.000

 Residual Variances
    Y1                 0.353      0.018     19.462      0.000
    Y2                 0.349      0.018     19.790      0.000
    Y3                 0.375      0.019     19.885      0.000
    Y4                 0.370      0.019     19.528      0.000
    Y5                 0.375      0.019     19.768      0.000
    Y6                 0.137      0.007     20.914      0.000
    Y7                 0.122      0.006     20.952      0.000
    Y8                 0.137      0.007     20.679      0.000
    Y9                 0.370      0.019     19.788      0.000
    Y10                0.368      0.018     20.100      0.000

New/Additional Parameters
    L2_0               0.451      0.031     14.658      0.000
    L2_1               0.013      0.022      0.601      0.548
    L2_2               0.021      0.043      0.485      0.627


QUALITY OF NUMERICAL RESULTS

     Condition Number for the Information Matrix              0.328E-04
       (ratio of smallest to largest eigenvalue)


     Beginning Time:  15:44:57
        Ending Time:  15:45:00
       Elapsed Time:  00:00:03



MUTHEN & MUTHEN
3463 Stoner Ave.
Los Angeles, CA  90066

Tel: (310) 391-9971
Fax: (310) 391-8971
Web: www.StatModel.com
Support: Support@StatModel.com

Copyright (c) 1998-2019 Muthen & Muthen
