Mplus VERSION 8.3
MUTHEN & MUTHEN
04/23/2024   3:49 PM

INPUT INSTRUCTIONS


  TITLE: Test with 10 reps

  DATA:
  File is
  G1_B1_N3_rep208.csv;

  VARIABLE:
      Names are x1 x2 eta
  	y1 y2 y3 y4 y5 y6 y7 y8 y9 y10;
      Usevariables are y1-y10 x1 x2;
      constraint = x1 x2;

  MODEL:
      f BY y1* (l1);
      f BY y2* (l2);
      f BY y3* (l3);
      f BY y4* (l4);
      f BY y5* (l5);
      f BY y6* (l6);
      f BY y7* (l7);
      f BY y8* (l8);
      f BY y9* (l9);
      f BY y10* (l10);

  y8 ON x1 x2;
  f@1;
  [f@0];

  MODEL CONSTRAINT:
      new (l8_0 l8_1 l8_2);
      l8 = l8_0 + l8_1*x1 + l8_2*x2;




INPUT READING TERMINATED NORMALLY



Test with 10 reps

SUMMARY OF ANALYSIS

Number of groups                                                 1
Number of observations                                        1000

Number of dependent variables                                   10
Number of independent variables                                  2
Number of continuous latent variables                            1

Observed dependent variables

  Continuous
   Y1          Y2          Y3          Y4          Y5          Y6
   Y7          Y8          Y9          Y10

Observed independent variables
   X1          X2

Continuous latent variables
   F


Estimator                                                       ML
Information matrix                                        OBSERVED
Maximum number of iterations                                  1000
Convergence criterion                                    0.500D-04
Maximum number of steepest descent iterations                   20

Input data file(s)
  G1_B1_N3_rep208.csv

Input data format  FREE



UNIVARIATE SAMPLE STATISTICS


     UNIVARIATE HIGHER-ORDER MOMENT DESCRIPTIVE STATISTICS

         Variable/         Mean/     Skewness/   Minimum/ % with                Percentiles
        Sample Size      Variance    Kurtosis    Maximum  Min/Max      20%/60%    40%/80%    Median

     Y1                    1.809       0.793       1.000   37.60%       1.000      2.000      2.000
            1000.000       0.587       0.620       5.000    0.30%       2.000      2.000
     Y2                    1.802       0.823       1.000   38.50%       1.000      2.000      2.000
            1000.000       0.599       0.630       5.000    0.30%       2.000      2.000
     Y3                    3.047      -0.106       1.000    1.90%       2.000      3.000      3.000
            1000.000       0.583      -0.002       5.000    1.70%       3.000      4.000
     Y4                    3.107       0.094       1.000    0.70%       3.000      3.000      3.000
            1000.000       0.576      -0.169       5.000    2.70%       3.000      4.000
     Y5                    3.072      -0.033       1.000    1.60%       2.000      3.000      3.000
            1000.000       0.597      -0.036       5.000    2.30%       3.000      4.000
     Y6                    1.157       2.639       1.000   85.70%       1.000      1.000      1.000
            1000.000       0.162       7.242       4.000    0.10%       1.000      1.000
     Y7                    1.155       2.698       1.000   86.00%       1.000      1.000      1.000
            1000.000       0.163       7.575       4.000    0.10%       1.000      1.000
     Y8                    1.169       2.627       1.000   84.70%       1.000      1.000      1.000
            1000.000       0.176       7.611       4.000    0.20%       1.000      1.000
     Y9                    1.807       0.800       1.000   36.70%       1.000      2.000      2.000
            1000.000       0.564       0.785       5.000    0.30%       2.000      2.000
     Y10                   1.795       0.882       1.000   39.00%       1.000      2.000      2.000
            1000.000       0.607       0.768       5.000    0.30%       2.000      2.000
     X1                   -0.017      -0.080      -3.422    0.10%      -0.853     -0.289      0.019
            1000.000       1.034       0.126       3.356    0.10%       0.289      0.816
     X2                    0.512      -0.048       0.000   48.80%       0.000      0.000      1.000
            1000.000       0.250      -1.998       1.000   51.20%       1.000      1.000


THE MODEL ESTIMATION TERMINATED NORMALLY



MODEL FIT INFORMATION

Number of Free Parameters                       34

Loglikelihood

          H0 Value                       -8301.292

Information Criteria

          Akaike (AIC)                   16670.585
          Bayesian (BIC)                 16837.448
          Sample-Size Adjusted BIC       16729.463
            (n* = (n + 2) / 24)



MODEL RESULTS

                                                    Two-Tailed
                    Estimate       S.E.  Est./S.E.    P-Value

 F        BY
    Y1                 0.477      0.023     20.452      0.000
    Y2                 0.511      0.023     22.001      0.000
    Y3                 0.484      0.023     20.911      0.000
    Y4                 0.511      0.023     22.586      0.000
    Y5                 0.483      0.024     20.523      0.000
    Y6                 0.199      0.013     15.469      0.000
    Y7                 0.198      0.013     15.325      0.000
    Y8               999.000      0.000    999.000    999.000
    Y9                 0.489      0.023     21.635      0.000
    Y10                0.495      0.024     20.936      0.000

 Y8       ON
    X1                -0.004      0.012     -0.340      0.734
    X2                -0.029      0.023     -1.231      0.218

 Means
    F                  0.000      0.000    999.000    999.000

 Intercepts
    Y1                 1.809      0.024     74.696      0.000
    Y2                 1.802      0.024     73.640      0.000
    Y3                 3.047      0.024    126.216      0.000
    Y4                 3.107      0.024    129.509      0.000
    Y5                 3.072      0.024    125.748      0.000
    Y6                 1.157      0.013     90.804      0.000
    Y7                 1.155      0.013     90.474      0.000
    Y8                 1.183      0.018     66.557      0.000
    Y9                 1.807      0.024     76.105      0.000
    Y10                1.795      0.025     72.858      0.000

 Variances
    F                  1.000      0.000    999.000    999.000

 Residual Variances
    Y1                 0.359      0.018     19.964      0.000
    Y2                 0.338      0.017     19.444      0.000
    Y3                 0.348      0.018     19.824      0.000
    Y4                 0.314      0.016     19.214      0.000
    Y5                 0.364      0.018     19.933      0.000
    Y6                 0.123      0.006     21.136      0.000
    Y7                 0.124      0.006     21.171      0.000
    Y8                 0.127      0.006     20.840      0.000
    Y9                 0.325      0.017     19.585      0.000
    Y10                0.362      0.018     19.791      0.000

New/Additional Parameters
    L8_0               0.207      0.018     11.716      0.000
    L8_1              -0.004      0.013     -0.289      0.772
    L8_2               0.031      0.025      1.233      0.217


QUALITY OF NUMERICAL RESULTS

     Condition Number for the Information Matrix              0.329E-04
       (ratio of smallest to largest eigenvalue)


     Beginning Time:  15:49:36
        Ending Time:  15:49:38
       Elapsed Time:  00:00:02



MUTHEN & MUTHEN
3463 Stoner Ave.
Los Angeles, CA  90066

Tel: (310) 391-9971
Fax: (310) 391-8971
Web: www.StatModel.com
Support: Support@StatModel.com

Copyright (c) 1998-2019 Muthen & Muthen
