Mplus VERSION 8.3
MUTHEN & MUTHEN
04/23/2024   4:02 PM

INPUT INSTRUCTIONS


  TITLE: Test with 10 reps

  DATA:
  File is
  G1_B1_N3_rep234.csv;

  VARIABLE:
      Names are x1 x2 eta
  	y1 y2 y3 y4 y5 y6 y7 y8 y9 y10;
      Usevariables are y1-y10 x1 x2;
      constraint = x1 x2;

  MODEL:
      f BY y1* (l1);
      f BY y2* (l2);
      f BY y3* (l3);
      f BY y4* (l4);
      f BY y5* (l5);
      f BY y6* (l6);
      f BY y7* (l7);
      f BY y8* (l8);
      f BY y9* (l9);
      f BY y10* (l10);

  y10 ON x1 x2;
  f@1;
  [f@0];

  MODEL CONSTRAINT:
      new (l10_0 l10_1 l10_2);
      l10 = l10_0 + l10_1*x1 + l10_2*x2;




INPUT READING TERMINATED NORMALLY



Test with 10 reps

SUMMARY OF ANALYSIS

Number of groups                                                 1
Number of observations                                        1000

Number of dependent variables                                   10
Number of independent variables                                  2
Number of continuous latent variables                            1

Observed dependent variables

  Continuous
   Y1          Y2          Y3          Y4          Y5          Y6
   Y7          Y8          Y9          Y10

Observed independent variables
   X1          X2

Continuous latent variables
   F


Estimator                                                       ML
Information matrix                                        OBSERVED
Maximum number of iterations                                  1000
Convergence criterion                                    0.500D-04
Maximum number of steepest descent iterations                   20

Input data file(s)
  G1_B1_N3_rep234.csv

Input data format  FREE



UNIVARIATE SAMPLE STATISTICS


     UNIVARIATE HIGHER-ORDER MOMENT DESCRIPTIVE STATISTICS

         Variable/         Mean/     Skewness/   Minimum/ % with                Percentiles
        Sample Size      Variance    Kurtosis    Maximum  Min/Max      20%/60%    40%/80%    Median

     Y1                    1.811       0.831       1.000   37.90%       1.000      2.000      2.000
            1000.000       0.599       0.822       5.000    0.50%       2.000      2.000
     Y2                    1.817       0.926       1.000   38.90%       1.000      2.000      2.000
            1000.000       0.652       0.923       5.000    0.60%       2.000      2.000
     Y3                    3.054       0.028       1.000    2.00%       2.000      3.000      3.000
            1000.000       0.649      -0.034       5.000    3.10%       3.000      4.000
     Y4                    3.083      -0.118       1.000    2.60%       2.000      3.000      3.000
            1000.000       0.712      -0.269       5.000    3.00%       3.000      4.000
     Y5                    3.049      -0.027       1.000    2.40%       2.000      3.000      3.000
            1000.000       0.681      -0.141       5.000    3.00%       3.000      4.000
     Y6                    1.183       2.907       1.000   84.30%       1.000      1.000      1.000
            1000.000       0.212      10.555       5.000    0.10%       1.000      1.000
     Y7                    1.169       2.907       1.000   85.20%       1.000      1.000      1.000
            1000.000       0.190       9.855       4.000    0.40%       1.000      1.000
     Y8                    1.170       2.836       1.000   85.30%       1.000      1.000      1.000
            1000.000       0.193       8.909       4.000    0.30%       1.000      1.000
     Y9                    1.824       0.973       1.000   39.00%       1.000      2.000      2.000
            1000.000       0.675       1.081       5.000    0.80%       2.000      2.000
     Y10                   1.785       0.856       1.000   40.60%       1.000      1.000      2.000
            1000.000       0.617       0.645       5.000    0.40%       2.000      2.000
     X1                   -0.044       0.017      -3.119    0.10%      -0.854     -0.308     -0.050
            1000.000       0.939      -0.007       3.491    0.10%       0.199      0.771
     X2                    0.504      -0.016       0.000   49.60%       0.000      0.000      1.000
            1000.000       0.250      -2.000       1.000   50.40%       1.000      1.000


THE MODEL ESTIMATION TERMINATED NORMALLY



MODEL FIT INFORMATION

Number of Free Parameters                       34

Loglikelihood

          H0 Value                       -8986.247

Information Criteria

          Akaike (AIC)                   18040.494
          Bayesian (BIC)                 18207.358
          Sample-Size Adjusted BIC       18099.372
            (n* = (n + 2) / 24)



MODEL RESULTS

                                                    Two-Tailed
                    Estimate       S.E.  Est./S.E.    P-Value

 F        BY
    Y1                 0.512      0.023     21.978      0.000
    Y2                 0.533      0.024     21.901      0.000
    Y3                 0.499      0.025     20.200      0.000
    Y4                 0.533      0.026     20.720      0.000
    Y5                 0.518      0.025     20.542      0.000
    Y6                 0.230      0.015     15.665      0.000
    Y7                 0.215      0.014     15.354      0.000
    Y8                 0.224      0.014     16.038      0.000
    Y9                 0.490      0.025     19.300      0.000
    Y10              999.000      0.000    999.000    999.000

 Y10      ON
    X1                 0.029      0.021      1.400      0.161
    X2                 0.010      0.041      0.247      0.805

 Means
    F                  0.000      0.000    999.000    999.000

 Intercepts
    Y1                 1.811      0.024     73.978      0.000
    Y2                 1.817      0.026     71.186      0.000
    Y3                 3.054      0.025    119.872      0.000
    Y4                 3.083      0.027    115.531      0.000
    Y5                 3.049      0.026    116.872      0.000
    Y6                 1.183      0.015     81.343      0.000
    Y7                 1.169      0.014     84.710      0.000
    Y8                 1.170      0.014     84.197      0.000
    Y9                 1.824      0.026     70.204      0.000
    Y10                1.775      0.031     56.451      0.000

 Variances
    F                  1.000      0.000    999.000    999.000

 Residual Variances
    Y1                 0.337      0.017     19.288      0.000
    Y2                 0.368      0.019     19.297      0.000
    Y3                 0.400      0.020     19.896      0.000
    Y4                 0.428      0.022     19.721      0.000
    Y5                 0.413      0.021     19.779      0.000
    Y6                 0.159      0.008     21.038      0.000
    Y7                 0.144      0.007     21.098      0.000
    Y8                 0.143      0.007     20.959      0.000
    Y9                 0.435      0.022     20.181      0.000
    Y10                0.361      0.018     19.635      0.000

New/Additional Parameters
    L10_0              0.450      0.034     13.355      0.000
    L10_1              0.014      0.023      0.632      0.527
    L10_2              0.089      0.044      2.025      0.043


QUALITY OF NUMERICAL RESULTS

     Condition Number for the Information Matrix              0.450E-04
       (ratio of smallest to largest eigenvalue)


     Beginning Time:  16:02:24
        Ending Time:  16:02:26
       Elapsed Time:  00:00:02



MUTHEN & MUTHEN
3463 Stoner Ave.
Los Angeles, CA  90066

Tel: (310) 391-9971
Fax: (310) 391-8971
Web: www.StatModel.com
Support: Support@StatModel.com

Copyright (c) 1998-2019 Muthen & Muthen
