Mplus VERSION 8.3
MUTHEN & MUTHEN
04/23/2024   4:04 PM

INPUT INSTRUCTIONS


  TITLE: Test with 10 reps

  DATA:
  File is
  G1_B1_N3_rep238.csv;

  VARIABLE:
      Names are x1 x2 eta
  	y1 y2 y3 y4 y5 y6 y7 y8 y9 y10;
      Usevariables are y1-y10 x1 x2;
      constraint = x1 x2;

  MODEL:
      f BY y1* (l1);
      f BY y2* (l2);
      f BY y3* (l3);
      f BY y4* (l4);
      f BY y5* (l5);
      f BY y6* (l6);
      f BY y7* (l7);
      f BY y8* (l8);
      f BY y9* (l9);
      f BY y10* (l10);

  y5 ON x1 x2;
  f@1;
  [f@0];

  MODEL CONSTRAINT:
      new (l5_0 l5_1 l5_2);
      l5 = l5_0 + l5_1*x1 + l5_2*x2;




INPUT READING TERMINATED NORMALLY



Test with 10 reps

SUMMARY OF ANALYSIS

Number of groups                                                 1
Number of observations                                        1000

Number of dependent variables                                   10
Number of independent variables                                  2
Number of continuous latent variables                            1

Observed dependent variables

  Continuous
   Y1          Y2          Y3          Y4          Y5          Y6
   Y7          Y8          Y9          Y10

Observed independent variables
   X1          X2

Continuous latent variables
   F


Estimator                                                       ML
Information matrix                                        OBSERVED
Maximum number of iterations                                  1000
Convergence criterion                                    0.500D-04
Maximum number of steepest descent iterations                   20

Input data file(s)
  G1_B1_N3_rep238.csv

Input data format  FREE



UNIVARIATE SAMPLE STATISTICS


     UNIVARIATE HIGHER-ORDER MOMENT DESCRIPTIVE STATISTICS

         Variable/         Mean/     Skewness/   Minimum/ % with                Percentiles
        Sample Size      Variance    Kurtosis    Maximum  Min/Max      20%/60%    40%/80%    Median

     Y1                    1.824       0.815       1.000   36.80%       1.000      2.000      2.000
            1000.000       0.603       0.591       5.000    0.20%       2.000      2.000
     Y2                    1.761       1.024       1.000   41.50%       1.000      1.000      2.000
            1000.000       0.610       1.477       5.000    0.80%       2.000      2.000
     Y3                    3.027      -0.061       1.000    2.60%       2.000      3.000      3.000
            1000.000       0.666      -0.117       5.000    2.50%       3.000      4.000
     Y4                    3.050       0.088       1.000    1.90%       2.000      3.000      3.000
            1000.000       0.682      -0.150       5.000    3.60%       3.000      4.000
     Y5                    3.027      -0.049       1.000    2.20%       2.000      3.000      3.000
            1000.000       0.656      -0.249       5.000    2.20%       3.000      4.000
     Y6                    1.162       2.645       1.000   85.50%       1.000      1.000      1.000
            1000.000       0.172       7.178       4.000    0.10%       1.000      1.000
     Y7                    1.169       2.412       1.000   84.70%       1.000      1.000      1.000
            1000.000       0.172       5.268       3.000    1.60%       1.000      1.000
     Y8                    1.165       2.551       1.000   85.00%       1.000      1.000      1.000
            1000.000       0.170       6.670       4.000    0.10%       1.000      1.000
     Y9                    1.773       0.901       1.000   41.00%       1.000      1.000      2.000
            1000.000       0.607       0.880       5.000    0.50%       2.000      2.000
     Y10                   1.788       0.862       1.000   40.20%       1.000      1.000      2.000
            1000.000       0.617       0.614       5.000    0.30%       2.000      2.000
     X1                    0.020      -0.020      -3.386    0.10%      -0.761     -0.216      0.005
            1000.000       0.929       0.190       2.897    0.10%       0.263      0.785
     X2                    0.510      -0.040       0.000   49.00%       0.000      0.000      1.000
            1000.000       0.250      -1.998       1.000   51.00%       1.000      1.000


THE MODEL ESTIMATION TERMINATED NORMALLY



MODEL FIT INFORMATION

Number of Free Parameters                       34

Loglikelihood

          H0 Value                       -8570.665

Information Criteria

          Akaike (AIC)                   17209.330
          Bayesian (BIC)                 17376.194
          Sample-Size Adjusted BIC       17268.208
            (n* = (n + 2) / 24)



MODEL RESULTS

                                                    Two-Tailed
                    Estimate       S.E.  Est./S.E.    P-Value

 F        BY
    Y1                 0.510      0.023     21.898      0.000
    Y2                 0.511      0.023     21.762      0.000
    Y3                 0.524      0.025     21.241      0.000
    Y4                 0.519      0.025     20.721      0.000
    Y5               999.000      0.000    999.000    999.000
    Y6                 0.212      0.013     16.132      0.000
    Y7                 0.214      0.013     16.272      0.000
    Y8                 0.208      0.013     15.882      0.000
    Y9                 0.497      0.024     21.098      0.000
    Y10                0.517      0.024     21.973      0.000

 Y5       ON
    X1                 0.027      0.021      1.262      0.207
    X2                -0.042      0.041     -1.019      0.308

 Means
    F                  0.000      0.000    999.000    999.000

 Intercepts
    Y1                 1.824      0.025     74.278      0.000
    Y2                 1.761      0.025     71.308      0.000
    Y3                 3.027      0.026    117.270      0.000
    Y4                 3.050      0.026    116.833      0.000
    Y5                 3.046      0.033     91.901      0.000
    Y6                 1.162      0.013     88.665      0.000
    Y7                 1.169      0.013     89.022      0.000
    Y8                 1.165      0.013     89.411      0.000
    Y9                 1.773      0.025     71.936      0.000
    Y10                1.788      0.025     71.979      0.000

 Variances
    F                  1.000      0.000    999.000    999.000

 Residual Variances
    Y1                 0.343      0.018     19.544      0.000
    Y2                 0.349      0.018     19.567      0.000
    Y3                 0.392      0.020     19.766      0.000
    Y4                 0.412      0.021     19.947      0.000
    Y5                 0.373      0.019     19.562      0.000
    Y6                 0.127      0.006     21.044      0.000
    Y7                 0.127      0.006     21.029      0.000
    Y8                 0.127      0.006     21.098      0.000
    Y9                 0.360      0.018     19.830      0.000
    Y10                0.349      0.018     19.526      0.000

New/Additional Parameters
    L5_0               0.535      0.034     15.715      0.000
    L5_1               0.043      0.023      1.857      0.063
    L5_2              -0.014      0.044     -0.318      0.751


QUALITY OF NUMERICAL RESULTS

     Condition Number for the Information Matrix              0.352E-04
       (ratio of smallest to largest eigenvalue)


     Beginning Time:  16:04:20
        Ending Time:  16:04:22
       Elapsed Time:  00:00:02



MUTHEN & MUTHEN
3463 Stoner Ave.
Los Angeles, CA  90066

Tel: (310) 391-9971
Fax: (310) 391-8971
Web: www.StatModel.com
Support: Support@StatModel.com

Copyright (c) 1998-2019 Muthen & Muthen
