Mplus VERSION 8.3
MUTHEN & MUTHEN
04/23/2024   4:30 PM

INPUT INSTRUCTIONS


  TITLE: Test with 10 reps

  DATA:
  File is
  G1_B1_N3_rep292.csv;

  VARIABLE:
      Names are x1 x2 eta
  	y1 y2 y3 y4 y5 y6 y7 y8 y9 y10;
      Usevariables are y1-y10 x1 x2;
      constraint = x1 x2;

  MODEL:
      f BY y1* (l1);
      f BY y2* (l2);
      f BY y3* (l3);
      f BY y4* (l4);
      f BY y5* (l5);
      f BY y6* (l6);
      f BY y7* (l7);
      f BY y8* (l8);
      f BY y9* (l9);
      f BY y10* (l10);

  y10 ON x1 x2;
  f@1;
  [f@0];

  MODEL CONSTRAINT:
      new (l10_0 l10_1 l10_2);
      l10 = l10_0 + l10_1*x1 + l10_2*x2;




INPUT READING TERMINATED NORMALLY



Test with 10 reps

SUMMARY OF ANALYSIS

Number of groups                                                 1
Number of observations                                        1000

Number of dependent variables                                   10
Number of independent variables                                  2
Number of continuous latent variables                            1

Observed dependent variables

  Continuous
   Y1          Y2          Y3          Y4          Y5          Y6
   Y7          Y8          Y9          Y10

Observed independent variables
   X1          X2

Continuous latent variables
   F


Estimator                                                       ML
Information matrix                                        OBSERVED
Maximum number of iterations                                  1000
Convergence criterion                                    0.500D-04
Maximum number of steepest descent iterations                   20

Input data file(s)
  G1_B1_N3_rep292.csv

Input data format  FREE



UNIVARIATE SAMPLE STATISTICS


     UNIVARIATE HIGHER-ORDER MOMENT DESCRIPTIVE STATISTICS

         Variable/         Mean/     Skewness/   Minimum/ % with                Percentiles
        Sample Size      Variance    Kurtosis    Maximum  Min/Max      20%/60%    40%/80%    Median

     Y1                    1.824       0.977       1.000   37.80%       1.000      2.000      2.000
            1000.000       0.645       1.267       5.000    0.80%       2.000      2.000
     Y2                    1.794       0.924       1.000   38.30%       1.000      2.000      2.000
            1000.000       0.592       1.149       5.000    0.50%       2.000      2.000
     Y3                    3.077       0.057       1.000    1.60%       2.000      3.000      3.000
            1000.000       0.645      -0.100       5.000    3.30%       3.000      4.000
     Y4                    3.103       0.045       1.000    1.10%       2.000      3.000      3.000
            1000.000       0.610      -0.173       5.000    2.90%       3.000      4.000
     Y5                    3.072      -0.088       1.000    1.90%       2.000      3.000      3.000
            1000.000       0.607      -0.021       5.000    2.20%       3.000      4.000
     Y6                    1.168       3.020       1.000   85.40%       1.000      1.000      1.000
            1000.000       0.194      10.829       4.000    0.50%       1.000      1.000
     Y7                    1.161       2.850       1.000   85.50%       1.000      1.000      1.000
            1000.000       0.173       9.526       4.000    0.30%       1.000      1.000
     Y8                    1.190       2.872       1.000   83.40%       1.000      1.000      1.000
            1000.000       0.216      10.065       4.000    0.70%       1.000      1.000
     Y9                    1.833       0.895       1.000   36.50%       1.000      2.000      2.000
            1000.000       0.619       1.054       5.000    0.60%       2.000      2.000
     Y10                   1.842       0.955       1.000   35.00%       1.000      2.000      2.000
            1000.000       0.607       1.488       5.000    0.80%       2.000      2.000
     X1                    0.023      -0.033      -3.617    0.10%      -0.781     -0.254      0.008
            1000.000       0.980       0.076       2.978    0.10%       0.299      0.822
     X2                    0.488       0.048       0.000   51.20%       0.000      0.000      0.000
            1000.000       0.250      -1.998       1.000   48.80%       1.000      1.000


THE MODEL ESTIMATION TERMINATED NORMALLY



MODEL FIT INFORMATION

Number of Free Parameters                       34

Loglikelihood

          H0 Value                       -8764.387

Information Criteria

          Akaike (AIC)                   17596.775
          Bayesian (BIC)                 17763.639
          Sample-Size Adjusted BIC       17655.653
            (n* = (n + 2) / 24)



MODEL RESULTS

                                                    Two-Tailed
                    Estimate       S.E.  Est./S.E.    P-Value

 F        BY
    Y1                 0.529      0.024     21.845      0.000
    Y2                 0.481      0.024     20.464      0.000
    Y3                 0.522      0.024     21.465      0.000
    Y4                 0.494      0.024     20.745      0.000
    Y5                 0.497      0.024     21.008      0.000
    Y6                 0.221      0.014     15.727      0.000
    Y7                 0.190      0.013     14.144      0.000
    Y8                 0.221      0.015     14.791      0.000
    Y9                 0.504      0.024     21.108      0.000
    Y10              999.000      0.000    999.000    999.000

 Y10      ON
    X1                -0.005      0.021     -0.228      0.820
    X2                -0.020      0.041     -0.487      0.626

 Means
    F                  0.000      0.000    999.000    999.000

 Intercepts
    Y1                 1.824      0.025     71.819      0.000
    Y2                 1.794      0.024     73.760      0.000
    Y3                 3.077      0.025    121.150      0.000
    Y4                 3.103      0.025    125.597      0.000
    Y5                 3.072      0.025    124.708      0.000
    Y6                 1.168      0.014     83.906      0.000
    Y7                 1.161      0.013     88.249      0.000
    Y8                 1.190      0.015     80.988      0.000
    Y9                 1.833      0.025     73.668      0.000
    Y10                1.851      0.032     57.677      0.000

 Variances
    F                  1.000      0.000    999.000    999.000

 Residual Variances
    Y1                 0.366      0.019     19.340      0.000
    Y2                 0.360      0.018     19.823      0.000
    Y3                 0.373      0.019     19.477      0.000
    Y4                 0.366      0.019     19.723      0.000
    Y5                 0.359      0.018     19.632      0.000
    Y6                 0.145      0.007     21.012      0.000
    Y7                 0.137      0.006     21.320      0.000
    Y8                 0.167      0.008     21.202      0.000
    Y9                 0.365      0.019     19.618      0.000
    Y10                0.369      0.019     19.758      0.000

New/Additional Parameters
    L10_0              0.495      0.034     14.555      0.000
    L10_1              0.018      0.021      0.853      0.394
    L10_2             -0.011      0.044     -0.257      0.797


QUALITY OF NUMERICAL RESULTS

     Condition Number for the Information Matrix              0.404E-04
       (ratio of smallest to largest eigenvalue)


     Beginning Time:  16:30:42
        Ending Time:  16:30:44
       Elapsed Time:  00:00:02



MUTHEN & MUTHEN
3463 Stoner Ave.
Los Angeles, CA  90066

Tel: (310) 391-9971
Fax: (310) 391-8971
Web: www.StatModel.com
Support: Support@StatModel.com

Copyright (c) 1998-2019 Muthen & Muthen
