Mplus VERSION 8.3
MUTHEN & MUTHEN
04/23/2024   4:12 PM

INPUT INSTRUCTIONS


  TITLE: Test with 10 reps

  DATA:
  File is
  G1_B1_N3_rep254.csv;

  VARIABLE:
      Names are x1 x2 eta
  	y1 y2 y3 y4 y5 y6 y7 y8 y9 y10;
      Usevariables are y1-y10 x1 x2;
      constraint = x1 x2;

  MODEL:
      f BY y1* (l1);
      f BY y2* (l2);
      f BY y3* (l3);
      f BY y4* (l4);
      f BY y5* (l5);
      f BY y6* (l6);
      f BY y7* (l7);
      f BY y8* (l8);
      f BY y9* (l9);
      f BY y10* (l10);

  y7 ON x1 x2;
  f@1;
  [f@0];

  MODEL CONSTRAINT:
      new (l7_0 l7_1 l7_2);
      l7 = l7_0 + l7_1*x1 + l7_2*x2;




INPUT READING TERMINATED NORMALLY



Test with 10 reps

SUMMARY OF ANALYSIS

Number of groups                                                 1
Number of observations                                        1000

Number of dependent variables                                   10
Number of independent variables                                  2
Number of continuous latent variables                            1

Observed dependent variables

  Continuous
   Y1          Y2          Y3          Y4          Y5          Y6
   Y7          Y8          Y9          Y10

Observed independent variables
   X1          X2

Continuous latent variables
   F


Estimator                                                       ML
Information matrix                                        OBSERVED
Maximum number of iterations                                  1000
Convergence criterion                                    0.500D-04
Maximum number of steepest descent iterations                   20

Input data file(s)
  G1_B1_N3_rep254.csv

Input data format  FREE



UNIVARIATE SAMPLE STATISTICS


     UNIVARIATE HIGHER-ORDER MOMENT DESCRIPTIVE STATISTICS

         Variable/         Mean/     Skewness/   Minimum/ % with                Percentiles
        Sample Size      Variance    Kurtosis    Maximum  Min/Max      20%/60%    40%/80%    Median

     Y1                    1.738       0.778       1.000   39.60%       1.000      2.000      2.000
            1000.000       0.499       0.791       5.000    0.20%       2.000      2.000
     Y2                    1.739       0.990       1.000   40.90%       1.000      1.000      2.000
            1000.000       0.549       1.595       5.000    0.60%       2.000      2.000
     Y3                    3.049      -0.056       1.000    2.60%       2.000      3.000      3.000
            1000.000       0.659       0.037       5.000    2.90%       3.000      4.000
     Y4                    3.043       0.060       1.000    1.60%       2.000      3.000      3.000
            1000.000       0.619      -0.065       5.000    2.70%       3.000      4.000
     Y5                    3.025       0.068       1.000    1.80%       2.000      3.000      3.000
            1000.000       0.614       0.045       5.000    2.70%       3.000      4.000
     Y6                    1.149       2.803       1.000   86.20%       1.000      1.000      1.000
            1000.000       0.153       9.095       4.000    0.20%       1.000      1.000
     Y7                    1.143       2.992       1.000   87.10%       1.000      1.000      1.000
            1000.000       0.155      10.215       4.000    0.20%       1.000      1.000
     Y8                    1.159       2.726       1.000   85.50%       1.000      1.000      1.000
            1000.000       0.166       8.370       4.000    0.20%       1.000      1.000
     Y9                    1.752       1.046       1.000   39.70%       1.000      2.000      2.000
            1000.000       0.554       1.904       5.000    0.70%       2.000      2.000
     Y10                   1.761       0.907       1.000   40.60%       1.000      1.000      2.000
            1000.000       0.580       0.895       5.000    0.30%       2.000      2.000
     X1                   -0.018      -0.025      -3.303    0.10%      -0.868     -0.258      0.010
            1000.000       1.049      -0.087       2.863    0.10%       0.239      0.840
     X2                    0.501      -0.004       0.000   49.90%       0.000      0.000      1.000
            1000.000       0.250      -2.000       1.000   50.10%       1.000      1.000


THE MODEL ESTIMATION TERMINATED NORMALLY



MODEL FIT INFORMATION

Number of Free Parameters                       34

Loglikelihood

          H0 Value                       -8208.868

Information Criteria

          Akaike (AIC)                   16485.737
          Bayesian (BIC)                 16652.600
          Sample-Size Adjusted BIC       16544.615
            (n* = (n + 2) / 24)



MODEL RESULTS

                                                    Two-Tailed
                    Estimate       S.E.  Est./S.E.    P-Value

 F        BY
    Y1                 0.450      0.021     20.936      0.000
    Y2                 0.472      0.023     20.967      0.000
    Y3                 0.514      0.025     20.790      0.000
    Y4                 0.509      0.024     21.374      0.000
    Y5                 0.506      0.024     21.297      0.000
    Y6                 0.201      0.012     16.172      0.000
    Y7               999.000      0.000    999.000    999.000
    Y8                 0.191      0.013     14.571      0.000
    Y9                 0.471      0.023     20.757      0.000
    Y10                0.488      0.023     21.141      0.000

 Y7       ON
    X1                 0.019      0.011      1.755      0.079
    X2                 0.002      0.022      0.111      0.911

 Means
    F                  0.000      0.000    999.000    999.000

 Intercepts
    Y1                 1.738      0.022     77.776      0.000
    Y2                 1.739      0.023     74.227      0.000
    Y3                 3.049      0.026    118.808      0.000
    Y4                 3.043      0.025    122.294      0.000
    Y5                 3.025      0.025    122.042      0.000
    Y6                 1.149      0.012     92.952      0.000
    Y7                 1.133      0.016     70.001      0.000
    Y8                 1.159      0.013     90.032      0.000
    Y9                 1.752      0.024     74.402      0.000
    Y10                1.761      0.024     73.129      0.000

 Variances
    F                  1.000      0.000    999.000    999.000

 Residual Variances
    Y1                 0.297      0.015     19.709      0.000
    Y2                 0.326      0.017     19.682      0.000
    Y3                 0.395      0.020     19.735      0.000
    Y4                 0.360      0.018     19.537      0.000
    Y5                 0.359      0.018     19.567      0.000
    Y6                 0.112      0.005     20.954      0.000
    Y7                 0.116      0.006     20.985      0.000
    Y8                 0.129      0.006     21.249      0.000
    Y9                 0.333      0.017     19.756      0.000
    Y10                0.341      0.017     19.617      0.000

New/Additional Parameters
    L7_0               0.145      0.018      8.108      0.000
    L7_1               0.044      0.011      3.943      0.000
    L7_2               0.069      0.024      2.872      0.004


QUALITY OF NUMERICAL RESULTS

     Condition Number for the Information Matrix              0.280E-04
       (ratio of smallest to largest eigenvalue)


     Beginning Time:  16:12:21
        Ending Time:  16:12:24
       Elapsed Time:  00:00:03



MUTHEN & MUTHEN
3463 Stoner Ave.
Los Angeles, CA  90066

Tel: (310) 391-9971
Fax: (310) 391-8971
Web: www.StatModel.com
Support: Support@StatModel.com

Copyright (c) 1998-2019 Muthen & Muthen
