Mplus VERSION 8.3
MUTHEN & MUTHEN
04/23/2024   5:03 PM

INPUT INSTRUCTIONS


  TITLE: Test with 10 reps

  DATA:
  File is
  G1_B1_N3_rep36.csv;

  VARIABLE:
      Names are x1 x2 eta
  	y1 y2 y3 y4 y5 y6 y7 y8 y9 y10;
      Usevariables are y1-y10 x1 x2;
      constraint = x1 x2;

  MODEL:
      f BY y1* (l1);
      f BY y2* (l2);
      f BY y3* (l3);
      f BY y4* (l4);
      f BY y5* (l5);
      f BY y6* (l6);
      f BY y7* (l7);
      f BY y8* (l8);
      f BY y9* (l9);
      f BY y10* (l10);

  y4 ON x1 x2;
  f@1;
  [f@0];

  MODEL CONSTRAINT:
      new (l4_0 l4_1 l4_2);
      l4 = l4_0 + l4_1*x1 + l4_2*x2;




INPUT READING TERMINATED NORMALLY



Test with 10 reps

SUMMARY OF ANALYSIS

Number of groups                                                 1
Number of observations                                        1000

Number of dependent variables                                   10
Number of independent variables                                  2
Number of continuous latent variables                            1

Observed dependent variables

  Continuous
   Y1          Y2          Y3          Y4          Y5          Y6
   Y7          Y8          Y9          Y10

Observed independent variables
   X1          X2

Continuous latent variables
   F


Estimator                                                       ML
Information matrix                                        OBSERVED
Maximum number of iterations                                  1000
Convergence criterion                                    0.500D-04
Maximum number of steepest descent iterations                   20

Input data file(s)
  G1_B1_N3_rep36.csv

Input data format  FREE



UNIVARIATE SAMPLE STATISTICS


     UNIVARIATE HIGHER-ORDER MOMENT DESCRIPTIVE STATISTICS

         Variable/         Mean/     Skewness/   Minimum/ % with                Percentiles
        Sample Size      Variance    Kurtosis    Maximum  Min/Max      20%/60%    40%/80%    Median

     Y1                    1.800       0.801       1.000   37.80%       1.000      2.000      2.000
            1000.000       0.580       0.515       5.000    0.10%       2.000      2.000
     Y2                    1.847       0.820       1.000   36.40%       1.000      2.000      2.000
            1000.000       0.630       0.781       5.000    0.60%       2.000      2.000
     Y3                    3.072       0.007       1.000    1.60%       2.000      3.000      3.000
            1000.000       0.621      -0.090       5.000    2.70%       3.000      4.000
     Y4                    3.066      -0.118       1.000    2.10%       2.000      3.000      3.000
            1000.000       0.626      -0.106       5.000    2.10%       3.000      4.000
     Y5                    3.042       0.010       1.000    1.80%       2.000      3.000      3.000
            1000.000       0.626      -0.102       5.000    2.50%       3.000      4.000
     Y6                    1.159       2.896       1.000   86.30%       1.000      1.000      1.000
            1000.000       0.182       8.996       4.000    0.20%       1.000      1.000
     Y7                    1.168       2.560       1.000   84.90%       1.000      1.000      1.000
            1000.000       0.176       6.666       4.000    0.10%       1.000      1.000
     Y8                    1.179       2.481       1.000   84.10%       1.000      1.000      1.000
            1000.000       0.189       6.123       4.000    0.10%       1.000      1.000
     Y9                    1.823       1.018       1.000   37.40%       1.000      2.000      2.000
            1000.000       0.642       1.425       5.000    0.80%       2.000      2.000
     Y10                   1.808       0.896       1.000   38.20%       1.000      2.000      2.000
            1000.000       0.617       0.807       5.000    0.30%       2.000      2.000
     X1                    0.019       0.102      -2.876    0.10%      -0.817     -0.224      0.041
            1000.000       0.922       0.118       3.536    0.10%       0.271      0.844
     X2                    0.508      -0.032       0.000   49.20%       0.000      0.000      1.000
            1000.000       0.250      -1.999       1.000   50.80%       1.000      1.000


THE MODEL ESTIMATION TERMINATED NORMALLY



MODEL FIT INFORMATION

Number of Free Parameters                       34

Loglikelihood

          H0 Value                       -8718.934

Information Criteria

          Akaike (AIC)                   17505.868
          Bayesian (BIC)                 17672.732
          Sample-Size Adjusted BIC       17564.746
            (n* = (n + 2) / 24)



MODEL RESULTS

                                                    Two-Tailed
                    Estimate       S.E.  Est./S.E.    P-Value

 F        BY
    Y1                 0.478      0.023     20.503      0.000
    Y2                 0.511      0.024     21.183      0.000
    Y3                 0.504      0.024     21.002      0.000
    Y4               999.000      0.000    999.000    999.000
    Y5                 0.493      0.024     20.330      0.000
    Y6                 0.215      0.014     15.760      0.000
    Y7                 0.197      0.014     14.535      0.000
    Y8                 0.223      0.014     16.089      0.000
    Y9                 0.515      0.024     21.121      0.000
    Y10                0.477      0.024     19.691      0.000

 Y4       ON
    X1                -0.007      0.022     -0.310      0.757
    X2                 0.033      0.042      0.797      0.425

 Means
    F                  0.000      0.000    999.000    999.000

 Intercepts
    Y1                 1.800      0.024     74.741      0.000
    Y2                 1.847      0.025     73.610      0.000
    Y3                 3.072      0.025    123.293      0.000
    Y4                 3.062      0.034     89.974      0.000
    Y5                 3.042      0.025    121.560      0.000
    Y6                 1.159      0.013     85.977      0.000
    Y7                 1.168      0.013     88.097      0.000
    Y8                 1.179      0.014     85.769      0.000
    Y9                 1.823      0.025     71.967      0.000
    Y10                1.808      0.025     72.779      0.000

 Variances
    F                  1.000      0.000    999.000    999.000

 Residual Variances
    Y1                 0.352      0.018     19.726      0.000
    Y2                 0.369      0.019     19.485      0.000
    Y3                 0.367      0.019     19.543      0.000
    Y4                 0.390      0.020     19.764      0.000
    Y5                 0.383      0.019     19.783      0.000
    Y6                 0.135      0.006     20.941      0.000
    Y7                 0.137      0.006     21.199      0.000
    Y8                 0.139      0.007     20.889      0.000
    Y9                 0.377      0.019     19.494      0.000
    Y10                0.389      0.019     19.984      0.000

New/Additional Parameters
    L4_0               0.540      0.036     15.055      0.000
    L4_1              -0.077      0.023     -3.356      0.001
    L4_2              -0.099      0.045     -2.197      0.028


QUALITY OF NUMERICAL RESULTS

     Condition Number for the Information Matrix              0.405E-04
       (ratio of smallest to largest eigenvalue)


     Beginning Time:  17:03:58
        Ending Time:  17:04:01
       Elapsed Time:  00:00:03



MUTHEN & MUTHEN
3463 Stoner Ave.
Los Angeles, CA  90066

Tel: (310) 391-9971
Fax: (310) 391-8971
Web: www.StatModel.com
Support: Support@StatModel.com

Copyright (c) 1998-2019 Muthen & Muthen
