Mplus VERSION 8.3
MUTHEN & MUTHEN
04/23/2024   5:12 PM

INPUT INSTRUCTIONS


  TITLE: Test with 10 reps

  DATA:
  File is
  G1_B1_N3_rep376.csv;

  VARIABLE:
      Names are x1 x2 eta
  	y1 y2 y3 y4 y5 y6 y7 y8 y9 y10;
      Usevariables are y1-y10 x1 x2;
      constraint = x1 x2;

  MODEL:
      f BY y1* (l1);
      f BY y2* (l2);
      f BY y3* (l3);
      f BY y4* (l4);
      f BY y5* (l5);
      f BY y6* (l6);
      f BY y7* (l7);
      f BY y8* (l8);
      f BY y9* (l9);
      f BY y10* (l10);

  y6 ON x1 x2;
  f@1;
  [f@0];

  MODEL CONSTRAINT:
      new (l6_0 l6_1 l6_2);
      l6 = l6_0 + l6_1*x1 + l6_2*x2;




INPUT READING TERMINATED NORMALLY



Test with 10 reps

SUMMARY OF ANALYSIS

Number of groups                                                 1
Number of observations                                        1000

Number of dependent variables                                   10
Number of independent variables                                  2
Number of continuous latent variables                            1

Observed dependent variables

  Continuous
   Y1          Y2          Y3          Y4          Y5          Y6
   Y7          Y8          Y9          Y10

Observed independent variables
   X1          X2

Continuous latent variables
   F


Estimator                                                       ML
Information matrix                                        OBSERVED
Maximum number of iterations                                  1000
Convergence criterion                                    0.500D-04
Maximum number of steepest descent iterations                   20

Input data file(s)
  G1_B1_N3_rep376.csv

Input data format  FREE



UNIVARIATE SAMPLE STATISTICS


     UNIVARIATE HIGHER-ORDER MOMENT DESCRIPTIVE STATISTICS

         Variable/         Mean/     Skewness/   Minimum/ % with                Percentiles
        Sample Size      Variance    Kurtosis    Maximum  Min/Max      20%/60%    40%/80%    Median

     Y1                    1.779       1.140       1.000   41.00%       1.000      1.000      2.000
            1000.000       0.660       1.676       5.000    0.90%       2.000      2.000
     Y2                    1.766       1.036       1.000   40.50%       1.000      1.000      2.000
            1000.000       0.601       1.535       5.000    0.70%       2.000      2.000
     Y3                    3.028       0.041       1.000    2.00%       2.000      3.000      3.000
            1000.000       0.649      -0.104       5.000    2.80%       3.000      4.000
     Y4                    3.049      -0.059       1.000    2.10%       2.000      3.000      3.000
            1000.000       0.603       0.111       5.000    2.30%       3.000      4.000
     Y5                    3.028       0.126       1.000    1.60%       2.000      3.000      3.000
            1000.000       0.663      -0.205       5.000    3.20%       3.000      4.000
     Y6                    1.181       3.149       1.000   84.70%       1.000      1.000      1.000
            1000.000       0.220      12.524       5.000    0.10%       1.000      1.000
     Y7                    1.174       2.928       1.000   85.50%       1.000      1.000      1.000
            1000.000       0.210       9.396       4.000    0.40%       1.000      1.000
     Y8                    1.191       3.017       1.000   83.90%       1.000      1.000      1.000
            1000.000       0.231      11.379       5.000    0.10%       1.000      1.000
     Y9                    1.825       0.971       1.000   36.40%       1.000      2.000      2.000
            1000.000       0.610       1.477       5.000    0.80%       2.000      2.000
     Y10                   1.803       0.975       1.000   38.90%       1.000      2.000      2.000
            1000.000       0.632       1.165       5.000    0.60%       2.000      2.000
     X1                   -0.058       0.088      -3.104    0.10%      -0.901     -0.367     -0.076
            1000.000       1.023      -0.074       3.500    0.10%       0.199      0.799
     X2                    0.472       0.112       0.000   52.80%       0.000      0.000      0.000
            1000.000       0.249      -1.987       1.000   47.20%       1.000      1.000


THE MODEL ESTIMATION TERMINATED NORMALLY



MODEL FIT INFORMATION

Number of Free Parameters                       34

Loglikelihood

          H0 Value                       -8945.545

Information Criteria

          Akaike (AIC)                   17959.090
          Bayesian (BIC)                 18125.954
          Sample-Size Adjusted BIC       18017.968
            (n* = (n + 2) / 24)



MODEL RESULTS

                                                    Two-Tailed
                    Estimate       S.E.  Est./S.E.    P-Value

 F        BY
    Y1                 0.515      0.025     20.897      0.000
    Y2                 0.512      0.023     22.003      0.000
    Y3                 0.489      0.025     19.818      0.000
    Y4                 0.491      0.024     20.793      0.000
    Y5                 0.517      0.025     20.894      0.000
    Y6               999.000      0.000    999.000    999.000
    Y7                 0.251      0.014     17.447      0.000
    Y8                 0.247      0.015     16.252      0.000
    Y9                 0.494      0.024     20.841      0.000
    Y10                0.511      0.024     21.271      0.000

 Y6       ON
    X1                -0.031      0.013     -2.406      0.016
    X2                -0.010      0.026     -0.390      0.697

 Means
    F                  0.000      0.000    999.000    999.000

 Intercepts
    Y1                 1.779      0.026     69.239      0.000
    Y2                 1.766      0.025     72.022      0.000
    Y3                 3.028      0.025    118.840      0.000
    Y4                 3.049      0.025    124.206      0.000
    Y5                 3.028      0.026    117.579      0.000
    Y6                 1.185      0.020     60.694      0.000
    Y7                 1.174      0.014     81.067      0.000
    Y8                 1.191      0.015     78.444      0.000
    Y9                 1.825      0.025     73.869      0.000
    Y10                1.803      0.025     71.709      0.000

 Variances
    F                  1.000      0.000    999.000    999.000

 Residual Variances
    Y1                 0.395      0.020     19.820      0.000
    Y2                 0.339      0.017     19.444      0.000
    Y3                 0.410      0.020     20.160      0.000
    Y4                 0.362      0.018     19.824      0.000
    Y5                 0.396      0.020     19.778      0.000
    Y6                 0.149      0.007     20.450      0.000
    Y7                 0.147      0.007     20.738      0.000
    Y8                 0.169      0.008     20.987      0.000
    Y9                 0.366      0.018     19.859      0.000
    Y10                0.371      0.019     19.712      0.000

New/Additional Parameters
    L6_0               0.282      0.021     13.349      0.000
    L6_1              -0.001      0.013     -0.075      0.940
    L6_2              -0.024      0.027     -0.892      0.373


QUALITY OF NUMERICAL RESULTS

     Condition Number for the Information Matrix              0.485E-04
       (ratio of smallest to largest eigenvalue)


     Beginning Time:  17:12:02
        Ending Time:  17:12:04
       Elapsed Time:  00:00:02



MUTHEN & MUTHEN
3463 Stoner Ave.
Los Angeles, CA  90066

Tel: (310) 391-9971
Fax: (310) 391-8971
Web: www.StatModel.com
Support: Support@StatModel.com

Copyright (c) 1998-2019 Muthen & Muthen
