Mplus VERSION 8.3
MUTHEN & MUTHEN
04/23/2024   5:01 PM

INPUT INSTRUCTIONS


  TITLE: Test with 10 reps

  DATA:
  File is
  G1_B1_N3_rep353.csv;

  VARIABLE:
      Names are x1 x2 eta
  	y1 y2 y3 y4 y5 y6 y7 y8 y9 y10;
      Usevariables are y1-y10 x1 x2;
      constraint = x1 x2;

  MODEL:
      f BY y1* (l1);
      f BY y2* (l2);
      f BY y3* (l3);
      f BY y4* (l4);
      f BY y5* (l5);
      f BY y6* (l6);
      f BY y7* (l7);
      f BY y8* (l8);
      f BY y9* (l9);
      f BY y10* (l10);

  y9 ON x1 x2;
  f@1;
  [f@0];

  MODEL CONSTRAINT:
      new (l9_0 l9_1 l9_2);
      l9 = l9_0 + l9_1*x1 + l9_2*x2;




INPUT READING TERMINATED NORMALLY



Test with 10 reps

SUMMARY OF ANALYSIS

Number of groups                                                 1
Number of observations                                        1000

Number of dependent variables                                   10
Number of independent variables                                  2
Number of continuous latent variables                            1

Observed dependent variables

  Continuous
   Y1          Y2          Y3          Y4          Y5          Y6
   Y7          Y8          Y9          Y10

Observed independent variables
   X1          X2

Continuous latent variables
   F


Estimator                                                       ML
Information matrix                                        OBSERVED
Maximum number of iterations                                  1000
Convergence criterion                                    0.500D-04
Maximum number of steepest descent iterations                   20

Input data file(s)
  G1_B1_N3_rep353.csv

Input data format  FREE



UNIVARIATE SAMPLE STATISTICS


     UNIVARIATE HIGHER-ORDER MOMENT DESCRIPTIVE STATISTICS

         Variable/         Mean/     Skewness/   Minimum/ % with                Percentiles
        Sample Size      Variance    Kurtosis    Maximum  Min/Max      20%/60%    40%/80%    Median

     Y1                    1.835       1.015       1.000   37.90%       1.000      2.000      2.000
            1000.000       0.676       1.345       5.000    1.00%       2.000      2.000
     Y2                    1.794       0.947       1.000   39.60%       1.000      2.000      2.000
            1000.000       0.620       1.238       5.000    0.80%       2.000      2.000
     Y3                    3.051       0.073       1.000    1.90%       2.000      3.000      3.000
            1000.000       0.712      -0.330       5.000    3.60%       3.000      4.000
     Y4                    3.074       0.060       1.000    1.70%       2.000      3.000      3.000
            1000.000       0.691      -0.275       5.000    3.60%       3.000      4.000
     Y5                    3.066       0.002       1.000    2.30%       2.000      3.000      3.000
            1000.000       0.690      -0.116       5.000    3.50%       3.000      4.000
     Y6                    1.194       3.026       1.000   83.40%       1.000      1.000      1.000
            1000.000       0.230      11.753       5.000    0.10%       1.000      1.000
     Y7                    1.196       2.696       1.000   83.20%       1.000      1.000      1.000
            1000.000       0.224       8.233       4.000    0.50%       1.000      1.000
     Y8                    1.198       3.027       1.000   83.00%       1.000      1.000      1.000
            1000.000       0.233      12.398       5.000    0.20%       1.000      1.000
     Y9                    1.823       1.033       1.000   37.70%       1.000      2.000      2.000
            1000.000       0.648       1.552       5.000    1.00%       2.000      2.000
     Y10                   1.778       1.151       1.000   43.30%       1.000      1.000      2.000
            1000.000       0.717       1.477       5.000    1.10%       2.000      2.000
     X1                   -0.044       0.104      -3.120    0.10%      -0.865     -0.289     -0.032
            1000.000       0.955       0.108       3.631    0.10%       0.191      0.747
     X2                    0.466       0.136       0.000   53.40%       0.000      0.000      0.000
            1000.000       0.249      -1.981       1.000   46.60%       1.000      1.000


THE MODEL ESTIMATION TERMINATED NORMALLY



MODEL FIT INFORMATION

Number of Free Parameters                       34

Loglikelihood

          H0 Value                       -9226.921

Information Criteria

          Akaike (AIC)                   18521.842
          Bayesian (BIC)                 18688.706
          Sample-Size Adjusted BIC       18580.720
            (n* = (n + 2) / 24)



MODEL RESULTS

                                                    Two-Tailed
                    Estimate       S.E.  Est./S.E.    P-Value

 F        BY
    Y1                 0.522      0.025     20.952      0.000
    Y2                 0.499      0.024     20.925      0.000
    Y3                 0.532      0.026     20.791      0.000
    Y4                 0.531      0.025     21.163      0.000
    Y5                 0.530      0.025     21.124      0.000
    Y6                 0.256      0.015     16.925      0.000
    Y7                 0.268      0.015     18.201      0.000
    Y8                 0.259      0.015     17.096      0.000
    Y9               999.000      0.000    999.000    999.000
    Y10                0.570      0.025     22.617      0.000

 Y9       ON
    X1                -0.010      0.021     -0.458      0.647
    X2                 0.031      0.042      0.747      0.455

 Means
    F                  0.000      0.000    999.000    999.000

 Intercepts
    Y1                 1.835      0.026     70.589      0.000
    Y2                 1.794      0.025     72.074      0.000
    Y3                 3.051      0.027    114.309      0.000
    Y4                 3.074      0.026    116.981      0.000
    Y5                 3.066      0.026    116.751      0.000
    Y6                 1.194      0.015     78.668      0.000
    Y7                 1.196      0.015     79.985      0.000
    Y8                 1.198      0.015     78.518      0.000
    Y9                 1.810      0.032     55.722      0.000
    Y10                1.778      0.027     66.414      0.000

 Variances
    F                  1.000      0.000    999.000    999.000

 Residual Variances
    Y1                 0.404      0.020     19.861      0.000
    Y2                 0.371      0.019     19.861      0.000
    Y3                 0.429      0.022     19.928      0.000
    Y4                 0.408      0.021     19.813      0.000
    Y5                 0.408      0.021     19.807      0.000
    Y6                 0.165      0.008     20.893      0.000
    Y7                 0.152      0.007     20.601      0.000
    Y8                 0.166      0.008     20.860      0.000
    Y9                 0.394      0.020     20.001      0.000
    Y10                0.392      0.020     19.281      0.000

New/Additional Parameters
    L9_0               0.521      0.032     16.148      0.000
    L9_1              -0.014      0.023     -0.624      0.533
    L9_2              -0.043      0.045     -0.965      0.334


QUALITY OF NUMERICAL RESULTS

     Condition Number for the Information Matrix              0.524E-04
       (ratio of smallest to largest eigenvalue)


     Beginning Time:  17:01:05
        Ending Time:  17:01:07
       Elapsed Time:  00:00:02



MUTHEN & MUTHEN
3463 Stoner Ave.
Los Angeles, CA  90066

Tel: (310) 391-9971
Fax: (310) 391-8971
Web: www.StatModel.com
Support: Support@StatModel.com

Copyright (c) 1998-2019 Muthen & Muthen
