Mplus VERSION 8.3
MUTHEN & MUTHEN
04/23/2024   4:37 PM

INPUT INSTRUCTIONS


  TITLE: Test with 10 reps

  DATA:
  File is
  G1_B1_N3_rep306.csv;

  VARIABLE:
      Names are x1 x2 eta
  	y1 y2 y3 y4 y5 y6 y7 y8 y9 y10;
      Usevariables are y1-y10 x1 x2;
      constraint = x1 x2;

  MODEL:
      f BY y1* (l1);
      f BY y2* (l2);
      f BY y3* (l3);
      f BY y4* (l4);
      f BY y5* (l5);
      f BY y6* (l6);
      f BY y7* (l7);
      f BY y8* (l8);
      f BY y9* (l9);
      f BY y10* (l10);

  y3 ON x1 x2;
  f@1;
  [f@0];

  MODEL CONSTRAINT:
      new (l3_0 l3_1 l3_2);
      l3 = l3_0 + l3_1*x1 + l3_2*x2;




INPUT READING TERMINATED NORMALLY



Test with 10 reps

SUMMARY OF ANALYSIS

Number of groups                                                 1
Number of observations                                        1000

Number of dependent variables                                   10
Number of independent variables                                  2
Number of continuous latent variables                            1

Observed dependent variables

  Continuous
   Y1          Y2          Y3          Y4          Y5          Y6
   Y7          Y8          Y9          Y10

Observed independent variables
   X1          X2

Continuous latent variables
   F


Estimator                                                       ML
Information matrix                                        OBSERVED
Maximum number of iterations                                  1000
Convergence criterion                                    0.500D-04
Maximum number of steepest descent iterations                   20

Input data file(s)
  G1_B1_N3_rep306.csv

Input data format  FREE



UNIVARIATE SAMPLE STATISTICS


     UNIVARIATE HIGHER-ORDER MOMENT DESCRIPTIVE STATISTICS

         Variable/         Mean/     Skewness/   Minimum/ % with                Percentiles
        Sample Size      Variance    Kurtosis    Maximum  Min/Max      20%/60%    40%/80%    Median

     Y1                    1.797       0.893       1.000   37.50%       1.000      2.000      2.000
            1000.000       0.576       1.083       5.000    0.40%       2.000      2.000
     Y2                    1.804       0.963       1.000   38.40%       1.000      2.000      2.000
            1000.000       0.620       1.205       5.000    0.60%       2.000      2.000
     Y3                    3.091       0.012       1.000    1.40%       2.000      3.000      3.000
            1000.000       0.617      -0.118       5.000    2.80%       3.000      4.000
     Y4                    3.074       0.030       1.000    1.30%       2.000      3.000      3.000
            1000.000       0.595      -0.079       5.000    2.50%       3.000      4.000
     Y5                    3.082      -0.033       1.000    1.60%       2.000      3.000      3.000
            1000.000       0.643      -0.261       5.000    2.60%       3.000      4.000
     Y6                    1.167       3.072       1.000   85.20%       1.000      1.000      1.000
            1000.000       0.187      12.562       5.000    0.10%       1.000      1.000
     Y7                    1.182       2.762       1.000   84.20%       1.000      1.000      1.000
            1000.000       0.205       8.668       4.000    0.40%       1.000      1.000
     Y8                    1.175       2.682       1.000   84.30%       1.000      1.000      1.000
            1000.000       0.186       8.250       4.000    0.30%       1.000      1.000
     Y9                    1.823       0.917       1.000   36.70%       1.000      2.000      2.000
            1000.000       0.606       1.253       5.000    0.70%       2.000      2.000
     Y10                   1.813       0.977       1.000   38.10%       1.000      2.000      2.000
            1000.000       0.634       1.188       5.000    0.60%       2.000      2.000
     X1                    0.010      -0.009      -3.149    0.10%      -0.865     -0.271      0.021
            1000.000       1.007      -0.136       3.148    0.10%       0.300      0.844
     X2                    0.529      -0.116       0.000   47.10%       0.000      0.000      1.000
            1000.000       0.249      -1.986       1.000   52.90%       1.000      1.000


THE MODEL ESTIMATION TERMINATED NORMALLY



MODEL FIT INFORMATION

Number of Free Parameters                       34

Loglikelihood

          H0 Value                       -8694.495

Information Criteria

          Akaike (AIC)                   17456.991
          Bayesian (BIC)                 17623.854
          Sample-Size Adjusted BIC       17515.868
            (n* = (n + 2) / 24)



MODEL RESULTS

                                                    Two-Tailed
                    Estimate       S.E.  Est./S.E.    P-Value

 F        BY
    Y1                 0.484      0.023     21.007      0.000
    Y2                 0.519      0.024     21.928      0.000
    Y3               999.000      0.000    999.000    999.000
    Y4                 0.497      0.023     21.301      0.000
    Y5                 0.477      0.025     19.266      0.000
    Y6                 0.230      0.014     16.794      0.000
    Y7                 0.223      0.014     15.394      0.000
    Y8                 0.227      0.014     16.616      0.000
    Y9                 0.499      0.024     21.174      0.000
    Y10                0.505      0.024     20.884      0.000

 Y3       ON
    X1                -0.011      0.021     -0.555      0.579
    X2                -0.004      0.041     -0.097      0.922

 Means
    F                  0.000      0.000    999.000    999.000

 Intercepts
    Y1                 1.797      0.024     74.889      0.000
    Y2                 1.804      0.025     72.475      0.000
    Y3                 3.092      0.033     93.281      0.000
    Y4                 3.074      0.024    126.072      0.000
    Y5                 3.082      0.025    121.516      0.000
    Y6                 1.167      0.014     85.314      0.000
    Y7                 1.182      0.014     82.580      0.000
    Y8                 1.175      0.014     86.068      0.000
    Y9                 1.823      0.025     74.074      0.000
    Y10                1.813      0.025     72.002      0.000

 Variances
    F                  1.000      0.000    999.000    999.000

 Residual Variances
    Y1                 0.341      0.017     19.685      0.000
    Y2                 0.350      0.018     19.359      0.000
    Y3                 0.378      0.019     19.882      0.000
    Y4                 0.347      0.018     19.588      0.000
    Y5                 0.416      0.021     20.232      0.000
    Y6                 0.134      0.006     20.821      0.000
    Y7                 0.155      0.007     21.114      0.000
    Y8                 0.135      0.006     20.867      0.000
    Y9                 0.356      0.018     19.639      0.000
    Y10                0.379      0.019     19.746      0.000

New/Additional Parameters
    L3_0               0.485      0.034     14.394      0.000
    L3_1               0.011      0.022      0.498      0.618
    L3_2               0.006      0.044      0.133      0.894


QUALITY OF NUMERICAL RESULTS

     Condition Number for the Information Matrix              0.403E-04
       (ratio of smallest to largest eigenvalue)


     Beginning Time:  16:37:53
        Ending Time:  16:37:55
       Elapsed Time:  00:00:02



MUTHEN & MUTHEN
3463 Stoner Ave.
Los Angeles, CA  90066

Tel: (310) 391-9971
Fax: (310) 391-8971
Web: www.StatModel.com
Support: Support@StatModel.com

Copyright (c) 1998-2019 Muthen & Muthen
