Mplus VERSION 8.3
MUTHEN & MUTHEN
04/23/2024   4:44 PM

INPUT INSTRUCTIONS


  TITLE: Test with 10 reps

  DATA:
  File is
  G1_B1_N3_rep320.csv;

  VARIABLE:
      Names are x1 x2 eta
  	y1 y2 y3 y4 y5 y6 y7 y8 y9 y10;
      Usevariables are y1-y10 x1 x2;
      constraint = x1 x2;

  MODEL:
      f BY y1* (l1);
      f BY y2* (l2);
      f BY y3* (l3);
      f BY y4* (l4);
      f BY y5* (l5);
      f BY y6* (l6);
      f BY y7* (l7);
      f BY y8* (l8);
      f BY y9* (l9);
      f BY y10* (l10);

  y3 ON x1 x2;
  f@1;
  [f@0];

  MODEL CONSTRAINT:
      new (l3_0 l3_1 l3_2);
      l3 = l3_0 + l3_1*x1 + l3_2*x2;




INPUT READING TERMINATED NORMALLY



Test with 10 reps

SUMMARY OF ANALYSIS

Number of groups                                                 1
Number of observations                                        1000

Number of dependent variables                                   10
Number of independent variables                                  2
Number of continuous latent variables                            1

Observed dependent variables

  Continuous
   Y1          Y2          Y3          Y4          Y5          Y6
   Y7          Y8          Y9          Y10

Observed independent variables
   X1          X2

Continuous latent variables
   F


Estimator                                                       ML
Information matrix                                        OBSERVED
Maximum number of iterations                                  1000
Convergence criterion                                    0.500D-04
Maximum number of steepest descent iterations                   20

Input data file(s)
  G1_B1_N3_rep320.csv

Input data format  FREE



UNIVARIATE SAMPLE STATISTICS


     UNIVARIATE HIGHER-ORDER MOMENT DESCRIPTIVE STATISTICS

         Variable/         Mean/     Skewness/   Minimum/ % with                Percentiles
        Sample Size      Variance    Kurtosis    Maximum  Min/Max      20%/60%    40%/80%    Median

     Y1                    1.757       0.780       1.000   39.70%       1.000      2.000      2.000
            1000.000       0.536       0.604       5.000    0.20%       2.000      2.000
     Y2                    1.813       0.869       1.000   37.10%       1.000      2.000      2.000
            1000.000       0.596       0.850       5.000    0.30%       2.000      2.000
     Y3                    3.059      -0.022       1.000    2.30%       2.000      3.000      3.000
            1000.000       0.674      -0.104       5.000    3.10%       3.000      4.000
     Y4                    3.055      -0.146       1.000    2.60%       2.000      3.000      3.000
            1000.000       0.622       0.116       5.000    2.20%       3.000      4.000
     Y5                    3.066      -0.115       1.000    1.70%       2.000      3.000      3.000
            1000.000       0.604      -0.216       5.000    1.70%       3.000      4.000
     Y6                    1.152       3.116       1.000   86.00%       1.000      1.000      1.000
            1000.000       0.161      13.799       5.000    0.10%       1.000      1.000
     Y7                    1.175       3.272       1.000   84.70%       1.000      1.000      1.000
            1000.000       0.204      15.024       5.000    0.20%       1.000      1.000
     Y8                    1.164       3.108       1.000   85.40%       1.000      1.000      1.000
            1000.000       0.183      12.987       5.000    0.10%       1.000      1.000
     Y9                    1.752       0.838       1.000   41.10%       1.000      1.000      2.000
            1000.000       0.564       0.610       5.000    0.20%       2.000      2.000
     Y10                   1.811       0.924       1.000   38.60%       1.000      2.000      2.000
            1000.000       0.631       1.017       5.000    0.60%       2.000      2.000
     X1                    0.019      -0.029      -3.692    0.10%      -0.828     -0.232      0.022
            1000.000       0.953       0.023       3.245    0.10%       0.280      0.845
     X2                    0.523      -0.092       0.000   47.70%       0.000      0.000      1.000
            1000.000       0.249      -1.992       1.000   52.30%       1.000      1.000


THE MODEL ESTIMATION TERMINATED NORMALLY



MODEL FIT INFORMATION

Number of Free Parameters                       34

Loglikelihood

          H0 Value                       -8553.389

Information Criteria

          Akaike (AIC)                   17174.778
          Bayesian (BIC)                 17341.642
          Sample-Size Adjusted BIC       17233.656
            (n* = (n + 2) / 24)



MODEL RESULTS

                                                    Two-Tailed
                    Estimate       S.E.  Est./S.E.    P-Value

 F        BY
    Y1                 0.443      0.023     19.688      0.000
    Y2                 0.500      0.023     21.432      0.000
    Y3               999.000      0.000    999.000    999.000
    Y4                 0.519      0.024     21.861      0.000
    Y5                 0.462      0.024     19.206      0.000
    Y6                 0.201      0.013     15.651      0.000
    Y7                 0.248      0.014     17.472      0.000
    Y8                 0.220      0.014     16.175      0.000
    Y9                 0.458      0.023     19.866      0.000
    Y10                0.542      0.024     22.885      0.000

 Y3       ON
    X1                -0.019      0.022     -0.877      0.381
    X2                 0.065      0.043      1.496      0.135

 Means
    F                  0.000      0.000    999.000    999.000

 Intercepts
    Y1                 1.757      0.023     75.894      0.000
    Y2                 1.813      0.024     74.261      0.000
    Y3                 3.023      0.035     86.846      0.000
    Y4                 3.055      0.025    122.497      0.000
    Y5                 3.066      0.025    124.790      0.000
    Y6                 1.152      0.013     90.820      0.000
    Y7                 1.175      0.014     82.191      0.000
    Y8                 1.164      0.014     86.021      0.000
    Y9                 1.752      0.024     73.740      0.000
    Y10                1.811      0.025     72.079      0.000

 Variances
    F                  1.000      0.000    999.000    999.000

 Residual Variances
    Y1                 0.339      0.017     20.108      0.000
    Y2                 0.346      0.018     19.538      0.000
    Y3                 0.417      0.021     20.027      0.000
    Y4                 0.352      0.018     19.341      0.000
    Y5                 0.390      0.019     20.186      0.000
    Y6                 0.121      0.006     21.047      0.000
    Y7                 0.143      0.007     20.635      0.000
    Y8                 0.135      0.006     20.949      0.000
    Y9                 0.354      0.018     20.051      0.000
    Y10                0.338      0.018     18.978      0.000

New/Additional Parameters
    L3_0               0.511      0.036     14.149      0.000
    L3_1               0.036      0.024      1.530      0.126
    L3_2              -0.022      0.047     -0.478      0.632


QUALITY OF NUMERICAL RESULTS

     Condition Number for the Information Matrix              0.320E-04
       (ratio of smallest to largest eigenvalue)


     Beginning Time:  16:44:55
        Ending Time:  16:44:57
       Elapsed Time:  00:00:02



MUTHEN & MUTHEN
3463 Stoner Ave.
Los Angeles, CA  90066

Tel: (310) 391-9971
Fax: (310) 391-8971
Web: www.StatModel.com
Support: Support@StatModel.com

Copyright (c) 1998-2019 Muthen & Muthen
