Mplus VERSION 8.3
MUTHEN & MUTHEN
04/23/2024   4:57 PM

INPUT INSTRUCTIONS


  TITLE: Test with 10 reps

  DATA:
  File is
  G1_B1_N3_rep346.csv;

  VARIABLE:
      Names are x1 x2 eta
  	y1 y2 y3 y4 y5 y6 y7 y8 y9 y10;
      Usevariables are y1-y10 x1 x2;
      constraint = x1 x2;

  MODEL:
      f BY y1* (l1);
      f BY y2* (l2);
      f BY y3* (l3);
      f BY y4* (l4);
      f BY y5* (l5);
      f BY y6* (l6);
      f BY y7* (l7);
      f BY y8* (l8);
      f BY y9* (l9);
      f BY y10* (l10);

  y9 ON x1 x2;
  f@1;
  [f@0];

  MODEL CONSTRAINT:
      new (l9_0 l9_1 l9_2);
      l9 = l9_0 + l9_1*x1 + l9_2*x2;




INPUT READING TERMINATED NORMALLY



Test with 10 reps

SUMMARY OF ANALYSIS

Number of groups                                                 1
Number of observations                                        1000

Number of dependent variables                                   10
Number of independent variables                                  2
Number of continuous latent variables                            1

Observed dependent variables

  Continuous
   Y1          Y2          Y3          Y4          Y5          Y6
   Y7          Y8          Y9          Y10

Observed independent variables
   X1          X2

Continuous latent variables
   F


Estimator                                                       ML
Information matrix                                        OBSERVED
Maximum number of iterations                                  1000
Convergence criterion                                    0.500D-04
Maximum number of steepest descent iterations                   20

Input data file(s)
  G1_B1_N3_rep346.csv

Input data format  FREE



UNIVARIATE SAMPLE STATISTICS


     UNIVARIATE HIGHER-ORDER MOMENT DESCRIPTIVE STATISTICS

         Variable/         Mean/     Skewness/   Minimum/ % with                Percentiles
        Sample Size      Variance    Kurtosis    Maximum  Min/Max      20%/60%    40%/80%    Median

     Y1                    1.793       0.881       1.000   38.20%       1.000      2.000      2.000
            1000.000       0.582       0.982       5.000    0.40%       2.000      2.000
     Y2                    1.808       0.798       1.000   38.40%       1.000      2.000      2.000
            1000.000       0.599       0.695       5.000    0.50%       2.000      2.000
     Y3                    3.064      -0.022       1.000    2.30%       2.000      3.000      3.000
            1000.000       0.676      -0.096       5.000    3.20%       3.000      4.000
     Y4                    3.058      -0.054       1.000    1.80%       2.000      3.000      3.000
            1000.000       0.625      -0.177       5.000    2.20%       3.000      4.000
     Y5                    3.081      -0.053       1.000    2.40%       2.000      3.000      3.000
            1000.000       0.640       0.176       5.000    3.20%       3.000      4.000
     Y6                    1.175       3.254       1.000   85.70%       1.000      1.000      1.000
            1000.000       0.224      12.866       5.000    0.10%       1.000      1.000
     Y7                    1.179       3.062       1.000   85.10%       1.000      1.000      1.000
            1000.000       0.219      11.419       5.000    0.10%       1.000      1.000
     Y8                    1.175       2.889       1.000   84.50%       1.000      1.000      1.000
            1000.000       0.194      10.102       4.000    0.50%       1.000      1.000
     Y9                    1.809       0.802       1.000   37.00%       1.000      2.000      2.000
            1000.000       0.575       0.729       5.000    0.30%       2.000      2.000
     Y10                   1.799       0.913       1.000   39.10%       1.000      2.000      2.000
            1000.000       0.619       0.953       5.000    0.50%       2.000      2.000
     X1                   -0.016       0.017      -3.160    0.10%      -0.912     -0.266      0.011
            1000.000       1.054      -0.057       3.319    0.10%       0.224      0.837
     X2                    0.513      -0.052       0.000   48.70%       0.000      0.000      1.000
            1000.000       0.250      -1.997       1.000   51.30%       1.000      1.000


THE MODEL ESTIMATION TERMINATED NORMALLY



MODEL FIT INFORMATION

Number of Free Parameters                       34

Loglikelihood

          H0 Value                       -8833.122

Information Criteria

          Akaike (AIC)                   17734.245
          Bayesian (BIC)                 17901.108
          Sample-Size Adjusted BIC       17793.123
            (n* = (n + 2) / 24)



MODEL RESULTS

                                                    Two-Tailed
                    Estimate       S.E.  Est./S.E.    P-Value

 F        BY
    Y1                 0.516      0.023     22.683      0.000
    Y2                 0.464      0.024     19.471      0.000
    Y3                 0.554      0.025     22.604      0.000
    Y4                 0.469      0.024     19.261      0.000
    Y5                 0.515      0.024     21.269      0.000
    Y6                 0.251      0.015     16.761      0.000
    Y7                 0.243      0.015     16.389      0.000
    Y8                 0.227      0.014     16.206      0.000
    Y9               999.000      0.000    999.000    999.000
    Y10                0.514      0.024     21.687      0.000

 Y9       ON
    X1                -0.019      0.019     -0.985      0.325
    X2                 0.016      0.040      0.400      0.689

 Means
    F                  0.000      0.000    999.000    999.000

 Intercepts
    Y1                 1.793      0.024     74.313      0.000
    Y2                 1.808      0.024     73.865      0.000
    Y3                 3.064      0.026    117.855      0.000
    Y4                 3.058      0.025    122.356      0.000
    Y5                 3.081      0.025    121.745      0.000
    Y6                 1.175      0.015     78.442      0.000
    Y7                 1.179      0.015     79.677      0.000
    Y8                 1.175      0.014     84.279      0.000
    Y9                 1.801      0.032     56.955      0.000
    Y10                1.799      0.025     72.331      0.000

 Variances
    F                  1.000      0.000    999.000    999.000

 Residual Variances
    Y1                 0.316      0.016     19.163      0.000
    Y2                 0.384      0.019     20.231      0.000
    Y3                 0.369      0.019     19.185      0.000
    Y4                 0.404      0.020     20.292      0.000
    Y5                 0.376      0.019     19.674      0.000
    Y6                 0.162      0.008     20.877      0.000
    Y7                 0.160      0.008     20.953      0.000
    Y8                 0.143      0.007     20.967      0.000
    Y9                 0.360      0.018     20.092      0.000
    Y10                0.355      0.018     19.528      0.000

New/Additional Parameters
    L9_0               0.463      0.033     13.986      0.000
    L9_1              -0.014      0.020     -0.707      0.479
    L9_2               0.000      0.043     -0.009      0.993


QUALITY OF NUMERICAL RESULTS

     Condition Number for the Information Matrix              0.451E-04
       (ratio of smallest to largest eigenvalue)


     Beginning Time:  16:57:33
        Ending Time:  16:57:36
       Elapsed Time:  00:00:03



MUTHEN & MUTHEN
3463 Stoner Ave.
Los Angeles, CA  90066

Tel: (310) 391-9971
Fax: (310) 391-8971
Web: www.StatModel.com
Support: Support@StatModel.com

Copyright (c) 1998-2019 Muthen & Muthen
