Mplus VERSION 8.3
MUTHEN & MUTHEN
04/23/2024   5:01 PM

INPUT INSTRUCTIONS


  TITLE: Test with 10 reps

  DATA:
  File is
  G1_B1_N3_rep354.csv;

  VARIABLE:
      Names are x1 x2 eta
  	y1 y2 y3 y4 y5 y6 y7 y8 y9 y10;
      Usevariables are y1-y10 x1 x2;
      constraint = x1 x2;

  MODEL:
      f BY y1* (l1);
      f BY y2* (l2);
      f BY y3* (l3);
      f BY y4* (l4);
      f BY y5* (l5);
      f BY y6* (l6);
      f BY y7* (l7);
      f BY y8* (l8);
      f BY y9* (l9);
      f BY y10* (l10);

  y9 ON x1 x2;
  f@1;
  [f@0];

  MODEL CONSTRAINT:
      new (l9_0 l9_1 l9_2);
      l9 = l9_0 + l9_1*x1 + l9_2*x2;




INPUT READING TERMINATED NORMALLY



Test with 10 reps

SUMMARY OF ANALYSIS

Number of groups                                                 1
Number of observations                                        1000

Number of dependent variables                                   10
Number of independent variables                                  2
Number of continuous latent variables                            1

Observed dependent variables

  Continuous
   Y1          Y2          Y3          Y4          Y5          Y6
   Y7          Y8          Y9          Y10

Observed independent variables
   X1          X2

Continuous latent variables
   F


Estimator                                                       ML
Information matrix                                        OBSERVED
Maximum number of iterations                                  1000
Convergence criterion                                    0.500D-04
Maximum number of steepest descent iterations                   20

Input data file(s)
  G1_B1_N3_rep354.csv

Input data format  FREE



UNIVARIATE SAMPLE STATISTICS


     UNIVARIATE HIGHER-ORDER MOMENT DESCRIPTIVE STATISTICS

         Variable/         Mean/     Skewness/   Minimum/ % with                Percentiles
        Sample Size      Variance    Kurtosis    Maximum  Min/Max      20%/60%    40%/80%    Median

     Y1                    1.796       0.929       1.000   37.80%       1.000      2.000      2.000
            1000.000       0.582       1.310       5.000    0.60%       2.000      2.000
     Y2                    1.782       1.022       1.000   38.50%       1.000      2.000      2.000
            1000.000       0.584       1.664       5.000    0.70%       2.000      2.000
     Y3                    3.054       0.001       1.000    1.80%       2.000      3.000      3.000
            1000.000       0.625      -0.070       5.000    2.60%       3.000      4.000
     Y4                    3.069       0.020       1.000    2.20%       2.000      3.000      3.000
            1000.000       0.682      -0.077       5.000    3.60%       3.000      4.000
     Y5                    3.050       0.094       1.000    1.20%       2.000      3.000      3.000
            1000.000       0.624      -0.234       5.000    2.70%       3.000      4.000
     Y6                    1.191       2.946       1.000   83.70%       1.000      1.000      1.000
            1000.000       0.225      10.948       5.000    0.10%       1.000      1.000
     Y7                    1.158       2.595       1.000   85.50%       1.000      1.000      1.000
            1000.000       0.161       6.997       4.000    0.10%       1.000      1.000
     Y8                    1.161       2.429       1.000   85.20%       1.000      1.000      1.000
            1000.000       0.161       5.331       3.000    1.30%       1.000      1.000
     Y9                    1.767       0.961       1.000   41.30%       1.000      1.000      2.000
            1000.000       0.611       1.125       5.000    0.60%       2.000      2.000
     Y10                   1.781       0.928       1.000   40.30%       1.000      1.000      2.000
            1000.000       0.615       0.901       5.000    0.40%       2.000      2.000
     X1                   -0.072      -0.048      -3.262    0.10%      -1.001     -0.314     -0.021
            1000.000       1.094      -0.210       2.782    0.10%       0.236      0.788
     X2                    0.496       0.016       0.000   50.40%       0.000      0.000      0.000
            1000.000       0.250      -2.000       1.000   49.60%       1.000      1.000


THE MODEL ESTIMATION TERMINATED NORMALLY



MODEL FIT INFORMATION

Number of Free Parameters                       34

Loglikelihood

          H0 Value                       -8687.017

Information Criteria

          Akaike (AIC)                   17442.033
          Bayesian (BIC)                 17608.897
          Sample-Size Adjusted BIC       17500.911
            (n* = (n + 2) / 24)



MODEL RESULTS

                                                    Two-Tailed
                    Estimate       S.E.  Est./S.E.    P-Value

 F        BY
    Y1                 0.466      0.024     19.817      0.000
    Y2                 0.477      0.023     20.345      0.000
    Y3                 0.505      0.024     20.929      0.000
    Y4                 0.492      0.026     19.224      0.000
    Y5                 0.486      0.024     20.019      0.000
    Y6                 0.253      0.015     16.837      0.000
    Y7                 0.203      0.013     15.786      0.000
    Y8                 0.197      0.013     15.267      0.000
    Y9               999.000      0.000    999.000    999.000
    Y10                0.493      0.024     20.555      0.000

 Y9       ON
    X1                 0.001      0.019      0.035      0.972
    X2                -0.067      0.040     -1.674      0.094

 Means
    F                  0.000      0.000    999.000    999.000

 Intercepts
    Y1                 1.796      0.024     74.422      0.000
    Y2                 1.782      0.024     73.710      0.000
    Y3                 3.054      0.025    122.152      0.000
    Y4                 3.069      0.026    117.498      0.000
    Y5                 3.050      0.025    122.147      0.000
    Y6                 1.191      0.015     79.485      0.000
    Y7                 1.158      0.013     91.253      0.000
    Y8                 1.161      0.013     91.478      0.000
    Y9                 1.799      0.032     55.593      0.000
    Y10                1.781      0.025     71.815      0.000

 Variances
    F                  1.000      0.000    999.000    999.000

 Residual Variances
    Y1                 0.365      0.018     19.909      0.000
    Y2                 0.357      0.018     19.733      0.000
    Y3                 0.370      0.019     19.529      0.000
    Y4                 0.440      0.022     20.099      0.000
    Y5                 0.387      0.019     19.847      0.000
    Y6                 0.160      0.008     20.702      0.000
    Y7                 0.120      0.006     20.932      0.000
    Y8                 0.122      0.006     21.044      0.000
    Y9                 0.356      0.018     19.435      0.000
    Y10                0.372      0.019     19.667      0.000

New/Additional Parameters
    L9_0               0.530      0.032     16.472      0.000
    L9_1               0.026      0.021      1.246      0.213
    L9_2              -0.055      0.043     -1.269      0.205


QUALITY OF NUMERICAL RESULTS

     Condition Number for the Information Matrix              0.318E-04
       (ratio of smallest to largest eigenvalue)


     Beginning Time:  17:01:31
        Ending Time:  17:01:33
       Elapsed Time:  00:00:02



MUTHEN & MUTHEN
3463 Stoner Ave.
Los Angeles, CA  90066

Tel: (310) 391-9971
Fax: (310) 391-8971
Web: www.StatModel.com
Support: Support@StatModel.com

Copyright (c) 1998-2019 Muthen & Muthen
