Mplus VERSION 8.3
MUTHEN & MUTHEN
04/23/2024   5:52 PM

INPUT INSTRUCTIONS


  TITLE: Test with 10 reps

  DATA:
  File is
  G1_B1_N3_rep459.csv;

  VARIABLE:
      Names are x1 x2 eta
  	y1 y2 y3 y4 y5 y6 y7 y8 y9 y10;
      Usevariables are y1-y10 x1 x2;
      constraint = x1 x2;

  MODEL:
      f BY y1* (l1);
      f BY y2* (l2);
      f BY y3* (l3);
      f BY y4* (l4);
      f BY y5* (l5);
      f BY y6* (l6);
      f BY y7* (l7);
      f BY y8* (l8);
      f BY y9* (l9);
      f BY y10* (l10);

  y2 ON x1 x2;
  f@1;
  [f@0];

  MODEL CONSTRAINT:
      new (l2_0 l2_1 l2_2);
      l2 = l2_0 + l2_1*x1 + l2_2*x2;




INPUT READING TERMINATED NORMALLY



Test with 10 reps

SUMMARY OF ANALYSIS

Number of groups                                                 1
Number of observations                                        1000

Number of dependent variables                                   10
Number of independent variables                                  2
Number of continuous latent variables                            1

Observed dependent variables

  Continuous
   Y1          Y2          Y3          Y4          Y5          Y6
   Y7          Y8          Y9          Y10

Observed independent variables
   X1          X2

Continuous latent variables
   F


Estimator                                                       ML
Information matrix                                        OBSERVED
Maximum number of iterations                                  1000
Convergence criterion                                    0.500D-04
Maximum number of steepest descent iterations                   20

Input data file(s)
  G1_B1_N3_rep459.csv

Input data format  FREE



UNIVARIATE SAMPLE STATISTICS


     UNIVARIATE HIGHER-ORDER MOMENT DESCRIPTIVE STATISTICS

         Variable/         Mean/     Skewness/   Minimum/ % with                Percentiles
        Sample Size      Variance    Kurtosis    Maximum  Min/Max      20%/60%    40%/80%    Median

     Y1                    1.801       0.972       1.000   40.70%       1.000      1.000      2.000
            1000.000       0.669       0.991       5.000    0.70%       2.000      2.000
     Y2                    1.826       1.041       1.000   38.60%       1.000      2.000      2.000
            1000.000       0.686       1.249       5.000    0.80%       2.000      2.000
     Y3                    3.068       0.026       1.000    2.20%       2.000      3.000      3.000
            1000.000       0.697      -0.149       5.000    3.70%       3.000      4.000
     Y4                    3.027       0.001       1.000    2.60%       2.000      3.000      3.000
            1000.000       0.696      -0.158       5.000    3.10%       3.000      4.000
     Y5                    3.084       0.062       1.000    2.00%       2.000      3.000      3.000
            1000.000       0.709      -0.180       5.000    4.20%       3.000      4.000
     Y6                    1.183       3.356       1.000   85.10%       1.000      1.000      1.000
            1000.000       0.240      14.289       5.000    0.20%       1.000      1.000
     Y7                    1.178       2.852       1.000   84.90%       1.000      1.000      1.000
            1000.000       0.208       9.037       4.000    0.40%       1.000      1.000
     Y8                    1.197       2.740       1.000   83.00%       1.000      1.000      1.000
            1000.000       0.224       8.780       4.000    0.60%       1.000      1.000
     Y9                    1.814       0.982       1.000   39.80%       1.000      2.000      2.000
            1000.000       0.675       1.082       5.000    0.80%       2.000      2.000
     Y10                   1.790       0.905       1.000   39.30%       1.000      2.000      2.000
            1000.000       0.606       0.907       5.000    0.40%       2.000      2.000
     X1                   -0.030       0.005      -3.174    0.10%      -0.849     -0.274     -0.026
            1000.000       0.893      -0.021       2.968    0.10%       0.215      0.763
     X2                    0.481       0.076       0.000   51.90%       0.000      0.000      0.000
            1000.000       0.250      -1.994       1.000   48.10%       1.000      1.000


THE MODEL ESTIMATION TERMINATED NORMALLY



MODEL FIT INFORMATION

Number of Free Parameters                       34

Loglikelihood

          H0 Value                       -9155.057

Information Criteria

          Akaike (AIC)                   18378.114
          Bayesian (BIC)                 18544.978
          Sample-Size Adjusted BIC       18436.992
            (n* = (n + 2) / 24)



MODEL RESULTS

                                                    Two-Tailed
                    Estimate       S.E.  Est./S.E.    P-Value

 F        BY
    Y1                 0.546      0.024     22.376      0.000
    Y2               999.000      0.000    999.000    999.000
    Y3                 0.529      0.025     20.971      0.000
    Y4                 0.548      0.025     21.933      0.000
    Y5                 0.570      0.025     22.842      0.000
    Y6                 0.244      0.016     15.719      0.000
    Y7                 0.232      0.014     16.082      0.000
    Y8                 0.262      0.015     17.737      0.000
    Y9                 0.530      0.025     21.446      0.000
    Y10                0.494      0.024     21.004      0.000

 Y2       ON
    X1                 0.057      0.022      2.528      0.011
    X2                -0.009      0.042     -0.210      0.834

 Means
    F                  0.000      0.000    999.000    999.000

 Intercepts
    Y1                 1.801      0.026     69.610      0.000
    Y2                 1.829      0.033     54.734      0.000
    Y3                 3.068      0.026    116.177      0.000
    Y4                 3.027      0.026    114.716      0.000
    Y5                 3.084      0.027    115.827      0.000
    Y6                 1.183      0.015     76.440      0.000
    Y7                 1.178      0.014     81.618      0.000
    Y8                 1.197      0.015     79.944      0.000
    Y9                 1.814      0.026     69.800      0.000
    Y10                1.790      0.025     72.720      0.000

 Variances
    F                  1.000      0.000    999.000    999.000

 Residual Variances
    Y1                 0.372      0.019     19.465      0.000
    Y2                 0.402      0.020     19.845      0.000
    Y3                 0.417      0.021     19.936      0.000
    Y4                 0.396      0.020     19.620      0.000
    Y5                 0.384      0.020     19.301      0.000
    Y6                 0.180      0.009     21.145      0.000
    Y7                 0.154      0.007     21.102      0.000
    Y8                 0.156      0.007     20.753      0.000
    Y9                 0.394      0.020     19.777      0.000
    Y10                0.362      0.018     19.928      0.000

New/Additional Parameters
    L2_0               0.532      0.035     15.042      0.000
    L2_1               0.036      0.024      1.525      0.127
    L2_2              -0.011      0.046     -0.237      0.813


QUALITY OF NUMERICAL RESULTS

     Condition Number for the Information Matrix              0.522E-04
       (ratio of smallest to largest eigenvalue)


     Beginning Time:  17:52:27
        Ending Time:  17:52:29
       Elapsed Time:  00:00:02



MUTHEN & MUTHEN
3463 Stoner Ave.
Los Angeles, CA  90066

Tel: (310) 391-9971
Fax: (310) 391-8971
Web: www.StatModel.com
Support: Support@StatModel.com

Copyright (c) 1998-2019 Muthen & Muthen
