Mplus VERSION 8.3
MUTHEN & MUTHEN
04/23/2024   5:59 PM

INPUT INSTRUCTIONS


  TITLE: Test with 10 reps

  DATA:
  File is
  G1_B1_N3_rep472.csv;

  VARIABLE:
      Names are x1 x2 eta
  	y1 y2 y3 y4 y5 y6 y7 y8 y9 y10;
      Usevariables are y1-y10 x1 x2;
      constraint = x1 x2;

  MODEL:
      f BY y1* (l1);
      f BY y2* (l2);
      f BY y3* (l3);
      f BY y4* (l4);
      f BY y5* (l5);
      f BY y6* (l6);
      f BY y7* (l7);
      f BY y8* (l8);
      f BY y9* (l9);
      f BY y10* (l10);

  y8 ON x1 x2;
  f@1;
  [f@0];

  MODEL CONSTRAINT:
      new (l8_0 l8_1 l8_2);
      l8 = l8_0 + l8_1*x1 + l8_2*x2;




INPUT READING TERMINATED NORMALLY



Test with 10 reps

SUMMARY OF ANALYSIS

Number of groups                                                 1
Number of observations                                        1000

Number of dependent variables                                   10
Number of independent variables                                  2
Number of continuous latent variables                            1

Observed dependent variables

  Continuous
   Y1          Y2          Y3          Y4          Y5          Y6
   Y7          Y8          Y9          Y10

Observed independent variables
   X1          X2

Continuous latent variables
   F


Estimator                                                       ML
Information matrix                                        OBSERVED
Maximum number of iterations                                  1000
Convergence criterion                                    0.500D-04
Maximum number of steepest descent iterations                   20

Input data file(s)
  G1_B1_N3_rep472.csv

Input data format  FREE



UNIVARIATE SAMPLE STATISTICS


     UNIVARIATE HIGHER-ORDER MOMENT DESCRIPTIVE STATISTICS

         Variable/         Mean/     Skewness/   Minimum/ % with                Percentiles
        Sample Size      Variance    Kurtosis    Maximum  Min/Max      20%/60%    40%/80%    Median

     Y1                    1.839       0.824       1.000   37.30%       1.000      2.000      2.000
            1000.000       0.641       0.589       5.000    0.40%       2.000      2.000
     Y2                    1.844       0.946       1.000   35.70%       1.000      2.000      2.000
            1000.000       0.630       1.248       5.000    0.70%       2.000      2.000
     Y3                    3.065      -0.027       1.000    2.00%       2.000      3.000      3.000
            1000.000       0.687      -0.317       5.000    2.90%       3.000      4.000
     Y4                    3.064      -0.066       1.000    2.60%       2.000      3.000      3.000
            1000.000       0.682      -0.069       5.000    3.10%       3.000      4.000
     Y5                    3.057      -0.116       1.000    2.90%       2.000      3.000      3.000
            1000.000       0.672       0.015       5.000    2.80%       3.000      4.000
     Y6                    1.172       2.980       1.000   84.60%       1.000      1.000      1.000
            1000.000       0.188      11.986       5.000    0.10%       1.000      1.000
     Y7                    1.198       3.030       1.000   83.10%       1.000      1.000      1.000
            1000.000       0.235      12.313       5.000    0.20%       1.000      1.000
     Y8                    1.195       2.682       1.000   82.50%       1.000      1.000      1.000
            1000.000       0.207       9.591       5.000    0.10%       1.000      1.000
     Y9                    1.818       0.994       1.000   38.80%       1.000      2.000      2.000
            1000.000       0.659       1.282       5.000    0.90%       2.000      2.000
     Y10                   1.796       0.916       1.000   38.70%       1.000      2.000      2.000
            1000.000       0.608       0.888       5.000    0.30%       2.000      2.000
     X1                   -0.001       0.127      -3.051    0.10%      -0.837     -0.273      0.018
            1000.000       0.996       0.014       3.358    0.10%       0.250      0.823
     X2                    0.531      -0.124       0.000   46.90%       0.000      0.000      1.000
            1000.000       0.249      -1.985       1.000   53.10%       1.000      1.000


THE MODEL ESTIMATION TERMINATED NORMALLY



MODEL FIT INFORMATION

Number of Free Parameters                       34

Loglikelihood

          H0 Value                       -9062.539

Information Criteria

          Akaike (AIC)                   18193.078
          Bayesian (BIC)                 18359.942
          Sample-Size Adjusted BIC       18251.956
            (n* = (n + 2) / 24)



MODEL RESULTS

                                                    Two-Tailed
                    Estimate       S.E.  Est./S.E.    P-Value

 F        BY
    Y1                 0.513      0.024     21.125      0.000
    Y2                 0.496      0.024     20.484      0.000
    Y3                 0.547      0.025     21.929      0.000
    Y4                 0.516      0.025     20.453      0.000
    Y5                 0.518      0.025     20.747      0.000
    Y6                 0.208      0.014     14.878      0.000
    Y7                 0.267      0.015     17.483      0.000
    Y8               999.000      0.000    999.000    999.000
    Y9                 0.522      0.025     21.198      0.000
    Y10                0.470      0.024     19.553      0.000

 Y8       ON
    X1                 0.002      0.013      0.183      0.855
    X2                -0.001      0.026     -0.051      0.959

 Means
    F                  0.000      0.000    999.000    999.000

 Intercepts
    Y1                 1.839      0.025     72.632      0.000
    Y2                 1.844      0.025     73.486      0.000
    Y3                 3.065      0.026    116.956      0.000
    Y4                 3.064      0.026    117.335      0.000
    Y5                 3.057      0.026    117.948      0.000
    Y6                 1.172      0.014     85.382      0.000
    Y7                 1.198      0.015     78.183      0.000
    Y8                 1.192      0.020     60.376      0.000
    Y9                 1.818      0.026     70.826      0.000
    Y10                1.796      0.025     72.814      0.000

 Variances
    F                  1.000      0.000    999.000    999.000

 Residual Variances
    Y1                 0.378      0.019     19.613      0.000
    Y2                 0.383      0.019     19.841      0.000
    Y3                 0.387      0.020     19.306      0.000
    Y4                 0.416      0.021     19.847      0.000
    Y5                 0.403      0.020     19.737      0.000
    Y6                 0.145      0.007     21.172      0.000
    Y7                 0.164      0.008     20.621      0.000
    Y8                 0.156      0.007     21.021      0.000
    Y9                 0.387      0.020     19.590      0.000
    Y10                0.387      0.019     20.119      0.000

New/Additional Parameters
    L8_0               0.210      0.021     10.002      0.000
    L8_1               0.038      0.014      2.725      0.006
    L8_2               0.022      0.028      0.786      0.432


QUALITY OF NUMERICAL RESULTS

     Condition Number for the Information Matrix              0.459E-04
       (ratio of smallest to largest eigenvalue)


     Beginning Time:  17:59:17
        Ending Time:  17:59:19
       Elapsed Time:  00:00:02



MUTHEN & MUTHEN
3463 Stoner Ave.
Los Angeles, CA  90066

Tel: (310) 391-9971
Fax: (310) 391-8971
Web: www.StatModel.com
Support: Support@StatModel.com

Copyright (c) 1998-2019 Muthen & Muthen
