Mplus VERSION 8.3
MUTHEN & MUTHEN
04/23/2024   5:31 PM

INPUT INSTRUCTIONS


  TITLE: Test with 10 reps

  DATA:
  File is
  G1_B1_N3_rep414.csv;

  VARIABLE:
      Names are x1 x2 eta
  	y1 y2 y3 y4 y5 y6 y7 y8 y9 y10;
      Usevariables are y1-y10 x1 x2;
      constraint = x1 x2;

  MODEL:
      f BY y1* (l1);
      f BY y2* (l2);
      f BY y3* (l3);
      f BY y4* (l4);
      f BY y5* (l5);
      f BY y6* (l6);
      f BY y7* (l7);
      f BY y8* (l8);
      f BY y9* (l9);
      f BY y10* (l10);

  y8 ON x1 x2;
  f@1;
  [f@0];

  MODEL CONSTRAINT:
      new (l8_0 l8_1 l8_2);
      l8 = l8_0 + l8_1*x1 + l8_2*x2;




INPUT READING TERMINATED NORMALLY



Test with 10 reps

SUMMARY OF ANALYSIS

Number of groups                                                 1
Number of observations                                        1000

Number of dependent variables                                   10
Number of independent variables                                  2
Number of continuous latent variables                            1

Observed dependent variables

  Continuous
   Y1          Y2          Y3          Y4          Y5          Y6
   Y7          Y8          Y9          Y10

Observed independent variables
   X1          X2

Continuous latent variables
   F


Estimator                                                       ML
Information matrix                                        OBSERVED
Maximum number of iterations                                  1000
Convergence criterion                                    0.500D-04
Maximum number of steepest descent iterations                   20

Input data file(s)
  G1_B1_N3_rep414.csv

Input data format  FREE



UNIVARIATE SAMPLE STATISTICS


     UNIVARIATE HIGHER-ORDER MOMENT DESCRIPTIVE STATISTICS

         Variable/         Mean/     Skewness/   Minimum/ % with                Percentiles
        Sample Size      Variance    Kurtosis    Maximum  Min/Max      20%/60%    40%/80%    Median

     Y1                    1.787       1.076       1.000   39.50%       1.000      2.000      2.000
            1000.000       0.626       1.702       5.000    0.90%       2.000      2.000
     Y2                    1.782       0.895       1.000   40.90%       1.000      1.000      2.000
            1000.000       0.622       0.803       5.000    0.50%       2.000      2.000
     Y3                    3.040      -0.033       1.000    1.80%       2.000      3.000      3.000
            1000.000       0.614      -0.137       5.000    2.10%       3.000      4.000
     Y4                    3.028       0.068       1.000    2.60%       2.000      3.000      3.000
            1000.000       0.707      -0.065       5.000    3.80%       3.000      4.000
     Y5                    3.010      -0.019       1.000    2.70%       2.000      3.000      3.000
            1000.000       0.688      -0.177       5.000    2.70%       3.000      4.000
     Y6                    1.171       3.139       1.000   85.30%       1.000      1.000      1.000
            1000.000       0.202      12.628       5.000    0.10%       1.000      1.000
     Y7                    1.170       3.501       1.000   85.60%       1.000      1.000      1.000
            1000.000       0.213      16.423       5.000    0.20%       1.000      1.000
     Y8                    1.191       2.759       1.000   83.70%       1.000      1.000      1.000
            1000.000       0.221       8.622       4.000    0.50%       1.000      1.000
     Y9                    1.770       0.983       1.000   40.60%       1.000      1.000      2.000
            1000.000       0.607       1.179       5.000    0.50%       2.000      2.000
     Y10                   1.799       0.957       1.000   39.30%       1.000      2.000      2.000
            1000.000       0.635       0.954       5.000    0.40%       2.000      2.000
     X1                   -0.020      -0.070      -3.004    0.10%      -0.877     -0.280     -0.008
            1000.000       1.002      -0.226       2.820    0.10%       0.262      0.891
     X2                    0.480       0.080       0.000   52.00%       0.000      0.000      0.000
            1000.000       0.250      -1.994       1.000   48.00%       1.000      1.000


THE MODEL ESTIMATION TERMINATED NORMALLY



MODEL FIT INFORMATION

Number of Free Parameters                       34

Loglikelihood

          H0 Value                       -8991.301

Information Criteria

          Akaike (AIC)                   18050.601
          Bayesian (BIC)                 18217.465
          Sample-Size Adjusted BIC       18109.479
            (n* = (n + 2) / 24)



MODEL RESULTS

                                                    Two-Tailed
                    Estimate       S.E.  Est./S.E.    P-Value

 F        BY
    Y1                 0.461      0.025     18.807      0.000
    Y2                 0.499      0.024     20.762      0.000
    Y3                 0.485      0.024     20.203      0.000
    Y4                 0.553      0.025     21.810      0.000
    Y5                 0.518      0.025     20.459      0.000
    Y6                 0.228      0.014     15.936      0.000
    Y7                 0.248      0.015     17.005      0.000
    Y8               999.000      0.000    999.000    999.000
    Y9                 0.487      0.024     20.448      0.000
    Y10                0.523      0.024     21.806      0.000

 Y8       ON
    X1                -0.010      0.013     -0.795      0.426
    X2                 0.030      0.026      1.160      0.246

 Means
    F                  0.000      0.000    999.000    999.000

 Intercepts
    Y1                 1.787      0.025     71.444      0.000
    Y2                 1.782      0.025     71.424      0.000
    Y3                 3.040      0.025    122.644      0.000
    Y4                 3.028      0.027    113.862      0.000
    Y5                 3.010      0.026    114.764      0.000
    Y6                 1.171      0.014     82.440      0.000
    Y7                 1.170      0.015     80.148      0.000
    Y8                 1.173      0.019     61.608      0.000
    Y9                 1.770      0.025     71.836      0.000
    Y10                1.799      0.025     71.414      0.000

 Variances
    F                  1.000      0.000    999.000    999.000

 Residual Variances
    Y1                 0.413      0.020     20.364      0.000
    Y2                 0.374      0.019     19.752      0.000
    Y3                 0.379      0.019     19.939      0.000
    Y4                 0.402      0.021     19.376      0.000
    Y5                 0.420      0.021     19.870      0.000
    Y6                 0.150      0.007     20.994      0.000
    Y7                 0.152      0.007     20.747      0.000
    Y8                 0.150      0.007     20.395      0.000
    Y9                 0.370      0.019     19.865      0.000
    Y10                0.361      0.019     19.409      0.000

New/Additional Parameters
    L8_0               0.238      0.019     12.301      0.000
    L8_1               0.011      0.014      0.762      0.446
    L8_2               0.054      0.028      1.914      0.056


QUALITY OF NUMERICAL RESULTS

     Condition Number for the Information Matrix              0.493E-04
       (ratio of smallest to largest eigenvalue)


     Beginning Time:  17:31:04
        Ending Time:  17:31:07
       Elapsed Time:  00:00:03



MUTHEN & MUTHEN
3463 Stoner Ave.
Los Angeles, CA  90066

Tel: (310) 391-9971
Fax: (310) 391-8971
Web: www.StatModel.com
Support: Support@StatModel.com

Copyright (c) 1998-2019 Muthen & Muthen
