Mplus VERSION 8.3
MUTHEN & MUTHEN
04/23/2024   5:55 PM

INPUT INSTRUCTIONS


  TITLE: Test with 10 reps

  DATA:
  File is
  G1_B1_N3_rep464.csv;

  VARIABLE:
      Names are x1 x2 eta
  	y1 y2 y3 y4 y5 y6 y7 y8 y9 y10;
      Usevariables are y1-y10 x1 x2;
      constraint = x1 x2;

  MODEL:
      f BY y1* (l1);
      f BY y2* (l2);
      f BY y3* (l3);
      f BY y4* (l4);
      f BY y5* (l5);
      f BY y6* (l6);
      f BY y7* (l7);
      f BY y8* (l8);
      f BY y9* (l9);
      f BY y10* (l10);

  y10 ON x1 x2;
  f@1;
  [f@0];

  MODEL CONSTRAINT:
      new (l10_0 l10_1 l10_2);
      l10 = l10_0 + l10_1*x1 + l10_2*x2;




INPUT READING TERMINATED NORMALLY



Test with 10 reps

SUMMARY OF ANALYSIS

Number of groups                                                 1
Number of observations                                        1000

Number of dependent variables                                   10
Number of independent variables                                  2
Number of continuous latent variables                            1

Observed dependent variables

  Continuous
   Y1          Y2          Y3          Y4          Y5          Y6
   Y7          Y8          Y9          Y10

Observed independent variables
   X1          X2

Continuous latent variables
   F


Estimator                                                       ML
Information matrix                                        OBSERVED
Maximum number of iterations                                  1000
Convergence criterion                                    0.500D-04
Maximum number of steepest descent iterations                   20

Input data file(s)
  G1_B1_N3_rep464.csv

Input data format  FREE



UNIVARIATE SAMPLE STATISTICS


     UNIVARIATE HIGHER-ORDER MOMENT DESCRIPTIVE STATISTICS

         Variable/         Mean/     Skewness/   Minimum/ % with                Percentiles
        Sample Size      Variance    Kurtosis    Maximum  Min/Max      20%/60%    40%/80%    Median

     Y1                    1.778       0.889       1.000   40.50%       1.000      1.000      2.000
            1000.000       0.609       0.721       5.000    0.30%       2.000      2.000
     Y2                    1.784       0.938       1.000   39.30%       1.000      2.000      2.000
            1000.000       0.597       1.128       5.000    0.50%       2.000      2.000
     Y3                    3.043      -0.101       1.000    2.70%       2.000      3.000      3.000
            1000.000       0.689      -0.226       5.000    2.50%       3.000      4.000
     Y4                    3.027      -0.061       1.000    2.50%       2.000      3.000      3.000
            1000.000       0.672      -0.208       5.000    2.40%       3.000      4.000
     Y5                    3.015      -0.016       1.000    2.10%       2.000      3.000      3.000
            1000.000       0.655      -0.270       5.000    2.20%       3.000      4.000
     Y6                    1.142       3.308       1.000   87.50%       1.000      1.000      1.000
            1000.000       0.164      13.213       4.000    0.40%       1.000      1.000
     Y7                    1.185       3.326       1.000   84.50%       1.000      1.000      1.000
            1000.000       0.233      14.526       5.000    0.20%       1.000      1.000
     Y8                    1.201       2.998       1.000   83.00%       1.000      1.000      1.000
            1000.000       0.241      11.867       5.000    0.20%       1.000      1.000
     Y9                    1.769       0.911       1.000   40.30%       1.000      1.000      2.000
            1000.000       0.588       0.966       5.000    0.40%       2.000      2.000
     Y10                   1.782       0.877       1.000   40.60%       1.000      1.000      2.000
            1000.000       0.614       0.720       5.000    0.40%       2.000      2.000
     X1                   -0.018      -0.024      -3.056    0.10%      -0.863     -0.246     -0.013
            1000.000       1.049       0.032       3.089    0.10%       0.247      0.797
     X2                    0.511      -0.044       0.000   48.90%       0.000      0.000      1.000
            1000.000       0.250      -1.998       1.000   51.10%       1.000      1.000


THE MODEL ESTIMATION TERMINATED NORMALLY



MODEL FIT INFORMATION

Number of Free Parameters                       34

Loglikelihood

          H0 Value                       -8903.457

Information Criteria

          Akaike (AIC)                   17874.914
          Bayesian (BIC)                 18041.778
          Sample-Size Adjusted BIC       17933.792
            (n* = (n + 2) / 24)



MODEL RESULTS

                                                    Two-Tailed
                    Estimate       S.E.  Est./S.E.    P-Value

 F        BY
    Y1                 0.506      0.024     21.457      0.000
    Y2                 0.478      0.024     20.239      0.000
    Y3                 0.514      0.025     20.243      0.000
    Y4                 0.532      0.025     21.519      0.000
    Y5                 0.505      0.025     20.459      0.000
    Y6                 0.192      0.013     14.800      0.000
    Y7                 0.259      0.015     17.023      0.000
    Y8                 0.252      0.016     16.153      0.000
    Y9                 0.496      0.023     21.403      0.000
    Y10              999.000      0.000    999.000    999.000

 Y10      ON
    X1                 0.023      0.019      1.206      0.228
    X2                -0.062      0.039     -1.566      0.117

 Means
    F                  0.000      0.000    999.000    999.000

 Intercepts
    Y1                 1.778      0.025     72.065      0.000
    Y2                 1.784      0.024     72.993      0.000
    Y3                 3.043      0.026    115.917      0.000
    Y4                 3.027      0.026    116.746      0.000
    Y5                 3.015      0.026    117.826      0.000
    Y6                 1.142      0.013     89.220      0.000
    Y7                 1.185      0.015     77.670      0.000
    Y8                 1.201      0.016     77.428      0.000
    Y9                 1.769      0.024     72.975      0.000
    Y10                1.817      0.032     56.181      0.000

 Variances
    F                  1.000      0.000    999.000    999.000

 Residual Variances
    Y1                 0.353      0.018     19.579      0.000
    Y2                 0.369      0.018     19.984      0.000
    Y3                 0.425      0.021     19.978      0.000
    Y4                 0.389      0.020     19.562      0.000
    Y5                 0.400      0.020     19.914      0.000
    Y6                 0.127      0.006     21.243      0.000
    Y7                 0.166      0.008     20.791      0.000
    Y8                 0.177      0.008     20.982      0.000
    Y9                 0.342      0.017     19.619      0.000
    Y10                0.337      0.018     19.189      0.000

New/Additional Parameters
    L10_0              0.545      0.034     16.205      0.000
    L10_1             -0.017      0.019     -0.899      0.369
    L10_2             -0.033      0.042     -0.787      0.432


QUALITY OF NUMERICAL RESULTS

     Condition Number for the Information Matrix              0.349E-04
       (ratio of smallest to largest eigenvalue)


     Beginning Time:  17:55:01
        Ending Time:  17:55:03
       Elapsed Time:  00:00:02



MUTHEN & MUTHEN
3463 Stoner Ave.
Los Angeles, CA  90066

Tel: (310) 391-9971
Fax: (310) 391-8971
Web: www.StatModel.com
Support: Support@StatModel.com

Copyright (c) 1998-2019 Muthen & Muthen
