Mplus VERSION 8.3
MUTHEN & MUTHEN
04/23/2024   5:36 PM

INPUT INSTRUCTIONS


  TITLE: Test with 10 reps

  DATA:
  File is
  G1_B1_N3_rep425.csv;

  VARIABLE:
      Names are x1 x2 eta
  	y1 y2 y3 y4 y5 y6 y7 y8 y9 y10;
      Usevariables are y1-y10 x1 x2;
      constraint = x1 x2;

  MODEL:
      f BY y1* (l1);
      f BY y2* (l2);
      f BY y3* (l3);
      f BY y4* (l4);
      f BY y5* (l5);
      f BY y6* (l6);
      f BY y7* (l7);
      f BY y8* (l8);
      f BY y9* (l9);
      f BY y10* (l10);

  y4 ON x1 x2;
  f@1;
  [f@0];

  MODEL CONSTRAINT:
      new (l4_0 l4_1 l4_2);
      l4 = l4_0 + l4_1*x1 + l4_2*x2;




INPUT READING TERMINATED NORMALLY



Test with 10 reps

SUMMARY OF ANALYSIS

Number of groups                                                 1
Number of observations                                        1000

Number of dependent variables                                   10
Number of independent variables                                  2
Number of continuous latent variables                            1

Observed dependent variables

  Continuous
   Y1          Y2          Y3          Y4          Y5          Y6
   Y7          Y8          Y9          Y10

Observed independent variables
   X1          X2

Continuous latent variables
   F


Estimator                                                       ML
Information matrix                                        OBSERVED
Maximum number of iterations                                  1000
Convergence criterion                                    0.500D-04
Maximum number of steepest descent iterations                   20

Input data file(s)
  G1_B1_N3_rep425.csv

Input data format  FREE



UNIVARIATE SAMPLE STATISTICS


     UNIVARIATE HIGHER-ORDER MOMENT DESCRIPTIVE STATISTICS

         Variable/         Mean/     Skewness/   Minimum/ % with                Percentiles
        Sample Size      Variance    Kurtosis    Maximum  Min/Max      20%/60%    40%/80%    Median

     Y1                    1.830       0.988       1.000   35.70%       1.000      2.000      2.000
            1000.000       0.609       1.493       5.000    0.70%       2.000      2.000
     Y2                    1.857       0.887       1.000   35.60%       1.000      2.000      2.000
            1000.000       0.647       0.873       5.000    0.50%       2.000      2.000
     Y3                    3.069      -0.051       1.000    2.30%       2.000      3.000      3.000
            1000.000       0.710      -0.322       5.000    3.10%       3.000      4.000
     Y4                    3.106      -0.092       1.000    1.90%       2.000      3.000      3.000
            1000.000       0.651      -0.161       5.000    2.80%       3.000      4.000
     Y5                    3.073      -0.092       1.000    2.20%       2.000      3.000      3.000
            1000.000       0.676      -0.261       5.000    2.60%       3.000      4.000
     Y6                    1.176       2.509       1.000   83.90%       1.000      1.000      1.000
            1000.000       0.179       6.922       4.000    0.20%       1.000      1.000
     Y7                    1.195       3.111       1.000   82.90%       1.000      1.000      1.000
            1000.000       0.225      13.582       5.000    0.20%       1.000      1.000
     Y8                    1.188       3.223       1.000   84.00%       1.000      1.000      1.000
            1000.000       0.229      13.932       5.000    0.20%       1.000      1.000
     Y9                    1.805       0.867       1.000   36.30%       1.000      2.000      2.000
            1000.000       0.557       1.228       5.000    0.50%       2.000      2.000
     Y10                   1.832       1.041       1.000   36.70%       1.000      2.000      2.000
            1000.000       0.646       1.553       5.000    0.90%       2.000      2.000
     X1                    0.010      -0.044      -3.277    0.10%      -0.842     -0.236      0.048
            1000.000       0.970      -0.014       3.183    0.10%       0.307      0.849
     X2                    0.507      -0.028       0.000   49.30%       0.000      0.000      1.000
            1000.000       0.250      -1.999       1.000   50.70%       1.000      1.000


THE MODEL ESTIMATION TERMINATED NORMALLY



MODEL FIT INFORMATION

Number of Free Parameters                       34

Loglikelihood

          H0 Value                       -8977.099

Information Criteria

          Akaike (AIC)                   18022.198
          Bayesian (BIC)                 18189.062
          Sample-Size Adjusted BIC       18081.076
            (n* = (n + 2) / 24)



MODEL RESULTS

                                                    Two-Tailed
                    Estimate       S.E.  Est./S.E.    P-Value

 F        BY
    Y1                 0.505      0.024     21.380      0.000
    Y2                 0.512      0.024     20.973      0.000
    Y3                 0.554      0.025     21.807      0.000
    Y4               999.000      0.000    999.000    999.000
    Y5                 0.519      0.025     20.720      0.000
    Y6                 0.212      0.014     15.698      0.000
    Y7                 0.246      0.015     16.316      0.000
    Y8                 0.243      0.015     15.909      0.000
    Y9                 0.455      0.023     19.835      0.000
    Y10                0.522      0.024     21.478      0.000

 Y4       ON
    X1                 0.012      0.021      0.561      0.575
    X2                -0.004      0.042     -0.095      0.925

 Means
    F                  0.000      0.000    999.000    999.000

 Intercepts
    Y1                 1.830      0.025     74.149      0.000
    Y2                 1.857      0.025     73.032      0.000
    Y3                 3.069      0.027    115.158      0.000
    Y4                 3.108      0.033     93.185      0.000
    Y5                 3.073      0.026    118.221      0.000
    Y6                 1.176      0.013     87.892      0.000
    Y7                 1.195      0.015     79.671      0.000
    Y8                 1.188      0.015     78.564      0.000
    Y9                 1.805      0.024     76.482      0.000
    Y10                1.832      0.025     72.092      0.000

 Variances
    F                  1.000      0.000    999.000    999.000

 Residual Variances
    Y1                 0.354      0.018     19.563      0.000
    Y2                 0.384      0.019     19.712      0.000
    Y3                 0.404      0.021     19.389      0.000
    Y4                 0.397      0.020     19.876      0.000
    Y5                 0.407      0.021     19.784      0.000
    Y6                 0.134      0.006     21.049      0.000
    Y7                 0.165      0.008     20.900      0.000
    Y8                 0.170      0.008     20.967      0.000
    Y9                 0.350      0.017     20.062      0.000
    Y10                0.374      0.019     19.527      0.000

New/Additional Parameters
    L4_0               0.507      0.033     15.450      0.000
    L4_1               0.001      0.023      0.041      0.968
    L4_2              -0.008      0.045     -0.178      0.858


QUALITY OF NUMERICAL RESULTS

     Condition Number for the Information Matrix              0.395E-04
       (ratio of smallest to largest eigenvalue)


     Beginning Time:  17:36:15
        Ending Time:  17:36:17
       Elapsed Time:  00:00:02



MUTHEN & MUTHEN
3463 Stoner Ave.
Los Angeles, CA  90066

Tel: (310) 391-9971
Fax: (310) 391-8971
Web: www.StatModel.com
Support: Support@StatModel.com

Copyright (c) 1998-2019 Muthen & Muthen
