Mplus VERSION 8.3
MUTHEN & MUTHEN
04/23/2024   5:42 PM

INPUT INSTRUCTIONS


  TITLE: Test with 10 reps

  DATA:
  File is
  G1_B1_N3_rep439.csv;

  VARIABLE:
      Names are x1 x2 eta
  	y1 y2 y3 y4 y5 y6 y7 y8 y9 y10;
      Usevariables are y1-y10 x1 x2;
      constraint = x1 x2;

  MODEL:
      f BY y1* (l1);
      f BY y2* (l2);
      f BY y3* (l3);
      f BY y4* (l4);
      f BY y5* (l5);
      f BY y6* (l6);
      f BY y7* (l7);
      f BY y8* (l8);
      f BY y9* (l9);
      f BY y10* (l10);

  y7 ON x1 x2;
  f@1;
  [f@0];

  MODEL CONSTRAINT:
      new (l7_0 l7_1 l7_2);
      l7 = l7_0 + l7_1*x1 + l7_2*x2;




INPUT READING TERMINATED NORMALLY



Test with 10 reps

SUMMARY OF ANALYSIS

Number of groups                                                 1
Number of observations                                        1000

Number of dependent variables                                   10
Number of independent variables                                  2
Number of continuous latent variables                            1

Observed dependent variables

  Continuous
   Y1          Y2          Y3          Y4          Y5          Y6
   Y7          Y8          Y9          Y10

Observed independent variables
   X1          X2

Continuous latent variables
   F


Estimator                                                       ML
Information matrix                                        OBSERVED
Maximum number of iterations                                  1000
Convergence criterion                                    0.500D-04
Maximum number of steepest descent iterations                   20

Input data file(s)
  G1_B1_N3_rep439.csv

Input data format  FREE



UNIVARIATE SAMPLE STATISTICS


     UNIVARIATE HIGHER-ORDER MOMENT DESCRIPTIVE STATISTICS

         Variable/         Mean/     Skewness/   Minimum/ % with                Percentiles
        Sample Size      Variance    Kurtosis    Maximum  Min/Max      20%/60%    40%/80%    Median

     Y1                    1.805       0.664       1.000   35.60%       1.000      2.000      2.000
            1000.000       0.517       0.607       5.000    0.30%       2.000      2.000
     Y2                    1.794       0.882       1.000   38.40%       1.000      2.000      2.000
            1000.000       0.594       0.780       5.000    0.20%       2.000      2.000
     Y3                    3.022      -0.003       1.000    2.00%       2.000      3.000      3.000
            1000.000       0.632      -0.126       5.000    2.30%       3.000      4.000
     Y4                    3.038      -0.174       1.000    2.10%       2.000      3.000      3.000
            1000.000       0.573       0.015       5.000    1.30%       3.000      4.000
     Y5                    3.048      -0.073       1.000    2.10%       2.000      3.000      3.000
            1000.000       0.628      -0.096       5.000    2.20%       3.000      4.000
     Y6                    1.155       2.609       1.000   85.70%       1.000      1.000      1.000
            1000.000       0.157       7.112       4.000    0.10%       1.000      1.000
     Y7                    1.172       2.848       1.000   84.80%       1.000      1.000      1.000
            1000.000       0.190       9.535       4.000    0.40%       1.000      1.000
     Y8                    1.165       3.099       1.000   86.00%       1.000      1.000      1.000
            1000.000       0.198      11.113       4.000    0.50%       1.000      1.000
     Y9                    1.800       0.786       1.000   36.30%       1.000      2.000      2.000
            1000.000       0.540       0.877       5.000    0.30%       2.000      2.000
     Y10                   1.774       0.900       1.000   40.00%       1.000      1.000      2.000
            1000.000       0.589       0.935       5.000    0.40%       2.000      2.000
     X1                    0.024       0.035      -3.294    0.10%      -0.773     -0.189      0.016
            1000.000       0.910       0.153       2.988    0.10%       0.255      0.807
     X2                    0.522      -0.088       0.000   47.80%       0.000      0.000      1.000
            1000.000       0.250      -1.992       1.000   52.20%       1.000      1.000


THE MODEL ESTIMATION TERMINATED NORMALLY



MODEL FIT INFORMATION

Number of Free Parameters                       34

Loglikelihood

          H0 Value                       -8462.017

Information Criteria

          Akaike (AIC)                   16992.033
          Bayesian (BIC)                 17158.897
          Sample-Size Adjusted BIC       17050.911
            (n* = (n + 2) / 24)



MODEL RESULTS

                                                    Two-Tailed
                    Estimate       S.E.  Est./S.E.    P-Value

 F        BY
    Y1                 0.445      0.022     20.150      0.000
    Y2                 0.474      0.024     20.006      0.000
    Y3                 0.491      0.024     20.107      0.000
    Y4                 0.462      0.023     19.789      0.000
    Y5                 0.516      0.024     21.473      0.000
    Y6                 0.189      0.013     14.825      0.000
    Y7               999.000      0.000    999.000    999.000
    Y8                 0.234      0.014     16.570      0.000
    Y9                 0.447      0.023     19.696      0.000
    Y10                0.497      0.023     21.349      0.000

 Y7       ON
    X1                -0.009      0.013     -0.748      0.455
    X2                 0.018      0.024      0.760      0.447

 Means
    F                  0.000      0.000    999.000    999.000

 Intercepts
    Y1                 1.805      0.023     79.386      0.000
    Y2                 1.794      0.024     73.636      0.000
    Y3                 3.022      0.025    120.255      0.000
    Y4                 3.038      0.024    126.963      0.000
    Y5                 3.048      0.025    121.658      0.000
    Y6                 1.155      0.013     92.186      0.000
    Y7                 1.157      0.018     64.924      0.000
    Y8                 1.165      0.014     82.840      0.000
    Y9                 1.800      0.023     77.460      0.000
    Y10                1.774      0.024     73.101      0.000

 Variances
    F                  1.000      0.000    999.000    999.000

 Residual Variances
    Y1                 0.319      0.016     19.822      0.000
    Y2                 0.369      0.019     19.881      0.000
    Y3                 0.390      0.020     19.825      0.000
    Y4                 0.359      0.018     19.941      0.000
    Y5                 0.362      0.019     19.340      0.000
    Y6                 0.121      0.006     21.149      0.000
    Y7                 0.134      0.007     20.582      0.000
    Y8                 0.143      0.007     20.800      0.000
    Y9                 0.341      0.017     19.971      0.000
    Y10                0.342      0.018     19.418      0.000

New/Additional Parameters
    L7_0               0.167      0.020      8.493      0.000
    L7_1               0.022      0.014      1.588      0.112
    L7_2               0.106      0.026      4.050      0.000


QUALITY OF NUMERICAL RESULTS

     Condition Number for the Information Matrix              0.320E-04
       (ratio of smallest to largest eigenvalue)


     Beginning Time:  17:42:54
        Ending Time:  17:42:57
       Elapsed Time:  00:00:03



MUTHEN & MUTHEN
3463 Stoner Ave.
Los Angeles, CA  90066

Tel: (310) 391-9971
Fax: (310) 391-8971
Web: www.StatModel.com
Support: Support@StatModel.com

Copyright (c) 1998-2019 Muthen & Muthen
