Mplus VERSION 8.3
MUTHEN & MUTHEN
04/23/2024   5:51 PM

INPUT INSTRUCTIONS


  TITLE: Test with 10 reps

  DATA:
  File is
  G1_B1_N3_rep456.csv;

  VARIABLE:
      Names are x1 x2 eta
  	y1 y2 y3 y4 y5 y6 y7 y8 y9 y10;
      Usevariables are y1-y10 x1 x2;
      constraint = x1 x2;

  MODEL:
      f BY y1* (l1);
      f BY y2* (l2);
      f BY y3* (l3);
      f BY y4* (l4);
      f BY y5* (l5);
      f BY y6* (l6);
      f BY y7* (l7);
      f BY y8* (l8);
      f BY y9* (l9);
      f BY y10* (l10);

  y3 ON x1 x2;
  f@1;
  [f@0];

  MODEL CONSTRAINT:
      new (l3_0 l3_1 l3_2);
      l3 = l3_0 + l3_1*x1 + l3_2*x2;




INPUT READING TERMINATED NORMALLY



Test with 10 reps

SUMMARY OF ANALYSIS

Number of groups                                                 1
Number of observations                                        1000

Number of dependent variables                                   10
Number of independent variables                                  2
Number of continuous latent variables                            1

Observed dependent variables

  Continuous
   Y1          Y2          Y3          Y4          Y5          Y6
   Y7          Y8          Y9          Y10

Observed independent variables
   X1          X2

Continuous latent variables
   F


Estimator                                                       ML
Information matrix                                        OBSERVED
Maximum number of iterations                                  1000
Convergence criterion                                    0.500D-04
Maximum number of steepest descent iterations                   20

Input data file(s)
  G1_B1_N3_rep456.csv

Input data format  FREE



UNIVARIATE SAMPLE STATISTICS


     UNIVARIATE HIGHER-ORDER MOMENT DESCRIPTIVE STATISTICS

         Variable/         Mean/     Skewness/   Minimum/ % with                Percentiles
        Sample Size      Variance    Kurtosis    Maximum  Min/Max      20%/60%    40%/80%    Median

     Y1                    1.821       0.750       1.000   36.40%       1.000      2.000      2.000
            1000.000       0.577       0.498       5.000    0.20%       2.000      2.000
     Y2                    1.763       0.916       1.000   40.50%       1.000      1.000      2.000
            1000.000       0.581       1.003       5.000    0.40%       2.000      2.000
     Y3                    3.064       0.077       1.000    1.30%       2.000      3.000      3.000
            1000.000       0.652      -0.304       5.000    3.00%       3.000      4.000
     Y4                    3.070       0.017       1.000    1.50%       2.000      3.000      3.000
            1000.000       0.633      -0.203       5.000    2.70%       3.000      4.000
     Y5                    3.074      -0.057       1.000    1.70%       2.000      3.000      3.000
            1000.000       0.619      -0.146       5.000    2.30%       3.000      4.000
     Y6                    1.169       3.284       1.000   85.10%       1.000      1.000      1.000
            1000.000       0.194      15.370       5.000    0.20%       1.000      1.000
     Y7                    1.162       2.681       1.000   85.20%       1.000      1.000      1.000
            1000.000       0.168       8.070       4.000    0.20%       1.000      1.000
     Y8                    1.164       3.108       1.000   85.40%       1.000      1.000      1.000
            1000.000       0.183      12.987       5.000    0.10%       1.000      1.000
     Y9                    1.812       0.888       1.000   37.50%       1.000      2.000      2.000
            1000.000       0.605       0.929       5.000    0.40%       2.000      2.000
     Y10                   1.799       0.906       1.000   38.90%       1.000      2.000      2.000
            1000.000       0.613       0.966       5.000    0.50%       2.000      2.000
     X1                    0.037       0.187      -2.996    0.10%      -0.791     -0.228      0.011
            1000.000       0.985       0.252       3.529    0.10%       0.249      0.852
     X2                    0.518      -0.072       0.000   48.20%       0.000      0.000      1.000
            1000.000       0.250      -1.995       1.000   51.80%       1.000      1.000


THE MODEL ESTIMATION TERMINATED NORMALLY



MODEL FIT INFORMATION

Number of Free Parameters                       34

Loglikelihood

          H0 Value                       -8579.078

Information Criteria

          Akaike (AIC)                   17226.156
          Bayesian (BIC)                 17393.020
          Sample-Size Adjusted BIC       17285.034
            (n* = (n + 2) / 24)



MODEL RESULTS

                                                    Two-Tailed
                    Estimate       S.E.  Est./S.E.    P-Value

 F        BY
    Y1                 0.470      0.023     20.233      0.000
    Y2                 0.490      0.023     21.230      0.000
    Y3               999.000      0.000    999.000    999.000
    Y4                 0.501      0.024     20.683      0.000
    Y5                 0.520      0.024     22.001      0.000
    Y6                 0.222      0.014     15.802      0.000
    Y7                 0.206      0.013     15.779      0.000
    Y8                 0.216      0.014     15.851      0.000
    Y9                 0.496      0.024     21.007      0.000
    Y10                0.501      0.024     21.098      0.000

 Y3       ON
    X1                 0.077      0.021      3.713      0.000
    X2                -0.008      0.041     -0.182      0.855

 Means
    F                  0.000      0.000    999.000    999.000

 Intercepts
    Y1                 1.821      0.024     75.812      0.000
    Y2                 1.763      0.024     73.152      0.000
    Y3                 3.069      0.034     89.736      0.000
    Y4                 3.070      0.025    122.012      0.000
    Y5                 3.074      0.025    123.602      0.000
    Y6                 1.169      0.014     83.834      0.000
    Y7                 1.162      0.013     89.715      0.000
    Y8                 1.164      0.014     86.021      0.000
    Y9                 1.812      0.025     73.689      0.000
    Y10                1.799      0.025     72.685      0.000

 Variances
    F                  1.000      0.000    999.000    999.000

 Residual Variances
    Y1                 0.356      0.018     19.961      0.000
    Y2                 0.341      0.017     19.621      0.000
    Y3                 0.375      0.019     19.620      0.000
    Y4                 0.382      0.019     19.807      0.000
    Y5                 0.348      0.018     19.359      0.000
    Y6                 0.145      0.007     21.036      0.000
    Y7                 0.125      0.006     21.040      0.000
    Y8                 0.136      0.006     21.020      0.000
    Y9                 0.359      0.018     19.716      0.000
    Y10                0.362      0.018     19.681      0.000

New/Additional Parameters
    L3_0               0.566      0.035     16.229      0.000
    L3_1               0.007      0.023      0.284      0.776
    L3_2              -0.099      0.044     -2.223      0.026


QUALITY OF NUMERICAL RESULTS

     Condition Number for the Information Matrix              0.346E-04
       (ratio of smallest to largest eigenvalue)


     Beginning Time:  17:51:08
        Ending Time:  17:51:11
       Elapsed Time:  00:00:03



MUTHEN & MUTHEN
3463 Stoner Ave.
Los Angeles, CA  90066

Tel: (310) 391-9971
Fax: (310) 391-8971
Web: www.StatModel.com
Support: Support@StatModel.com

Copyright (c) 1998-2019 Muthen & Muthen
