Mplus VERSION 8.3
MUTHEN & MUTHEN
04/23/2024   6:01 PM

INPUT INSTRUCTIONS


  TITLE: Test with 10 reps

  DATA:
  File is
  G1_B1_N3_rep477.csv;

  VARIABLE:
      Names are x1 x2 eta
  	y1 y2 y3 y4 y5 y6 y7 y8 y9 y10;
      Usevariables are y1-y10 x1 x2;
      constraint = x1 x2;

  MODEL:
      f BY y1* (l1);
      f BY y2* (l2);
      f BY y3* (l3);
      f BY y4* (l4);
      f BY y5* (l5);
      f BY y6* (l6);
      f BY y7* (l7);
      f BY y8* (l8);
      f BY y9* (l9);
      f BY y10* (l10);

  y10 ON x1 x2;
  f@1;
  [f@0];

  MODEL CONSTRAINT:
      new (l10_0 l10_1 l10_2);
      l10 = l10_0 + l10_1*x1 + l10_2*x2;




INPUT READING TERMINATED NORMALLY



Test with 10 reps

SUMMARY OF ANALYSIS

Number of groups                                                 1
Number of observations                                        1000

Number of dependent variables                                   10
Number of independent variables                                  2
Number of continuous latent variables                            1

Observed dependent variables

  Continuous
   Y1          Y2          Y3          Y4          Y5          Y6
   Y7          Y8          Y9          Y10

Observed independent variables
   X1          X2

Continuous latent variables
   F


Estimator                                                       ML
Information matrix                                        OBSERVED
Maximum number of iterations                                  1000
Convergence criterion                                    0.500D-04
Maximum number of steepest descent iterations                   20

Input data file(s)
  G1_B1_N3_rep477.csv

Input data format  FREE



UNIVARIATE SAMPLE STATISTICS


     UNIVARIATE HIGHER-ORDER MOMENT DESCRIPTIVE STATISTICS

         Variable/         Mean/     Skewness/   Minimum/ % with                Percentiles
        Sample Size      Variance    Kurtosis    Maximum  Min/Max      20%/60%    40%/80%    Median

     Y1                    1.840       0.756       1.000   35.00%       1.000      2.000      2.000
            1000.000       0.576       0.734       5.000    0.40%       2.000      2.000
     Y2                    1.833       0.950       1.000   38.60%       1.000      2.000      2.000
            1000.000       0.679       1.007       5.000    0.80%       2.000      2.000
     Y3                    3.068      -0.049       1.000    1.80%       2.000      3.000      3.000
            1000.000       0.627      -0.141       5.000    2.40%       3.000      4.000
     Y4                    3.122       0.073       1.000    1.40%       2.000      3.000      3.000
            1000.000       0.663      -0.136       5.000    4.10%       3.000      4.000
     Y5                    3.072       0.013       1.000    1.90%       2.000      3.000      3.000
            1000.000       0.687      -0.260       5.000    3.30%       3.000      4.000
     Y6                    1.212       2.327       1.000   81.20%       1.000      1.000      1.000
            1000.000       0.221       5.825       4.000    0.30%       1.000      1.000
     Y7                    1.188       3.120       1.000   84.40%       1.000      1.000      1.000
            1000.000       0.233      12.558       5.000    0.20%       1.000      1.000
     Y8                    1.200       2.534       1.000   82.40%       1.000      1.000      1.000
            1000.000       0.216       7.267       4.000    0.40%       1.000      1.000
     Y9                    1.861       0.899       1.000   35.40%       1.000      2.000      2.000
            1000.000       0.650       0.959       5.000    0.60%       2.000      2.000
     Y10                   1.827       0.821       1.000   36.20%       1.000      2.000      2.000
            1000.000       0.591       0.824       5.000    0.40%       2.000      2.000
     X1                    0.080      -0.103      -3.100    0.10%      -0.755     -0.158      0.093
            1000.000       0.981      -0.115       3.171    0.10%       0.374      0.929
     X2                    0.488       0.048       0.000   51.20%       0.000      0.000      0.000
            1000.000       0.250      -1.998       1.000   48.80%       1.000      1.000


THE MODEL ESTIMATION TERMINATED NORMALLY



MODEL FIT INFORMATION

Number of Free Parameters                       34

Loglikelihood

          H0 Value                       -8975.751

Information Criteria

          Akaike (AIC)                   18019.502
          Bayesian (BIC)                 18186.366
          Sample-Size Adjusted BIC       18078.380
            (n* = (n + 2) / 24)



MODEL RESULTS

                                                    Two-Tailed
                    Estimate       S.E.  Est./S.E.    P-Value

 F        BY
    Y1                 0.473      0.023     20.484      0.000
    Y2                 0.536      0.025     21.593      0.000
    Y3                 0.502      0.024     20.934      0.000
    Y4                 0.521      0.025     21.191      0.000
    Y5                 0.520      0.025     20.665      0.000
    Y6                 0.239      0.015     16.043      0.000
    Y7                 0.257      0.015     16.910      0.000
    Y8                 0.255      0.015     17.515      0.000
    Y9                 0.510      0.024     20.893      0.000
    Y10              999.000      0.000    999.000    999.000

 Y10      ON
    X1                 0.047      0.019      2.484      0.013
    X2                 0.019      0.038      0.498      0.619

 Means
    F                  0.000      0.000    999.000    999.000

 Intercepts
    Y1                 1.840      0.024     76.640      0.000
    Y2                 1.833      0.026     70.338      0.000
    Y3                 3.068      0.025    122.488      0.000
    Y4                 3.122      0.026    121.238      0.000
    Y5                 3.072      0.026    117.220      0.000
    Y6                 1.212      0.015     81.518      0.000
    Y7                 1.188      0.015     77.886      0.000
    Y8                 1.200      0.015     81.650      0.000
    Y9                 1.861      0.025     73.013      0.000
    Y10                1.814      0.031     59.285      0.000

 Variances
    F                  1.000      0.000    999.000    999.000

 Residual Variances
    Y1                 0.353      0.018     20.010      0.000
    Y2                 0.392      0.020     19.646      0.000
    Y3                 0.375      0.019     19.865      0.000
    Y4                 0.391      0.020     19.779      0.000
    Y5                 0.416      0.021     19.959      0.000
    Y6                 0.164      0.008     21.070      0.000
    Y7                 0.167      0.008     20.889      0.000
    Y8                 0.151      0.007     20.769      0.000
    Y9                 0.389      0.020     19.884      0.000
    Y10                0.306      0.016     19.003      0.000

New/Additional Parameters
    L10_0              0.530      0.032     16.778      0.000
    L10_1              0.007      0.020      0.362      0.718
    L10_2             -0.011      0.040     -0.270      0.787


QUALITY OF NUMERICAL RESULTS

     Condition Number for the Information Matrix              0.513E-04
       (ratio of smallest to largest eigenvalue)


     Beginning Time:  18:01:11
        Ending Time:  18:01:13
       Elapsed Time:  00:00:02



MUTHEN & MUTHEN
3463 Stoner Ave.
Los Angeles, CA  90066

Tel: (310) 391-9971
Fax: (310) 391-8971
Web: www.StatModel.com
Support: Support@StatModel.com

Copyright (c) 1998-2019 Muthen & Muthen
