Mplus VERSION 8.3
MUTHEN & MUTHEN
04/23/2024   6:16 PM

INPUT INSTRUCTIONS


  TITLE: Test with 10 reps

  DATA:
  File is
  G1_B1_N3_rep58.csv;

  VARIABLE:
      Names are x1 x2 eta
  	y1 y2 y3 y4 y5 y6 y7 y8 y9 y10;
      Usevariables are y1-y10 x1 x2;
      constraint = x1 x2;

  MODEL:
      f BY y1* (l1);
      f BY y2* (l2);
      f BY y3* (l3);
      f BY y4* (l4);
      f BY y5* (l5);
      f BY y6* (l6);
      f BY y7* (l7);
      f BY y8* (l8);
      f BY y9* (l9);
      f BY y10* (l10);

  y3 ON x1 x2;
  f@1;
  [f@0];

  MODEL CONSTRAINT:
      new (l3_0 l3_1 l3_2);
      l3 = l3_0 + l3_1*x1 + l3_2*x2;




INPUT READING TERMINATED NORMALLY



Test with 10 reps

SUMMARY OF ANALYSIS

Number of groups                                                 1
Number of observations                                        1000

Number of dependent variables                                   10
Number of independent variables                                  2
Number of continuous latent variables                            1

Observed dependent variables

  Continuous
   Y1          Y2          Y3          Y4          Y5          Y6
   Y7          Y8          Y9          Y10

Observed independent variables
   X1          X2

Continuous latent variables
   F


Estimator                                                       ML
Information matrix                                        OBSERVED
Maximum number of iterations                                  1000
Convergence criterion                                    0.500D-04
Maximum number of steepest descent iterations                   20

Input data file(s)
  G1_B1_N3_rep58.csv

Input data format  FREE



UNIVARIATE SAMPLE STATISTICS


     UNIVARIATE HIGHER-ORDER MOMENT DESCRIPTIVE STATISTICS

         Variable/         Mean/     Skewness/   Minimum/ % with                Percentiles
        Sample Size      Variance    Kurtosis    Maximum  Min/Max      20%/60%    40%/80%    Median

     Y1                    1.791       0.931       1.000   40.20%       1.000      1.000      2.000
            1000.000       0.629       0.986       5.000    0.60%       2.000      2.000
     Y2                    1.819       0.848       1.000   37.40%       1.000      2.000      2.000
            1000.000       0.606       0.865       5.000    0.50%       2.000      2.000
     Y3                    3.045       0.032       1.000    1.60%       2.000      3.000      3.000
            1000.000       0.619      -0.122       5.000    2.50%       3.000      4.000
     Y4                    3.055       0.149       1.000    1.80%       2.000      3.000      3.000
            1000.000       0.672      -0.004       5.000    4.10%       3.000      4.000
     Y5                    3.052      -0.048       1.000    2.60%       2.000      3.000      3.000
            1000.000       0.709      -0.236       5.000    3.10%       3.000      4.000
     Y6                    1.188       3.227       1.000   84.20%       1.000      1.000      1.000
            1000.000       0.233      13.721       5.000    0.20%       1.000      1.000
     Y7                    1.174       3.055       1.000   84.60%       1.000      1.000      1.000
            1000.000       0.196      12.490       5.000    0.10%       1.000      1.000
     Y8                    1.183       2.942       1.000   83.90%       1.000      1.000      1.000
            1000.000       0.206      11.395       5.000    0.10%       1.000      1.000
     Y9                    1.793       1.020       1.000   40.00%       1.000      1.000      2.000
            1000.000       0.642       1.347       5.000    0.80%       2.000      2.000
     Y10                   1.823       0.901       1.000   37.40%       1.000      2.000      2.000
            1000.000       0.620       1.106       5.000    0.70%       2.000      2.000
     X1                   -0.007       0.048      -2.756    0.10%      -0.881     -0.243     -0.018
            1000.000       1.051      -0.163       3.514    0.10%       0.247      0.848
     X2                    0.511      -0.044       0.000   48.90%       0.000      0.000      1.000
            1000.000       0.250      -1.998       1.000   51.10%       1.000      1.000


THE MODEL ESTIMATION TERMINATED NORMALLY



MODEL FIT INFORMATION

Number of Free Parameters                       34

Loglikelihood

          H0 Value                       -8903.874

Information Criteria

          Akaike (AIC)                   17875.748
          Bayesian (BIC)                 18042.612
          Sample-Size Adjusted BIC       17934.626
            (n* = (n + 2) / 24)



MODEL RESULTS

                                                    Two-Tailed
                    Estimate       S.E.  Est./S.E.    P-Value

 F        BY
    Y1                 0.528      0.024     22.292      0.000
    Y2                 0.466      0.024     19.471      0.000
    Y3               999.000      0.000    999.000    999.000
    Y4                 0.520      0.025     20.967      0.000
    Y5                 0.521      0.026     20.321      0.000
    Y6                 0.282      0.015     18.895      0.000
    Y7                 0.234      0.014     16.785      0.000
    Y8                 0.252      0.014     17.800      0.000
    Y9                 0.512      0.024     21.157      0.000
    Y10                0.525      0.023     22.338      0.000

 Y3       ON
    X1                -0.016      0.020     -0.820      0.412
    X2                 0.001      0.041      0.029      0.977

 Means
    F                  0.000      0.000    999.000    999.000

 Intercepts
    Y1                 1.791      0.025     71.394      0.000
    Y2                 1.819      0.025     73.877      0.000
    Y3                 3.043      0.032     93.926      0.000
    Y4                 3.055      0.026    117.851      0.000
    Y5                 3.052      0.027    114.596      0.000
    Y6                 1.188      0.015     77.886      0.000
    Y7                 1.174      0.014     83.916      0.000
    Y8                 1.183      0.014     82.521      0.000
    Y9                 1.793      0.025     70.756      0.000
    Y10                1.823      0.025     73.233      0.000

 Variances
    F                  1.000      0.000    999.000    999.000

 Residual Variances
    Y1                 0.351      0.018     19.447      0.000
    Y2                 0.389      0.019     20.317      0.000
    Y3                 0.372      0.019     19.913      0.000
    Y4                 0.401      0.020     19.874      0.000
    Y5                 0.437      0.022     20.071      0.000
    Y6                 0.153      0.008     20.450      0.000
    Y7                 0.141      0.007     20.933      0.000
    Y8                 0.142      0.007     20.719      0.000
    Y9                 0.380      0.019     19.819      0.000
    Y10                0.344      0.018     19.421      0.000

New/Additional Parameters
    L3_0               0.482      0.033     14.413      0.000
    L3_1               0.004      0.021      0.199      0.842
    L3_2               0.029      0.044      0.669      0.503


QUALITY OF NUMERICAL RESULTS

     Condition Number for the Information Matrix              0.442E-04
       (ratio of smallest to largest eigenvalue)


     Beginning Time:  18:16:54
        Ending Time:  18:16:56
       Elapsed Time:  00:00:02



MUTHEN & MUTHEN
3463 Stoner Ave.
Los Angeles, CA  90066

Tel: (310) 391-9971
Fax: (310) 391-8971
Web: www.StatModel.com
Support: Support@StatModel.com

Copyright (c) 1998-2019 Muthen & Muthen
