Mplus VERSION 8.3
MUTHEN & MUTHEN
04/23/2024   6:26 PM

INPUT INSTRUCTIONS


  TITLE: Test with 10 reps

  DATA:
  File is
  G1_B1_N3_rep77.csv;

  VARIABLE:
      Names are x1 x2 eta
  	y1 y2 y3 y4 y5 y6 y7 y8 y9 y10;
      Usevariables are y1-y10 x1 x2;
      constraint = x1 x2;

  MODEL:
      f BY y1* (l1);
      f BY y2* (l2);
      f BY y3* (l3);
      f BY y4* (l4);
      f BY y5* (l5);
      f BY y6* (l6);
      f BY y7* (l7);
      f BY y8* (l8);
      f BY y9* (l9);
      f BY y10* (l10);

  y3 ON x1 x2;
  f@1;
  [f@0];

  MODEL CONSTRAINT:
      new (l3_0 l3_1 l3_2);
      l3 = l3_0 + l3_1*x1 + l3_2*x2;




INPUT READING TERMINATED NORMALLY



Test with 10 reps

SUMMARY OF ANALYSIS

Number of groups                                                 1
Number of observations                                        1000

Number of dependent variables                                   10
Number of independent variables                                  2
Number of continuous latent variables                            1

Observed dependent variables

  Continuous
   Y1          Y2          Y3          Y4          Y5          Y6
   Y7          Y8          Y9          Y10

Observed independent variables
   X1          X2

Continuous latent variables
   F


Estimator                                                       ML
Information matrix                                        OBSERVED
Maximum number of iterations                                  1000
Convergence criterion                                    0.500D-04
Maximum number of steepest descent iterations                   20

Input data file(s)
  G1_B1_N3_rep77.csv

Input data format  FREE



UNIVARIATE SAMPLE STATISTICS


     UNIVARIATE HIGHER-ORDER MOMENT DESCRIPTIVE STATISTICS

         Variable/         Mean/     Skewness/   Minimum/ % with                Percentiles
        Sample Size      Variance    Kurtosis    Maximum  Min/Max      20%/60%    40%/80%    Median

     Y1                    1.855       1.078       1.000   37.30%       1.000      2.000      2.000
            1000.000       0.712       1.566       5.000    1.40%       2.000      2.000
     Y2                    1.832       0.956       1.000   38.40%       1.000      2.000      2.000
            1000.000       0.676       0.989       5.000    0.70%       2.000      2.000
     Y3                    3.082       0.018       1.000    2.10%       2.000      3.000      3.000
            1000.000       0.681      -0.084       5.000    3.70%       3.000      4.000
     Y4                    3.100       0.055       1.000    2.00%       2.000      3.000      3.000
            1000.000       0.718      -0.185       5.000    4.50%       3.000      4.000
     Y5                    3.088       0.000       1.000    2.40%       2.000      3.000      3.000
            1000.000       0.716      -0.133       5.000    4.10%       3.000      4.000
     Y6                    1.203       3.077       1.000   82.80%       1.000      1.000      1.000
            1000.000       0.246      12.561       5.000    0.20%       1.000      1.000
     Y7                    1.178       3.590       1.000   85.30%       1.000      1.000      1.000
            1000.000       0.234      17.153       5.000    0.30%       1.000      1.000
     Y8                    1.212       3.222       1.000   82.80%       1.000      1.000      1.000
            1000.000       0.279      13.334       5.000    0.30%       1.000      1.000
     Y9                    1.828       1.078       1.000   39.30%       1.000      2.000      2.000
            1000.000       0.708       1.443       5.000    1.20%       2.000      2.000
     Y10                   1.823       1.015       1.000   38.90%       1.000      2.000      2.000
            1000.000       0.678       1.254       5.000    0.90%       2.000      2.000
     X1                   -0.007      -0.084      -4.395    0.10%      -0.832     -0.219      0.004
            1000.000       1.027       0.272       3.089    0.10%       0.227      0.828
     X2                    0.507      -0.028       0.000   49.30%       0.000      0.000      1.000
            1000.000       0.250      -1.999       1.000   50.70%       1.000      1.000


THE MODEL ESTIMATION TERMINATED NORMALLY



MODEL FIT INFORMATION

Number of Free Parameters                       34

Loglikelihood

          H0 Value                       -9425.860

Information Criteria

          Akaike (AIC)                   18919.720
          Bayesian (BIC)                 19086.584
          Sample-Size Adjusted BIC       18978.598
            (n* = (n + 2) / 24)



MODEL RESULTS

                                                    Two-Tailed
                    Estimate       S.E.  Est./S.E.    P-Value

 F        BY
    Y1                 0.574      0.025     22.980      0.000
    Y2                 0.530      0.025     21.443      0.000
    Y3               999.000      0.000    999.000    999.000
    Y4                 0.564      0.025     22.339      0.000
    Y5                 0.530      0.026     20.665      0.000
    Y6                 0.256      0.016     16.363      0.000
    Y7                 0.258      0.015     16.994      0.000
    Y8                 0.273      0.017     16.415      0.000
    Y9                 0.560      0.025     22.315      0.000
    Y10                0.538      0.025     21.846      0.000

 Y3       ON
    X1                -0.002      0.021     -0.106      0.916
    X2                 0.026      0.042      0.627      0.531

 Means
    F                  0.000      0.000    999.000    999.000

 Intercepts
    Y1                 1.855      0.027     69.520      0.000
    Y2                 1.832      0.026     70.473      0.000
    Y3                 3.070      0.034     90.574      0.000
    Y4                 3.100      0.027    115.691      0.000
    Y5                 3.088      0.027    115.383      0.000
    Y6                 1.203      0.016     76.733      0.000
    Y7                 1.178      0.015     76.956      0.000
    Y8                 1.212      0.017     72.553      0.000
    Y9                 1.828      0.027     68.680      0.000
    Y10                1.823      0.026     70.029      0.000

 Variances
    F                  1.000      0.000    999.000    999.000

 Residual Variances
    Y1                 0.383      0.020     19.309      0.000
    Y2                 0.395      0.020     19.845      0.000
    Y3                 0.394      0.020     19.728      0.000
    Y4                 0.400      0.020     19.548      0.000
    Y5                 0.436      0.022     20.087      0.000
    Y6                 0.180      0.009     21.083      0.000
    Y7                 0.168      0.008     20.935      0.000
    Y8                 0.204      0.010     21.057      0.000
    Y9                 0.395      0.020     19.552      0.000
    Y10                0.388      0.020     19.719      0.000

New/Additional Parameters
    L3_0               0.531      0.037     14.381      0.000
    L3_1              -0.029      0.024     -1.236      0.216
    L3_2               0.010      0.046      0.229      0.819


QUALITY OF NUMERICAL RESULTS

     Condition Number for the Information Matrix              0.623E-04
       (ratio of smallest to largest eigenvalue)


     Beginning Time:  18:26:18
        Ending Time:  18:26:20
       Elapsed Time:  00:00:02



MUTHEN & MUTHEN
3463 Stoner Ave.
Los Angeles, CA  90066

Tel: (310) 391-9971
Fax: (310) 391-8971
Web: www.StatModel.com
Support: Support@StatModel.com

Copyright (c) 1998-2019 Muthen & Muthen
