Mplus VERSION 8.3
MUTHEN & MUTHEN
04/24/2024   3:09 AM

INPUT INSTRUCTIONS


  TITLE: Test with 10 reps

  DATA:
  File is
  G2_B1_N1_rep182.csv;

  VARIABLE:
      Names are x1 x2 eta
  	y1 y2 y3 y4 y5 y6 y7 y8 y9 y10;
      Usevariables are y1-y10 x1 x2;
      constraint = x1 x2;

  MODEL:
      f BY y1* (l1);
      f BY y2* (l2);
      f BY y3* (l3);
      f BY y4* (l4);
      f BY y5* (l5);
      f BY y6* (l6);
      f BY y7* (l7);
      f BY y8* (l8);
      f BY y9* (l9);
      f BY y10* (l10);

  y4 ON x1 x2;
  f@1;
  [f@0];

  MODEL CONSTRAINT:
      new (l4_0 l4_1 l4_2);
      l4 = l4_0 + l4_1*x1 + l4_2*x2;




INPUT READING TERMINATED NORMALLY



Test with 10 reps

SUMMARY OF ANALYSIS

Number of groups                                                 1
Number of observations                                         250

Number of dependent variables                                   10
Number of independent variables                                  2
Number of continuous latent variables                            1

Observed dependent variables

  Continuous
   Y1          Y2          Y3          Y4          Y5          Y6
   Y7          Y8          Y9          Y10

Observed independent variables
   X1          X2

Continuous latent variables
   F


Estimator                                                       ML
Information matrix                                        OBSERVED
Maximum number of iterations                                  1000
Convergence criterion                                    0.500D-04
Maximum number of steepest descent iterations                   20

Input data file(s)
  G2_B1_N1_rep182.csv

Input data format  FREE



UNIVARIATE SAMPLE STATISTICS


     UNIVARIATE HIGHER-ORDER MOMENT DESCRIPTIVE STATISTICS

         Variable/         Mean/     Skewness/   Minimum/ % with                Percentiles
        Sample Size      Variance    Kurtosis    Maximum  Min/Max      20%/60%    40%/80%    Median

     Y1                    1.832       0.945       1.000   36.00%       1.000      2.000      2.000
             250.000       0.620       1.093       5.000    0.40%       2.000      2.000
     Y2                    1.964       0.898       1.000   32.00%       1.000      2.000      2.000
             250.000       0.763       0.844       5.000    1.20%       2.000      3.000
     Y3                    3.168      -0.103       1.000    1.60%       2.000      3.000      3.000
             250.000       0.740      -0.519       5.000    4.00%       3.000      4.000
     Y4                    3.040      -0.041       1.000    3.60%       2.000      3.000      3.000
             250.000       0.758      -0.098       5.000    4.00%       3.000      4.000
     Y5                    3.100      -0.129       1.000    4.00%       2.000      3.000      3.000
             250.000       0.794      -0.068       5.000    4.80%       3.000      4.000
     Y6                    1.180       2.669       1.000   83.60%       1.000      1.000      1.000
             250.000       0.188       8.659       4.000    0.40%       1.000      1.000
     Y7                    1.176       2.790       1.000   84.40%       1.000      1.000      1.000
             250.000       0.193       9.147       4.000    0.40%       1.000      1.000
     Y8                    1.184       2.479       1.000   84.40%       1.000      1.000      1.000
             250.000       0.206       5.524       3.000    2.80%       1.000      1.000
     Y9                    1.824       0.748       1.000   39.20%       1.000      2.000      2.000
             250.000       0.641       0.286       5.000    0.40%       2.000      2.000
     Y10                   1.876       0.901       1.000   34.40%       1.000      2.000      2.000
             250.000       0.661       0.828       5.000    0.40%       2.000      2.000
     X1                   -0.004       0.232      -2.479    0.40%      -0.753     -0.322     -0.055
             250.000       0.908      -0.023       2.642    0.40%       0.149      0.744
     X2                    0.544      -0.177       0.000   45.60%       0.000      0.000      1.000
             250.000       0.248      -1.969       1.000   54.40%       1.000      1.000


THE MODEL ESTIMATION TERMINATED NORMALLY



MODEL FIT INFORMATION

Number of Free Parameters                       34

Loglikelihood

          H0 Value                       -2085.453

Information Criteria

          Akaike (AIC)                    4238.906
          Bayesian (BIC)                  4358.635
          Sample-Size Adjusted BIC        4250.852
            (n* = (n + 2) / 24)



MODEL RESULTS

                                                    Two-Tailed
                    Estimate       S.E.  Est./S.E.    P-Value

 F        BY
    Y1                 0.574      0.044     12.941      0.000
    Y2                 0.650      0.049     13.329      0.000
    Y3                 0.634      0.048     13.152      0.000
    Y4               999.000      0.000    999.000    999.000
    Y5                 0.660      0.050     13.231      0.000
    Y6                 0.252      0.026      9.657      0.000
    Y7                 0.268      0.026     10.218      0.000
    Y8                 0.251      0.028      9.116      0.000
    Y9                 0.591      0.045     13.167      0.000
    Y10                0.633      0.045     14.204      0.000

 Y4       ON
    X1                 0.045      0.043      1.046      0.296
    X2                -0.055      0.083     -0.667      0.505

 Means
    F                  0.000      0.000    999.000    999.000

 Intercepts
    Y1                 1.832      0.050     36.794      0.000
    Y2                 1.964      0.055     35.558      0.000
    Y3                 3.168      0.054     58.238      0.000
    Y4                 3.070      0.071     43.353      0.000
    Y5                 3.100      0.056     55.007      0.000
    Y6                 1.180      0.027     43.076      0.000
    Y7                 1.176      0.028     42.323      0.000
    Y8                 1.184      0.029     41.232      0.000
    Y9                 1.824      0.051     36.021      0.000
    Y10                1.876      0.051     36.494      0.000

 Variances
    F                  1.000      0.000    999.000    999.000

 Residual Variances
    Y1                 0.291      0.029      9.879      0.000
    Y2                 0.341      0.035      9.775      0.000
    Y3                 0.338      0.034      9.824      0.000
    Y4                 0.385      0.038     10.079      0.000
    Y5                 0.359      0.037      9.786      0.000
    Y6                 0.124      0.012     10.593      0.000
    Y7                 0.121      0.012     10.487      0.000
    Y8                 0.143      0.013     10.673      0.000
    Y9                 0.292      0.030      9.781      0.000
    Y10                0.261      0.028      9.402      0.000

New/Additional Parameters
    L4_0               0.594      0.066      8.992      0.000
    L4_1               0.003      0.046      0.065      0.948
    L4_2               0.024      0.087      0.271      0.786


QUALITY OF NUMERICAL RESULTS

     Condition Number for the Information Matrix              0.130E-03
       (ratio of smallest to largest eigenvalue)


     Beginning Time:  03:09:26
        Ending Time:  03:09:27
       Elapsed Time:  00:00:01



MUTHEN & MUTHEN
3463 Stoner Ave.
Los Angeles, CA  90066

Tel: (310) 391-9971
Fax: (310) 391-8971
Web: www.StatModel.com
Support: Support@StatModel.com

Copyright (c) 1998-2019 Muthen & Muthen
