Mplus VERSION 8.3
MUTHEN & MUTHEN
04/24/2024   2:56 AM

INPUT INSTRUCTIONS


  TITLE: Test with 10 reps

  DATA:
  File is
  G2_B1_N1_rep133.csv;

  VARIABLE:
      Names are x1 x2 eta
  	y1 y2 y3 y4 y5 y6 y7 y8 y9 y10;
      Usevariables are y1-y10 x1 x2;
      constraint = x1 x2;

  MODEL:
      f BY y1* (l1);
      f BY y2* (l2);
      f BY y3* (l3);
      f BY y4* (l4);
      f BY y5* (l5);
      f BY y6* (l6);
      f BY y7* (l7);
      f BY y8* (l8);
      f BY y9* (l9);
      f BY y10* (l10);

  y1 ON x1 x2;
  f@1;
  [f@0];

  MODEL CONSTRAINT:
      new (l1_0 l1_1 l1_2);
      l1 = l1_0 + l1_1*x1 + l1_2*x2;




INPUT READING TERMINATED NORMALLY



Test with 10 reps

SUMMARY OF ANALYSIS

Number of groups                                                 1
Number of observations                                         250

Number of dependent variables                                   10
Number of independent variables                                  2
Number of continuous latent variables                            1

Observed dependent variables

  Continuous
   Y1          Y2          Y3          Y4          Y5          Y6
   Y7          Y8          Y9          Y10

Observed independent variables
   X1          X2

Continuous latent variables
   F


Estimator                                                       ML
Information matrix                                        OBSERVED
Maximum number of iterations                                  1000
Convergence criterion                                    0.500D-04
Maximum number of steepest descent iterations                   20

Input data file(s)
  G2_B1_N1_rep133.csv

Input data format  FREE



UNIVARIATE SAMPLE STATISTICS


     UNIVARIATE HIGHER-ORDER MOMENT DESCRIPTIVE STATISTICS

         Variable/         Mean/     Skewness/   Minimum/ % with                Percentiles
        Sample Size      Variance    Kurtosis    Maximum  Min/Max      20%/60%    40%/80%    Median

     Y1                    1.852       0.690       1.000   37.60%       1.000      2.000      2.000
             250.000       0.646       0.168       5.000    0.40%       2.000      2.000
     Y2                    1.840       0.595       1.000   36.80%       1.000      2.000      2.000
             250.000       0.598      -0.220       4.000    2.40%       2.000      2.000
     Y3                    3.076       0.200       1.000    0.40%       2.000      3.000      3.000
             250.000       0.630      -0.443       5.000    3.20%       3.000      4.000
     Y4                    3.140       0.187       1.000    1.20%       2.000      3.000      3.000
             250.000       0.696      -0.136       5.000    5.60%       3.000      4.000
     Y5                    3.116      -0.052       1.000    2.00%       3.000      3.000      3.000
             250.000       0.607       0.279       5.000    3.20%       3.000      4.000
     Y6                    1.172       2.631       1.000   85.60%       1.000      1.000      1.000
             250.000       0.198       6.346       3.000    2.80%       1.000      1.000
     Y7                    1.204       1.783       1.000   80.40%       1.000      1.000      1.000
             250.000       0.178       2.031       3.000    0.80%       1.000      1.000
     Y8                    1.180       3.768       1.000   84.80%       1.000      1.000      1.000
             250.000       0.236      19.607       5.000    0.40%       1.000      1.000
     Y9                    1.788       0.939       1.000   40.00%       1.000      1.000      2.000
             250.000       0.615       1.219       5.000    0.80%       2.000      2.000
     Y10                   1.808       0.685       1.000   35.60%       1.000      2.000      2.000
             250.000       0.531       0.335       4.000    2.40%       2.000      2.000
     X1                    0.021       0.196      -2.330    0.40%      -0.706     -0.199      0.033
             250.000       0.845       0.452       3.620    0.40%       0.215      0.729
     X2                    0.456       0.177       0.000   54.40%       0.000      0.000      0.000
             250.000       0.248      -1.969       1.000   45.60%       1.000      1.000


THE MODEL ESTIMATION TERMINATED NORMALLY



MODEL FIT INFORMATION

Number of Free Parameters                       34

Loglikelihood

          H0 Value                       -1949.833

Information Criteria

          Akaike (AIC)                    3967.666
          Bayesian (BIC)                  4087.396
          Sample-Size Adjusted BIC        3979.613
            (n* = (n + 2) / 24)



MODEL RESULTS

                                                    Two-Tailed
                    Estimate       S.E.  Est./S.E.    P-Value

 F        BY
    Y1               999.000      0.000    999.000    999.000
    Y2                 0.564      0.043     12.972      0.000
    Y3                 0.626      0.043     14.527      0.000
    Y4                 0.652      0.046     14.323      0.000
    Y5                 0.563      0.044     12.814      0.000
    Y6                 0.250      0.027      9.286      0.000
    Y7                 0.267      0.025     10.739      0.000
    Y8                 0.295      0.029     10.232      0.000
    Y9                 0.543      0.045     12.103      0.000
    Y10                0.516      0.041     12.476      0.000

 Y1       ON
    X1                 0.022      0.038      0.579      0.563
    X2                 0.047      0.070      0.670      0.503

 Means
    F                  0.000      0.000    999.000    999.000

 Intercepts
    Y1                 1.827      0.058     31.389      0.000
    Y2                 1.840      0.049     37.609      0.000
    Y3                 3.076      0.050     61.265      0.000
    Y4                 3.140      0.053     59.494      0.000
    Y5                 3.116      0.049     63.261      0.000
    Y6                 1.172      0.028     41.601      0.000
    Y7                 1.204      0.027     45.073      0.000
    Y8                 1.180      0.031     38.438      0.000
    Y9                 1.788      0.050     36.048      0.000
    Y10                1.808      0.046     39.225      0.000

 Variances
    F                  1.000      0.000    999.000    999.000

 Residual Variances
    Y1                 0.252      0.027      9.493      0.000
    Y2                 0.281      0.028      9.956      0.000
    Y3                 0.238      0.025      9.374      0.000
    Y4                 0.272      0.029      9.486      0.000
    Y5                 0.290      0.029      9.984      0.000
    Y6                 0.136      0.013     10.685      0.000
    Y7                 0.107      0.010     10.460      0.000
    Y8                 0.148      0.014     10.516      0.000
    Y9                 0.320      0.031     10.178      0.000
    Y10                0.265      0.026     10.094      0.000

New/Additional Parameters
    L1_0               0.586      0.055     10.627      0.000
    L1_1              -0.016      0.041     -0.389      0.697
    L1_2               0.070      0.072      0.972      0.331


QUALITY OF NUMERICAL RESULTS

     Condition Number for the Information Matrix              0.103E-03
       (ratio of smallest to largest eigenvalue)


     Beginning Time:  02:56:12
        Ending Time:  02:56:13
       Elapsed Time:  00:00:01



MUTHEN & MUTHEN
3463 Stoner Ave.
Los Angeles, CA  90066

Tel: (310) 391-9971
Fax: (310) 391-8971
Web: www.StatModel.com
Support: Support@StatModel.com

Copyright (c) 1998-2019 Muthen & Muthen
