Mplus VERSION 8.3
MUTHEN & MUTHEN
04/24/2024   2:59 AM

INPUT INSTRUCTIONS


  TITLE: Test with 10 reps

  DATA:
  File is
  G2_B1_N1_rep144.csv;

  VARIABLE:
      Names are x1 x2 eta
  	y1 y2 y3 y4 y5 y6 y7 y8 y9 y10;
      Usevariables are y1-y10 x1 x2;
      constraint = x1 x2;

  MODEL:
      f BY y1* (l1);
      f BY y2* (l2);
      f BY y3* (l3);
      f BY y4* (l4);
      f BY y5* (l5);
      f BY y6* (l6);
      f BY y7* (l7);
      f BY y8* (l8);
      f BY y9* (l9);
      f BY y10* (l10);

  y2 ON x1 x2;
  f@1;
  [f@0];

  MODEL CONSTRAINT:
      new (l2_0 l2_1 l2_2);
      l2 = l2_0 + l2_1*x1 + l2_2*x2;




INPUT READING TERMINATED NORMALLY



Test with 10 reps

SUMMARY OF ANALYSIS

Number of groups                                                 1
Number of observations                                         250

Number of dependent variables                                   10
Number of independent variables                                  2
Number of continuous latent variables                            1

Observed dependent variables

  Continuous
   Y1          Y2          Y3          Y4          Y5          Y6
   Y7          Y8          Y9          Y10

Observed independent variables
   X1          X2

Continuous latent variables
   F


Estimator                                                       ML
Information matrix                                        OBSERVED
Maximum number of iterations                                  1000
Convergence criterion                                    0.500D-04
Maximum number of steepest descent iterations                   20

Input data file(s)
  G2_B1_N1_rep144.csv

Input data format  FREE



UNIVARIATE SAMPLE STATISTICS


     UNIVARIATE HIGHER-ORDER MOMENT DESCRIPTIVE STATISTICS

         Variable/         Mean/     Skewness/   Minimum/ % with                Percentiles
        Sample Size      Variance    Kurtosis    Maximum  Min/Max      20%/60%    40%/80%    Median

     Y1                    1.780       1.068       1.000   40.80%       1.000      1.000      2.000
             250.000       0.644       1.471       5.000    0.80%       2.000      2.000
     Y2                    1.808       1.171       1.000   38.40%       1.000      2.000      2.000
             250.000       0.659       2.023       5.000    1.20%       2.000      2.000
     Y3                    3.040       0.200       1.000    1.60%       2.000      3.000      3.000
             250.000       0.718      -0.261       5.000    4.40%       3.000      4.000
     Y4                    3.044       0.301       1.000    0.80%       2.000      3.000      3.000
             250.000       0.634      -0.070       5.000    4.00%       3.000      4.000
     Y5                    3.092      -0.100       1.000    3.20%       2.000      3.000      3.000
             250.000       0.732      -0.029       5.000    4.00%       3.000      4.000
     Y6                    1.184       2.680       1.000   83.60%       1.000      1.000      1.000
             250.000       0.198       8.427       4.000    0.40%       1.000      1.000
     Y7                    1.180       2.159       1.000   83.20%       1.000      1.000      1.000
             250.000       0.172       3.896       3.000    1.20%       1.000      1.000
     Y8                    1.184       2.114       1.000   82.80%       1.000      1.000      1.000
             250.000       0.174       3.674       3.000    1.20%       1.000      1.000
     Y9                    1.764       0.759       1.000   40.00%       1.000      1.000      2.000
             250.000       0.556       0.258       4.000    2.40%       2.000      2.000
     Y10                   1.740       0.752       1.000   41.60%       1.000      1.000      2.000
             250.000       0.544       0.175       4.000    2.00%       2.000      2.000
     X1                   -0.085       0.041      -2.842    0.40%      -0.969     -0.383     -0.151
             250.000       1.167      -0.048       3.464    0.40%       0.164      0.823
     X2                    0.484       0.064       0.000   51.60%       0.000      0.000      0.000
             250.000       0.250      -1.996       1.000   48.40%       1.000      1.000


THE MODEL ESTIMATION TERMINATED NORMALLY



MODEL FIT INFORMATION

Number of Free Parameters                       34

Loglikelihood

          H0 Value                       -1944.516

Information Criteria

          Akaike (AIC)                    3957.032
          Bayesian (BIC)                  4076.762
          Sample-Size Adjusted BIC        3968.979
            (n* = (n + 2) / 24)



MODEL RESULTS

                                                    Two-Tailed
                    Estimate       S.E.  Est./S.E.    P-Value

 F        BY
    Y1                 0.604      0.045     13.566      0.000
    Y2               999.000      0.000    999.000    999.000
    Y3                 0.633      0.047     13.420      0.000
    Y4                 0.620      0.043     14.263      0.000
    Y5                 0.646      0.047     13.636      0.000
    Y6                 0.284      0.026     10.890      0.000
    Y7                 0.258      0.024     10.525      0.000
    Y8                 0.211      0.026      8.215      0.000
    Y9                 0.557      0.041     13.421      0.000
    Y10                0.503      0.042     11.850      0.000

 Y2       ON
    X1                 0.028      0.034      0.816      0.415
    X2                 0.028      0.073      0.379      0.704

 Means
    F                  0.000      0.000    999.000    999.000

 Intercepts
    Y1                 1.780      0.051     35.082      0.000
    Y2                 1.797      0.063     28.406      0.000
    Y3                 3.040      0.054     56.710      0.000
    Y4                 3.044      0.050     60.443      0.000
    Y5                 3.092      0.054     57.160      0.000
    Y6                 1.184      0.028     42.056      0.000
    Y7                 1.180      0.026     45.039      0.000
    Y8                 1.184      0.026     44.861      0.000
    Y9                 1.764      0.047     37.395      0.000
    Y10                1.740      0.047     37.287      0.000

 Variances
    F                  1.000      0.000    999.000    999.000

 Residual Variances
    Y1                 0.279      0.029      9.737      0.000
    Y2                 0.297      0.030      9.843      0.000
    Y3                 0.318      0.032      9.794      0.000
    Y4                 0.249      0.026      9.484      0.000
    Y5                 0.314      0.032      9.720      0.000
    Y6                 0.117      0.011     10.418      0.000
    Y7                 0.105      0.010     10.486      0.000
    Y8                 0.130      0.012     10.804      0.000
    Y9                 0.246      0.025      9.803      0.000
    Y10                0.291      0.028     10.225      0.000

New/Additional Parameters
    L2_0               0.623      0.058     10.710      0.000
    L2_1               0.007      0.038      0.191      0.848
    L2_2              -0.052      0.078     -0.666      0.505


QUALITY OF NUMERICAL RESULTS

     Condition Number for the Information Matrix              0.989E-04
       (ratio of smallest to largest eigenvalue)


     Beginning Time:  02:59:02
        Ending Time:  02:59:03
       Elapsed Time:  00:00:01



MUTHEN & MUTHEN
3463 Stoner Ave.
Los Angeles, CA  90066

Tel: (310) 391-9971
Fax: (310) 391-8971
Web: www.StatModel.com
Support: Support@StatModel.com

Copyright (c) 1998-2019 Muthen & Muthen
