Mplus VERSION 8.3
MUTHEN & MUTHEN
04/24/2024   2:57 AM

INPUT INSTRUCTIONS


  TITLE: Test with 10 reps

  DATA:
  File is
  G2_B1_N1_rep139.csv;

  VARIABLE:
      Names are x1 x2 eta
  	y1 y2 y3 y4 y5 y6 y7 y8 y9 y10;
      Usevariables are y1-y10 x1 x2;
      constraint = x1 x2;

  MODEL:
      f BY y1* (l1);
      f BY y2* (l2);
      f BY y3* (l3);
      f BY y4* (l4);
      f BY y5* (l5);
      f BY y6* (l6);
      f BY y7* (l7);
      f BY y8* (l8);
      f BY y9* (l9);
      f BY y10* (l10);

  y8 ON x1 x2;
  f@1;
  [f@0];

  MODEL CONSTRAINT:
      new (l8_0 l8_1 l8_2);
      l8 = l8_0 + l8_1*x1 + l8_2*x2;




INPUT READING TERMINATED NORMALLY



Test with 10 reps

SUMMARY OF ANALYSIS

Number of groups                                                 1
Number of observations                                         250

Number of dependent variables                                   10
Number of independent variables                                  2
Number of continuous latent variables                            1

Observed dependent variables

  Continuous
   Y1          Y2          Y3          Y4          Y5          Y6
   Y7          Y8          Y9          Y10

Observed independent variables
   X1          X2

Continuous latent variables
   F


Estimator                                                       ML
Information matrix                                        OBSERVED
Maximum number of iterations                                  1000
Convergence criterion                                    0.500D-04
Maximum number of steepest descent iterations                   20

Input data file(s)
  G2_B1_N1_rep139.csv

Input data format  FREE



UNIVARIATE SAMPLE STATISTICS


     UNIVARIATE HIGHER-ORDER MOMENT DESCRIPTIVE STATISTICS

         Variable/         Mean/     Skewness/   Minimum/ % with                Percentiles
        Sample Size      Variance    Kurtosis    Maximum  Min/Max      20%/60%    40%/80%    Median

     Y1                    1.800       0.704       1.000   36.00%       1.000      2.000      2.000
             250.000       0.520       0.805       5.000    0.40%       2.000      2.000
     Y2                    1.792       0.717       1.000   36.40%       1.000      2.000      2.000
             250.000       0.525       0.430       4.000    2.40%       2.000      2.000
     Y3                    3.024      -0.237       1.000    3.20%       2.000      3.000      3.000
             250.000       0.623       0.111       5.000    1.60%       3.000      4.000
     Y4                    3.036      -0.065       1.000    2.80%       2.000      3.000      3.000
             250.000       0.651       0.127       5.000    2.80%       3.000      4.000
     Y5                    3.008      -0.195       1.000    3.20%       2.000      3.000      3.000
             250.000       0.656      -0.129       5.000    1.60%       3.000      4.000
     Y6                    1.140       3.394       1.000   88.00%       1.000      1.000      1.000
             250.000       0.168      13.520       4.000    0.40%       1.000      1.000
     Y7                    1.128       2.227       1.000   87.20%       1.000      1.000      1.000
             250.000       0.112       2.959       2.000   12.80%       1.000      1.000
     Y8                    1.144       2.644       1.000   86.80%       1.000      1.000      1.000
             250.000       0.147       6.554       3.000    1.20%       1.000      1.000
     Y9                    1.780       0.803       1.000   37.20%       1.000      2.000      2.000
             250.000       0.524       1.075       5.000    0.40%       2.000      2.000
     Y10                   1.780       1.000       1.000   40.40%       1.000      1.000      2.000
             250.000       0.620       1.383       5.000    0.80%       2.000      2.000
     X1                   -0.016      -0.044      -2.821    0.40%      -0.917     -0.334      0.011
             250.000       1.007      -0.358       2.435    0.40%       0.319      0.881
     X2                    0.524      -0.096       0.000   47.60%       0.000      0.000      1.000
             250.000       0.249      -1.991       1.000   52.40%       1.000      1.000


THE MODEL ESTIMATION TERMINATED NORMALLY

     THE STANDARD ERRORS OF THE MODEL PARAMETER ESTIMATES MAY NOT BE
     TRUSTWORTHY FOR SOME PARAMETERS DUE TO A NON-POSITIVE DEFINITE
     FIRST-ORDER DERIVATIVE PRODUCT MATRIX.  THIS MAY BE DUE TO THE STARTING
     VALUES BUT MAY ALSO BE AN INDICATION OF MODEL NONIDENTIFICATION.  THE
     CONDITION NUMBER IS       0.222D-14.  PROBLEM INVOLVING THE FOLLOWING PARAMETER:
     Parameter 35, L8_2

     THIS IS MOST LIKELY DUE TO VARIABLE Y7 BEING DICHOTOMOUS BUT
     DECLARED AS CONTINUOUS.




MODEL FIT INFORMATION

Number of Free Parameters                       34

Loglikelihood

          H0 Value                       -1878.107

Information Criteria

          Akaike (AIC)                    3824.215
          Bayesian (BIC)                  3943.944
          Sample-Size Adjusted BIC        3836.161
            (n* = (n + 2) / 24)



MODEL RESULTS

                                                    Two-Tailed
                    Estimate       S.E.  Est./S.E.    P-Value

 F        BY
    Y1                 0.549      0.040     13.680      0.000
    Y2                 0.488      0.042     11.551      0.000
    Y3                 0.544      0.046     11.908      0.000
    Y4                 0.596      0.046     13.100      0.000
    Y5                 0.632      0.045     14.152      0.000
    Y6                 0.181      0.026      7.004      0.000
    Y7                 0.149      0.021      7.058      0.000
    Y8               999.000      0.000    999.000    999.000
    Y9                 0.465      0.043     10.876      0.000
    Y10                0.539      0.046     11.828      0.000

 Y8       ON
    X1                 0.005      0.020      0.246      0.806
    X2                 0.052      0.041      1.269      0.205

 Means
    F                  0.000      0.000    999.000    999.000

 Intercepts
    Y1                 1.800      0.046     39.468      0.000
    Y2                 1.792      0.046     39.115      0.000
    Y3                 3.024      0.050     60.556      0.000
    Y4                 3.036      0.051     59.509      0.000
    Y5                 3.008      0.051     58.724      0.000
    Y6                 1.140      0.026     43.924      0.000
    Y7                 1.128      0.021     53.385      0.000
    Y8                 1.089      0.029     37.401      0.000
    Y9                 1.780      0.046     38.895      0.000
    Y10                1.780      0.050     35.755      0.000

 Variances
    F                  1.000      0.000    999.000    999.000

 Residual Variances
    Y1                 0.218      0.023      9.361      0.000
    Y2                 0.287      0.028     10.065      0.000
    Y3                 0.328      0.033      9.984      0.000
    Y4                 0.295      0.031      9.558      0.000
    Y5                 0.257      0.028      9.102      0.000
    Y6                 0.135      0.012     10.874      0.000
    Y7                 0.089      0.008     10.859      0.000
    Y8                 0.087      0.009     10.150      0.000
    Y9                 0.307      0.030     10.253      0.000
    Y10                0.329      0.033     10.008      0.000

New/Additional Parameters
    L8_0               0.113      0.030      3.750      0.000
    L8_1               0.087      0.020      4.425      0.000
    L8_2               0.177      0.043      4.131      0.000


QUALITY OF NUMERICAL RESULTS

     Condition Number for the Information Matrix              0.672E-04
       (ratio of smallest to largest eigenvalue)


TECHNICAL 1 OUTPUT


     PARAMETER SPECIFICATION


           NU
              Y1            Y2            Y3            Y4            Y5
              ________      ________      ________      ________      ________
                  1             2             3             4             5


           NU
              Y6            Y7            Y8            Y9            Y10
              ________      ________      ________      ________      ________
                  6             7             0             8             9


           NU
              X1            X2
              ________      ________
                  0             0


           LAMBDA
              F             Y8            X1            X2
              ________      ________      ________      ________
 Y1                10             0             0             0
 Y2                11             0             0             0
 Y3                12             0             0             0
 Y4                13             0             0             0
 Y5                14             0             0             0
 Y6                15             0             0             0
 Y7                16             0             0             0
 Y8                 0             0             0             0
 Y9                17             0             0             0
 Y10               18             0             0             0
 X1                 0             0             0             0
 X2                 0             0             0             0


           THETA
              Y1            Y2            Y3            Y4            Y5
              ________      ________      ________      ________      ________
 Y1                19
 Y2                 0            20
 Y3                 0             0            21
 Y4                 0             0             0            22
 Y5                 0             0             0             0            23
 Y6                 0             0             0             0             0
 Y7                 0             0             0             0             0
 Y8                 0             0             0             0             0
 Y9                 0             0             0             0             0
 Y10                0             0             0             0             0
 X1                 0             0             0             0             0
 X2                 0             0             0             0             0


           THETA
              Y6            Y7            Y8            Y9            Y10
              ________      ________      ________      ________      ________
 Y6                24
 Y7                 0            25
 Y8                 0             0             0
 Y9                 0             0             0            26
 Y10                0             0             0             0            27
 X1                 0             0             0             0             0
 X2                 0             0             0             0             0


           THETA
              X1            X2
              ________      ________
 X1                 0
 X2                 0             0


           ALPHA
              F             Y8            X1            X2
              ________      ________      ________      ________
                  0            28             0             0


           BETA
              F             Y8            X1            X2
              ________      ________      ________      ________
 F                  0             0             0             0
 Y8                29             0            30            31
 X1                 0             0             0             0
 X2                 0             0             0             0


           PSI
              F             Y8            X1            X2
              ________      ________      ________      ________
 F                  0
 Y8                 0            32
 X1                 0             0             0
 X2                 0             0             0             0


     PARAMETER SPECIFICATION FOR THE ADDITIONAL PARAMETERS


           New/Additional Parameters
              L8_0          L8_1          L8_2
              ________      ________      ________
                   33            34            35


     STARTING VALUES


           NU
              Y1            Y2            Y3            Y4            Y5
              ________      ________      ________      ________      ________
                1.800         1.792         3.024         3.036         3.008


           NU
              Y6            Y7            Y8            Y9            Y10
              ________      ________      ________      ________      ________
                1.140         1.128         0.000         1.780         1.780


           NU
              X1            X2
              ________      ________
                0.000         0.000


           LAMBDA
              F             Y8            X1            X2
              ________      ________      ________      ________
 Y1             1.000         0.000         0.000         0.000
 Y2             1.000         0.000         0.000         0.000
 Y3             1.000         0.000         0.000         0.000
 Y4             1.000         0.000         0.000         0.000
 Y5             1.000         0.000         0.000         0.000
 Y6             1.000         0.000         0.000         0.000
 Y7             1.000         0.000         0.000         0.000
 Y8             0.000         1.000         0.000         0.000
 Y9             1.000         0.000         0.000         0.000
 Y10            1.000         0.000         0.000         0.000
 X1             0.000         0.000         1.000         0.000
 X2             0.000         0.000         0.000         1.000


           THETA
              Y1            Y2            Y3            Y4            Y5
              ________      ________      ________      ________      ________
 Y1             0.260
 Y2             0.000         0.262
 Y3             0.000         0.000         0.312
 Y4             0.000         0.000         0.000         0.325
 Y5             0.000         0.000         0.000         0.000         0.328
 Y6             0.000         0.000         0.000         0.000         0.000
 Y7             0.000         0.000         0.000         0.000         0.000
 Y8             0.000         0.000         0.000         0.000         0.000
 Y9             0.000         0.000         0.000         0.000         0.000
 Y10            0.000         0.000         0.000         0.000         0.000
 X1             0.000         0.000         0.000         0.000         0.000
 X2             0.000         0.000         0.000         0.000         0.000


           THETA
              Y6            Y7            Y8            Y9            Y10
              ________      ________      ________      ________      ________
 Y6             0.084
 Y7             0.000         0.056
 Y8             0.000         0.000         0.000
 Y9             0.000         0.000         0.000         0.262
 Y10            0.000         0.000         0.000         0.000         0.310
 X1             0.000         0.000         0.000         0.000         0.000
 X2             0.000         0.000         0.000         0.000         0.000


           THETA
              X1            X2
              ________      ________
 X1             0.000
 X2             0.000         0.000


           ALPHA
              F             Y8            X1            X2
              ________      ________      ________      ________
                0.000         1.144        -0.016         0.524


           BETA
              F             Y8            X1            X2
              ________      ________      ________      ________
 F              0.000         0.000         0.000         0.000
 Y8             1.000         0.000         0.000         0.000
 X1             0.000         0.000         0.000         0.000
 X2             0.000         0.000         0.000         0.000


           PSI
              F             Y8            X1            X2
              ________      ________      ________      ________
 F              1.000
 Y8             0.000         0.074
 X1             0.000         0.000         1.007
 X2             0.000         0.000         0.003         0.249


     STARTING VALUES FOR THE ADDITIONAL PARAMETERS


           New/Additional Parameters
              L8_0          L8_1          L8_2
              ________      ________      ________
                0.500         0.500         0.500


     Beginning Time:  02:57:47
        Ending Time:  02:57:48
       Elapsed Time:  00:00:01



MUTHEN & MUTHEN
3463 Stoner Ave.
Los Angeles, CA  90066

Tel: (310) 391-9971
Fax: (310) 391-8971
Web: www.StatModel.com
Support: Support@StatModel.com

Copyright (c) 1998-2019 Muthen & Muthen
