Mplus VERSION 8.3
MUTHEN & MUTHEN
04/24/2024   3:11 AM

INPUT INSTRUCTIONS


  TITLE: Test with 10 reps

  DATA:
  File is
  G2_B1_N1_rep190.csv;

  VARIABLE:
      Names are x1 x2 eta
  	y1 y2 y3 y4 y5 y6 y7 y8 y9 y10;
      Usevariables are y1-y10 x1 x2;
      constraint = x1 x2;

  MODEL:
      f BY y1* (l1);
      f BY y2* (l2);
      f BY y3* (l3);
      f BY y4* (l4);
      f BY y5* (l5);
      f BY y6* (l6);
      f BY y7* (l7);
      f BY y8* (l8);
      f BY y9* (l9);
      f BY y10* (l10);

  y8 ON x1 x2;
  f@1;
  [f@0];

  MODEL CONSTRAINT:
      new (l8_0 l8_1 l8_2);
      l8 = l8_0 + l8_1*x1 + l8_2*x2;




INPUT READING TERMINATED NORMALLY



Test with 10 reps

SUMMARY OF ANALYSIS

Number of groups                                                 1
Number of observations                                         250

Number of dependent variables                                   10
Number of independent variables                                  2
Number of continuous latent variables                            1

Observed dependent variables

  Continuous
   Y1          Y2          Y3          Y4          Y5          Y6
   Y7          Y8          Y9          Y10

Observed independent variables
   X1          X2

Continuous latent variables
   F


Estimator                                                       ML
Information matrix                                        OBSERVED
Maximum number of iterations                                  1000
Convergence criterion                                    0.500D-04
Maximum number of steepest descent iterations                   20

Input data file(s)
  G2_B1_N1_rep190.csv

Input data format  FREE



UNIVARIATE SAMPLE STATISTICS


     UNIVARIATE HIGHER-ORDER MOMENT DESCRIPTIVE STATISTICS

         Variable/         Mean/     Skewness/   Minimum/ % with                Percentiles
        Sample Size      Variance    Kurtosis    Maximum  Min/Max      20%/60%    40%/80%    Median

     Y1                    1.772       1.011       1.000   39.20%       1.000      2.000      2.000
             250.000       0.576       1.728       5.000    0.80%       2.000      2.000
     Y2                    1.820       0.710       1.000   35.60%       1.000      2.000      2.000
             250.000       0.556       0.325       4.000    2.80%       2.000      2.000
     Y3                    3.060       0.059       1.000    2.00%       2.000      3.000      3.000
             250.000       0.680      -0.120       5.000    3.60%       3.000      4.000
     Y4                    3.032      -0.105       1.000    2.00%       2.000      3.000      3.000
             250.000       0.623      -0.272       5.000    1.60%       3.000      4.000
     Y5                    3.060       0.071       1.000    0.80%       2.000      3.000      3.000
             250.000       0.656      -0.631       5.000    2.40%       3.000      4.000
     Y6                    1.144       2.479       1.000   86.40%       1.000      1.000      1.000
             250.000       0.139       5.457       3.000    0.80%       1.000      1.000
     Y7                    1.188       3.029       1.000   84.80%       1.000      1.000      1.000
             250.000       0.241      10.309       4.000    0.80%       1.000      1.000
     Y8                    1.148       3.241       1.000   87.20%       1.000      1.000      1.000
             250.000       0.174      12.350       4.000    0.40%       1.000      1.000
     Y9                    1.888       1.109       1.000   35.60%       1.000      2.000      2.000
             250.000       0.747       1.583       5.000    1.60%       2.000      2.000
     Y10                   1.788       0.534       1.000   37.60%       1.000      2.000      2.000
             250.000       0.519      -0.271       4.000    1.20%       2.000      2.000
     X1                    0.082      -0.057      -2.740    0.40%      -0.731     -0.131      0.079
             250.000       0.980      -0.012       3.084    0.40%       0.283      0.910
     X2                    0.520      -0.080       0.000   48.00%       0.000      0.000      1.000
             250.000       0.250      -1.994       1.000   52.00%       1.000      1.000


THE MODEL ESTIMATION TERMINATED NORMALLY



MODEL FIT INFORMATION

Number of Free Parameters                       34

Loglikelihood

          H0 Value                       -1954.542

Information Criteria

          Akaike (AIC)                    3977.084
          Bayesian (BIC)                  4096.814
          Sample-Size Adjusted BIC        3989.031
            (n* = (n + 2) / 24)



MODEL RESULTS

                                                    Two-Tailed
                    Estimate       S.E.  Est./S.E.    P-Value

 F        BY
    Y1                 0.598      0.041     14.432      0.000
    Y2                 0.537      0.042     12.728      0.000
    Y3                 0.565      0.048     11.885      0.000
    Y4                 0.575      0.045     12.909      0.000
    Y5                 0.599      0.045     13.172      0.000
    Y6                 0.219      0.022      9.744      0.000
    Y7                 0.275      0.030      9.230      0.000
    Y8               999.000      0.000    999.000    999.000
    Y9                 0.643      0.048     13.294      0.000
    Y10                0.505      0.041     12.266      0.000

 Y8       ON
    X1                -0.009      0.023     -0.411      0.681
    X2                 0.088      0.046      1.923      0.054

 Means
    F                  0.000      0.000    999.000    999.000

 Intercepts
    Y1                 1.772      0.048     36.916      0.000
    Y2                 1.820      0.047     38.606      0.000
    Y3                 3.060      0.052     58.656      0.000
    Y4                 3.032      0.050     60.738      0.000
    Y5                 3.060      0.051     59.718      0.000
    Y6                 1.144      0.024     48.470      0.000
    Y7                 1.188      0.031     38.290      0.000
    Y8                 1.100      0.032     34.804      0.000
    Y9                 1.888      0.055     34.529      0.000
    Y10                1.788      0.046     39.240      0.000

 Variances
    F                  1.000      0.000    999.000    999.000

 Residual Variances
    Y1                 0.219      0.024      9.213      0.000
    Y2                 0.267      0.027      9.913      0.000
    Y3                 0.361      0.036     10.124      0.000
    Y4                 0.293      0.030      9.844      0.000
    Y5                 0.298      0.031      9.756      0.000
    Y6                 0.091      0.009     10.554      0.000
    Y7                 0.165      0.016     10.644      0.000
    Y8                 0.113      0.011     10.464      0.000
    Y9                 0.334      0.034      9.707      0.000
    Y10                0.264      0.026     10.022      0.000

New/Additional Parameters
    L8_0               0.111      0.034      3.224      0.001
    L8_1              -0.029      0.021     -1.343      0.179
    L8_2               0.205      0.049      4.208      0.000


QUALITY OF NUMERICAL RESULTS

     Condition Number for the Information Matrix              0.737E-04
       (ratio of smallest to largest eigenvalue)


     Beginning Time:  03:11:40
        Ending Time:  03:11:41
       Elapsed Time:  00:00:01



MUTHEN & MUTHEN
3463 Stoner Ave.
Los Angeles, CA  90066

Tel: (310) 391-9971
Fax: (310) 391-8971
Web: www.StatModel.com
Support: Support@StatModel.com

Copyright (c) 1998-2019 Muthen & Muthen
