Mplus VERSION 8.3
MUTHEN & MUTHEN
04/24/2024   3:13 AM

INPUT INSTRUCTIONS


  TITLE: Test with 10 reps

  DATA:
  File is
  G2_B1_N1_rep198.csv;

  VARIABLE:
      Names are x1 x2 eta
  	y1 y2 y3 y4 y5 y6 y7 y8 y9 y10;
      Usevariables are y1-y10 x1 x2;
      constraint = x1 x2;

  MODEL:
      f BY y1* (l1);
      f BY y2* (l2);
      f BY y3* (l3);
      f BY y4* (l4);
      f BY y5* (l5);
      f BY y6* (l6);
      f BY y7* (l7);
      f BY y8* (l8);
      f BY y9* (l9);
      f BY y10* (l10);

  y3 ON x1 x2;
  f@1;
  [f@0];

  MODEL CONSTRAINT:
      new (l3_0 l3_1 l3_2);
      l3 = l3_0 + l3_1*x1 + l3_2*x2;




INPUT READING TERMINATED NORMALLY



Test with 10 reps

SUMMARY OF ANALYSIS

Number of groups                                                 1
Number of observations                                         250

Number of dependent variables                                   10
Number of independent variables                                  2
Number of continuous latent variables                            1

Observed dependent variables

  Continuous
   Y1          Y2          Y3          Y4          Y5          Y6
   Y7          Y8          Y9          Y10

Observed independent variables
   X1          X2

Continuous latent variables
   F


Estimator                                                       ML
Information matrix                                        OBSERVED
Maximum number of iterations                                  1000
Convergence criterion                                    0.500D-04
Maximum number of steepest descent iterations                   20

Input data file(s)
  G2_B1_N1_rep198.csv

Input data format  FREE



UNIVARIATE SAMPLE STATISTICS


     UNIVARIATE HIGHER-ORDER MOMENT DESCRIPTIVE STATISTICS

         Variable/         Mean/     Skewness/   Minimum/ % with                Percentiles
        Sample Size      Variance    Kurtosis    Maximum  Min/Max      20%/60%    40%/80%    Median

     Y1                    1.800       0.898       1.000   39.60%       1.000      2.000      2.000
             250.000       0.632       0.765       5.000    0.40%       2.000      2.000
     Y2                    1.812       0.826       1.000   39.20%       1.000      2.000      2.000
             250.000       0.633       0.550       5.000    0.40%       2.000      2.000
     Y3                    3.096       0.019       1.000    1.60%       2.000      3.000      3.000
             250.000       0.631      -0.041       5.000    3.20%       3.000      4.000
     Y4                    3.084      -0.104       1.000    1.60%       2.000      3.000      3.000
             250.000       0.637      -0.370       5.000    2.00%       3.000      4.000
     Y5                    3.020       0.057       1.000    2.40%       2.000      3.000      3.000
             250.000       0.644       0.168       5.000    3.20%       3.000      4.000
     Y6                    1.204       2.809       1.000   82.80%       1.000      1.000      1.000
             250.000       0.242       9.191       4.000    0.80%       1.000      1.000
     Y7                    1.140       3.444       1.000   88.40%       1.000      1.000      1.000
             250.000       0.176      13.453       4.000    0.40%       1.000      1.000
     Y8                    1.152       3.023       1.000   86.00%       1.000      1.000      1.000
             250.000       0.161      11.622       4.000    0.40%       1.000      1.000
     Y9                    1.788       1.067       1.000   39.60%       1.000      2.000      2.000
             250.000       0.631       1.574       5.000    0.80%       2.000      2.000
     Y10                   1.764       0.825       1.000   38.80%       1.000      2.000      2.000
             250.000       0.540       0.623       4.000    2.80%       2.000      2.000
     X1                   -0.116      -0.207      -3.315    0.40%      -0.882     -0.293     -0.065
             250.000       0.947       0.245       2.970    0.40%       0.157      0.682
     X2                    0.520      -0.080       0.000   48.00%       0.000      0.000      1.000
             250.000       0.250      -1.994       1.000   52.00%       1.000      1.000


THE MODEL ESTIMATION TERMINATED NORMALLY



MODEL FIT INFORMATION

Number of Free Parameters                       34

Loglikelihood

          H0 Value                       -1942.492

Information Criteria

          Akaike (AIC)                    3952.985
          Bayesian (BIC)                  4072.714
          Sample-Size Adjusted BIC        3964.931
            (n* = (n + 2) / 24)



MODEL RESULTS

                                                    Two-Tailed
                    Estimate       S.E.  Est./S.E.    P-Value

 F        BY
    Y1                 0.631      0.043     14.660      0.000
    Y2                 0.565      0.045     12.512      0.000
    Y3               999.000      0.000    999.000    999.000
    Y4                 0.562      0.045     12.370      0.000
    Y5                 0.610      0.044     13.771      0.000
    Y6                 0.345      0.028     12.266      0.000
    Y7                 0.225      0.026      8.768      0.000
    Y8                 0.220      0.024      9.011      0.000
    Y9                 0.607      0.044     13.855      0.000
    Y10                0.530      0.041     12.782      0.000

 Y3       ON
    X1                 0.011      0.038      0.292      0.771
    X2                -0.070      0.075     -0.923      0.356

 Means
    F                  0.000      0.000    999.000    999.000

 Intercepts
    Y1                 1.800      0.050     35.800      0.000
    Y2                 1.812      0.050     36.020      0.000
    Y3                 3.141      0.067     46.604      0.000
    Y4                 3.084      0.050     61.099      0.000
    Y5                 3.020      0.051     59.521      0.000
    Y6                 1.204      0.031     38.667      0.000
    Y7                 1.140      0.027     42.917      0.000
    Y8                 1.152      0.025     45.410      0.000
    Y9                 1.788      0.050     35.588      0.000
    Y10                1.764      0.046     37.945      0.000

 Variances
    F                  1.000      0.000    999.000    999.000

 Residual Variances
    Y1                 0.234      0.025      9.309      0.000
    Y2                 0.314      0.031     10.062      0.000
    Y3                 0.305      0.031      9.938      0.000
    Y4                 0.321      0.032     10.101      0.000
    Y5                 0.271      0.028      9.655      0.000
    Y6                 0.123      0.012     10.084      0.000
    Y7                 0.126      0.012     10.730      0.000
    Y8                 0.113      0.011     10.694      0.000
    Y9                 0.263      0.027      9.632      0.000
    Y10                0.259      0.026      9.983      0.000

New/Additional Parameters
    L3_0               0.653      0.067      9.808      0.000
    L3_1               0.027      0.042      0.646      0.518
    L3_2              -0.145      0.080     -1.807      0.071


QUALITY OF NUMERICAL RESULTS

     Condition Number for the Information Matrix              0.109E-03
       (ratio of smallest to largest eigenvalue)


     Beginning Time:  03:13:26
        Ending Time:  03:13:27
       Elapsed Time:  00:00:01



MUTHEN & MUTHEN
3463 Stoner Ave.
Los Angeles, CA  90066

Tel: (310) 391-9971
Fax: (310) 391-8971
Web: www.StatModel.com
Support: Support@StatModel.com

Copyright (c) 1998-2019 Muthen & Muthen
