Mplus VERSION 8.3
MUTHEN & MUTHEN
04/24/2024   3:26 AM

INPUT INSTRUCTIONS


  TITLE: Test with 10 reps

  DATA:
  File is
  G2_B1_N1_rep247.csv;

  VARIABLE:
      Names are x1 x2 eta
  	y1 y2 y3 y4 y5 y6 y7 y8 y9 y10;
      Usevariables are y1-y10 x1 x2;
      constraint = x1 x2;

  MODEL:
      f BY y1* (l1);
      f BY y2* (l2);
      f BY y3* (l3);
      f BY y4* (l4);
      f BY y5* (l5);
      f BY y6* (l6);
      f BY y7* (l7);
      f BY y8* (l8);
      f BY y9* (l9);
      f BY y10* (l10);

  y1 ON x1 x2;
  f@1;
  [f@0];

  MODEL CONSTRAINT:
      new (l1_0 l1_1 l1_2);
      l1 = l1_0 + l1_1*x1 + l1_2*x2;




INPUT READING TERMINATED NORMALLY



Test with 10 reps

SUMMARY OF ANALYSIS

Number of groups                                                 1
Number of observations                                         250

Number of dependent variables                                   10
Number of independent variables                                  2
Number of continuous latent variables                            1

Observed dependent variables

  Continuous
   Y1          Y2          Y3          Y4          Y5          Y6
   Y7          Y8          Y9          Y10

Observed independent variables
   X1          X2

Continuous latent variables
   F


Estimator                                                       ML
Information matrix                                        OBSERVED
Maximum number of iterations                                  1000
Convergence criterion                                    0.500D-04
Maximum number of steepest descent iterations                   20

Input data file(s)
  G2_B1_N1_rep247.csv

Input data format  FREE



UNIVARIATE SAMPLE STATISTICS


     UNIVARIATE HIGHER-ORDER MOMENT DESCRIPTIVE STATISTICS

         Variable/         Mean/     Skewness/   Minimum/ % with                Percentiles
        Sample Size      Variance    Kurtosis    Maximum  Min/Max      20%/60%    40%/80%    Median

     Y1                    1.768       0.636       1.000   39.20%       1.000      2.000      2.000
             250.000       0.530      -0.048       4.000    1.60%       2.000      2.000
     Y2                    1.796       0.582       1.000   38.00%       1.000      2.000      2.000
             250.000       0.546      -0.208       4.000    1.60%       2.000      2.000
     Y3                    3.008       0.144       1.000    0.40%       2.000      3.000      3.000
             250.000       0.592      -0.632       5.000    1.60%       3.000      4.000
     Y4                    3.080       0.029       1.000    0.80%       2.000      3.000      3.000
             250.000       0.578      -0.321       5.000    2.00%       3.000      4.000
     Y5                    3.020       0.171       1.000    1.20%       2.000      3.000      3.000
             250.000       0.692      -0.469       5.000    3.20%       3.000      4.000
     Y6                    1.140       2.540       1.000   86.80%       1.000      1.000      1.000
             250.000       0.136       5.810       3.000    0.80%       1.000      1.000
     Y7                    1.188       2.563       1.000   82.80%       1.000      1.000      1.000
             250.000       0.193       7.964       4.000    0.40%       1.000      1.000
     Y8                    1.140       2.333       1.000   86.40%       1.000      1.000      1.000
             250.000       0.128       4.304       3.000    0.40%       1.000      1.000
     Y9                    1.816       0.485       1.000   38.00%       1.000      2.000      2.000
             250.000       0.566      -0.566       4.000    1.20%       2.000      2.000
     Y10                   1.720       0.866       1.000   40.80%       1.000      1.000      2.000
             250.000       0.498       1.282       5.000    0.40%       2.000      2.000
     X1                    0.062       0.120      -2.808    0.40%      -0.748     -0.239      0.082
             250.000       1.015       0.257       3.249    0.40%       0.298      0.909
     X2                    0.464       0.144       0.000   53.60%       0.000      0.000      0.000
             250.000       0.249      -1.979       1.000   46.40%       1.000      1.000


THE MODEL ESTIMATION TERMINATED NORMALLY



MODEL FIT INFORMATION

Number of Free Parameters                       34

Loglikelihood

          H0 Value                       -1822.137

Information Criteria

          Akaike (AIC)                    3712.274
          Bayesian (BIC)                  3832.003
          Sample-Size Adjusted BIC        3724.221
            (n* = (n + 2) / 24)



MODEL RESULTS

                                                    Two-Tailed
                    Estimate       S.E.  Est./S.E.    P-Value

 F        BY
    Y1               999.000      0.000    999.000    999.000
    Y2                 0.568      0.041     13.925      0.000
    Y3                 0.588      0.043     13.809      0.000
    Y4                 0.569      0.042     13.440      0.000
    Y5                 0.613      0.047     13.137      0.000
    Y6                 0.181      0.023      7.863      0.000
    Y7                 0.254      0.026      9.591      0.000
    Y8                 0.192      0.022      8.731      0.000
    Y9                 0.519      0.043     11.985      0.000
    Y10                0.491      0.040     12.148      0.000

 Y1       ON
    X1                 0.070      0.034      2.075      0.038
    X2                -0.089      0.067     -1.319      0.187

 Means
    F                  0.000      0.000    999.000    999.000

 Intercepts
    Y1                 1.803      0.055     32.654      0.000
    Y2                 1.796      0.047     38.417      0.000
    Y3                 3.008      0.049     61.817      0.000
    Y4                 3.080      0.048     64.078      0.000
    Y5                 3.020      0.053     57.418      0.000
    Y6                 1.140      0.023     48.805      0.000
    Y7                 1.188      0.028     42.795      0.000
    Y8                 1.140      0.023     50.303      0.000
    Y9                 1.816      0.048     38.161      0.000
    Y10                1.720      0.045     38.553      0.000

 Variances
    F                  1.000      0.000    999.000    999.000

 Residual Variances
    Y1                 0.233      0.024      9.683      0.000
    Y2                 0.224      0.024      9.476      0.000
    Y3                 0.247      0.026      9.520      0.000
    Y4                 0.253      0.026      9.671      0.000
    Y5                 0.316      0.032      9.783      0.000
    Y6                 0.104      0.010     10.798      0.000
    Y7                 0.128      0.012     10.584      0.000
    Y8                 0.092      0.009     10.693      0.000
    Y9                 0.297      0.029     10.095      0.000
    Y10                0.256      0.025     10.049      0.000

New/Additional Parameters
    L1_0               0.530      0.051     10.469      0.000
    L1_1               0.029      0.035      0.818      0.413
    L1_2               0.016      0.070      0.231      0.818


QUALITY OF NUMERICAL RESULTS

     Condition Number for the Information Matrix              0.723E-04
       (ratio of smallest to largest eigenvalue)


     Beginning Time:  03:26:22
        Ending Time:  03:26:23
       Elapsed Time:  00:00:01



MUTHEN & MUTHEN
3463 Stoner Ave.
Los Angeles, CA  90066

Tel: (310) 391-9971
Fax: (310) 391-8971
Web: www.StatModel.com
Support: Support@StatModel.com

Copyright (c) 1998-2019 Muthen & Muthen
