Mplus VERSION 8.3
MUTHEN & MUTHEN
04/24/2024   3:37 AM

INPUT INSTRUCTIONS


  TITLE: Test with 10 reps

  DATA:
  File is
  G2_B1_N1_rep289.csv;

  VARIABLE:
      Names are x1 x2 eta
  	y1 y2 y3 y4 y5 y6 y7 y8 y9 y10;
      Usevariables are y1-y10 x1 x2;
      constraint = x1 x2;

  MODEL:
      f BY y1* (l1);
      f BY y2* (l2);
      f BY y3* (l3);
      f BY y4* (l4);
      f BY y5* (l5);
      f BY y6* (l6);
      f BY y7* (l7);
      f BY y8* (l8);
      f BY y9* (l9);
      f BY y10* (l10);

  y9 ON x1 x2;
  f@1;
  [f@0];

  MODEL CONSTRAINT:
      new (l9_0 l9_1 l9_2);
      l9 = l9_0 + l9_1*x1 + l9_2*x2;




INPUT READING TERMINATED NORMALLY



Test with 10 reps

SUMMARY OF ANALYSIS

Number of groups                                                 1
Number of observations                                         250

Number of dependent variables                                   10
Number of independent variables                                  2
Number of continuous latent variables                            1

Observed dependent variables

  Continuous
   Y1          Y2          Y3          Y4          Y5          Y6
   Y7          Y8          Y9          Y10

Observed independent variables
   X1          X2

Continuous latent variables
   F


Estimator                                                       ML
Information matrix                                        OBSERVED
Maximum number of iterations                                  1000
Convergence criterion                                    0.500D-04
Maximum number of steepest descent iterations                   20

Input data file(s)
  G2_B1_N1_rep289.csv

Input data format  FREE



UNIVARIATE SAMPLE STATISTICS


     UNIVARIATE HIGHER-ORDER MOMENT DESCRIPTIVE STATISTICS

         Variable/         Mean/     Skewness/   Minimum/ % with                Percentiles
        Sample Size      Variance    Kurtosis    Maximum  Min/Max      20%/60%    40%/80%    Median

     Y1                    1.736       1.365       1.000   45.60%       1.000      1.000      2.000
             250.000       0.714       2.375       5.000    1.60%       2.000      2.000
     Y2                    1.796       1.015       1.000   37.20%       1.000      2.000      2.000
             250.000       0.578       1.801       5.000    0.80%       2.000      2.000
     Y3                    3.016       0.071       1.000    1.20%       2.000      3.000      3.000
             250.000       0.616      -0.371       5.000    2.00%       3.000      4.000
     Y4                    2.940       0.056       1.000    2.40%       2.000      3.000      3.000
             250.000       0.616       0.004       5.000    2.00%       3.000      4.000
     Y5                    3.020       0.171       1.000    1.60%       2.000      3.000      3.000
             250.000       0.692      -0.269       5.000    3.60%       3.000      4.000
     Y6                    1.132       4.249       1.000   89.60%       1.000      1.000      1.000
             250.000       0.195      21.058       4.000    1.20%       1.000      1.000
     Y7                    1.176       3.183       1.000   85.60%       1.000      1.000      1.000
             250.000       0.225      11.655       4.000    0.80%       1.000      1.000
     Y8                    1.148       3.176       1.000   86.80%       1.000      1.000      1.000
             250.000       0.166      12.311       4.000    0.40%       1.000      1.000
     Y9                    1.760       1.116       1.000   42.00%       1.000      1.000      2.000
             250.000       0.638       1.620       5.000    0.80%       2.000      2.000
     Y10                   1.704       1.035       1.000   45.20%       1.000      1.000      2.000
             250.000       0.592       0.852       4.000    3.60%       2.000      2.000
     X1                   -0.132      -0.131      -2.694    0.40%      -1.010     -0.367     -0.132
             250.000       0.841      -0.391       2.101    0.40%       0.155      0.673
     X2                    0.532      -0.128       0.000   46.80%       0.000      0.000      1.000
             250.000       0.249      -1.984       1.000   53.20%       1.000      1.000


THE MODEL ESTIMATION TERMINATED NORMALLY



MODEL FIT INFORMATION

Number of Free Parameters                       34

Loglikelihood

          H0 Value                       -1943.839

Information Criteria

          Akaike (AIC)                    3955.677
          Bayesian (BIC)                  4075.407
          Sample-Size Adjusted BIC        3967.624
            (n* = (n + 2) / 24)



MODEL RESULTS

                                                    Two-Tailed
                    Estimate       S.E.  Est./S.E.    P-Value

 F        BY
    Y1                 0.633      0.047     13.484      0.000
    Y2                 0.583      0.042     13.927      0.000
    Y3                 0.562      0.044     12.665      0.000
    Y4                 0.585      0.044     13.386      0.000
    Y5                 0.550      0.048     11.386      0.000
    Y6                 0.272      0.026     10.403      0.000
    Y7                 0.323      0.027     11.818      0.000
    Y8                 0.266      0.024     11.147      0.000
    Y9               999.000      0.000    999.000    999.000
    Y10                0.563      0.043     13.056      0.000

 Y9       ON
    X1                 0.018      0.038      0.480      0.631
    X2                -0.033      0.070     -0.471      0.638

 Means
    F                  0.000      0.000    999.000    999.000

 Intercepts
    Y1                 1.736      0.053     32.477      0.000
    Y2                 1.796      0.048     37.339      0.000
    Y3                 3.016      0.050     60.772      0.000
    Y4                 2.940      0.050     59.209      0.000
    Y5                 3.020      0.053     57.418      0.000
    Y6                 1.132      0.028     40.576      0.000
    Y7                 1.176      0.030     39.198      0.000
    Y8                 1.148      0.026     44.538      0.000
    Y9                 1.782      0.065     27.517      0.000
    Y10                1.704      0.049     35.006      0.000

 Variances
    F                  1.000      0.000    999.000    999.000

 Residual Variances
    Y1                 0.314      0.032      9.811      0.000
    Y2                 0.239      0.025      9.647      0.000
    Y3                 0.300      0.030     10.040      0.000
    Y4                 0.274      0.028      9.836      0.000
    Y5                 0.390      0.038     10.355      0.000
    Y6                 0.121      0.011     10.481      0.000
    Y7                 0.121      0.012     10.215      0.000
    Y8                 0.095      0.009     10.313      0.000
    Y9                 0.248      0.026      9.462      0.000
    Y10                0.275      0.028      9.953      0.000

New/Additional Parameters
    L9_0               0.653      0.065     10.098      0.000
    L9_1               0.028      0.043      0.656      0.512
    L9_2              -0.031      0.076     -0.404      0.686


QUALITY OF NUMERICAL RESULTS

     Condition Number for the Information Matrix              0.823E-04
       (ratio of smallest to largest eigenvalue)


     Beginning Time:  03:37:48
        Ending Time:  03:37:49
       Elapsed Time:  00:00:01



MUTHEN & MUTHEN
3463 Stoner Ave.
Los Angeles, CA  90066

Tel: (310) 391-9971
Fax: (310) 391-8971
Web: www.StatModel.com
Support: Support@StatModel.com

Copyright (c) 1998-2019 Muthen & Muthen
