Mplus VERSION 8.3
MUTHEN & MUTHEN
04/24/2024   3:33 AM

INPUT INSTRUCTIONS


  TITLE: Test with 10 reps

  DATA:
  File is
  G2_B1_N1_rep273.csv;

  VARIABLE:
      Names are x1 x2 eta
  	y1 y2 y3 y4 y5 y6 y7 y8 y9 y10;
      Usevariables are y1-y10 x1 x2;
      constraint = x1 x2;

  MODEL:
      f BY y1* (l1);
      f BY y2* (l2);
      f BY y3* (l3);
      f BY y4* (l4);
      f BY y5* (l5);
      f BY y6* (l6);
      f BY y7* (l7);
      f BY y8* (l8);
      f BY y9* (l9);
      f BY y10* (l10);

  y8 ON x1 x2;
  f@1;
  [f@0];

  MODEL CONSTRAINT:
      new (l8_0 l8_1 l8_2);
      l8 = l8_0 + l8_1*x1 + l8_2*x2;




INPUT READING TERMINATED NORMALLY



Test with 10 reps

SUMMARY OF ANALYSIS

Number of groups                                                 1
Number of observations                                         250

Number of dependent variables                                   10
Number of independent variables                                  2
Number of continuous latent variables                            1

Observed dependent variables

  Continuous
   Y1          Y2          Y3          Y4          Y5          Y6
   Y7          Y8          Y9          Y10

Observed independent variables
   X1          X2

Continuous latent variables
   F


Estimator                                                       ML
Information matrix                                        OBSERVED
Maximum number of iterations                                  1000
Convergence criterion                                    0.500D-04
Maximum number of steepest descent iterations                   20

Input data file(s)
  G2_B1_N1_rep273.csv

Input data format  FREE



UNIVARIATE SAMPLE STATISTICS


     UNIVARIATE HIGHER-ORDER MOMENT DESCRIPTIVE STATISTICS

         Variable/         Mean/     Skewness/   Minimum/ % with                Percentiles
        Sample Size      Variance    Kurtosis    Maximum  Min/Max      20%/60%    40%/80%    Median

     Y1                    1.856       0.921       1.000   34.00%       1.000      2.000      2.000
             250.000       0.603       1.433       5.000    0.80%       2.000      2.000
     Y2                    1.868       0.780       1.000   34.40%       1.000      2.000      2.000
             250.000       0.619       0.646       5.000    0.40%       2.000      2.000
     Y3                    3.112      -0.009       1.000    1.20%       2.000      3.000      3.000
             250.000       0.627      -0.271       5.000    2.80%       3.000      4.000
     Y4                    3.120       0.014       1.000    0.40%       2.000      3.000      3.000
             250.000       0.578      -0.522       5.000    2.00%       3.000      4.000
     Y5                    3.128       0.103       1.000    1.20%       3.000      3.000      3.000
             250.000       0.584       0.215       5.000    3.60%       3.000      4.000
     Y6                    1.240       2.789       1.000   79.60%       1.000      1.000      1.000
             250.000       0.278      11.078       5.000    0.40%       1.000      2.000
     Y7                    1.260       2.459       1.000   78.40%       1.000      1.000      1.000
             250.000       0.304       6.912       4.000    1.20%       1.000      2.000
     Y8                    1.184       3.503       1.000   84.40%       1.000      1.000      1.000
             250.000       0.230      17.456       5.000    0.40%       1.000      1.000
     Y9                    1.904       0.813       1.000   34.40%       1.000      2.000      2.000
             250.000       0.687       0.705       5.000    0.80%       2.000      3.000
     Y10                   1.900       0.788       1.000   36.00%       1.000      2.000      2.000
             250.000       0.714       0.498       5.000    0.80%       2.000      3.000
     X1                    0.034       0.286      -2.708    0.40%      -0.827     -0.261     -0.067
             250.000       1.061      -0.119       2.710    0.40%       0.135      0.896
     X2                    0.480       0.080       0.000   52.00%       0.000      0.000      0.000
             250.000       0.250      -1.994       1.000   48.00%       1.000      1.000


THE MODEL ESTIMATION TERMINATED NORMALLY



MODEL FIT INFORMATION

Number of Free Parameters                       34

Loglikelihood

          H0 Value                       -2064.569

Information Criteria

          Akaike (AIC)                    4197.138
          Bayesian (BIC)                  4316.868
          Sample-Size Adjusted BIC        4209.085
            (n* = (n + 2) / 24)



MODEL RESULTS

                                                    Two-Tailed
                    Estimate       S.E.  Est./S.E.    P-Value

 F        BY
    Y1                 0.567      0.044     13.000      0.000
    Y2                 0.606      0.043     14.045      0.000
    Y3                 0.600      0.044     13.694      0.000
    Y4                 0.539      0.043     12.486      0.000
    Y5                 0.543      0.043     12.524      0.000
    Y6                 0.322      0.031     10.276      0.000
    Y7                 0.360      0.032     11.193      0.000
    Y8               999.000      0.000    999.000    999.000
    Y9                 0.619      0.046     13.428      0.000
    Y10                0.652      0.046     14.085      0.000

 Y8       ON
    X1                 0.032      0.024      1.338      0.181
    X2                -0.022      0.050     -0.438      0.661

 Means
    F                  0.000      0.000    999.000    999.000

 Intercepts
    Y1                 1.856      0.049     37.783      0.000
    Y2                 1.868      0.050     37.554      0.000
    Y3                 3.112      0.050     62.118      0.000
    Y4                 3.120      0.048     64.910      0.000
    Y5                 3.128      0.048     64.740      0.000
    Y6                 1.240      0.033     37.158      0.000
    Y7                 1.260      0.035     36.109      0.000
    Y8                 1.190      0.037     32.175      0.000
    Y9                 1.904      0.052     36.327      0.000
    Y10                1.900      0.053     35.553      0.000

 Variances
    F                  1.000      0.000    999.000    999.000

 Residual Variances
    Y1                 0.282      0.028      9.955      0.000
    Y2                 0.251      0.026      9.609      0.000
    Y3                 0.268      0.028      9.712      0.000
    Y4                 0.287      0.029     10.048      0.000
    Y5                 0.289      0.029     10.072      0.000
    Y6                 0.175      0.017     10.538      0.000
    Y7                 0.175      0.017     10.365      0.000
    Y8                 0.144      0.014     10.522      0.000
    Y9                 0.304      0.031      9.814      0.000
    Y10                0.288      0.030      9.579      0.000

New/Additional Parameters
    L8_0               0.225      0.039      5.721      0.000
    L8_1              -0.010      0.024     -0.425      0.671
    L8_2               0.111      0.052      2.114      0.035


QUALITY OF NUMERICAL RESULTS

     Condition Number for the Information Matrix              0.184E-03
       (ratio of smallest to largest eigenvalue)


     Beginning Time:  03:33:36
        Ending Time:  03:33:37
       Elapsed Time:  00:00:01



MUTHEN & MUTHEN
3463 Stoner Ave.
Los Angeles, CA  90066

Tel: (310) 391-9971
Fax: (310) 391-8971
Web: www.StatModel.com
Support: Support@StatModel.com

Copyright (c) 1998-2019 Muthen & Muthen
