Mplus VERSION 8.3
MUTHEN & MUTHEN
04/24/2024   3:34 AM

INPUT INSTRUCTIONS


  TITLE: Test with 10 reps

  DATA:
  File is
  G2_B1_N1_rep277.csv;

  VARIABLE:
      Names are x1 x2 eta
  	y1 y2 y3 y4 y5 y6 y7 y8 y9 y10;
      Usevariables are y1-y10 x1 x2;
      constraint = x1 x2;

  MODEL:
      f BY y1* (l1);
      f BY y2* (l2);
      f BY y3* (l3);
      f BY y4* (l4);
      f BY y5* (l5);
      f BY y6* (l6);
      f BY y7* (l7);
      f BY y8* (l8);
      f BY y9* (l9);
      f BY y10* (l10);

  y4 ON x1 x2;
  f@1;
  [f@0];

  MODEL CONSTRAINT:
      new (l4_0 l4_1 l4_2);
      l4 = l4_0 + l4_1*x1 + l4_2*x2;




INPUT READING TERMINATED NORMALLY



Test with 10 reps

SUMMARY OF ANALYSIS

Number of groups                                                 1
Number of observations                                         250

Number of dependent variables                                   10
Number of independent variables                                  2
Number of continuous latent variables                            1

Observed dependent variables

  Continuous
   Y1          Y2          Y3          Y4          Y5          Y6
   Y7          Y8          Y9          Y10

Observed independent variables
   X1          X2

Continuous latent variables
   F


Estimator                                                       ML
Information matrix                                        OBSERVED
Maximum number of iterations                                  1000
Convergence criterion                                    0.500D-04
Maximum number of steepest descent iterations                   20

Input data file(s)
  G2_B1_N1_rep277.csv

Input data format  FREE



UNIVARIATE SAMPLE STATISTICS


     UNIVARIATE HIGHER-ORDER MOMENT DESCRIPTIVE STATISTICS

         Variable/         Mean/     Skewness/   Minimum/ % with                Percentiles
        Sample Size      Variance    Kurtosis    Maximum  Min/Max      20%/60%    40%/80%    Median

     Y1                    1.868       0.849       1.000   33.60%       1.000      2.000      2.000
             250.000       0.603       1.226       5.000    0.80%       2.000      2.000
     Y2                    1.860       0.765       1.000   32.40%       1.000      2.000      2.000
             250.000       0.544       1.372       5.000    0.80%       2.000      2.000
     Y3                    3.080       0.056       1.000    2.00%       3.000      3.000      3.000
             250.000       0.618       0.313       5.000    3.60%       3.000      4.000
     Y4                    3.144      -0.023       1.000    1.20%       3.000      3.000      3.000
             250.000       0.571       0.083       5.000    2.80%       3.000      4.000
     Y5                    3.120      -0.116       1.000    0.40%       3.000      3.000      3.000
             250.000       0.514      -0.544       5.000    0.80%       3.000      4.000
     Y6                    1.160       2.534       1.000   85.60%       1.000      1.000      1.000
             250.000       0.166       5.945       3.000    1.60%       1.000      1.000
     Y7                    1.192       2.960       1.000   84.00%       1.000      1.000      1.000
             250.000       0.235      10.157       4.000    0.80%       1.000      1.000
     Y8                    1.160       2.968       1.000   85.60%       1.000      1.000      1.000
             250.000       0.174      10.749       4.000    0.40%       1.000      1.000
     Y9                    1.868       0.741       1.000   32.00%       1.000      2.000      2.000
             250.000       0.555       0.912       5.000    0.40%       2.000      2.000
     Y10                   1.868       0.889       1.000   33.60%       1.000      2.000      2.000
             250.000       0.611       1.302       5.000    0.80%       2.000      2.000
     X1                    0.025       0.138      -2.590    0.40%      -0.872     -0.301     -0.034
             250.000       0.935      -0.153       3.063    0.40%       0.229      0.946
     X2                    0.552      -0.209       0.000   44.80%       0.000      0.000      1.000
             250.000       0.247      -1.956       1.000   55.20%       1.000      1.000


THE MODEL ESTIMATION TERMINATED NORMALLY



MODEL FIT INFORMATION

Number of Free Parameters                       34

Loglikelihood

          H0 Value                       -1832.793

Information Criteria

          Akaike (AIC)                    3733.585
          Bayesian (BIC)                  3853.315
          Sample-Size Adjusted BIC        3745.532
            (n* = (n + 2) / 24)



MODEL RESULTS

                                                    Two-Tailed
                    Estimate       S.E.  Est./S.E.    P-Value

 F        BY
    Y1                 0.630      0.041     15.192      0.000
    Y2                 0.567      0.040     14.027      0.000
    Y3                 0.589      0.044     13.538      0.000
    Y4               999.000      0.000    999.000    999.000
    Y5                 0.485      0.041     11.758      0.000
    Y6                 0.228      0.025      9.259      0.000
    Y7                 0.318      0.028     11.308      0.000
    Y8                 0.257      0.025     10.396      0.000
    Y9                 0.572      0.041     14.021      0.000
    Y10                0.599      0.043     13.968      0.000

 Y4       ON
    X1                 0.010      0.037      0.260      0.795
    X2                 0.003      0.070      0.045      0.964

 Means
    F                  0.000      0.000    999.000    999.000

 Intercepts
    Y1                 1.868      0.049     38.049      0.000
    Y2                 1.860      0.047     39.859      0.000
    Y3                 3.080      0.050     61.968      0.000
    Y4                 3.146      0.061     51.561      0.000
    Y5                 3.120      0.045     68.835      0.000
    Y6                 1.160      0.026     44.963      0.000
    Y7                 1.192      0.031     38.868      0.000
    Y8                 1.160      0.026     43.919      0.000
    Y9                 1.868      0.047     39.661      0.000
    Y10                1.868      0.049     37.799      0.000

 Variances
    F                  1.000      0.000    999.000    999.000

 Residual Variances
    Y1                 0.206      0.022      9.216      0.000
    Y2                 0.223      0.023      9.713      0.000
    Y3                 0.270      0.027      9.855      0.000
    Y4                 0.274      0.027     10.134      0.000
    Y5                 0.279      0.027     10.315      0.000
    Y6                 0.114      0.011     10.718      0.000
    Y7                 0.134      0.013     10.396      0.000
    Y8                 0.108      0.010     10.549      0.000
    Y9                 0.227      0.023      9.721      0.000
    Y10                0.252      0.026      9.730      0.000

New/Additional Parameters
    L4_0               0.528      0.059      8.884      0.000
    L4_1              -0.079      0.038     -2.080      0.038
    L4_2               0.035      0.074      0.470      0.638


QUALITY OF NUMERICAL RESULTS

     Condition Number for the Information Matrix              0.104E-03
       (ratio of smallest to largest eigenvalue)


     Beginning Time:  03:34:25
        Ending Time:  03:34:26
       Elapsed Time:  00:00:01



MUTHEN & MUTHEN
3463 Stoner Ave.
Los Angeles, CA  90066

Tel: (310) 391-9971
Fax: (310) 391-8971
Web: www.StatModel.com
Support: Support@StatModel.com

Copyright (c) 1998-2019 Muthen & Muthen
