Mplus VERSION 8.3
MUTHEN & MUTHEN
04/24/2024   3:38 AM

INPUT INSTRUCTIONS


  TITLE: Test with 10 reps

  DATA:
  File is
  G2_B1_N1_rep29.csv;

  VARIABLE:
      Names are x1 x2 eta
  	y1 y2 y3 y4 y5 y6 y7 y8 y9 y10;
      Usevariables are y1-y10 x1 x2;
      constraint = x1 x2;

  MODEL:
      f BY y1* (l1);
      f BY y2* (l2);
      f BY y3* (l3);
      f BY y4* (l4);
      f BY y5* (l5);
      f BY y6* (l6);
      f BY y7* (l7);
      f BY y8* (l8);
      f BY y9* (l9);
      f BY y10* (l10);

  y9 ON x1 x2;
  f@1;
  [f@0];

  MODEL CONSTRAINT:
      new (l9_0 l9_1 l9_2);
      l9 = l9_0 + l9_1*x1 + l9_2*x2;




INPUT READING TERMINATED NORMALLY



Test with 10 reps

SUMMARY OF ANALYSIS

Number of groups                                                 1
Number of observations                                         250

Number of dependent variables                                   10
Number of independent variables                                  2
Number of continuous latent variables                            1

Observed dependent variables

  Continuous
   Y1          Y2          Y3          Y4          Y5          Y6
   Y7          Y8          Y9          Y10

Observed independent variables
   X1          X2

Continuous latent variables
   F


Estimator                                                       ML
Information matrix                                        OBSERVED
Maximum number of iterations                                  1000
Convergence criterion                                    0.500D-04
Maximum number of steepest descent iterations                   20

Input data file(s)
  G2_B1_N1_rep29.csv

Input data format  FREE



UNIVARIATE SAMPLE STATISTICS


     UNIVARIATE HIGHER-ORDER MOMENT DESCRIPTIVE STATISTICS

         Variable/         Mean/     Skewness/   Minimum/ % with                Percentiles
        Sample Size      Variance    Kurtosis    Maximum  Min/Max      20%/60%    40%/80%    Median

     Y1                    1.828       0.852       1.000   37.20%       1.000      2.000      2.000
             250.000       0.622       0.749       5.000    0.40%       2.000      2.000
     Y2                    1.796       1.198       1.000   42.00%       1.000      1.000      2.000
             250.000       0.738       1.604       5.000    1.20%       2.000      2.000
     Y3                    3.076       0.109       1.000    1.20%       2.000      3.000      3.000
             250.000       0.622      -0.112       5.000    3.20%       3.000      4.000
     Y4                    3.124      -0.037       1.000    1.60%       2.000      3.000      3.000
             250.000       0.637      -0.093       5.000    3.20%       3.000      4.000
     Y5                    3.036       0.305       1.000    0.40%       2.000      3.000      3.000
             250.000       0.595      -0.163       5.000    3.20%       3.000      4.000
     Y6                    1.184       3.503       1.000   84.40%       1.000      1.000      1.000
             250.000       0.230      17.456       5.000    0.40%       1.000      1.000
     Y7                    1.148       4.455       1.000   87.20%       1.000      1.000      1.000
             250.000       0.198      27.807       5.000    0.40%       1.000      1.000
     Y8                    1.116       3.163       1.000   89.60%       1.000      1.000      1.000
             250.000       0.127       9.960       3.000    1.20%       1.000      1.000
     Y9                    1.796       0.893       1.000   35.60%       1.000      2.000      2.000
             250.000       0.530       1.434       5.000    0.40%       2.000      2.000
     Y10                   1.836       0.962       1.000   33.20%       1.000      2.000      2.000
             250.000       0.561       1.555       5.000    0.40%       2.000      2.000
     X1                   -0.018       0.051      -2.546    0.40%      -0.925     -0.188      0.036
             250.000       1.099       0.114       3.953    0.40%       0.256      0.897
     X2                    0.496       0.016       0.000   50.40%       0.000      0.000      0.000
             250.000       0.250      -2.000       1.000   49.60%       1.000      1.000


THE MODEL ESTIMATION TERMINATED NORMALLY



MODEL FIT INFORMATION

Number of Free Parameters                       34

Loglikelihood

          H0 Value                       -1904.866

Information Criteria

          Akaike (AIC)                    3877.731
          Bayesian (BIC)                  3997.461
          Sample-Size Adjusted BIC        3889.678
            (n* = (n + 2) / 24)



MODEL RESULTS

                                                    Two-Tailed
                    Estimate       S.E.  Est./S.E.    P-Value

 F        BY
    Y1                 0.577      0.044     13.047      0.000
    Y2                 0.704      0.046     15.355      0.000
    Y3                 0.590      0.044     13.431      0.000
    Y4                 0.577      0.045     12.827      0.000
    Y5                 0.548      0.044     12.518      0.000
    Y6                 0.306      0.028     10.858      0.000
    Y7                 0.265      0.027      9.933      0.000
    Y8                 0.174      0.022      7.866      0.000
    Y9               999.000      0.000    999.000    999.000
    Y10                0.565      0.041     13.637      0.000

 Y9       ON
    X1                 0.094      0.032      2.915      0.004
    X2                -0.056      0.067     -0.837      0.402

 Means
    F                  0.000      0.000    999.000    999.000

 Intercepts
    Y1                 1.828      0.050     36.636      0.000
    Y2                 1.796      0.054     33.047      0.000
    Y3                 3.076      0.050     61.657      0.000
    Y4                 3.124      0.050     61.907      0.000
    Y5                 3.036      0.049     62.248      0.000
    Y6                 1.184      0.030     39.023      0.000
    Y7                 1.148      0.028     40.783      0.000
    Y8                 1.116      0.022     49.604      0.000
    Y9                 1.821      0.057     32.140      0.000
    Y10                1.836      0.047     38.754      0.000

 Variances
    F                  1.000      0.000    999.000    999.000

 Residual Variances
    Y1                 0.289      0.029      9.917      0.000
    Y2                 0.243      0.027      8.895      0.000
    Y3                 0.274      0.028      9.739      0.000
    Y4                 0.304      0.030      9.979      0.000
    Y5                 0.294      0.029     10.042      0.000
    Y6                 0.136      0.013     10.380      0.000
    Y7                 0.128      0.012     10.547      0.000
    Y8                 0.096      0.009     10.829      0.000
    Y9                 0.244      0.025      9.961      0.000
    Y10                0.241      0.025      9.763      0.000

New/Additional Parameters
    L9_0               0.522      0.055      9.473      0.000
    L9_1               0.074      0.034      2.203      0.028
    L9_2              -0.036      0.070     -0.506      0.613


QUALITY OF NUMERICAL RESULTS

     Condition Number for the Information Matrix              0.785E-04
       (ratio of smallest to largest eigenvalue)


     Beginning Time:  03:38:01
        Ending Time:  03:38:02
       Elapsed Time:  00:00:01



MUTHEN & MUTHEN
3463 Stoner Ave.
Los Angeles, CA  90066

Tel: (310) 391-9971
Fax: (310) 391-8971
Web: www.StatModel.com
Support: Support@StatModel.com

Copyright (c) 1998-2019 Muthen & Muthen
