Mplus VERSION 8.3
MUTHEN & MUTHEN
04/24/2024   3:33 AM

INPUT INSTRUCTIONS


  TITLE: Test with 10 reps

  DATA:
  File is
  G2_B1_N1_rep272.csv;

  VARIABLE:
      Names are x1 x2 eta
  	y1 y2 y3 y4 y5 y6 y7 y8 y9 y10;
      Usevariables are y1-y10 x1 x2;
      constraint = x1 x2;

  MODEL:
      f BY y1* (l1);
      f BY y2* (l2);
      f BY y3* (l3);
      f BY y4* (l4);
      f BY y5* (l5);
      f BY y6* (l6);
      f BY y7* (l7);
      f BY y8* (l8);
      f BY y9* (l9);
      f BY y10* (l10);

  y1 ON x1 x2;
  f@1;
  [f@0];

  MODEL CONSTRAINT:
      new (l1_0 l1_1 l1_2);
      l1 = l1_0 + l1_1*x1 + l1_2*x2;




INPUT READING TERMINATED NORMALLY



Test with 10 reps

SUMMARY OF ANALYSIS

Number of groups                                                 1
Number of observations                                         250

Number of dependent variables                                   10
Number of independent variables                                  2
Number of continuous latent variables                            1

Observed dependent variables

  Continuous
   Y1          Y2          Y3          Y4          Y5          Y6
   Y7          Y8          Y9          Y10

Observed independent variables
   X1          X2

Continuous latent variables
   F


Estimator                                                       ML
Information matrix                                        OBSERVED
Maximum number of iterations                                  1000
Convergence criterion                                    0.500D-04
Maximum number of steepest descent iterations                   20

Input data file(s)
  G2_B1_N1_rep272.csv

Input data format  FREE



UNIVARIATE SAMPLE STATISTICS


     UNIVARIATE HIGHER-ORDER MOMENT DESCRIPTIVE STATISTICS

         Variable/         Mean/     Skewness/   Minimum/ % with                Percentiles
        Sample Size      Variance    Kurtosis    Maximum  Min/Max      20%/60%    40%/80%    Median

     Y1                    1.800       0.687       1.000   37.60%       1.000      2.000      2.000
             250.000       0.560       0.133       4.000    2.40%       2.000      2.000
     Y2                    1.756       1.043       1.000   40.40%       1.000      1.000      2.000
             250.000       0.576       1.791       5.000    0.80%       2.000      2.000
     Y3                    3.044      -0.076       1.000    1.60%       2.000      3.000      3.000
             250.000       0.602      -0.276       5.000    1.60%       3.000      4.000
     Y4                    3.084       0.025       1.000    1.20%       2.000      3.000      3.000
             250.000       0.573      -0.002       5.000    2.40%       3.000      4.000
     Y5                    2.992       0.245       1.000    1.60%       2.000      3.000      3.000
             250.000       0.648       0.039       5.000    3.60%       3.000      4.000
     Y6                    1.176       2.423       1.000   84.40%       1.000      1.000      1.000
             250.000       0.185       5.322       3.000    2.00%       1.000      1.000
     Y7                    1.152       2.651       1.000   86.40%       1.000      1.000      1.000
             250.000       0.161       6.623       3.000    1.60%       1.000      1.000
     Y8                    1.156       2.698       1.000   86.40%       1.000      1.000      1.000
             250.000       0.172       6.862       3.000    2.00%       1.000      1.000
     Y9                    1.780       1.026       1.000   38.80%       1.000      2.000      2.000
             250.000       0.596       1.386       5.000    0.40%       2.000      2.000
     Y10                   1.748       0.593       1.000   38.00%       1.000      2.000      2.000
             250.000       0.468       0.122       4.000    1.20%       2.000      2.000
     X1                    0.074       0.166      -2.345    0.40%      -0.783     -0.266      0.051
             250.000       1.053      -0.121       3.217    0.40%       0.386      0.902
     X2                    0.472       0.112       0.000   52.80%       0.000      0.000      0.000
             250.000       0.249      -1.987       1.000   47.20%       1.000      1.000


THE MODEL ESTIMATION TERMINATED NORMALLY



MODEL FIT INFORMATION

Number of Free Parameters                       34

Loglikelihood

          H0 Value                       -1834.799

Information Criteria

          Akaike (AIC)                    3737.599
          Bayesian (BIC)                  3857.328
          Sample-Size Adjusted BIC        3749.545
            (n* = (n + 2) / 24)



MODEL RESULTS

                                                    Two-Tailed
                    Estimate       S.E.  Est./S.E.    P-Value

 F        BY
    Y1               999.000      0.000    999.000    999.000
    Y2                 0.577      0.042     13.727      0.000
    Y3                 0.570      0.044     13.111      0.000
    Y4                 0.541      0.043     12.612      0.000
    Y5                 0.556      0.046     12.036      0.000
    Y6                 0.278      0.025     11.008      0.000
    Y7                 0.235      0.024      9.747      0.000
    Y8                 0.268      0.024     11.030      0.000
    Y9                 0.592      0.043     13.917      0.000
    Y10                0.499      0.039     12.957      0.000

 Y1       ON
    X1                -0.004      0.034     -0.127      0.899
    X2                 0.000      0.068     -0.002      0.998

 Means
    F                  0.000      0.000    999.000    999.000

 Intercepts
    Y1                 1.797      0.057     31.371      0.000
    Y2                 1.756      0.048     36.569      0.000
    Y3                 3.044      0.049     62.029      0.000
    Y4                 3.084      0.048     64.421      0.000
    Y5                 2.992      0.051     58.771      0.000
    Y6                 1.176      0.027     43.228      0.000
    Y7                 1.152      0.025     45.410      0.000
    Y8                 1.156      0.026     44.115      0.000
    Y9                 1.780      0.049     36.468      0.000
    Y10                1.748      0.043     40.379      0.000

 Variances
    F                  1.000      0.000    999.000    999.000

 Residual Variances
    Y1                 0.255      0.026      9.847      0.000
    Y2                 0.244      0.025      9.612      0.000
    Y3                 0.277      0.028      9.855      0.000
    Y4                 0.280      0.028     10.002      0.000
    Y5                 0.339      0.033     10.135      0.000
    Y6                 0.108      0.010     10.344      0.000
    Y7                 0.106      0.010     10.582      0.000
    Y8                 0.100      0.010     10.310      0.000
    Y9                 0.245      0.026      9.557      0.000
    Y10                0.220      0.022      9.904      0.000

New/Additional Parameters
    L1_0               0.552      0.057      9.725      0.000
    L1_1               0.029      0.034      0.847      0.397
    L1_2              -0.004      0.073     -0.057      0.954


QUALITY OF NUMERICAL RESULTS

     Condition Number for the Information Matrix              0.896E-04
       (ratio of smallest to largest eigenvalue)


     Beginning Time:  03:33:10
        Ending Time:  03:33:12
       Elapsed Time:  00:00:02



MUTHEN & MUTHEN
3463 Stoner Ave.
Los Angeles, CA  90066

Tel: (310) 391-9971
Fax: (310) 391-8971
Web: www.StatModel.com
Support: Support@StatModel.com

Copyright (c) 1998-2019 Muthen & Muthen
