Mplus VERSION 8.3
MUTHEN & MUTHEN
04/24/2024   3:36 AM

INPUT INSTRUCTIONS


  TITLE: Test with 10 reps

  DATA:
  File is
  G2_B1_N1_rep284.csv;

  VARIABLE:
      Names are x1 x2 eta
  	y1 y2 y3 y4 y5 y6 y7 y8 y9 y10;
      Usevariables are y1-y10 x1 x2;
      constraint = x1 x2;

  MODEL:
      f BY y1* (l1);
      f BY y2* (l2);
      f BY y3* (l3);
      f BY y4* (l4);
      f BY y5* (l5);
      f BY y6* (l6);
      f BY y7* (l7);
      f BY y8* (l8);
      f BY y9* (l9);
      f BY y10* (l10);

  y5 ON x1 x2;
  f@1;
  [f@0];

  MODEL CONSTRAINT:
      new (l5_0 l5_1 l5_2);
      l5 = l5_0 + l5_1*x1 + l5_2*x2;




INPUT READING TERMINATED NORMALLY



Test with 10 reps

SUMMARY OF ANALYSIS

Number of groups                                                 1
Number of observations                                         250

Number of dependent variables                                   10
Number of independent variables                                  2
Number of continuous latent variables                            1

Observed dependent variables

  Continuous
   Y1          Y2          Y3          Y4          Y5          Y6
   Y7          Y8          Y9          Y10

Observed independent variables
   X1          X2

Continuous latent variables
   F


Estimator                                                       ML
Information matrix                                        OBSERVED
Maximum number of iterations                                  1000
Convergence criterion                                    0.500D-04
Maximum number of steepest descent iterations                   20

Input data file(s)
  G2_B1_N1_rep284.csv

Input data format  FREE



UNIVARIATE SAMPLE STATISTICS


     UNIVARIATE HIGHER-ORDER MOMENT DESCRIPTIVE STATISTICS

         Variable/         Mean/     Skewness/   Minimum/ % with                Percentiles
        Sample Size      Variance    Kurtosis    Maximum  Min/Max      20%/60%    40%/80%    Median

     Y1                    1.860       1.077       1.000   35.60%       1.000      2.000      2.000
             250.000       0.680       1.662       5.000    1.20%       2.000      2.000
     Y2                    1.868       1.235       1.000   38.80%       1.000      2.000      2.000
             250.000       0.819       1.849       5.000    2.40%       2.000      2.000
     Y3                    3.024      -0.006       1.000    2.80%       2.000      3.000      3.000
             250.000       0.719      -0.222       5.000    3.20%       3.000      4.000
     Y4                    3.036       0.117       1.000    2.40%       2.000      3.000      3.000
             250.000       0.747      -0.225       5.000    4.40%       3.000      4.000
     Y5                    3.048      -0.012       1.000    2.40%       2.000      3.000      3.000
             250.000       0.718      -0.314       5.000    3.20%       3.000      4.000
     Y6                    1.216       2.402       1.000   81.20%       1.000      1.000      1.000
             250.000       0.233       6.304       4.000    0.40%       1.000      1.000
     Y7                    1.208       2.781       1.000   82.80%       1.000      1.000      1.000
             250.000       0.253       8.751       4.000    0.80%       1.000      1.000
     Y8                    1.180       2.159       1.000   83.20%       1.000      1.000      1.000
             250.000       0.172       3.896       3.000    1.20%       1.000      1.000
     Y9                    1.852       1.222       1.000   40.40%       1.000      1.000      2.000
             250.000       0.846       1.391       5.000    1.60%       2.000      2.000
     Y10                   1.852       0.696       1.000   36.80%       1.000      2.000      2.000
             250.000       0.638      -0.010       4.000    3.60%       2.000      2.000
     X1                   -0.093       0.037      -3.199    0.40%      -0.896     -0.300     -0.041
             250.000       0.981       0.249       2.816    0.40%       0.165      0.689
     X2                    0.472       0.112       0.000   52.80%       0.000      0.000      0.000
             250.000       0.249      -1.987       1.000   47.20%       1.000      1.000


THE MODEL ESTIMATION TERMINATED NORMALLY



MODEL FIT INFORMATION

Number of Free Parameters                       34

Loglikelihood

          H0 Value                       -2132.879

Information Criteria

          Akaike (AIC)                    4333.759
          Bayesian (BIC)                  4453.488
          Sample-Size Adjusted BIC        4345.705
            (n* = (n + 2) / 24)



MODEL RESULTS

                                                    Two-Tailed
                    Estimate       S.E.  Est./S.E.    P-Value

 F        BY
    Y1                 0.622      0.046     13.614      0.000
    Y2                 0.674      0.050     13.369      0.000
    Y3                 0.645      0.047     13.771      0.000
    Y4                 0.657      0.048     13.764      0.000
    Y5               999.000      0.000    999.000    999.000
    Y6                 0.310      0.028     10.951      0.000
    Y7                 0.273      0.031      8.924      0.000
    Y8                 0.237      0.025      9.501      0.000
    Y9                 0.731      0.050     14.679      0.000
    Y10                0.551      0.046     12.045      0.000

 Y5       ON
    X1                 0.026      0.040      0.652      0.514
    X2                 0.038      0.079      0.474      0.636

 Means
    F                  0.000      0.000    999.000    999.000

 Intercepts
    Y1                 1.860      0.052     35.653      0.000
    Y2                 1.868      0.057     32.645      0.000
    Y3                 3.024      0.054     56.371      0.000
    Y4                 3.036      0.055     55.552      0.000
    Y5                 3.035      0.066     45.905      0.000
    Y6                 1.216      0.031     39.802      0.000
    Y7                 1.208      0.032     37.993      0.000
    Y8                 1.180      0.026     45.039      0.000
    Y9                 1.852      0.058     31.835      0.000
    Y10                1.852      0.051     36.658      0.000

 Variances
    F                  1.000      0.000    999.000    999.000

 Residual Variances
    Y1                 0.293      0.030      9.749      0.000
    Y2                 0.365      0.037      9.816      0.000
    Y3                 0.303      0.031      9.674      0.000
    Y4                 0.315      0.033      9.672      0.000
    Y5                 0.349      0.035     10.001      0.000
    Y6                 0.137      0.013     10.401      0.000
    Y7                 0.178      0.017     10.724      0.000
    Y8                 0.115      0.011     10.649      0.000
    Y9                 0.312      0.034      9.322      0.000
    Y10                0.334      0.033     10.201      0.000

New/Additional Parameters
    L5_0               0.619      0.064      9.720      0.000
    L5_1              -0.013      0.038     -0.341      0.733
    L5_2              -0.036      0.083     -0.431      0.667


QUALITY OF NUMERICAL RESULTS

     Condition Number for the Information Matrix              0.116E-03
       (ratio of smallest to largest eigenvalue)


     Beginning Time:  03:36:31
        Ending Time:  03:36:32
       Elapsed Time:  00:00:01



MUTHEN & MUTHEN
3463 Stoner Ave.
Los Angeles, CA  90066

Tel: (310) 391-9971
Fax: (310) 391-8971
Web: www.StatModel.com
Support: Support@StatModel.com

Copyright (c) 1998-2019 Muthen & Muthen
