Mplus VERSION 8.3
MUTHEN & MUTHEN
04/24/2024   3:25 AM

INPUT INSTRUCTIONS


  TITLE: Test with 10 reps

  DATA:
  File is
  G2_B1_N1_rep243.csv;

  VARIABLE:
      Names are x1 x2 eta
  	y1 y2 y3 y4 y5 y6 y7 y8 y9 y10;
      Usevariables are y1-y10 x1 x2;
      constraint = x1 x2;

  MODEL:
      f BY y1* (l1);
      f BY y2* (l2);
      f BY y3* (l3);
      f BY y4* (l4);
      f BY y5* (l5);
      f BY y6* (l6);
      f BY y7* (l7);
      f BY y8* (l8);
      f BY y9* (l9);
      f BY y10* (l10);

  y4 ON x1 x2;
  f@1;
  [f@0];

  MODEL CONSTRAINT:
      new (l4_0 l4_1 l4_2);
      l4 = l4_0 + l4_1*x1 + l4_2*x2;




INPUT READING TERMINATED NORMALLY



Test with 10 reps

SUMMARY OF ANALYSIS

Number of groups                                                 1
Number of observations                                         250

Number of dependent variables                                   10
Number of independent variables                                  2
Number of continuous latent variables                            1

Observed dependent variables

  Continuous
   Y1          Y2          Y3          Y4          Y5          Y6
   Y7          Y8          Y9          Y10

Observed independent variables
   X1          X2

Continuous latent variables
   F


Estimator                                                       ML
Information matrix                                        OBSERVED
Maximum number of iterations                                  1000
Convergence criterion                                    0.500D-04
Maximum number of steepest descent iterations                   20

Input data file(s)
  G2_B1_N1_rep243.csv

Input data format  FREE



UNIVARIATE SAMPLE STATISTICS


     UNIVARIATE HIGHER-ORDER MOMENT DESCRIPTIVE STATISTICS

         Variable/         Mean/     Skewness/   Minimum/ % with                Percentiles
        Sample Size      Variance    Kurtosis    Maximum  Min/Max      20%/60%    40%/80%    Median

     Y1                    1.848       1.136       1.000   34.40%       1.000      2.000      2.000
             250.000       0.633       2.162       5.000    1.20%       2.000      2.000
     Y2                    1.828       0.868       1.000   36.40%       1.000      2.000      2.000
             250.000       0.606       0.898       5.000    0.40%       2.000      2.000
     Y3                    3.072      -0.177       1.000    2.00%       2.000      3.000      3.000
             250.000       0.619      -0.228       5.000    1.60%       3.000      4.000
     Y4                    3.020      -0.137       1.000    2.80%       2.000      3.000      3.000
             250.000       0.604       0.249       5.000    2.00%       3.000      4.000
     Y5                    3.056      -0.048       1.000    2.00%       2.000      3.000      3.000
             250.000       0.613       0.029       5.000    2.40%       3.000      4.000
     Y6                    1.196       2.886       1.000   83.20%       1.000      1.000      1.000
             250.000       0.230       9.990       4.000    0.80%       1.000      1.000
     Y7                    1.216       1.795       1.000   79.60%       1.000      1.000      1.000
             250.000       0.193       2.238       3.000    1.20%       1.000      2.000
     Y8                    1.152       3.023       1.000   86.00%       1.000      1.000      1.000
             250.000       0.161      11.622       4.000    0.40%       1.000      1.000
     Y9                    1.756       1.113       1.000   42.80%       1.000      1.000      2.000
             250.000       0.648       1.528       5.000    0.80%       2.000      2.000
     Y10                   1.796       0.584       1.000   35.60%       1.000      2.000      2.000
             250.000       0.498       0.114       4.000    1.60%       2.000      2.000
     X1                    0.096       0.046      -2.204    0.40%      -0.752     -0.167      0.098
             250.000       0.914      -0.248       3.274    0.40%       0.333      0.942
     X2                    0.444       0.225       0.000   55.60%       0.000      0.000      0.000
             250.000       0.247      -1.949       1.000   44.40%       1.000      1.000


THE MODEL ESTIMATION TERMINATED NORMALLY



MODEL FIT INFORMATION

Number of Free Parameters                       34

Loglikelihood

          H0 Value                       -1942.942

Information Criteria

          Akaike (AIC)                    3953.884
          Bayesian (BIC)                  4073.614
          Sample-Size Adjusted BIC        3965.831
            (n* = (n + 2) / 24)



MODEL RESULTS

                                                    Two-Tailed
                    Estimate       S.E.  Est./S.E.    P-Value

 F        BY
    Y1                 0.569      0.045     12.611      0.000
    Y2                 0.599      0.043     13.978      0.000
    Y3                 0.546      0.045     12.091      0.000
    Y4               999.000      0.000    999.000    999.000
    Y5                 0.548      0.045     12.253      0.000
    Y6                 0.288      0.029     10.042      0.000
    Y7                 0.275      0.026     10.573      0.000
    Y8                 0.203      0.025      8.199      0.000
    Y9                 0.615      0.044     13.822      0.000
    Y10                0.559      0.038     14.594      0.000

 Y4       ON
    X1                 0.005      0.039      0.138      0.890
    X2                 0.011      0.075      0.144      0.885

 Means
    F                  0.000      0.000    999.000    999.000

 Intercepts
    Y1                 1.848      0.050     36.729      0.000
    Y2                 1.828      0.049     37.116      0.000
    Y3                 3.072      0.050     61.746      0.000
    Y4                 3.014      0.059     50.913      0.000
    Y5                 3.056      0.050     61.722      0.000
    Y6                 1.196      0.030     39.467      0.000
    Y7                 1.216      0.028     43.726      0.000
    Y8                 1.152      0.025     45.410      0.000
    Y9                 1.756      0.051     34.479      0.000
    Y10                1.796      0.045     40.225      0.000

 Variances
    F                  1.000      0.000    999.000    999.000

 Residual Variances
    Y1                 0.309      0.031      9.981      0.000
    Y2                 0.247      0.026      9.494      0.000
    Y3                 0.321      0.032     10.099      0.000
    Y4                 0.304      0.030     10.031      0.000
    Y5                 0.312      0.031     10.076      0.000
    Y6                 0.147      0.014     10.513      0.000
    Y7                 0.118      0.011     10.432      0.000
    Y8                 0.120      0.011     10.781      0.000
    Y9                 0.271      0.028      9.597      0.000
    Y10                0.185      0.020      9.241      0.000

New/Additional Parameters
    L4_0               0.529      0.059      8.946      0.000
    L4_1              -0.011      0.040     -0.283      0.777
    L4_2               0.041      0.079      0.516      0.606


QUALITY OF NUMERICAL RESULTS

     Condition Number for the Information Matrix              0.121E-03
       (ratio of smallest to largest eigenvalue)


     Beginning Time:  03:25:26
        Ending Time:  03:25:27
       Elapsed Time:  00:00:01



MUTHEN & MUTHEN
3463 Stoner Ave.
Los Angeles, CA  90066

Tel: (310) 391-9971
Fax: (310) 391-8971
Web: www.StatModel.com
Support: Support@StatModel.com

Copyright (c) 1998-2019 Muthen & Muthen
