Mplus VERSION 8.3
MUTHEN & MUTHEN
04/24/2024   3:39 AM

INPUT INSTRUCTIONS


  TITLE: Test with 10 reps

  DATA:
  File is
  G2_B1_N1_rep298.csv;

  VARIABLE:
      Names are x1 x2 eta
  	y1 y2 y3 y4 y5 y6 y7 y8 y9 y10;
      Usevariables are y1-y10 x1 x2;
      constraint = x1 x2;

  MODEL:
      f BY y1* (l1);
      f BY y2* (l2);
      f BY y3* (l3);
      f BY y4* (l4);
      f BY y5* (l5);
      f BY y6* (l6);
      f BY y7* (l7);
      f BY y8* (l8);
      f BY y9* (l9);
      f BY y10* (l10);

  y10 ON x1 x2;
  f@1;
  [f@0];

  MODEL CONSTRAINT:
      new (l10_0 l10_1 l10_2);
      l10 = l10_0 + l10_1*x1 + l10_2*x2;




INPUT READING TERMINATED NORMALLY



Test with 10 reps

SUMMARY OF ANALYSIS

Number of groups                                                 1
Number of observations                                         250

Number of dependent variables                                   10
Number of independent variables                                  2
Number of continuous latent variables                            1

Observed dependent variables

  Continuous
   Y1          Y2          Y3          Y4          Y5          Y6
   Y7          Y8          Y9          Y10

Observed independent variables
   X1          X2

Continuous latent variables
   F


Estimator                                                       ML
Information matrix                                        OBSERVED
Maximum number of iterations                                  1000
Convergence criterion                                    0.500D-04
Maximum number of steepest descent iterations                   20

Input data file(s)
  G2_B1_N1_rep298.csv

Input data format  FREE



UNIVARIATE SAMPLE STATISTICS


     UNIVARIATE HIGHER-ORDER MOMENT DESCRIPTIVE STATISTICS

         Variable/         Mean/     Skewness/   Minimum/ % with                Percentiles
        Sample Size      Variance    Kurtosis    Maximum  Min/Max      20%/60%    40%/80%    Median

     Y1                    1.840       1.001       1.000   38.40%       1.000      2.000      2.000
             250.000       0.702       1.063       5.000    0.80%       2.000      2.000
     Y2                    1.828       1.059       1.000   36.00%       1.000      2.000      2.000
             250.000       0.614       2.015       5.000    1.20%       2.000      2.000
     Y3                    3.052       0.078       1.000    1.20%       2.000      3.000      3.000
             250.000       0.673      -0.494       5.000    2.80%       3.000      4.000
     Y4                    3.040       0.112       1.000    2.00%       2.000      3.000      3.000
             250.000       0.646       0.122       5.000    3.60%       3.000      4.000
     Y5                    3.088       0.059       1.000    2.00%       2.000      3.000      3.000
             250.000       0.664       0.059       5.000    4.00%       3.000      4.000
     Y6                    1.180       3.548       1.000   85.60%       1.000      1.000      1.000
             250.000       0.244      16.690       5.000    0.40%       1.000      1.000
     Y7                    1.192       2.839       1.000   82.40%       1.000      1.000      1.000
             250.000       0.203      10.816       4.000    0.80%       1.000      1.000
     Y8                    1.192       3.562       1.000   84.00%       1.000      1.000      1.000
             250.000       0.251      17.276       5.000    0.40%       1.000      1.000
     Y9                    1.772       1.274       1.000   42.40%       1.000      1.000      2.000
             250.000       0.696       2.258       5.000    1.60%       2.000      2.000
     Y10                   1.744       0.915       1.000   41.20%       1.000      1.000      2.000
             250.000       0.558       1.075       5.000    0.40%       2.000      2.000
     X1                   -0.027       0.020      -3.260    0.40%      -0.824     -0.275     -0.069
             250.000       0.971       0.413       2.966    0.40%       0.140      0.800
     X2                    0.520      -0.080       0.000   48.00%       0.000      0.000      1.000
             250.000       0.250      -1.994       1.000   52.00%       1.000      1.000


THE MODEL ESTIMATION TERMINATED NORMALLY



MODEL FIT INFORMATION

Number of Free Parameters                       34

Loglikelihood

          H0 Value                       -2057.944

Information Criteria

          Akaike (AIC)                    4183.887
          Bayesian (BIC)                  4303.617
          Sample-Size Adjusted BIC        4195.834
            (n* = (n + 2) / 24)



MODEL RESULTS

                                                    Two-Tailed
                    Estimate       S.E.  Est./S.E.    P-Value

 F        BY
    Y1                 0.581      0.048     12.118      0.000
    Y2                 0.590      0.044     13.543      0.000
    Y3                 0.545      0.048     11.432      0.000
    Y4                 0.567      0.046     12.376      0.000
    Y5                 0.569      0.047     12.213      0.000
    Y6                 0.291      0.030      9.843      0.000
    Y7                 0.315      0.026     12.219      0.000
    Y8                 0.311      0.030     10.457      0.000
    Y9                 0.646      0.046     14.118      0.000
    Y10              999.000      0.000    999.000    999.000

 Y10      ON
    X1                -0.005      0.032     -0.163      0.871
    X2                 0.085      0.064      1.340      0.180

 Means
    F                  0.000      0.000    999.000    999.000

 Intercepts
    Y1                 1.840      0.053     34.713      0.000
    Y2                 1.828      0.050     36.874      0.000
    Y3                 3.052      0.052     58.810      0.000
    Y4                 3.040      0.051     59.785      0.000
    Y5                 3.088      0.052     59.907      0.000
    Y6                 1.180      0.031     37.802      0.000
    Y7                 1.192      0.029     41.817      0.000
    Y8                 1.192      0.032     37.609      0.000
    Y9                 1.772      0.053     33.583      0.000
    Y10                1.700      0.058     29.295      0.000

 Variances
    F                  1.000      0.000    999.000    999.000

 Residual Variances
    Y1                 0.364      0.036     10.146      0.000
    Y2                 0.267      0.027      9.714      0.000
    Y3                 0.376      0.037     10.292      0.000
    Y4                 0.325      0.032     10.063      0.000
    Y5                 0.341      0.034     10.109      0.000
    Y6                 0.159      0.015     10.560      0.000
    Y7                 0.104      0.010     10.093      0.000
    Y8                 0.155      0.015     10.465      0.000
    Y9                 0.278      0.029      9.476      0.000
    Y10                0.207      0.022      9.309      0.000

New/Additional Parameters
    L10_0              0.590      0.058     10.153      0.000
    L10_1              0.007      0.031      0.224      0.823
    L10_2             -0.008      0.068     -0.122      0.903


QUALITY OF NUMERICAL RESULTS

     Condition Number for the Information Matrix              0.103E-03
       (ratio of smallest to largest eigenvalue)


     Beginning Time:  03:39:55
        Ending Time:  03:39:56
       Elapsed Time:  00:00:01



MUTHEN & MUTHEN
3463 Stoner Ave.
Los Angeles, CA  90066

Tel: (310) 391-9971
Fax: (310) 391-8971
Web: www.StatModel.com
Support: Support@StatModel.com

Copyright (c) 1998-2019 Muthen & Muthen
