Mplus VERSION 8.3
MUTHEN & MUTHEN
04/24/2024   3:51 AM

INPUT INSTRUCTIONS


  TITLE: Test with 10 reps

  DATA:
  File is
  G2_B1_N1_rep341.csv;

  VARIABLE:
      Names are x1 x2 eta
  	y1 y2 y3 y4 y5 y6 y7 y8 y9 y10;
      Usevariables are y1-y10 x1 x2;
      constraint = x1 x2;

  MODEL:
      f BY y1* (l1);
      f BY y2* (l2);
      f BY y3* (l3);
      f BY y4* (l4);
      f BY y5* (l5);
      f BY y6* (l6);
      f BY y7* (l7);
      f BY y8* (l8);
      f BY y9* (l9);
      f BY y10* (l10);

  y3 ON x1 x2;
  f@1;
  [f@0];

  MODEL CONSTRAINT:
      new (l3_0 l3_1 l3_2);
      l3 = l3_0 + l3_1*x1 + l3_2*x2;




INPUT READING TERMINATED NORMALLY



Test with 10 reps

SUMMARY OF ANALYSIS

Number of groups                                                 1
Number of observations                                         250

Number of dependent variables                                   10
Number of independent variables                                  2
Number of continuous latent variables                            1

Observed dependent variables

  Continuous
   Y1          Y2          Y3          Y4          Y5          Y6
   Y7          Y8          Y9          Y10

Observed independent variables
   X1          X2

Continuous latent variables
   F


Estimator                                                       ML
Information matrix                                        OBSERVED
Maximum number of iterations                                  1000
Convergence criterion                                    0.500D-04
Maximum number of steepest descent iterations                   20

Input data file(s)
  G2_B1_N1_rep341.csv

Input data format  FREE



UNIVARIATE SAMPLE STATISTICS


     UNIVARIATE HIGHER-ORDER MOMENT DESCRIPTIVE STATISTICS

         Variable/         Mean/     Skewness/   Minimum/ % with                Percentiles
        Sample Size      Variance    Kurtosis    Maximum  Min/Max      20%/60%    40%/80%    Median

     Y1                    1.852       0.968       1.000   37.20%       1.000      2.000      2.000
             250.000       0.678       1.320       5.000    1.20%       2.000      2.000
     Y2                    1.804       1.084       1.000   38.00%       1.000      2.000      2.000
             250.000       0.630       1.688       5.000    0.80%       2.000      2.000
     Y3                    3.100      -0.179       1.000    2.40%       3.000      3.000      3.000
             250.000       0.626       0.087       5.000    2.40%       3.000      4.000
     Y4                    3.056       0.052       1.000    1.20%       2.000      3.000      3.000
             250.000       0.613      -0.255       5.000    2.40%       3.000      4.000
     Y5                    3.124      -0.032       1.000    1.60%       2.000      3.000      3.000
             250.000       0.701      -0.384       5.000    3.60%       3.000      4.000
     Y6                    1.188       3.419       1.000   84.80%       1.000      1.000      1.000
             250.000       0.257      13.729       4.000    1.60%       1.000      1.000
     Y7                    1.176       2.423       1.000   84.40%       1.000      1.000      1.000
             250.000       0.185       5.322       3.000    2.00%       1.000      1.000
     Y8                    1.208       3.142       1.000   83.60%       1.000      1.000      1.000
             250.000       0.285      11.198       4.000    1.60%       1.000      1.000
     Y9                    1.768       0.961       1.000   36.80%       1.000      2.000      2.000
             250.000       0.514       1.750       5.000    0.40%       2.000      2.000
     Y10                   1.956       0.935       1.000   28.80%       1.000      2.000      2.000
             250.000       0.658       1.480       5.000    1.20%       2.000      2.000
     X1                   -0.017       0.075      -2.854    0.40%      -0.771     -0.307     -0.077
             250.000       0.981       0.105       3.205    0.40%       0.230      0.811
     X2                    0.540      -0.161       0.000   46.00%       0.000      0.000      1.000
             250.000       0.248      -1.974       1.000   54.00%       1.000      1.000


THE MODEL ESTIMATION TERMINATED NORMALLY



MODEL FIT INFORMATION

Number of Free Parameters                       34

Loglikelihood

          H0 Value                       -2038.927

Information Criteria

          Akaike (AIC)                    4145.854
          Bayesian (BIC)                  4265.584
          Sample-Size Adjusted BIC        4157.801
            (n* = (n + 2) / 24)



MODEL RESULTS

                                                    Two-Tailed
                    Estimate       S.E.  Est./S.E.    P-Value

 F        BY
    Y1                 0.633      0.045     13.968      0.000
    Y2                 0.593      0.044     13.406      0.000
    Y3               999.000      0.000    999.000    999.000
    Y4                 0.530      0.045     11.726      0.000
    Y5                 0.616      0.047     13.120      0.000
    Y6                 0.333      0.030     11.259      0.000
    Y7                 0.250      0.026      9.640      0.000
    Y8                 0.371      0.031     12.116      0.000
    Y9                 0.508      0.041     12.467      0.000
    Y10                0.594      0.046     13.045      0.000

 Y3       ON
    X1                 0.050      0.038      1.323      0.186
    X2                 0.017      0.074      0.228      0.820

 Means
    F                  0.000      0.000    999.000    999.000

 Intercepts
    Y1                 1.852      0.052     35.560      0.000
    Y2                 1.804      0.050     35.948      0.000
    Y3                 3.095      0.063     49.213      0.000
    Y4                 3.056      0.050     61.722      0.000
    Y5                 3.124      0.053     59.012      0.000
    Y6                 1.188      0.032     37.078      0.000
    Y7                 1.176      0.027     43.228      0.000
    Y8                 1.208      0.034     35.794      0.000
    Y9                 1.768      0.045     38.985      0.000
    Y10                1.956      0.051     38.125      0.000

 Variances
    F                  1.000      0.000    999.000    999.000

 Residual Variances
    Y1                 0.277      0.029      9.545      0.000
    Y2                 0.278      0.029      9.745      0.000
    Y3                 0.306      0.031     10.007      0.000
    Y4                 0.332      0.032     10.208      0.000
    Y5                 0.321      0.033      9.829      0.000
    Y6                 0.146      0.014     10.272      0.000
    Y7                 0.123      0.012     10.589      0.000
    Y8                 0.147      0.015     10.058      0.000
    Y9                 0.256      0.025     10.054      0.000
    Y10                0.305      0.031      9.858      0.000

New/Additional Parameters
    L3_0               0.530      0.058      9.193      0.000
    L3_1              -0.026      0.037     -0.701      0.484
    L3_2               0.052      0.078      0.669      0.503


QUALITY OF NUMERICAL RESULTS

     Condition Number for the Information Matrix              0.132E-03
       (ratio of smallest to largest eigenvalue)


     Beginning Time:  03:51:28
        Ending Time:  03:51:29
       Elapsed Time:  00:00:01



MUTHEN & MUTHEN
3463 Stoner Ave.
Los Angeles, CA  90066

Tel: (310) 391-9971
Fax: (310) 391-8971
Web: www.StatModel.com
Support: Support@StatModel.com

Copyright (c) 1998-2019 Muthen & Muthen
