Mplus VERSION 8.3
MUTHEN & MUTHEN
04/24/2024   3:48 AM

INPUT INSTRUCTIONS


  TITLE: Test with 10 reps

  DATA:
  File is
  G2_B1_N1_rep329.csv;

  VARIABLE:
      Names are x1 x2 eta
  	y1 y2 y3 y4 y5 y6 y7 y8 y9 y10;
      Usevariables are y1-y10 x1 x2;
      constraint = x1 x2;

  MODEL:
      f BY y1* (l1);
      f BY y2* (l2);
      f BY y3* (l3);
      f BY y4* (l4);
      f BY y5* (l5);
      f BY y6* (l6);
      f BY y7* (l7);
      f BY y8* (l8);
      f BY y9* (l9);
      f BY y10* (l10);

  y3 ON x1 x2;
  f@1;
  [f@0];

  MODEL CONSTRAINT:
      new (l3_0 l3_1 l3_2);
      l3 = l3_0 + l3_1*x1 + l3_2*x2;




INPUT READING TERMINATED NORMALLY



Test with 10 reps

SUMMARY OF ANALYSIS

Number of groups                                                 1
Number of observations                                         250

Number of dependent variables                                   10
Number of independent variables                                  2
Number of continuous latent variables                            1

Observed dependent variables

  Continuous
   Y1          Y2          Y3          Y4          Y5          Y6
   Y7          Y8          Y9          Y10

Observed independent variables
   X1          X2

Continuous latent variables
   F


Estimator                                                       ML
Information matrix                                        OBSERVED
Maximum number of iterations                                  1000
Convergence criterion                                    0.500D-04
Maximum number of steepest descent iterations                   20

Input data file(s)
  G2_B1_N1_rep329.csv

Input data format  FREE



UNIVARIATE SAMPLE STATISTICS


     UNIVARIATE HIGHER-ORDER MOMENT DESCRIPTIVE STATISTICS

         Variable/         Mean/     Skewness/   Minimum/ % with                Percentiles
        Sample Size      Variance    Kurtosis    Maximum  Min/Max      20%/60%    40%/80%    Median

     Y1                    1.868       1.114       1.000   36.40%       1.000      2.000      2.000
             250.000       0.723       1.722       5.000    1.60%       2.000      2.000
     Y2                    1.832       1.054       1.000   38.00%       1.000      2.000      2.000
             250.000       0.676       1.568       5.000    1.20%       2.000      2.000
     Y3                    3.092       0.146       1.000    1.20%       2.000      3.000      3.000
             250.000       0.604       0.108       5.000    3.60%       3.000      4.000
     Y4                    3.136       0.217       1.000    0.80%       2.000      3.000      3.000
             250.000       0.678      -0.223       5.000    5.20%       3.000      4.000
     Y5                    3.056       0.068       1.000    1.60%       2.000      3.000      3.000
             250.000       0.677      -0.305       5.000    3.20%       3.000      4.000
     Y6                    1.228       3.674       1.000   82.40%       1.000      1.000      1.000
             250.000       0.352      16.559       5.000    0.80%       1.000      1.000
     Y7                    1.228       2.763       1.000   81.60%       1.000      1.000      1.000
             250.000       0.288       8.596       4.000    1.20%       1.000      1.000
     Y8                    1.212       2.921       1.000   82.00%       1.000      1.000      1.000
             250.000       0.255      10.376       4.000    1.20%       1.000      1.000
     Y9                    1.804       1.265       1.000   38.00%       1.000      2.000      2.000
             250.000       0.662       2.318       5.000    1.20%       2.000      2.000
     Y10                   1.940       0.925       1.000   33.20%       1.000      2.000      2.000
             250.000       0.752       0.937       5.000    1.20%       2.000      3.000
     X1                   -0.042       0.085      -2.879    0.40%      -0.836     -0.355     -0.110
             250.000       1.032       0.482       3.403    0.40%       0.200      0.774
     X2                    0.496       0.016       0.000   50.40%       0.000      0.000      0.000
             250.000       0.250      -2.000       1.000   49.60%       1.000      1.000


THE MODEL ESTIMATION TERMINATED NORMALLY



MODEL FIT INFORMATION

Number of Free Parameters                       34

Loglikelihood

          H0 Value                       -2124.127

Information Criteria

          Akaike (AIC)                    4316.255
          Bayesian (BIC)                  4435.985
          Sample-Size Adjusted BIC        4328.202
            (n* = (n + 2) / 24)



MODEL RESULTS

                                                    Two-Tailed
                    Estimate       S.E.  Est./S.E.    P-Value

 F        BY
    Y1                 0.633      0.047     13.408      0.000
    Y2                 0.599      0.046     12.995      0.000
    Y3               999.000      0.000    999.000    999.000
    Y4                 0.568      0.047     12.041      0.000
    Y5                 0.589      0.047     12.661      0.000
    Y6                 0.434      0.033     13.034      0.000
    Y7                 0.387      0.030     12.750      0.000
    Y8                 0.353      0.029     12.274      0.000
    Y9                 0.604      0.045     13.344      0.000
    Y10                0.676      0.047     14.323      0.000

 Y3       ON
    X1                -0.005      0.036     -0.130      0.897
    X2                 0.004      0.073      0.057      0.955

 Means
    F                  0.000      0.000    999.000    999.000

 Intercepts
    Y1                 1.868      0.054     34.746      0.000
    Y2                 1.832      0.052     35.236      0.000
    Y3                 3.089      0.061     50.694      0.000
    Y4                 3.136      0.052     60.241      0.000
    Y5                 3.056      0.052     58.732      0.000
    Y6                 1.228      0.038     32.725      0.000
    Y7                 1.228      0.034     36.179      0.000
    Y8                 1.212      0.032     37.945      0.000
    Y9                 1.804      0.051     35.068      0.000
    Y10                1.940      0.055     35.363      0.000

 Variances
    F                  1.000      0.000    999.000    999.000

 Residual Variances
    Y1                 0.322      0.032      9.923      0.000
    Y2                 0.317      0.032     10.027      0.000
    Y3                 0.297      0.029     10.085      0.000
    Y4                 0.355      0.035     10.192      0.000
    Y5                 0.330      0.033     10.022      0.000
    Y6                 0.163      0.017      9.868      0.000
    Y7                 0.139      0.014      9.969      0.000
    Y8                 0.130      0.013     10.155      0.000
    Y9                 0.297      0.030      9.938      0.000
    Y10                0.295      0.031      9.631      0.000

New/Additional Parameters
    L3_0               0.548      0.059      9.310      0.000
    L3_1              -0.049      0.029     -1.682      0.092
    L3_2               0.020      0.076      0.267      0.789


QUALITY OF NUMERICAL RESULTS

     Condition Number for the Information Matrix              0.158E-03
       (ratio of smallest to largest eigenvalue)


     Beginning Time:  03:48:09
        Ending Time:  03:48:10
       Elapsed Time:  00:00:01



MUTHEN & MUTHEN
3463 Stoner Ave.
Los Angeles, CA  90066

Tel: (310) 391-9971
Fax: (310) 391-8971
Web: www.StatModel.com
Support: Support@StatModel.com

Copyright (c) 1998-2019 Muthen & Muthen
