Mplus VERSION 8.3
MUTHEN & MUTHEN
04/24/2024   3:56 AM

INPUT INSTRUCTIONS


  TITLE: Test with 10 reps

  DATA:
  File is
  G2_B1_N1_rep362.csv;

  VARIABLE:
      Names are x1 x2 eta
  	y1 y2 y3 y4 y5 y6 y7 y8 y9 y10;
      Usevariables are y1-y10 x1 x2;
      constraint = x1 x2;

  MODEL:
      f BY y1* (l1);
      f BY y2* (l2);
      f BY y3* (l3);
      f BY y4* (l4);
      f BY y5* (l5);
      f BY y6* (l6);
      f BY y7* (l7);
      f BY y8* (l8);
      f BY y9* (l9);
      f BY y10* (l10);

  y10 ON x1 x2;
  f@1;
  [f@0];

  MODEL CONSTRAINT:
      new (l10_0 l10_1 l10_2);
      l10 = l10_0 + l10_1*x1 + l10_2*x2;




INPUT READING TERMINATED NORMALLY



Test with 10 reps

SUMMARY OF ANALYSIS

Number of groups                                                 1
Number of observations                                         250

Number of dependent variables                                   10
Number of independent variables                                  2
Number of continuous latent variables                            1

Observed dependent variables

  Continuous
   Y1          Y2          Y3          Y4          Y5          Y6
   Y7          Y8          Y9          Y10

Observed independent variables
   X1          X2

Continuous latent variables
   F


Estimator                                                       ML
Information matrix                                        OBSERVED
Maximum number of iterations                                  1000
Convergence criterion                                    0.500D-04
Maximum number of steepest descent iterations                   20

Input data file(s)
  G2_B1_N1_rep362.csv

Input data format  FREE



UNIVARIATE SAMPLE STATISTICS


     UNIVARIATE HIGHER-ORDER MOMENT DESCRIPTIVE STATISTICS

         Variable/         Mean/     Skewness/   Minimum/ % with                Percentiles
        Sample Size      Variance    Kurtosis    Maximum  Min/Max      20%/60%    40%/80%    Median

     Y1                    1.844       1.120       1.000   41.60%       1.000      1.000      2.000
             250.000       0.820       1.207       5.000    1.60%       2.000      2.000
     Y2                    1.800       1.023       1.000   38.00%       1.000      2.000      2.000
             250.000       0.608       1.610       5.000    0.80%       2.000      2.000
     Y3                    3.020      -0.004       1.000    3.20%       2.000      3.000      3.000
             250.000       0.780      -0.377       5.000    3.60%       3.000      4.000
     Y4                    2.964      -0.070       1.000    5.20%       2.000      3.000      3.000
             250.000       0.779       0.006       5.000    3.60%       3.000      4.000
     Y5                    2.996      -0.034       1.000    2.80%       2.000      3.000      3.000
             250.000       0.692      -0.252       5.000    2.40%       3.000      4.000
     Y6                    1.160       3.376       1.000   86.00%       1.000      1.000      1.000
             250.000       0.190      14.394       4.000    0.80%       1.000      1.000
     Y7                    1.192       2.315       1.000   83.20%       1.000      1.000      1.000
             250.000       0.203       4.730       3.000    2.40%       1.000      1.000
     Y8                    1.180       3.139       1.000   85.60%       1.000      1.000      1.000
             250.000       0.236      11.029       4.000    0.80%       1.000      1.000
     Y9                    1.752       0.839       1.000   40.80%       1.000      1.000      2.000
             250.000       0.562       0.475       4.000    2.80%       2.000      2.000
     Y10                   1.856       1.247       1.000   38.40%       1.000      2.000      2.000
             250.000       0.787       1.897       5.000    2.00%       2.000      2.000
     X1                   -0.085       0.168      -2.761    0.40%      -1.087     -0.446     -0.149
             250.000       1.153      -0.459       2.896    0.40%       0.139      0.915
     X2                    0.464       0.144       0.000   53.60%       0.000      0.000      0.000
             250.000       0.249      -1.979       1.000   46.40%       1.000      1.000


THE MODEL ESTIMATION TERMINATED NORMALLY



MODEL FIT INFORMATION

Number of Free Parameters                       34

Loglikelihood

          H0 Value                       -2090.179

Information Criteria

          Akaike (AIC)                    4248.358
          Bayesian (BIC)                  4368.088
          Sample-Size Adjusted BIC        4260.305
            (n* = (n + 2) / 24)



MODEL RESULTS

                                                    Two-Tailed
                    Estimate       S.E.  Est./S.E.    P-Value

 F        BY
    Y1                 0.699      0.050     14.080      0.000
    Y2                 0.603      0.043     14.112      0.000
    Y3                 0.621      0.050     12.360      0.000
    Y4                 0.672      0.049     13.779      0.000
    Y5                 0.613      0.046     13.196      0.000
    Y6                 0.257      0.026      9.836      0.000
    Y7                 0.263      0.027      9.711      0.000
    Y8                 0.239      0.030      7.970      0.000
    Y9                 0.567      0.041     13.673      0.000
    Y10              999.000      0.000    999.000    999.000

 Y10      ON
    X1                -0.006      0.036     -0.168      0.866
    X2                 0.078      0.077      1.011      0.312

 Means
    F                  0.000      0.000    999.000    999.000

 Intercepts
    Y1                 1.844      0.057     32.204      0.000
    Y2                 1.800      0.049     36.499      0.000
    Y3                 3.020      0.056     54.080      0.000
    Y4                 2.964      0.056     53.108      0.000
    Y5                 2.996      0.053     56.945      0.000
    Y6                 1.160      0.028     42.033      0.000
    Y7                 1.192      0.029     41.817      0.000
    Y8                 1.180      0.031     38.438      0.000
    Y9                 1.752      0.047     36.935      0.000
    Y10                1.822      0.065     27.845      0.000

 Variances
    F                  1.000      0.000    999.000    999.000

 Residual Variances
    Y1                 0.331      0.035      9.598      0.000
    Y2                 0.244      0.026      9.559      0.000
    Y3                 0.394      0.039     10.140      0.000
    Y4                 0.328      0.034      9.658      0.000
    Y5                 0.316      0.032      9.911      0.000
    Y6                 0.124      0.012     10.571      0.000
    Y7                 0.134      0.013     10.626      0.000
    Y8                 0.178      0.016     10.824      0.000
    Y9                 0.241      0.025      9.731      0.000
    Y10                0.312      0.033      9.545      0.000

New/Additional Parameters
    L10_0              0.651      0.064     10.092      0.000
    L10_1             -0.038      0.041     -0.928      0.354
    L10_2              0.068      0.081      0.839      0.401


QUALITY OF NUMERICAL RESULTS

     Condition Number for the Information Matrix              0.135E-03
       (ratio of smallest to largest eigenvalue)


     Beginning Time:  03:56:50
        Ending Time:  03:56:54
       Elapsed Time:  00:00:04



MUTHEN & MUTHEN
3463 Stoner Ave.
Los Angeles, CA  90066

Tel: (310) 391-9971
Fax: (310) 391-8971
Web: www.StatModel.com
Support: Support@StatModel.com

Copyright (c) 1998-2019 Muthen & Muthen
