Mplus VERSION 8.3
MUTHEN & MUTHEN
04/24/2024   4:03 AM

INPUT INSTRUCTIONS


  TITLE: Test with 10 reps

  DATA:
  File is
  G2_B1_N1_rep385.csv;

  VARIABLE:
      Names are x1 x2 eta
  	y1 y2 y3 y4 y5 y6 y7 y8 y9 y10;
      Usevariables are y1-y10 x1 x2;
      constraint = x1 x2;

  MODEL:
      f BY y1* (l1);
      f BY y2* (l2);
      f BY y3* (l3);
      f BY y4* (l4);
      f BY y5* (l5);
      f BY y6* (l6);
      f BY y7* (l7);
      f BY y8* (l8);
      f BY y9* (l9);
      f BY y10* (l10);

  y3 ON x1 x2;
  f@1;
  [f@0];

  MODEL CONSTRAINT:
      new (l3_0 l3_1 l3_2);
      l3 = l3_0 + l3_1*x1 + l3_2*x2;




INPUT READING TERMINATED NORMALLY



Test with 10 reps

SUMMARY OF ANALYSIS

Number of groups                                                 1
Number of observations                                         250

Number of dependent variables                                   10
Number of independent variables                                  2
Number of continuous latent variables                            1

Observed dependent variables

  Continuous
   Y1          Y2          Y3          Y4          Y5          Y6
   Y7          Y8          Y9          Y10

Observed independent variables
   X1          X2

Continuous latent variables
   F


Estimator                                                       ML
Information matrix                                        OBSERVED
Maximum number of iterations                                  1000
Convergence criterion                                    0.500D-04
Maximum number of steepest descent iterations                   20

Input data file(s)
  G2_B1_N1_rep385.csv

Input data format  FREE



UNIVARIATE SAMPLE STATISTICS


     UNIVARIATE HIGHER-ORDER MOMENT DESCRIPTIVE STATISTICS

         Variable/         Mean/     Skewness/   Minimum/ % with                Percentiles
        Sample Size      Variance    Kurtosis    Maximum  Min/Max      20%/60%    40%/80%    Median

     Y1                    1.804       1.139       1.000   39.60%       1.000      2.000      2.000
             250.000       0.686       1.526       5.000    0.80%       2.000      2.000
     Y2                    1.784       0.990       1.000   42.00%       1.000      1.000      2.000
             250.000       0.665       1.075       5.000    0.80%       2.000      2.000
     Y3                    3.048      -0.224       1.000    3.60%       2.000      3.000      3.000
             250.000       0.654       0.252       5.000    2.40%       3.000      4.000
     Y4                    2.988      -0.020       1.000    2.80%       2.000      3.000      3.000
             250.000       0.684      -0.206       5.000    2.40%       3.000      4.000
     Y5                    3.060       0.003       1.000    1.60%       2.000      3.000      3.000
             250.000       0.592       0.029       5.000    2.40%       3.000      4.000
     Y6                    1.168       2.763       1.000   84.40%       1.000      1.000      1.000
             250.000       0.172       9.673       4.000    0.40%       1.000      1.000
     Y7                    1.180       2.374       1.000   84.00%       1.000      1.000      1.000
             250.000       0.188       5.059       3.000    2.00%       1.000      1.000
     Y8                    1.212       2.573       1.000   83.20%       1.000      1.000      1.000
             250.000       0.263       6.547       4.000    0.40%       1.000      1.000
     Y9                    1.792       0.933       1.000   39.20%       1.000      2.000      2.000
             250.000       0.613       0.972       5.000    0.40%       2.000      2.000
     Y10                   1.800       0.864       1.000   39.20%       1.000      2.000      2.000
             250.000       0.616       0.733       5.000    0.40%       2.000      2.000
     X1                   -0.017      -0.040      -3.044    0.40%      -0.814     -0.282     -0.060
             250.000       1.012       0.366       3.133    0.40%       0.193      0.828
     X2                    0.524      -0.096       0.000   47.60%       0.000      0.000      1.000
             250.000       0.249      -1.991       1.000   52.40%       1.000      1.000


THE MODEL ESTIMATION TERMINATED NORMALLY



MODEL FIT INFORMATION

Number of Free Parameters                       34

Loglikelihood

          H0 Value                       -2051.921

Information Criteria

          Akaike (AIC)                    4171.843
          Bayesian (BIC)                  4291.573
          Sample-Size Adjusted BIC        4183.790
            (n* = (n + 2) / 24)



MODEL RESULTS

                                                    Two-Tailed
                    Estimate       S.E.  Est./S.E.    P-Value

 F        BY
    Y1                 0.572      0.048     11.999      0.000
    Y2                 0.566      0.047     12.064      0.000
    Y3               999.000      0.000    999.000    999.000
    Y4                 0.619      0.046     13.365      0.000
    Y5                 0.562      0.044     12.921      0.000
    Y6                 0.222      0.026      8.698      0.000
    Y7                 0.268      0.026     10.368      0.000
    Y8                 0.307      0.031      9.953      0.000
    Y9                 0.569      0.044     12.834      0.000
    Y10                0.586      0.044     13.336      0.000

 Y3       ON
    X1                -0.014      0.038     -0.372      0.710
    X2                 0.026      0.077      0.338      0.735

 Means
    F                  0.000      0.000    999.000    999.000

 Intercepts
    Y1                 1.804      0.052     34.449      0.000
    Y2                 1.784      0.052     34.581      0.000
    Y3                 3.039      0.068     44.558      0.000
    Y4                 2.988      0.052     57.130      0.000
    Y5                 3.060      0.049     62.861      0.000
    Y6                 1.168      0.026     44.559      0.000
    Y7                 1.180      0.027     43.076      0.000
    Y8                 1.212      0.032     37.363      0.000
    Y9                 1.792      0.050     36.197      0.000
    Y10                1.800      0.050     36.262      0.000

 Variances
    F                  1.000      0.000    999.000    999.000

 Residual Variances
    Y1                 0.358      0.036     10.033      0.000
    Y2                 0.345      0.034     10.001      0.000
    Y3                 0.321      0.032      9.909      0.000
    Y4                 0.301      0.031      9.563      0.000
    Y5                 0.276      0.028      9.731      0.000
    Y6                 0.123      0.012     10.652      0.000
    Y7                 0.116      0.011     10.367      0.000
    Y8                 0.169      0.016     10.465      0.000
    Y9                 0.289      0.030      9.770      0.000
    Y10                0.272      0.028      9.598      0.000

New/Additional Parameters
    L3_0               0.648      0.067      9.677      0.000
    L3_1               0.032      0.041      0.775      0.438
    L3_2              -0.159      0.082     -1.936      0.053


QUALITY OF NUMERICAL RESULTS

     Condition Number for the Information Matrix              0.120E-03
       (ratio of smallest to largest eigenvalue)


     Beginning Time:  04:03:08
        Ending Time:  04:03:09
       Elapsed Time:  00:00:01



MUTHEN & MUTHEN
3463 Stoner Ave.
Los Angeles, CA  90066

Tel: (310) 391-9971
Fax: (310) 391-8971
Web: www.StatModel.com
Support: Support@StatModel.com

Copyright (c) 1998-2019 Muthen & Muthen
