Mplus VERSION 8.3
MUTHEN & MUTHEN
04/24/2024   3:46 AM

INPUT INSTRUCTIONS


  TITLE: Test with 10 reps

  DATA:
  File is
  G2_B1_N1_rep320.csv;

  VARIABLE:
      Names are x1 x2 eta
  	y1 y2 y3 y4 y5 y6 y7 y8 y9 y10;
      Usevariables are y1-y10 x1 x2;
      constraint = x1 x2;

  MODEL:
      f BY y1* (l1);
      f BY y2* (l2);
      f BY y3* (l3);
      f BY y4* (l4);
      f BY y5* (l5);
      f BY y6* (l6);
      f BY y7* (l7);
      f BY y8* (l8);
      f BY y9* (l9);
      f BY y10* (l10);

  y9 ON x1 x2;
  f@1;
  [f@0];

  MODEL CONSTRAINT:
      new (l9_0 l9_1 l9_2);
      l9 = l9_0 + l9_1*x1 + l9_2*x2;




INPUT READING TERMINATED NORMALLY



Test with 10 reps

SUMMARY OF ANALYSIS

Number of groups                                                 1
Number of observations                                         250

Number of dependent variables                                   10
Number of independent variables                                  2
Number of continuous latent variables                            1

Observed dependent variables

  Continuous
   Y1          Y2          Y3          Y4          Y5          Y6
   Y7          Y8          Y9          Y10

Observed independent variables
   X1          X2

Continuous latent variables
   F


Estimator                                                       ML
Information matrix                                        OBSERVED
Maximum number of iterations                                  1000
Convergence criterion                                    0.500D-04
Maximum number of steepest descent iterations                   20

Input data file(s)
  G2_B1_N1_rep320.csv

Input data format  FREE



UNIVARIATE SAMPLE STATISTICS


     UNIVARIATE HIGHER-ORDER MOMENT DESCRIPTIVE STATISTICS

         Variable/         Mean/     Skewness/   Minimum/ % with                Percentiles
        Sample Size      Variance    Kurtosis    Maximum  Min/Max      20%/60%    40%/80%    Median

     Y1                    1.752       0.504       1.000   37.60%       1.000      2.000      2.000
             250.000       0.458      -0.155       4.000    0.80%       2.000      2.000
     Y2                    1.720       0.959       1.000   43.20%       1.000      1.000      2.000
             250.000       0.570       0.760       4.000    3.20%       2.000      2.000
     Y3                    2.956      -0.129       1.000    2.80%       2.000      3.000      3.000
             250.000       0.602      -0.058       5.000    1.20%       3.000      4.000
     Y4                    2.988       0.021       1.000    2.40%       2.000      3.000      3.000
             250.000       0.612       0.173       5.000    2.40%       3.000      4.000
     Y5                    3.004      -0.216       1.000    3.20%       2.000      3.000      3.000
             250.000       0.596       0.304       5.000    1.60%       3.000      4.000
     Y6                    1.156       3.416       1.000   86.00%       1.000      1.000      1.000
             250.000       0.180      15.305       4.000    0.80%       1.000      1.000
     Y7                    1.144       3.316       1.000   87.60%       1.000      1.000      1.000
             250.000       0.171      12.918       4.000    0.40%       1.000      1.000
     Y8                    1.140       4.337       1.000   88.80%       1.000      1.000      1.000
             250.000       0.200      25.141       5.000    0.40%       1.000      1.000
     Y9                    1.696       1.158       1.000   42.80%       1.000      1.000      2.000
             250.000       0.532       2.105       5.000    0.40%       2.000      2.000
     Y10                   1.736       0.858       1.000   44.00%       1.000      1.000      2.000
             250.000       0.594       0.561       5.000    0.40%       2.000      2.000
     X1                   -0.001      -0.115      -3.165    0.40%      -0.758     -0.188      0.008
             250.000       0.868       0.177       2.661    0.40%       0.242      0.762
     X2                    0.448       0.209       0.000   55.20%       0.000      0.000      0.000
             250.000       0.247      -1.956       1.000   44.80%       1.000      1.000


THE MODEL ESTIMATION TERMINATED NORMALLY



MODEL FIT INFORMATION

Number of Free Parameters                       34

Loglikelihood

          H0 Value                       -1867.653

Information Criteria

          Akaike (AIC)                    3803.307
          Bayesian (BIC)                  3923.036
          Sample-Size Adjusted BIC        3815.253
            (n* = (n + 2) / 24)



MODEL RESULTS

                                                    Two-Tailed
                    Estimate       S.E.  Est./S.E.    P-Value

 F        BY
    Y1                 0.474      0.039     12.238      0.000
    Y2                 0.554      0.042     13.060      0.000
    Y3                 0.545      0.044     12.283      0.000
    Y4                 0.580      0.044     13.218      0.000
    Y5                 0.533      0.044     12.007      0.000
    Y6                 0.273      0.025     10.936      0.000
    Y7                 0.272      0.024     11.227      0.000
    Y8                 0.276      0.027     10.338      0.000
    Y9               999.000      0.000    999.000    999.000
    Y10                0.561      0.044     12.890      0.000

 Y9       ON
    X1                -0.018      0.036     -0.508      0.611
    X2                -0.032      0.068     -0.473      0.637

 Means
    F                  0.000      0.000    999.000    999.000

 Intercepts
    Y1                 1.752      0.043     40.911      0.000
    Y2                 1.720      0.048     36.034      0.000
    Y3                 2.956      0.049     60.236      0.000
    Y4                 2.988      0.049     60.398      0.000
    Y5                 3.004      0.049     61.525      0.000
    Y6                 1.156      0.027     43.122      0.000
    Y7                 1.144      0.026     43.708      0.000
    Y8                 1.140      0.028     40.265      0.000
    Y9                 1.703      0.053     32.414      0.000
    Y10                1.736      0.049     35.605      0.000

 Variances
    F                  1.000      0.000    999.000    999.000

 Residual Variances
    Y1                 0.233      0.023     10.023      0.000
    Y2                 0.262      0.027      9.781      0.000
    Y3                 0.305      0.030      9.995      0.000
    Y4                 0.276      0.028      9.704      0.000
    Y5                 0.312      0.031     10.083      0.000
    Y6                 0.105      0.010     10.320      0.000
    Y7                 0.097      0.010     10.209      0.000
    Y8                 0.124      0.012     10.380      0.000
    Y9                 0.241      0.025      9.818      0.000
    Y10                0.280      0.028      9.820      0.000

New/Additional Parameters
    L9_0               0.476      0.056      8.525      0.000
    L9_1               0.005      0.039      0.117      0.907
    L9_2               0.118      0.072      1.626      0.104


QUALITY OF NUMERICAL RESULTS

     Condition Number for the Information Matrix              0.869E-04
       (ratio of smallest to largest eigenvalue)


     Beginning Time:  03:46:11
        Ending Time:  03:46:12
       Elapsed Time:  00:00:01



MUTHEN & MUTHEN
3463 Stoner Ave.
Los Angeles, CA  90066

Tel: (310) 391-9971
Fax: (310) 391-8971
Web: www.StatModel.com
Support: Support@StatModel.com

Copyright (c) 1998-2019 Muthen & Muthen
