Mplus VERSION 8.3
MUTHEN & MUTHEN
04/24/2024   4:01 AM

INPUT INSTRUCTIONS


  TITLE: Test with 10 reps

  DATA:
  File is
  G2_B1_N1_rep379.csv;

  VARIABLE:
      Names are x1 x2 eta
  	y1 y2 y3 y4 y5 y6 y7 y8 y9 y10;
      Usevariables are y1-y10 x1 x2;
      constraint = x1 x2;

  MODEL:
      f BY y1* (l1);
      f BY y2* (l2);
      f BY y3* (l3);
      f BY y4* (l4);
      f BY y5* (l5);
      f BY y6* (l6);
      f BY y7* (l7);
      f BY y8* (l8);
      f BY y9* (l9);
      f BY y10* (l10);

  y3 ON x1 x2;
  f@1;
  [f@0];

  MODEL CONSTRAINT:
      new (l3_0 l3_1 l3_2);
      l3 = l3_0 + l3_1*x1 + l3_2*x2;




INPUT READING TERMINATED NORMALLY



Test with 10 reps

SUMMARY OF ANALYSIS

Number of groups                                                 1
Number of observations                                         250

Number of dependent variables                                   10
Number of independent variables                                  2
Number of continuous latent variables                            1

Observed dependent variables

  Continuous
   Y1          Y2          Y3          Y4          Y5          Y6
   Y7          Y8          Y9          Y10

Observed independent variables
   X1          X2

Continuous latent variables
   F


Estimator                                                       ML
Information matrix                                        OBSERVED
Maximum number of iterations                                  1000
Convergence criterion                                    0.500D-04
Maximum number of steepest descent iterations                   20

Input data file(s)
  G2_B1_N1_rep379.csv

Input data format  FREE



UNIVARIATE SAMPLE STATISTICS


     UNIVARIATE HIGHER-ORDER MOMENT DESCRIPTIVE STATISTICS

         Variable/         Mean/     Skewness/   Minimum/ % with                Percentiles
        Sample Size      Variance    Kurtosis    Maximum  Min/Max      20%/60%    40%/80%    Median

     Y1                    1.804       0.694       1.000   36.00%       1.000      2.000      2.000
             250.000       0.526       0.739       5.000    0.40%       2.000      2.000
     Y2                    1.816       0.545       1.000   36.40%       1.000      2.000      2.000
             250.000       0.542      -0.221       4.000    1.60%       2.000      2.000
     Y3                    3.068      -0.168       1.000    1.60%       2.000      3.000      3.000
             250.000       0.559      -0.112       5.000    1.20%       3.000      4.000
     Y4                    3.068      -0.026       1.000    1.60%       2.000      3.000      3.000
             250.000       0.631      -0.235       5.000    2.40%       3.000      4.000
     Y5                    3.036       0.038       1.000    1.60%       2.000      3.000      3.000
             250.000       0.611      -0.092       5.000    2.40%       3.000      4.000
     Y6                    1.160       2.639       1.000   86.00%       1.000      1.000      1.000
             250.000       0.174       6.520       3.000    2.00%       1.000      1.000
     Y7                    1.180       2.022       1.000   82.80%       1.000      1.000      1.000
             250.000       0.164       3.082       3.000    0.80%       1.000      1.000
     Y8                    1.152       3.023       1.000   86.00%       1.000      1.000      1.000
             250.000       0.161      11.622       4.000    0.40%       1.000      1.000
     Y9                    1.748       0.739       1.000   40.00%       1.000      1.000      2.000
             250.000       0.524       0.297       4.000    2.00%       2.000      2.000
     Y10                   1.780       0.676       1.000   37.60%       1.000      2.000      2.000
             250.000       0.524       0.221       4.000    2.00%       2.000      2.000
     X1                   -0.024      -0.084      -3.211    0.40%      -0.848     -0.231     -0.027
             250.000       0.972       0.158       2.475    0.40%       0.192      0.751
     X2                    0.492       0.032       0.000   50.80%       0.000      0.000      0.000
             250.000       0.250      -1.999       1.000   49.20%       1.000      1.000


THE MODEL ESTIMATION TERMINATED NORMALLY



MODEL FIT INFORMATION

Number of Free Parameters                       34

Loglikelihood

          H0 Value                       -1874.926

Information Criteria

          Akaike (AIC)                    3817.851
          Bayesian (BIC)                  3937.581
          Sample-Size Adjusted BIC        3829.798
            (n* = (n + 2) / 24)



MODEL RESULTS

                                                    Two-Tailed
                    Estimate       S.E.  Est./S.E.    P-Value

 F        BY
    Y1                 0.548      0.040     13.571      0.000
    Y2                 0.545      0.041     13.133      0.000
    Y3               999.000      0.000    999.000    999.000
    Y4                 0.551      0.046     12.031      0.000
    Y5                 0.524      0.046     11.516      0.000
    Y6                 0.242      0.025      9.540      0.000
    Y7                 0.220      0.025      8.874      0.000
    Y8                 0.222      0.025      9.008      0.000
    Y9                 0.539      0.041     13.246      0.000
    Y10                0.512      0.041     12.380      0.000

 Y3       ON
    X1                -0.058      0.037     -1.554      0.120
    X2                 0.004      0.072      0.054      0.957

 Means
    F                  0.000      0.000    999.000    999.000

 Intercepts
    Y1                 1.804      0.046     39.345      0.000
    Y2                 1.816      0.047     38.997      0.000
    Y3                 3.075      0.062     49.461      0.000
    Y4                 3.068      0.050     61.049      0.000
    Y5                 3.036      0.049     61.427      0.000
    Y6                 1.160      0.026     43.919      0.000
    Y7                 1.180      0.026     46.127      0.000
    Y8                 1.152      0.025     45.410      0.000
    Y9                 1.748      0.046     38.163      0.000
    Y10                1.780      0.046     38.895      0.000

 Variances
    F                  1.000      0.000    999.000    999.000

 Residual Variances
    Y1                 0.225      0.024      9.472      0.000
    Y2                 0.246      0.026      9.607      0.000
    Y3                 0.282      0.029      9.886      0.000
    Y4                 0.328      0.033     10.002      0.000
    Y5                 0.336      0.033     10.122      0.000
    Y6                 0.116      0.011     10.502      0.000
    Y7                 0.115      0.011     10.626      0.000
    Y8                 0.112      0.011     10.570      0.000
    Y9                 0.234      0.024      9.549      0.000
    Y10                0.261      0.026      9.894      0.000

New/Additional Parameters
    L3_0               0.581      0.056     10.330      0.000
    L3_1              -0.059      0.038     -1.570      0.116
    L3_2              -0.114      0.076     -1.503      0.133


QUALITY OF NUMERICAL RESULTS

     Condition Number for the Information Matrix              0.108E-03
       (ratio of smallest to largest eigenvalue)


     Beginning Time:  04:01:19
        Ending Time:  04:01:20
       Elapsed Time:  00:00:01



MUTHEN & MUTHEN
3463 Stoner Ave.
Los Angeles, CA  90066

Tel: (310) 391-9971
Fax: (310) 391-8971
Web: www.StatModel.com
Support: Support@StatModel.com

Copyright (c) 1998-2019 Muthen & Muthen
