Mplus VERSION 8.3
MUTHEN & MUTHEN
04/24/2024   4:12 AM

INPUT INSTRUCTIONS


  TITLE: Test with 10 reps

  DATA:
  File is
  G2_B1_N1_rep419.csv;

  VARIABLE:
      Names are x1 x2 eta
  	y1 y2 y3 y4 y5 y6 y7 y8 y9 y10;
      Usevariables are y1-y10 x1 x2;
      constraint = x1 x2;

  MODEL:
      f BY y1* (l1);
      f BY y2* (l2);
      f BY y3* (l3);
      f BY y4* (l4);
      f BY y5* (l5);
      f BY y6* (l6);
      f BY y7* (l7);
      f BY y8* (l8);
      f BY y9* (l9);
      f BY y10* (l10);

  y6 ON x1 x2;
  f@1;
  [f@0];

  MODEL CONSTRAINT:
      new (l6_0 l6_1 l6_2);
      l6 = l6_0 + l6_1*x1 + l6_2*x2;




INPUT READING TERMINATED NORMALLY



Test with 10 reps

SUMMARY OF ANALYSIS

Number of groups                                                 1
Number of observations                                         250

Number of dependent variables                                   10
Number of independent variables                                  2
Number of continuous latent variables                            1

Observed dependent variables

  Continuous
   Y1          Y2          Y3          Y4          Y5          Y6
   Y7          Y8          Y9          Y10

Observed independent variables
   X1          X2

Continuous latent variables
   F


Estimator                                                       ML
Information matrix                                        OBSERVED
Maximum number of iterations                                  1000
Convergence criterion                                    0.500D-04
Maximum number of steepest descent iterations                   20

Input data file(s)
  G2_B1_N1_rep419.csv

Input data format  FREE



UNIVARIATE SAMPLE STATISTICS


     UNIVARIATE HIGHER-ORDER MOMENT DESCRIPTIVE STATISTICS

         Variable/         Mean/     Skewness/   Minimum/ % with                Percentiles
        Sample Size      Variance    Kurtosis    Maximum  Min/Max      20%/60%    40%/80%    Median

     Y1                    2.020       0.741       1.000   28.80%       1.000      2.000      2.000
             250.000       0.748       0.414       5.000    0.80%       2.000      3.000
     Y2                    1.968       0.762       1.000   32.40%       1.000      2.000      2.000
             250.000       0.751       0.395       5.000    0.80%       2.000      3.000
     Y3                    3.184      -0.036       1.000    0.80%       3.000      3.000      3.000
             250.000       0.614      -0.309       5.000    3.20%       3.000      4.000
     Y4                    3.108      -0.013       1.000    1.20%       3.000      3.000      3.000
             250.000       0.568       0.017       5.000    2.40%       3.000      4.000
     Y5                    3.204      -0.151       1.000    2.00%       3.000      3.000      3.000
             250.000       0.698      -0.122       5.000    4.40%       3.000      4.000
     Y6                    1.244       2.425       1.000   79.60%       1.000      1.000      1.000
             250.000       0.280       6.519       4.000    0.80%       1.000      2.000
     Y7                    1.220       2.025       1.000   80.40%       1.000      1.000      1.000
             250.000       0.220       3.355       3.000    2.40%       1.000      1.000
     Y8                    1.284       2.066       1.000   75.20%       1.000      1.000      1.000
             250.000       0.291       4.910       4.000    0.80%       1.000      2.000
     Y9                    1.940       0.701       1.000   32.40%       1.000      2.000      2.000
             250.000       0.688       0.252       5.000    0.40%       2.000      3.000
     Y10                   1.908       0.647       1.000   28.00%       1.000      2.000      2.000
             250.000       0.524       0.574       4.000    3.20%       2.000      2.000
     X1                    0.088      -0.121      -3.014    0.40%      -0.779     -0.171      0.105
             250.000       0.988       0.011       2.725    0.40%       0.324      0.960
     X2                    0.504      -0.016       0.000   49.60%       0.000      0.000      1.000
             250.000       0.250      -2.000       1.000   50.40%       1.000      1.000


THE MODEL ESTIMATION TERMINATED NORMALLY



MODEL FIT INFORMATION

Number of Free Parameters                       34

Loglikelihood

          H0 Value                       -2117.521

Information Criteria

          Akaike (AIC)                    4303.043
          Bayesian (BIC)                  4422.773
          Sample-Size Adjusted BIC        4314.990
            (n* = (n + 2) / 24)



MODEL RESULTS

                                                    Two-Tailed
                    Estimate       S.E.  Est./S.E.    P-Value

 F        BY
    Y1                 0.684      0.047     14.554      0.000
    Y2                 0.610      0.049     12.341      0.000
    Y3                 0.561      0.044     12.614      0.000
    Y4                 0.571      0.042     13.693      0.000
    Y5                 0.618      0.047     13.198      0.000
    Y6               999.000      0.000    999.000    999.000
    Y7                 0.263      0.028      9.254      0.000
    Y8                 0.328      0.032     10.215      0.000
    Y9                 0.591      0.047     12.559      0.000
    Y10                0.525      0.041     12.873      0.000

 Y6       ON
    X1                -0.010      0.028     -0.373      0.709
    X2                -0.094      0.055     -1.729      0.084

 Means
    F                  0.000      0.000    999.000    999.000

 Intercepts
    Y1                 2.020      0.055     36.939      0.000
    Y2                 1.968      0.055     35.907      0.000
    Y3                 3.184      0.050     64.240      0.000
    Y4                 3.108      0.048     65.185      0.000
    Y5                 3.204      0.053     60.620      0.000
    Y6                 1.291      0.044     29.083      0.000
    Y7                 1.220      0.030     41.164      0.000
    Y8                 1.284      0.034     37.612      0.000
    Y9                 1.940      0.052     36.970      0.000
    Y10                1.908      0.046     41.694      0.000

 Variances
    F                  1.000      0.000    999.000    999.000

 Residual Variances
    Y1                 0.280      0.030      9.258      0.000
    Y2                 0.379      0.038     10.066      0.000
    Y3                 0.300      0.030      9.969      0.000
    Y4                 0.242      0.025      9.659      0.000
    Y5                 0.317      0.032      9.791      0.000
    Y6                 0.172      0.016     10.443      0.000
    Y7                 0.151      0.014     10.657      0.000
    Y8                 0.183      0.017     10.491      0.000
    Y9                 0.339      0.034     10.014      0.000
    Y10                0.248      0.025      9.907      0.000

New/Additional Parameters
    L6_0               0.360      0.045      8.080      0.000
    L6_1               0.048      0.027      1.768      0.077
    L6_2              -0.071      0.057     -1.243      0.214


QUALITY OF NUMERICAL RESULTS

     Condition Number for the Information Matrix              0.196E-03
       (ratio of smallest to largest eigenvalue)


     Beginning Time:  04:12:13
        Ending Time:  04:12:14
       Elapsed Time:  00:00:01



MUTHEN & MUTHEN
3463 Stoner Ave.
Los Angeles, CA  90066

Tel: (310) 391-9971
Fax: (310) 391-8971
Web: www.StatModel.com
Support: Support@StatModel.com

Copyright (c) 1998-2019 Muthen & Muthen
