Mplus VERSION 8.3
MUTHEN & MUTHEN
04/24/2024   4:07 AM

INPUT INSTRUCTIONS


  TITLE: Test with 10 reps

  DATA:
  File is
  G2_B1_N1_rep402.csv;

  VARIABLE:
      Names are x1 x2 eta
  	y1 y2 y3 y4 y5 y6 y7 y8 y9 y10;
      Usevariables are y1-y10 x1 x2;
      constraint = x1 x2;

  MODEL:
      f BY y1* (l1);
      f BY y2* (l2);
      f BY y3* (l3);
      f BY y4* (l4);
      f BY y5* (l5);
      f BY y6* (l6);
      f BY y7* (l7);
      f BY y8* (l8);
      f BY y9* (l9);
      f BY y10* (l10);

  y2 ON x1 x2;
  f@1;
  [f@0];

  MODEL CONSTRAINT:
      new (l2_0 l2_1 l2_2);
      l2 = l2_0 + l2_1*x1 + l2_2*x2;




INPUT READING TERMINATED NORMALLY



Test with 10 reps

SUMMARY OF ANALYSIS

Number of groups                                                 1
Number of observations                                         250

Number of dependent variables                                   10
Number of independent variables                                  2
Number of continuous latent variables                            1

Observed dependent variables

  Continuous
   Y1          Y2          Y3          Y4          Y5          Y6
   Y7          Y8          Y9          Y10

Observed independent variables
   X1          X2

Continuous latent variables
   F


Estimator                                                       ML
Information matrix                                        OBSERVED
Maximum number of iterations                                  1000
Convergence criterion                                    0.500D-04
Maximum number of steepest descent iterations                   20

Input data file(s)
  G2_B1_N1_rep402.csv

Input data format  FREE



UNIVARIATE SAMPLE STATISTICS


     UNIVARIATE HIGHER-ORDER MOMENT DESCRIPTIVE STATISTICS

         Variable/         Mean/     Skewness/   Minimum/ % with                Percentiles
        Sample Size      Variance    Kurtosis    Maximum  Min/Max      20%/60%    40%/80%    Median

     Y1                    1.812       0.791       1.000   35.60%       1.000      2.000      2.000
             250.000       0.545       0.985       5.000    0.40%       2.000      2.000
     Y2                    1.876       0.762       1.000   33.60%       1.000      2.000      2.000
             250.000       0.621       0.353       4.000    4.40%       2.000      2.000
     Y3                    3.212      -0.165       1.000    1.60%       3.000      3.000      3.000
             250.000       0.695      -0.302       5.000    4.00%       3.000      4.000
     Y4                    3.112      -0.086       1.000    3.60%       2.000      3.000      3.000
             250.000       0.795      -0.106       5.000    5.20%       3.000      4.000
     Y5                    3.116      -0.146       1.000    2.80%       2.000      3.000      3.000
             250.000       0.727      -0.175       5.000    3.60%       3.000      4.000
     Y6                    1.212       2.103       1.000   81.20%       1.000      1.000      1.000
             250.000       0.215       3.706       3.000    2.40%       1.000      1.000
     Y7                    1.232       2.281       1.000   80.00%       1.000      1.000      1.000
             250.000       0.250       5.492       4.000    0.40%       1.000      1.000
     Y8                    1.212       2.519       1.000   82.40%       1.000      1.000      1.000
             250.000       0.247       6.585       4.000    0.40%       1.000      1.000
     Y9                    1.872       0.597       1.000   33.60%       1.000      2.000      2.000
             250.000       0.584      -0.021       4.000    2.80%       2.000      2.000
     Y10                   1.872       0.943       1.000   37.20%       1.000      2.000      2.000
             250.000       0.728       0.831       5.000    0.80%       2.000      2.000
     X1                    0.074       0.186      -2.619    0.40%      -0.742     -0.227     -0.008
             250.000       0.972      -0.008       2.842    0.40%       0.233      0.860
     X2                    0.472       0.112       0.000   52.80%       0.000      0.000      0.000
             250.000       0.249      -1.987       1.000   47.20%       1.000      1.000


THE MODEL ESTIMATION TERMINATED NORMALLY



MODEL FIT INFORMATION

Number of Free Parameters                       34

Loglikelihood

          H0 Value                       -2099.416

Information Criteria

          Akaike (AIC)                    4266.831
          Bayesian (BIC)                  4386.561
          Sample-Size Adjusted BIC        4278.778
            (n* = (n + 2) / 24)



MODEL RESULTS

                                                    Two-Tailed
                    Estimate       S.E.  Est./S.E.    P-Value

 F        BY
    Y1                 0.566      0.041     13.938      0.000
    Y2               999.000      0.000    999.000    999.000
    Y3                 0.625      0.046     13.458      0.000
    Y4                 0.670      0.050     13.528      0.000
    Y5                 0.638      0.047     13.439      0.000
    Y6                 0.278      0.028     10.027      0.000
    Y7                 0.289      0.030      9.571      0.000
    Y8                 0.281      0.030      9.328      0.000
    Y9                 0.562      0.043     13.132      0.000
    Y10                0.617      0.048     12.810      0.000

 Y2       ON
    X1                -0.003      0.038     -0.089      0.929
    X2                 0.007      0.075      0.098      0.922

 Means
    F                  0.000      0.000    999.000    999.000

 Intercepts
    Y1                 1.812      0.047     38.821      0.000
    Y2                 1.877      0.062     30.150      0.000
    Y3                 3.212      0.053     60.916      0.000
    Y4                 3.112      0.056     55.170      0.000
    Y5                 3.116      0.054     57.801      0.000
    Y6                 1.212      0.029     41.323      0.000
    Y7                 1.232      0.032     38.945      0.000
    Y8                 1.212      0.031     38.554      0.000
    Y9                 1.872      0.048     38.745      0.000
    Y10                1.872      0.054     34.699      0.000

 Variances
    F                  1.000      0.000    999.000    999.000

 Residual Variances
    Y1                 0.224      0.023      9.564      0.000
    Y2                 0.310      0.031     10.061      0.000
    Y3                 0.305      0.031      9.724      0.000
    Y4                 0.346      0.036      9.726      0.000
    Y5                 0.319      0.033      9.721      0.000
    Y6                 0.138      0.013     10.542      0.000
    Y7                 0.167      0.016     10.603      0.000
    Y8                 0.168      0.016     10.636      0.000
    Y9                 0.268      0.027      9.849      0.000
    Y10                0.347      0.035      9.910      0.000

New/Additional Parameters
    L2_0               0.569      0.059      9.658      0.000
    L2_1              -0.033      0.041     -0.818      0.413
    L2_2              -0.025      0.080     -0.311      0.756


QUALITY OF NUMERICAL RESULTS

     Condition Number for the Information Matrix              0.168E-03
       (ratio of smallest to largest eigenvalue)


     Beginning Time:  04:07:54
        Ending Time:  04:07:55
       Elapsed Time:  00:00:01



MUTHEN & MUTHEN
3463 Stoner Ave.
Los Angeles, CA  90066

Tel: (310) 391-9971
Fax: (310) 391-8971
Web: www.StatModel.com
Support: Support@StatModel.com

Copyright (c) 1998-2019 Muthen & Muthen
