Mplus VERSION 8.3
MUTHEN & MUTHEN
04/24/2024   4:21 AM

INPUT INSTRUCTIONS


  TITLE: Test with 10 reps

  DATA:
  File is
  G2_B1_N1_rep455.csv;

  VARIABLE:
      Names are x1 x2 eta
  	y1 y2 y3 y4 y5 y6 y7 y8 y9 y10;
      Usevariables are y1-y10 x1 x2;
      constraint = x1 x2;

  MODEL:
      f BY y1* (l1);
      f BY y2* (l2);
      f BY y3* (l3);
      f BY y4* (l4);
      f BY y5* (l5);
      f BY y6* (l6);
      f BY y7* (l7);
      f BY y8* (l8);
      f BY y9* (l9);
      f BY y10* (l10);

  y5 ON x1 x2;
  f@1;
  [f@0];

  MODEL CONSTRAINT:
      new (l5_0 l5_1 l5_2);
      l5 = l5_0 + l5_1*x1 + l5_2*x2;




INPUT READING TERMINATED NORMALLY



Test with 10 reps

SUMMARY OF ANALYSIS

Number of groups                                                 1
Number of observations                                         250

Number of dependent variables                                   10
Number of independent variables                                  2
Number of continuous latent variables                            1

Observed dependent variables

  Continuous
   Y1          Y2          Y3          Y4          Y5          Y6
   Y7          Y8          Y9          Y10

Observed independent variables
   X1          X2

Continuous latent variables
   F


Estimator                                                       ML
Information matrix                                        OBSERVED
Maximum number of iterations                                  1000
Convergence criterion                                    0.500D-04
Maximum number of steepest descent iterations                   20

Input data file(s)
  G2_B1_N1_rep455.csv

Input data format  FREE



UNIVARIATE SAMPLE STATISTICS


     UNIVARIATE HIGHER-ORDER MOMENT DESCRIPTIVE STATISTICS

         Variable/         Mean/     Skewness/   Minimum/ % with                Percentiles
        Sample Size      Variance    Kurtosis    Maximum  Min/Max      20%/60%    40%/80%    Median

     Y1                    1.816       0.813       1.000   39.20%       1.000      2.000      2.000
             250.000       0.638       0.493       5.000    0.40%       2.000      2.000
     Y2                    1.816       1.048       1.000   38.00%       1.000      2.000      2.000
             250.000       0.638       1.770       5.000    1.20%       2.000      2.000
     Y3                    3.088      -0.123       1.000    2.80%       2.000      3.000      3.000
             250.000       0.688      -0.026       5.000    3.20%       3.000      4.000
     Y4                    3.068      -0.216       1.000    3.20%       2.000      3.000      3.000
             250.000       0.647       0.189       5.000    2.40%       3.000      4.000
     Y5                    3.084       0.090       1.000    1.60%       2.000      3.000      3.000
             250.000       0.629       0.080       5.000    3.60%       3.000      4.000
     Y6                    1.196       2.886       1.000   83.20%       1.000      1.000      1.000
             250.000       0.230       9.990       4.000    0.80%       1.000      1.000
     Y7                    1.176       2.324       1.000   84.00%       1.000      1.000      1.000
             250.000       0.177       4.796       3.000    1.60%       1.000      1.000
     Y8                    1.152       3.170       1.000   86.80%       1.000      1.000      1.000
             250.000       0.177      11.814       4.000    0.40%       1.000      1.000
     Y9                    1.868       1.100       1.000   34.80%       1.000      2.000      2.000
             250.000       0.683       1.731       5.000    1.20%       2.000      2.000
     Y10                   1.836       0.764       1.000   38.40%       1.000      2.000      2.000
             250.000       0.649       0.344       5.000    0.40%       2.000      2.000
     X1                    0.061       0.058      -2.373    0.40%      -0.746     -0.216      0.081
             250.000       0.804      -0.215       2.636    0.40%       0.304      0.861
     X2                    0.504      -0.016       0.000   49.60%       0.000      0.000      1.000
             250.000       0.250      -2.000       1.000   50.40%       1.000      1.000


THE MODEL ESTIMATION TERMINATED NORMALLY



MODEL FIT INFORMATION

Number of Free Parameters                       34

Loglikelihood

          H0 Value                       -2022.352

Information Criteria

          Akaike (AIC)                    4112.704
          Bayesian (BIC)                  4232.434
          Sample-Size Adjusted BIC        4124.651
            (n* = (n + 2) / 24)



MODEL RESULTS

                                                    Two-Tailed
                    Estimate       S.E.  Est./S.E.    P-Value

 F        BY
    Y1                 0.627      0.044     14.373      0.000
    Y2                 0.590      0.045     13.169      0.000
    Y3                 0.615      0.046     13.256      0.000
    Y4                 0.578      0.046     12.686      0.000
    Y5               999.000      0.000    999.000    999.000
    Y6                 0.285      0.029      9.941      0.000
    Y7                 0.234      0.026      9.124      0.000
    Y8                 0.240      0.025      9.426      0.000
    Y9                 0.566      0.048     11.880      0.000
    Y10                0.587      0.045     12.934      0.000

 Y5       ON
    X1                -0.034      0.041     -0.818      0.413
    X2                -0.112      0.072     -1.561      0.118

 Means
    F                  0.000      0.000    999.000    999.000

 Intercepts
    Y1                 1.816      0.051     35.944      0.000
    Y2                 1.816      0.051     35.944      0.000
    Y3                 3.088      0.052     58.853      0.000
    Y4                 3.068      0.051     60.290      0.000
    Y5                 3.157      0.062     51.005      0.000
    Y6                 1.196      0.030     39.467      0.000
    Y7                 1.176      0.027     44.194      0.000
    Y8                 1.152      0.027     43.308      0.000
    Y9                 1.868      0.052     35.750      0.000
    Y10                1.836      0.051     36.032      0.000

 Variances
    F                  1.000      0.000    999.000    999.000

 Residual Variances
    Y1                 0.245      0.026      9.299      0.000
    Y2                 0.290      0.030      9.787      0.000
    Y3                 0.310      0.032      9.747      0.000
    Y4                 0.313      0.032      9.938      0.000
    Y5                 0.281      0.029      9.755      0.000
    Y6                 0.148      0.014     10.525      0.000
    Y7                 0.122      0.011     10.651      0.000
    Y8                 0.119      0.011     10.599      0.000
    Y9                 0.363      0.036     10.146      0.000
    Y10                0.304      0.031      9.844      0.000

New/Additional Parameters
    L5_0               0.576      0.059      9.721      0.000
    L5_1              -0.102      0.049     -2.099      0.036
    L5_2               0.045      0.075      0.597      0.550


QUALITY OF NUMERICAL RESULTS

     Condition Number for the Information Matrix              0.124E-03
       (ratio of smallest to largest eigenvalue)


     Beginning Time:  04:21:43
        Ending Time:  04:21:44
       Elapsed Time:  00:00:01



MUTHEN & MUTHEN
3463 Stoner Ave.
Los Angeles, CA  90066

Tel: (310) 391-9971
Fax: (310) 391-8971
Web: www.StatModel.com
Support: Support@StatModel.com

Copyright (c) 1998-2019 Muthen & Muthen
