Mplus VERSION 8.3
MUTHEN & MUTHEN
04/24/2024   4:08 AM

INPUT INSTRUCTIONS


  TITLE: Test with 10 reps

  DATA:
  File is
  G2_B1_N1_rep406.csv;

  VARIABLE:
      Names are x1 x2 eta
  	y1 y2 y3 y4 y5 y6 y7 y8 y9 y10;
      Usevariables are y1-y10 x1 x2;
      constraint = x1 x2;

  MODEL:
      f BY y1* (l1);
      f BY y2* (l2);
      f BY y3* (l3);
      f BY y4* (l4);
      f BY y5* (l5);
      f BY y6* (l6);
      f BY y7* (l7);
      f BY y8* (l8);
      f BY y9* (l9);
      f BY y10* (l10);

  y8 ON x1 x2;
  f@1;
  [f@0];

  MODEL CONSTRAINT:
      new (l8_0 l8_1 l8_2);
      l8 = l8_0 + l8_1*x1 + l8_2*x2;




INPUT READING TERMINATED NORMALLY



Test with 10 reps

SUMMARY OF ANALYSIS

Number of groups                                                 1
Number of observations                                         250

Number of dependent variables                                   10
Number of independent variables                                  2
Number of continuous latent variables                            1

Observed dependent variables

  Continuous
   Y1          Y2          Y3          Y4          Y5          Y6
   Y7          Y8          Y9          Y10

Observed independent variables
   X1          X2

Continuous latent variables
   F


Estimator                                                       ML
Information matrix                                        OBSERVED
Maximum number of iterations                                  1000
Convergence criterion                                    0.500D-04
Maximum number of steepest descent iterations                   20

Input data file(s)
  G2_B1_N1_rep406.csv

Input data format  FREE



UNIVARIATE SAMPLE STATISTICS


     UNIVARIATE HIGHER-ORDER MOMENT DESCRIPTIVE STATISTICS

         Variable/         Mean/     Skewness/   Minimum/ % with                Percentiles
        Sample Size      Variance    Kurtosis    Maximum  Min/Max      20%/60%    40%/80%    Median

     Y1                    1.844       1.020       1.000   36.00%       1.000      2.000      2.000
             250.000       0.652       1.416       5.000    0.80%       2.000      2.000
     Y2                    1.808       1.169       1.000   40.40%       1.000      1.000      2.000
             250.000       0.715       1.660       5.000    1.20%       2.000      2.000
     Y3                    3.096      -0.012       1.000    2.00%       2.000      3.000      3.000
             250.000       0.687      -0.175       5.000    3.60%       3.000      4.000
     Y4                    3.040       0.095       1.000    2.80%       2.000      3.000      3.000
             250.000       0.782      -0.259       5.000    4.80%       3.000      4.000
     Y5                    3.040      -0.030       1.000    2.40%       2.000      3.000      3.000
             250.000       0.670      -0.125       5.000    2.80%       3.000      4.000
     Y6                    1.188       2.183       1.000   82.80%       1.000      1.000      1.000
             250.000       0.185       4.078       3.000    1.60%       1.000      1.000
     Y7                    1.196       3.129       1.000   84.80%       1.000      1.000      1.000
             250.000       0.270      10.829       4.000    1.20%       1.000      1.000
     Y8                    1.180       2.457       1.000   84.40%       1.000      1.000      1.000
             250.000       0.196       5.466       3.000    2.40%       1.000      1.000
     Y9                    1.796       0.791       1.000   38.40%       1.000      2.000      2.000
             250.000       0.586       0.356       4.000    3.20%       2.000      2.000
     Y10                   1.792       1.252       1.000   41.60%       1.000      1.000      2.000
             250.000       0.709       2.327       5.000    2.00%       2.000      2.000
     X1                   -0.104       0.102      -2.728    0.40%      -0.951     -0.387     -0.190
             250.000       1.075      -0.352       2.605    0.40%       0.125      0.767
     X2                    0.512      -0.048       0.000   48.80%       0.000      0.000      1.000
             250.000       0.250      -1.998       1.000   51.20%       1.000      1.000


THE MODEL ESTIMATION TERMINATED NORMALLY



MODEL FIT INFORMATION

Number of Free Parameters                       34

Loglikelihood

          H0 Value                       -2069.595

Information Criteria

          Akaike (AIC)                    4207.191
          Bayesian (BIC)                  4326.921
          Sample-Size Adjusted BIC        4219.138
            (n* = (n + 2) / 24)



MODEL RESULTS

                                                    Two-Tailed
                    Estimate       S.E.  Est./S.E.    P-Value

 F        BY
    Y1                 0.612      0.045     13.703      0.000
    Y2                 0.624      0.047     13.177      0.000
    Y3                 0.579      0.047     12.235      0.000
    Y4                 0.649      0.050     13.062      0.000
    Y5                 0.602      0.046     13.106      0.000
    Y6                 0.249      0.026      9.618      0.000
    Y7                 0.342      0.030     11.295      0.000
    Y8               999.000      0.000    999.000    999.000
    Y9                 0.553      0.043     12.810      0.000
    Y10                0.644      0.046     13.865      0.000

 Y8       ON
    X1                 0.016      0.022      0.726      0.468
    X2                -0.012      0.045     -0.258      0.796

 Means
    F                  0.000      0.000    999.000    999.000

 Intercepts
    Y1                 1.844      0.051     36.118      0.000
    Y2                 1.808      0.053     33.804      0.000
    Y3                 3.096      0.052     59.069      0.000
    Y4                 3.040      0.056     54.341      0.000
    Y5                 3.040      0.052     58.705      0.000
    Y6                 1.188      0.027     43.712      0.000
    Y7                 1.196      0.033     36.421      0.000
    Y8                 1.185      0.036     32.587      0.000
    Y9                 1.796      0.048     37.084      0.000
    Y10                1.792      0.053     33.656      0.000

 Variances
    F                  1.000      0.000    999.000    999.000

 Residual Variances
    Y1                 0.277      0.029      9.664      0.000
    Y2                 0.326      0.033      9.849      0.000
    Y3                 0.351      0.035     10.104      0.000
    Y4                 0.362      0.037      9.860      0.000
    Y5                 0.308      0.031      9.848      0.000
    Y6                 0.123      0.012     10.616      0.000
    Y7                 0.153      0.015     10.295      0.000
    Y8                 0.120      0.011     10.462      0.000
    Y9                 0.280      0.028      9.961      0.000
    Y10                0.294      0.031      9.570      0.000

New/Additional Parameters
    L8_0               0.271      0.038      7.062      0.000
    L8_1               0.019      0.023      0.830      0.407
    L8_2               0.000      0.048     -0.004      0.997


QUALITY OF NUMERICAL RESULTS

     Condition Number for the Information Matrix              0.128E-03
       (ratio of smallest to largest eigenvalue)


     Beginning Time:  04:08:57
        Ending Time:  04:08:59
       Elapsed Time:  00:00:02



MUTHEN & MUTHEN
3463 Stoner Ave.
Los Angeles, CA  90066

Tel: (310) 391-9971
Fax: (310) 391-8971
Web: www.StatModel.com
Support: Support@StatModel.com

Copyright (c) 1998-2019 Muthen & Muthen
