Mplus VERSION 8.3
MUTHEN & MUTHEN
04/24/2024   4:30 AM

INPUT INSTRUCTIONS


  TITLE: Test with 10 reps

  DATA:
  File is
  G2_B1_N1_rep489.csv;

  VARIABLE:
      Names are x1 x2 eta
  	y1 y2 y3 y4 y5 y6 y7 y8 y9 y10;
      Usevariables are y1-y10 x1 x2;
      constraint = x1 x2;

  MODEL:
      f BY y1* (l1);
      f BY y2* (l2);
      f BY y3* (l3);
      f BY y4* (l4);
      f BY y5* (l5);
      f BY y6* (l6);
      f BY y7* (l7);
      f BY y8* (l8);
      f BY y9* (l9);
      f BY y10* (l10);

  y5 ON x1 x2;
  f@1;
  [f@0];

  MODEL CONSTRAINT:
      new (l5_0 l5_1 l5_2);
      l5 = l5_0 + l5_1*x1 + l5_2*x2;




INPUT READING TERMINATED NORMALLY



Test with 10 reps

SUMMARY OF ANALYSIS

Number of groups                                                 1
Number of observations                                         250

Number of dependent variables                                   10
Number of independent variables                                  2
Number of continuous latent variables                            1

Observed dependent variables

  Continuous
   Y1          Y2          Y3          Y4          Y5          Y6
   Y7          Y8          Y9          Y10

Observed independent variables
   X1          X2

Continuous latent variables
   F


Estimator                                                       ML
Information matrix                                        OBSERVED
Maximum number of iterations                                  1000
Convergence criterion                                    0.500D-04
Maximum number of steepest descent iterations                   20

Input data file(s)
  G2_B1_N1_rep489.csv

Input data format  FREE



UNIVARIATE SAMPLE STATISTICS


     UNIVARIATE HIGHER-ORDER MOMENT DESCRIPTIVE STATISTICS

         Variable/         Mean/     Skewness/   Minimum/ % with                Percentiles
        Sample Size      Variance    Kurtosis    Maximum  Min/Max      20%/60%    40%/80%    Median

     Y1                    1.876       1.182       1.000   35.60%       1.000      2.000      2.000
             250.000       0.741       1.822       5.000    1.60%       2.000      2.000
     Y2                    1.896       1.289       1.000   37.20%       1.000      2.000      2.000
             250.000       0.861       1.914       5.000    2.80%       2.000      2.000
     Y3                    3.160       0.247       1.000    0.80%       3.000      3.000      3.000
             250.000       0.622       0.083       5.000    5.20%       3.000      4.000
     Y4                    3.044       0.211       1.000    2.00%       2.000      3.000      3.000
             250.000       0.690       0.105       5.000    4.80%       3.000      4.000
     Y5                    3.140      -0.006       1.000    2.00%       2.000      3.000      3.000
             250.000       0.736      -0.257       5.000    4.80%       3.000      4.000
     Y6                    1.252       2.331       1.000   78.40%       1.000      1.000      1.000
             250.000       0.276       6.221       4.000    0.80%       1.000      2.000
     Y7                    1.220       3.191       1.000   80.80%       1.000      1.000      1.000
             250.000       0.260      14.849       5.000    0.40%       1.000      1.000
     Y8                    1.212       2.910       1.000   81.60%       1.000      1.000      1.000
             250.000       0.247      10.637       4.000    1.20%       1.000      1.000
     Y9                    1.912       0.938       1.000   33.60%       1.000      2.000      2.000
             250.000       0.704       1.183       5.000    1.20%       2.000      2.000
     Y10                   1.876       0.850       1.000   36.80%       1.000      2.000      2.000
             250.000       0.701       0.688       5.000    0.80%       2.000      2.000
     X1                   -0.108       0.185      -2.853    0.40%      -0.987     -0.377     -0.128
             250.000       1.049      -0.149       2.902    0.40%       0.100      0.747
     X2                    0.496       0.016       0.000   50.40%       0.000      0.000      0.000
             250.000       0.250      -2.000       1.000   49.60%       1.000      1.000


THE MODEL ESTIMATION TERMINATED NORMALLY



MODEL FIT INFORMATION

Number of Free Parameters                       34

Loglikelihood

          H0 Value                       -2184.154

Information Criteria

          Akaike (AIC)                    4436.309
          Bayesian (BIC)                  4556.039
          Sample-Size Adjusted BIC        4448.256
            (n* = (n + 2) / 24)



MODEL RESULTS

                                                    Two-Tailed
                    Estimate       S.E.  Est./S.E.    P-Value

 F        BY
    Y1                 0.658      0.047     13.863      0.000
    Y2                 0.701      0.051     13.647      0.000
    Y3                 0.561      0.045     12.525      0.000
    Y4                 0.581      0.047     12.270      0.000
    Y5               999.000      0.000    999.000    999.000
    Y6                 0.339      0.031     10.994      0.000
    Y7                 0.310      0.030     10.212      0.000
    Y8                 0.288      0.030      9.629      0.000
    Y9                 0.644      0.046     13.946      0.000
    Y10                0.615      0.047     13.128      0.000

 Y5       ON
    X1                 0.045      0.037      1.215      0.224
    X2                -0.033      0.077     -0.432      0.666

 Means
    F                  0.000      0.000    999.000    999.000

 Intercepts
    Y1                 1.876      0.054     34.467      0.000
    Y2                 1.896      0.059     32.304      0.000
    Y3                 3.160      0.050     63.332      0.000
    Y4                 3.044      0.053     57.939      0.000
    Y5                 3.167      0.069     45.818      0.000
    Y6                 1.252      0.033     37.647      0.000
    Y7                 1.220      0.032     37.860      0.000
    Y8                 1.212      0.031     38.554      0.000
    Y9                 1.912      0.053     36.024      0.000
    Y10                1.876      0.053     35.437      0.000

 Variances
    F                  1.000      0.000    999.000    999.000

 Residual Variances
    Y1                 0.308      0.032      9.618      0.000
    Y2                 0.370      0.038      9.727      0.000
    Y3                 0.308      0.031     10.056      0.000
    Y4                 0.352      0.035     10.131      0.000
    Y5                 0.319      0.033      9.728      0.000
    Y6                 0.162      0.016     10.394      0.000
    Y7                 0.164      0.016     10.524      0.000
    Y8                 0.164      0.015     10.620      0.000
    Y9                 0.289      0.030      9.571      0.000
    Y10                0.322      0.033      9.891      0.000

New/Additional Parameters
    L5_0               0.707      0.075      9.471      0.000
    L5_1              -0.026      0.042     -0.625      0.532
    L5_2              -0.105      0.084     -1.248      0.212


QUALITY OF NUMERICAL RESULTS

     Condition Number for the Information Matrix              0.231E-03
       (ratio of smallest to largest eigenvalue)


     Beginning Time:  04:30:25
        Ending Time:  04:30:26
       Elapsed Time:  00:00:01



MUTHEN & MUTHEN
3463 Stoner Ave.
Los Angeles, CA  90066

Tel: (310) 391-9971
Fax: (310) 391-8971
Web: www.StatModel.com
Support: Support@StatModel.com

Copyright (c) 1998-2019 Muthen & Muthen
