Mplus VERSION 8.3
MUTHEN & MUTHEN
04/24/2024   4:30 AM

INPUT INSTRUCTIONS


  TITLE: Test with 10 reps

  DATA:
  File is
  G2_B1_N1_rep49.csv;

  VARIABLE:
      Names are x1 x2 eta
  	y1 y2 y3 y4 y5 y6 y7 y8 y9 y10;
      Usevariables are y1-y10 x1 x2;
      constraint = x1 x2;

  MODEL:
      f BY y1* (l1);
      f BY y2* (l2);
      f BY y3* (l3);
      f BY y4* (l4);
      f BY y5* (l5);
      f BY y6* (l6);
      f BY y7* (l7);
      f BY y8* (l8);
      f BY y9* (l9);
      f BY y10* (l10);

  y4 ON x1 x2;
  f@1;
  [f@0];

  MODEL CONSTRAINT:
      new (l4_0 l4_1 l4_2);
      l4 = l4_0 + l4_1*x1 + l4_2*x2;




INPUT READING TERMINATED NORMALLY



Test with 10 reps

SUMMARY OF ANALYSIS

Number of groups                                                 1
Number of observations                                         250

Number of dependent variables                                   10
Number of independent variables                                  2
Number of continuous latent variables                            1

Observed dependent variables

  Continuous
   Y1          Y2          Y3          Y4          Y5          Y6
   Y7          Y8          Y9          Y10

Observed independent variables
   X1          X2

Continuous latent variables
   F


Estimator                                                       ML
Information matrix                                        OBSERVED
Maximum number of iterations                                  1000
Convergence criterion                                    0.500D-04
Maximum number of steepest descent iterations                   20

Input data file(s)
  G2_B1_N1_rep49.csv

Input data format  FREE



UNIVARIATE SAMPLE STATISTICS


     UNIVARIATE HIGHER-ORDER MOMENT DESCRIPTIVE STATISTICS

         Variable/         Mean/     Skewness/   Minimum/ % with                Percentiles
        Sample Size      Variance    Kurtosis    Maximum  Min/Max      20%/60%    40%/80%    Median

     Y1                    1.888       0.822       1.000   32.00%       1.000      2.000      2.000
             250.000       0.595       1.231       5.000    0.80%       2.000      2.000
     Y2                    1.856       0.880       1.000   35.60%       1.000      2.000      2.000
             250.000       0.635       1.086       5.000    0.80%       2.000      2.000
     Y3                    3.124       0.028       1.000    2.40%       2.000      3.000      3.000
             250.000       0.733      -0.050       5.000    5.20%       3.000      4.000
     Y4                    3.084      -0.037       1.000    3.20%       2.000      3.000      3.000
             250.000       0.821      -0.385       5.000    4.80%       3.000      4.000
     Y5                    3.120      -0.193       1.000    3.20%       2.000      3.000      3.000
             250.000       0.730      -0.080       5.000    3.60%       3.000      4.000
     Y6                    1.200       3.261       1.000   83.60%       1.000      1.000      1.000
             250.000       0.256      14.441       5.000    0.40%       1.000      1.000
     Y7                    1.208       2.969       1.000   82.40%       1.000      1.000      1.000
             250.000       0.253      10.692       4.000    1.20%       1.000      1.000
     Y8                    1.164       2.479       1.000   85.20%       1.000      1.000      1.000
             250.000       0.169       5.634       3.000    1.60%       1.000      1.000
     Y9                    1.856       1.151       1.000   34.80%       1.000      2.000      2.000
             250.000       0.667       1.972       5.000    1.20%       2.000      2.000
     Y10                   1.856       0.931       1.000   40.00%       1.000      1.000      2.000
             250.000       0.763       0.608       5.000    0.80%       2.000      2.000
     X1                   -0.051      -0.183      -2.895    0.40%      -0.736     -0.293     -0.050
             250.000       0.879      -0.008       2.278    0.40%       0.177      0.750
     X2                    0.476       0.096       0.000   52.40%       0.000      0.000      0.000
             250.000       0.249      -1.991       1.000   47.60%       1.000      1.000


THE MODEL ESTIMATION TERMINATED NORMALLY



MODEL FIT INFORMATION

Number of Free Parameters                       34

Loglikelihood

          H0 Value                       -2136.421

Information Criteria

          Akaike (AIC)                    4340.843
          Bayesian (BIC)                  4460.572
          Sample-Size Adjusted BIC        4352.789
            (n* = (n + 2) / 24)



MODEL RESULTS

                                                    Two-Tailed
                    Estimate       S.E.  Est./S.E.    P-Value

 F        BY
    Y1                 0.518      0.045     11.583      0.000
    Y2                 0.538      0.046     11.666      0.000
    Y3                 0.670      0.047     14.343      0.000
    Y4               999.000      0.000    999.000    999.000
    Y5                 0.591      0.049     12.059      0.000
    Y6                 0.301      0.030      9.942      0.000
    Y7                 0.286      0.030      9.411      0.000
    Y8                 0.248      0.025     10.101      0.000
    Y9                 0.599      0.046     13.067      0.000
    Y10                0.646      0.049     13.222      0.000

 Y4       ON
    X1                -0.001      0.040     -0.031      0.975
    X2                -0.027      0.076     -0.351      0.726

 Means
    F                  0.000      0.000    999.000    999.000

 Intercepts
    Y1                 1.888      0.049     38.685      0.000
    Y2                 1.856      0.050     36.819      0.000
    Y3                 3.124      0.054     57.709      0.000
    Y4                 3.103      0.071     44.016      0.000
    Y5                 3.120      0.054     57.754      0.000
    Y6                 1.200      0.032     37.500      0.000
    Y7                 1.208      0.032     37.993      0.000
    Y8                 1.164      0.026     44.755      0.000
    Y9                 1.856      0.052     35.925      0.000
    Y10                1.856      0.055     33.590      0.000

 Variances
    F                  1.000      0.000    999.000    999.000

 Residual Variances
    Y1                 0.327      0.032     10.238      0.000
    Y2                 0.346      0.034     10.239      0.000
    Y3                 0.283      0.030      9.362      0.000
    Y4                 0.286      0.032      8.971      0.000
    Y5                 0.381      0.038     10.154      0.000
    Y6                 0.165      0.016     10.534      0.000
    Y7                 0.171      0.016     10.623      0.000
    Y8                 0.108      0.010     10.523      0.000
    Y9                 0.308      0.031      9.854      0.000
    Y10                0.346      0.035      9.802      0.000

New/Additional Parameters
    L4_0               0.781      0.068     11.525      0.000
    L4_1               0.028      0.041      0.677      0.498
    L4_2              -0.079      0.082     -0.968      0.333


QUALITY OF NUMERICAL RESULTS

     Condition Number for the Information Matrix              0.103E-03
       (ratio of smallest to largest eigenvalue)


     Beginning Time:  04:30:37
        Ending Time:  04:30:39
       Elapsed Time:  00:00:02



MUTHEN & MUTHEN
3463 Stoner Ave.
Los Angeles, CA  90066

Tel: (310) 391-9971
Fax: (310) 391-8971
Web: www.StatModel.com
Support: Support@StatModel.com

Copyright (c) 1998-2019 Muthen & Muthen
