Mplus VERSION 8.3
MUTHEN & MUTHEN
04/24/2024   4:07 AM

INPUT INSTRUCTIONS


  TITLE: Test with 10 reps

  DATA:
  File is
  G2_B1_N1_rep400.csv;

  VARIABLE:
      Names are x1 x2 eta
  	y1 y2 y3 y4 y5 y6 y7 y8 y9 y10;
      Usevariables are y1-y10 x1 x2;
      constraint = x1 x2;

  MODEL:
      f BY y1* (l1);
      f BY y2* (l2);
      f BY y3* (l3);
      f BY y4* (l4);
      f BY y5* (l5);
      f BY y6* (l6);
      f BY y7* (l7);
      f BY y8* (l8);
      f BY y9* (l9);
      f BY y10* (l10);

  y3 ON x1 x2;
  f@1;
  [f@0];

  MODEL CONSTRAINT:
      new (l3_0 l3_1 l3_2);
      l3 = l3_0 + l3_1*x1 + l3_2*x2;




INPUT READING TERMINATED NORMALLY



Test with 10 reps

SUMMARY OF ANALYSIS

Number of groups                                                 1
Number of observations                                         250

Number of dependent variables                                   10
Number of independent variables                                  2
Number of continuous latent variables                            1

Observed dependent variables

  Continuous
   Y1          Y2          Y3          Y4          Y5          Y6
   Y7          Y8          Y9          Y10

Observed independent variables
   X1          X2

Continuous latent variables
   F


Estimator                                                       ML
Information matrix                                        OBSERVED
Maximum number of iterations                                  1000
Convergence criterion                                    0.500D-04
Maximum number of steepest descent iterations                   20

Input data file(s)
  G2_B1_N1_rep400.csv

Input data format  FREE



UNIVARIATE SAMPLE STATISTICS


     UNIVARIATE HIGHER-ORDER MOMENT DESCRIPTIVE STATISTICS

         Variable/         Mean/     Skewness/   Minimum/ % with                Percentiles
        Sample Size      Variance    Kurtosis    Maximum  Min/Max      20%/60%    40%/80%    Median

     Y1                    1.796       0.815       1.000   40.40%       1.000      1.000      2.000
             250.000       0.626       0.485       5.000    0.40%       2.000      2.000
     Y2                    1.788       0.667       1.000   35.60%       1.000      2.000      2.000
             250.000       0.495       0.434       4.000    2.00%       2.000      2.000
     Y3                    3.056      -0.016       1.000    1.60%       2.000      3.000      3.000
             250.000       0.669      -0.449       5.000    2.40%       3.000      4.000
     Y4                    3.012      -0.119       1.000    2.00%       2.000      3.000      3.000
             250.000       0.620      -0.381       5.000    1.20%       3.000      4.000
     Y5                    2.980       0.007       1.000    4.80%       2.000      3.000      3.000
             250.000       0.820      -0.138       5.000    4.40%       3.000      4.000
     Y6                    1.180       2.669       1.000   83.60%       1.000      1.000      1.000
             250.000       0.188       8.659       4.000    0.40%       1.000      1.000
     Y7                    1.152       3.564       1.000   87.60%       1.000      1.000      1.000
             250.000       0.201      14.853       4.000    0.80%       1.000      1.000
     Y8                    1.168       3.771       1.000   86.00%       1.000      1.000      1.000
             250.000       0.220      19.793       5.000    0.40%       1.000      1.000
     Y9                    1.736       0.758       1.000   42.80%       1.000      1.000      2.000
             250.000       0.562       0.067       4.000    2.00%       2.000      2.000
     Y10                   1.880       0.771       1.000   34.80%       1.000      2.000      2.000
             250.000       0.650       0.492       5.000    0.40%       2.000      2.000
     X1                    0.029       0.153      -2.518    0.40%      -0.799     -0.317      0.021
             250.000       0.967       0.093       3.863    0.40%       0.334      0.915
     X2                    0.524      -0.096       0.000   47.60%       0.000      0.000      1.000
             250.000       0.249      -1.991       1.000   52.40%       1.000      1.000


THE MODEL ESTIMATION TERMINATED NORMALLY



MODEL FIT INFORMATION

Number of Free Parameters                       34

Loglikelihood

          H0 Value                       -2033.562

Information Criteria

          Akaike (AIC)                    4135.123
          Bayesian (BIC)                  4254.853
          Sample-Size Adjusted BIC        4147.070
            (n* = (n + 2) / 24)



MODEL RESULTS

                                                    Two-Tailed
                    Estimate       S.E.  Est./S.E.    P-Value

 F        BY
    Y1                 0.588      0.044     13.244      0.000
    Y2                 0.485      0.041     11.938      0.000
    Y3               999.000      0.000    999.000    999.000
    Y4                 0.565      0.045     12.588      0.000
    Y5                 0.665      0.051     13.043      0.000
    Y6                 0.244      0.026      9.255      0.000
    Y7                 0.266      0.027      9.840      0.000
    Y8                 0.268      0.029      9.390      0.000
    Y9                 0.528      0.043     12.305      0.000
    Y10                0.600      0.045     13.276      0.000

 Y3       ON
    X1                 0.065      0.040      1.614      0.107
    X2                -0.061      0.077     -0.797      0.425

 Means
    F                  0.000      0.000    999.000    999.000

 Intercepts
    Y1                 1.796      0.050     35.880      0.000
    Y2                 1.788      0.044     40.180      0.000
    Y3                 3.094      0.067     46.176      0.000
    Y4                 3.012      0.050     60.489      0.000
    Y5                 2.980      0.057     52.046      0.000
    Y6                 1.180      0.027     43.076      0.000
    Y7                 1.152      0.028     40.638      0.000
    Y8                 1.168      0.030     39.393      0.000
    Y9                 1.736      0.047     36.604      0.000
    Y10                1.880      0.051     36.881      0.000

 Variances
    F                  1.000      0.000    999.000    999.000

 Residual Variances
    Y1                 0.280      0.029      9.630      0.000
    Y2                 0.260      0.026     10.048      0.000
    Y3                 0.325      0.033      9.927      0.000
    Y4                 0.301      0.031      9.817      0.000
    Y5                 0.377      0.039      9.699      0.000
    Y6                 0.128      0.012     10.575      0.000
    Y7                 0.130      0.012     10.454      0.000
    Y8                 0.148      0.014     10.542      0.000
    Y9                 0.283      0.029      9.930      0.000
    Y10                0.290      0.030      9.614      0.000

New/Additional Parameters
    L3_0               0.595      0.064      9.293      0.000
    L3_1              -0.022      0.044     -0.509      0.611
    L3_2              -0.044      0.081     -0.545      0.586


QUALITY OF NUMERICAL RESULTS

     Condition Number for the Information Matrix              0.143E-03
       (ratio of smallest to largest eigenvalue)


     Beginning Time:  04:07:25
        Ending Time:  04:07:27
       Elapsed Time:  00:00:02



MUTHEN & MUTHEN
3463 Stoner Ave.
Los Angeles, CA  90066

Tel: (310) 391-9971
Fax: (310) 391-8971
Web: www.StatModel.com
Support: Support@StatModel.com

Copyright (c) 1998-2019 Muthen & Muthen
