Mplus VERSION 8.3
MUTHEN & MUTHEN
04/24/2024   4:10 AM

INPUT INSTRUCTIONS


  TITLE: Test with 10 reps

  DATA:
  File is
  G2_B1_N1_rep412.csv;

  VARIABLE:
      Names are x1 x2 eta
  	y1 y2 y3 y4 y5 y6 y7 y8 y9 y10;
      Usevariables are y1-y10 x1 x2;
      constraint = x1 x2;

  MODEL:
      f BY y1* (l1);
      f BY y2* (l2);
      f BY y3* (l3);
      f BY y4* (l4);
      f BY y5* (l5);
      f BY y6* (l6);
      f BY y7* (l7);
      f BY y8* (l8);
      f BY y9* (l9);
      f BY y10* (l10);

  y9 ON x1 x2;
  f@1;
  [f@0];

  MODEL CONSTRAINT:
      new (l9_0 l9_1 l9_2);
      l9 = l9_0 + l9_1*x1 + l9_2*x2;




INPUT READING TERMINATED NORMALLY



Test with 10 reps

SUMMARY OF ANALYSIS

Number of groups                                                 1
Number of observations                                         250

Number of dependent variables                                   10
Number of independent variables                                  2
Number of continuous latent variables                            1

Observed dependent variables

  Continuous
   Y1          Y2          Y3          Y4          Y5          Y6
   Y7          Y8          Y9          Y10

Observed independent variables
   X1          X2

Continuous latent variables
   F


Estimator                                                       ML
Information matrix                                        OBSERVED
Maximum number of iterations                                  1000
Convergence criterion                                    0.500D-04
Maximum number of steepest descent iterations                   20

Input data file(s)
  G2_B1_N1_rep412.csv

Input data format  FREE



UNIVARIATE SAMPLE STATISTICS


     UNIVARIATE HIGHER-ORDER MOMENT DESCRIPTIVE STATISTICS

         Variable/         Mean/     Skewness/   Minimum/ % with                Percentiles
        Sample Size      Variance    Kurtosis    Maximum  Min/Max      20%/60%    40%/80%    Median

     Y1                    1.884       0.431       1.000   31.20%       1.000      2.000      2.000
             250.000       0.527      -0.238       4.000    1.60%       2.000      2.000
     Y2                    1.828       0.751       1.000   35.20%       1.000      2.000      2.000
             250.000       0.558       0.795       5.000    0.40%       2.000      2.000
     Y3                    3.092      -0.039       1.000    2.00%       2.000      3.000      3.000
             250.000       0.668      -0.141       5.000    3.20%       3.000      4.000
     Y4                    3.132      -0.021       1.000    2.00%       3.000      3.000      3.000
             250.000       0.659       0.073       5.000    4.00%       3.000      4.000
     Y5                    3.152       0.025       1.000    1.60%       3.000      3.000      3.000
             250.000       0.665      -0.043       5.000    4.40%       3.000      4.000
     Y6                    1.208       2.442       1.000   81.60%       1.000      1.000      1.000
             250.000       0.221       6.731       4.000    0.40%       1.000      1.000
     Y7                    1.168       3.781       1.000   85.60%       1.000      1.000      1.000
             250.000       0.212      20.628       5.000    0.40%       1.000      1.000
     Y8                    1.176       2.206       1.000   83.60%       1.000      1.000      1.000
             250.000       0.169       4.130       3.000    1.20%       1.000      1.000
     Y9                    1.828       1.003       1.000   34.80%       1.000      2.000      2.000
             250.000       0.582       1.806       5.000    0.80%       2.000      2.000
     Y10                   1.880       0.492       1.000   32.00%       1.000      2.000      2.000
             250.000       0.546      -0.152       4.000    2.00%       2.000      2.000
     X1                   -0.018       0.224      -3.303    0.40%      -0.746     -0.246     -0.032
             250.000       1.014       1.418       4.221    0.40%       0.172      0.750
     X2                    0.508      -0.032       0.000   49.20%       0.000      0.000      1.000
             250.000       0.250      -1.999       1.000   50.80%       1.000      1.000


THE MODEL ESTIMATION TERMINATED NORMALLY



MODEL FIT INFORMATION

Number of Free Parameters                       34

Loglikelihood

          H0 Value                       -1920.582

Information Criteria

          Akaike (AIC)                    3909.164
          Bayesian (BIC)                  4028.894
          Sample-Size Adjusted BIC        3921.111
            (n* = (n + 2) / 24)



MODEL RESULTS

                                                    Two-Tailed
                    Estimate       S.E.  Est./S.E.    P-Value

 F        BY
    Y1                 0.551      0.040     13.739      0.000
    Y2                 0.575      0.041     14.012      0.000
    Y3                 0.619      0.045     13.707      0.000
    Y4                 0.626      0.045     14.062      0.000
    Y5                 0.637      0.044     14.336      0.000
    Y6                 0.303      0.027     11.033      0.000
    Y7                 0.247      0.028      8.789      0.000
    Y8                 0.236      0.025      9.547      0.000
    Y9               999.000      0.000    999.000    999.000
    Y10                0.478      0.043     11.078      0.000

 Y9       ON
    X1                 0.046      0.035      1.310      0.190
    X2                 0.112      0.071      1.589      0.112

 Means
    F                  0.000      0.000    999.000    999.000

 Intercepts
    Y1                 1.884      0.046     41.052      0.000
    Y2                 1.828      0.047     38.678      0.000
    Y3                 3.092      0.052     59.837      0.000
    Y4                 3.132      0.051     61.022      0.000
    Y5                 3.152      0.052     61.119      0.000
    Y6                 1.208      0.030     40.654      0.000
    Y7                 1.168      0.029     40.130      0.000
    Y8                 1.176      0.026     45.228      0.000
    Y9                 1.768      0.058     30.460      0.000
    Y10                1.880      0.047     40.243      0.000

 Variances
    F                  1.000      0.000    999.000    999.000

 Residual Variances
    Y1                 0.223      0.023      9.695      0.000
    Y2                 0.228      0.024      9.620      0.000
    Y3                 0.284      0.029      9.730      0.000
    Y4                 0.267      0.028      9.599      0.000
    Y5                 0.259      0.027      9.498      0.000
    Y6                 0.129      0.012     10.386      0.000
    Y7                 0.151      0.014     10.734      0.000
    Y8                 0.113      0.011     10.638      0.000
    Y9                 0.276      0.028      9.993      0.000
    Y10                0.317      0.030     10.401      0.000

New/Additional Parameters
    L9_0               0.500      0.054      9.189      0.000
    L9_1               0.028      0.029      0.973      0.330
    L9_2               0.084      0.074      1.137      0.256


QUALITY OF NUMERICAL RESULTS

     Condition Number for the Information Matrix              0.111E-03
       (ratio of smallest to largest eigenvalue)


     Beginning Time:  04:10:39
        Ending Time:  04:10:40
       Elapsed Time:  00:00:01



MUTHEN & MUTHEN
3463 Stoner Ave.
Los Angeles, CA  90066

Tel: (310) 391-9971
Fax: (310) 391-8971
Web: www.StatModel.com
Support: Support@StatModel.com

Copyright (c) 1998-2019 Muthen & Muthen
