Mplus VERSION 8.3
MUTHEN & MUTHEN
04/24/2024   4:11 AM

INPUT INSTRUCTIONS


  TITLE: Test with 10 reps

  DATA:
  File is
  G2_B1_N1_rep415.csv;

  VARIABLE:
      Names are x1 x2 eta
  	y1 y2 y3 y4 y5 y6 y7 y8 y9 y10;
      Usevariables are y1-y10 x1 x2;
      constraint = x1 x2;

  MODEL:
      f BY y1* (l1);
      f BY y2* (l2);
      f BY y3* (l3);
      f BY y4* (l4);
      f BY y5* (l5);
      f BY y6* (l6);
      f BY y7* (l7);
      f BY y8* (l8);
      f BY y9* (l9);
      f BY y10* (l10);

  y8 ON x1 x2;
  f@1;
  [f@0];

  MODEL CONSTRAINT:
      new (l8_0 l8_1 l8_2);
      l8 = l8_0 + l8_1*x1 + l8_2*x2;




INPUT READING TERMINATED NORMALLY



Test with 10 reps

SUMMARY OF ANALYSIS

Number of groups                                                 1
Number of observations                                         250

Number of dependent variables                                   10
Number of independent variables                                  2
Number of continuous latent variables                            1

Observed dependent variables

  Continuous
   Y1          Y2          Y3          Y4          Y5          Y6
   Y7          Y8          Y9          Y10

Observed independent variables
   X1          X2

Continuous latent variables
   F


Estimator                                                       ML
Information matrix                                        OBSERVED
Maximum number of iterations                                  1000
Convergence criterion                                    0.500D-04
Maximum number of steepest descent iterations                   20

Input data file(s)
  G2_B1_N1_rep415.csv

Input data format  FREE



UNIVARIATE SAMPLE STATISTICS


     UNIVARIATE HIGHER-ORDER MOMENT DESCRIPTIVE STATISTICS

         Variable/         Mean/     Skewness/   Minimum/ % with                Percentiles
        Sample Size      Variance    Kurtosis    Maximum  Min/Max      20%/60%    40%/80%    Median

     Y1                    1.760       1.189       1.000   43.20%       1.000      1.000      2.000
             250.000       0.686       1.586       5.000    0.80%       2.000      2.000
     Y2                    1.716       0.805       1.000   42.40%       1.000      1.000      2.000
             250.000       0.523       0.397       4.000    2.00%       2.000      2.000
     Y3                    3.080       0.103       1.000    0.40%       2.000      3.000      3.000
             250.000       0.554      -0.347       5.000    2.00%       3.000      4.000
     Y4                    3.072       0.168       1.000    1.20%       2.000      3.000      3.000
             250.000       0.619       0.022       5.000    3.60%       3.000      4.000
     Y5                    3.012       0.126       1.000    1.60%       2.000      3.000      3.000
             250.000       0.620      -0.021       5.000    2.80%       3.000      4.000
     Y6                    1.164       2.479       1.000   85.20%       1.000      1.000      1.000
             250.000       0.169       5.634       3.000    1.60%       1.000      1.000
     Y7                    1.140       3.330       1.000   87.60%       1.000      1.000      1.000
             250.000       0.160      13.518       4.000    0.40%       1.000      1.000
     Y8                    1.144       3.251       1.000   87.20%       1.000      1.000      1.000
             250.000       0.163      12.896       4.000    0.40%       1.000      1.000
     Y9                    1.824       0.733       1.000   36.80%       1.000      2.000      2.000
             250.000       0.593       0.220       4.000    3.20%       2.000      2.000
     Y10                   1.828       0.721       1.000   36.80%       1.000      2.000      2.000
             250.000       0.598       0.168       4.000    3.20%       2.000      2.000
     X1                    0.017      -0.134      -3.027    0.40%      -0.737     -0.207      0.008
             250.000       0.924       0.187       2.792    0.40%       0.243      0.826
     X2                    0.480       0.080       0.000   52.00%       0.000      0.000      0.000
             250.000       0.250      -1.994       1.000   48.00%       1.000      1.000


THE MODEL ESTIMATION TERMINATED NORMALLY



MODEL FIT INFORMATION

Number of Free Parameters                       34

Loglikelihood

          H0 Value                       -1843.056

Information Criteria

          Akaike (AIC)                    3754.112
          Bayesian (BIC)                  3873.842
          Sample-Size Adjusted BIC        3766.059
            (n* = (n + 2) / 24)



MODEL RESULTS

                                                    Two-Tailed
                    Estimate       S.E.  Est./S.E.    P-Value

 F        BY
    Y1                 0.603      0.047     12.944      0.000
    Y2                 0.523      0.041     12.842      0.000
    Y3                 0.547      0.042     13.141      0.000
    Y4                 0.618      0.043     14.441      0.000
    Y5                 0.574      0.044     12.978      0.000
    Y6                 0.263      0.024     10.879      0.000
    Y7                 0.225      0.024      9.276      0.000
    Y8               999.000      0.000    999.000    999.000
    Y9                 0.592      0.042     13.989      0.000
    Y10                0.592      0.043     13.906      0.000

 Y8       ON
    X1                -0.018      0.023     -0.806      0.420
    X2                -0.042      0.044     -0.971      0.331

 Means
    F                  0.000      0.000    999.000    999.000

 Intercepts
    Y1                 1.760      0.052     33.589      0.000
    Y2                 1.716      0.046     37.505      0.000
    Y3                 3.080      0.047     65.452      0.000
    Y4                 3.072      0.050     61.746      0.000
    Y5                 3.012      0.050     60.489      0.000
    Y6                 1.164      0.026     44.756      0.000
    Y7                 1.140      0.025     45.006      0.000
    Y8                 1.168      0.034     34.478      0.000
    Y9                 1.824      0.049     37.451      0.000
    Y10                1.828      0.049     37.363      0.000

 Variances
    F                  1.000      0.000    999.000    999.000

 Residual Variances
    Y1                 0.323      0.032      9.954      0.000
    Y2                 0.250      0.025     10.007      0.000
    Y3                 0.254      0.026      9.919      0.000
    Y4                 0.237      0.025      9.448      0.000
    Y5                 0.291      0.029      9.973      0.000
    Y6                 0.100      0.010     10.418      0.000
    Y7                 0.110      0.010     10.689      0.000
    Y8                 0.109      0.010     10.611      0.000
    Y9                 0.243      0.025      9.647      0.000
    Y10                0.248      0.026      9.678      0.000

New/Additional Parameters
    L8_0               0.255      0.035      7.297      0.000
    L8_1              -0.008      0.023     -0.341      0.733
    L8_2              -0.038      0.046     -0.810      0.418


QUALITY OF NUMERICAL RESULTS

     Condition Number for the Information Matrix              0.901E-04
       (ratio of smallest to largest eigenvalue)


     Beginning Time:  04:11:19
        Ending Time:  04:11:20
       Elapsed Time:  00:00:01



MUTHEN & MUTHEN
3463 Stoner Ave.
Los Angeles, CA  90066

Tel: (310) 391-9971
Fax: (310) 391-8971
Web: www.StatModel.com
Support: Support@StatModel.com

Copyright (c) 1998-2019 Muthen & Muthen
