Mplus VERSION 8.3
MUTHEN & MUTHEN
04/24/2024   4:18 AM

INPUT INSTRUCTIONS


  TITLE: Test with 10 reps

  DATA:
  File is
  G2_B1_N1_rep441.csv;

  VARIABLE:
      Names are x1 x2 eta
  	y1 y2 y3 y4 y5 y6 y7 y8 y9 y10;
      Usevariables are y1-y10 x1 x2;
      constraint = x1 x2;

  MODEL:
      f BY y1* (l1);
      f BY y2* (l2);
      f BY y3* (l3);
      f BY y4* (l4);
      f BY y5* (l5);
      f BY y6* (l6);
      f BY y7* (l7);
      f BY y8* (l8);
      f BY y9* (l9);
      f BY y10* (l10);

  y7 ON x1 x2;
  f@1;
  [f@0];

  MODEL CONSTRAINT:
      new (l7_0 l7_1 l7_2);
      l7 = l7_0 + l7_1*x1 + l7_2*x2;




INPUT READING TERMINATED NORMALLY



Test with 10 reps

SUMMARY OF ANALYSIS

Number of groups                                                 1
Number of observations                                         250

Number of dependent variables                                   10
Number of independent variables                                  2
Number of continuous latent variables                            1

Observed dependent variables

  Continuous
   Y1          Y2          Y3          Y4          Y5          Y6
   Y7          Y8          Y9          Y10

Observed independent variables
   X1          X2

Continuous latent variables
   F


Estimator                                                       ML
Information matrix                                        OBSERVED
Maximum number of iterations                                  1000
Convergence criterion                                    0.500D-04
Maximum number of steepest descent iterations                   20

Input data file(s)
  G2_B1_N1_rep441.csv

Input data format  FREE



UNIVARIATE SAMPLE STATISTICS


     UNIVARIATE HIGHER-ORDER MOMENT DESCRIPTIVE STATISTICS

         Variable/         Mean/     Skewness/   Minimum/ % with                Percentiles
        Sample Size      Variance    Kurtosis    Maximum  Min/Max      20%/60%    40%/80%    Median

     Y1                    1.772       1.056       1.000   38.80%       1.000      2.000      2.000
             250.000       0.584       1.553       5.000    0.40%       2.000      2.000
     Y2                    1.796       0.960       1.000   39.60%       1.000      2.000      2.000
             250.000       0.626       1.247       5.000    0.80%       2.000      2.000
     Y3                    3.052       0.167       1.000    0.80%       2.000      3.000      3.000
             250.000       0.601      -0.207       5.000    2.80%       3.000      4.000
     Y4                    3.092       0.124       1.000    0.80%       2.000      3.000      3.000
             250.000       0.572      -0.051       5.000    2.80%       3.000      4.000
     Y5                    3.100       0.030       1.000    1.60%       2.000      3.000      3.000
             250.000       0.674      -0.225       5.000    3.60%       3.000      4.000
     Y6                    1.192       2.577       1.000   82.80%       1.000      1.000      1.000
             250.000       0.203       7.773       4.000    0.40%       1.000      1.000
     Y7                    1.176       2.845       1.000   84.80%       1.000      1.000      1.000
             250.000       0.201       9.204       4.000    0.40%       1.000      1.000
     Y8                    1.152       3.222       1.000   87.20%       1.000      1.000      1.000
             250.000       0.185      11.804       4.000    0.40%       1.000      1.000
     Y9                    1.760       0.914       1.000   38.00%       1.000      2.000      2.000
             250.000       0.510       1.930       5.000    0.80%       2.000      2.000
     Y10                   1.748       0.676       1.000   40.80%       1.000      1.000      2.000
             250.000       0.532      -0.017       4.000    1.60%       2.000      2.000
     X1                    0.036      -0.051      -3.268    0.40%      -0.808     -0.155      0.033
             250.000       0.962       0.434       3.062    0.40%       0.251      0.804
     X2                    0.452       0.193       0.000   54.80%       0.000      0.000      0.000
             250.000       0.248      -1.963       1.000   45.20%       1.000      1.000


THE MODEL ESTIMATION TERMINATED NORMALLY



MODEL FIT INFORMATION

Number of Free Parameters                       34

Loglikelihood

          H0 Value                       -1950.069

Information Criteria

          Akaike (AIC)                    3968.138
          Bayesian (BIC)                  4087.867
          Sample-Size Adjusted BIC        3980.084
            (n* = (n + 2) / 24)



MODEL RESULTS

                                                    Two-Tailed
                    Estimate       S.E.  Est./S.E.    P-Value

 F        BY
    Y1                 0.534      0.044     12.206      0.000
    Y2                 0.655      0.042     15.557      0.000
    Y3                 0.548      0.044     12.368      0.000
    Y4                 0.497      0.044     11.240      0.000
    Y5                 0.581      0.047     12.401      0.000
    Y6                 0.292      0.026     11.029      0.000
    Y7               999.000      0.000    999.000    999.000
    Y8                 0.261      0.026     10.163      0.000
    Y9                 0.462      0.042     11.027      0.000
    Y10                0.503      0.042     11.961      0.000

 Y7       ON
    X1                 0.022      0.024      0.904      0.366
    X2                 0.046      0.047      0.970      0.332

 Means
    F                  0.000      0.000    999.000    999.000

 Intercepts
    Y1                 1.772      0.048     36.662      0.000
    Y2                 1.796      0.050     35.880      0.000
    Y3                 3.052      0.049     62.232      0.000
    Y4                 3.092      0.048     64.668      0.000
    Y5                 3.100      0.052     59.704      0.000
    Y6                 1.192      0.029     41.817      0.000
    Y7                 1.142      0.033     34.751      0.000
    Y8                 1.152      0.027     42.360      0.000
    Y9                 1.760      0.045     38.952      0.000
    Y10                1.748      0.046     37.875      0.000

 Variances
    F                  1.000      0.000    999.000    999.000

 Residual Variances
    Y1                 0.298      0.030     10.023      0.000
    Y2                 0.197      0.023      8.538      0.000
    Y3                 0.301      0.030      9.972      0.000
    Y4                 0.324      0.032     10.240      0.000
    Y5                 0.336      0.034      9.933      0.000
    Y6                 0.118      0.011     10.282      0.000
    Y7                 0.123      0.012     10.393      0.000
    Y8                 0.117      0.011     10.452      0.000
    Y9                 0.297      0.029     10.307      0.000
    Y10                0.280      0.028     10.077      0.000

New/Additional Parameters
    L7_0               0.188      0.035      5.387      0.000
    L7_1               0.062      0.025      2.498      0.012
    L7_2               0.127      0.049      2.596      0.009


QUALITY OF NUMERICAL RESULTS

     Condition Number for the Information Matrix              0.121E-03
       (ratio of smallest to largest eigenvalue)


     Beginning Time:  04:18:13
        Ending Time:  04:18:14
       Elapsed Time:  00:00:01



MUTHEN & MUTHEN
3463 Stoner Ave.
Los Angeles, CA  90066

Tel: (310) 391-9971
Fax: (310) 391-8971
Web: www.StatModel.com
Support: Support@StatModel.com

Copyright (c) 1998-2019 Muthen & Muthen
