Mplus VERSION 8.3
MUTHEN & MUTHEN
04/24/2024   4:41 AM

INPUT INSTRUCTIONS


  TITLE: Test with 10 reps

  DATA:
  File is
  G2_B1_N1_rep79.csv;

  VARIABLE:
      Names are x1 x2 eta
  	y1 y2 y3 y4 y5 y6 y7 y8 y9 y10;
      Usevariables are y1-y10 x1 x2;
      constraint = x1 x2;

  MODEL:
      f BY y1* (l1);
      f BY y2* (l2);
      f BY y3* (l3);
      f BY y4* (l4);
      f BY y5* (l5);
      f BY y6* (l6);
      f BY y7* (l7);
      f BY y8* (l8);
      f BY y9* (l9);
      f BY y10* (l10);

  y10 ON x1 x2;
  f@1;
  [f@0];

  MODEL CONSTRAINT:
      new (l10_0 l10_1 l10_2);
      l10 = l10_0 + l10_1*x1 + l10_2*x2;




INPUT READING TERMINATED NORMALLY



Test with 10 reps

SUMMARY OF ANALYSIS

Number of groups                                                 1
Number of observations                                         250

Number of dependent variables                                   10
Number of independent variables                                  2
Number of continuous latent variables                            1

Observed dependent variables

  Continuous
   Y1          Y2          Y3          Y4          Y5          Y6
   Y7          Y8          Y9          Y10

Observed independent variables
   X1          X2

Continuous latent variables
   F


Estimator                                                       ML
Information matrix                                        OBSERVED
Maximum number of iterations                                  1000
Convergence criterion                                    0.500D-04
Maximum number of steepest descent iterations                   20

Input data file(s)
  G2_B1_N1_rep79.csv

Input data format  FREE



UNIVARIATE SAMPLE STATISTICS


     UNIVARIATE HIGHER-ORDER MOMENT DESCRIPTIVE STATISTICS

         Variable/         Mean/     Skewness/   Minimum/ % with                Percentiles
        Sample Size      Variance    Kurtosis    Maximum  Min/Max      20%/60%    40%/80%    Median

     Y1                    1.796       0.820       1.000   40.00%       1.000      1.000      2.000
             250.000       0.618       0.550       5.000    0.40%       2.000      2.000
     Y2                    1.824       0.642       1.000   36.00%       1.000      2.000      2.000
             250.000       0.561       0.065       4.000    2.40%       2.000      2.000
     Y3                    3.028      -0.007       1.000    2.00%       2.000      3.000      3.000
             250.000       0.667      -0.319       5.000    2.40%       3.000      4.000
     Y4                    3.124       0.113       1.000    0.40%       2.000      3.000      3.000
             250.000       0.629      -0.495       5.000    3.20%       3.000      4.000
     Y5                    3.108       0.137       1.000    0.80%       3.000      3.000      3.000
             250.000       0.584      -0.047       5.000    3.20%       3.000      4.000
     Y6                    1.160       3.034       1.000   86.00%       1.000      1.000      1.000
             250.000       0.182      10.828       4.000    0.40%       1.000      1.000
     Y7                    1.176       2.206       1.000   83.60%       1.000      1.000      1.000
             250.000       0.169       4.130       3.000    1.20%       1.000      1.000
     Y8                    1.156       4.109       1.000   88.40%       1.000      1.000      1.000
             250.000       0.244      20.773       5.000    0.40%       1.000      1.000
     Y9                    1.780       0.737       1.000   37.60%       1.000      2.000      2.000
             250.000       0.532       0.406       4.000    2.40%       2.000      2.000
     Y10                   1.848       0.694       1.000   35.20%       1.000      2.000      2.000
             250.000       0.585       0.493       5.000    0.40%       2.000      2.000
     X1                   -0.149      -0.033      -2.803    0.40%      -1.115     -0.387     -0.160
             250.000       1.072      -0.393       2.615    0.40%       0.094      0.774
     X2                    0.412       0.358       0.000   58.80%       0.000      0.000      0.000
             250.000       0.242      -1.872       1.000   41.20%       1.000      1.000


THE MODEL ESTIMATION TERMINATED NORMALLY



MODEL FIT INFORMATION

Number of Free Parameters                       34

Loglikelihood

          H0 Value                       -1906.603

Information Criteria

          Akaike (AIC)                    3881.207
          Bayesian (BIC)                  4000.936
          Sample-Size Adjusted BIC        3893.153
            (n* = (n + 2) / 24)



MODEL RESULTS

                                                    Two-Tailed
                    Estimate       S.E.  Est./S.E.    P-Value

 F        BY
    Y1                 0.612      0.043     14.266      0.000
    Y2                 0.553      0.042     13.221      0.000
    Y3                 0.630      0.045     14.072      0.000
    Y4                 0.591      0.044     13.429      0.000
    Y5                 0.588      0.042     14.002      0.000
    Y6                 0.243      0.026      9.450      0.000
    Y7                 0.243      0.025      9.900      0.000
    Y8                 0.240      0.031      7.841      0.000
    Y9                 0.503      0.042     12.074      0.000
    Y10              999.000      0.000    999.000    999.000

 Y10      ON
    X1                -0.074      0.031     -2.392      0.017
    X2                 0.013      0.065      0.207      0.836

 Means
    F                  0.000      0.000    999.000    999.000

 Intercepts
    Y1                 1.796      0.050     36.112      0.000
    Y2                 1.824      0.047     38.504      0.000
    Y3                 3.028      0.052     58.613      0.000
    Y4                 3.124      0.050     62.300      0.000
    Y5                 3.108      0.048     64.286      0.000
    Y6                 1.160      0.027     42.945      0.000
    Y7                 1.176      0.026     45.228      0.000
    Y8                 1.156      0.031     37.028      0.000
    Y9                 1.780      0.046     38.601      0.000
    Y10                1.834      0.056     32.705      0.000

 Variances
    F                  1.000      0.000    999.000    999.000

 Residual Variances
    Y1                 0.244      0.025      9.584      0.000
    Y2                 0.255      0.026      9.918      0.000
    Y3                 0.271      0.028      9.636      0.000
    Y4                 0.279      0.028      9.878      0.000
    Y5                 0.239      0.025      9.640      0.000
    Y6                 0.123      0.012     10.671      0.000
    Y7                 0.110      0.010     10.611      0.000
    Y8                 0.186      0.017     10.848      0.000
    Y9                 0.278      0.027     10.232      0.000
    Y10                0.212      0.023      9.275      0.000

New/Additional Parameters
    L10_0              0.622      0.052     12.020      0.000
    L10_1             -0.010      0.031     -0.318      0.751
    L10_2             -0.021      0.067     -0.310      0.757


QUALITY OF NUMERICAL RESULTS

     Condition Number for the Information Matrix              0.106E-03
       (ratio of smallest to largest eigenvalue)


     Beginning Time:  04:41:02
        Ending Time:  04:41:03
       Elapsed Time:  00:00:01



MUTHEN & MUTHEN
3463 Stoner Ave.
Los Angeles, CA  90066

Tel: (310) 391-9971
Fax: (310) 391-8971
Web: www.StatModel.com
Support: Support@StatModel.com

Copyright (c) 1998-2019 Muthen & Muthen
