Mplus VERSION 8.3
MUTHEN & MUTHEN
04/24/2024   4:43 AM

INPUT INSTRUCTIONS


  TITLE: Test with 10 reps

  DATA:
  File is
  G2_B1_N1_rep88.csv;

  VARIABLE:
      Names are x1 x2 eta
  	y1 y2 y3 y4 y5 y6 y7 y8 y9 y10;
      Usevariables are y1-y10 x1 x2;
      constraint = x1 x2;

  MODEL:
      f BY y1* (l1);
      f BY y2* (l2);
      f BY y3* (l3);
      f BY y4* (l4);
      f BY y5* (l5);
      f BY y6* (l6);
      f BY y7* (l7);
      f BY y8* (l8);
      f BY y9* (l9);
      f BY y10* (l10);

  y7 ON x1 x2;
  f@1;
  [f@0];

  MODEL CONSTRAINT:
      new (l7_0 l7_1 l7_2);
      l7 = l7_0 + l7_1*x1 + l7_2*x2;




INPUT READING TERMINATED NORMALLY



Test with 10 reps

SUMMARY OF ANALYSIS

Number of groups                                                 1
Number of observations                                         250

Number of dependent variables                                   10
Number of independent variables                                  2
Number of continuous latent variables                            1

Observed dependent variables

  Continuous
   Y1          Y2          Y3          Y4          Y5          Y6
   Y7          Y8          Y9          Y10

Observed independent variables
   X1          X2

Continuous latent variables
   F


Estimator                                                       ML
Information matrix                                        OBSERVED
Maximum number of iterations                                  1000
Convergence criterion                                    0.500D-04
Maximum number of steepest descent iterations                   20

Input data file(s)
  G2_B1_N1_rep88.csv

Input data format  FREE



UNIVARIATE SAMPLE STATISTICS


     UNIVARIATE HIGHER-ORDER MOMENT DESCRIPTIVE STATISTICS

         Variable/         Mean/     Skewness/   Minimum/ % with                Percentiles
        Sample Size      Variance    Kurtosis    Maximum  Min/Max      20%/60%    40%/80%    Median

     Y1                    1.816       0.991       1.000   38.40%       1.000      2.000      2.000
             250.000       0.646       1.289       5.000    0.80%       2.000      2.000
     Y2                    1.804       0.734       1.000   37.20%       1.000      2.000      2.000
             250.000       0.566       0.291       4.000    2.80%       2.000      2.000
     Y3                    3.104      -0.196       1.000    2.80%       2.000      3.000      3.000
             250.000       0.693      -0.132       5.000    2.80%       3.000      4.000
     Y4                    3.068       0.197       1.000    1.20%       2.000      3.000      3.000
             250.000       0.703      -0.314       5.000    4.40%       3.000      4.000
     Y5                    3.052      -0.139       1.000    3.20%       2.000      3.000      3.000
             250.000       0.697      -0.068       5.000    2.80%       3.000      4.000
     Y6                    1.164       3.334       1.000   86.00%       1.000      1.000      1.000
             250.000       0.201      13.557       4.000    0.80%       1.000      1.000
     Y7                    1.164       3.369       1.000   86.80%       1.000      1.000      1.000
             250.000       0.217      12.969       4.000    0.80%       1.000      1.000
     Y8                    1.176       3.183       1.000   85.60%       1.000      1.000      1.000
             250.000       0.225      11.655       4.000    0.80%       1.000      1.000
     Y9                    1.864       1.054       1.000   37.60%       1.000      2.000      2.000
             250.000       0.742       1.255       5.000    1.20%       2.000      2.000
     Y10                   1.816       0.987       1.000   39.60%       1.000      2.000      2.000
             250.000       0.686       0.841       5.000    0.40%       2.000      2.000
     X1                   -0.042       0.067      -2.489    0.40%      -0.756     -0.292     -0.106
             250.000       1.005      -0.235       2.612    0.40%       0.117      0.777
     X2                    0.528      -0.112       0.000   47.20%       0.000      0.000      1.000
             250.000       0.249      -1.987       1.000   52.80%       1.000      1.000


THE MODEL ESTIMATION TERMINATED NORMALLY



MODEL FIT INFORMATION

Number of Free Parameters                       34

Loglikelihood

          H0 Value                       -2095.555

Information Criteria

          Akaike (AIC)                    4259.110
          Bayesian (BIC)                  4378.839
          Sample-Size Adjusted BIC        4271.056
            (n* = (n + 2) / 24)



MODEL RESULTS

                                                    Two-Tailed
                    Estimate       S.E.  Est./S.E.    P-Value

 F        BY
    Y1                 0.578      0.046     12.683      0.000
    Y2                 0.557      0.042     13.227      0.000
    Y3                 0.610      0.047     13.005      0.000
    Y4                 0.606      0.047     12.777      0.000
    Y5                 0.649      0.046     14.140      0.000
    Y6                 0.246      0.027      9.004      0.000
    Y7               999.000      0.000    999.000    999.000
    Y8                 0.259      0.029      8.937      0.000
    Y9                 0.629      0.048     12.969      0.000
    Y10                0.603      0.047     12.917      0.000

 Y7       ON
    X1                -0.039      0.026     -1.534      0.125
    X2                -0.090      0.050     -1.787      0.074

 Means
    F                  0.000      0.000    999.000    999.000

 Intercepts
    Y1                 1.816      0.051     35.721      0.000
    Y2                 1.804      0.048     37.928      0.000
    Y3                 3.104      0.053     58.948      0.000
    Y4                 3.068      0.053     57.841      0.000
    Y5                 3.052      0.053     57.789      0.000
    Y6                 1.164      0.028     41.040      0.000
    Y7                 1.214      0.040     30.547      0.000
    Y8                 1.176      0.030     39.198      0.000
    Y9                 1.864      0.054     34.226      0.000
    Y10                1.816      0.052     34.664      0.000

 Variances
    F                  1.000      0.000    999.000    999.000

 Residual Variances
    Y1                 0.312      0.032      9.908      0.000
    Y2                 0.255      0.026      9.727      0.000
    Y3                 0.321      0.033      9.774      0.000
    Y4                 0.336      0.034      9.872      0.000
    Y5                 0.277      0.030      9.354      0.000
    Y6                 0.140      0.013     10.664      0.000
    Y7                 0.145      0.014     10.427      0.000
    Y8                 0.158      0.015     10.667      0.000
    Y9                 0.346      0.035      9.833      0.000
    Y10                0.322      0.033      9.843      0.000

New/Additional Parameters
    L7_0               0.272      0.038      7.200      0.000
    L7_1              -0.091      0.028     -3.227      0.001
    L7_2              -0.102      0.053     -1.929      0.054


QUALITY OF NUMERICAL RESULTS

     Condition Number for the Information Matrix              0.171E-03
       (ratio of smallest to largest eigenvalue)


     Beginning Time:  04:43:32
        Ending Time:  04:43:33
       Elapsed Time:  00:00:01



MUTHEN & MUTHEN
3463 Stoner Ave.
Los Angeles, CA  90066

Tel: (310) 391-9971
Fax: (310) 391-8971
Web: www.StatModel.com
Support: Support@StatModel.com

Copyright (c) 1998-2019 Muthen & Muthen
