Mplus VERSION 8.3
MUTHEN & MUTHEN
04/23/2024   8:57 PM

INPUT INSTRUCTIONS


  TITLE: Test with 10 reps

  DATA:
  File is
  G1_B2_N2_rep170.csv;

  VARIABLE:
      Names are x1 x2 eta
  	y1 y2 y3 y4 y5 y6 y7 y8 y9 y10;
      Usevariables are y1-y10 x1 x2;
      constraint = x1 x2;

  MODEL:
      f BY y1* (l1);
      f BY y2* (l2);
      f BY y3* (l3);
      f BY y4* (l4);
      f BY y5* (l5);
      f BY y6* (l6);
      f BY y7* (l7);
      f BY y8* (l8);
      f BY y9* (l9);
      f BY y10* (l10);

  y5 ON x1 x2;
  f@1;
  [f@0];

  MODEL CONSTRAINT:
      new (l5_0 l5_1 l5_2);
      l5 = l5_0 + l5_1*x1 + l5_2*x2;




INPUT READING TERMINATED NORMALLY



Test with 10 reps

SUMMARY OF ANALYSIS

Number of groups                                                 1
Number of observations                                         500

Number of dependent variables                                   10
Number of independent variables                                  2
Number of continuous latent variables                            1

Observed dependent variables

  Continuous
   Y1          Y2          Y3          Y4          Y5          Y6
   Y7          Y8          Y9          Y10

Observed independent variables
   X1          X2

Continuous latent variables
   F


Estimator                                                       ML
Information matrix                                        OBSERVED
Maximum number of iterations                                  1000
Convergence criterion                                    0.500D-04
Maximum number of steepest descent iterations                   20

Input data file(s)
  G1_B2_N2_rep170.csv

Input data format  FREE



UNIVARIATE SAMPLE STATISTICS


     UNIVARIATE HIGHER-ORDER MOMENT DESCRIPTIVE STATISTICS

         Variable/         Mean/     Skewness/   Minimum/ % with                Percentiles
        Sample Size      Variance    Kurtosis    Maximum  Min/Max      20%/60%    40%/80%    Median

     Y1                    1.796       0.797       1.000   36.40%       1.000      2.000      2.000
             500.000       0.534       1.031       5.000    0.40%       2.000      2.000
     Y2                    1.798       0.802       1.000   37.60%       1.000      2.000      2.000
             500.000       0.565       0.823       5.000    0.40%       2.000      2.000
     Y3                    3.054      -0.008       1.000    1.20%       2.000      3.000      3.000
             500.000       0.575      -0.192       5.000    1.80%       3.000      4.000
     Y4                    3.030       0.095       1.000    0.80%       2.000      3.000      3.000
             500.000       0.497       0.154       5.000    1.60%       3.000      4.000
     Y5                    3.074       0.053       1.000    0.60%       2.000      3.000      3.000
             500.000       0.557      -0.336       5.000    1.80%       3.000      4.000
     Y6                    1.128       3.160       1.000   88.20%       1.000      1.000      1.000
             500.000       0.136      11.876       4.000    0.20%       1.000      1.000
     Y7                    1.144       2.566       1.000   86.60%       1.000      1.000      1.000
             500.000       0.143       6.043       3.000    1.00%       1.000      1.000
     Y8                    1.164       3.250       1.000   85.20%       1.000      1.000      1.000
             500.000       0.181      15.712       5.000    0.20%       1.000      1.000
     Y9                    1.822       0.818       1.000   36.60%       1.000      2.000      2.000
             500.000       0.590       0.802       5.000    0.40%       2.000      2.000
     Y10                   1.820       0.777       1.000   36.40%       1.000      2.000      2.000
             500.000       0.580       0.575       5.000    0.20%       2.000      2.000
     X1                    0.031      -0.196      -3.226    0.20%      -0.797     -0.177      0.019
             500.000       0.993       0.108       3.043    0.20%       0.271      0.909
     X2                    0.498       0.008       0.000   50.20%       0.000      0.000      0.000
             500.000       0.250      -2.000       1.000   49.80%       1.000      1.000


THE MODEL ESTIMATION TERMINATED NORMALLY



MODEL FIT INFORMATION

Number of Free Parameters                       34

Loglikelihood

          H0 Value                       -4000.017

Information Criteria

          Akaike (AIC)                    8068.034
          Bayesian (BIC)                  8211.330
          Sample-Size Adjusted BIC        8103.412
            (n* = (n + 2) / 24)



MODEL RESULTS

                                                    Two-Tailed
                    Estimate       S.E.  Est./S.E.    P-Value

 F        BY
    Y1                 0.456      0.032     14.462      0.000
    Y2                 0.469      0.032     14.442      0.000
    Y3                 0.435      0.033     13.041      0.000
    Y4                 0.428      0.031     13.981      0.000
    Y5               999.000      0.000    999.000    999.000
    Y6                 0.182      0.017     10.938      0.000
    Y7                 0.191      0.017     11.172      0.000
    Y8                 0.222      0.019     11.656      0.000
    Y9                 0.543      0.032     16.972      0.000
    Y10                0.516      0.032     16.094      0.000

 Y5       ON
    X1                 0.025      0.028      0.885      0.376
    X2                -0.020      0.057     -0.351      0.726

 Means
    F                  0.000      0.000    999.000    999.000

 Intercepts
    Y1                 1.796      0.033     54.937      0.000
    Y2                 1.798      0.034     53.478      0.000
    Y3                 3.054      0.034     90.051      0.000
    Y4                 3.030      0.032     96.096      0.000
    Y5                 3.107      0.048     65.336      0.000
    Y6                 1.128      0.016     68.492      0.000
    Y7                 1.144      0.017     67.584      0.000
    Y8                 1.164      0.019     61.161      0.000
    Y9                 1.822      0.034     53.026      0.000
    Y10                1.820      0.034     53.455      0.000

 Variances
    F                  1.000      0.000    999.000    999.000

 Residual Variances
    Y1                 0.326      0.023     14.065      0.000
    Y2                 0.346      0.025     14.082      0.000
    Y3                 0.386      0.027     14.471      0.000
    Y4                 0.314      0.022     14.226      0.000
    Y5                 0.332      0.024     13.868      0.000
    Y6                 0.102      0.007     14.915      0.000
    Y7                 0.107      0.007     14.870      0.000
    Y8                 0.132      0.009     14.775      0.000
    Y9                 0.296      0.023     13.108      0.000
    Y10                0.313      0.023     13.488      0.000

New/Additional Parameters
    L5_0               0.564      0.052     10.828      0.000
    L5_1              -0.013      0.032     -0.415      0.678
    L5_2              -0.170      0.063     -2.704      0.007


QUALITY OF NUMERICAL RESULTS

     Condition Number for the Information Matrix              0.461E-04
       (ratio of smallest to largest eigenvalue)


     Beginning Time:  20:57:53
        Ending Time:  20:57:55
       Elapsed Time:  00:00:02



MUTHEN & MUTHEN
3463 Stoner Ave.
Los Angeles, CA  90066

Tel: (310) 391-9971
Fax: (310) 391-8971
Web: www.StatModel.com
Support: Support@StatModel.com

Copyright (c) 1998-2019 Muthen & Muthen
