Mplus VERSION 8.3
MUTHEN & MUTHEN
04/23/2024   9:02 PM

INPUT INSTRUCTIONS


  TITLE: Test with 10 reps

  DATA:
  File is
  G1_B2_N2_rep185.csv;

  VARIABLE:
      Names are x1 x2 eta
  	y1 y2 y3 y4 y5 y6 y7 y8 y9 y10;
      Usevariables are y1-y10 x1 x2;
      constraint = x1 x2;

  MODEL:
      f BY y1* (l1);
      f BY y2* (l2);
      f BY y3* (l3);
      f BY y4* (l4);
      f BY y5* (l5);
      f BY y6* (l6);
      f BY y7* (l7);
      f BY y8* (l8);
      f BY y9* (l9);
      f BY y10* (l10);

  y6 ON x1 x2;
  f@1;
  [f@0];

  MODEL CONSTRAINT:
      new (l6_0 l6_1 l6_2);
      l6 = l6_0 + l6_1*x1 + l6_2*x2;




INPUT READING TERMINATED NORMALLY



Test with 10 reps

SUMMARY OF ANALYSIS

Number of groups                                                 1
Number of observations                                         500

Number of dependent variables                                   10
Number of independent variables                                  2
Number of continuous latent variables                            1

Observed dependent variables

  Continuous
   Y1          Y2          Y3          Y4          Y5          Y6
   Y7          Y8          Y9          Y10

Observed independent variables
   X1          X2

Continuous latent variables
   F


Estimator                                                       ML
Information matrix                                        OBSERVED
Maximum number of iterations                                  1000
Convergence criterion                                    0.500D-04
Maximum number of steepest descent iterations                   20

Input data file(s)
  G1_B2_N2_rep185.csv

Input data format  FREE



UNIVARIATE SAMPLE STATISTICS


     UNIVARIATE HIGHER-ORDER MOMENT DESCRIPTIVE STATISTICS

         Variable/         Mean/     Skewness/   Minimum/ % with                Percentiles
        Sample Size      Variance    Kurtosis    Maximum  Min/Max      20%/60%    40%/80%    Median

     Y1                    1.860       0.757       1.000   33.60%       1.000      2.000      2.000
             500.000       0.580       0.772       5.000    0.40%       2.000      2.000
     Y2                    1.814       0.584       1.000   35.00%       1.000      2.000      2.000
             500.000       0.515       0.081       4.000    1.80%       2.000      2.000
     Y3                    3.142       0.043       1.000    0.80%       3.000      3.000      3.000
             500.000       0.566      -0.068       5.000    2.80%       3.000      4.000
     Y4                    3.102      -0.125       1.000    1.00%       3.000      3.000      3.000
             500.000       0.524      -0.138       5.000    1.20%       3.000      4.000
     Y5                    3.092      -0.158       1.000    1.40%       2.000      3.000      3.000
             500.000       0.588      -0.311       5.000    1.40%       3.000      4.000
     Y6                    1.154       3.210       1.000   87.20%       1.000      1.000      1.000
             500.000       0.190      11.534       4.000    0.40%       1.000      1.000
     Y7                    1.160       2.760       1.000   85.60%       1.000      1.000      1.000
             500.000       0.170       8.466       4.000    0.20%       1.000      1.000
     Y8                    1.176       2.759       1.000   84.20%       1.000      1.000      1.000
             500.000       0.189       9.099       4.000    0.40%       1.000      1.000
     Y9                    1.854       0.629       1.000   33.00%       1.000      2.000      2.000
             500.000       0.541       0.415       5.000    0.20%       2.000      2.000
     Y10                   1.838       0.778       1.000   33.40%       1.000      2.000      2.000
             500.000       0.540       1.065       5.000    0.40%       2.000      2.000
     X1                    0.019       0.093      -2.781    0.20%      -0.811     -0.256     -0.026
             500.000       0.994       0.002       3.006    0.20%       0.233      0.875
     X2                    0.484       0.064       0.000   51.60%       0.000      0.000      0.000
             500.000       0.250      -1.996       1.000   48.40%       1.000      1.000


THE MODEL ESTIMATION TERMINATED NORMALLY



MODEL FIT INFORMATION

Number of Free Parameters                       34

Loglikelihood

          H0 Value                       -4129.326

Information Criteria

          Akaike (AIC)                    8326.652
          Bayesian (BIC)                  8469.949
          Sample-Size Adjusted BIC        8362.031
            (n* = (n + 2) / 24)



MODEL RESULTS

                                                    Two-Tailed
                    Estimate       S.E.  Est./S.E.    P-Value

 F        BY
    Y1                 0.494      0.033     15.144      0.000
    Y2                 0.465      0.031     15.115      0.000
    Y3                 0.484      0.032     14.995      0.000
    Y4                 0.434      0.032     13.718      0.000
    Y5                 0.493      0.033     14.992      0.000
    Y6               999.000      0.000    999.000    999.000
    Y7                 0.188      0.019      9.983      0.000
    Y8                 0.224      0.020     11.490      0.000
    Y9                 0.471      0.032     14.924      0.000
    Y10                0.454      0.032     14.259      0.000

 Y6       ON
    X1                -0.007      0.017     -0.423      0.672
    X2                -0.040      0.035     -1.138      0.255

 Means
    F                  0.000      0.000    999.000    999.000

 Intercepts
    Y1                 1.860      0.034     54.593      0.000
    Y2                 1.814      0.032     56.500      0.000
    Y3                 3.142      0.034     93.400      0.000
    Y4                 3.102      0.032     95.858      0.000
    Y5                 3.092      0.034     90.200      0.000
    Y6                 1.161      0.025     45.630      0.000
    Y7                 1.160      0.018     62.836      0.000
    Y8                 1.176      0.019     60.483      0.000
    Y9                 1.854      0.033     56.380      0.000
    Y10                1.838      0.033     55.941      0.000

 Variances
    F                  1.000      0.000    999.000    999.000

 Residual Variances
    Y1                 0.336      0.024     13.766      0.000
    Y2                 0.300      0.022     13.800      0.000
    Y3                 0.332      0.024     13.835      0.000
    Y4                 0.336      0.024     14.235      0.000
    Y5                 0.344      0.025     13.835      0.000
    Y6                 0.136      0.009     14.571      0.000
    Y7                 0.135      0.009     15.083      0.000
    Y8                 0.139      0.009     14.803      0.000
    Y9                 0.319      0.023     13.863      0.000
    Y10                0.334      0.024     14.076      0.000

New/Additional Parameters
    L6_0               0.186      0.028      6.660      0.000
    L6_1               0.025      0.019      1.347      0.178
    L6_2               0.085      0.038      2.233      0.026


QUALITY OF NUMERICAL RESULTS

     Condition Number for the Information Matrix              0.783E-04
       (ratio of smallest to largest eigenvalue)


     Beginning Time:  21:02:49
        Ending Time:  21:02:50
       Elapsed Time:  00:00:01



MUTHEN & MUTHEN
3463 Stoner Ave.
Los Angeles, CA  90066

Tel: (310) 391-9971
Fax: (310) 391-8971
Web: www.StatModel.com
Support: Support@StatModel.com

Copyright (c) 1998-2019 Muthen & Muthen
