Mplus VERSION 8.3
MUTHEN & MUTHEN
04/23/2024   8:39 PM

INPUT INSTRUCTIONS


  TITLE: Test with 10 reps

  DATA:
  File is
  G1_B2_N2_rep114.csv;

  VARIABLE:
      Names are x1 x2 eta
  	y1 y2 y3 y4 y5 y6 y7 y8 y9 y10;
      Usevariables are y1-y10 x1 x2;
      constraint = x1 x2;

  MODEL:
      f BY y1* (l1);
      f BY y2* (l2);
      f BY y3* (l3);
      f BY y4* (l4);
      f BY y5* (l5);
      f BY y6* (l6);
      f BY y7* (l7);
      f BY y8* (l8);
      f BY y9* (l9);
      f BY y10* (l10);

  y9 ON x1 x2;
  f@1;
  [f@0];

  MODEL CONSTRAINT:
      new (l9_0 l9_1 l9_2);
      l9 = l9_0 + l9_1*x1 + l9_2*x2;




INPUT READING TERMINATED NORMALLY



Test with 10 reps

SUMMARY OF ANALYSIS

Number of groups                                                 1
Number of observations                                         500

Number of dependent variables                                   10
Number of independent variables                                  2
Number of continuous latent variables                            1

Observed dependent variables

  Continuous
   Y1          Y2          Y3          Y4          Y5          Y6
   Y7          Y8          Y9          Y10

Observed independent variables
   X1          X2

Continuous latent variables
   F


Estimator                                                       ML
Information matrix                                        OBSERVED
Maximum number of iterations                                  1000
Convergence criterion                                    0.500D-04
Maximum number of steepest descent iterations                   20

Input data file(s)
  G1_B2_N2_rep114.csv

Input data format  FREE



UNIVARIATE SAMPLE STATISTICS


     UNIVARIATE HIGHER-ORDER MOMENT DESCRIPTIVE STATISTICS

         Variable/         Mean/     Skewness/   Minimum/ % with                Percentiles
        Sample Size      Variance    Kurtosis    Maximum  Min/Max      20%/60%    40%/80%    Median

     Y1                    1.860       0.761       1.000   33.40%       1.000      2.000      2.000
             500.000       0.576       0.811       5.000    0.40%       2.000      2.000
     Y2                    1.854       1.037       1.000   33.80%       1.000      2.000      2.000
             500.000       0.613       1.874       5.000    1.00%       2.000      2.000
     Y3                    3.098      -0.001       1.000    1.20%       3.000      3.000      3.000
             500.000       0.576      -0.036       5.000    2.40%       3.000      4.000
     Y4                    3.084      -0.024       1.000    1.20%       3.000      3.000      3.000
             500.000       0.561      -0.040       5.000    2.00%       3.000      4.000
     Y5                    3.086       0.009       1.000    1.20%       2.000      3.000      3.000
             500.000       0.595      -0.154       5.000    2.40%       3.000      4.000
     Y6                    1.176       2.910       1.000   85.40%       1.000      1.000      1.000
             500.000       0.213       9.209       4.000    0.40%       1.000      1.000
     Y7                    1.174       2.512       1.000   84.00%       1.000      1.000      1.000
             500.000       0.176       6.987       4.000    0.20%       1.000      1.000
     Y8                    1.162       2.233       1.000   84.60%       1.000      1.000      1.000
             500.000       0.152       4.116       3.000    0.80%       1.000      1.000
     Y9                    1.834       0.810       1.000   35.00%       1.000      2.000      2.000
             500.000       0.574       0.917       5.000    0.40%       2.000      2.000
     Y10                   1.838       0.767       1.000   34.00%       1.000      2.000      2.000
             500.000       0.552       0.936       5.000    0.40%       2.000      2.000
     X1                   -0.040      -0.181      -3.382    0.20%      -0.877     -0.321     -0.001
             500.000       1.044       0.160       2.874    0.20%       0.235      0.831
     X2                    0.480       0.080       0.000   52.00%       0.000      0.000      0.000
             500.000       0.250      -1.994       1.000   48.00%       1.000      1.000


THE MODEL ESTIMATION TERMINATED NORMALLY



MODEL FIT INFORMATION

Number of Free Parameters                       34

Loglikelihood

          H0 Value                       -4169.531

Information Criteria

          Akaike (AIC)                    8407.062
          Bayesian (BIC)                  8550.359
          Sample-Size Adjusted BIC        8442.440
            (n* = (n + 2) / 24)



MODEL RESULTS

                                                    Two-Tailed
                    Estimate       S.E.  Est./S.E.    P-Value

 F        BY
    Y1                 0.486      0.032     14.974      0.000
    Y2                 0.511      0.033     15.342      0.000
    Y3                 0.495      0.032     15.323      0.000
    Y4                 0.463      0.032     14.340      0.000
    Y5                 0.525      0.032     16.192      0.000
    Y6                 0.206      0.021      9.779      0.000
    Y7                 0.204      0.019     10.767      0.000
    Y8                 0.160      0.018      8.939      0.000
    Y9               999.000      0.000    999.000    999.000
    Y10                0.506      0.031     16.220      0.000

 Y9       ON
    X1                 0.006      0.027      0.229      0.819
    X2                 0.101      0.055      1.830      0.067

 Means
    F                  0.000      0.000    999.000    999.000

 Intercepts
    Y1                 1.860      0.034     54.782      0.000
    Y2                 1.854      0.035     52.964      0.000
    Y3                 3.098      0.034     91.245      0.000
    Y4                 3.084      0.033     92.075      0.000
    Y5                 3.086      0.034     89.489      0.000
    Y6                 1.176      0.021     56.975      0.000
    Y7                 1.174      0.019     62.624      0.000
    Y8                 1.162      0.017     66.699      0.000
    Y9                 1.784      0.043     41.025      0.000
    Y10                1.838      0.033     55.330      0.000

 Variances
    F                  1.000      0.000    999.000    999.000

 Residual Variances
    Y1                 0.340      0.024     13.978      0.000
    Y2                 0.352      0.025     13.834      0.000
    Y3                 0.332      0.024     13.861      0.000
    Y4                 0.346      0.024     14.167      0.000
    Y5                 0.319      0.024     13.521      0.000
    Y6                 0.170      0.011     15.148      0.000
    Y7                 0.134      0.009     14.987      0.000
    Y8                 0.126      0.008     15.270      0.000
    Y9                 0.314      0.023     13.719      0.000
    Y10                0.296      0.022     13.501      0.000

New/Additional Parameters
    L9_0               0.485      0.045     10.778      0.000
    L9_1              -0.003      0.028     -0.102      0.919
    L9_2               0.021      0.059      0.360      0.719


QUALITY OF NUMERICAL RESULTS

     Condition Number for the Information Matrix              0.671E-04
       (ratio of smallest to largest eigenvalue)


     Beginning Time:  20:39:09
        Ending Time:  20:39:10
       Elapsed Time:  00:00:01



MUTHEN & MUTHEN
3463 Stoner Ave.
Los Angeles, CA  90066

Tel: (310) 391-9971
Fax: (310) 391-8971
Web: www.StatModel.com
Support: Support@StatModel.com

Copyright (c) 1998-2019 Muthen & Muthen
