Mplus VERSION 8.3
MUTHEN & MUTHEN
04/23/2024   9:07 PM

INPUT INSTRUCTIONS


  TITLE: Test with 10 reps

  DATA:
  File is
  G1_B2_N2_rep199.csv;

  VARIABLE:
      Names are x1 x2 eta
  	y1 y2 y3 y4 y5 y6 y7 y8 y9 y10;
      Usevariables are y1-y10 x1 x2;
      constraint = x1 x2;

  MODEL:
      f BY y1* (l1);
      f BY y2* (l2);
      f BY y3* (l3);
      f BY y4* (l4);
      f BY y5* (l5);
      f BY y6* (l6);
      f BY y7* (l7);
      f BY y8* (l8);
      f BY y9* (l9);
      f BY y10* (l10);

  y1 ON x1 x2;
  f@1;
  [f@0];

  MODEL CONSTRAINT:
      new (l1_0 l1_1 l1_2);
      l1 = l1_0 + l1_1*x1 + l1_2*x2;




INPUT READING TERMINATED NORMALLY



Test with 10 reps

SUMMARY OF ANALYSIS

Number of groups                                                 1
Number of observations                                         500

Number of dependent variables                                   10
Number of independent variables                                  2
Number of continuous latent variables                            1

Observed dependent variables

  Continuous
   Y1          Y2          Y3          Y4          Y5          Y6
   Y7          Y8          Y9          Y10

Observed independent variables
   X1          X2

Continuous latent variables
   F


Estimator                                                       ML
Information matrix                                        OBSERVED
Maximum number of iterations                                  1000
Convergence criterion                                    0.500D-04
Maximum number of steepest descent iterations                   20

Input data file(s)
  G1_B2_N2_rep199.csv

Input data format  FREE



UNIVARIATE SAMPLE STATISTICS


     UNIVARIATE HIGHER-ORDER MOMENT DESCRIPTIVE STATISTICS

         Variable/         Mean/     Skewness/   Minimum/ % with                Percentiles
        Sample Size      Variance    Kurtosis    Maximum  Min/Max      20%/60%    40%/80%    Median

     Y1                    1.854       0.596       1.000   33.20%       1.000      2.000      2.000
             500.000       0.545       0.114       4.000    2.40%       2.000      2.000
     Y2                    1.846       0.701       1.000   31.60%       1.000      2.000      2.000
             500.000       0.502       1.121       5.000    0.40%       2.000      2.000
     Y3                    3.140       0.039       1.000    0.80%       3.000      3.000      3.000
             500.000       0.520       0.154       5.000    2.40%       3.000      4.000
     Y4                    3.088       0.050       1.000    0.40%       3.000      3.000      3.000
             500.000       0.492      -0.165       5.000    1.40%       3.000      4.000
     Y5                    3.108      -0.170       1.000    0.60%       3.000      3.000      3.000
             500.000       0.452      -0.192       5.000    0.40%       3.000      4.000
     Y6                    1.156       2.310       1.000   85.20%       1.000      1.000      1.000
             500.000       0.148       4.523       3.000    0.80%       1.000      1.000
     Y7                    1.138       2.814       1.000   86.80%       1.000      1.000      1.000
             500.000       0.135       9.585       4.000    0.20%       1.000      1.000
     Y8                    1.190       2.782       1.000   83.20%       1.000      1.000      1.000
             500.000       0.210       9.437       4.000    0.60%       1.000      1.000
     Y9                    1.858       0.413       1.000   29.60%       1.000      2.000      2.000
             500.000       0.454       0.080       4.000    1.20%       2.000      2.000
     Y10                   1.814       0.656       1.000   33.60%       1.000      2.000      2.000
             500.000       0.495       0.505       4.000    2.20%       2.000      2.000
     X1                    0.080      -0.112      -3.477    0.20%      -0.737     -0.145      0.064
             500.000       0.933       0.208       3.369    0.20%       0.351      0.888
     X2                    0.518      -0.072       0.000   48.20%       0.000      0.000      1.000
             500.000       0.250      -1.995       1.000   51.80%       1.000      1.000


THE MODEL ESTIMATION TERMINATED NORMALLY



MODEL FIT INFORMATION

Number of Free Parameters                       34

Loglikelihood

          H0 Value                       -3872.186

Information Criteria

          Akaike (AIC)                    7812.373
          Bayesian (BIC)                  7955.670
          Sample-Size Adjusted BIC        7847.752
            (n* = (n + 2) / 24)



MODEL RESULTS

                                                    Two-Tailed
                    Estimate       S.E.  Est./S.E.    P-Value

 F        BY
    Y1               999.000      0.000    999.000    999.000
    Y2                 0.429      0.031     13.841      0.000
    Y3                 0.432      0.032     13.646      0.000
    Y4                 0.411      0.031     13.285      0.000
    Y5                 0.395      0.030     13.324      0.000
    Y6                 0.198      0.017     11.391      0.000
    Y7                 0.194      0.017     11.708      0.000
    Y8                 0.230      0.021     11.047      0.000
    Y9                 0.388      0.030     13.019      0.000
    Y10                0.467      0.030     15.519      0.000

 Y1       ON
    X1                 0.052      0.027      1.940      0.052
    X2                 0.035      0.052      0.669      0.503

 Means
    F                  0.000      0.000    999.000    999.000

 Intercepts
    Y1                 1.820      0.042     43.801      0.000
    Y2                 1.846      0.032     58.243      0.000
    Y3                 3.140      0.032     97.330      0.000
    Y4                 3.088      0.031     98.416      0.000
    Y5                 3.108      0.030    103.332      0.000
    Y6                 1.156      0.017     67.268      0.000
    Y7                 1.138      0.016     69.268      0.000
    Y8                 1.190      0.020     58.080      0.000
    Y9                 1.858      0.030     61.671      0.000
    Y10                1.814      0.031     57.629      0.000

 Variances
    F                  1.000      0.000    999.000    999.000

 Residual Variances
    Y1                 0.273      0.021     13.034      0.000
    Y2                 0.318      0.023     14.110      0.000
    Y3                 0.334      0.024     14.171      0.000
    Y4                 0.323      0.023     14.274      0.000
    Y5                 0.296      0.021     14.233      0.000
    Y6                 0.109      0.007     14.750      0.000
    Y7                 0.097      0.007     14.651      0.000
    Y8                 0.157      0.011     14.825      0.000
    Y9                 0.303      0.021     14.353      0.000
    Y10                0.278      0.021     13.514      0.000

New/Additional Parameters
    L1_0               0.466      0.044     10.545      0.000
    L1_1               0.038      0.028      1.343      0.179
    L1_2               0.065      0.056      1.172      0.241


QUALITY OF NUMERICAL RESULTS

     Condition Number for the Information Matrix              0.426E-04
       (ratio of smallest to largest eigenvalue)


     Beginning Time:  21:07:08
        Ending Time:  21:07:09
       Elapsed Time:  00:00:01



MUTHEN & MUTHEN
3463 Stoner Ave.
Los Angeles, CA  90066

Tel: (310) 391-9971
Fax: (310) 391-8971
Web: www.StatModel.com
Support: Support@StatModel.com

Copyright (c) 1998-2019 Muthen & Muthen
