Mplus VERSION 8.3
MUTHEN & MUTHEN
04/23/2024   9:01 PM

INPUT INSTRUCTIONS


  TITLE: Test with 10 reps

  DATA:
  File is
  G1_B2_N2_rep180.csv;

  VARIABLE:
      Names are x1 x2 eta
  	y1 y2 y3 y4 y5 y6 y7 y8 y9 y10;
      Usevariables are y1-y10 x1 x2;
      constraint = x1 x2;

  MODEL:
      f BY y1* (l1);
      f BY y2* (l2);
      f BY y3* (l3);
      f BY y4* (l4);
      f BY y5* (l5);
      f BY y6* (l6);
      f BY y7* (l7);
      f BY y8* (l8);
      f BY y9* (l9);
      f BY y10* (l10);

  y8 ON x1 x2;
  f@1;
  [f@0];

  MODEL CONSTRAINT:
      new (l8_0 l8_1 l8_2);
      l8 = l8_0 + l8_1*x1 + l8_2*x2;




INPUT READING TERMINATED NORMALLY



Test with 10 reps

SUMMARY OF ANALYSIS

Number of groups                                                 1
Number of observations                                         500

Number of dependent variables                                   10
Number of independent variables                                  2
Number of continuous latent variables                            1

Observed dependent variables

  Continuous
   Y1          Y2          Y3          Y4          Y5          Y6
   Y7          Y8          Y9          Y10

Observed independent variables
   X1          X2

Continuous latent variables
   F


Estimator                                                       ML
Information matrix                                        OBSERVED
Maximum number of iterations                                  1000
Convergence criterion                                    0.500D-04
Maximum number of steepest descent iterations                   20

Input data file(s)
  G1_B2_N2_rep180.csv

Input data format  FREE



UNIVARIATE SAMPLE STATISTICS


     UNIVARIATE HIGHER-ORDER MOMENT DESCRIPTIVE STATISTICS

         Variable/         Mean/     Skewness/   Minimum/ % with                Percentiles
        Sample Size      Variance    Kurtosis    Maximum  Min/Max      20%/60%    40%/80%    Median

     Y1                    1.914       0.553       1.000   29.40%       1.000      2.000      2.000
             500.000       0.547       0.316       5.000    0.20%       2.000      2.000
     Y2                    1.890       0.647       1.000   32.00%       1.000      2.000      2.000
             500.000       0.582       0.349       5.000    0.20%       2.000      2.000
     Y3                    3.160      -0.111       1.000    1.00%       3.000      3.000      3.000
             500.000       0.542      -0.034       5.000    2.00%       3.000      4.000
     Y4                    3.140      -0.107       1.000    1.20%       2.000      3.000      3.000
             500.000       0.624      -0.353       5.000    2.40%       3.000      4.000
     Y5                    3.184       0.050       1.000    1.00%       3.000      3.000      3.000
             500.000       0.586       0.084       5.000    3.80%       3.000      4.000
     Y6                    1.160       2.258       1.000   84.80%       1.000      1.000      1.000
             500.000       0.150       4.248       3.000    0.80%       1.000      1.000
     Y7                    1.178       2.902       1.000   84.00%       1.000      1.000      1.000
             500.000       0.194      10.641       4.000    0.60%       1.000      1.000
     Y8                    1.188       2.967       1.000   83.60%       1.000      1.000      1.000
             500.000       0.217      10.887       4.000    0.80%       1.000      1.000
     Y9                    1.874       0.679       1.000   30.20%       1.000      2.000      2.000
             500.000       0.514       1.021       5.000    0.40%       2.000      2.000
     Y10                   1.884       0.902       1.000   31.80%       1.000      2.000      2.000
             500.000       0.599       1.459       5.000    0.80%       2.000      2.000
     X1                    0.016      -0.079      -3.246    0.20%      -0.747     -0.223     -0.029
             500.000       0.930       0.098       2.575    0.20%       0.229      0.831
     X2                    0.534      -0.136       0.000   46.60%       0.000      0.000      1.000
             500.000       0.249      -1.981       1.000   53.40%       1.000      1.000


THE MODEL ESTIMATION TERMINATED NORMALLY



MODEL FIT INFORMATION

Number of Free Parameters                       34

Loglikelihood

          H0 Value                       -4125.502

Information Criteria

          Akaike (AIC)                    8319.005
          Bayesian (BIC)                  8462.301
          Sample-Size Adjusted BIC        8354.383
            (n* = (n + 2) / 24)



MODEL RESULTS

                                                    Two-Tailed
                    Estimate       S.E.  Est./S.E.    P-Value

 F        BY
    Y1                 0.484      0.031     15.454      0.000
    Y2                 0.517      0.032     16.190      0.000
    Y3                 0.449      0.032     14.152      0.000
    Y4                 0.506      0.034     15.037      0.000
    Y5                 0.507      0.032     15.713      0.000
    Y6                 0.201      0.017     11.589      0.000
    Y7                 0.203      0.020     10.147      0.000
    Y8               999.000      0.000    999.000    999.000
    Y9                 0.483      0.030     16.044      0.000
    Y10                0.499      0.033     15.172      0.000

 Y8       ON
    X1                -0.009      0.018     -0.495      0.621
    X2                 0.010      0.036      0.277      0.782

 Means
    F                  0.000      0.000    999.000    999.000

 Intercepts
    Y1                 1.914      0.033     57.888      0.000
    Y2                 1.890      0.034     55.402      0.000
    Y3                 3.160      0.033     95.943      0.000
    Y4                 3.140      0.035     88.855      0.000
    Y5                 3.184      0.034     92.994      0.000
    Y6                 1.160      0.017     66.884      0.000
    Y7                 1.178      0.020     59.755      0.000
    Y8                 1.172      0.028     42.581      0.000
    Y9                 1.874      0.032     58.441      0.000
    Y10                1.884      0.035     54.452      0.000

 Variances
    F                  1.000      0.000    999.000    999.000

 Residual Variances
    Y1                 0.313      0.022     13.935      0.000
    Y2                 0.314      0.023     13.666      0.000
    Y3                 0.340      0.024     14.315      0.000
    Y4                 0.368      0.026     14.048      0.000
    Y5                 0.329      0.024     13.848      0.000
    Y6                 0.110      0.007     14.877      0.000
    Y7                 0.153      0.010     15.132      0.000
    Y8                 0.141      0.010     14.354      0.000
    Y9                 0.281      0.020     13.711      0.000
    Y10                0.349      0.025     14.008      0.000

New/Additional Parameters
    L8_0               0.213      0.030      7.156      0.000
    L8_1               0.006      0.019      0.286      0.775
    L8_2               0.101      0.039      2.586      0.010


QUALITY OF NUMERICAL RESULTS

     Condition Number for the Information Matrix              0.535E-04
       (ratio of smallest to largest eigenvalue)


     Beginning Time:  21:01:19
        Ending Time:  21:01:20
       Elapsed Time:  00:00:01



MUTHEN & MUTHEN
3463 Stoner Ave.
Los Angeles, CA  90066

Tel: (310) 391-9971
Fax: (310) 391-8971
Web: www.StatModel.com
Support: Support@StatModel.com

Copyright (c) 1998-2019 Muthen & Muthen
