Mplus VERSION 8.3
MUTHEN & MUTHEN
04/23/2024   8:51 PM

INPUT INSTRUCTIONS


  TITLE: Test with 10 reps

  DATA:
  File is
  G1_B2_N2_rep151.csv;

  VARIABLE:
      Names are x1 x2 eta
  	y1 y2 y3 y4 y5 y6 y7 y8 y9 y10;
      Usevariables are y1-y10 x1 x2;
      constraint = x1 x2;

  MODEL:
      f BY y1* (l1);
      f BY y2* (l2);
      f BY y3* (l3);
      f BY y4* (l4);
      f BY y5* (l5);
      f BY y6* (l6);
      f BY y7* (l7);
      f BY y8* (l8);
      f BY y9* (l9);
      f BY y10* (l10);

  y9 ON x1 x2;
  f@1;
  [f@0];

  MODEL CONSTRAINT:
      new (l9_0 l9_1 l9_2);
      l9 = l9_0 + l9_1*x1 + l9_2*x2;




INPUT READING TERMINATED NORMALLY



Test with 10 reps

SUMMARY OF ANALYSIS

Number of groups                                                 1
Number of observations                                         500

Number of dependent variables                                   10
Number of independent variables                                  2
Number of continuous latent variables                            1

Observed dependent variables

  Continuous
   Y1          Y2          Y3          Y4          Y5          Y6
   Y7          Y8          Y9          Y10

Observed independent variables
   X1          X2

Continuous latent variables
   F


Estimator                                                       ML
Information matrix                                        OBSERVED
Maximum number of iterations                                  1000
Convergence criterion                                    0.500D-04
Maximum number of steepest descent iterations                   20

Input data file(s)
  G1_B2_N2_rep151.csv

Input data format  FREE



UNIVARIATE SAMPLE STATISTICS


     UNIVARIATE HIGHER-ORDER MOMENT DESCRIPTIVE STATISTICS

         Variable/         Mean/     Skewness/   Minimum/ % with                Percentiles
        Sample Size      Variance    Kurtosis    Maximum  Min/Max      20%/60%    40%/80%    Median

     Y1                    1.776       0.785       1.000   36.80%       1.000      2.000      2.000
             500.000       0.510       0.925       5.000    0.20%       2.000      2.000
     Y2                    1.798       0.731       1.000   36.60%       1.000      2.000      2.000
             500.000       0.537       0.595       5.000    0.20%       2.000      2.000
     Y3                    3.098      -0.021       1.000    1.40%       3.000      3.000      3.000
             500.000       0.564       0.142       5.000    2.40%       3.000      4.000
     Y4                    3.024      -0.094       1.000    1.80%       2.000      3.000      3.000
             500.000       0.591      -0.204       5.000    1.40%       3.000      4.000
     Y5                    3.100      -0.056       1.000    1.20%       3.000      3.000      3.000
             500.000       0.570      -0.109       5.000    2.00%       3.000      4.000
     Y6                    1.134       2.728       1.000   87.60%       1.000      1.000      1.000
             500.000       0.136       7.030       3.000    1.00%       1.000      1.000
     Y7                    1.128       3.086       1.000   88.00%       1.000      1.000      1.000
             500.000       0.132      11.509       4.000    0.20%       1.000      1.000
     Y8                    1.128       4.205       1.000   88.60%       1.000      1.000      1.000
             500.000       0.156      25.752       5.000    0.20%       1.000      1.000
     Y9                    1.790       0.595       1.000   35.80%       1.000      2.000      2.000
             500.000       0.494       0.160       4.000    1.60%       2.000      2.000
     Y10                   1.754       0.661       1.000   38.40%       1.000      2.000      2.000
             500.000       0.493       0.238       4.000    1.60%       2.000      2.000
     X1                   -0.006      -0.108      -3.401    0.20%      -0.889     -0.224      0.041
             500.000       1.053       0.105       2.988    0.20%       0.280      0.836
     X2                    0.500       0.000       0.000   50.00%       0.000      0.000      0.500
             500.000       0.250      -2.000       1.000   50.00%       1.000      1.000


THE MODEL ESTIMATION TERMINATED NORMALLY



MODEL FIT INFORMATION

Number of Free Parameters                       34

Loglikelihood

          H0 Value                       -3940.332

Information Criteria

          Akaike (AIC)                    7948.663
          Bayesian (BIC)                  8091.960
          Sample-Size Adjusted BIC        7984.042
            (n* = (n + 2) / 24)



MODEL RESULTS

                                                    Two-Tailed
                    Estimate       S.E.  Est./S.E.    P-Value

 F        BY
    Y1                 0.459      0.031     14.877      0.000
    Y2                 0.521      0.031     16.931      0.000
    Y3                 0.427      0.033     12.774      0.000
    Y4                 0.443      0.034     12.997      0.000
    Y5                 0.467      0.033     14.192      0.000
    Y6                 0.186      0.017     11.065      0.000
    Y7                 0.174      0.017     10.435      0.000
    Y8                 0.204      0.018     11.406      0.000
    Y9               999.000      0.000    999.000    999.000
    Y10                0.410      0.031     13.204      0.000

 Y9       ON
    X1                 0.008      0.026      0.291      0.771
    X2                 0.030      0.055      0.541      0.589

 Means
    F                  0.000      0.000    999.000    999.000

 Intercepts
    Y1                 1.776      0.032     55.618      0.000
    Y2                 1.798      0.033     54.854      0.000
    Y3                 3.098      0.034     92.209      0.000
    Y4                 3.024      0.034     87.926      0.000
    Y5                 3.100      0.034     91.814      0.000
    Y6                 1.134      0.016     68.748      0.000
    Y7                 1.128      0.016     69.525      0.000
    Y8                 1.128      0.018     63.939      0.000
    Y9                 1.786      0.044     41.043      0.000
    Y10                1.754      0.031     55.831      0.000

 Variances
    F                  1.000      0.000    999.000    999.000

 Residual Variances
    Y1                 0.299      0.022     13.667      0.000
    Y2                 0.266      0.021     12.732      0.000
    Y3                 0.382      0.027     14.381      0.000
    Y4                 0.395      0.028     14.321      0.000
    Y5                 0.352      0.025     13.941      0.000
    Y6                 0.102      0.007     14.773      0.000
    Y7                 0.101      0.007     14.849      0.000
    Y8                 0.114      0.008     14.645      0.000
    Y9                 0.322      0.023     14.187      0.000
    Y10                0.326      0.023     14.277      0.000

New/Additional Parameters
    L9_0               0.456      0.048      9.426      0.000
    L9_1              -0.008      0.026     -0.315      0.753
    L9_2              -0.083      0.061     -1.371      0.170


QUALITY OF NUMERICAL RESULTS

     Condition Number for the Information Matrix              0.448E-04
       (ratio of smallest to largest eigenvalue)


     Beginning Time:  20:51:37
        Ending Time:  20:51:39
       Elapsed Time:  00:00:02



MUTHEN & MUTHEN
3463 Stoner Ave.
Los Angeles, CA  90066

Tel: (310) 391-9971
Fax: (310) 391-8971
Web: www.StatModel.com
Support: Support@StatModel.com

Copyright (c) 1998-2019 Muthen & Muthen
