Mplus VERSION 8.3
MUTHEN & MUTHEN
04/23/2024   8:45 PM

INPUT INSTRUCTIONS


  TITLE: Test with 10 reps

  DATA:
  File is
  G1_B2_N2_rep133.csv;

  VARIABLE:
      Names are x1 x2 eta
  	y1 y2 y3 y4 y5 y6 y7 y8 y9 y10;
      Usevariables are y1-y10 x1 x2;
      constraint = x1 x2;

  MODEL:
      f BY y1* (l1);
      f BY y2* (l2);
      f BY y3* (l3);
      f BY y4* (l4);
      f BY y5* (l5);
      f BY y6* (l6);
      f BY y7* (l7);
      f BY y8* (l8);
      f BY y9* (l9);
      f BY y10* (l10);

  y6 ON x1 x2;
  f@1;
  [f@0];

  MODEL CONSTRAINT:
      new (l6_0 l6_1 l6_2);
      l6 = l6_0 + l6_1*x1 + l6_2*x2;




INPUT READING TERMINATED NORMALLY



Test with 10 reps

SUMMARY OF ANALYSIS

Number of groups                                                 1
Number of observations                                         500

Number of dependent variables                                   10
Number of independent variables                                  2
Number of continuous latent variables                            1

Observed dependent variables

  Continuous
   Y1          Y2          Y3          Y4          Y5          Y6
   Y7          Y8          Y9          Y10

Observed independent variables
   X1          X2

Continuous latent variables
   F


Estimator                                                       ML
Information matrix                                        OBSERVED
Maximum number of iterations                                  1000
Convergence criterion                                    0.500D-04
Maximum number of steepest descent iterations                   20

Input data file(s)
  G1_B2_N2_rep133.csv

Input data format  FREE



UNIVARIATE SAMPLE STATISTICS


     UNIVARIATE HIGHER-ORDER MOMENT DESCRIPTIVE STATISTICS

         Variable/         Mean/     Skewness/   Minimum/ % with                Percentiles
        Sample Size      Variance    Kurtosis    Maximum  Min/Max      20%/60%    40%/80%    Median

     Y1                    1.846       0.846       1.000   35.80%       1.000      2.000      2.000
             500.000       0.618       0.931       5.000    0.60%       2.000      2.000
     Y2                    1.864       1.102       1.000   35.00%       1.000      2.000      2.000
             500.000       0.674       1.895       5.000    1.40%       2.000      2.000
     Y3                    3.142       0.129       1.000    1.00%       3.000      3.000      3.000
             500.000       0.606       0.045       5.000    4.00%       3.000      4.000
     Y4                    3.110      -0.104       1.000    2.20%       2.000      3.000      3.000
             500.000       0.694      -0.238       5.000    3.20%       3.000      4.000
     Y5                    3.068       0.112       1.000    2.20%       2.000      3.000      3.000
             500.000       0.743      -0.199       5.000    4.80%       3.000      4.000
     Y6                    1.200       2.712       1.000   82.80%       1.000      1.000      1.000
             500.000       0.228       8.533       4.000    0.60%       1.000      1.000
     Y7                    1.218       2.486       1.000   80.80%       1.000      1.000      1.000
             500.000       0.234       7.308       4.000    0.60%       1.000      1.000
     Y8                    1.240       2.391       1.000   80.40%       1.000      1.000      1.000
             500.000       0.282       5.910       4.000    0.60%       1.000      1.000
     Y9                    1.854       0.895       1.000   35.80%       1.000      2.000      2.000
             500.000       0.645       0.960       5.000    0.60%       2.000      2.000
     Y10                   1.772       0.882       1.000   39.40%       1.000      2.000      2.000
             500.000       0.564       1.181       5.000    0.60%       2.000      2.000
     X1                    0.061       0.079      -2.926    0.20%      -0.850     -0.228      0.104
             500.000       0.969      -0.364       2.616    0.20%       0.293      0.850
     X2                    0.496       0.016       0.000   50.40%       0.000      0.000      0.000
             500.000       0.250      -2.000       1.000   49.60%       1.000      1.000


THE MODEL ESTIMATION TERMINATED NORMALLY



MODEL FIT INFORMATION

Number of Free Parameters                       34

Loglikelihood

          H0 Value                       -4598.522

Information Criteria

          Akaike (AIC)                    9265.043
          Bayesian (BIC)                  9408.340
          Sample-Size Adjusted BIC        9300.422
            (n* = (n + 2) / 24)



MODEL RESULTS

                                                    Two-Tailed
                    Estimate       S.E.  Est./S.E.    P-Value

 F        BY
    Y1                 0.528      0.033     15.897      0.000
    Y2                 0.537      0.035     15.395      0.000
    Y3                 0.473      0.034     14.015      0.000
    Y4                 0.509      0.036     14.104      0.000
    Y5                 0.568      0.037     15.537      0.000
    Y6               999.000      0.000    999.000    999.000
    Y7                 0.258      0.022     11.978      0.000
    Y8                 0.282      0.024     11.878      0.000
    Y9                 0.509      0.034     14.789      0.000
    Y10                0.479      0.032     14.909      0.000

 Y6       ON
    X1                 0.008      0.019      0.390      0.697
    X2                 0.053      0.039      1.368      0.171

 Means
    F                  0.000      0.000    999.000    999.000

 Intercepts
    Y1                 1.846      0.035     52.496      0.000
    Y2                 1.864      0.037     50.788      0.000
    Y3                 3.142      0.035     90.264      0.000
    Y4                 3.110      0.037     83.483      0.000
    Y5                 3.068      0.039     79.568      0.000
    Y6                 1.154      0.028     41.240      0.000
    Y7                 1.218      0.022     56.245      0.000
    Y8                 1.240      0.024     52.176      0.000
    Y9                 1.854      0.036     51.632      0.000
    Y10                1.772      0.034     52.760      0.000

 Variances
    F                  1.000      0.000    999.000    999.000

 Residual Variances
    Y1                 0.340      0.025     13.628      0.000
    Y2                 0.385      0.028     13.806      0.000
    Y3                 0.382      0.027     14.253      0.000
    Y4                 0.435      0.031     14.221      0.000
    Y5                 0.420      0.031     13.759      0.000
    Y6                 0.164      0.011     14.784      0.000
    Y7                 0.168      0.011     14.753      0.000
    Y8                 0.203      0.014     14.767      0.000
    Y9                 0.385      0.027     14.020      0.000
    Y10                0.334      0.024     13.974      0.000

New/Additional Parameters
    L6_0               0.159      0.034      4.669      0.000
    L6_1               0.027      0.021      1.332      0.183
    L6_2               0.125      0.043      2.922      0.003


QUALITY OF NUMERICAL RESULTS

     Condition Number for the Information Matrix              0.119E-03
       (ratio of smallest to largest eigenvalue)


     Beginning Time:  20:45:28
        Ending Time:  20:45:29
       Elapsed Time:  00:00:01



MUTHEN & MUTHEN
3463 Stoner Ave.
Los Angeles, CA  90066

Tel: (310) 391-9971
Fax: (310) 391-8971
Web: www.StatModel.com
Support: Support@StatModel.com

Copyright (c) 1998-2019 Muthen & Muthen
