Mplus VERSION 8.3
MUTHEN & MUTHEN
04/23/2024   9:10 PM

INPUT INSTRUCTIONS


  TITLE: Test with 10 reps

  DATA:
  File is
  G1_B2_N2_rep207.csv;

  VARIABLE:
      Names are x1 x2 eta
  	y1 y2 y3 y4 y5 y6 y7 y8 y9 y10;
      Usevariables are y1-y10 x1 x2;
      constraint = x1 x2;

  MODEL:
      f BY y1* (l1);
      f BY y2* (l2);
      f BY y3* (l3);
      f BY y4* (l4);
      f BY y5* (l5);
      f BY y6* (l6);
      f BY y7* (l7);
      f BY y8* (l8);
      f BY y9* (l9);
      f BY y10* (l10);

  y8 ON x1 x2;
  f@1;
  [f@0];

  MODEL CONSTRAINT:
      new (l8_0 l8_1 l8_2);
      l8 = l8_0 + l8_1*x1 + l8_2*x2;




INPUT READING TERMINATED NORMALLY



Test with 10 reps

SUMMARY OF ANALYSIS

Number of groups                                                 1
Number of observations                                         500

Number of dependent variables                                   10
Number of independent variables                                  2
Number of continuous latent variables                            1

Observed dependent variables

  Continuous
   Y1          Y2          Y3          Y4          Y5          Y6
   Y7          Y8          Y9          Y10

Observed independent variables
   X1          X2

Continuous latent variables
   F


Estimator                                                       ML
Information matrix                                        OBSERVED
Maximum number of iterations                                  1000
Convergence criterion                                    0.500D-04
Maximum number of steepest descent iterations                   20

Input data file(s)
  G1_B2_N2_rep207.csv

Input data format  FREE



UNIVARIATE SAMPLE STATISTICS


     UNIVARIATE HIGHER-ORDER MOMENT DESCRIPTIVE STATISTICS

         Variable/         Mean/     Skewness/   Minimum/ % with                Percentiles
        Sample Size      Variance    Kurtosis    Maximum  Min/Max      20%/60%    40%/80%    Median

     Y1                    1.834       0.775       1.000   34.20%       1.000      2.000      2.000
             500.000       0.550       0.962       5.000    0.40%       2.000      2.000
     Y2                    1.844       0.828       1.000   32.80%       1.000      2.000      2.000
             500.000       0.540       1.428       5.000    0.60%       2.000      2.000
     Y3                    3.140      -0.041       1.000    0.80%       3.000      3.000      3.000
             500.000       0.568      -0.244       5.000    2.20%       3.000      4.000
     Y4                    3.142      -0.106       1.000    1.00%       3.000      3.000      3.000
             500.000       0.538      -0.053       5.000    1.80%       3.000      4.000
     Y5                    3.158       0.066       1.000    0.80%       3.000      3.000      3.000
             500.000       0.569      -0.004       5.000    3.20%       3.000      4.000
     Y6                    1.194       2.007       1.000   81.80%       1.000      1.000      1.000
             500.000       0.180       3.165       3.000    1.20%       1.000      1.000
     Y7                    1.178       2.697       1.000   83.80%       1.000      1.000      1.000
             500.000       0.186       8.845       4.000    0.40%       1.000      1.000
     Y8                    1.150       3.695       1.000   86.60%       1.000      1.000      1.000
             500.000       0.176      19.948       5.000    0.20%       1.000      1.000
     Y9                    1.876       0.728       1.000   32.40%       1.000      2.000      2.000
             500.000       0.581       0.577       5.000    0.20%       2.000      2.000
     Y10                   1.888       0.661       1.000   31.60%       1.000      2.000      2.000
             500.000       0.571       0.444       5.000    0.20%       2.000      2.000
     X1                    0.010      -0.045      -3.244    0.20%      -0.897     -0.209      0.050
             500.000       1.104       0.045       3.219    0.20%       0.264      0.849
     X2                    0.492       0.032       0.000   50.80%       0.000      0.000      0.000
             500.000       0.250      -1.999       1.000   49.20%       1.000      1.000


THE MODEL ESTIMATION TERMINATED NORMALLY



MODEL FIT INFORMATION

Number of Free Parameters                       34

Loglikelihood

          H0 Value                       -4092.557

Information Criteria

          Akaike (AIC)                    8253.114
          Bayesian (BIC)                  8396.410
          Sample-Size Adjusted BIC        8288.492
            (n* = (n + 2) / 24)



MODEL RESULTS

                                                    Two-Tailed
                    Estimate       S.E.  Est./S.E.    P-Value

 F        BY
    Y1                 0.475      0.032     15.003      0.000
    Y2                 0.471      0.031     15.034      0.000
    Y3                 0.432      0.033     13.082      0.000
    Y4                 0.465      0.031     14.826      0.000
    Y5                 0.505      0.032     15.866      0.000
    Y6                 0.239      0.019     12.789      0.000
    Y7                 0.197      0.020     10.054      0.000
    Y8               999.000      0.000    999.000    999.000
    Y9                 0.525      0.032     16.501      0.000
    Y10                0.505      0.032     15.871      0.000

 Y8       ON
    X1                -0.006      0.016     -0.371      0.710
    X2                -0.012      0.033     -0.362      0.718

 Means
    F                  0.000      0.000    999.000    999.000

 Intercepts
    Y1                 1.834      0.033     55.275      0.000
    Y2                 1.844      0.033     56.129      0.000
    Y3                 3.140      0.034     93.130      0.000
    Y4                 3.142      0.033     95.800      0.000
    Y5                 3.158      0.034     93.611      0.000
    Y6                 1.194      0.019     62.866      0.000
    Y7                 1.178      0.019     61.025      0.000
    Y8                 1.150      0.025     46.856      0.000
    Y9                 1.876      0.034     55.052      0.000
    Y10                1.888      0.034     55.846      0.000

 Variances
    F                  1.000      0.000    999.000    999.000

 Residual Variances
    Y1                 0.325      0.023     14.040      0.000
    Y2                 0.318      0.023     14.034      0.000
    Y3                 0.382      0.026     14.561      0.000
    Y4                 0.321      0.023     14.077      0.000
    Y5                 0.315      0.023     13.718      0.000
    Y6                 0.123      0.008     14.623      0.000
    Y7                 0.147      0.010     15.136      0.000
    Y8                 0.120      0.008     14.536      0.000
    Y9                 0.305      0.023     13.497      0.000
    Y10                0.316      0.023     13.735      0.000

New/Additional Parameters
    L8_0               0.205      0.026      7.839      0.000
    L8_1               0.002      0.017      0.139      0.889
    L8_2               0.059      0.035      1.693      0.090


QUALITY OF NUMERICAL RESULTS

     Condition Number for the Information Matrix              0.653E-04
       (ratio of smallest to largest eigenvalue)


     Beginning Time:  21:10:34
        Ending Time:  21:10:35
       Elapsed Time:  00:00:01



MUTHEN & MUTHEN
3463 Stoner Ave.
Los Angeles, CA  90066

Tel: (310) 391-9971
Fax: (310) 391-8971
Web: www.StatModel.com
Support: Support@StatModel.com

Copyright (c) 1998-2019 Muthen & Muthen
