Mplus VERSION 8.3
MUTHEN & MUTHEN
04/23/2024   9:17 PM

INPUT INSTRUCTIONS


  TITLE: Test with 10 reps

  DATA:
  File is
  G1_B2_N2_rep228.csv;

  VARIABLE:
      Names are x1 x2 eta
  	y1 y2 y3 y4 y5 y6 y7 y8 y9 y10;
      Usevariables are y1-y10 x1 x2;
      constraint = x1 x2;

  MODEL:
      f BY y1* (l1);
      f BY y2* (l2);
      f BY y3* (l3);
      f BY y4* (l4);
      f BY y5* (l5);
      f BY y6* (l6);
      f BY y7* (l7);
      f BY y8* (l8);
      f BY y9* (l9);
      f BY y10* (l10);

  y4 ON x1 x2;
  f@1;
  [f@0];

  MODEL CONSTRAINT:
      new (l4_0 l4_1 l4_2);
      l4 = l4_0 + l4_1*x1 + l4_2*x2;




INPUT READING TERMINATED NORMALLY



Test with 10 reps

SUMMARY OF ANALYSIS

Number of groups                                                 1
Number of observations                                         500

Number of dependent variables                                   10
Number of independent variables                                  2
Number of continuous latent variables                            1

Observed dependent variables

  Continuous
   Y1          Y2          Y3          Y4          Y5          Y6
   Y7          Y8          Y9          Y10

Observed independent variables
   X1          X2

Continuous latent variables
   F


Estimator                                                       ML
Information matrix                                        OBSERVED
Maximum number of iterations                                  1000
Convergence criterion                                    0.500D-04
Maximum number of steepest descent iterations                   20

Input data file(s)
  G1_B2_N2_rep228.csv

Input data format  FREE



UNIVARIATE SAMPLE STATISTICS


     UNIVARIATE HIGHER-ORDER MOMENT DESCRIPTIVE STATISTICS

         Variable/         Mean/     Skewness/   Minimum/ % with                Percentiles
        Sample Size      Variance    Kurtosis    Maximum  Min/Max      20%/60%    40%/80%    Median

     Y1                    1.782       0.945       1.000   38.20%       1.000      2.000      2.000
             500.000       0.566       1.442       5.000    0.60%       2.000      2.000
     Y2                    1.902       0.795       1.000   31.20%       1.000      2.000      2.000
             500.000       0.596       1.170       5.000    0.80%       2.000      2.000
     Y3                    3.136      -0.024       1.000    1.20%       3.000      3.000      3.000
             500.000       0.590      -0.041       5.000    2.80%       3.000      4.000
     Y4                    3.102      -0.032       1.000    1.20%       3.000      3.000      3.000
             500.000       0.572      -0.062       5.000    2.20%       3.000      4.000
     Y5                    3.140       0.053       1.000    1.00%       3.000      3.000      3.000
             500.000       0.584       0.003       5.000    3.20%       3.000      4.000
     Y6                    1.162       2.382       1.000   85.00%       1.000      1.000      1.000
             500.000       0.160       5.055       3.000    1.20%       1.000      1.000
     Y7                    1.180       2.479       1.000   83.60%       1.000      1.000      1.000
             500.000       0.184       6.696       4.000    0.20%       1.000      1.000
     Y8                    1.152       2.651       1.000   86.40%       1.000      1.000      1.000
             500.000       0.161       6.623       3.000    1.60%       1.000      1.000
     Y9                    1.800       0.542       1.000   34.80%       1.000      2.000      2.000
             500.000       0.484       0.074       4.000    1.40%       2.000      2.000
     Y10                   1.808       0.813       1.000   36.60%       1.000      2.000      2.000
             500.000       0.563       0.916       5.000    0.40%       2.000      2.000
     X1                   -0.038       0.126      -2.902    0.20%      -0.879     -0.298     -0.041
             500.000       0.948       0.131       3.495    0.20%       0.210      0.757
     X2                    0.506      -0.024       0.000   49.40%       0.000      0.000      1.000
             500.000       0.250      -1.999       1.000   50.60%       1.000      1.000


THE MODEL ESTIMATION TERMINATED NORMALLY



MODEL FIT INFORMATION

Number of Free Parameters                       34

Loglikelihood

          H0 Value                       -4091.301

Information Criteria

          Akaike (AIC)                    8250.602
          Bayesian (BIC)                  8393.898
          Sample-Size Adjusted BIC        8285.980
            (n* = (n + 2) / 24)



MODEL RESULTS

                                                    Two-Tailed
                    Estimate       S.E.  Est./S.E.    P-Value

 F        BY
    Y1                 0.464      0.033     14.240      0.000
    Y2                 0.450      0.034     13.298      0.000
    Y3                 0.516      0.032     15.906      0.000
    Y4               999.000      0.000    999.000    999.000
    Y5                 0.511      0.032     15.783      0.000
    Y6                 0.200      0.018     11.070      0.000
    Y7                 0.223      0.019     11.609      0.000
    Y8                 0.171      0.018      9.265      0.000
    Y9                 0.464      0.029     15.746      0.000
    Y10                0.483      0.032     15.048      0.000

 Y4       ON
    X1                -0.039      0.028     -1.378      0.168
    X2                 0.010      0.055      0.180      0.857

 Means
    F                  0.000      0.000    999.000    999.000

 Intercepts
    Y1                 1.782      0.034     52.942      0.000
    Y2                 1.902      0.035     55.072      0.000
    Y3                 3.136      0.034     91.331      0.000
    Y4                 3.096      0.044     70.792      0.000
    Y5                 3.140      0.034     91.846      0.000
    Y6                 1.162      0.018     65.007      0.000
    Y7                 1.180      0.019     61.579      0.000
    Y8                 1.152      0.018     64.219      0.000
    Y9                 1.800      0.031     57.854      0.000
    Y10                1.808      0.034     53.874      0.000

 Variances
    F                  1.000      0.000    999.000    999.000

 Residual Variances
    Y1                 0.351      0.025     14.137      0.000
    Y2                 0.394      0.027     14.423      0.000
    Y3                 0.323      0.024     13.560      0.000
    Y4                 0.320      0.023     13.647      0.000
    Y5                 0.324      0.024     13.622      0.000
    Y6                 0.120      0.008     14.902      0.000
    Y7                 0.134      0.009     14.801      0.000
    Y8                 0.132      0.009     15.212      0.000
    Y9                 0.269      0.020     13.662      0.000
    Y10                0.329      0.024     13.864      0.000

New/Additional Parameters
    L4_0               0.472      0.045     10.478      0.000
    L4_1              -0.032      0.028     -1.119      0.263
    L4_2               0.060      0.059      1.023      0.306


QUALITY OF NUMERICAL RESULTS

     Condition Number for the Information Matrix              0.630E-04
       (ratio of smallest to largest eigenvalue)


     Beginning Time:  21:17:42
        Ending Time:  21:17:43
       Elapsed Time:  00:00:01



MUTHEN & MUTHEN
3463 Stoner Ave.
Los Angeles, CA  90066

Tel: (310) 391-9971
Fax: (310) 391-8971
Web: www.StatModel.com
Support: Support@StatModel.com

Copyright (c) 1998-2019 Muthen & Muthen
