Mplus VERSION 8.3
MUTHEN & MUTHEN
04/23/2024   9:38 PM

INPUT INSTRUCTIONS


  TITLE: Test with 10 reps

  DATA:
  File is
  G1_B2_N2_rep289.csv;

  VARIABLE:
      Names are x1 x2 eta
  	y1 y2 y3 y4 y5 y6 y7 y8 y9 y10;
      Usevariables are y1-y10 x1 x2;
      constraint = x1 x2;

  MODEL:
      f BY y1* (l1);
      f BY y2* (l2);
      f BY y3* (l3);
      f BY y4* (l4);
      f BY y5* (l5);
      f BY y6* (l6);
      f BY y7* (l7);
      f BY y8* (l8);
      f BY y9* (l9);
      f BY y10* (l10);

  y8 ON x1 x2;
  f@1;
  [f@0];

  MODEL CONSTRAINT:
      new (l8_0 l8_1 l8_2);
      l8 = l8_0 + l8_1*x1 + l8_2*x2;




INPUT READING TERMINATED NORMALLY



Test with 10 reps

SUMMARY OF ANALYSIS

Number of groups                                                 1
Number of observations                                         500

Number of dependent variables                                   10
Number of independent variables                                  2
Number of continuous latent variables                            1

Observed dependent variables

  Continuous
   Y1          Y2          Y3          Y4          Y5          Y6
   Y7          Y8          Y9          Y10

Observed independent variables
   X1          X2

Continuous latent variables
   F


Estimator                                                       ML
Information matrix                                        OBSERVED
Maximum number of iterations                                  1000
Convergence criterion                                    0.500D-04
Maximum number of steepest descent iterations                   20

Input data file(s)
  G1_B2_N2_rep289.csv

Input data format  FREE



UNIVARIATE SAMPLE STATISTICS


     UNIVARIATE HIGHER-ORDER MOMENT DESCRIPTIVE STATISTICS

         Variable/         Mean/     Skewness/   Minimum/ % with                Percentiles
        Sample Size      Variance    Kurtosis    Maximum  Min/Max      20%/60%    40%/80%    Median

     Y1                    1.862       0.717       1.000   30.00%       1.000      2.000      2.000
             500.000       0.495       1.289       5.000    0.40%       2.000      2.000
     Y2                    1.862       0.586       1.000   30.00%       1.000      2.000      2.000
             500.000       0.483       0.717       5.000    0.20%       2.000      2.000
     Y3                    3.184       0.238       1.000    0.40%       3.000      3.000      3.000
             500.000       0.482       0.400       5.000    3.20%       3.000      4.000
     Y4                    3.158       0.020       1.000    0.80%       3.000      3.000      3.000
             500.000       0.585      -0.159       5.000    3.00%       3.000      4.000
     Y5                    3.154      -0.050       1.000    0.60%       3.000      3.000      3.000
             500.000       0.522      -0.174       5.000    1.80%       3.000      4.000
     Y6                    1.168       2.763       1.000   84.40%       1.000      1.000      1.000
             500.000       0.172       9.673       4.000    0.40%       1.000      1.000
     Y7                    1.156       2.594       1.000   85.20%       1.000      1.000      1.000
             500.000       0.152       7.853       4.000    0.20%       1.000      1.000
     Y8                    1.156       2.773       1.000   85.80%       1.000      1.000      1.000
             500.000       0.164       8.683       4.000    0.20%       1.000      1.000
     Y9                    1.860       0.586       1.000   30.40%       1.000      2.000      2.000
             500.000       0.488       0.664       5.000    0.20%       2.000      2.000
     Y10                   1.846       0.652       1.000   32.60%       1.000      2.000      2.000
             500.000       0.526       0.393       4.000    2.60%       2.000      2.000
     X1                   -0.014      -0.064      -2.662    0.20%      -0.815     -0.273      0.019
             500.000       0.871      -0.134       2.677    0.20%       0.212      0.787
     X2                    0.510      -0.040       0.000   49.00%       0.000      0.000      1.000
             500.000       0.250      -1.998       1.000   51.00%       1.000      1.000


THE MODEL ESTIMATION TERMINATED NORMALLY



MODEL FIT INFORMATION

Number of Free Parameters                       34

Loglikelihood

          H0 Value                       -3890.029

Information Criteria

          Akaike (AIC)                    7848.058
          Bayesian (BIC)                  7991.355
          Sample-Size Adjusted BIC        7883.437
            (n* = (n + 2) / 24)



MODEL RESULTS

                                                    Two-Tailed
                    Estimate       S.E.  Est./S.E.    P-Value

 F        BY
    Y1                 0.451      0.030     14.979      0.000
    Y2                 0.473      0.029     16.172      0.000
    Y3                 0.427      0.030     14.203      0.000
    Y4                 0.484      0.033     14.731      0.000
    Y5                 0.461      0.031     14.884      0.000
    Y6                 0.194      0.019     10.274      0.000
    Y7                 0.193      0.018     10.959      0.000
    Y8               999.000      0.000    999.000    999.000
    Y9                 0.467      0.030     15.787      0.000
    Y10                0.461      0.031     14.792      0.000

 Y8       ON
    X1                 0.016      0.018      0.876      0.381
    X2                 0.005      0.033      0.147      0.883

 Means
    F                  0.000      0.000    999.000    999.000

 Intercepts
    Y1                 1.862      0.031     59.181      0.000
    Y2                 1.862      0.031     59.912      0.000
    Y3                 3.184      0.031    102.534      0.000
    Y4                 3.158      0.034     92.322      0.000
    Y5                 3.154      0.032     97.587      0.000
    Y6                 1.168      0.019     63.015      0.000
    Y7                 1.156      0.017     66.375      0.000
    Y8                 1.131      0.024     46.845      0.000
    Y9                 1.860      0.031     59.513      0.000
    Y10                1.846      0.032     56.899      0.000

 Variances
    F                  1.000      0.000    999.000    999.000

 Residual Variances
    Y1                 0.292      0.021     13.935      0.000
    Y2                 0.259      0.019     13.485      0.000
    Y3                 0.300      0.021     14.171      0.000
    Y4                 0.350      0.025     13.989      0.000
    Y5                 0.310      0.022     13.952      0.000
    Y6                 0.134      0.009     15.063      0.000
    Y7                 0.115      0.008     14.943      0.000
    Y8                 0.122      0.008     14.860      0.000
    Y9                 0.270      0.020     13.637      0.000
    Y10                0.314      0.022     13.985      0.000

New/Additional Parameters
    L8_0               0.127      0.027      4.662      0.000
    L8_1               0.060      0.018      3.424      0.001
    L8_2               0.104      0.036      2.882      0.004


QUALITY OF NUMERICAL RESULTS

     Condition Number for the Information Matrix              0.574E-04
       (ratio of smallest to largest eigenvalue)


     Beginning Time:  21:38:11
        Ending Time:  21:38:13
       Elapsed Time:  00:00:02



MUTHEN & MUTHEN
3463 Stoner Ave.
Los Angeles, CA  90066

Tel: (310) 391-9971
Fax: (310) 391-8971
Web: www.StatModel.com
Support: Support@StatModel.com

Copyright (c) 1998-2019 Muthen & Muthen
