Mplus VERSION 8.3
MUTHEN & MUTHEN
04/23/2024   9:40 PM

INPUT INSTRUCTIONS


  TITLE: Test with 10 reps

  DATA:
  File is
  G1_B2_N2_rep295.csv;

  VARIABLE:
      Names are x1 x2 eta
  	y1 y2 y3 y4 y5 y6 y7 y8 y9 y10;
      Usevariables are y1-y10 x1 x2;
      constraint = x1 x2;

  MODEL:
      f BY y1* (l1);
      f BY y2* (l2);
      f BY y3* (l3);
      f BY y4* (l4);
      f BY y5* (l5);
      f BY y6* (l6);
      f BY y7* (l7);
      f BY y8* (l8);
      f BY y9* (l9);
      f BY y10* (l10);

  y1 ON x1 x2;
  f@1;
  [f@0];

  MODEL CONSTRAINT:
      new (l1_0 l1_1 l1_2);
      l1 = l1_0 + l1_1*x1 + l1_2*x2;




INPUT READING TERMINATED NORMALLY



Test with 10 reps

SUMMARY OF ANALYSIS

Number of groups                                                 1
Number of observations                                         500

Number of dependent variables                                   10
Number of independent variables                                  2
Number of continuous latent variables                            1

Observed dependent variables

  Continuous
   Y1          Y2          Y3          Y4          Y5          Y6
   Y7          Y8          Y9          Y10

Observed independent variables
   X1          X2

Continuous latent variables
   F


Estimator                                                       ML
Information matrix                                        OBSERVED
Maximum number of iterations                                  1000
Convergence criterion                                    0.500D-04
Maximum number of steepest descent iterations                   20

Input data file(s)
  G1_B2_N2_rep295.csv

Input data format  FREE



UNIVARIATE SAMPLE STATISTICS


     UNIVARIATE HIGHER-ORDER MOMENT DESCRIPTIVE STATISTICS

         Variable/         Mean/     Skewness/   Minimum/ % with                Percentiles
        Sample Size      Variance    Kurtosis    Maximum  Min/Max      20%/60%    40%/80%    Median

     Y1                    1.872       0.871       1.000   32.80%       1.000      2.000      2.000
             500.000       0.600       1.194       5.000    0.60%       2.000      2.000
     Y2                    1.866       0.765       1.000   35.60%       1.000      2.000      2.000
             500.000       0.636       0.622       5.000    0.60%       2.000      2.000
     Y3                    3.186       0.103       1.000    0.40%       3.000      3.000      3.000
             500.000       0.583      -0.234       5.000    3.60%       3.000      4.000
     Y4                    3.118       0.110       1.000    0.80%       3.000      3.000      3.000
             500.000       0.568       0.000       5.000    3.00%       3.000      4.000
     Y5                    3.168       0.143       1.000    0.60%       3.000      3.000      3.000
             500.000       0.580      -0.041       5.000    3.80%       3.000      4.000
     Y6                    1.166       2.670       1.000   85.00%       1.000      1.000      1.000
             500.000       0.174       7.884       4.000    0.20%       1.000      1.000
     Y7                    1.170       2.452       1.000   84.80%       1.000      1.000      1.000
             500.000       0.177       5.487       3.000    1.80%       1.000      1.000
     Y8                    1.162       2.729       1.000   85.40%       1.000      1.000      1.000
             500.000       0.172       8.267       4.000    0.20%       1.000      1.000
     Y9                    1.848       0.756       1.000   33.00%       1.000      2.000      2.000
             500.000       0.545       0.977       5.000    0.40%       2.000      2.000
     Y10                   1.846       0.843       1.000   33.80%       1.000      2.000      2.000
             500.000       0.574       1.068       5.000    0.40%       2.000      2.000
     X1                    0.056      -0.174      -3.178    0.20%      -0.821     -0.173      0.105
             500.000       1.016      -0.031       2.734    0.20%       0.368      0.874
     X2                    0.490       0.040       0.000   51.00%       0.000      0.000      0.000
             500.000       0.250      -1.998       1.000   49.00%       1.000      1.000


THE MODEL ESTIMATION TERMINATED NORMALLY



MODEL FIT INFORMATION

Number of Free Parameters                       34

Loglikelihood

          H0 Value                       -4125.535

Information Criteria

          Akaike (AIC)                    8319.070
          Bayesian (BIC)                  8462.366
          Sample-Size Adjusted BIC        8354.448
            (n* = (n + 2) / 24)



MODEL RESULTS

                                                    Two-Tailed
                    Estimate       S.E.  Est./S.E.    P-Value

 F        BY
    Y1               999.000      0.000    999.000    999.000
    Y2                 0.516      0.034     15.223      0.000
    Y3                 0.539      0.032     17.067      0.000
    Y4                 0.502      0.032     15.803      0.000
    Y5                 0.472      0.033     14.408      0.000
    Y6                 0.201      0.019     10.688      0.000
    Y7                 0.225      0.019     12.019      0.000
    Y8                 0.204      0.019     10.975      0.000
    Y9                 0.457      0.032     14.405      0.000
    Y10                0.502      0.032     15.695      0.000

 Y1       ON
    X1                 0.019      0.027      0.682      0.495
    X2                 0.154      0.056      2.758      0.006

 Means
    F                  0.000      0.000    999.000    999.000

 Intercepts
    Y1                 1.784      0.042     42.230      0.000
    Y2                 1.866      0.036     52.318      0.000
    Y3                 3.186      0.034     93.271      0.000
    Y4                 3.118      0.034     92.503      0.000
    Y5                 3.168      0.034     93.034      0.000
    Y6                 1.166      0.019     62.425      0.000
    Y7                 1.170      0.019     62.167      0.000
    Y8                 1.162      0.019     62.695      0.000
    Y9                 1.848      0.033     55.980      0.000
    Y10                1.846      0.034     54.469      0.000

 Variances
    F                  1.000      0.000    999.000    999.000

 Residual Variances
    Y1                 0.326      0.024     13.874      0.000
    Y2                 0.370      0.026     13.969      0.000
    Y3                 0.292      0.022     13.278      0.000
    Y4                 0.316      0.023     13.786      0.000
    Y5                 0.357      0.025     14.225      0.000
    Y6                 0.134      0.009     15.042      0.000
    Y7                 0.127      0.009     14.792      0.000
    Y8                 0.130      0.009     14.997      0.000
    Y9                 0.336      0.024     14.243      0.000
    Y10                0.322      0.023     13.817      0.000

New/Additional Parameters
    L1_0               0.427      0.044      9.685      0.000
    L1_1              -0.012      0.028     -0.418      0.676
    L1_2               0.132      0.059      2.219      0.026


QUALITY OF NUMERICAL RESULTS

     Condition Number for the Information Matrix              0.713E-04
       (ratio of smallest to largest eigenvalue)


     Beginning Time:  21:40:04
        Ending Time:  21:40:06
       Elapsed Time:  00:00:02



MUTHEN & MUTHEN
3463 Stoner Ave.
Los Angeles, CA  90066

Tel: (310) 391-9971
Fax: (310) 391-8971
Web: www.StatModel.com
Support: Support@StatModel.com

Copyright (c) 1998-2019 Muthen & Muthen
