Mplus VERSION 8.3
MUTHEN & MUTHEN
04/23/2024   9:21 PM

INPUT INSTRUCTIONS


  TITLE: Test with 10 reps

  DATA:
  File is
  G1_B2_N2_rep24.csv;

  VARIABLE:
      Names are x1 x2 eta
  	y1 y2 y3 y4 y5 y6 y7 y8 y9 y10;
      Usevariables are y1-y10 x1 x2;
      constraint = x1 x2;

  MODEL:
      f BY y1* (l1);
      f BY y2* (l2);
      f BY y3* (l3);
      f BY y4* (l4);
      f BY y5* (l5);
      f BY y6* (l6);
      f BY y7* (l7);
      f BY y8* (l8);
      f BY y9* (l9);
      f BY y10* (l10);

  y10 ON x1 x2;
  f@1;
  [f@0];

  MODEL CONSTRAINT:
      new (l10_0 l10_1 l10_2);
      l10 = l10_0 + l10_1*x1 + l10_2*x2;




INPUT READING TERMINATED NORMALLY



Test with 10 reps

SUMMARY OF ANALYSIS

Number of groups                                                 1
Number of observations                                         500

Number of dependent variables                                   10
Number of independent variables                                  2
Number of continuous latent variables                            1

Observed dependent variables

  Continuous
   Y1          Y2          Y3          Y4          Y5          Y6
   Y7          Y8          Y9          Y10

Observed independent variables
   X1          X2

Continuous latent variables
   F


Estimator                                                       ML
Information matrix                                        OBSERVED
Maximum number of iterations                                  1000
Convergence criterion                                    0.500D-04
Maximum number of steepest descent iterations                   20

Input data file(s)
  G1_B2_N2_rep24.csv

Input data format  FREE



UNIVARIATE SAMPLE STATISTICS


     UNIVARIATE HIGHER-ORDER MOMENT DESCRIPTIVE STATISTICS

         Variable/         Mean/     Skewness/   Minimum/ % with                Percentiles
        Sample Size      Variance    Kurtosis    Maximum  Min/Max      20%/60%    40%/80%    Median

     Y1                    1.840       0.786       1.000   34.20%       1.000      2.000      2.000
             500.000       0.558       1.117       5.000    0.60%       2.000      2.000
     Y2                    1.814       0.915       1.000   35.40%       1.000      2.000      2.000
             500.000       0.563       1.309       5.000    0.40%       2.000      2.000
     Y3                    3.146       0.089       1.000    0.80%       3.000      3.000      3.000
             500.000       0.613      -0.181       5.000    3.60%       3.000      4.000
     Y4                    3.146       0.026       1.000    0.80%       3.000      3.000      3.000
             500.000       0.549      -0.007       5.000    2.60%       3.000      4.000
     Y5                    3.122       0.021       1.000    1.40%       3.000      3.000      3.000
             500.000       0.627      -0.059       5.000    3.40%       3.000      4.000
     Y6                    1.188       2.707       1.000   83.80%       1.000      1.000      1.000
             500.000       0.213       8.190       4.000    0.40%       1.000      1.000
     Y7                    1.194       2.450       1.000   82.00%       1.000      1.000      1.000
             500.000       0.192       7.397       4.000    0.40%       1.000      1.000
     Y8                    1.180       2.703       1.000   83.80%       1.000      1.000      1.000
             500.000       0.192       8.726       4.000    0.40%       1.000      1.000
     Y9                    1.864       0.872       1.000   34.80%       1.000      2.000      2.000
             500.000       0.630       1.115       5.000    0.80%       2.000      2.000
     Y10                   1.848       0.663       1.000   33.80%       1.000      2.000      2.000
             500.000       0.549       0.623       5.000    0.40%       2.000      2.000
     X1                   -0.010       0.130      -2.731    0.20%      -0.866     -0.300      0.000
             500.000       0.957      -0.072       2.958    0.20%       0.232      0.798
     X2                    0.496       0.016       0.000   50.40%       0.000      0.000      0.000
             500.000       0.250      -2.000       1.000   49.60%       1.000      1.000


THE MODEL ESTIMATION TERMINATED NORMALLY



MODEL FIT INFORMATION

Number of Free Parameters                       34

Loglikelihood

          H0 Value                       -4200.725

Information Criteria

          Akaike (AIC)                    8469.450
          Bayesian (BIC)                  8612.747
          Sample-Size Adjusted BIC        8504.829
            (n* = (n + 2) / 24)



MODEL RESULTS

                                                    Two-Tailed
                    Estimate       S.E.  Est./S.E.    P-Value

 F        BY
    Y1                 0.469      0.032     14.668      0.000
    Y2                 0.492      0.032     15.488      0.000
    Y3                 0.525      0.033     15.953      0.000
    Y4                 0.431      0.032     13.355      0.000
    Y5                 0.523      0.033     15.644      0.000
    Y6                 0.260      0.020     12.838      0.000
    Y7                 0.243      0.019     12.569      0.000
    Y8                 0.246      0.019     12.776      0.000
    Y9                 0.517      0.034     15.384      0.000
    Y10              999.000      0.000    999.000    999.000

 Y10      ON
    X1                 0.040      0.027      1.494      0.135
    X2                 0.070      0.054      1.293      0.196

 Means
    F                  0.000      0.000    999.000    999.000

 Intercepts
    Y1                 1.840      0.033     55.059      0.000
    Y2                 1.814      0.034     54.040      0.000
    Y3                 3.146      0.035     89.872      0.000
    Y4                 3.146      0.033     94.969      0.000
    Y5                 3.122      0.035     88.155      0.000
    Y6                 1.188      0.021     57.606      0.000
    Y7                 1.194      0.020     60.874      0.000
    Y8                 1.180      0.020     60.280      0.000
    Y9                 1.864      0.035     52.533      0.000
    Y10                1.815      0.043     42.174      0.000

 Variances
    F                  1.000      0.000    999.000    999.000

 Residual Variances
    Y1                 0.338      0.024     14.181      0.000
    Y2                 0.322      0.023     13.929      0.000
    Y3                 0.337      0.024     13.775      0.000
    Y4                 0.363      0.025     14.524      0.000
    Y5                 0.354      0.025     13.864      0.000
    Y6                 0.145      0.010     14.615      0.000
    Y7                 0.133      0.009     14.688      0.000
    Y8                 0.131      0.009     14.629      0.000
    Y9                 0.362      0.026     13.977      0.000
    Y10                0.292      0.021     13.688      0.000

New/Additional Parameters
    L10_0              0.482      0.046     10.452      0.000
    L10_1             -0.017      0.027     -0.636      0.525
    L10_2              0.017      0.057      0.294      0.769


QUALITY OF NUMERICAL RESULTS

     Condition Number for the Information Matrix              0.774E-04
       (ratio of smallest to largest eigenvalue)


     Beginning Time:  21:21:32
        Ending Time:  21:21:34
       Elapsed Time:  00:00:02



MUTHEN & MUTHEN
3463 Stoner Ave.
Los Angeles, CA  90066

Tel: (310) 391-9971
Fax: (310) 391-8971
Web: www.StatModel.com
Support: Support@StatModel.com

Copyright (c) 1998-2019 Muthen & Muthen
