Mplus VERSION 8.3
MUTHEN & MUTHEN
04/23/2024   9:38 PM

INPUT INSTRUCTIONS


  TITLE: Test with 10 reps

  DATA:
  File is
  G1_B2_N2_rep291.csv;

  VARIABLE:
      Names are x1 x2 eta
  	y1 y2 y3 y4 y5 y6 y7 y8 y9 y10;
      Usevariables are y1-y10 x1 x2;
      constraint = x1 x2;

  MODEL:
      f BY y1* (l1);
      f BY y2* (l2);
      f BY y3* (l3);
      f BY y4* (l4);
      f BY y5* (l5);
      f BY y6* (l6);
      f BY y7* (l7);
      f BY y8* (l8);
      f BY y9* (l9);
      f BY y10* (l10);

  y10 ON x1 x2;
  f@1;
  [f@0];

  MODEL CONSTRAINT:
      new (l10_0 l10_1 l10_2);
      l10 = l10_0 + l10_1*x1 + l10_2*x2;




INPUT READING TERMINATED NORMALLY



Test with 10 reps

SUMMARY OF ANALYSIS

Number of groups                                                 1
Number of observations                                         500

Number of dependent variables                                   10
Number of independent variables                                  2
Number of continuous latent variables                            1

Observed dependent variables

  Continuous
   Y1          Y2          Y3          Y4          Y5          Y6
   Y7          Y8          Y9          Y10

Observed independent variables
   X1          X2

Continuous latent variables
   F


Estimator                                                       ML
Information matrix                                        OBSERVED
Maximum number of iterations                                  1000
Convergence criterion                                    0.500D-04
Maximum number of steepest descent iterations                   20

Input data file(s)
  G1_B2_N2_rep291.csv

Input data format  FREE



UNIVARIATE SAMPLE STATISTICS


     UNIVARIATE HIGHER-ORDER MOMENT DESCRIPTIVE STATISTICS

         Variable/         Mean/     Skewness/   Minimum/ % with                Percentiles
        Sample Size      Variance    Kurtosis    Maximum  Min/Max      20%/60%    40%/80%    Median

     Y1                    1.864       0.559       1.000   32.00%       1.000      2.000      2.000
             500.000       0.526       0.307       5.000    0.20%       2.000      2.000
     Y2                    1.866       0.738       1.000   31.20%       1.000      2.000      2.000
             500.000       0.532       1.062       5.000    0.40%       2.000      2.000
     Y3                    3.170      -0.068       1.000    0.60%       3.000      3.000      3.000
             500.000       0.569      -0.362       5.000    2.20%       3.000      4.000
     Y4                    3.126      -0.085       1.000    0.80%       3.000      3.000      3.000
             500.000       0.546      -0.267       5.000    1.60%       3.000      4.000
     Y5                    3.164      -0.073       1.000    1.20%       3.000      3.000      3.000
             500.000       0.557       0.123       5.000    2.60%       3.000      4.000
     Y6                    1.190       2.298       1.000   83.20%       1.000      1.000      1.000
             500.000       0.198       4.661       3.000    2.20%       1.000      1.000
     Y7                    1.190       2.602       1.000   83.00%       1.000      1.000      1.000
             500.000       0.202       7.930       4.000    0.40%       1.000      1.000
     Y8                    1.188       2.233       1.000   83.00%       1.000      1.000      1.000
             500.000       0.189       4.338       3.000    1.80%       1.000      1.000
     Y9                    1.892       0.756       1.000   30.00%       1.000      2.000      2.000
             500.000       0.556       0.852       5.000    0.20%       2.000      2.000
     Y10                   1.866       0.804       1.000   33.80%       1.000      2.000      2.000
             500.000       0.600       0.959       5.000    0.60%       2.000      2.000
     X1                    0.045      -0.004      -2.890    0.20%      -0.887     -0.209      0.099
             500.000       1.149      -0.035       3.743    0.20%       0.314      0.937
     X2                    0.458       0.169       0.000   54.20%       0.000      0.000      0.000
             500.000       0.248      -1.972       1.000   45.80%       1.000      1.000


THE MODEL ESTIMATION TERMINATED NORMALLY



MODEL FIT INFORMATION

Number of Free Parameters                       34

Loglikelihood

          H0 Value                       -4145.214

Information Criteria

          Akaike (AIC)                    8358.428
          Bayesian (BIC)                  8501.725
          Sample-Size Adjusted BIC        8393.807
            (n* = (n + 2) / 24)



MODEL RESULTS

                                                    Two-Tailed
                    Estimate       S.E.  Est./S.E.    P-Value

 F        BY
    Y1                 0.470      0.031     15.247      0.000
    Y2                 0.436      0.032     13.764      0.000
    Y3                 0.463      0.033     14.209      0.000
    Y4                 0.508      0.031     16.432      0.000
    Y5                 0.482      0.032     15.153      0.000
    Y6                 0.235      0.020     11.852      0.000
    Y7                 0.228      0.020     11.331      0.000
    Y8                 0.221      0.019     11.378      0.000
    Y9                 0.491      0.032     15.524      0.000
    Y10              999.000      0.000    999.000    999.000

 Y10      ON
    X1                -0.015      0.026     -0.574      0.566
    X2                 0.029      0.055      0.527      0.598

 Means
    F                  0.000      0.000    999.000    999.000

 Intercepts
    Y1                 1.864      0.032     57.497      0.000
    Y2                 1.866      0.033     57.204      0.000
    Y3                 3.170      0.034     93.962      0.000
    Y4                 3.126      0.033     94.587      0.000
    Y5                 3.164      0.033     94.788      0.000
    Y6                 1.190      0.020     59.815      0.000
    Y7                 1.190      0.020     59.219      0.000
    Y8                 1.188      0.019     61.160      0.000
    Y9                 1.892      0.033     56.720      0.000
    Y10                1.849      0.044     41.552      0.000

 Variances
    F                  1.000      0.000    999.000    999.000

 Residual Variances
    Y1                 0.305      0.022     13.936      0.000
    Y2                 0.342      0.024     14.355      0.000
    Y3                 0.355      0.025     14.256      0.000
    Y4                 0.288      0.021     13.456      0.000
    Y5                 0.325      0.023     13.936      0.000
    Y6                 0.143      0.010     14.804      0.000
    Y7                 0.150      0.010     14.907      0.000
    Y8                 0.140      0.009     14.908      0.000
    Y9                 0.316      0.023     13.827      0.000
    Y10                0.320      0.024     13.409      0.000

New/Additional Parameters
    L10_0              0.560      0.047     11.861      0.000
    L10_1              0.037      0.027      1.376      0.169
    L10_2             -0.075      0.059     -1.283      0.199


QUALITY OF NUMERICAL RESULTS

     Condition Number for the Information Matrix              0.857E-04
       (ratio of smallest to largest eigenvalue)


     Beginning Time:  21:38:54
        Ending Time:  21:38:55
       Elapsed Time:  00:00:01



MUTHEN & MUTHEN
3463 Stoner Ave.
Los Angeles, CA  90066

Tel: (310) 391-9971
Fax: (310) 391-8971
Web: www.StatModel.com
Support: Support@StatModel.com

Copyright (c) 1998-2019 Muthen & Muthen
