Mplus VERSION 8.3
MUTHEN & MUTHEN
04/23/2024   9:14 PM

INPUT INSTRUCTIONS


  TITLE: Test with 10 reps

  DATA:
  File is
  G1_B2_N2_rep218.csv;

  VARIABLE:
      Names are x1 x2 eta
  	y1 y2 y3 y4 y5 y6 y7 y8 y9 y10;
      Usevariables are y1-y10 x1 x2;
      constraint = x1 x2;

  MODEL:
      f BY y1* (l1);
      f BY y2* (l2);
      f BY y3* (l3);
      f BY y4* (l4);
      f BY y5* (l5);
      f BY y6* (l6);
      f BY y7* (l7);
      f BY y8* (l8);
      f BY y9* (l9);
      f BY y10* (l10);

  y8 ON x1 x2;
  f@1;
  [f@0];

  MODEL CONSTRAINT:
      new (l8_0 l8_1 l8_2);
      l8 = l8_0 + l8_1*x1 + l8_2*x2;




INPUT READING TERMINATED NORMALLY



Test with 10 reps

SUMMARY OF ANALYSIS

Number of groups                                                 1
Number of observations                                         500

Number of dependent variables                                   10
Number of independent variables                                  2
Number of continuous latent variables                            1

Observed dependent variables

  Continuous
   Y1          Y2          Y3          Y4          Y5          Y6
   Y7          Y8          Y9          Y10

Observed independent variables
   X1          X2

Continuous latent variables
   F


Estimator                                                       ML
Information matrix                                        OBSERVED
Maximum number of iterations                                  1000
Convergence criterion                                    0.500D-04
Maximum number of steepest descent iterations                   20

Input data file(s)
  G1_B2_N2_rep218.csv

Input data format  FREE



UNIVARIATE SAMPLE STATISTICS


     UNIVARIATE HIGHER-ORDER MOMENT DESCRIPTIVE STATISTICS

         Variable/         Mean/     Skewness/   Minimum/ % with                Percentiles
        Sample Size      Variance    Kurtosis    Maximum  Min/Max      20%/60%    40%/80%    Median

     Y1                    1.824       0.882       1.000   36.60%       1.000      2.000      2.000
             500.000       0.601       1.099       5.000    0.60%       2.000      2.000
     Y2                    1.808       0.729       1.000   34.40%       1.000      2.000      2.000
             500.000       0.507       0.859       5.000    0.20%       2.000      2.000
     Y3                    3.108       0.087       1.000    1.00%       3.000      3.000      3.000
             500.000       0.552       0.166       5.000    2.80%       3.000      4.000
     Y4                    3.084      -0.015       1.000    0.80%       2.000      3.000      3.000
             500.000       0.545      -0.243       5.000    1.60%       3.000      4.000
     Y5                    3.064       0.061       1.000    0.60%       2.000      3.000      3.000
             500.000       0.524      -0.183       5.000    1.60%       3.000      4.000
     Y6                    1.124       3.085       1.000   88.20%       1.000      1.000      1.000
             500.000       0.125      11.741       4.000    0.20%       1.000      1.000
     Y7                    1.166       2.381       1.000   84.00%       1.000      1.000      1.000
             500.000       0.154       6.548       4.000    0.20%       1.000      1.000
     Y8                    1.134       2.796       1.000   87.00%       1.000      1.000      1.000
             500.000       0.128       9.638       4.000    0.20%       1.000      1.000
     Y9                    1.766       0.673       1.000   37.80%       1.000      2.000      2.000
             500.000       0.503       0.279       4.000    1.80%       2.000      2.000
     Y10                   1.866       0.665       1.000   30.40%       1.000      2.000      2.000
             500.000       0.508       0.812       5.000    0.20%       2.000      2.000
     X1                    0.014      -0.135      -3.740    0.20%      -0.848     -0.200      0.031
             500.000       1.114       0.449       3.043    0.20%       0.280      0.916
     X2                    0.498       0.008       0.000   50.20%       0.000      0.000      0.000
             500.000       0.250      -2.000       1.000   49.80%       1.000      1.000


THE MODEL ESTIMATION TERMINATED NORMALLY



MODEL FIT INFORMATION

Number of Free Parameters                       34

Loglikelihood

          H0 Value                       -3835.920

Information Criteria

          Akaike (AIC)                    7739.840
          Bayesian (BIC)                  7883.136
          Sample-Size Adjusted BIC        7775.218
            (n* = (n + 2) / 24)



MODEL RESULTS

                                                    Two-Tailed
                    Estimate       S.E.  Est./S.E.    P-Value

 F        BY
    Y1                 0.540      0.032     16.695      0.000
    Y2                 0.453      0.031     14.837      0.000
    Y3                 0.494      0.031     15.686      0.000
    Y4                 0.474      0.032     15.033      0.000
    Y5                 0.471      0.031     15.289      0.000
    Y6                 0.141      0.016      8.631      0.000
    Y7                 0.187      0.018     10.472      0.000
    Y8               999.000      0.000    999.000    999.000
    Y9                 0.442      0.031     14.454      0.000
    Y10                0.489      0.030     16.357      0.000

 Y8       ON
    X1                 0.022      0.014      1.491      0.136
    X2                 0.017      0.030      0.582      0.560

 Means
    F                  0.000      0.000    999.000    999.000

 Intercepts
    Y1                 1.824      0.035     52.610      0.000
    Y2                 1.808      0.032     56.770      0.000
    Y3                 3.108      0.033     93.512      0.000
    Y4                 3.084      0.033     93.417      0.000
    Y5                 3.064      0.032     94.656      0.000
    Y6                 1.124      0.016     71.195      0.000
    Y7                 1.166      0.018     66.344      0.000
    Y8                 1.118      0.022     51.131      0.000
    Y9                 1.766      0.032     55.666      0.000
    Y10                1.866      0.032     58.539      0.000

 Variances
    F                  1.000      0.000    999.000    999.000

 Residual Variances
    Y1                 0.310      0.023     13.309      0.000
    Y2                 0.302      0.022     13.998      0.000
    Y3                 0.309      0.023     13.695      0.000
    Y4                 0.320      0.023     13.942      0.000
    Y5                 0.302      0.022     13.834      0.000
    Y6                 0.105      0.007     15.310      0.000
    Y7                 0.120      0.008     15.028      0.000
    Y8                 0.107      0.007     15.178      0.000
    Y9                 0.308      0.022     14.133      0.000
    Y10                0.269      0.020     13.424      0.000

New/Additional Parameters
    L8_0               0.121      0.023      5.378      0.000
    L8_1               0.032      0.017      1.902      0.057
    L8_2               0.023      0.033      0.692      0.489


QUALITY OF NUMERICAL RESULTS

     Condition Number for the Information Matrix              0.463E-04
       (ratio of smallest to largest eigenvalue)


     Beginning Time:  21:14:20
        Ending Time:  21:14:21
       Elapsed Time:  00:00:01



MUTHEN & MUTHEN
3463 Stoner Ave.
Los Angeles, CA  90066

Tel: (310) 391-9971
Fax: (310) 391-8971
Web: www.StatModel.com
Support: Support@StatModel.com

Copyright (c) 1998-2019 Muthen & Muthen
