Mplus VERSION 8.3
MUTHEN & MUTHEN
04/23/2024   9:52 PM

INPUT INSTRUCTIONS


  TITLE: Test with 10 reps

  DATA:
  File is
  G1_B2_N2_rep330.csv;

  VARIABLE:
      Names are x1 x2 eta
  	y1 y2 y3 y4 y5 y6 y7 y8 y9 y10;
      Usevariables are y1-y10 x1 x2;
      constraint = x1 x2;

  MODEL:
      f BY y1* (l1);
      f BY y2* (l2);
      f BY y3* (l3);
      f BY y4* (l4);
      f BY y5* (l5);
      f BY y6* (l6);
      f BY y7* (l7);
      f BY y8* (l8);
      f BY y9* (l9);
      f BY y10* (l10);

  y8 ON x1 x2;
  f@1;
  [f@0];

  MODEL CONSTRAINT:
      new (l8_0 l8_1 l8_2);
      l8 = l8_0 + l8_1*x1 + l8_2*x2;




INPUT READING TERMINATED NORMALLY



Test with 10 reps

SUMMARY OF ANALYSIS

Number of groups                                                 1
Number of observations                                         500

Number of dependent variables                                   10
Number of independent variables                                  2
Number of continuous latent variables                            1

Observed dependent variables

  Continuous
   Y1          Y2          Y3          Y4          Y5          Y6
   Y7          Y8          Y9          Y10

Observed independent variables
   X1          X2

Continuous latent variables
   F


Estimator                                                       ML
Information matrix                                        OBSERVED
Maximum number of iterations                                  1000
Convergence criterion                                    0.500D-04
Maximum number of steepest descent iterations                   20

Input data file(s)
  G1_B2_N2_rep330.csv

Input data format  FREE



UNIVARIATE SAMPLE STATISTICS


     UNIVARIATE HIGHER-ORDER MOMENT DESCRIPTIVE STATISTICS

         Variable/         Mean/     Skewness/   Minimum/ % with                Percentiles
        Sample Size      Variance    Kurtosis    Maximum  Min/Max      20%/60%    40%/80%    Median

     Y1                    1.830       0.887       1.000   36.60%       1.000      2.000      2.000
             500.000       0.609       1.211       5.000    0.80%       2.000      2.000
     Y2                    1.834       0.928       1.000   33.20%       1.000      2.000      2.000
             500.000       0.546       1.701       5.000    0.60%       2.000      2.000
     Y3                    3.090      -0.043       1.000    1.40%       3.000      3.000      3.000
             500.000       0.578      -0.016       5.000    2.20%       3.000      4.000
     Y4                    3.160      -0.030       1.000    1.40%       3.000      3.000      3.000
             500.000       0.550       0.389       5.000    3.00%       3.000      4.000
     Y5                    3.104      -0.101       1.000    0.80%       3.000      3.000      3.000
             500.000       0.533      -0.307       5.000    1.20%       3.000      4.000
     Y6                    1.186       2.623       1.000   83.20%       1.000      1.000      1.000
             500.000       0.195       8.202       4.000    0.40%       1.000      1.000
     Y7                    1.134       2.884       1.000   88.00%       1.000      1.000      1.000
             500.000       0.144       8.068       3.000    1.40%       1.000      1.000
     Y8                    1.150       2.551       1.000   86.20%       1.000      1.000      1.000
             500.000       0.152       6.009       3.000    1.20%       1.000      1.000
     Y9                    1.872       0.638       1.000   31.00%       1.000      2.000      2.000
             500.000       0.528       0.596       5.000    0.20%       2.000      2.000
     Y10                   1.860       0.724       1.000   31.20%       1.000      2.000      2.000
             500.000       0.524       0.883       5.000    0.20%       2.000      2.000
     X1                    0.039      -0.016      -2.923    0.20%      -0.802     -0.197      0.033
             500.000       0.982      -0.202       2.535    0.20%       0.281      0.911
     X2                    0.516      -0.064       0.000   48.40%       0.000      0.000      1.000
             500.000       0.250      -1.996       1.000   51.60%       1.000      1.000


THE MODEL ESTIMATION TERMINATED NORMALLY



MODEL FIT INFORMATION

Number of Free Parameters                       34

Loglikelihood

          H0 Value                       -4057.427

Information Criteria

          Akaike (AIC)                    8182.853
          Bayesian (BIC)                  8326.150
          Sample-Size Adjusted BIC        8218.232
            (n* = (n + 2) / 24)



MODEL RESULTS

                                                    Two-Tailed
                    Estimate       S.E.  Est./S.E.    P-Value

 F        BY
    Y1                 0.499      0.034     14.828      0.000
    Y2                 0.430      0.033     13.213      0.000
    Y3                 0.500      0.033     15.359      0.000
    Y4                 0.491      0.032     15.509      0.000
    Y5                 0.428      0.032     13.327      0.000
    Y6                 0.226      0.020     11.312      0.000
    Y7                 0.190      0.017     11.062      0.000
    Y8               999.000      0.000    999.000    999.000
    Y9                 0.469      0.031     15.009      0.000
    Y10                0.415      0.032     12.947      0.000

 Y8       ON
    X1                 0.017      0.016      1.102      0.271
    X2                 0.013      0.031      0.403      0.687

 Means
    F                  0.000      0.000    999.000    999.000

 Intercepts
    Y1                 1.830      0.035     52.431      0.000
    Y2                 1.834      0.033     55.477      0.000
    Y3                 3.090      0.034     90.890      0.000
    Y4                 3.160      0.033     95.243      0.000
    Y5                 3.104      0.033     95.053      0.000
    Y6                 1.186      0.020     59.993      0.000
    Y7                 1.134      0.017     66.811      0.000
    Y8                 1.120      0.023     49.274      0.000
    Y9                 1.872      0.032     57.628      0.000
    Y10                1.860      0.032     57.434      0.000

 Variances
    F                  1.000      0.000    999.000    999.000

 Residual Variances
    Y1                 0.360      0.026     13.806      0.000
    Y2                 0.361      0.025     14.336      0.000
    Y3                 0.328      0.024     13.589      0.000
    Y4                 0.310      0.023     13.585      0.000
    Y5                 0.350      0.024     14.279      0.000
    Y6                 0.144      0.010     14.793      0.000
    Y7                 0.108      0.007     14.847      0.000
    Y8                 0.103      0.007     14.293      0.000
    Y9                 0.308      0.022     13.754      0.000
    Y10                0.353      0.024     14.403      0.000

New/Additional Parameters
    L8_0               0.135      0.025      5.362      0.000
    L8_1               0.052      0.016      3.282      0.001
    L8_2               0.108      0.033      3.243      0.001


QUALITY OF NUMERICAL RESULTS

     Condition Number for the Information Matrix              0.491E-04
       (ratio of smallest to largest eigenvalue)


     Beginning Time:  21:52:22
        Ending Time:  21:52:23
       Elapsed Time:  00:00:01



MUTHEN & MUTHEN
3463 Stoner Ave.
Los Angeles, CA  90066

Tel: (310) 391-9971
Fax: (310) 391-8971
Web: www.StatModel.com
Support: Support@StatModel.com

Copyright (c) 1998-2019 Muthen & Muthen
