Mplus VERSION 8.3
MUTHEN & MUTHEN
04/23/2024   9:44 PM

INPUT INSTRUCTIONS


  TITLE: Test with 10 reps

  DATA:
  File is
  G1_B2_N2_rep309.csv;

  VARIABLE:
      Names are x1 x2 eta
  	y1 y2 y3 y4 y5 y6 y7 y8 y9 y10;
      Usevariables are y1-y10 x1 x2;
      constraint = x1 x2;

  MODEL:
      f BY y1* (l1);
      f BY y2* (l2);
      f BY y3* (l3);
      f BY y4* (l4);
      f BY y5* (l5);
      f BY y6* (l6);
      f BY y7* (l7);
      f BY y8* (l8);
      f BY y9* (l9);
      f BY y10* (l10);

  y10 ON x1 x2;
  f@1;
  [f@0];

  MODEL CONSTRAINT:
      new (l10_0 l10_1 l10_2);
      l10 = l10_0 + l10_1*x1 + l10_2*x2;




INPUT READING TERMINATED NORMALLY



Test with 10 reps

SUMMARY OF ANALYSIS

Number of groups                                                 1
Number of observations                                         500

Number of dependent variables                                   10
Number of independent variables                                  2
Number of continuous latent variables                            1

Observed dependent variables

  Continuous
   Y1          Y2          Y3          Y4          Y5          Y6
   Y7          Y8          Y9          Y10

Observed independent variables
   X1          X2

Continuous latent variables
   F


Estimator                                                       ML
Information matrix                                        OBSERVED
Maximum number of iterations                                  1000
Convergence criterion                                    0.500D-04
Maximum number of steepest descent iterations                   20

Input data file(s)
  G1_B2_N2_rep309.csv

Input data format  FREE



UNIVARIATE SAMPLE STATISTICS


     UNIVARIATE HIGHER-ORDER MOMENT DESCRIPTIVE STATISTICS

         Variable/         Mean/     Skewness/   Minimum/ % with                Percentiles
        Sample Size      Variance    Kurtosis    Maximum  Min/Max      20%/60%    40%/80%    Median

     Y1                    1.798       0.849       1.000   36.20%       1.000      2.000      2.000
             500.000       0.541       1.183       5.000    0.40%       2.000      2.000
     Y2                    1.770       0.895       1.000   40.20%       1.000      1.000      2.000
             500.000       0.589       0.759       5.000    0.20%       2.000      2.000
     Y3                    3.072      -0.151       1.000    1.60%       2.000      3.000      3.000
             500.000       0.607      -0.356       5.000    1.40%       3.000      4.000
     Y4                    3.054       0.010       1.000    1.80%       2.000      3.000      3.000
             500.000       0.599       0.116       5.000    2.60%       3.000      4.000
     Y5                    3.042      -0.015       1.000    1.60%       2.000      3.000      3.000
             500.000       0.576       0.027       5.000    2.00%       3.000      4.000
     Y6                    1.160       2.337       1.000   85.00%       1.000      1.000      1.000
             500.000       0.154       4.755       3.000    1.00%       1.000      1.000
     Y7                    1.150       2.476       1.000   86.00%       1.000      1.000      1.000
             500.000       0.148       5.523       3.000    1.00%       1.000      1.000
     Y8                    1.148       2.421       1.000   86.00%       1.000      1.000      1.000
             500.000       0.142       5.126       3.000    0.80%       1.000      1.000
     Y9                    1.778       0.744       1.000   37.20%       1.000      2.000      2.000
             500.000       0.521       0.504       4.000    2.40%       2.000      2.000
     Y10                   1.822       0.686       1.000   35.00%       1.000      2.000      2.000
             500.000       0.538       0.519       5.000    0.20%       2.000      2.000
     X1                    0.026       0.044      -2.626    0.20%      -0.849     -0.267      0.050
             500.000       0.980      -0.186       3.197    0.20%       0.258      0.886
     X2                    0.504      -0.016       0.000   49.60%       0.000      0.000      1.000
             500.000       0.250      -2.000       1.000   50.40%       1.000      1.000


THE MODEL ESTIMATION TERMINATED NORMALLY



MODEL FIT INFORMATION

Number of Free Parameters                       34

Loglikelihood

          H0 Value                       -4067.617

Information Criteria

          Akaike (AIC)                    8203.235
          Bayesian (BIC)                  8346.532
          Sample-Size Adjusted BIC        8238.613
            (n* = (n + 2) / 24)



MODEL RESULTS

                                                    Two-Tailed
                    Estimate       S.E.  Est./S.E.    P-Value

 F        BY
    Y1                 0.427      0.032     13.132      0.000
    Y2                 0.476      0.033     14.226      0.000
    Y3                 0.491      0.034     14.527      0.000
    Y4                 0.496      0.033     14.847      0.000
    Y5                 0.480      0.033     14.602      0.000
    Y6                 0.195      0.018     10.922      0.000
    Y7                 0.180      0.018     10.243      0.000
    Y8                 0.173      0.017      9.960      0.000
    Y9                 0.481      0.031     15.612      0.000
    Y10              999.000      0.000    999.000    999.000

 Y10      ON
    X1                -0.014      0.029     -0.484      0.628
    X2                -0.024      0.056     -0.425      0.671

 Means
    F                  0.000      0.000    999.000    999.000

 Intercepts
    Y1                 1.798      0.033     54.651      0.000
    Y2                 1.770      0.034     51.566      0.000
    Y3                 3.072      0.035     88.182      0.000
    Y4                 3.054      0.035     88.229      0.000
    Y5                 3.042      0.034     89.607      0.000
    Y6                 1.160      0.018     66.011      0.000
    Y7                 1.150      0.017     66.956      0.000
    Y8                 1.148      0.017     68.098      0.000
    Y9                 1.778      0.032     55.096      0.000
    Y10                1.825      0.044     41.457      0.000

 Variances
    F                  1.000      0.000    999.000    999.000

 Residual Variances
    Y1                 0.359      0.025     14.315      0.000
    Y2                 0.363      0.026     13.946      0.000
    Y3                 0.366      0.026     13.819      0.000
    Y4                 0.353      0.026     13.746      0.000
    Y5                 0.346      0.025     13.819      0.000
    Y6                 0.116      0.008     14.824      0.000
    Y7                 0.115      0.008     14.972      0.000
    Y8                 0.112      0.007     15.009      0.000
    Y9                 0.289      0.022     13.434      0.000
    Y10                0.341      0.024     14.054      0.000

New/Additional Parameters
    L10_0              0.447      0.046      9.749      0.000
    L10_1              0.042      0.030      1.422      0.155
    L10_2             -0.009      0.060     -0.145      0.885


QUALITY OF NUMERICAL RESULTS

     Condition Number for the Information Matrix              0.545E-04
       (ratio of smallest to largest eigenvalue)


     Beginning Time:  21:44:55
        Ending Time:  21:44:56
       Elapsed Time:  00:00:01



MUTHEN & MUTHEN
3463 Stoner Ave.
Los Angeles, CA  90066

Tel: (310) 391-9971
Fax: (310) 391-8971
Web: www.StatModel.com
Support: Support@StatModel.com

Copyright (c) 1998-2019 Muthen & Muthen
