Mplus VERSION 8.3
MUTHEN & MUTHEN
04/23/2024  10:08 PM

INPUT INSTRUCTIONS


  TITLE: Test with 10 reps

  DATA:
  File is
  G1_B2_N2_rep379.csv;

  VARIABLE:
      Names are x1 x2 eta
  	y1 y2 y3 y4 y5 y6 y7 y8 y9 y10;
      Usevariables are y1-y10 x1 x2;
      constraint = x1 x2;

  MODEL:
      f BY y1* (l1);
      f BY y2* (l2);
      f BY y3* (l3);
      f BY y4* (l4);
      f BY y5* (l5);
      f BY y6* (l6);
      f BY y7* (l7);
      f BY y8* (l8);
      f BY y9* (l9);
      f BY y10* (l10);

  y1 ON x1 x2;
  f@1;
  [f@0];

  MODEL CONSTRAINT:
      new (l1_0 l1_1 l1_2);
      l1 = l1_0 + l1_1*x1 + l1_2*x2;




INPUT READING TERMINATED NORMALLY



Test with 10 reps

SUMMARY OF ANALYSIS

Number of groups                                                 1
Number of observations                                         500

Number of dependent variables                                   10
Number of independent variables                                  2
Number of continuous latent variables                            1

Observed dependent variables

  Continuous
   Y1          Y2          Y3          Y4          Y5          Y6
   Y7          Y8          Y9          Y10

Observed independent variables
   X1          X2

Continuous latent variables
   F


Estimator                                                       ML
Information matrix                                        OBSERVED
Maximum number of iterations                                  1000
Convergence criterion                                    0.500D-04
Maximum number of steepest descent iterations                   20

Input data file(s)
  G1_B2_N2_rep379.csv

Input data format  FREE



UNIVARIATE SAMPLE STATISTICS


     UNIVARIATE HIGHER-ORDER MOMENT DESCRIPTIVE STATISTICS

         Variable/         Mean/     Skewness/   Minimum/ % with                Percentiles
        Sample Size      Variance    Kurtosis    Maximum  Min/Max      20%/60%    40%/80%    Median

     Y1                    1.842       0.714       1.000   35.00%       1.000      2.000      2.000
             500.000       0.573       0.615       5.000    0.40%       2.000      2.000
     Y2                    1.848       1.035       1.000   35.00%       1.000      2.000      2.000
             500.000       0.637       1.563       5.000    0.80%       2.000      2.000
     Y3                    3.114       0.060       1.000    1.00%       3.000      3.000      3.000
             500.000       0.569       0.032       5.000    2.80%       3.000      4.000
     Y4                    3.120      -0.017       1.000    1.40%       3.000      3.000      3.000
             500.000       0.618      -0.089       5.000    3.00%       3.000      4.000
     Y5                    3.110       0.114       1.000    0.60%       2.000      3.000      3.000
             500.000       0.630      -0.411       5.000    3.20%       3.000      4.000
     Y6                    1.198       2.558       1.000   82.60%       1.000      1.000      1.000
             500.000       0.215       7.409       4.000    0.40%       1.000      1.000
     Y7                    1.190       2.537       1.000   82.60%       1.000      1.000      1.000
             500.000       0.194       7.800       4.000    0.40%       1.000      1.000
     Y8                    1.190       2.818       1.000   82.40%       1.000      1.000      1.000
             500.000       0.194      12.422       5.000    0.20%       1.000      1.000
     Y9                    1.870       0.709       1.000   35.40%       1.000      2.000      2.000
             500.000       0.637       0.214       5.000    0.20%       2.000      2.000
     Y10                   1.832       0.854       1.000   35.80%       1.000      2.000      2.000
             500.000       0.588       1.256       5.000    0.80%       2.000      2.000
     X1                   -0.045       0.018      -2.992    0.20%      -0.841     -0.302     -0.026
             500.000       0.926       0.247       3.450    0.20%       0.230      0.690
     X2                    0.520      -0.080       0.000   48.00%       0.000      0.000      1.000
             500.000       0.250      -1.994       1.000   52.00%       1.000      1.000


THE MODEL ESTIMATION TERMINATED NORMALLY



MODEL FIT INFORMATION

Number of Free Parameters                       34

Loglikelihood

          H0 Value                       -4331.801

Information Criteria

          Akaike (AIC)                    8731.602
          Bayesian (BIC)                  8874.899
          Sample-Size Adjusted BIC        8766.981
            (n* = (n + 2) / 24)



MODEL RESULTS

                                                    Two-Tailed
                    Estimate       S.E.  Est./S.E.    P-Value

 F        BY
    Y1               999.000      0.000    999.000    999.000
    Y2                 0.515      0.034     15.113      0.000
    Y3                 0.493      0.032     15.362      0.000
    Y4                 0.494      0.034     14.607      0.000
    Y5                 0.509      0.034     14.993      0.000
    Y6                 0.233      0.021     11.141      0.000
    Y7                 0.246      0.019     12.625      0.000
    Y8                 0.230      0.020     11.676      0.000
    Y9                 0.500      0.034     14.557      0.000
    Y10                0.498      0.033     15.264      0.000

 Y1       ON
    X1                -0.009      0.029     -0.320      0.749
    X2                -0.046      0.057     -0.806      0.420

 Means
    F                  0.000      0.000    999.000    999.000

 Intercepts
    Y1                 1.873      0.048     39.362      0.000
    Y2                 1.848      0.036     51.779      0.000
    Y3                 3.114      0.034     92.310      0.000
    Y4                 3.120      0.035     88.774      0.000
    Y5                 3.110      0.035     87.621      0.000
    Y6                 1.198      0.021     57.800      0.000
    Y7                 1.190      0.020     60.429      0.000
    Y8                 1.190      0.020     60.429      0.000
    Y9                 1.870      0.036     52.387      0.000
    Y10                1.832      0.034     53.432      0.000

 Variances
    F                  1.000      0.000    999.000    999.000

 Residual Variances
    Y1                 0.337      0.024     13.953      0.000
    Y2                 0.371      0.027     13.891      0.000
    Y3                 0.326      0.024     13.829      0.000
    Y4                 0.374      0.027     14.062      0.000
    Y5                 0.371      0.027     13.969      0.000
    Y6                 0.161      0.011     14.884      0.000
    Y7                 0.133      0.009     14.555      0.000
    Y8                 0.141      0.010     14.797      0.000
    Y9                 0.387      0.027     14.103      0.000
    Y10                0.339      0.024     13.871      0.000

New/Additional Parameters
    L1_0               0.554      0.049     11.346      0.000
    L1_1               0.027      0.025      1.071      0.284
    L1_2              -0.131      0.061     -2.153      0.031


QUALITY OF NUMERICAL RESULTS

     Condition Number for the Information Matrix              0.806E-04
       (ratio of smallest to largest eigenvalue)


     Beginning Time:  22:08:37
        Ending Time:  22:08:39
       Elapsed Time:  00:00:02



MUTHEN & MUTHEN
3463 Stoner Ave.
Los Angeles, CA  90066

Tel: (310) 391-9971
Fax: (310) 391-8971
Web: www.StatModel.com
Support: Support@StatModel.com

Copyright (c) 1998-2019 Muthen & Muthen
