Mplus VERSION 8.3
MUTHEN & MUTHEN
04/23/2024   9:42 PM

INPUT INSTRUCTIONS


  TITLE: Test with 10 reps

  DATA:
  File is
  G1_B2_N2_rep300.csv;

  VARIABLE:
      Names are x1 x2 eta
  	y1 y2 y3 y4 y5 y6 y7 y8 y9 y10;
      Usevariables are y1-y10 x1 x2;
      constraint = x1 x2;

  MODEL:
      f BY y1* (l1);
      f BY y2* (l2);
      f BY y3* (l3);
      f BY y4* (l4);
      f BY y5* (l5);
      f BY y6* (l6);
      f BY y7* (l7);
      f BY y8* (l8);
      f BY y9* (l9);
      f BY y10* (l10);

  y10 ON x1 x2;
  f@1;
  [f@0];

  MODEL CONSTRAINT:
      new (l10_0 l10_1 l10_2);
      l10 = l10_0 + l10_1*x1 + l10_2*x2;




INPUT READING TERMINATED NORMALLY



Test with 10 reps

SUMMARY OF ANALYSIS

Number of groups                                                 1
Number of observations                                         500

Number of dependent variables                                   10
Number of independent variables                                  2
Number of continuous latent variables                            1

Observed dependent variables

  Continuous
   Y1          Y2          Y3          Y4          Y5          Y6
   Y7          Y8          Y9          Y10

Observed independent variables
   X1          X2

Continuous latent variables
   F


Estimator                                                       ML
Information matrix                                        OBSERVED
Maximum number of iterations                                  1000
Convergence criterion                                    0.500D-04
Maximum number of steepest descent iterations                   20

Input data file(s)
  G1_B2_N2_rep300.csv

Input data format  FREE



UNIVARIATE SAMPLE STATISTICS


     UNIVARIATE HIGHER-ORDER MOMENT DESCRIPTIVE STATISTICS

         Variable/         Mean/     Skewness/   Minimum/ % with                Percentiles
        Sample Size      Variance    Kurtosis    Maximum  Min/Max      20%/60%    40%/80%    Median

     Y1                    1.826       0.847       1.000   34.40%       1.000      2.000      2.000
             500.000       0.552       1.187       5.000    0.40%       2.000      2.000
     Y2                    1.842       0.623       1.000   33.60%       1.000      2.000      2.000
             500.000       0.533       0.403       5.000    0.20%       2.000      2.000
     Y3                    3.098      -0.006       1.000    1.00%       2.000      3.000      3.000
             500.000       0.584      -0.232       5.000    2.20%       3.000      4.000
     Y4                    3.104      -0.077       1.000    1.40%       2.000      3.000      3.000
             500.000       0.597      -0.151       5.000    2.20%       3.000      4.000
     Y5                    3.124       0.031       1.000    1.20%       2.000      3.000      3.000
             500.000       0.641      -0.220       5.000    3.40%       3.000      4.000
     Y6                    1.200       2.054       1.000   81.60%       1.000      1.000      1.000
             500.000       0.192       3.458       3.000    1.60%       1.000      1.000
     Y7                    1.194       2.607       1.000   83.00%       1.000      1.000      1.000
             500.000       0.212       7.703       4.000    0.40%       1.000      1.000
     Y8                    1.168       2.235       1.000   84.20%       1.000      1.000      1.000
             500.000       0.160       4.217       3.000    1.00%       1.000      1.000
     Y9                    1.826       1.061       1.000   36.00%       1.000      2.000      2.000
             500.000       0.616       1.880       5.000    1.00%       2.000      2.000
     Y10                   1.786       0.831       1.000   37.60%       1.000      2.000      2.000
             500.000       0.556       0.641       4.000    3.20%       2.000      2.000
     X1                    0.028       0.101      -2.717    0.20%      -0.798     -0.250      0.010
             500.000       0.945      -0.027       3.422    0.20%       0.286      0.837
     X2                    0.464       0.144       0.000   53.60%       0.000      0.000      0.000
             500.000       0.249      -1.979       1.000   46.40%       1.000      1.000


THE MODEL ESTIMATION TERMINATED NORMALLY



MODEL FIT INFORMATION

Number of Free Parameters                       34

Loglikelihood

          H0 Value                       -4273.846

Information Criteria

          Akaike (AIC)                    8615.693
          Bayesian (BIC)                  8758.989
          Sample-Size Adjusted BIC        8651.071
            (n* = (n + 2) / 24)



MODEL RESULTS

                                                    Two-Tailed
                    Estimate       S.E.  Est./S.E.    P-Value

 F        BY
    Y1                 0.437      0.033     13.371      0.000
    Y2                 0.437      0.032     13.666      0.000
    Y3                 0.466      0.033     13.986      0.000
    Y4                 0.469      0.034     13.915      0.000
    Y5                 0.543      0.034     15.992      0.000
    Y6                 0.207      0.020     10.333      0.000
    Y7                 0.220      0.021     10.442      0.000
    Y8                 0.216      0.018     12.061      0.000
    Y9                 0.501      0.034     14.795      0.000
    Y10              999.000      0.000    999.000    999.000

 Y10      ON
    X1                -0.029      0.029     -1.005      0.315
    X2                 0.028      0.055      0.509      0.611

 Means
    F                  0.000      0.000    999.000    999.000

 Intercepts
    Y1                 1.826      0.033     54.970      0.000
    Y2                 1.842      0.033     56.415      0.000
    Y3                 3.098      0.034     90.618      0.000
    Y4                 3.104      0.035     89.816      0.000
    Y5                 3.124      0.036     87.276      0.000
    Y6                 1.200      0.020     61.237      0.000
    Y7                 1.194      0.021     57.936      0.000
    Y8                 1.168      0.018     65.339      0.000
    Y9                 1.826      0.035     52.035      0.000
    Y10                1.775      0.042     42.041      0.000

 Variances
    F                  1.000      0.000    999.000    999.000

 Residual Variances
    Y1                 0.361      0.025     14.284      0.000
    Y2                 0.342      0.024     14.179      0.000
    Y3                 0.367      0.026     14.088      0.000
    Y4                 0.377      0.027     14.112      0.000
    Y5                 0.346      0.026     13.319      0.000
    Y6                 0.149      0.010     14.975      0.000
    Y7                 0.164      0.011     14.943      0.000
    Y8                 0.113      0.008     14.585      0.000
    Y9                 0.365      0.026     13.790      0.000
    Y10                0.323      0.024     13.654      0.000

New/Additional Parameters
    L10_0              0.488      0.043     11.268      0.000
    L10_1             -0.005      0.029     -0.174      0.862
    L10_2             -0.003      0.059     -0.048      0.962


QUALITY OF NUMERICAL RESULTS

     Condition Number for the Information Matrix              0.579E-04
       (ratio of smallest to largest eigenvalue)


     Beginning Time:  21:42:13
        Ending Time:  21:42:14
       Elapsed Time:  00:00:01



MUTHEN & MUTHEN
3463 Stoner Ave.
Los Angeles, CA  90066

Tel: (310) 391-9971
Fax: (310) 391-8971
Web: www.StatModel.com
Support: Support@StatModel.com

Copyright (c) 1998-2019 Muthen & Muthen
