Mplus VERSION 8.3
MUTHEN & MUTHEN
04/23/2024  10:02 PM

INPUT INSTRUCTIONS


  TITLE: Test with 10 reps

  DATA:
  File is
  G1_B2_N2_rep36.csv;

  VARIABLE:
      Names are x1 x2 eta
  	y1 y2 y3 y4 y5 y6 y7 y8 y9 y10;
      Usevariables are y1-y10 x1 x2;
      constraint = x1 x2;

  MODEL:
      f BY y1* (l1);
      f BY y2* (l2);
      f BY y3* (l3);
      f BY y4* (l4);
      f BY y5* (l5);
      f BY y6* (l6);
      f BY y7* (l7);
      f BY y8* (l8);
      f BY y9* (l9);
      f BY y10* (l10);

  y1 ON x1 x2;
  f@1;
  [f@0];

  MODEL CONSTRAINT:
      new (l1_0 l1_1 l1_2);
      l1 = l1_0 + l1_1*x1 + l1_2*x2;




INPUT READING TERMINATED NORMALLY



Test with 10 reps

SUMMARY OF ANALYSIS

Number of groups                                                 1
Number of observations                                         500

Number of dependent variables                                   10
Number of independent variables                                  2
Number of continuous latent variables                            1

Observed dependent variables

  Continuous
   Y1          Y2          Y3          Y4          Y5          Y6
   Y7          Y8          Y9          Y10

Observed independent variables
   X1          X2

Continuous latent variables
   F


Estimator                                                       ML
Information matrix                                        OBSERVED
Maximum number of iterations                                  1000
Convergence criterion                                    0.500D-04
Maximum number of steepest descent iterations                   20

Input data file(s)
  G1_B2_N2_rep36.csv

Input data format  FREE



UNIVARIATE SAMPLE STATISTICS


     UNIVARIATE HIGHER-ORDER MOMENT DESCRIPTIVE STATISTICS

         Variable/         Mean/     Skewness/   Minimum/ % with                Percentiles
        Sample Size      Variance    Kurtosis    Maximum  Min/Max      20%/60%    40%/80%    Median

     Y1                    1.842       0.613       1.000   34.40%       1.000      2.000      2.000
             500.000       0.553       0.079       4.000    2.40%       2.000      2.000
     Y2                    1.948       0.785       1.000   31.00%       1.000      2.000      2.000
             500.000       0.677       0.750       5.000    0.80%       2.000      3.000
     Y3                    3.206       0.161       1.000    0.40%       3.000      3.000      3.000
             500.000       0.560      -0.029       5.000    4.00%       3.000      4.000
     Y4                    3.196       0.059       1.000    0.40%       3.000      3.000      3.000
             500.000       0.546      -0.157       5.000    3.00%       3.000      4.000
     Y5                    3.218      -0.120       1.000    1.00%       3.000      3.000      3.000
             500.000       0.582      -0.088       5.000    3.00%       3.000      4.000
     Y6                    1.194       2.484       1.000   83.20%       1.000      1.000      1.000
             500.000       0.212       6.313       4.000    0.20%       1.000      1.000
     Y7                    1.188       2.628       1.000   83.20%       1.000      1.000      1.000
             500.000       0.201       8.092       4.000    0.40%       1.000      1.000
     Y8                    1.188       2.183       1.000   82.80%       1.000      1.000      1.000
             500.000       0.185       4.078       3.000    1.60%       1.000      1.000
     Y9                    1.876       0.894       1.000   32.00%       1.000      2.000      2.000
             500.000       0.597       1.161       5.000    0.40%       2.000      2.000
     Y10                   1.930       1.054       1.000   30.80%       1.000      2.000      2.000
             500.000       0.689       1.706       5.000    1.40%       2.000      2.000
     X1                    0.009       0.193      -2.753    0.20%      -0.830     -0.288     -0.045
             500.000       0.968      -0.099       3.195    0.20%       0.222      0.847
     X2                    0.538      -0.152       0.000   46.20%       0.000      0.000      1.000
             500.000       0.249      -1.977       1.000   53.80%       1.000      1.000


THE MODEL ESTIMATION TERMINATED NORMALLY



MODEL FIT INFORMATION

Number of Free Parameters                       34

Loglikelihood

          H0 Value                       -4267.313

Information Criteria

          Akaike (AIC)                    8602.626
          Bayesian (BIC)                  8745.923
          Sample-Size Adjusted BIC        8638.004
            (n* = (n + 2) / 24)



MODEL RESULTS

                                                    Two-Tailed
                    Estimate       S.E.  Est./S.E.    P-Value

 F        BY
    Y1               999.000      0.000    999.000    999.000
    Y2                 0.526      0.035     14.985      0.000
    Y3                 0.457      0.032     14.157      0.000
    Y4                 0.457      0.032     14.411      0.000
    Y5                 0.454      0.033     13.713      0.000
    Y6                 0.237      0.021     11.544      0.000
    Y7                 0.243      0.020     12.283      0.000
    Y8                 0.229      0.019     12.005      0.000
    Y9                 0.539      0.032     16.833      0.000
    Y10                0.590      0.034     17.231      0.000

 Y1       ON
    X1                -0.017      0.027     -0.612      0.540
    X2                 0.055      0.055      0.993      0.321

 Means
    F                  0.000      0.000    999.000    999.000

 Intercepts
    Y1                 1.810      0.044     40.831      0.000
    Y2                 1.948      0.037     52.928      0.000
    Y3                 3.206      0.033     95.835      0.000
    Y4                 3.196      0.033     96.752      0.000
    Y5                 3.218      0.034     94.283      0.000
    Y6                 1.194      0.021     57.936      0.000
    Y7                 1.188      0.020     59.303      0.000
    Y8                 1.188      0.019     61.819      0.000
    Y9                 1.876      0.035     54.308      0.000
    Y10                1.930      0.037     51.988      0.000

 Variances
    F                  1.000      0.000    999.000    999.000

 Residual Variances
    Y1                 0.306      0.022     13.789      0.000
    Y2                 0.401      0.028     14.075      0.000
    Y3                 0.351      0.025     14.322      0.000
    Y4                 0.336      0.024     14.241      0.000
    Y5                 0.376      0.026     14.424      0.000
    Y6                 0.156      0.010     14.896      0.000
    Y7                 0.142      0.010     14.760      0.000
    Y8                 0.132      0.009     14.805      0.000
    Y9                 0.306      0.023     13.419      0.000
    Y10                0.341      0.026     13.233      0.000

New/Additional Parameters
    L1_0               0.444      0.050      8.861      0.000
    L1_1              -0.059      0.029     -2.054      0.040
    L1_2               0.080      0.061      1.322      0.186


QUALITY OF NUMERICAL RESULTS

     Condition Number for the Information Matrix              0.776E-04
       (ratio of smallest to largest eigenvalue)


     Beginning Time:  22:02:11
        Ending Time:  22:02:13
       Elapsed Time:  00:00:02



MUTHEN & MUTHEN
3463 Stoner Ave.
Los Angeles, CA  90066

Tel: (310) 391-9971
Fax: (310) 391-8971
Web: www.StatModel.com
Support: Support@StatModel.com

Copyright (c) 1998-2019 Muthen & Muthen
