Mplus VERSION 8.3
MUTHEN & MUTHEN
04/23/2024   9:50 PM

INPUT INSTRUCTIONS


  TITLE: Test with 10 reps

  DATA:
  File is
  G1_B2_N2_rep325.csv;

  VARIABLE:
      Names are x1 x2 eta
  	y1 y2 y3 y4 y5 y6 y7 y8 y9 y10;
      Usevariables are y1-y10 x1 x2;
      constraint = x1 x2;

  MODEL:
      f BY y1* (l1);
      f BY y2* (l2);
      f BY y3* (l3);
      f BY y4* (l4);
      f BY y5* (l5);
      f BY y6* (l6);
      f BY y7* (l7);
      f BY y8* (l8);
      f BY y9* (l9);
      f BY y10* (l10);

  y1 ON x1 x2;
  f@1;
  [f@0];

  MODEL CONSTRAINT:
      new (l1_0 l1_1 l1_2);
      l1 = l1_0 + l1_1*x1 + l1_2*x2;




INPUT READING TERMINATED NORMALLY



Test with 10 reps

SUMMARY OF ANALYSIS

Number of groups                                                 1
Number of observations                                         500

Number of dependent variables                                   10
Number of independent variables                                  2
Number of continuous latent variables                            1

Observed dependent variables

  Continuous
   Y1          Y2          Y3          Y4          Y5          Y6
   Y7          Y8          Y9          Y10

Observed independent variables
   X1          X2

Continuous latent variables
   F


Estimator                                                       ML
Information matrix                                        OBSERVED
Maximum number of iterations                                  1000
Convergence criterion                                    0.500D-04
Maximum number of steepest descent iterations                   20

Input data file(s)
  G1_B2_N2_rep325.csv

Input data format  FREE



UNIVARIATE SAMPLE STATISTICS


     UNIVARIATE HIGHER-ORDER MOMENT DESCRIPTIVE STATISTICS

         Variable/         Mean/     Skewness/   Minimum/ % with                Percentiles
        Sample Size      Variance    Kurtosis    Maximum  Min/Max      20%/60%    40%/80%    Median

     Y1                    1.756       0.955       1.000   39.40%       1.000      2.000      2.000
             500.000       0.548       1.372       5.000    0.40%       2.000      2.000
     Y2                    1.826       0.714       1.000   36.20%       1.000      2.000      2.000
             500.000       0.576       0.396       5.000    0.20%       2.000      2.000
     Y3                    3.096      -0.271       1.000    2.00%       3.000      3.000      3.000
             500.000       0.587      -0.112       5.000    1.20%       3.000      4.000
     Y4                    3.112      -0.016       1.000    1.20%       3.000      3.000      3.000
             500.000       0.563       0.050       5.000    2.40%       3.000      4.000
     Y5                    3.032      -0.109       1.000    1.80%       2.000      3.000      3.000
             500.000       0.559       0.029       5.000    1.40%       3.000      4.000
     Y6                    1.154       2.560       1.000   86.00%       1.000      1.000      1.000
             500.000       0.158       6.085       3.000    1.40%       1.000      1.000
     Y7                    1.182       2.358       1.000   83.00%       1.000      1.000      1.000
             500.000       0.177       6.144       4.000    0.20%       1.000      1.000
     Y8                    1.168       3.398       1.000   85.60%       1.000      1.000      1.000
             500.000       0.204      15.752       5.000    0.20%       1.000      1.000
     Y9                    1.814       0.790       1.000   38.20%       1.000      2.000      2.000
             500.000       0.611       0.421       5.000    0.20%       2.000      2.000
     Y10                   1.854       0.840       1.000   33.00%       1.000      2.000      2.000
             500.000       0.565       1.295       5.000    0.60%       2.000      2.000
     X1                   -0.019       0.030      -2.961    0.20%      -0.808     -0.301     -0.031
             500.000       0.981       0.128       2.978    0.20%       0.265      0.788
     X2                    0.502      -0.008       0.000   49.80%       0.000      0.000      1.000
             500.000       0.250      -2.000       1.000   50.20%       1.000      1.000


THE MODEL ESTIMATION TERMINATED NORMALLY



MODEL FIT INFORMATION

Number of Free Parameters                       34

Loglikelihood

          H0 Value                       -4232.081

Information Criteria

          Akaike (AIC)                    8532.161
          Bayesian (BIC)                  8675.458
          Sample-Size Adjusted BIC        8567.540
            (n* = (n + 2) / 24)



MODEL RESULTS

                                                    Two-Tailed
                    Estimate       S.E.  Est./S.E.    P-Value

 F        BY
    Y1               999.000      0.000    999.000    999.000
    Y2                 0.455      0.033     13.624      0.000
    Y3                 0.427      0.034     12.473      0.000
    Y4                 0.450      0.033     13.620      0.000
    Y5                 0.445      0.033     13.517      0.000
    Y6                 0.203      0.018     11.258      0.000
    Y7                 0.210      0.019     10.963      0.000
    Y8                 0.207      0.021      9.997      0.000
    Y9                 0.521      0.033     15.586      0.000
    Y10                0.457      0.033     13.860      0.000

 Y1       ON
    X1                 0.032      0.027      1.161      0.246
    X2                 0.109      0.053      2.039      0.041

 Means
    F                  0.000      0.000    999.000    999.000

 Intercepts
    Y1                 1.678      0.042     40.042      0.000
    Y2                 1.826      0.034     53.812      0.000
    Y3                 3.096      0.034     90.375      0.000
    Y4                 3.112      0.034     92.703      0.000
    Y5                 3.032      0.033     90.681      0.000
    Y6                 1.154      0.018     64.859      0.000
    Y7                 1.182      0.019     62.845      0.000
    Y8                 1.168      0.020     57.857      0.000
    Y9                 1.814      0.035     51.875      0.000
    Y10                1.854      0.034     55.169      0.000

 Variances
    F                  1.000      0.000    999.000    999.000

 Residual Variances
    Y1                 0.291      0.022     13.362      0.000
    Y2                 0.369      0.026     14.115      0.000
    Y3                 0.405      0.028     14.428      0.000
    Y4                 0.361      0.026     14.089      0.000
    Y5                 0.361      0.026     14.126      0.000
    Y6                 0.117      0.008     14.720      0.000
    Y7                 0.133      0.009     14.783      0.000
    Y8                 0.161      0.011     15.008      0.000
    Y9                 0.339      0.025     13.372      0.000
    Y10                0.356      0.025     14.022      0.000

New/Additional Parameters
    L1_0               0.434      0.045      9.711      0.000
    L1_1               0.074      0.027      2.734      0.006
    L1_2               0.073      0.057      1.271      0.204


QUALITY OF NUMERICAL RESULTS

     Condition Number for the Information Matrix              0.609E-04
       (ratio of smallest to largest eigenvalue)


     Beginning Time:  21:50:17
        Ending Time:  21:50:19
       Elapsed Time:  00:00:02



MUTHEN & MUTHEN
3463 Stoner Ave.
Los Angeles, CA  90066

Tel: (310) 391-9971
Fax: (310) 391-8971
Web: www.StatModel.com
Support: Support@StatModel.com

Copyright (c) 1998-2019 Muthen & Muthen
