Mplus VERSION 8.3
MUTHEN & MUTHEN
04/23/2024   9:43 PM

INPUT INSTRUCTIONS


  TITLE: Test with 10 reps

  DATA:
  File is
  G1_B2_N2_rep304.csv;

  VARIABLE:
      Names are x1 x2 eta
  	y1 y2 y3 y4 y5 y6 y7 y8 y9 y10;
      Usevariables are y1-y10 x1 x2;
      constraint = x1 x2;

  MODEL:
      f BY y1* (l1);
      f BY y2* (l2);
      f BY y3* (l3);
      f BY y4* (l4);
      f BY y5* (l5);
      f BY y6* (l6);
      f BY y7* (l7);
      f BY y8* (l8);
      f BY y9* (l9);
      f BY y10* (l10);

  y8 ON x1 x2;
  f@1;
  [f@0];

  MODEL CONSTRAINT:
      new (l8_0 l8_1 l8_2);
      l8 = l8_0 + l8_1*x1 + l8_2*x2;




INPUT READING TERMINATED NORMALLY



Test with 10 reps

SUMMARY OF ANALYSIS

Number of groups                                                 1
Number of observations                                         500

Number of dependent variables                                   10
Number of independent variables                                  2
Number of continuous latent variables                            1

Observed dependent variables

  Continuous
   Y1          Y2          Y3          Y4          Y5          Y6
   Y7          Y8          Y9          Y10

Observed independent variables
   X1          X2

Continuous latent variables
   F


Estimator                                                       ML
Information matrix                                        OBSERVED
Maximum number of iterations                                  1000
Convergence criterion                                    0.500D-04
Maximum number of steepest descent iterations                   20

Input data file(s)
  G1_B2_N2_rep304.csv

Input data format  FREE



UNIVARIATE SAMPLE STATISTICS


     UNIVARIATE HIGHER-ORDER MOMENT DESCRIPTIVE STATISTICS

         Variable/         Mean/     Skewness/   Minimum/ % with                Percentiles
        Sample Size      Variance    Kurtosis    Maximum  Min/Max      20%/60%    40%/80%    Median

     Y1                    1.842       1.083       1.000   35.20%       1.000      2.000      2.000
             500.000       0.629       2.005       5.000    1.20%       2.000      2.000
     Y2                    1.834       0.839       1.000   36.00%       1.000      2.000      2.000
             500.000       0.598       0.999       5.000    0.60%       2.000      2.000
     Y3                    3.096       0.046       1.000    1.40%       2.000      3.000      3.000
             500.000       0.627      -0.087       5.000    3.20%       3.000      4.000
     Y4                    3.118      -0.058       1.000    1.60%       2.000      3.000      3.000
             500.000       0.652      -0.230       5.000    3.00%       3.000      4.000
     Y5                    3.106      -0.141       1.000    2.20%       3.000      3.000      3.000
             500.000       0.623       0.087       5.000    2.60%       3.000      4.000
     Y6                    1.198       2.958       1.000   82.80%       1.000      1.000      1.000
             500.000       0.227      12.049       5.000    0.20%       1.000      1.000
     Y7                    1.174       3.541       1.000   86.20%       1.000      1.000      1.000
             500.000       0.240      15.520       5.000    0.20%       1.000      1.000
     Y8                    1.208       3.064       1.000   82.40%       1.000      1.000      1.000
             500.000       0.253      12.415       5.000    0.20%       1.000      1.000
     Y9                    1.842       0.788       1.000   35.80%       1.000      2.000      2.000
             500.000       0.609       0.523       5.000    0.20%       2.000      2.000
     Y10                   1.868       0.798       1.000   36.20%       1.000      2.000      2.000
             500.000       0.667       0.464       5.000    0.40%       2.000      2.000
     X1                   -0.059      -0.073      -3.146    0.20%      -0.866     -0.314     -0.018
             500.000       1.062       0.090       3.005    0.20%       0.205      0.795
     X2                    0.460       0.161       0.000   54.00%       0.000      0.000      0.000
             500.000       0.248      -1.974       1.000   46.00%       1.000      1.000


THE MODEL ESTIMATION TERMINATED NORMALLY



MODEL FIT INFORMATION

Number of Free Parameters                       34

Loglikelihood

          H0 Value                       -4539.485

Information Criteria

          Akaike (AIC)                    9146.969
          Bayesian (BIC)                  9290.266
          Sample-Size Adjusted BIC        9182.348
            (n* = (n + 2) / 24)



MODEL RESULTS

                                                    Two-Tailed
                    Estimate       S.E.  Est./S.E.    P-Value

 F        BY
    Y1                 0.464      0.035     13.334      0.000
    Y2                 0.475      0.034     14.162      0.000
    Y3                 0.471      0.035     13.578      0.000
    Y4                 0.474      0.035     13.391      0.000
    Y5                 0.475      0.034     13.802      0.000
    Y6                 0.222      0.022     10.208      0.000
    Y7                 0.286      0.022     13.306      0.000
    Y8               999.000      0.000    999.000    999.000
    Y9                 0.499      0.034     14.896      0.000
    Y10                0.546      0.035     15.768      0.000

 Y8       ON
    X1                 0.028      0.018      1.551      0.121
    X2                 0.024      0.036      0.674      0.501

 Means
    F                  0.000      0.000    999.000    999.000

 Intercepts
    Y1                 1.842      0.035     51.932      0.000
    Y2                 1.834      0.035     53.012      0.000
    Y3                 3.096      0.035     87.443      0.000
    Y4                 3.118      0.036     86.340      0.000
    Y5                 3.106      0.035     88.009      0.000
    Y6                 1.198      0.021     56.250      0.000
    Y7                 1.174      0.022     53.616      0.000
    Y8                 1.161      0.026     44.650      0.000
    Y9                 1.842      0.035     52.778      0.000
    Y10                1.868      0.037     51.161      0.000

 Variances
    F                  1.000      0.000    999.000    999.000

 Residual Variances
    Y1                 0.414      0.029     14.386      0.000
    Y2                 0.373      0.026     14.149      0.000
    Y3                 0.405      0.028     14.241      0.000
    Y4                 0.427      0.030     14.343      0.000
    Y5                 0.397      0.028     14.211      0.000
    Y6                 0.178      0.012     15.044      0.000
    Y7                 0.158      0.011     14.332      0.000
    Y8                 0.136      0.010     13.134      0.000
    Y9                 0.360      0.026     13.888      0.000
    Y10                0.369      0.027     13.573      0.000

New/Additional Parameters
    L8_0               0.234      0.028      8.309      0.000
    L8_1               0.093      0.018      5.025      0.000
    L8_2               0.140      0.039      3.598      0.000


QUALITY OF NUMERICAL RESULTS

     Condition Number for the Information Matrix              0.946E-04
       (ratio of smallest to largest eigenvalue)


     Beginning Time:  21:43:36
        Ending Time:  21:43:38
       Elapsed Time:  00:00:02



MUTHEN & MUTHEN
3463 Stoner Ave.
Los Angeles, CA  90066

Tel: (310) 391-9971
Fax: (310) 391-8971
Web: www.StatModel.com
Support: Support@StatModel.com

Copyright (c) 1998-2019 Muthen & Muthen
