Mplus VERSION 8.3
MUTHEN & MUTHEN
04/23/2024   9:57 PM

INPUT INSTRUCTIONS


  TITLE: Test with 10 reps

  DATA:
  File is
  G1_B2_N2_rep344.csv;

  VARIABLE:
      Names are x1 x2 eta
  	y1 y2 y3 y4 y5 y6 y7 y8 y9 y10;
      Usevariables are y1-y10 x1 x2;
      constraint = x1 x2;

  MODEL:
      f BY y1* (l1);
      f BY y2* (l2);
      f BY y3* (l3);
      f BY y4* (l4);
      f BY y5* (l5);
      f BY y6* (l6);
      f BY y7* (l7);
      f BY y8* (l8);
      f BY y9* (l9);
      f BY y10* (l10);

  y4 ON x1 x2;
  f@1;
  [f@0];

  MODEL CONSTRAINT:
      new (l4_0 l4_1 l4_2);
      l4 = l4_0 + l4_1*x1 + l4_2*x2;




INPUT READING TERMINATED NORMALLY



Test with 10 reps

SUMMARY OF ANALYSIS

Number of groups                                                 1
Number of observations                                         500

Number of dependent variables                                   10
Number of independent variables                                  2
Number of continuous latent variables                            1

Observed dependent variables

  Continuous
   Y1          Y2          Y3          Y4          Y5          Y6
   Y7          Y8          Y9          Y10

Observed independent variables
   X1          X2

Continuous latent variables
   F


Estimator                                                       ML
Information matrix                                        OBSERVED
Maximum number of iterations                                  1000
Convergence criterion                                    0.500D-04
Maximum number of steepest descent iterations                   20

Input data file(s)
  G1_B2_N2_rep344.csv

Input data format  FREE



UNIVARIATE SAMPLE STATISTICS


     UNIVARIATE HIGHER-ORDER MOMENT DESCRIPTIVE STATISTICS

         Variable/         Mean/     Skewness/   Minimum/ % with                Percentiles
        Sample Size      Variance    Kurtosis    Maximum  Min/Max      20%/60%    40%/80%    Median

     Y1                    1.802       0.536       1.000   33.80%       1.000      2.000      2.000
             500.000       0.463       0.461       5.000    0.20%       2.000      2.000
     Y2                    1.810       0.794       1.000   37.40%       1.000      2.000      2.000
             500.000       0.582       0.729       5.000    0.40%       2.000      2.000
     Y3                    3.090      -0.118       1.000    1.20%       2.000      3.000      3.000
             500.000       0.558      -0.209       5.000    1.40%       3.000      4.000
     Y4                    3.100      -0.170       1.000    1.80%       3.000      3.000      3.000
             500.000       0.582       0.009       5.000    1.80%       3.000      4.000
     Y5                    3.054      -0.174       1.000    2.00%       3.000      3.000      3.000
             500.000       0.555       0.154       5.000    1.40%       3.000      4.000
     Y6                    1.164       2.743       1.000   85.40%       1.000      1.000      1.000
             500.000       0.177       8.241       4.000    0.20%       1.000      1.000
     Y7                    1.184       2.660       1.000   84.60%       1.000      1.000      1.000
             500.000       0.214       7.148       4.000    0.20%       1.000      1.000
     Y8                    1.160       3.188       1.000   85.80%       1.000      1.000      1.000
             500.000       0.182      12.762       4.000    0.60%       1.000      1.000
     Y9                    1.798       1.035       1.000   38.00%       1.000      2.000      2.000
             500.000       0.601       1.834       5.000    1.00%       2.000      2.000
     Y10                   1.824       0.785       1.000   36.60%       1.000      2.000      2.000
             500.000       0.593       0.541       5.000    0.20%       2.000      2.000
     X1                   -0.025      -0.001      -2.811    0.20%      -0.933     -0.298      0.028
             500.000       1.055      -0.222       2.823    0.20%       0.222      0.787
     X2                    0.482       0.072       0.000   51.80%       0.000      0.000      0.000
             500.000       0.250      -1.995       1.000   48.20%       1.000      1.000


THE MODEL ESTIMATION TERMINATED NORMALLY



MODEL FIT INFORMATION

Number of Free Parameters                       34

Loglikelihood

          H0 Value                       -4163.079

Information Criteria

          Akaike (AIC)                    8394.159
          Bayesian (BIC)                  8537.455
          Sample-Size Adjusted BIC        8429.537
            (n* = (n + 2) / 24)



MODEL RESULTS

                                                    Two-Tailed
                    Estimate       S.E.  Est./S.E.    P-Value

 F        BY
    Y1                 0.443      0.029     15.270      0.000
    Y2                 0.482      0.033     14.694      0.000
    Y3                 0.477      0.032     14.921      0.000
    Y4               999.000      0.000    999.000    999.000
    Y5                 0.493      0.032     15.610      0.000
    Y6                 0.216      0.019     11.470      0.000
    Y7                 0.205      0.021      9.662      0.000
    Y8                 0.223      0.019     11.688      0.000
    Y9                 0.487      0.033     14.580      0.000
    Y10                0.502      0.033     15.291      0.000

 Y4       ON
    X1                 0.036      0.027      1.346      0.178
    X2                 0.064      0.055      1.154      0.248

 Means
    F                  0.000      0.000    999.000    999.000

 Intercepts
    Y1                 1.802      0.030     59.230      0.000
    Y2                 1.810      0.034     53.057      0.000
    Y3                 3.090      0.033     92.505      0.000
    Y4                 3.075      0.044     70.471      0.000
    Y5                 3.054      0.033     91.659      0.000
    Y6                 1.164      0.019     61.848      0.000
    Y7                 1.184      0.021     57.212      0.000
    Y8                 1.160      0.019     60.734      0.000
    Y9                 1.798      0.035     51.852      0.000
    Y10                1.824      0.034     52.963      0.000

 Variances
    F                  1.000      0.000    999.000    999.000

 Residual Variances
    Y1                 0.267      0.019     13.836      0.000
    Y2                 0.350      0.025     14.032      0.000
    Y3                 0.330      0.024     13.945      0.000
    Y4                 0.325      0.024     13.759      0.000
    Y5                 0.312      0.023     13.716      0.000
    Y6                 0.130      0.009     14.842      0.000
    Y7                 0.172      0.011     15.160      0.000
    Y8                 0.133      0.009     14.789      0.000
    Y9                 0.364      0.026     14.056      0.000
    Y10                0.341      0.025     13.830      0.000

New/Additional Parameters
    L4_0               0.492      0.046     10.706      0.000
    L4_1              -0.031      0.029     -1.045      0.296
    L4_2               0.005      0.059      0.081      0.936


QUALITY OF NUMERICAL RESULTS

     Condition Number for the Information Matrix              0.750E-04
       (ratio of smallest to largest eigenvalue)


     Beginning Time:  21:57:00
        Ending Time:  21:57:02
       Elapsed Time:  00:00:02



MUTHEN & MUTHEN
3463 Stoner Ave.
Los Angeles, CA  90066

Tel: (310) 391-9971
Fax: (310) 391-8971
Web: www.StatModel.com
Support: Support@StatModel.com

Copyright (c) 1998-2019 Muthen & Muthen
