Mplus VERSION 8.3
MUTHEN & MUTHEN
04/23/2024   9:51 PM

INPUT INSTRUCTIONS


  TITLE: Test with 10 reps

  DATA:
  File is
  G1_B2_N2_rep329.csv;

  VARIABLE:
      Names are x1 x2 eta
  	y1 y2 y3 y4 y5 y6 y7 y8 y9 y10;
      Usevariables are y1-y10 x1 x2;
      constraint = x1 x2;

  MODEL:
      f BY y1* (l1);
      f BY y2* (l2);
      f BY y3* (l3);
      f BY y4* (l4);
      f BY y5* (l5);
      f BY y6* (l6);
      f BY y7* (l7);
      f BY y8* (l8);
      f BY y9* (l9);
      f BY y10* (l10);

  y5 ON x1 x2;
  f@1;
  [f@0];

  MODEL CONSTRAINT:
      new (l5_0 l5_1 l5_2);
      l5 = l5_0 + l5_1*x1 + l5_2*x2;




INPUT READING TERMINATED NORMALLY



Test with 10 reps

SUMMARY OF ANALYSIS

Number of groups                                                 1
Number of observations                                         500

Number of dependent variables                                   10
Number of independent variables                                  2
Number of continuous latent variables                            1

Observed dependent variables

  Continuous
   Y1          Y2          Y3          Y4          Y5          Y6
   Y7          Y8          Y9          Y10

Observed independent variables
   X1          X2

Continuous latent variables
   F


Estimator                                                       ML
Information matrix                                        OBSERVED
Maximum number of iterations                                  1000
Convergence criterion                                    0.500D-04
Maximum number of steepest descent iterations                   20

Input data file(s)
  G1_B2_N2_rep329.csv

Input data format  FREE



UNIVARIATE SAMPLE STATISTICS


     UNIVARIATE HIGHER-ORDER MOMENT DESCRIPTIVE STATISTICS

         Variable/         Mean/     Skewness/   Minimum/ % with                Percentiles
        Sample Size      Variance    Kurtosis    Maximum  Min/Max      20%/60%    40%/80%    Median

     Y1                    1.890       0.794       1.000   31.80%       1.000      2.000      2.000
             500.000       0.594       1.022       5.000    0.60%       2.000      2.000
     Y2                    1.888       0.796       1.000   32.80%       1.000      2.000      2.000
             500.000       0.615       0.890       5.000    0.60%       2.000      2.000
     Y3                    3.122      -0.016       1.000    1.00%       2.000      3.000      3.000
             500.000       0.611      -0.304       5.000    2.60%       3.000      4.000
     Y4                    3.158       0.132       1.000    0.60%       3.000      3.000      3.000
             500.000       0.581      -0.082       5.000    3.60%       3.000      4.000
     Y5                    3.132      -0.056       1.000    0.80%       3.000      3.000      3.000
             500.000       0.535      -0.133       5.000    1.80%       3.000      4.000
     Y6                    1.152       4.216       1.000   87.20%       1.000      1.000      1.000
             500.000       0.205      24.662       5.000    0.40%       1.000      1.000
     Y7                    1.172       2.112       1.000   83.60%       1.000      1.000      1.000
             500.000       0.158       3.511       3.000    0.80%       1.000      1.000
     Y8                    1.188       2.334       1.000   82.60%       1.000      1.000      1.000
             500.000       0.185       5.925       4.000    0.20%       1.000      1.000
     Y9                    1.874       0.865       1.000   31.20%       1.000      2.000      2.000
             500.000       0.562       1.443       5.000    0.60%       2.000      2.000
     Y10                   1.874       0.966       1.000   33.00%       1.000      2.000      2.000
             500.000       0.618       1.637       5.000    1.00%       2.000      2.000
     X1                   -0.048       0.070      -3.111    0.20%      -0.956     -0.340     -0.065
             500.000       1.080      -0.140       2.867    0.20%       0.219      0.787
     X2                    0.492       0.032       0.000   50.80%       0.000      0.000      0.000
             500.000       0.250      -1.999       1.000   49.20%       1.000      1.000


THE MODEL ESTIMATION TERMINATED NORMALLY



MODEL FIT INFORMATION

Number of Free Parameters                       34

Loglikelihood

          H0 Value                       -4207.986

Information Criteria

          Akaike (AIC)                    8483.972
          Bayesian (BIC)                  8627.269
          Sample-Size Adjusted BIC        8519.351
            (n* = (n + 2) / 24)



MODEL RESULTS

                                                    Two-Tailed
                    Estimate       S.E.  Est./S.E.    P-Value

 F        BY
    Y1                 0.523      0.032     16.116      0.000
    Y2                 0.500      0.034     14.886      0.000
    Y3                 0.509      0.033     15.283      0.000
    Y4                 0.479      0.033     14.628      0.000
    Y5               999.000      0.000    999.000    999.000
    Y6                 0.229      0.020     11.246      0.000
    Y7                 0.206      0.018     11.520      0.000
    Y8                 0.231      0.019     12.061      0.000
    Y9                 0.476      0.032     14.801      0.000
    Y10                0.486      0.034     14.305      0.000

 Y5       ON
    X1                 0.022      0.026      0.856      0.392
    X2                 0.018      0.055      0.327      0.744

 Means
    F                  0.000      0.000    999.000    999.000

 Intercepts
    Y1                 1.890      0.034     54.839      0.000
    Y2                 1.888      0.035     53.813      0.000
    Y3                 3.122      0.035     89.301      0.000
    Y4                 3.158      0.034     92.639      0.000
    Y5                 3.129      0.043     72.007      0.000
    Y6                 1.152      0.020     56.908      0.000
    Y7                 1.172      0.018     65.844      0.000
    Y8                 1.188      0.019     61.819      0.000
    Y9                 1.874      0.034     55.891      0.000
    Y10                1.874      0.035     53.299      0.000

 Variances
    F                  1.000      0.000    999.000    999.000

 Residual Variances
    Y1                 0.321      0.024     13.525      0.000
    Y2                 0.365      0.026     13.979      0.000
    Y3                 0.352      0.025     13.845      0.000
    Y4                 0.351      0.025     14.058      0.000
    Y5                 0.320      0.023     13.997      0.000
    Y6                 0.152      0.010     14.860      0.000
    Y7                 0.116      0.008     14.831      0.000
    Y8                 0.131      0.009     14.700      0.000
    Y9                 0.336      0.024     14.010      0.000
    Y10                0.382      0.027     14.137      0.000

New/Additional Parameters
    L5_0               0.466      0.049      9.470      0.000
    L5_1              -0.021      0.027     -0.774      0.439
    L5_2              -0.013      0.060     -0.223      0.824


QUALITY OF NUMERICAL RESULTS

     Condition Number for the Information Matrix              0.597E-04
       (ratio of smallest to largest eigenvalue)


     Beginning Time:  21:51:39
        Ending Time:  21:51:41
       Elapsed Time:  00:00:02



MUTHEN & MUTHEN
3463 Stoner Ave.
Los Angeles, CA  90066

Tel: (310) 391-9971
Fax: (310) 391-8971
Web: www.StatModel.com
Support: Support@StatModel.com

Copyright (c) 1998-2019 Muthen & Muthen
