Mplus VERSION 8.3
MUTHEN & MUTHEN
04/23/2024  10:06 PM

INPUT INSTRUCTIONS


  TITLE: Test with 10 reps

  DATA:
  File is
  G1_B2_N2_rep371.csv;

  VARIABLE:
      Names are x1 x2 eta
  	y1 y2 y3 y4 y5 y6 y7 y8 y9 y10;
      Usevariables are y1-y10 x1 x2;
      constraint = x1 x2;

  MODEL:
      f BY y1* (l1);
      f BY y2* (l2);
      f BY y3* (l3);
      f BY y4* (l4);
      f BY y5* (l5);
      f BY y6* (l6);
      f BY y7* (l7);
      f BY y8* (l8);
      f BY y9* (l9);
      f BY y10* (l10);

  y4 ON x1 x2;
  f@1;
  [f@0];

  MODEL CONSTRAINT:
      new (l4_0 l4_1 l4_2);
      l4 = l4_0 + l4_1*x1 + l4_2*x2;




INPUT READING TERMINATED NORMALLY



Test with 10 reps

SUMMARY OF ANALYSIS

Number of groups                                                 1
Number of observations                                         500

Number of dependent variables                                   10
Number of independent variables                                  2
Number of continuous latent variables                            1

Observed dependent variables

  Continuous
   Y1          Y2          Y3          Y4          Y5          Y6
   Y7          Y8          Y9          Y10

Observed independent variables
   X1          X2

Continuous latent variables
   F


Estimator                                                       ML
Information matrix                                        OBSERVED
Maximum number of iterations                                  1000
Convergence criterion                                    0.500D-04
Maximum number of steepest descent iterations                   20

Input data file(s)
  G1_B2_N2_rep371.csv

Input data format  FREE



UNIVARIATE SAMPLE STATISTICS


     UNIVARIATE HIGHER-ORDER MOMENT DESCRIPTIVE STATISTICS

         Variable/         Mean/     Skewness/   Minimum/ % with                Percentiles
        Sample Size      Variance    Kurtosis    Maximum  Min/Max      20%/60%    40%/80%    Median

     Y1                    1.850       0.694       1.000   34.60%       1.000      2.000      2.000
             500.000       0.579       0.392       5.000    0.20%       2.000      2.000
     Y2                    1.886       1.003       1.000   32.60%       1.000      2.000      2.000
             500.000       0.641       1.611       5.000    1.00%       2.000      2.000
     Y3                    3.142      -0.036       1.000    1.00%       3.000      3.000      3.000
             500.000       0.590      -0.185       5.000    2.60%       3.000      4.000
     Y4                    3.142      -0.042       1.000    1.60%       3.000      3.000      3.000
             500.000       0.630      -0.012       5.000    3.40%       3.000      4.000
     Y5                    3.164      -0.194       1.000    1.80%       3.000      3.000      3.000
             500.000       0.609       0.033       5.000    2.60%       3.000      4.000
     Y6                    1.198       2.582       1.000   82.80%       1.000      1.000      1.000
             500.000       0.219       7.438       4.000    0.40%       1.000      1.000
     Y7                    1.178       2.622       1.000   84.40%       1.000      1.000      1.000
             500.000       0.194       7.280       4.000    0.20%       1.000      1.000
     Y8                    1.194       1.945       1.000   81.60%       1.000      1.000      1.000
             500.000       0.176       2.818       3.000    1.00%       1.000      1.000
     Y9                    1.854       0.821       1.000   34.60%       1.000      2.000      2.000
             500.000       0.605       0.822       5.000    0.40%       2.000      2.000
     Y10                   1.854       0.598       1.000   33.20%       1.000      2.000      2.000
             500.000       0.541       0.309       5.000    0.20%       2.000      2.000
     X1                    0.010       0.033      -2.697    0.20%      -0.862     -0.280      0.005
             500.000       0.949      -0.390       2.459    0.20%       0.299      0.829
     X2                    0.512      -0.048       0.000   48.80%       0.000      0.000      1.000
             500.000       0.250      -1.998       1.000   51.20%       1.000      1.000


THE MODEL ESTIMATION TERMINATED NORMALLY



MODEL FIT INFORMATION

Number of Free Parameters                       34

Loglikelihood

          H0 Value                       -4290.034

Information Criteria

          Akaike (AIC)                    8648.069
          Bayesian (BIC)                  8791.365
          Sample-Size Adjusted BIC        8683.447
            (n* = (n + 2) / 24)



MODEL RESULTS

                                                    Two-Tailed
                    Estimate       S.E.  Est./S.E.    P-Value

 F        BY
    Y1                 0.448      0.033     13.494      0.000
    Y2                 0.571      0.033     17.273      0.000
    Y3                 0.521      0.032     16.155      0.000
    Y4               999.000      0.000    999.000    999.000
    Y5                 0.470      0.034     13.882      0.000
    Y6                 0.241      0.021     11.509      0.000
    Y7                 0.210      0.020     10.505      0.000
    Y8                 0.196      0.019     10.291      0.000
    Y9                 0.535      0.033     16.457      0.000
    Y10                0.457      0.032     14.441      0.000

 Y4       ON
    X1                 0.039      0.030      1.287      0.198
    X2                -0.103      0.058     -1.757      0.079

 Means
    F                  0.000      0.000    999.000    999.000

 Intercepts
    Y1                 1.850      0.034     54.341      0.000
    Y2                 1.886      0.036     52.674      0.000
    Y3                 3.142      0.034     91.480      0.000
    Y4                 3.210      0.049     65.610      0.000
    Y5                 3.164      0.035     90.652      0.000
    Y6                 1.198      0.021     57.269      0.000
    Y7                 1.178      0.020     59.755      0.000
    Y8                 1.194      0.019     63.575      0.000
    Y9                 1.854      0.035     53.313      0.000
    Y10                1.854      0.033     56.380      0.000

 Variances
    F                  1.000      0.000    999.000    999.000

 Residual Variances
    Y1                 0.379      0.026     14.434      0.000
    Y2                 0.315      0.024     13.097      0.000
    Y3                 0.318      0.023     13.599      0.000
    Y4                 0.360      0.026     13.884      0.000
    Y5                 0.388      0.027     14.333      0.000
    Y6                 0.161      0.011     14.867      0.000
    Y7                 0.150      0.010     15.037      0.000
    Y8                 0.138      0.009     15.085      0.000
    Y9                 0.318      0.024     13.458      0.000
    Y10                0.332      0.023     14.178      0.000

New/Additional Parameters
    L4_0               0.583      0.047     12.311      0.000
    L4_1              -0.015      0.030     -0.490      0.624
    L4_2              -0.145      0.062     -2.347      0.019


QUALITY OF NUMERICAL RESULTS

     Condition Number for the Information Matrix              0.820E-04
       (ratio of smallest to largest eigenvalue)


     Beginning Time:  22:06:19
        Ending Time:  22:06:20
       Elapsed Time:  00:00:01



MUTHEN & MUTHEN
3463 Stoner Ave.
Los Angeles, CA  90066

Tel: (310) 391-9971
Fax: (310) 391-8971
Web: www.StatModel.com
Support: Support@StatModel.com

Copyright (c) 1998-2019 Muthen & Muthen
