Mplus VERSION 8.3
MUTHEN & MUTHEN
04/23/2024  10:32 PM

INPUT INSTRUCTIONS


  TITLE: Test with 10 reps

  DATA:
  File is
  G1_B2_N2_rep45.csv;

  VARIABLE:
      Names are x1 x2 eta
  	y1 y2 y3 y4 y5 y6 y7 y8 y9 y10;
      Usevariables are y1-y10 x1 x2;
      constraint = x1 x2;

  MODEL:
      f BY y1* (l1);
      f BY y2* (l2);
      f BY y3* (l3);
      f BY y4* (l4);
      f BY y5* (l5);
      f BY y6* (l6);
      f BY y7* (l7);
      f BY y8* (l8);
      f BY y9* (l9);
      f BY y10* (l10);

  y8 ON x1 x2;
  f@1;
  [f@0];

  MODEL CONSTRAINT:
      new (l8_0 l8_1 l8_2);
      l8 = l8_0 + l8_1*x1 + l8_2*x2;




INPUT READING TERMINATED NORMALLY



Test with 10 reps

SUMMARY OF ANALYSIS

Number of groups                                                 1
Number of observations                                         500

Number of dependent variables                                   10
Number of independent variables                                  2
Number of continuous latent variables                            1

Observed dependent variables

  Continuous
   Y1          Y2          Y3          Y4          Y5          Y6
   Y7          Y8          Y9          Y10

Observed independent variables
   X1          X2

Continuous latent variables
   F


Estimator                                                       ML
Information matrix                                        OBSERVED
Maximum number of iterations                                  1000
Convergence criterion                                    0.500D-04
Maximum number of steepest descent iterations                   20

Input data file(s)
  G1_B2_N2_rep45.csv

Input data format  FREE



UNIVARIATE SAMPLE STATISTICS


     UNIVARIATE HIGHER-ORDER MOMENT DESCRIPTIVE STATISTICS

         Variable/         Mean/     Skewness/   Minimum/ % with                Percentiles
        Sample Size      Variance    Kurtosis    Maximum  Min/Max      20%/60%    40%/80%    Median

     Y1                    1.772       0.693       1.000   37.80%       1.000      2.000      2.000
             500.000       0.516       0.299       4.000    2.00%       2.000      2.000
     Y2                    1.844       0.979       1.000   35.80%       1.000      2.000      2.000
             500.000       0.632       1.526       5.000    1.00%       2.000      2.000
     Y3                    3.094       0.084       1.000    0.20%       3.000      3.000      3.000
             500.000       0.517      -0.373       5.000    1.60%       3.000      4.000
     Y4                    3.090      -0.071       1.000    0.80%       3.000      3.000      3.000
             500.000       0.518      -0.203       5.000    1.20%       3.000      4.000
     Y5                    3.090      -0.202       1.000    1.60%       3.000      3.000      3.000
             500.000       0.530       0.120       5.000    1.20%       3.000      4.000
     Y6                    1.164       3.184       1.000   86.00%       1.000      1.000      1.000
             500.000       0.197      12.050       4.000    0.60%       1.000      1.000
     Y7                    1.130       2.963       1.000   87.60%       1.000      1.000      1.000
             500.000       0.129      10.749       4.000    0.20%       1.000      1.000
     Y8                    1.144       2.787       1.000   86.40%       1.000      1.000      1.000
             500.000       0.143       9.215       4.000    0.20%       1.000      1.000
     Y9                    1.784       0.792       1.000   37.20%       1.000      2.000      2.000
             500.000       0.529       1.002       5.000    0.40%       2.000      2.000
     Y10                   1.794       0.654       1.000   36.00%       1.000      2.000      2.000
             500.000       0.508       0.500       5.000    0.20%       2.000      2.000
     X1                    0.023      -0.117      -3.392    0.20%      -0.799     -0.202      0.031
             500.000       1.016      -0.033       2.820    0.20%       0.301      0.879
     X2                    0.478       0.088       0.000   52.20%       0.000      0.000      0.000
             500.000       0.250      -1.992       1.000   47.80%       1.000      1.000


THE MODEL ESTIMATION TERMINATED NORMALLY



MODEL FIT INFORMATION

Number of Free Parameters                       34

Loglikelihood

          H0 Value                       -3991.008

Information Criteria

          Akaike (AIC)                    8050.015
          Bayesian (BIC)                  8193.312
          Sample-Size Adjusted BIC        8085.394
            (n* = (n + 2) / 24)



MODEL RESULTS

                                                    Two-Tailed
                    Estimate       S.E.  Est./S.E.    P-Value

 F        BY
    Y1                 0.423      0.032     13.327      0.000
    Y2                 0.512      0.034     14.915      0.000
    Y3                 0.444      0.031     14.125      0.000
    Y4                 0.425      0.032     13.380      0.000
    Y5                 0.456      0.032     14.370      0.000
    Y6                 0.216      0.020     10.661      0.000
    Y7                 0.178      0.016     10.920      0.000
    Y8               999.000      0.000    999.000    999.000
    Y9                 0.428      0.032     13.328      0.000
    Y10                0.462      0.031     15.033      0.000

 Y8       ON
    X1                 0.009      0.015      0.583      0.560
    X2                 0.009      0.030      0.283      0.777

 Means
    F                  0.000      0.000    999.000    999.000

 Intercepts
    Y1                 1.772      0.032     55.159      0.000
    Y2                 1.844      0.036     51.880      0.000
    Y3                 3.094      0.032     96.204      0.000
    Y4                 3.090      0.032     96.011      0.000
    Y5                 3.090      0.033     94.918      0.000
    Y6                 1.164      0.020     58.626      0.000
    Y7                 1.130      0.016     70.324      0.000
    Y8                 1.127      0.021     53.678      0.000
    Y9                 1.784      0.033     54.829      0.000
    Y10                1.794      0.032     56.307      0.000

 Variances
    F                  1.000      0.000    999.000    999.000

 Residual Variances
    Y1                 0.337      0.024     14.202      0.000
    Y2                 0.370      0.027     13.677      0.000
    Y3                 0.320      0.023     13.946      0.000
    Y4                 0.337      0.024     14.184      0.000
    Y5                 0.322      0.023     13.842      0.000
    Y6                 0.150      0.010     14.876      0.000
    Y7                 0.097      0.007     14.826      0.000
    Y8                 0.099      0.007     14.526      0.000
    Y9                 0.346      0.024     14.213      0.000
    Y10                0.294      0.022     13.595      0.000

New/Additional Parameters
    L8_0               0.142      0.024      6.005      0.000
    L8_1               0.033      0.015      2.156      0.031
    L8_2               0.094      0.033      2.892      0.004


QUALITY OF NUMERICAL RESULTS

     Condition Number for the Information Matrix              0.418E-04
       (ratio of smallest to largest eigenvalue)


     Beginning Time:  22:32:54
        Ending Time:  22:32:55
       Elapsed Time:  00:00:01



MUTHEN & MUTHEN
3463 Stoner Ave.
Los Angeles, CA  90066

Tel: (310) 391-9971
Fax: (310) 391-8971
Web: www.StatModel.com
Support: Support@StatModel.com

Copyright (c) 1998-2019 Muthen & Muthen
