Mplus VERSION 8.3
MUTHEN & MUTHEN
04/23/2024  10:40 PM

INPUT INSTRUCTIONS


  TITLE: Test with 10 reps

  DATA:
  File is
  G1_B2_N2_rep474.csv;

  VARIABLE:
      Names are x1 x2 eta
  	y1 y2 y3 y4 y5 y6 y7 y8 y9 y10;
      Usevariables are y1-y10 x1 x2;
      constraint = x1 x2;

  MODEL:
      f BY y1* (l1);
      f BY y2* (l2);
      f BY y3* (l3);
      f BY y4* (l4);
      f BY y5* (l5);
      f BY y6* (l6);
      f BY y7* (l7);
      f BY y8* (l8);
      f BY y9* (l9);
      f BY y10* (l10);

  y1 ON x1 x2;
  f@1;
  [f@0];

  MODEL CONSTRAINT:
      new (l1_0 l1_1 l1_2);
      l1 = l1_0 + l1_1*x1 + l1_2*x2;




INPUT READING TERMINATED NORMALLY



Test with 10 reps

SUMMARY OF ANALYSIS

Number of groups                                                 1
Number of observations                                         500

Number of dependent variables                                   10
Number of independent variables                                  2
Number of continuous latent variables                            1

Observed dependent variables

  Continuous
   Y1          Y2          Y3          Y4          Y5          Y6
   Y7          Y8          Y9          Y10

Observed independent variables
   X1          X2

Continuous latent variables
   F


Estimator                                                       ML
Information matrix                                        OBSERVED
Maximum number of iterations                                  1000
Convergence criterion                                    0.500D-04
Maximum number of steepest descent iterations                   20

Input data file(s)
  G1_B2_N2_rep474.csv

Input data format  FREE



UNIVARIATE SAMPLE STATISTICS


     UNIVARIATE HIGHER-ORDER MOMENT DESCRIPTIVE STATISTICS

         Variable/         Mean/     Skewness/   Minimum/ % with                Percentiles
        Sample Size      Variance    Kurtosis    Maximum  Min/Max      20%/60%    40%/80%    Median

     Y1                    1.856       0.713       1.000   32.40%       1.000      2.000      2.000
             500.000       0.543       0.702       5.000    0.20%       2.000      2.000
     Y2                    1.836       0.733       1.000   32.80%       1.000      2.000      2.000
             500.000       0.525       0.661       4.000    3.00%       2.000      2.000
     Y3                    3.150      -0.157       1.000    1.00%       3.000      3.000      3.000
             500.000       0.591      -0.392       5.000    1.80%       3.000      4.000
     Y4                    3.148      -0.046       1.000    1.00%       3.000      3.000      3.000
             500.000       0.558      -0.029       5.000    2.40%       3.000      4.000
     Y5                    3.116       0.087       1.000    1.20%       3.000      3.000      3.000
             500.000       0.567       0.255       5.000    3.20%       3.000      4.000
     Y6                    1.166       2.260       1.000   84.40%       1.000      1.000      1.000
             500.000       0.158       4.346       3.000    1.00%       1.000      1.000
     Y7                    1.152       2.656       1.000   85.60%       1.000      1.000      1.000
             500.000       0.149       8.279       4.000    0.20%       1.000      1.000
     Y8                    1.138       3.027       1.000   87.40%       1.000      1.000      1.000
             500.000       0.147      10.647       4.000    0.20%       1.000      1.000
     Y9                    1.856       0.901       1.000   33.00%       1.000      2.000      2.000
             500.000       0.579       1.400       5.000    0.60%       2.000      2.000
     Y10                   1.822       0.668       1.000   34.00%       1.000      2.000      2.000
             500.000       0.514       0.624       5.000    0.20%       2.000      2.000
     X1                    0.018      -0.063      -3.673    0.20%      -0.803     -0.220      0.029
             500.000       1.022       0.705       3.985    0.20%       0.277      0.816
     X2                    0.518      -0.072       0.000   48.20%       0.000      0.000      1.000
             500.000       0.250      -1.995       1.000   51.80%       1.000      1.000


THE MODEL ESTIMATION TERMINATED NORMALLY



MODEL FIT INFORMATION

Number of Free Parameters                       34

Loglikelihood

          H0 Value                       -4015.495

Information Criteria

          Akaike (AIC)                    8098.990
          Bayesian (BIC)                  8242.286
          Sample-Size Adjusted BIC        8134.368
            (n* = (n + 2) / 24)



MODEL RESULTS

                                                    Two-Tailed
                    Estimate       S.E.  Est./S.E.    P-Value

 F        BY
    Y1               999.000      0.000    999.000    999.000
    Y2                 0.430      0.032     13.552      0.000
    Y3                 0.501      0.033     15.241      0.000
    Y4                 0.479      0.032     14.944      0.000
    Y5                 0.480      0.032     14.797      0.000
    Y6                 0.207      0.018     11.557      0.000
    Y7                 0.189      0.018     10.798      0.000
    Y8                 0.171      0.018      9.733      0.000
    Y9                 0.510      0.032     15.793      0.000
    Y10                0.450      0.031     14.523      0.000

 Y1       ON
    X1                -0.010      0.028     -0.359      0.719
    X2                -0.029      0.056     -0.510      0.610

 Means
    F                  0.000      0.000    999.000    999.000

 Intercepts
    Y1                 1.891      0.047     40.571      0.000
    Y2                 1.836      0.032     56.655      0.000
    Y3                 3.150      0.034     91.584      0.000
    Y4                 3.148      0.033     94.225      0.000
    Y5                 3.116      0.034     92.569      0.000
    Y6                 1.166      0.018     65.501      0.000
    Y7                 1.152      0.017     66.757      0.000
    Y8                 1.138      0.017     66.379      0.000
    Y9                 1.856      0.034     54.529      0.000
    Y10                1.822      0.032     56.809      0.000

 Variances
    F                  1.000      0.000    999.000    999.000

 Residual Variances
    Y1                 0.342      0.024     14.044      0.000
    Y2                 0.340      0.024     14.285      0.000
    Y3                 0.340      0.025     13.728      0.000
    Y4                 0.328      0.024     13.855      0.000
    Y5                 0.336      0.024     13.862      0.000
    Y6                 0.116      0.008     14.758      0.000
    Y7                 0.113      0.008     14.891      0.000
    Y8                 0.118      0.008     15.096      0.000
    Y9                 0.319      0.024     13.474      0.000
    Y10                0.312      0.022     13.981      0.000

New/Additional Parameters
    L1_0               0.527      0.050     10.596      0.000
    L1_1              -0.061      0.031     -1.951      0.051
    L1_2              -0.134      0.061     -2.193      0.028


QUALITY OF NUMERICAL RESULTS

     Condition Number for the Information Matrix              0.560E-04
       (ratio of smallest to largest eigenvalue)


     Beginning Time:  22:40:48
        Ending Time:  22:40:50
       Elapsed Time:  00:00:02



MUTHEN & MUTHEN
3463 Stoner Ave.
Los Angeles, CA  90066

Tel: (310) 391-9971
Fax: (310) 391-8971
Web: www.StatModel.com
Support: Support@StatModel.com

Copyright (c) 1998-2019 Muthen & Muthen
