Mplus VERSION 8.3
MUTHEN & MUTHEN
04/23/2024  10:29 PM

INPUT INSTRUCTIONS


  TITLE: Test with 10 reps

  DATA:
  File is
  G1_B2_N2_rep440.csv;

  VARIABLE:
      Names are x1 x2 eta
  	y1 y2 y3 y4 y5 y6 y7 y8 y9 y10;
      Usevariables are y1-y10 x1 x2;
      constraint = x1 x2;

  MODEL:
      f BY y1* (l1);
      f BY y2* (l2);
      f BY y3* (l3);
      f BY y4* (l4);
      f BY y5* (l5);
      f BY y6* (l6);
      f BY y7* (l7);
      f BY y8* (l8);
      f BY y9* (l9);
      f BY y10* (l10);

  y3 ON x1 x2;
  f@1;
  [f@0];

  MODEL CONSTRAINT:
      new (l3_0 l3_1 l3_2);
      l3 = l3_0 + l3_1*x1 + l3_2*x2;




INPUT READING TERMINATED NORMALLY



Test with 10 reps

SUMMARY OF ANALYSIS

Number of groups                                                 1
Number of observations                                         500

Number of dependent variables                                   10
Number of independent variables                                  2
Number of continuous latent variables                            1

Observed dependent variables

  Continuous
   Y1          Y2          Y3          Y4          Y5          Y6
   Y7          Y8          Y9          Y10

Observed independent variables
   X1          X2

Continuous latent variables
   F


Estimator                                                       ML
Information matrix                                        OBSERVED
Maximum number of iterations                                  1000
Convergence criterion                                    0.500D-04
Maximum number of steepest descent iterations                   20

Input data file(s)
  G1_B2_N2_rep440.csv

Input data format  FREE



UNIVARIATE SAMPLE STATISTICS


     UNIVARIATE HIGHER-ORDER MOMENT DESCRIPTIVE STATISTICS

         Variable/         Mean/     Skewness/   Minimum/ % with                Percentiles
        Sample Size      Variance    Kurtosis    Maximum  Min/Max      20%/60%    40%/80%    Median

     Y1                    1.848       0.577       1.000   34.00%       1.000      2.000      2.000
             500.000       0.545       0.183       5.000    0.20%       2.000      2.000
     Y2                    1.906       1.097       1.000   31.20%       1.000      2.000      2.000
             500.000       0.657       2.026       5.000    1.40%       2.000      2.000
     Y3                    3.210       0.059       1.000    0.40%       3.000      3.000      3.000
             500.000       0.530      -0.078       5.000    3.00%       3.000      4.000
     Y4                    3.192      -0.030       1.000    1.40%       3.000      3.000      3.000
             500.000       0.595       0.201       5.000    3.80%       3.000      4.000
     Y5                    3.112      -0.128       1.000    1.00%       3.000      3.000      3.000
             500.000       0.499       0.041       5.000    1.20%       3.000      4.000
     Y6                    1.176       2.998       1.000   84.80%       1.000      1.000      1.000
             500.000       0.205      10.727       4.000    0.60%       1.000      1.000
     Y7                    1.188       2.285       1.000   82.40%       1.000      1.000      1.000
             500.000       0.181       5.717       4.000    0.20%       1.000      1.000
     Y8                    1.174       2.788       1.000   84.40%       1.000      1.000      1.000
             500.000       0.188       9.292       4.000    0.40%       1.000      1.000
     Y9                    1.884       0.579       1.000   30.80%       1.000      2.000      2.000
             500.000       0.539       0.195       4.000    2.60%       2.000      2.000
     Y10                   1.878       0.714       1.000   31.60%       1.000      2.000      2.000
             500.000       0.563       0.642       5.000    0.20%       2.000      2.000
     X1                    0.020      -0.029      -2.426    0.20%      -0.786     -0.153      0.058
             500.000       0.863      -0.270       2.793    0.20%       0.276      0.747
     X2                    0.542      -0.169       0.000   45.80%       0.000      0.000      1.000
             500.000       0.248      -1.972       1.000   54.20%       1.000      1.000


THE MODEL ESTIMATION TERMINATED NORMALLY



MODEL FIT INFORMATION

Number of Free Parameters                       34

Loglikelihood

          H0 Value                       -4201.557

Information Criteria

          Akaike (AIC)                    8471.115
          Bayesian (BIC)                  8614.412
          Sample-Size Adjusted BIC        8506.493
            (n* = (n + 2) / 24)



MODEL RESULTS

                                                    Two-Tailed
                    Estimate       S.E.  Est./S.E.    P-Value

 F        BY
    Y1                 0.459      0.032     14.353      0.000
    Y2                 0.531      0.035     15.322      0.000
    Y3               999.000      0.000    999.000    999.000
    Y4                 0.525      0.033     16.118      0.000
    Y5                 0.437      0.031     14.244      0.000
    Y6                 0.218      0.021     10.547      0.000
    Y7                 0.224      0.019     11.756      0.000
    Y8                 0.199      0.020     10.053      0.000
    Y9                 0.411      0.033     12.637      0.000
    Y10                0.482      0.032     14.953      0.000

 Y3       ON
    X1                 0.014      0.029      0.493      0.622
    X2                 0.001      0.053      0.027      0.978

 Means
    F                  0.000      0.000    999.000    999.000

 Intercepts
    Y1                 1.848      0.033     55.980      0.000
    Y2                 1.906      0.036     52.574      0.000
    Y3                 3.212      0.045     72.137      0.000
    Y4                 3.192      0.035     92.521      0.000
    Y5                 3.112      0.032     98.464      0.000
    Y6                 1.176      0.020     58.075      0.000
    Y7                 1.188      0.019     62.499      0.000
    Y8                 1.174      0.019     60.589      0.000
    Y9                 1.884      0.033     57.406      0.000
    Y10                1.878      0.034     55.961      0.000

 Variances
    F                  1.000      0.000    999.000    999.000

 Residual Variances
    Y1                 0.334      0.024     14.046      0.000
    Y2                 0.375      0.027     13.682      0.000
    Y3                 0.304      0.022     13.696      0.000
    Y4                 0.319      0.024     13.385      0.000
    Y5                 0.309      0.022     14.079      0.000
    Y6                 0.158      0.011     14.944      0.000
    Y7                 0.130      0.009     14.724      0.000
    Y8                 0.148      0.010     15.059      0.000
    Y9                 0.370      0.025     14.527      0.000
    Y10                0.331      0.024     13.834      0.000

New/Additional Parameters
    L3_0               0.481      0.046     10.487      0.000
    L3_1              -0.011      0.031     -0.374      0.708
    L3_2              -0.015      0.057     -0.257      0.797


QUALITY OF NUMERICAL RESULTS

     Condition Number for the Information Matrix              0.761E-04
       (ratio of smallest to largest eigenvalue)


     Beginning Time:  22:29:43
        Ending Time:  22:29:44
       Elapsed Time:  00:00:01



MUTHEN & MUTHEN
3463 Stoner Ave.
Los Angeles, CA  90066

Tel: (310) 391-9971
Fax: (310) 391-8971
Web: www.StatModel.com
Support: Support@StatModel.com

Copyright (c) 1998-2019 Muthen & Muthen
