Mplus VERSION 8.3
MUTHEN & MUTHEN
04/23/2024  10:20 PM

INPUT INSTRUCTIONS


  TITLE: Test with 10 reps

  DATA:
  File is
  G1_B2_N2_rep413.csv;

  VARIABLE:
      Names are x1 x2 eta
  	y1 y2 y3 y4 y5 y6 y7 y8 y9 y10;
      Usevariables are y1-y10 x1 x2;
      constraint = x1 x2;

  MODEL:
      f BY y1* (l1);
      f BY y2* (l2);
      f BY y3* (l3);
      f BY y4* (l4);
      f BY y5* (l5);
      f BY y6* (l6);
      f BY y7* (l7);
      f BY y8* (l8);
      f BY y9* (l9);
      f BY y10* (l10);

  y8 ON x1 x2;
  f@1;
  [f@0];

  MODEL CONSTRAINT:
      new (l8_0 l8_1 l8_2);
      l8 = l8_0 + l8_1*x1 + l8_2*x2;




INPUT READING TERMINATED NORMALLY



Test with 10 reps

SUMMARY OF ANALYSIS

Number of groups                                                 1
Number of observations                                         500

Number of dependent variables                                   10
Number of independent variables                                  2
Number of continuous latent variables                            1

Observed dependent variables

  Continuous
   Y1          Y2          Y3          Y4          Y5          Y6
   Y7          Y8          Y9          Y10

Observed independent variables
   X1          X2

Continuous latent variables
   F


Estimator                                                       ML
Information matrix                                        OBSERVED
Maximum number of iterations                                  1000
Convergence criterion                                    0.500D-04
Maximum number of steepest descent iterations                   20

Input data file(s)
  G1_B2_N2_rep413.csv

Input data format  FREE



UNIVARIATE SAMPLE STATISTICS


     UNIVARIATE HIGHER-ORDER MOMENT DESCRIPTIVE STATISTICS

         Variable/         Mean/     Skewness/   Minimum/ % with                Percentiles
        Sample Size      Variance    Kurtosis    Maximum  Min/Max      20%/60%    40%/80%    Median

     Y1                    1.820       0.756       1.000   34.60%       1.000      2.000      2.000
             500.000       0.532       0.986       5.000    0.40%       2.000      2.000
     Y2                    1.770       0.811       1.000   39.00%       1.000      2.000      2.000
             500.000       0.545       0.885       5.000    0.40%       2.000      2.000
     Y3                    3.108      -0.095       1.000    1.20%       2.000      3.000      3.000
             500.000       0.620      -0.421       5.000    2.00%       3.000      4.000
     Y4                    3.092       0.078       1.000    0.60%       2.000      3.000      3.000
             500.000       0.560      -0.242       5.000    2.20%       3.000      4.000
     Y5                    3.056       0.056       1.000    1.20%       2.000      3.000      3.000
             500.000       0.553       0.103       5.000    2.20%       3.000      4.000
     Y6                    1.124       3.991       1.000   88.20%       1.000      1.000      1.000
             500.000       0.133      26.559       5.000    0.20%       1.000      1.000
     Y7                    1.172       2.628       1.000   84.60%       1.000      1.000      1.000
             500.000       0.182       7.514       4.000    0.20%       1.000      1.000
     Y8                    1.122       3.599       1.000   88.80%       1.000      1.000      1.000
             500.000       0.135      16.856       4.000    0.40%       1.000      1.000
     Y9                    1.868       0.745       1.000   31.80%       1.000      2.000      2.000
             500.000       0.551       0.955       5.000    0.40%       2.000      2.000
     Y10                   1.804       0.950       1.000   37.40%       1.000      2.000      2.000
             500.000       0.598       1.169       5.000    0.40%       2.000      2.000
     X1                   -0.056       0.026      -2.978    0.20%      -0.895     -0.369     -0.069
             500.000       1.008      -0.244       2.620    0.20%       0.182      0.811
     X2                    0.506      -0.024       0.000   49.40%       0.000      0.000      1.000
             500.000       0.250      -1.999       1.000   50.60%       1.000      1.000


THE MODEL ESTIMATION TERMINATED NORMALLY



MODEL FIT INFORMATION

Number of Free Parameters                       34

Loglikelihood

          H0 Value                       -4016.276

Information Criteria

          Akaike (AIC)                    8100.553
          Bayesian (BIC)                  8243.850
          Sample-Size Adjusted BIC        8135.932
            (n* = (n + 2) / 24)



MODEL RESULTS

                                                    Two-Tailed
                    Estimate       S.E.  Est./S.E.    P-Value

 F        BY
    Y1                 0.459      0.031     14.598      0.000
    Y2                 0.493      0.031     15.747      0.000
    Y3                 0.472      0.034     13.707      0.000
    Y4                 0.518      0.031     16.522      0.000
    Y5                 0.451      0.032     13.951      0.000
    Y6                 0.151      0.017      8.978      0.000
    Y7                 0.239      0.019     12.606      0.000
    Y8               999.000      0.000    999.000    999.000
    Y9                 0.455      0.032     14.110      0.000
    Y10                0.493      0.033     14.856      0.000

 Y8       ON
    X1                -0.030      0.015     -2.004      0.045
    X2                 0.027      0.030      0.909      0.364

 Means
    F                  0.000      0.000    999.000    999.000

 Intercepts
    Y1                 1.820      0.033     55.817      0.000
    Y2                 1.770      0.033     53.607      0.000
    Y3                 3.108      0.035     88.237      0.000
    Y4                 3.092      0.033     92.429      0.000
    Y5                 3.056      0.033     91.903      0.000
    Y6                 1.124      0.016     69.014      0.000
    Y7                 1.172      0.019     61.359      0.000
    Y8                 1.099      0.022     49.762      0.000
    Y9                 1.868      0.033     56.293      0.000
    Y10                1.804      0.035     52.182      0.000

 Variances
    F                  1.000      0.000    999.000    999.000

 Residual Variances
    Y1                 0.321      0.023     13.998      0.000
    Y2                 0.302      0.022     13.601      0.000
    Y3                 0.398      0.028     14.233      0.000
    Y4                 0.291      0.022     13.248      0.000
    Y5                 0.349      0.025     14.187      0.000
    Y6                 0.110      0.007     15.240      0.000
    Y7                 0.125      0.009     14.514      0.000
    Y8                 0.100      0.007     14.724      0.000
    Y9                 0.344      0.024     14.138      0.000
    Y10                0.354      0.025     13.901      0.000

New/Additional Parameters
    L8_0               0.151      0.024      6.410      0.000
    L8_1               0.012      0.015      0.793      0.428
    L8_2               0.064      0.032      2.005      0.045


QUALITY OF NUMERICAL RESULTS

     Condition Number for the Information Matrix              0.445E-04
       (ratio of smallest to largest eigenvalue)


     Beginning Time:  22:20:43
        Ending Time:  22:20:44
       Elapsed Time:  00:00:01



MUTHEN & MUTHEN
3463 Stoner Ave.
Los Angeles, CA  90066

Tel: (310) 391-9971
Fax: (310) 391-8971
Web: www.StatModel.com
Support: Support@StatModel.com

Copyright (c) 1998-2019 Muthen & Muthen
