Mplus VERSION 8.3
MUTHEN & MUTHEN
04/23/2024  10:48 PM

INPUT INSTRUCTIONS


  TITLE: Test with 10 reps

  DATA:
  File is
  G1_B2_N2_rep498.csv;

  VARIABLE:
      Names are x1 x2 eta
  	y1 y2 y3 y4 y5 y6 y7 y8 y9 y10;
      Usevariables are y1-y10 x1 x2;
      constraint = x1 x2;

  MODEL:
      f BY y1* (l1);
      f BY y2* (l2);
      f BY y3* (l3);
      f BY y4* (l4);
      f BY y5* (l5);
      f BY y6* (l6);
      f BY y7* (l7);
      f BY y8* (l8);
      f BY y9* (l9);
      f BY y10* (l10);

  y1 ON x1 x2;
  f@1;
  [f@0];

  MODEL CONSTRAINT:
      new (l1_0 l1_1 l1_2);
      l1 = l1_0 + l1_1*x1 + l1_2*x2;




INPUT READING TERMINATED NORMALLY



Test with 10 reps

SUMMARY OF ANALYSIS

Number of groups                                                 1
Number of observations                                         500

Number of dependent variables                                   10
Number of independent variables                                  2
Number of continuous latent variables                            1

Observed dependent variables

  Continuous
   Y1          Y2          Y3          Y4          Y5          Y6
   Y7          Y8          Y9          Y10

Observed independent variables
   X1          X2

Continuous latent variables
   F


Estimator                                                       ML
Information matrix                                        OBSERVED
Maximum number of iterations                                  1000
Convergence criterion                                    0.500D-04
Maximum number of steepest descent iterations                   20

Input data file(s)
  G1_B2_N2_rep498.csv

Input data format  FREE



UNIVARIATE SAMPLE STATISTICS


     UNIVARIATE HIGHER-ORDER MOMENT DESCRIPTIVE STATISTICS

         Variable/         Mean/     Skewness/   Minimum/ % with                Percentiles
        Sample Size      Variance    Kurtosis    Maximum  Min/Max      20%/60%    40%/80%    Median

     Y1                    1.888       0.615       1.000   31.40%       1.000      2.000      2.000
             500.000       0.559       0.364       5.000    0.20%       2.000      2.000
     Y2                    1.856       0.813       1.000   35.80%       1.000      2.000      2.000
             500.000       0.631       0.774       5.000    0.60%       2.000      2.000
     Y3                    3.126       0.112       1.000    1.60%       3.000      3.000      3.000
             500.000       0.626       0.250       5.000    4.40%       3.000      4.000
     Y4                    3.112      -0.122       1.000    1.00%       3.000      3.000      3.000
             500.000       0.547      -0.235       5.000    1.40%       3.000      4.000
     Y5                    3.118      -0.066       1.000    1.80%       3.000      3.000      3.000
             500.000       0.624       0.022       5.000    3.00%       3.000      4.000
     Y6                    1.200       2.558       1.000   82.60%       1.000      1.000      1.000
             500.000       0.220       7.298       4.000    0.40%       1.000      1.000
     Y7                    1.208       2.442       1.000   81.60%       1.000      1.000      1.000
             500.000       0.221       6.731       4.000    0.40%       1.000      1.000
     Y8                    1.214       2.745       1.000   81.00%       1.000      1.000      1.000
             500.000       0.232      10.747       5.000    0.20%       1.000      1.000
     Y9                    1.884       0.819       1.000   32.20%       1.000      2.000      2.000
             500.000       0.603       0.903       5.000    0.40%       2.000      2.000
     Y10                   1.882       0.967       1.000   34.20%       1.000      2.000      2.000
             500.000       0.668       1.327       5.000    1.00%       2.000      2.000
     X1                   -0.067      -0.093      -3.286    0.20%      -0.899     -0.302     -0.045
             500.000       1.152       0.179       3.147    0.20%       0.209      0.825
     X2                    0.524      -0.096       0.000   47.60%       0.000      0.000      1.000
             500.000       0.249      -1.991       1.000   52.40%       1.000      1.000


THE MODEL ESTIMATION TERMINATED NORMALLY



MODEL FIT INFORMATION

Number of Free Parameters                       34

Loglikelihood

          H0 Value                       -4368.234

Information Criteria

          Akaike (AIC)                    8804.469
          Bayesian (BIC)                  8947.766
          Sample-Size Adjusted BIC        8839.848
            (n* = (n + 2) / 24)



MODEL RESULTS

                                                    Two-Tailed
                    Estimate       S.E.  Est./S.E.    P-Value

 F        BY
    Y1               999.000      0.000    999.000    999.000
    Y2                 0.517      0.034     15.354      0.000
    Y3                 0.515      0.034     15.349      0.000
    Y4                 0.471      0.032     14.912      0.000
    Y5                 0.497      0.034     14.706      0.000
    Y6                 0.263      0.021     12.747      0.000
    Y7                 0.279      0.020     13.643      0.000
    Y8                 0.250      0.021     11.612      0.000
    Y9                 0.503      0.033     15.260      0.000
    Y10                0.556      0.034     16.280      0.000

 Y1       ON
    X1                 0.002      0.026      0.081      0.936
    X2                 0.086      0.056      1.517      0.129

 Means
    F                  0.000      0.000    999.000    999.000

 Intercepts
    Y1                 1.846      0.046     40.495      0.000
    Y2                 1.856      0.036     52.234      0.000
    Y3                 3.126      0.035     88.337      0.000
    Y4                 3.112      0.033     94.048      0.000
    Y5                 3.118      0.035     88.256      0.000
    Y6                 1.200      0.021     57.208      0.000
    Y7                 1.208      0.021     57.493      0.000
    Y8                 1.214      0.022     56.334      0.000
    Y9                 1.884      0.035     54.271      0.000
    Y10                1.882      0.037     51.486      0.000

 Variances
    F                  1.000      0.000    999.000    999.000

 Residual Variances
    Y1                 0.335      0.024     14.179      0.000
    Y2                 0.364      0.026     13.964      0.000
    Y3                 0.361      0.026     13.955      0.000
    Y4                 0.326      0.023     14.078      0.000
    Y5                 0.377      0.027     14.168      0.000
    Y6                 0.151      0.010     14.635      0.000
    Y7                 0.143      0.010     14.427      0.000
    Y8                 0.170      0.011     14.880      0.000
    Y9                 0.350      0.025     13.988      0.000
    Y10                0.358      0.026     13.649      0.000

New/Additional Parameters
    L1_0               0.466      0.049      9.589      0.000
    L1_1              -0.006      0.025     -0.236      0.814
    L1_2              -0.008      0.062     -0.126      0.900


QUALITY OF NUMERICAL RESULTS

     Condition Number for the Information Matrix              0.944E-04
       (ratio of smallest to largest eigenvalue)


     Beginning Time:  22:48:42
        Ending Time:  22:48:44
       Elapsed Time:  00:00:02



MUTHEN & MUTHEN
3463 Stoner Ave.
Los Angeles, CA  90066

Tel: (310) 391-9971
Fax: (310) 391-8971
Web: www.StatModel.com
Support: Support@StatModel.com

Copyright (c) 1998-2019 Muthen & Muthen
