Mplus VERSION 8.3
MUTHEN & MUTHEN
04/23/2024  10:43 PM

INPUT INSTRUCTIONS


  TITLE: Test with 10 reps

  DATA:
  File is
  G1_B2_N2_rep481.csv;

  VARIABLE:
      Names are x1 x2 eta
  	y1 y2 y3 y4 y5 y6 y7 y8 y9 y10;
      Usevariables are y1-y10 x1 x2;
      constraint = x1 x2;

  MODEL:
      f BY y1* (l1);
      f BY y2* (l2);
      f BY y3* (l3);
      f BY y4* (l4);
      f BY y5* (l5);
      f BY y6* (l6);
      f BY y7* (l7);
      f BY y8* (l8);
      f BY y9* (l9);
      f BY y10* (l10);

  y4 ON x1 x2;
  f@1;
  [f@0];

  MODEL CONSTRAINT:
      new (l4_0 l4_1 l4_2);
      l4 = l4_0 + l4_1*x1 + l4_2*x2;




INPUT READING TERMINATED NORMALLY



Test with 10 reps

SUMMARY OF ANALYSIS

Number of groups                                                 1
Number of observations                                         500

Number of dependent variables                                   10
Number of independent variables                                  2
Number of continuous latent variables                            1

Observed dependent variables

  Continuous
   Y1          Y2          Y3          Y4          Y5          Y6
   Y7          Y8          Y9          Y10

Observed independent variables
   X1          X2

Continuous latent variables
   F


Estimator                                                       ML
Information matrix                                        OBSERVED
Maximum number of iterations                                  1000
Convergence criterion                                    0.500D-04
Maximum number of steepest descent iterations                   20

Input data file(s)
  G1_B2_N2_rep481.csv

Input data format  FREE



UNIVARIATE SAMPLE STATISTICS


     UNIVARIATE HIGHER-ORDER MOMENT DESCRIPTIVE STATISTICS

         Variable/         Mean/     Skewness/   Minimum/ % with                Percentiles
        Sample Size      Variance    Kurtosis    Maximum  Min/Max      20%/60%    40%/80%    Median

     Y1                    1.842       0.719       1.000   32.80%       1.000      2.000      2.000
             500.000       0.529       0.777       5.000    0.20%       2.000      2.000
     Y2                    1.866       0.609       1.000   32.20%       1.000      2.000      2.000
             500.000       0.540       0.391       5.000    0.20%       2.000      2.000
     Y3                    3.112      -0.030       1.000    1.20%       3.000      3.000      3.000
             500.000       0.583      -0.092       5.000    2.40%       3.000      4.000
     Y4                    3.174      -0.082       1.000    1.60%       3.000      3.000      3.000
             500.000       0.576       0.323       5.000    3.20%       3.000      4.000
     Y5                    3.126      -0.025       1.000    1.20%       2.000      3.000      3.000
             500.000       0.614      -0.196       5.000    2.80%       3.000      4.000
     Y6                    1.184       2.544       1.000   83.80%       1.000      1.000      1.000
             500.000       0.198       6.818       4.000    0.20%       1.000      1.000
     Y7                    1.176       1.900       1.000   82.80%       1.000      1.000      1.000
             500.000       0.153       2.232       3.000    0.40%       1.000      1.000
     Y8                    1.182       2.072       1.000   82.80%       1.000      1.000      1.000
             500.000       0.169       3.405       3.000    1.00%       1.000      1.000
     Y9                    1.864       0.694       1.000   33.60%       1.000      2.000      2.000
             500.000       0.582       0.426       5.000    0.20%       2.000      2.000
     Y10                   1.838       0.513       1.000   32.80%       1.000      2.000      2.000
             500.000       0.496       0.252       5.000    0.20%       2.000      2.000
     X1                   -0.011       0.064      -2.687    0.20%      -0.880     -0.213      0.021
             500.000       0.979      -0.171       2.829    0.20%       0.208      0.781
     X2                    0.508      -0.032       0.000   49.20%       0.000      0.000      1.000
             500.000       0.250      -1.999       1.000   50.80%       1.000      1.000


THE MODEL ESTIMATION TERMINATED NORMALLY



MODEL FIT INFORMATION

Number of Free Parameters                       34

Loglikelihood

          H0 Value                       -4075.978

Information Criteria

          Akaike (AIC)                    8219.956
          Bayesian (BIC)                  8363.253
          Sample-Size Adjusted BIC        8255.335
            (n* = (n + 2) / 24)



MODEL RESULTS

                                                    Two-Tailed
                    Estimate       S.E.  Est./S.E.    P-Value

 F        BY
    Y1                 0.472      0.031     15.195      0.000
    Y2                 0.487      0.031     15.652      0.000
    Y3                 0.501      0.032     15.449      0.000
    Y4               999.000      0.000    999.000    999.000
    Y5                 0.486      0.034     14.361      0.000
    Y6                 0.239      0.020     12.066      0.000
    Y7                 0.189      0.018     10.710      0.000
    Y8                 0.219      0.018     11.976      0.000
    Y9                 0.514      0.032     15.984      0.000
    Y10                0.423      0.031     13.844      0.000

 Y4       ON
    X1                 0.031      0.029      1.055      0.292
    X2                -0.055      0.057     -0.964      0.335

 Means
    F                  0.000      0.000    999.000    999.000

 Intercepts
    Y1                 1.842      0.033     56.628      0.000
    Y2                 1.866      0.033     56.778      0.000
    Y3                 3.112      0.034     91.100      0.000
    Y4                 3.209      0.046     69.164      0.000
    Y5                 3.126      0.035     89.196      0.000
    Y6                 1.184      0.020     59.477      0.000
    Y7                 1.176      0.017     67.222      0.000
    Y8                 1.182      0.018     64.316      0.000
    Y9                 1.864      0.034     54.658      0.000
    Y10                1.838      0.031     58.371      0.000

 Variances
    F                  1.000      0.000    999.000    999.000

 Residual Variances
    Y1                 0.307      0.022     13.865      0.000
    Y2                 0.303      0.022     13.737      0.000
    Y3                 0.332      0.024     13.808      0.000
    Y4                 0.344      0.024     14.046      0.000
    Y5                 0.378      0.027     14.153      0.000
    Y6                 0.141      0.010     14.743      0.000
    Y7                 0.117      0.008     15.006      0.000
    Y8                 0.121      0.008     14.757      0.000
    Y9                 0.317      0.023     13.598      0.000
    Y10                0.316      0.022     14.312      0.000

New/Additional Parameters
    L4_0               0.537      0.047     11.407      0.000
    L4_1               0.023      0.032      0.741      0.459
    L4_2              -0.114      0.061     -1.867      0.062


QUALITY OF NUMERICAL RESULTS

     Condition Number for the Information Matrix              0.598E-04
       (ratio of smallest to largest eigenvalue)


     Beginning Time:  22:43:21
        Ending Time:  22:43:22
       Elapsed Time:  00:00:01



MUTHEN & MUTHEN
3463 Stoner Ave.
Los Angeles, CA  90066

Tel: (310) 391-9971
Fax: (310) 391-8971
Web: www.StatModel.com
Support: Support@StatModel.com

Copyright (c) 1998-2019 Muthen & Muthen
