Mplus VERSION 8.3
MUTHEN & MUTHEN
04/23/2024  10:23 PM

INPUT INSTRUCTIONS


  TITLE: Test with 10 reps

  DATA:
  File is
  G1_B2_N2_rep421.csv;

  VARIABLE:
      Names are x1 x2 eta
  	y1 y2 y3 y4 y5 y6 y7 y8 y9 y10;
      Usevariables are y1-y10 x1 x2;
      constraint = x1 x2;

  MODEL:
      f BY y1* (l1);
      f BY y2* (l2);
      f BY y3* (l3);
      f BY y4* (l4);
      f BY y5* (l5);
      f BY y6* (l6);
      f BY y7* (l7);
      f BY y8* (l8);
      f BY y9* (l9);
      f BY y10* (l10);

  y7 ON x1 x2;
  f@1;
  [f@0];

  MODEL CONSTRAINT:
      new (l7_0 l7_1 l7_2);
      l7 = l7_0 + l7_1*x1 + l7_2*x2;




INPUT READING TERMINATED NORMALLY



Test with 10 reps

SUMMARY OF ANALYSIS

Number of groups                                                 1
Number of observations                                         500

Number of dependent variables                                   10
Number of independent variables                                  2
Number of continuous latent variables                            1

Observed dependent variables

  Continuous
   Y1          Y2          Y3          Y4          Y5          Y6
   Y7          Y8          Y9          Y10

Observed independent variables
   X1          X2

Continuous latent variables
   F


Estimator                                                       ML
Information matrix                                        OBSERVED
Maximum number of iterations                                  1000
Convergence criterion                                    0.500D-04
Maximum number of steepest descent iterations                   20

Input data file(s)
  G1_B2_N2_rep421.csv

Input data format  FREE



UNIVARIATE SAMPLE STATISTICS


     UNIVARIATE HIGHER-ORDER MOMENT DESCRIPTIVE STATISTICS

         Variable/         Mean/     Skewness/   Minimum/ % with                Percentiles
        Sample Size      Variance    Kurtosis    Maximum  Min/Max      20%/60%    40%/80%    Median

     Y1                    1.824       0.963       1.000   35.00%       1.000      2.000      2.000
             500.000       0.577       1.556       5.000    0.60%       2.000      2.000
     Y2                    1.856       0.842       1.000   33.40%       1.000      2.000      2.000
             500.000       0.583       1.030       5.000    0.40%       2.000      2.000
     Y3                    3.094       0.016       1.000    0.60%       3.000      3.000      3.000
             500.000       0.521      -0.187       5.000    1.60%       3.000      4.000
     Y4                    3.130       0.226       2.000   20.40%       2.000      3.000      3.000
             500.000       0.589      -0.404       5.000    3.40%       3.000      4.000
     Y5                    3.104      -0.037       1.000    1.20%       3.000      3.000      3.000
             500.000       0.529       0.198       5.000    2.00%       3.000      4.000
     Y6                    1.150       3.532       1.000   86.80%       1.000      1.000      1.000
             500.000       0.176      17.844       5.000    0.20%       1.000      1.000
     Y7                    1.150       2.688       1.000   85.80%       1.000      1.000      1.000
             500.000       0.148       8.502       4.000    0.20%       1.000      1.000
     Y8                    1.166       3.412       1.000   85.40%       1.000      1.000      1.000
             500.000       0.194      16.541       5.000    0.20%       1.000      1.000
     Y9                    1.816       0.652       1.000   33.80%       1.000      2.000      2.000
             500.000       0.498       0.669       5.000    0.20%       2.000      2.000
     Y10                   1.838       0.965       1.000   34.60%       1.000      2.000      2.000
             500.000       0.596       1.460       5.000    0.60%       2.000      2.000
     X1                   -0.080      -0.030      -2.988    0.20%      -0.915     -0.337     -0.073
             500.000       0.937      -0.147       2.863    0.20%       0.154      0.770
     X2                    0.476       0.096       0.000   52.40%       0.000      0.000      0.000
             500.000       0.249      -1.991       1.000   47.60%       1.000      1.000


THE MODEL ESTIMATION TERMINATED NORMALLY



MODEL FIT INFORMATION

Number of Free Parameters                       34

Loglikelihood

          H0 Value                       -4078.464

Information Criteria

          Akaike (AIC)                    8224.928
          Bayesian (BIC)                  8368.224
          Sample-Size Adjusted BIC        8260.306
            (n* = (n + 2) / 24)



MODEL RESULTS

                                                    Two-Tailed
                    Estimate       S.E.  Est./S.E.    P-Value

 F        BY
    Y1                 0.473      0.033     14.383      0.000
    Y2                 0.492      0.033     15.018      0.000
    Y3                 0.442      0.031     14.110      0.000
    Y4                 0.493      0.033     14.963      0.000
    Y5                 0.430      0.032     13.501      0.000
    Y6                 0.212      0.019     11.219      0.000
    Y7               999.000      0.000    999.000    999.000
    Y8                 0.234      0.020     11.861      0.000
    Y9                 0.423      0.031     13.745      0.000
    Y10                0.506      0.033     15.366      0.000

 Y7       ON
    X1                 0.014      0.016      0.885      0.376
    X2                 0.061      0.029      2.073      0.038

 Means
    F                  0.000      0.000    999.000    999.000

 Intercepts
    Y1                 1.824      0.034     53.693      0.000
    Y2                 1.856      0.034     54.342      0.000
    Y3                 3.094      0.032     95.834      0.000
    Y4                 3.130      0.034     91.188      0.000
    Y5                 3.104      0.033     95.412      0.000
    Y6                 1.150      0.019     61.383      0.000
    Y7                 1.094      0.021     53.184      0.000
    Y8                 1.166      0.020     59.127      0.000
    Y9                 1.816      0.032     57.534      0.000
    Y10                1.838      0.035     53.247      0.000

 Variances
    F                  1.000      0.000    999.000    999.000

 Residual Variances
    Y1                 0.354      0.025     14.059      0.000
    Y2                 0.342      0.025     13.847      0.000
    Y3                 0.326      0.023     14.137      0.000
    Y4                 0.346      0.025     13.864      0.000
    Y5                 0.344      0.024     14.314      0.000
    Y6                 0.131      0.009     14.857      0.000
    Y7                 0.092      0.007     14.156      0.000
    Y8                 0.140      0.009     14.713      0.000
    Y9                 0.319      0.022     14.252      0.000
    Y10                0.340      0.025     13.710      0.000

New/Additional Parameters
    L7_0               0.134      0.023      5.871      0.000
    L7_1               0.082      0.017      4.696      0.000
    L7_2               0.139      0.031      4.471      0.000


QUALITY OF NUMERICAL RESULTS

     Condition Number for the Information Matrix              0.403E-04
       (ratio of smallest to largest eigenvalue)


     Beginning Time:  22:23:25
        Ending Time:  22:23:27
       Elapsed Time:  00:00:02



MUTHEN & MUTHEN
3463 Stoner Ave.
Los Angeles, CA  90066

Tel: (310) 391-9971
Fax: (310) 391-8971
Web: www.StatModel.com
Support: Support@StatModel.com

Copyright (c) 1998-2019 Muthen & Muthen
