Mplus VERSION 8.3
MUTHEN & MUTHEN
04/23/2024  10:50 PM

INPUT INSTRUCTIONS


  TITLE: Test with 10 reps

  DATA:
  File is
  G1_B2_N2_rep500.csv;

  VARIABLE:
      Names are x1 x2 eta
  	y1 y2 y3 y4 y5 y6 y7 y8 y9 y10;
      Usevariables are y1-y10 x1 x2;
      constraint = x1 x2;

  MODEL:
      f BY y1* (l1);
      f BY y2* (l2);
      f BY y3* (l3);
      f BY y4* (l4);
      f BY y5* (l5);
      f BY y6* (l6);
      f BY y7* (l7);
      f BY y8* (l8);
      f BY y9* (l9);
      f BY y10* (l10);

  y6 ON x1 x2;
  f@1;
  [f@0];

  MODEL CONSTRAINT:
      new (l6_0 l6_1 l6_2);
      l6 = l6_0 + l6_1*x1 + l6_2*x2;




INPUT READING TERMINATED NORMALLY



Test with 10 reps

SUMMARY OF ANALYSIS

Number of groups                                                 1
Number of observations                                         500

Number of dependent variables                                   10
Number of independent variables                                  2
Number of continuous latent variables                            1

Observed dependent variables

  Continuous
   Y1          Y2          Y3          Y4          Y5          Y6
   Y7          Y8          Y9          Y10

Observed independent variables
   X1          X2

Continuous latent variables
   F


Estimator                                                       ML
Information matrix                                        OBSERVED
Maximum number of iterations                                  1000
Convergence criterion                                    0.500D-04
Maximum number of steepest descent iterations                   20

Input data file(s)
  G1_B2_N2_rep500.csv

Input data format  FREE



UNIVARIATE SAMPLE STATISTICS


     UNIVARIATE HIGHER-ORDER MOMENT DESCRIPTIVE STATISTICS

         Variable/         Mean/     Skewness/   Minimum/ % with                Percentiles
        Sample Size      Variance    Kurtosis    Maximum  Min/Max      20%/60%    40%/80%    Median

     Y1                    1.784       0.977       1.000   38.60%       1.000      2.000      2.000
             500.000       0.585       1.424       5.000    0.60%       2.000      2.000
     Y2                    1.820       0.814       1.000   34.40%       1.000      2.000      2.000
             500.000       0.536       1.171       5.000    0.40%       2.000      2.000
     Y3                    3.084       0.004       1.000    1.20%       2.000      3.000      3.000
             500.000       0.609      -0.245       5.000    2.40%       3.000      4.000
     Y4                    3.056       0.153       1.000    1.20%       2.000      3.000      3.000
             500.000       0.577       0.180       5.000    3.00%       3.000      4.000
     Y5                    3.100       0.122       1.000    0.60%       2.000      3.000      3.000
             500.000       0.614      -0.359       5.000    3.00%       3.000      4.000
     Y6                    1.188       2.951       1.000   83.60%       1.000      1.000      1.000
             500.000       0.213      12.037       5.000    0.20%       1.000      1.000
     Y7                    1.188       2.951       1.000   83.60%       1.000      1.000      1.000
             500.000       0.213      12.037       5.000    0.20%       1.000      1.000
     Y8                    1.178       2.622       1.000   84.40%       1.000      1.000      1.000
             500.000       0.194       7.280       4.000    0.20%       1.000      1.000
     Y9                    1.778       0.866       1.000   37.20%       1.000      2.000      2.000
             500.000       0.529       1.275       5.000    0.40%       2.000      2.000
     Y10                   1.786       0.776       1.000   38.00%       1.000      2.000      2.000
             500.000       0.552       0.610       5.000    0.20%       2.000      2.000
     X1                    0.046      -0.003      -2.856    0.20%      -0.830     -0.234      0.039
             500.000       1.022      -0.216       3.084    0.20%       0.269      0.938
     X2                    0.502      -0.008       0.000   49.80%       0.000      0.000      1.000
             500.000       0.250      -2.000       1.000   50.20%       1.000      1.000


THE MODEL ESTIMATION TERMINATED NORMALLY



MODEL FIT INFORMATION

Number of Free Parameters                       34

Loglikelihood

          H0 Value                       -4184.979

Information Criteria

          Akaike (AIC)                    8437.958
          Bayesian (BIC)                  8581.255
          Sample-Size Adjusted BIC        8473.336
            (n* = (n + 2) / 24)



MODEL RESULTS

                                                    Two-Tailed
                    Estimate       S.E.  Est./S.E.    P-Value

 F        BY
    Y1                 0.532      0.032     16.740      0.000
    Y2                 0.447      0.032     14.174      0.000
    Y3                 0.504      0.033     15.240      0.000
    Y4                 0.478      0.032     14.716      0.000
    Y5                 0.487      0.034     14.463      0.000
    Y6               999.000      0.000    999.000    999.000
    Y7                 0.250      0.020     12.277      0.000
    Y8                 0.244      0.019     12.613      0.000
    Y9                 0.496      0.030     16.365      0.000
    Y10                0.484      0.031     15.412      0.000

 Y6       ON
    X1                -0.021      0.018     -1.192      0.233
    X2                -0.010      0.036     -0.288      0.773

 Means
    F                  0.000      0.000    999.000    999.000

 Intercepts
    Y1                 1.784      0.034     52.140      0.000
    Y2                 1.820      0.033     55.608      0.000
    Y3                 3.084      0.035     88.371      0.000
    Y4                 3.056      0.034     89.971      0.000
    Y5                 3.100      0.035     88.463      0.000
    Y6                 1.176      0.027     43.383      0.000
    Y7                 1.188      0.021     57.605      0.000
    Y8                 1.178      0.020     59.755      0.000
    Y9                 1.778      0.033     54.677      0.000
    Y10                1.786      0.033     53.742      0.000

 Variances
    F                  1.000      0.000    999.000    999.000

 Residual Variances
    Y1                 0.303      0.022     13.510      0.000
    Y2                 0.336      0.023     14.354      0.000
    Y3                 0.355      0.025     14.044      0.000
    Y4                 0.349      0.025     14.192      0.000
    Y5                 0.377      0.027     14.237      0.000
    Y6                 0.136      0.010     14.285      0.000
    Y7                 0.150      0.010     14.760      0.000
    Y8                 0.135      0.009     14.729      0.000
    Y9                 0.282      0.021     13.689      0.000
    Y10                0.318      0.023     14.005      0.000

New/Additional Parameters
    L6_0               0.202      0.030      6.757      0.000
    L6_1               0.009      0.019      0.464      0.642
    L6_2               0.128      0.039      3.302      0.001


QUALITY OF NUMERICAL RESULTS

     Condition Number for the Information Matrix              0.811E-04
       (ratio of smallest to largest eigenvalue)


     Beginning Time:  22:50:03
        Ending Time:  22:50:04
       Elapsed Time:  00:00:01



MUTHEN & MUTHEN
3463 Stoner Ave.
Los Angeles, CA  90066

Tel: (310) 391-9971
Fax: (310) 391-8971
Web: www.StatModel.com
Support: Support@StatModel.com

Copyright (c) 1998-2019 Muthen & Muthen
