Mplus VERSION 8.3
MUTHEN & MUTHEN
04/23/2024  11:03 PM

INPUT INSTRUCTIONS


  TITLE: Test with 10 reps

  DATA:
  File is
  G1_B2_N2_rep89.csv;

  VARIABLE:
      Names are x1 x2 eta
  	y1 y2 y3 y4 y5 y6 y7 y8 y9 y10;
      Usevariables are y1-y10 x1 x2;
      constraint = x1 x2;

  MODEL:
      f BY y1* (l1);
      f BY y2* (l2);
      f BY y3* (l3);
      f BY y4* (l4);
      f BY y5* (l5);
      f BY y6* (l6);
      f BY y7* (l7);
      f BY y8* (l8);
      f BY y9* (l9);
      f BY y10* (l10);

  y8 ON x1 x2;
  f@1;
  [f@0];

  MODEL CONSTRAINT:
      new (l8_0 l8_1 l8_2);
      l8 = l8_0 + l8_1*x1 + l8_2*x2;




INPUT READING TERMINATED NORMALLY



Test with 10 reps

SUMMARY OF ANALYSIS

Number of groups                                                 1
Number of observations                                         500

Number of dependent variables                                   10
Number of independent variables                                  2
Number of continuous latent variables                            1

Observed dependent variables

  Continuous
   Y1          Y2          Y3          Y4          Y5          Y6
   Y7          Y8          Y9          Y10

Observed independent variables
   X1          X2

Continuous latent variables
   F


Estimator                                                       ML
Information matrix                                        OBSERVED
Maximum number of iterations                                  1000
Convergence criterion                                    0.500D-04
Maximum number of steepest descent iterations                   20

Input data file(s)
  G1_B2_N2_rep89.csv

Input data format  FREE



UNIVARIATE SAMPLE STATISTICS


     UNIVARIATE HIGHER-ORDER MOMENT DESCRIPTIVE STATISTICS

         Variable/         Mean/     Skewness/   Minimum/ % with                Percentiles
        Sample Size      Variance    Kurtosis    Maximum  Min/Max      20%/60%    40%/80%    Median

     Y1                    1.828       0.960       1.000   36.60%       1.000      2.000      2.000
             500.000       0.614       1.546       5.000    1.00%       2.000      2.000
     Y2                    1.840       0.939       1.000   32.00%       1.000      2.000      2.000
             500.000       0.530       1.898       5.000    0.60%       2.000      2.000
     Y3                    3.116       0.001       1.000    0.20%       3.000      3.000      3.000
             500.000       0.535      -0.563       5.000    1.40%       3.000      4.000
     Y4                    3.076      -0.080       1.000    1.60%       2.000      3.000      3.000
             500.000       0.598      -0.132       5.000    2.00%       3.000      4.000
     Y5                    3.108       0.043       1.000    0.80%       3.000      3.000      3.000
             500.000       0.568      -0.164       5.000    2.40%       3.000      4.000
     Y6                    1.122       2.739       1.000   88.40%       1.000      1.000      1.000
             500.000       0.119       6.881       3.000    0.60%       1.000      1.000
     Y7                    1.204       2.663       1.000   82.40%       1.000      1.000      1.000
             500.000       0.230       8.237       4.000    0.60%       1.000      1.000
     Y8                    1.178       2.817       1.000   84.60%       1.000      1.000      1.000
             500.000       0.202       9.021       4.000    0.40%       1.000      1.000
     Y9                    1.834       0.809       1.000   33.80%       1.000      2.000      2.000
             500.000       0.546       1.112       5.000    0.40%       2.000      2.000
     Y10                   1.892       0.661       1.000   32.20%       1.000      2.000      2.000
             500.000       0.592       0.342       5.000    0.20%       2.000      2.000
     X1                   -0.041      -0.160      -2.627    0.20%      -0.906     -0.253     -0.016
             500.000       0.952      -0.368       2.445    0.20%       0.214      0.809
     X2                    0.516      -0.064       0.000   48.40%       0.000      0.000      1.000
             500.000       0.250      -1.996       1.000   51.60%       1.000      1.000


THE MODEL ESTIMATION TERMINATED NORMALLY



MODEL FIT INFORMATION

Number of Free Parameters                       34

Loglikelihood

          H0 Value                       -4148.540

Information Criteria

          Akaike (AIC)                    8365.080
          Bayesian (BIC)                  8508.376
          Sample-Size Adjusted BIC        8400.458
            (n* = (n + 2) / 24)



MODEL RESULTS

                                                    Two-Tailed
                    Estimate       S.E.  Est./S.E.    P-Value

 F        BY
    Y1                 0.517      0.033     15.476      0.000
    Y2                 0.468      0.031     15.010      0.000
    Y3                 0.438      0.032     13.693      0.000
    Y4                 0.490      0.033     14.701      0.000
    Y5                 0.440      0.033     13.294      0.000
    Y6                 0.170      0.016     10.853      0.000
    Y7                 0.272      0.021     12.812      0.000
    Y8               999.000      0.000    999.000    999.000
    Y9                 0.425      0.033     13.077      0.000
    Y10                0.516      0.033     15.831      0.000

 Y8       ON
    X1                -0.006      0.018     -0.352      0.725
    X2                -0.034      0.036     -0.958      0.338

 Means
    F                  0.000      0.000    999.000    999.000

 Intercepts
    Y1                 1.828      0.035     52.147      0.000
    Y2                 1.840      0.033     56.494      0.000
    Y3                 3.116      0.033     95.300      0.000
    Y4                 3.076      0.035     88.928      0.000
    Y5                 3.108      0.034     92.186      0.000
    Y6                 1.122      0.015     72.693      0.000
    Y7                 1.204      0.021     56.090      0.000
    Y8                 1.171      0.028     42.499      0.000
    Y9                 1.834      0.033     55.477      0.000
    Y10                1.892      0.034     54.970      0.000

 Variances
    F                  1.000      0.000    999.000    999.000

 Residual Variances
    Y1                 0.347      0.025     13.668      0.000
    Y2                 0.311      0.022     13.876      0.000
    Y3                 0.343      0.024     14.237      0.000
    Y4                 0.358      0.026     13.932      0.000
    Y5                 0.374      0.026     14.356      0.000
    Y6                 0.090      0.006     14.926      0.000
    Y7                 0.156      0.011     14.473      0.000
    Y8                 0.134      0.009     14.302      0.000
    Y9                 0.365      0.025     14.445      0.000
    Y10                0.326      0.024     13.562      0.000

New/Additional Parameters
    L8_0               0.214      0.031      6.969      0.000
    L8_1               0.068      0.017      3.967      0.000
    L8_2               0.054      0.039      1.389      0.165


QUALITY OF NUMERICAL RESULTS

     Condition Number for the Information Matrix              0.358E-04
       (ratio of smallest to largest eigenvalue)


     Beginning Time:  23:03:03
        Ending Time:  23:03:05
       Elapsed Time:  00:00:02



MUTHEN & MUTHEN
3463 Stoner Ave.
Los Angeles, CA  90066

Tel: (310) 391-9971
Fax: (310) 391-8971
Web: www.StatModel.com
Support: Support@StatModel.com

Copyright (c) 1998-2019 Muthen & Muthen
