Mplus VERSION 8.3
MUTHEN & MUTHEN
04/23/2024  11:05 PM

INPUT INSTRUCTIONS


  TITLE: Test with 10 reps

  DATA:
  File is
  G1_B2_N2_rep96.csv;

  VARIABLE:
      Names are x1 x2 eta
  	y1 y2 y3 y4 y5 y6 y7 y8 y9 y10;
      Usevariables are y1-y10 x1 x2;
      constraint = x1 x2;

  MODEL:
      f BY y1* (l1);
      f BY y2* (l2);
      f BY y3* (l3);
      f BY y4* (l4);
      f BY y5* (l5);
      f BY y6* (l6);
      f BY y7* (l7);
      f BY y8* (l8);
      f BY y9* (l9);
      f BY y10* (l10);

  y4 ON x1 x2;
  f@1;
  [f@0];

  MODEL CONSTRAINT:
      new (l4_0 l4_1 l4_2);
      l4 = l4_0 + l4_1*x1 + l4_2*x2;




INPUT READING TERMINATED NORMALLY



Test with 10 reps

SUMMARY OF ANALYSIS

Number of groups                                                 1
Number of observations                                         500

Number of dependent variables                                   10
Number of independent variables                                  2
Number of continuous latent variables                            1

Observed dependent variables

  Continuous
   Y1          Y2          Y3          Y4          Y5          Y6
   Y7          Y8          Y9          Y10

Observed independent variables
   X1          X2

Continuous latent variables
   F


Estimator                                                       ML
Information matrix                                        OBSERVED
Maximum number of iterations                                  1000
Convergence criterion                                    0.500D-04
Maximum number of steepest descent iterations                   20

Input data file(s)
  G1_B2_N2_rep96.csv

Input data format  FREE



UNIVARIATE SAMPLE STATISTICS


     UNIVARIATE HIGHER-ORDER MOMENT DESCRIPTIVE STATISTICS

         Variable/         Mean/     Skewness/   Minimum/ % with                Percentiles
        Sample Size      Variance    Kurtosis    Maximum  Min/Max      20%/60%    40%/80%    Median

     Y1                    1.846       0.593       1.000   32.60%       1.000      2.000      2.000
             500.000       0.518       0.231       4.000    2.20%       2.000      2.000
     Y2                    1.790       0.958       1.000   37.40%       1.000      2.000      2.000
             500.000       0.566       1.524       5.000    0.60%       2.000      2.000
     Y3                    3.130      -0.030       1.000    0.80%       3.000      3.000      3.000
             500.000       0.577      -0.291       5.000    2.20%       3.000      4.000
     Y4                    3.124      -0.127       1.000    0.80%       2.000      3.000      3.000
             500.000       0.573      -0.480       5.000    1.40%       3.000      4.000
     Y5                    3.156      -0.030       1.000    1.40%       3.000      3.000      3.000
             500.000       0.640      -0.117       5.000    3.60%       3.000      4.000
     Y6                    1.154       2.805       1.000   86.00%       1.000      1.000      1.000
             500.000       0.162       8.900       4.000    0.20%       1.000      1.000
     Y7                    1.182       2.197       1.000   83.20%       1.000      1.000      1.000
             500.000       0.177       4.121       3.000    1.40%       1.000      1.000
     Y8                    1.158       3.067       1.000   86.20%       1.000      1.000      1.000
             500.000       0.181      11.065       4.000    0.40%       1.000      1.000
     Y9                    1.872       0.675       1.000   32.00%       1.000      2.000      2.000
             500.000       0.556       0.538       5.000    0.20%       2.000      2.000
     Y10                   1.850       0.610       1.000   35.40%       1.000      2.000      2.000
             500.000       0.583       0.084       5.000    0.20%       2.000      2.000
     X1                   -0.077       0.103      -2.755    0.20%      -0.984     -0.308     -0.076
             500.000       0.960      -0.116       3.391    0.20%       0.213      0.712
     X2                    0.518      -0.072       0.000   48.20%       0.000      0.000      1.000
             500.000       0.250      -1.995       1.000   51.80%       1.000      1.000


THE MODEL ESTIMATION TERMINATED NORMALLY



MODEL FIT INFORMATION

Number of Free Parameters                       34

Loglikelihood

          H0 Value                       -4207.001

Information Criteria

          Akaike (AIC)                    8482.003
          Bayesian (BIC)                  8625.299
          Sample-Size Adjusted BIC        8517.381
            (n* = (n + 2) / 24)



MODEL RESULTS

                                                    Two-Tailed
                    Estimate       S.E.  Est./S.E.    P-Value

 F        BY
    Y1                 0.470      0.031     15.191      0.000
    Y2                 0.457      0.033     13.865      0.000
    Y3                 0.501      0.033     15.378      0.000
    Y4               999.000      0.000    999.000    999.000
    Y5                 0.530      0.034     15.498      0.000
    Y6                 0.174      0.019      9.333      0.000
    Y7                 0.201      0.019     10.461      0.000
    Y8                 0.177      0.020      8.945      0.000
    Y9                 0.473      0.032     14.665      0.000
    Y10                0.462      0.033     13.806      0.000

 Y4       ON
    X1                 0.019      0.030      0.623      0.533
    X2                 0.088      0.059      1.507      0.132

 Means
    F                  0.000      0.000    999.000    999.000

 Intercepts
    Y1                 1.846      0.032     57.337      0.000
    Y2                 1.790      0.034     53.207      0.000
    Y3                 3.130      0.034     92.130      0.000
    Y4                 3.086      0.047     65.252      0.000
    Y5                 3.156      0.036     88.236      0.000
    Y6                 1.154      0.018     64.055      0.000
    Y7                 1.182      0.019     62.844      0.000
    Y8                 1.158      0.019     60.857      0.000
    Y9                 1.872      0.033     56.157      0.000
    Y10                1.850      0.034     54.155      0.000

 Variances
    F                  1.000      0.000    999.000    999.000

 Residual Variances
    Y1                 0.297      0.022     13.600      0.000
    Y2                 0.357      0.025     14.051      0.000
    Y3                 0.326      0.024     13.505      0.000
    Y4                 0.367      0.026     14.215      0.000
    Y5                 0.358      0.027     13.457      0.000
    Y6                 0.132      0.009     15.125      0.000
    Y7                 0.136      0.009     14.919      0.000
    Y8                 0.150      0.010     15.173      0.000
    Y9                 0.332      0.024     13.791      0.000
    Y10                0.370      0.026     14.077      0.000

New/Additional Parameters
    L4_0               0.466      0.049      9.598      0.000
    L4_1               0.001      0.033      0.015      0.988
    L4_2              -0.057      0.063     -0.900      0.368


QUALITY OF NUMERICAL RESULTS

     Condition Number for the Information Matrix              0.747E-04
       (ratio of smallest to largest eigenvalue)


     Beginning Time:  23:05:23
        Ending Time:  23:05:25
       Elapsed Time:  00:00:02



MUTHEN & MUTHEN
3463 Stoner Ave.
Los Angeles, CA  90066

Tel: (310) 391-9971
Fax: (310) 391-8971
Web: www.StatModel.com
Support: Support@StatModel.com

Copyright (c) 1998-2019 Muthen & Muthen
