Mplus VERSION 8.3
MUTHEN & MUTHEN
04/24/2024   8:27 AM

INPUT INSTRUCTIONS


  TITLE: Test with 10 reps

  DATA:
  File is
  G2_B1_N3_rep128.csv;

  VARIABLE:
      Names are x1 x2 eta
  	y1 y2 y3 y4 y5 y6 y7 y8 y9 y10;
      Usevariables are y1-y10 x1 x2;
      constraint = x1 x2;

  MODEL:
      f BY y1* (l1);
      f BY y2* (l2);
      f BY y3* (l3);
      f BY y4* (l4);
      f BY y5* (l5);
      f BY y6* (l6);
      f BY y7* (l7);
      f BY y8* (l8);
      f BY y9* (l9);
      f BY y10* (l10);

  y4 ON x1 x2;
  f@1;
  [f@0];

  MODEL CONSTRAINT:
      new (l4_0 l4_1 l4_2);
      l4 = l4_0 + l4_1*x1 + l4_2*x2;




INPUT READING TERMINATED NORMALLY



Test with 10 reps

SUMMARY OF ANALYSIS

Number of groups                                                 1
Number of observations                                        1000

Number of dependent variables                                   10
Number of independent variables                                  2
Number of continuous latent variables                            1

Observed dependent variables

  Continuous
   Y1          Y2          Y3          Y4          Y5          Y6
   Y7          Y8          Y9          Y10

Observed independent variables
   X1          X2

Continuous latent variables
   F


Estimator                                                       ML
Information matrix                                        OBSERVED
Maximum number of iterations                                  1000
Convergence criterion                                    0.500D-04
Maximum number of steepest descent iterations                   20

Input data file(s)
  G2_B1_N3_rep128.csv

Input data format  FREE



UNIVARIATE SAMPLE STATISTICS


     UNIVARIATE HIGHER-ORDER MOMENT DESCRIPTIVE STATISTICS

         Variable/         Mean/     Skewness/   Minimum/ % with                Percentiles
        Sample Size      Variance    Kurtosis    Maximum  Min/Max      20%/60%    40%/80%    Median

     Y1                    1.801       0.992       1.000   38.70%       1.000      2.000      2.000
            1000.000       0.621       1.409       5.000    0.80%       2.000      2.000
     Y2                    1.792       1.012       1.000   39.90%       1.000      2.000      2.000
            1000.000       0.641       1.208       5.000    0.60%       2.000      2.000
     Y3                    3.071      -0.026       1.000    2.20%       2.000      3.000      3.000
            1000.000       0.682      -0.165       5.000    3.20%       3.000      4.000
     Y4                    3.013       0.008       1.000    2.40%       2.000      3.000      3.000
            1000.000       0.677      -0.188       5.000    2.70%       3.000      4.000
     Y5                    3.060       0.017       1.000    1.90%       2.000      3.000      3.000
            1000.000       0.680      -0.263       5.000    3.10%       3.000      4.000
     Y6                    1.188       3.171       1.000   84.20%       1.000      1.000      1.000
            1000.000       0.231      13.234       5.000    0.20%       1.000      1.000
     Y7                    1.194       2.972       1.000   83.50%       1.000      1.000      1.000
            1000.000       0.230      11.162       5.000    0.10%       1.000      1.000
     Y8                    1.182       2.946       1.000   84.60%       1.000      1.000      1.000
            1000.000       0.217      10.037       4.000    0.60%       1.000      1.000
     Y9                    1.819       1.007       1.000   38.50%       1.000      2.000      2.000
            1000.000       0.656       1.343       5.000    0.90%       2.000      2.000
     Y10                   1.790       0.948       1.000   39.40%       1.000      2.000      2.000
            1000.000       0.614       1.077       5.000    0.50%       2.000      2.000
     X1                   -0.018       0.192      -2.738    0.10%      -0.864     -0.323     -0.060
            1000.000       0.962       0.000       3.305    0.10%       0.218      0.788
     X2                    0.488       0.048       0.000   51.20%       0.000      0.000      0.000
            1000.000       0.250      -1.998       1.000   48.80%       1.000      1.000


THE MODEL ESTIMATION TERMINATED NORMALLY



MODEL FIT INFORMATION

Number of Free Parameters                       34

Loglikelihood

          H0 Value                       -8266.313

Information Criteria

          Akaike (AIC)                   16600.626
          Bayesian (BIC)                 16767.489
          Sample-Size Adjusted BIC       16659.504
            (n* = (n + 2) / 24)



MODEL RESULTS

                                                    Two-Tailed
                    Estimate       S.E.  Est./S.E.    P-Value

 F        BY
    Y1                 0.588      0.022     26.772      0.000
    Y2                 0.588      0.022     26.179      0.000
    Y3                 0.574      0.024     24.254      0.000
    Y4               999.000      0.000    999.000    999.000
    Y5                 0.597      0.023     25.636      0.000
    Y6                 0.286      0.014     19.884      0.000
    Y7                 0.301      0.014     21.206      0.000
    Y8                 0.280      0.014     20.158      0.000
    Y9                 0.616      0.022     27.502      0.000
    Y10                0.582      0.022     26.613      0.000

 Y4       ON
    X1                -0.013      0.019     -0.686      0.493
    X2                 0.057      0.038      1.493      0.136

 Means
    F                  0.000      0.000    999.000    999.000

 Intercepts
    Y1                 1.801      0.025     72.248      0.000
    Y2                 1.792      0.025     70.794      0.000
    Y3                 3.071      0.026    117.598      0.000
    Y4                 2.992      0.033     89.860      0.000
    Y5                 3.060      0.026    117.311      0.000
    Y6                 1.188      0.015     78.223      0.000
    Y7                 1.194      0.015     78.668      0.000
    Y8                 1.182      0.015     80.262      0.000
    Y9                 1.819      0.026     71.007      0.000
    Y10                1.790      0.025     72.244      0.000

 Variances
    F                  1.000      0.000    999.000    999.000

 Residual Variances
    Y1                 0.275      0.014     19.494      0.000
    Y2                 0.295      0.015     19.701      0.000
    Y3                 0.353      0.017     20.202      0.000
    Y4                 0.321      0.016     19.760      0.000
    Y5                 0.324      0.016     19.830      0.000
    Y6                 0.149      0.007     21.084      0.000
    Y7                 0.140      0.007     20.866      0.000
    Y8                 0.138      0.007     21.047      0.000
    Y9                 0.277      0.014     19.222      0.000
    Y10                0.275      0.014     19.561      0.000

New/Additional Parameters
    L4_0               0.653      0.033     19.546      0.000
    L4_1              -0.025      0.019     -1.308      0.191
    L4_2              -0.110      0.040     -2.739      0.006


QUALITY OF NUMERICAL RESULTS

     Condition Number for the Information Matrix              0.422E-04
       (ratio of smallest to largest eigenvalue)


     Beginning Time:  08:27:48
        Ending Time:  08:27:51
       Elapsed Time:  00:00:03



MUTHEN & MUTHEN
3463 Stoner Ave.
Los Angeles, CA  90066

Tel: (310) 391-9971
Fax: (310) 391-8971
Web: www.StatModel.com
Support: Support@StatModel.com

Copyright (c) 1998-2019 Muthen & Muthen
