Mplus VERSION 8.3
MUTHEN & MUTHEN
04/24/2024   8:35 AM

INPUT INSTRUCTIONS


  TITLE: Test with 10 reps

  DATA:
  File is
  G2_B1_N3_rep137.csv;

  VARIABLE:
      Names are x1 x2 eta
  	y1 y2 y3 y4 y5 y6 y7 y8 y9 y10;
      Usevariables are y1-y10 x1 x2;
      constraint = x1 x2;

  MODEL:
      f BY y1* (l1);
      f BY y2* (l2);
      f BY y3* (l3);
      f BY y4* (l4);
      f BY y5* (l5);
      f BY y6* (l6);
      f BY y7* (l7);
      f BY y8* (l8);
      f BY y9* (l9);
      f BY y10* (l10);

  y1 ON x1 x2;
  f@1;
  [f@0];

  MODEL CONSTRAINT:
      new (l1_0 l1_1 l1_2);
      l1 = l1_0 + l1_1*x1 + l1_2*x2;




INPUT READING TERMINATED NORMALLY



Test with 10 reps

SUMMARY OF ANALYSIS

Number of groups                                                 1
Number of observations                                        1000

Number of dependent variables                                   10
Number of independent variables                                  2
Number of continuous latent variables                            1

Observed dependent variables

  Continuous
   Y1          Y2          Y3          Y4          Y5          Y6
   Y7          Y8          Y9          Y10

Observed independent variables
   X1          X2

Continuous latent variables
   F


Estimator                                                       ML
Information matrix                                        OBSERVED
Maximum number of iterations                                  1000
Convergence criterion                                    0.500D-04
Maximum number of steepest descent iterations                   20

Input data file(s)
  G2_B1_N3_rep137.csv

Input data format  FREE



UNIVARIATE SAMPLE STATISTICS


     UNIVARIATE HIGHER-ORDER MOMENT DESCRIPTIVE STATISTICS

         Variable/         Mean/     Skewness/   Minimum/ % with                Percentiles
        Sample Size      Variance    Kurtosis    Maximum  Min/Max      20%/60%    40%/80%    Median

     Y1                    1.825       1.051       1.000   37.60%       1.000      2.000      2.000
            1000.000       0.656       1.505       5.000    0.90%       2.000      2.000
     Y2                    1.828       1.031       1.000   38.80%       1.000      2.000      2.000
            1000.000       0.690       1.245       5.000    0.90%       2.000      2.000
     Y3                    3.069       0.005       1.000    1.70%       2.000      3.000      3.000
            1000.000       0.638      -0.142       5.000    2.80%       3.000      4.000
     Y4                    3.074       0.041       1.000    1.40%       2.000      3.000      3.000
            1000.000       0.643      -0.247       5.000    2.90%       3.000      4.000
     Y5                    3.032       0.005       1.000    2.10%       2.000      3.000      3.000
            1000.000       0.619       0.080       5.000    2.60%       3.000      4.000
     Y6                    1.164       3.321       1.000   85.90%       1.000      1.000      1.000
            1000.000       0.197      14.319       5.000    0.10%       1.000      1.000
     Y7                    1.157       3.085       1.000   85.80%       1.000      1.000      1.000
            1000.000       0.170      13.023       5.000    0.10%       1.000      1.000
     Y8                    1.185       3.326       1.000   84.60%       1.000      1.000      1.000
            1000.000       0.235      14.410       5.000    0.20%       1.000      1.000
     Y9                    1.816       0.961       1.000   38.40%       1.000      2.000      2.000
            1000.000       0.642       1.153       5.000    0.70%       2.000      2.000
     Y10                   1.790       0.944       1.000   40.60%       1.000      1.000      2.000
            1000.000       0.642       0.898       5.000    0.50%       2.000      2.000
     X1                    0.042      -0.005      -2.859    0.10%      -0.813     -0.240      0.043
            1000.000       1.027      -0.214       2.922    0.10%       0.305      0.925
     X2                    0.494       0.024       0.000   50.60%       0.000      0.000      0.000
            1000.000       0.250      -1.999       1.000   49.40%       1.000      1.000


THE MODEL ESTIMATION TERMINATED NORMALLY



MODEL FIT INFORMATION

Number of Free Parameters                       34

Loglikelihood

          H0 Value                       -7992.614

Information Criteria

          Akaike (AIC)                   16053.229
          Bayesian (BIC)                 16220.092
          Sample-Size Adjusted BIC       16112.106
            (n* = (n + 2) / 24)



MODEL RESULTS

                                                    Two-Tailed
                    Estimate       S.E.  Est./S.E.    P-Value

 F        BY
    Y1               999.000      0.000    999.000    999.000
    Y2                 0.629      0.023     27.377      0.000
    Y3                 0.573      0.023     25.356      0.000
    Y4                 0.588      0.022     26.174      0.000
    Y5                 0.552      0.022     24.598      0.000
    Y6                 0.268      0.013     20.227      0.000
    Y7                 0.247      0.012     20.081      0.000
    Y8                 0.295      0.014     20.499      0.000
    Y9                 0.607      0.022     27.361      0.000
    Y10                0.594      0.022     26.556      0.000

 Y1       ON
    X1                 0.007      0.018      0.394      0.694
    X2                 0.018      0.035      0.504      0.614

 Means
    F                  0.000      0.000    999.000    999.000

 Intercepts
    Y1                 1.812      0.031     58.261      0.000
    Y2                 1.828      0.026     69.570      0.000
    Y3                 3.069      0.025    121.480      0.000
    Y4                 3.074      0.025    121.272      0.000
    Y5                 3.032      0.025    121.869      0.000
    Y6                 1.164      0.014     82.909      0.000
    Y7                 1.157      0.013     88.646      0.000
    Y8                 1.185      0.015     77.338      0.000
    Y9                 1.816      0.025     71.664      0.000
    Y10                1.790      0.025     70.651      0.000

 Variances
    F                  1.000      0.000    999.000    999.000

 Residual Variances
    Y1                 0.271      0.014     19.216      0.000
    Y2                 0.294      0.015     19.397      0.000
    Y3                 0.310      0.015     19.997      0.000
    Y4                 0.297      0.015     19.771      0.000
    Y5                 0.315      0.016     20.208      0.000
    Y6                 0.125      0.006     21.067      0.000
    Y7                 0.109      0.005     21.111      0.000
    Y8                 0.148      0.007     21.025      0.000
    Y9                 0.274      0.014     19.390      0.000
    Y10                0.289      0.015     19.667      0.000

New/Additional Parameters
    L1_0               0.620      0.030     20.649      0.000
    L1_1               0.034      0.019      1.767      0.077
    L1_2              -0.007      0.037     -0.197      0.844


QUALITY OF NUMERICAL RESULTS

     Condition Number for the Information Matrix              0.263E-04
       (ratio of smallest to largest eigenvalue)


     Beginning Time:  08:35:30
        Ending Time:  08:35:37
       Elapsed Time:  00:00:07



MUTHEN & MUTHEN
3463 Stoner Ave.
Los Angeles, CA  90066

Tel: (310) 391-9971
Fax: (310) 391-8971
Web: www.StatModel.com
Support: Support@StatModel.com

Copyright (c) 1998-2019 Muthen & Muthen
