Mplus VERSION 8.3
MUTHEN & MUTHEN
04/24/2024   9:07 AM

INPUT INSTRUCTIONS


  TITLE: Test with 10 reps

  DATA:
  File is
  G2_B1_N3_rep203.csv;

  VARIABLE:
      Names are x1 x2 eta
  	y1 y2 y3 y4 y5 y6 y7 y8 y9 y10;
      Usevariables are y1-y10 x1 x2;
      constraint = x1 x2;

  MODEL:
      f BY y1* (l1);
      f BY y2* (l2);
      f BY y3* (l3);
      f BY y4* (l4);
      f BY y5* (l5);
      f BY y6* (l6);
      f BY y7* (l7);
      f BY y8* (l8);
      f BY y9* (l9);
      f BY y10* (l10);

  y8 ON x1 x2;
  f@1;
  [f@0];

  MODEL CONSTRAINT:
      new (l8_0 l8_1 l8_2);
      l8 = l8_0 + l8_1*x1 + l8_2*x2;




INPUT READING TERMINATED NORMALLY



Test with 10 reps

SUMMARY OF ANALYSIS

Number of groups                                                 1
Number of observations                                        1000

Number of dependent variables                                   10
Number of independent variables                                  2
Number of continuous latent variables                            1

Observed dependent variables

  Continuous
   Y1          Y2          Y3          Y4          Y5          Y6
   Y7          Y8          Y9          Y10

Observed independent variables
   X1          X2

Continuous latent variables
   F


Estimator                                                       ML
Information matrix                                        OBSERVED
Maximum number of iterations                                  1000
Convergence criterion                                    0.500D-04
Maximum number of steepest descent iterations                   20

Input data file(s)
  G2_B1_N3_rep203.csv

Input data format  FREE



UNIVARIATE SAMPLE STATISTICS


     UNIVARIATE HIGHER-ORDER MOMENT DESCRIPTIVE STATISTICS

         Variable/         Mean/     Skewness/   Minimum/ % with                Percentiles
        Sample Size      Variance    Kurtosis    Maximum  Min/Max      20%/60%    40%/80%    Median

     Y1                    1.783       0.990       1.000   40.50%       1.000      1.000      2.000
            1000.000       0.634       1.085       5.000    0.50%       2.000      2.000
     Y2                    1.782       0.870       1.000   40.20%       1.000      1.000      2.000
            1000.000       0.606       0.679       5.000    0.30%       2.000      2.000
     Y3                    3.046      -0.085       1.000    2.60%       2.000      3.000      3.000
            1000.000       0.674      -0.137       5.000    2.60%       3.000      4.000
     Y4                    3.057      -0.160       1.000    2.50%       2.000      3.000      3.000
            1000.000       0.664      -0.245       5.000    2.00%       3.000      4.000
     Y5                    3.062       0.031       1.000    1.80%       2.000      3.000      3.000
            1000.000       0.688      -0.315       5.000    3.20%       3.000      4.000
     Y6                    1.174       3.606       1.000   85.60%       1.000      1.000      1.000
            1000.000       0.228      17.421       5.000    0.30%       1.000      1.000
     Y7                    1.184       3.277       1.000   84.20%       1.000      1.000      1.000
            1000.000       0.222      14.613       5.000    0.20%       1.000      1.000
     Y8                    1.159       2.882       1.000   85.70%       1.000      1.000      1.000
            1000.000       0.172       9.747       4.000    0.30%       1.000      1.000
     Y9                    1.787       0.990       1.000   39.00%       1.000      2.000      2.000
            1000.000       0.604       1.353       5.000    0.60%       2.000      2.000
     Y10                   1.760       1.127       1.000   42.50%       1.000      1.000      2.000
            1000.000       0.658       1.417       5.000    0.60%       2.000      2.000
     X1                    0.037       0.038      -3.060    0.10%      -0.804     -0.226      0.060
            1000.000       0.976      -0.051       3.035    0.10%       0.304      0.839
     X2                    0.481       0.076       0.000   51.90%       0.000      0.000      0.000
            1000.000       0.250      -1.994       1.000   48.10%       1.000      1.000


THE MODEL ESTIMATION TERMINATED NORMALLY



MODEL FIT INFORMATION

Number of Free Parameters                       34

Loglikelihood

          H0 Value                       -8091.130

Information Criteria

          Akaike (AIC)                   16250.259
          Bayesian (BIC)                 16417.123
          Sample-Size Adjusted BIC       16309.137
            (n* = (n + 2) / 24)



MODEL RESULTS

                                                    Two-Tailed
                    Estimate       S.E.  Est./S.E.    P-Value

 F        BY
    Y1                 0.602      0.022     27.264      0.000
    Y2                 0.587      0.022     27.132      0.000
    Y3                 0.589      0.023     25.323      0.000
    Y4                 0.565      0.023     24.167      0.000
    Y5                 0.593      0.024     25.222      0.000
    Y6                 0.292      0.014     20.515      0.000
    Y7                 0.291      0.014     20.834      0.000
    Y8               999.000      0.000    999.000    999.000
    Y9                 0.580      0.022     26.797      0.000
    Y10                0.591      0.023     25.851      0.000

 Y8       ON
    X1                -0.007      0.011     -0.678      0.498
    X2                -0.040      0.021     -1.886      0.059

 Means
    F                  0.000      0.000    999.000    999.000

 Intercepts
    Y1                 1.783      0.025     70.818      0.000
    Y2                 1.782      0.025     72.361      0.000
    Y3                 3.046      0.026    117.339      0.000
    Y4                 3.057      0.026    118.658      0.000
    Y5                 3.062      0.026    116.726      0.000
    Y6                 1.174      0.015     77.798      0.000
    Y7                 1.184      0.015     79.440      0.000
    Y8                 1.176      0.017     69.639      0.000
    Y9                 1.787      0.025     72.735      0.000
    Y10                1.760      0.026     68.592      0.000

 Variances
    F                  1.000      0.000    999.000    999.000

 Residual Variances
    Y1                 0.272      0.014     19.319      0.000
    Y2                 0.262      0.014     19.357      0.000
    Y3                 0.327      0.016     19.910      0.000
    Y4                 0.345      0.017     20.226      0.000
    Y5                 0.336      0.017     19.947      0.000
    Y6                 0.143      0.007     20.944      0.000
    Y7                 0.137      0.007     20.915      0.000
    Y8                 0.106      0.005     20.775      0.000
    Y9                 0.267      0.014     19.488      0.000
    Y10                0.310      0.016     19.798      0.000

New/Additional Parameters
    L8_0               0.265      0.017     15.278      0.000
    L8_1               0.029      0.011      2.691      0.007
    L8_2              -0.020      0.022     -0.904      0.366


QUALITY OF NUMERICAL RESULTS

     Condition Number for the Information Matrix              0.252E-04
       (ratio of smallest to largest eigenvalue)


     Beginning Time:  09:07:24
        Ending Time:  09:07:27
       Elapsed Time:  00:00:03



MUTHEN & MUTHEN
3463 Stoner Ave.
Los Angeles, CA  90066

Tel: (310) 391-9971
Fax: (310) 391-8971
Web: www.StatModel.com
Support: Support@StatModel.com

Copyright (c) 1998-2019 Muthen & Muthen
