Mplus VERSION 8.3
MUTHEN & MUTHEN
04/24/2024   9:22 AM

INPUT INSTRUCTIONS


  TITLE: Test with 10 reps

  DATA:
  File is
  G2_B1_N3_rep237.csv;

  VARIABLE:
      Names are x1 x2 eta
  	y1 y2 y3 y4 y5 y6 y7 y8 y9 y10;
      Usevariables are y1-y10 x1 x2;
      constraint = x1 x2;

  MODEL:
      f BY y1* (l1);
      f BY y2* (l2);
      f BY y3* (l3);
      f BY y4* (l4);
      f BY y5* (l5);
      f BY y6* (l6);
      f BY y7* (l7);
      f BY y8* (l8);
      f BY y9* (l9);
      f BY y10* (l10);

  y6 ON x1 x2;
  f@1;
  [f@0];

  MODEL CONSTRAINT:
      new (l6_0 l6_1 l6_2);
      l6 = l6_0 + l6_1*x1 + l6_2*x2;




INPUT READING TERMINATED NORMALLY



Test with 10 reps

SUMMARY OF ANALYSIS

Number of groups                                                 1
Number of observations                                        1000

Number of dependent variables                                   10
Number of independent variables                                  2
Number of continuous latent variables                            1

Observed dependent variables

  Continuous
   Y1          Y2          Y3          Y4          Y5          Y6
   Y7          Y8          Y9          Y10

Observed independent variables
   X1          X2

Continuous latent variables
   F


Estimator                                                       ML
Information matrix                                        OBSERVED
Maximum number of iterations                                  1000
Convergence criterion                                    0.500D-04
Maximum number of steepest descent iterations                   20

Input data file(s)
  G2_B1_N3_rep237.csv

Input data format  FREE



UNIVARIATE SAMPLE STATISTICS


     UNIVARIATE HIGHER-ORDER MOMENT DESCRIPTIVE STATISTICS

         Variable/         Mean/     Skewness/   Minimum/ % with                Percentiles
        Sample Size      Variance    Kurtosis    Maximum  Min/Max      20%/60%    40%/80%    Median

     Y1                    1.803       1.001       1.000   38.00%       1.000      2.000      2.000
            1000.000       0.610       1.527       5.000    0.80%       2.000      2.000
     Y2                    1.814       0.875       1.000   37.50%       1.000      2.000      2.000
            1000.000       0.601       1.041       5.000    0.60%       2.000      2.000
     Y3                    3.057      -0.049       1.000    2.10%       2.000      3.000      3.000
            1000.000       0.664      -0.221       5.000    2.60%       3.000      4.000
     Y4                    3.029      -0.035       1.000    3.00%       2.000      3.000      3.000
            1000.000       0.718      -0.166       5.000    3.20%       3.000      4.000
     Y5                    3.063      -0.010       1.000    2.70%       2.000      3.000      3.000
            1000.000       0.713      -0.086       5.000    3.80%       3.000      4.000
     Y6                    1.201       2.961       1.000   83.40%       1.000      1.000      1.000
            1000.000       0.249      10.658       5.000    0.10%       1.000      1.000
     Y7                    1.185       3.028       1.000   84.30%       1.000      1.000      1.000
            1000.000       0.221      11.526       5.000    0.10%       1.000      1.000
     Y8                    1.190       2.812       1.000   83.50%       1.000      1.000      1.000
            1000.000       0.216       9.390       4.000    0.60%       1.000      1.000
     Y9                    1.816       1.029       1.000   38.00%       1.000      2.000      2.000
            1000.000       0.644       1.428       5.000    0.80%       2.000      2.000
     Y10                   1.815       0.991       1.000   38.20%       1.000      2.000      2.000
            1000.000       0.639       1.330       5.000    0.80%       2.000      2.000
     X1                    0.011      -0.038      -3.244    0.10%      -0.842     -0.235      0.021
            1000.000       1.011      -0.032       3.190    0.10%       0.299      0.871
     X2                    0.486       0.056       0.000   51.40%       0.000      0.000      0.000
            1000.000       0.250      -1.997       1.000   48.60%       1.000      1.000


THE MODEL ESTIMATION TERMINATED NORMALLY



MODEL FIT INFORMATION

Number of Free Parameters                       34

Loglikelihood

          H0 Value                       -8187.294

Information Criteria

          Akaike (AIC)                   16442.588
          Bayesian (BIC)                 16609.452
          Sample-Size Adjusted BIC       16501.466
            (n* = (n + 2) / 24)



MODEL RESULTS

                                                    Two-Tailed
                    Estimate       S.E.  Est./S.E.    P-Value

 F        BY
    Y1                 0.583      0.022     26.826      0.000
    Y2                 0.569      0.022     26.183      0.000
    Y3                 0.599      0.023     26.240      0.000
    Y4                 0.635      0.024     26.979      0.000
    Y5                 0.622      0.024     26.317      0.000
    Y6               999.000      0.000    999.000    999.000
    Y7                 0.276      0.014     19.635      0.000
    Y8                 0.291      0.014     21.242      0.000
    Y9                 0.601      0.022     26.945      0.000
    Y10                0.596      0.022     26.786      0.000

 Y6       ON
    X1                 0.001      0.013      0.040      0.968
    X2                 0.002      0.025      0.066      0.947

 Means
    F                  0.000      0.000    999.000    999.000

 Intercepts
    Y1                 1.803      0.025     72.990      0.000
    Y2                 1.814      0.025     73.970      0.000
    Y3                 3.057      0.026    118.657      0.000
    Y4                 3.029      0.027    113.029      0.000
    Y5                 3.063      0.027    114.708      0.000
    Y6                 1.194      0.019     61.301      0.000
    Y7                 1.185      0.015     79.752      0.000
    Y8                 1.190      0.015     80.988      0.000
    Y9                 1.816      0.025     71.552      0.000
    Y10                1.815      0.025     71.813      0.000

 Variances
    F                  1.000      0.000    999.000    999.000

 Residual Variances
    Y1                 0.270      0.014     19.636      0.000
    Y2                 0.278      0.014     19.842      0.000
    Y3                 0.306      0.015     19.813      0.000
    Y4                 0.315      0.016     19.563      0.000
    Y5                 0.326      0.017     19.771      0.000
    Y6                 0.149      0.007     20.846      0.000
    Y7                 0.144      0.007     21.188      0.000
    Y8                 0.131      0.006     20.931      0.000
    Y9                 0.283      0.014     19.591      0.000
    Y10                0.284      0.014     19.646      0.000

New/Additional Parameters
    L6_0               0.280      0.020     14.157      0.000
    L6_1               0.032      0.012      2.610      0.009
    L6_2               0.060      0.027      2.247      0.025


QUALITY OF NUMERICAL RESULTS

     Condition Number for the Information Matrix              0.384E-04
       (ratio of smallest to largest eigenvalue)


     Beginning Time:  09:22:54
        Ending Time:  09:22:56
       Elapsed Time:  00:00:02



MUTHEN & MUTHEN
3463 Stoner Ave.
Los Angeles, CA  90066

Tel: (310) 391-9971
Fax: (310) 391-8971
Web: www.StatModel.com
Support: Support@StatModel.com

Copyright (c) 1998-2019 Muthen & Muthen
