Mplus VERSION 8.3
MUTHEN & MUTHEN
04/24/2024   9:26 AM

INPUT INSTRUCTIONS


  TITLE: Test with 10 reps

  DATA:
  File is
  G2_B1_N3_rep246.csv;

  VARIABLE:
      Names are x1 x2 eta
  	y1 y2 y3 y4 y5 y6 y7 y8 y9 y10;
      Usevariables are y1-y10 x1 x2;
      constraint = x1 x2;

  MODEL:
      f BY y1* (l1);
      f BY y2* (l2);
      f BY y3* (l3);
      f BY y4* (l4);
      f BY y5* (l5);
      f BY y6* (l6);
      f BY y7* (l7);
      f BY y8* (l8);
      f BY y9* (l9);
      f BY y10* (l10);

  y1 ON x1 x2;
  f@1;
  [f@0];

  MODEL CONSTRAINT:
      new (l1_0 l1_1 l1_2);
      l1 = l1_0 + l1_1*x1 + l1_2*x2;




INPUT READING TERMINATED NORMALLY



Test with 10 reps

SUMMARY OF ANALYSIS

Number of groups                                                 1
Number of observations                                        1000

Number of dependent variables                                   10
Number of independent variables                                  2
Number of continuous latent variables                            1

Observed dependent variables

  Continuous
   Y1          Y2          Y3          Y4          Y5          Y6
   Y7          Y8          Y9          Y10

Observed independent variables
   X1          X2

Continuous latent variables
   F


Estimator                                                       ML
Information matrix                                        OBSERVED
Maximum number of iterations                                  1000
Convergence criterion                                    0.500D-04
Maximum number of steepest descent iterations                   20

Input data file(s)
  G2_B1_N3_rep246.csv

Input data format  FREE



UNIVARIATE SAMPLE STATISTICS


     UNIVARIATE HIGHER-ORDER MOMENT DESCRIPTIVE STATISTICS

         Variable/         Mean/     Skewness/   Minimum/ % with                Percentiles
        Sample Size      Variance    Kurtosis    Maximum  Min/Max      20%/60%    40%/80%    Median

     Y1                    1.799       0.884       1.000   37.80%       1.000      2.000      2.000
            1000.000       0.581       1.168       5.000    0.60%       2.000      2.000
     Y2                    1.820       0.981       1.000   37.00%       1.000      2.000      2.000
            1000.000       0.620       1.373       5.000    0.70%       2.000      2.000
     Y3                    3.086       0.076       1.000    1.10%       2.000      3.000      3.000
            1000.000       0.627      -0.236       5.000    3.00%       3.000      4.000
     Y4                    3.063       0.026       1.000    1.30%       2.000      3.000      3.000
            1000.000       0.615      -0.237       5.000    2.40%       3.000      4.000
     Y5                    3.076      -0.113       1.000    2.20%       2.000      3.000      3.000
            1000.000       0.636      -0.062       5.000    2.40%       3.000      4.000
     Y6                    1.172       2.891       1.000   84.60%       1.000      1.000      1.000
            1000.000       0.186      11.098       5.000    0.10%       1.000      1.000
     Y7                    1.160       2.823       1.000   85.40%       1.000      1.000      1.000
            1000.000       0.168       9.505       4.000    0.30%       1.000      1.000
     Y8                    1.183       2.873       1.000   84.60%       1.000      1.000      1.000
            1000.000       0.218       9.277       4.000    0.50%       1.000      1.000
     Y9                    1.821       0.759       1.000   37.60%       1.000      2.000      2.000
            1000.000       0.601       0.526       5.000    0.40%       2.000      2.000
     Y10                   1.845       0.833       1.000   35.00%       1.000      2.000      2.000
            1000.000       0.597       0.953       5.000    0.50%       2.000      2.000
     X1                    0.038      -0.028      -2.798    0.10%      -0.814     -0.210      0.037
            1000.000       0.977      -0.175       3.105    0.10%       0.292      0.891
     X2                    0.489       0.044       0.000   51.10%       0.000      0.000      0.000
            1000.000       0.250      -1.998       1.000   48.90%       1.000      1.000


THE MODEL ESTIMATION TERMINATED NORMALLY



MODEL FIT INFORMATION

Number of Free Parameters                       34

Loglikelihood

          H0 Value                       -7970.137

Information Criteria

          Akaike (AIC)                   16008.275
          Bayesian (BIC)                 16175.138
          Sample-Size Adjusted BIC       16067.152
            (n* = (n + 2) / 24)



MODEL RESULTS

                                                    Two-Tailed
                    Estimate       S.E.  Est./S.E.    P-Value

 F        BY
    Y1               999.000      0.000    999.000    999.000
    Y2                 0.583      0.022     26.342      0.000
    Y3                 0.579      0.022     25.905      0.000
    Y4                 0.570      0.022     25.676      0.000
    Y5                 0.564      0.023     24.723      0.000
    Y6                 0.248      0.013     18.973      0.000
    Y7                 0.220      0.013     17.427      0.000
    Y8                 0.280      0.014     20.007      0.000
    Y9                 0.556      0.022     25.183      0.000
    Y10                0.540      0.022     24.361      0.000

 Y1       ON
    X1                 0.045      0.018      2.485      0.013
    X2                 0.059      0.036      1.644      0.100

 Means
    F                  0.000      0.000    999.000    999.000

 Intercepts
    Y1                 1.770      0.030     59.108      0.000
    Y2                 1.820      0.025     73.117      0.000
    Y3                 3.086      0.025    123.282      0.000
    Y4                 3.063      0.025    123.509      0.000
    Y5                 3.076      0.025    121.950      0.000
    Y6                 1.172      0.014     85.839      0.000
    Y7                 1.160      0.013     89.390      0.000
    Y8                 1.183      0.015     80.213      0.000
    Y9                 1.821      0.025     74.283      0.000
    Y10                1.845      0.024     75.512      0.000

 Variances
    F                  1.000      0.000    999.000    999.000

 Residual Variances
    Y1                 0.284      0.014     19.828      0.000
    Y2                 0.280      0.015     19.293      0.000
    Y3                 0.291      0.015     19.454      0.000
    Y4                 0.290      0.015     19.531      0.000
    Y5                 0.318      0.016     19.815      0.000
    Y6                 0.125      0.006     21.093      0.000
    Y7                 0.120      0.006     21.330      0.000
    Y8                 0.139      0.007     20.913      0.000
    Y9                 0.292      0.015     19.698      0.000
    Y10                0.305      0.015     19.950      0.000

New/Additional Parameters
    L1_0               0.545      0.029     18.836      0.000
    L1_1              -0.004      0.019     -0.204      0.839
    L1_2              -0.022      0.037     -0.595      0.552


QUALITY OF NUMERICAL RESULTS

     Condition Number for the Information Matrix              0.312E-04
       (ratio of smallest to largest eigenvalue)


     Beginning Time:  09:26:51
        Ending Time:  09:26:54
       Elapsed Time:  00:00:03



MUTHEN & MUTHEN
3463 Stoner Ave.
Los Angeles, CA  90066

Tel: (310) 391-9971
Fax: (310) 391-8971
Web: www.StatModel.com
Support: Support@StatModel.com

Copyright (c) 1998-2019 Muthen & Muthen
