Mplus VERSION 8.3
MUTHEN & MUTHEN
04/24/2024  10:32 AM

INPUT INSTRUCTIONS


  TITLE: Test with 10 reps

  DATA:
  File is
  G2_B1_N3_rep388.csv;

  VARIABLE:
      Names are x1 x2 eta
  	y1 y2 y3 y4 y5 y6 y7 y8 y9 y10;
      Usevariables are y1-y10 x1 x2;
      constraint = x1 x2;

  MODEL:
      f BY y1* (l1);
      f BY y2* (l2);
      f BY y3* (l3);
      f BY y4* (l4);
      f BY y5* (l5);
      f BY y6* (l6);
      f BY y7* (l7);
      f BY y8* (l8);
      f BY y9* (l9);
      f BY y10* (l10);

  y10 ON x1 x2;
  f@1;
  [f@0];

  MODEL CONSTRAINT:
      new (l10_0 l10_1 l10_2);
      l10 = l10_0 + l10_1*x1 + l10_2*x2;




INPUT READING TERMINATED NORMALLY



Test with 10 reps

SUMMARY OF ANALYSIS

Number of groups                                                 1
Number of observations                                        1000

Number of dependent variables                                   10
Number of independent variables                                  2
Number of continuous latent variables                            1

Observed dependent variables

  Continuous
   Y1          Y2          Y3          Y4          Y5          Y6
   Y7          Y8          Y9          Y10

Observed independent variables
   X1          X2

Continuous latent variables
   F


Estimator                                                       ML
Information matrix                                        OBSERVED
Maximum number of iterations                                  1000
Convergence criterion                                    0.500D-04
Maximum number of steepest descent iterations                   20

Input data file(s)
  G2_B1_N3_rep388.csv

Input data format  FREE



UNIVARIATE SAMPLE STATISTICS


     UNIVARIATE HIGHER-ORDER MOMENT DESCRIPTIVE STATISTICS

         Variable/         Mean/     Skewness/   Minimum/ % with                Percentiles
        Sample Size      Variance    Kurtosis    Maximum  Min/Max      20%/60%    40%/80%    Median

     Y1                    1.836       0.994       1.000   35.90%       1.000      2.000      2.000
            1000.000       0.623       1.558       5.000    0.90%       2.000      2.000
     Y2                    1.823       0.864       1.000   37.50%       1.000      2.000      2.000
            1000.000       0.620       0.854       5.000    0.50%       2.000      2.000
     Y3                    3.084      -0.005       1.000    1.60%       2.000      3.000      3.000
            1000.000       0.627      -0.109       5.000    2.80%       3.000      4.000
     Y4                    3.057      -0.032       1.000    2.20%       2.000      3.000      3.000
            1000.000       0.640       0.016       5.000    2.80%       3.000      4.000
     Y5                    3.084      -0.057       1.000    1.70%       2.000      3.000      3.000
            1000.000       0.635      -0.200       5.000    2.50%       3.000      4.000
     Y6                    1.170       2.989       1.000   85.20%       1.000      1.000      1.000
            1000.000       0.195      10.613       4.000    0.50%       1.000      1.000
     Y7                    1.176       2.267       1.000   83.80%       1.000      1.000      1.000
            1000.000       0.173       4.482       3.000    1.40%       1.000      1.000
     Y8                    1.164       2.843       1.000   85.40%       1.000      1.000      1.000
            1000.000       0.179       9.314       4.000    0.30%       1.000      1.000
     Y9                    1.814       0.931       1.000   36.90%       1.000      2.000      2.000
            1000.000       0.597       1.266       5.000    0.60%       2.000      2.000
     Y10                   1.790       0.819       1.000   39.60%       1.000      2.000      2.000
            1000.000       0.602       0.484       5.000    0.20%       2.000      2.000
     X1                   -0.035       0.097      -3.609    0.10%      -0.883     -0.311     -0.059
            1000.000       1.007       0.219       4.089    0.10%       0.227      0.804
     X2                    0.506      -0.024       0.000   49.40%       0.000      0.000      1.000
            1000.000       0.250      -1.999       1.000   50.60%       1.000      1.000


THE MODEL ESTIMATION TERMINATED NORMALLY



MODEL FIT INFORMATION

Number of Free Parameters                       34

Loglikelihood

          H0 Value                       -7895.755

Information Criteria

          Akaike (AIC)                   15859.509
          Bayesian (BIC)                 16026.373
          Sample-Size Adjusted BIC       15918.387
            (n* = (n + 2) / 24)



MODEL RESULTS

                                                    Two-Tailed
                    Estimate       S.E.  Est./S.E.    P-Value

 F        BY
    Y1                 0.570      0.022     25.488      0.000
    Y2                 0.593      0.022     27.091      0.000
    Y3                 0.561      0.023     24.852      0.000
    Y4                 0.589      0.022     26.196      0.000
    Y5                 0.556      0.023     24.315      0.000
    Y6                 0.252      0.013     18.842      0.000
    Y7                 0.232      0.013     18.373      0.000
    Y8                 0.234      0.013     18.163      0.000
    Y9                 0.574      0.022     26.540      0.000
    Y10              999.000      0.000    999.000    999.000

 Y10      ON
    X1                 0.004      0.017      0.211      0.833
    X2                -0.007      0.035     -0.188      0.851

 Means
    F                  0.000      0.000    999.000    999.000

 Intercepts
    Y1                 1.836      0.025     73.552      0.000
    Y2                 1.823      0.025     73.233      0.000
    Y3                 3.084      0.025    123.169      0.000
    Y4                 3.057      0.025    120.862      0.000
    Y5                 3.084      0.025    122.390      0.000
    Y6                 1.170      0.014     83.764      0.000
    Y7                 1.176      0.013     89.404      0.000
    Y8                 1.164      0.013     86.976      0.000
    Y9                 1.814      0.024     74.217      0.000
    Y10                1.790      0.030     59.189      0.000

 Variances
    F                  1.000      0.000    999.000    999.000

 Residual Variances
    Y1                 0.299      0.015     19.749      0.000
    Y2                 0.267      0.014     19.194      0.000
    Y3                 0.312      0.016     19.939      0.000
    Y4                 0.293      0.015     19.500      0.000
    Y5                 0.326      0.016     20.083      0.000
    Y6                 0.132      0.006     21.185      0.000
    Y7                 0.119      0.006     21.267      0.000
    Y8                 0.124      0.006     21.294      0.000
    Y9                 0.268      0.014     19.414      0.000
    Y10                0.263      0.014     19.272      0.000

New/Additional Parameters
    L10_0              0.575      0.029     19.885      0.000
    L10_1              0.019      0.019      1.000      0.318
    L10_2              0.012      0.037      0.318      0.751


QUALITY OF NUMERICAL RESULTS

     Condition Number for the Information Matrix              0.309E-04
       (ratio of smallest to largest eigenvalue)


     Beginning Time:  10:32:09
        Ending Time:  10:32:11
       Elapsed Time:  00:00:02



MUTHEN & MUTHEN
3463 Stoner Ave.
Los Angeles, CA  90066

Tel: (310) 391-9971
Fax: (310) 391-8971
Web: www.StatModel.com
Support: Support@StatModel.com

Copyright (c) 1998-2019 Muthen & Muthen
