Mplus VERSION 8.3
MUTHEN & MUTHEN
04/24/2024  10:35 AM

INPUT INSTRUCTIONS


  TITLE: Test with 10 reps

  DATA:
  File is
  G2_B1_N3_rep394.csv;

  VARIABLE:
      Names are x1 x2 eta
  	y1 y2 y3 y4 y5 y6 y7 y8 y9 y10;
      Usevariables are y1-y10 x1 x2;
      constraint = x1 x2;

  MODEL:
      f BY y1* (l1);
      f BY y2* (l2);
      f BY y3* (l3);
      f BY y4* (l4);
      f BY y5* (l5);
      f BY y6* (l6);
      f BY y7* (l7);
      f BY y8* (l8);
      f BY y9* (l9);
      f BY y10* (l10);

  y5 ON x1 x2;
  f@1;
  [f@0];

  MODEL CONSTRAINT:
      new (l5_0 l5_1 l5_2);
      l5 = l5_0 + l5_1*x1 + l5_2*x2;




INPUT READING TERMINATED NORMALLY



Test with 10 reps

SUMMARY OF ANALYSIS

Number of groups                                                 1
Number of observations                                        1000

Number of dependent variables                                   10
Number of independent variables                                  2
Number of continuous latent variables                            1

Observed dependent variables

  Continuous
   Y1          Y2          Y3          Y4          Y5          Y6
   Y7          Y8          Y9          Y10

Observed independent variables
   X1          X2

Continuous latent variables
   F


Estimator                                                       ML
Information matrix                                        OBSERVED
Maximum number of iterations                                  1000
Convergence criterion                                    0.500D-04
Maximum number of steepest descent iterations                   20

Input data file(s)
  G2_B1_N3_rep394.csv

Input data format  FREE



UNIVARIATE SAMPLE STATISTICS


     UNIVARIATE HIGHER-ORDER MOMENT DESCRIPTIVE STATISTICS

         Variable/         Mean/     Skewness/   Minimum/ % with                Percentiles
        Sample Size      Variance    Kurtosis    Maximum  Min/Max      20%/60%    40%/80%    Median

     Y1                    1.813       0.846       1.000   36.70%       1.000      2.000      2.000
            1000.000       0.578       1.024       5.000    0.50%       2.000      2.000
     Y2                    1.788       0.835       1.000   39.10%       1.000      2.000      2.000
            1000.000       0.585       0.772       5.000    0.40%       2.000      2.000
     Y3                    3.096       0.003       1.000    1.20%       2.000      3.000      3.000
            1000.000       0.617      -0.247       5.000    2.60%       3.000      4.000
     Y4                    3.115       0.037       1.000    1.40%       2.000      3.000      3.000
            1000.000       0.640      -0.114       5.000    3.50%       3.000      4.000
     Y5                    3.081      -0.020       1.000    1.70%       2.000      3.000      3.000
            1000.000       0.646      -0.198       5.000    2.80%       3.000      4.000
     Y6                    1.153       3.413       1.000   86.70%       1.000      1.000      1.000
            1000.000       0.182      15.357       5.000    0.10%       1.000      1.000
     Y7                    1.169       2.952       1.000   85.00%       1.000      1.000      1.000
            1000.000       0.186      11.430       5.000    0.10%       1.000      1.000
     Y8                    1.187       2.574       1.000   83.40%       1.000      1.000      1.000
            1000.000       0.200       7.386       4.000    0.30%       1.000      1.000
     Y9                    1.808       0.837       1.000   38.00%       1.000      2.000      2.000
            1000.000       0.599       0.767       5.000    0.40%       2.000      2.000
     Y10                   1.815       1.053       1.000   37.80%       1.000      2.000      2.000
            1000.000       0.645       1.447       5.000    0.70%       2.000      2.000
     X1                    0.061       0.124      -2.618    0.10%      -0.851     -0.181      0.089
            1000.000       0.984       0.006       3.633    0.10%       0.309      0.889
     X2                    0.467       0.132       0.000   53.30%       0.000      0.000      0.000
            1000.000       0.249      -1.982       1.000   46.70%       1.000      1.000


THE MODEL ESTIMATION TERMINATED NORMALLY



MODEL FIT INFORMATION

Number of Free Parameters                       34

Loglikelihood

          H0 Value                       -7877.146

Information Criteria

          Akaike (AIC)                   15822.291
          Bayesian (BIC)                 15989.155
          Sample-Size Adjusted BIC       15881.169
            (n* = (n + 2) / 24)



MODEL RESULTS

                                                    Two-Tailed
                    Estimate       S.E.  Est./S.E.    P-Value

 F        BY
    Y1                 0.565      0.021     26.570      0.000
    Y2                 0.559      0.022     25.976      0.000
    Y3                 0.567      0.022     25.536      0.000
    Y4                 0.585      0.023     25.950      0.000
    Y5               999.000      0.000    999.000    999.000
    Y6                 0.232      0.013     17.782      0.000
    Y7                 0.255      0.013     19.649      0.000
    Y8                 0.258      0.014     19.076      0.000
    Y9                 0.565      0.022     25.901      0.000
    Y10                0.587      0.023     25.944      0.000

 Y5       ON
    X1                 0.000      0.018      0.023      0.982
    X2                 0.081      0.037      2.219      0.027

 Means
    F                  0.000      0.000    999.000    999.000

 Intercepts
    Y1                 1.813      0.024     75.409      0.000
    Y2                 1.788      0.024     73.921      0.000
    Y3                 3.096      0.025    124.662      0.000
    Y4                 3.115      0.025    123.153      0.000
    Y5                 3.057      0.032     94.657      0.000
    Y6                 1.153      0.013     85.562      0.000
    Y7                 1.169      0.014     85.614      0.000
    Y8                 1.187      0.014     83.927      0.000
    Y9                 1.808      0.024     73.865      0.000
    Y10                1.815      0.025     71.478      0.000

 Variances
    F                  1.000      0.000    999.000    999.000

 Residual Variances
    Y1                 0.259      0.013     19.448      0.000
    Y2                 0.272      0.014     19.646      0.000
    Y3                 0.295      0.015     19.792      0.000
    Y4                 0.298      0.015     19.639      0.000
    Y5                 0.287      0.015     19.416      0.000
    Y6                 0.128      0.006     21.347      0.000
    Y7                 0.121      0.006     21.058      0.000
    Y8                 0.134      0.006     21.166      0.000
    Y9                 0.280      0.014     19.648      0.000
    Y10                0.300      0.015     19.631      0.000

New/Additional Parameters
    L5_0               0.672      0.030     22.573      0.000
    L5_1              -0.063      0.020     -3.147      0.002
    L5_2              -0.166      0.038     -4.352      0.000


QUALITY OF NUMERICAL RESULTS

     Condition Number for the Information Matrix              0.326E-04
       (ratio of smallest to largest eigenvalue)


     Beginning Time:  10:35:31
        Ending Time:  10:35:33
       Elapsed Time:  00:00:02



MUTHEN & MUTHEN
3463 Stoner Ave.
Los Angeles, CA  90066

Tel: (310) 391-9971
Fax: (310) 391-8971
Web: www.StatModel.com
Support: Support@StatModel.com

Copyright (c) 1998-2019 Muthen & Muthen
