Mplus VERSION 8.3
MUTHEN & MUTHEN
04/24/2024  10:24 AM

INPUT INSTRUCTIONS


  TITLE: Test with 10 reps

  DATA:
  File is
  G2_B1_N3_rep370.csv;

  VARIABLE:
      Names are x1 x2 eta
  	y1 y2 y3 y4 y5 y6 y7 y8 y9 y10;
      Usevariables are y1-y10 x1 x2;
      constraint = x1 x2;

  MODEL:
      f BY y1* (l1);
      f BY y2* (l2);
      f BY y3* (l3);
      f BY y4* (l4);
      f BY y5* (l5);
      f BY y6* (l6);
      f BY y7* (l7);
      f BY y8* (l8);
      f BY y9* (l9);
      f BY y10* (l10);

  y10 ON x1 x2;
  f@1;
  [f@0];

  MODEL CONSTRAINT:
      new (l10_0 l10_1 l10_2);
      l10 = l10_0 + l10_1*x1 + l10_2*x2;




INPUT READING TERMINATED NORMALLY



Test with 10 reps

SUMMARY OF ANALYSIS

Number of groups                                                 1
Number of observations                                        1000

Number of dependent variables                                   10
Number of independent variables                                  2
Number of continuous latent variables                            1

Observed dependent variables

  Continuous
   Y1          Y2          Y3          Y4          Y5          Y6
   Y7          Y8          Y9          Y10

Observed independent variables
   X1          X2

Continuous latent variables
   F


Estimator                                                       ML
Information matrix                                        OBSERVED
Maximum number of iterations                                  1000
Convergence criterion                                    0.500D-04
Maximum number of steepest descent iterations                   20

Input data file(s)
  G2_B1_N3_rep370.csv

Input data format  FREE



UNIVARIATE SAMPLE STATISTICS


     UNIVARIATE HIGHER-ORDER MOMENT DESCRIPTIVE STATISTICS

         Variable/         Mean/     Skewness/   Minimum/ % with                Percentiles
        Sample Size      Variance    Kurtosis    Maximum  Min/Max      20%/60%    40%/80%    Median

     Y1                    1.787       0.771       1.000   38.30%       1.000      2.000      2.000
            1000.000       0.558       0.636       5.000    0.30%       2.000      2.000
     Y2                    1.824       0.769       1.000   38.40%       1.000      2.000      2.000
            1000.000       0.629       0.357       5.000    0.30%       2.000      2.000
     Y3                    3.056      -0.187       1.000    2.50%       2.000      3.000      3.000
            1000.000       0.605       0.095       5.000    1.80%       3.000      4.000
     Y4                    3.058      -0.040       1.000    2.00%       2.000      3.000      3.000
            1000.000       0.663      -0.245       5.000    2.60%       3.000      4.000
     Y5                    3.034       0.008       1.000    2.50%       2.000      3.000      3.000
            1000.000       0.701      -0.189       5.000    3.20%       3.000      4.000
     Y6                    1.170       2.566       1.000   84.40%       1.000      1.000      1.000
            1000.000       0.173       7.329       4.000    0.20%       1.000      1.000
     Y7                    1.142       2.747       1.000   86.80%       1.000      1.000      1.000
            1000.000       0.144       8.072       4.000    0.10%       1.000      1.000
     Y8                    1.169       2.281       1.000   83.90%       1.000      1.000      1.000
            1000.000       0.158       5.198       4.000    0.10%       1.000      1.000
     Y9                    1.799       0.820       1.000   37.70%       1.000      2.000      2.000
            1000.000       0.577       0.670       5.000    0.20%       2.000      2.000
     Y10                   1.778       0.810       1.000   39.40%       1.000      2.000      2.000
            1000.000       0.571       0.656       5.000    0.30%       2.000      2.000
     X1                   -0.035       0.023      -2.724    0.10%      -0.899     -0.298      0.006
            1000.000       0.928      -0.246       2.968    0.10%       0.208      0.794
     X2                    0.474       0.104       0.000   52.60%       0.000      0.000      0.000
            1000.000       0.249      -1.989       1.000   47.40%       1.000      1.000


THE MODEL ESTIMATION TERMINATED NORMALLY



MODEL FIT INFORMATION

Number of Free Parameters                       34

Loglikelihood

          H0 Value                       -7699.236

Information Criteria

          Akaike (AIC)                   15466.472
          Bayesian (BIC)                 15633.336
          Sample-Size Adjusted BIC       15525.350
            (n* = (n + 2) / 24)



MODEL RESULTS

                                                    Two-Tailed
                    Estimate       S.E.  Est./S.E.    P-Value

 F        BY
    Y1                 0.544      0.021     25.769      0.000
    Y2                 0.588      0.022     26.420      0.000
    Y3                 0.561      0.022     25.432      0.000
    Y4                 0.591      0.023     25.685      0.000
    Y5                 0.619      0.024     26.326      0.000
    Y6                 0.219      0.013     17.133      0.000
    Y7                 0.196      0.012     16.708      0.000
    Y8                 0.224      0.012     18.513      0.000
    Y9                 0.554      0.021     25.814      0.000
    Y10              999.000      0.000    999.000    999.000

 Y10      ON
    X1                 0.012      0.018      0.670      0.503
    X2                 0.040      0.036      1.120      0.263

 Means
    F                  0.000      0.000    999.000    999.000

 Intercepts
    Y1                 1.787      0.024     75.675      0.000
    Y2                 1.824      0.025     72.726      0.000
    Y3                 3.056      0.025    124.258      0.000
    Y4                 3.058      0.026    118.796      0.000
    Y5                 3.034      0.026    114.605      0.000
    Y6                 1.170      0.013     88.928      0.000
    Y7                 1.142      0.012     95.221      0.000
    Y8                 1.169      0.013     92.872      0.000
    Y9                 1.799      0.024     74.919      0.000
    Y10                1.758      0.028     61.705      0.000

 Variances
    F                  1.000      0.000    999.000    999.000

 Residual Variances
    Y1                 0.262      0.013     19.574      0.000
    Y2                 0.283      0.015     19.350      0.000
    Y3                 0.290      0.015     19.665      0.000
    Y4                 0.313      0.016     19.590      0.000
    Y5                 0.318      0.016     19.363      0.000
    Y6                 0.125      0.006     21.404      0.000
    Y7                 0.106      0.005     21.453      0.000
    Y8                 0.108      0.005     21.192      0.000
    Y9                 0.270      0.014     19.545      0.000
    Y10                0.275      0.014     19.716      0.000

New/Additional Parameters
    L10_0              0.499      0.027     18.246      0.000
    L10_1             -0.031      0.020     -1.527      0.127
    L10_2              0.077      0.037      2.057      0.040


QUALITY OF NUMERICAL RESULTS

     Condition Number for the Information Matrix              0.239E-04
       (ratio of smallest to largest eigenvalue)


     Beginning Time:  10:24:17
        Ending Time:  10:24:19
       Elapsed Time:  00:00:02



MUTHEN & MUTHEN
3463 Stoner Ave.
Los Angeles, CA  90066

Tel: (310) 391-9971
Fax: (310) 391-8971
Web: www.StatModel.com
Support: Support@StatModel.com

Copyright (c) 1998-2019 Muthen & Muthen
