Mplus VERSION 8.3
MUTHEN & MUTHEN
04/24/2024  10:31 AM

INPUT INSTRUCTIONS


  TITLE: Test with 10 reps

  DATA:
  File is
  G2_B1_N3_rep387.csv;

  VARIABLE:
      Names are x1 x2 eta
  	y1 y2 y3 y4 y5 y6 y7 y8 y9 y10;
      Usevariables are y1-y10 x1 x2;
      constraint = x1 x2;

  MODEL:
      f BY y1* (l1);
      f BY y2* (l2);
      f BY y3* (l3);
      f BY y4* (l4);
      f BY y5* (l5);
      f BY y6* (l6);
      f BY y7* (l7);
      f BY y8* (l8);
      f BY y9* (l9);
      f BY y10* (l10);

  y10 ON x1 x2;
  f@1;
  [f@0];

  MODEL CONSTRAINT:
      new (l10_0 l10_1 l10_2);
      l10 = l10_0 + l10_1*x1 + l10_2*x2;




INPUT READING TERMINATED NORMALLY



Test with 10 reps

SUMMARY OF ANALYSIS

Number of groups                                                 1
Number of observations                                        1000

Number of dependent variables                                   10
Number of independent variables                                  2
Number of continuous latent variables                            1

Observed dependent variables

  Continuous
   Y1          Y2          Y3          Y4          Y5          Y6
   Y7          Y8          Y9          Y10

Observed independent variables
   X1          X2

Continuous latent variables
   F


Estimator                                                       ML
Information matrix                                        OBSERVED
Maximum number of iterations                                  1000
Convergence criterion                                    0.500D-04
Maximum number of steepest descent iterations                   20

Input data file(s)
  G2_B1_N3_rep387.csv

Input data format  FREE



UNIVARIATE SAMPLE STATISTICS


     UNIVARIATE HIGHER-ORDER MOMENT DESCRIPTIVE STATISTICS

         Variable/         Mean/     Skewness/   Minimum/ % with                Percentiles
        Sample Size      Variance    Kurtosis    Maximum  Min/Max      20%/60%    40%/80%    Median

     Y1                    1.808       0.830       1.000   36.40%       1.000      2.000      2.000
            1000.000       0.559       1.086       5.000    0.50%       2.000      2.000
     Y2                    1.816       0.884       1.000   37.70%       1.000      2.000      2.000
            1000.000       0.614       0.932       5.000    0.50%       2.000      2.000
     Y3                    3.121      -0.068       1.000    1.60%       2.000      3.000      3.000
            1000.000       0.638      -0.170       5.000    2.90%       3.000      4.000
     Y4                    3.107      -0.026       1.000    1.40%       2.000      3.000      3.000
            1000.000       0.632      -0.219       5.000    2.80%       3.000      4.000
     Y5                    3.113      -0.023       1.000    1.30%       3.000      3.000      3.000
            1000.000       0.590      -0.042       5.000    2.60%       3.000      4.000
     Y6                    1.179       2.662       1.000   84.10%       1.000      1.000      1.000
            1000.000       0.193       7.993       4.000    0.30%       1.000      1.000
     Y7                    1.186       2.570       1.000   83.40%       1.000      1.000      1.000
            1000.000       0.197       7.422       4.000    0.30%       1.000      1.000
     Y8                    1.187       2.574       1.000   83.40%       1.000      1.000      1.000
            1000.000       0.200       7.386       4.000    0.30%       1.000      1.000
     Y9                    1.828       0.888       1.000   37.90%       1.000      2.000      2.000
            1000.000       0.644       0.812       5.000    0.50%       2.000      2.000
     Y10                   1.855       0.947       1.000   35.50%       1.000      2.000      2.000
            1000.000       0.648       1.166       5.000    0.70%       2.000      2.000
     X1                    0.026       0.059      -3.606    0.10%      -0.848     -0.264     -0.007
            1000.000       1.039       0.019       3.292    0.10%       0.268      0.861
     X2                    0.521      -0.084       0.000   47.90%       0.000      0.000      1.000
            1000.000       0.250      -1.993       1.000   52.10%       1.000      1.000


THE MODEL ESTIMATION TERMINATED NORMALLY



MODEL FIT INFORMATION

Number of Free Parameters                       34

Loglikelihood

          H0 Value                       -7887.952

Information Criteria

          Akaike (AIC)                   15843.904
          Bayesian (BIC)                 16010.768
          Sample-Size Adjusted BIC       15902.782
            (n* = (n + 2) / 24)



MODEL RESULTS

                                                    Two-Tailed
                    Estimate       S.E.  Est./S.E.    P-Value

 F        BY
    Y1                 0.532      0.021     25.052      0.000
    Y2                 0.596      0.022     27.505      0.000
    Y3                 0.554      0.023     24.190      0.000
    Y4                 0.571      0.022     25.394      0.000
    Y5                 0.548      0.022     25.152      0.000
    Y6                 0.250      0.013     18.840      0.000
    Y7                 0.281      0.013     21.437      0.000
    Y8                 0.265      0.013     19.755      0.000
    Y9                 0.617      0.022     27.937      0.000
    Y10              999.000      0.000    999.000    999.000

 Y10      ON
    X1                -0.007      0.018     -0.387      0.699
    X2                -0.013      0.036     -0.371      0.711

 Means
    F                  0.000      0.000    999.000    999.000

 Intercepts
    Y1                 1.808      0.024     76.461      0.000
    Y2                 1.816      0.025     73.279      0.000
    Y3                 3.121      0.025    123.527      0.000
    Y4                 3.107      0.025    123.634      0.000
    Y5                 3.113      0.024    128.135      0.000
    Y6                 1.179      0.014     84.875      0.000
    Y7                 1.186      0.014     84.413      0.000
    Y8                 1.187      0.014     83.927      0.000
    Y9                 1.828      0.025     72.010      0.000
    Y10                1.868      0.033     56.750      0.000

 Variances
    F                  1.000      0.000    999.000    999.000

 Residual Variances
    Y1                 0.276      0.014     20.020      0.000
    Y2                 0.259      0.013     19.197      0.000
    Y3                 0.331      0.016     20.219      0.000
    Y4                 0.305      0.015     19.883      0.000
    Y5                 0.290      0.015     19.967      0.000
    Y6                 0.130      0.006     21.250      0.000
    Y7                 0.118      0.006     20.809      0.000
    Y8                 0.130      0.006     21.100      0.000
    Y9                 0.263      0.014     19.027      0.000
    Y10                0.279      0.014     19.347      0.000

New/Additional Parameters
    L10_0              0.666      0.031     21.589      0.000
    L10_1             -0.034      0.017     -2.027      0.043
    L10_2             -0.111      0.038     -2.948      0.003


QUALITY OF NUMERICAL RESULTS

     Condition Number for the Information Matrix              0.317E-04
       (ratio of smallest to largest eigenvalue)


     Beginning Time:  10:31:44
        Ending Time:  10:31:46
       Elapsed Time:  00:00:02



MUTHEN & MUTHEN
3463 Stoner Ave.
Los Angeles, CA  90066

Tel: (310) 391-9971
Fax: (310) 391-8971
Web: www.StatModel.com
Support: Support@StatModel.com

Copyright (c) 1998-2019 Muthen & Muthen
