Mplus VERSION 8.3
MUTHEN & MUTHEN
04/24/2024  10:36 AM

INPUT INSTRUCTIONS


  TITLE: Test with 10 reps

  DATA:
  File is
  G2_B1_N3_rep397.csv;

  VARIABLE:
      Names are x1 x2 eta
  	y1 y2 y3 y4 y5 y6 y7 y8 y9 y10;
      Usevariables are y1-y10 x1 x2;
      constraint = x1 x2;

  MODEL:
      f BY y1* (l1);
      f BY y2* (l2);
      f BY y3* (l3);
      f BY y4* (l4);
      f BY y5* (l5);
      f BY y6* (l6);
      f BY y7* (l7);
      f BY y8* (l8);
      f BY y9* (l9);
      f BY y10* (l10);

  y6 ON x1 x2;
  f@1;
  [f@0];

  MODEL CONSTRAINT:
      new (l6_0 l6_1 l6_2);
      l6 = l6_0 + l6_1*x1 + l6_2*x2;




INPUT READING TERMINATED NORMALLY



Test with 10 reps

SUMMARY OF ANALYSIS

Number of groups                                                 1
Number of observations                                        1000

Number of dependent variables                                   10
Number of independent variables                                  2
Number of continuous latent variables                            1

Observed dependent variables

  Continuous
   Y1          Y2          Y3          Y4          Y5          Y6
   Y7          Y8          Y9          Y10

Observed independent variables
   X1          X2

Continuous latent variables
   F


Estimator                                                       ML
Information matrix                                        OBSERVED
Maximum number of iterations                                  1000
Convergence criterion                                    0.500D-04
Maximum number of steepest descent iterations                   20

Input data file(s)
  G2_B1_N3_rep397.csv

Input data format  FREE



UNIVARIATE SAMPLE STATISTICS


     UNIVARIATE HIGHER-ORDER MOMENT DESCRIPTIVE STATISTICS

         Variable/         Mean/     Skewness/   Minimum/ % with                Percentiles
        Sample Size      Variance    Kurtosis    Maximum  Min/Max      20%/60%    40%/80%    Median

     Y1                    1.800       1.030       1.000   37.40%       1.000      2.000      2.000
            1000.000       0.592       1.827       5.000    0.90%       2.000      2.000
     Y2                    1.818       0.735       1.000   36.40%       1.000      2.000      2.000
            1000.000       0.567       0.568       5.000    0.30%       2.000      2.000
     Y3                    3.095       0.028       1.000    1.30%       2.000      3.000      3.000
            1000.000       0.620      -0.153       5.000    2.90%       3.000      4.000
     Y4                    3.062      -0.102       1.000    2.40%       2.000      3.000      3.000
            1000.000       0.656      -0.105       5.000    2.50%       3.000      4.000
     Y5                    3.076       0.051       1.000    1.60%       2.000      3.000      3.000
            1000.000       0.596       0.168       5.000    3.00%       3.000      4.000
     Y6                    1.145       2.929       1.000   86.80%       1.000      1.000      1.000
            1000.000       0.154       9.843       4.000    0.20%       1.000      1.000
     Y7                    1.165       3.190       1.000   85.40%       1.000      1.000      1.000
            1000.000       0.188      13.684       5.000    0.10%       1.000      1.000
     Y8                    1.179       3.082       1.000   84.40%       1.000      1.000      1.000
            1000.000       0.207      12.466       5.000    0.10%       1.000      1.000
     Y9                    1.816       0.735       1.000   35.70%       1.000      2.000      2.000
            1000.000       0.550       0.594       5.000    0.20%       2.000      2.000
     Y10                   1.802       0.809       1.000   38.00%       1.000      2.000      2.000
            1000.000       0.583       0.746       5.000    0.40%       2.000      2.000
     X1                   -0.051       0.031      -2.916    0.10%      -0.918     -0.320     -0.051
            1000.000       1.003      -0.049       3.369    0.10%       0.241      0.788
     X2                    0.483       0.068       0.000   51.70%       0.000      0.000      0.000
            1000.000       0.250      -1.995       1.000   48.30%       1.000      1.000


THE MODEL ESTIMATION TERMINATED NORMALLY



MODEL FIT INFORMATION

Number of Free Parameters                       34

Loglikelihood

          H0 Value                       -7778.945

Information Criteria

          Akaike (AIC)                   15625.889
          Bayesian (BIC)                 15792.753
          Sample-Size Adjusted BIC       15684.767
            (n* = (n + 2) / 24)



MODEL RESULTS

                                                    Two-Tailed
                    Estimate       S.E.  Est./S.E.    P-Value

 F        BY
    Y1                 0.558      0.022     25.597      0.000
    Y2                 0.541      0.021     25.278      0.000
    Y3                 0.567      0.022     25.397      0.000
    Y4                 0.562      0.023     24.110      0.000
    Y5                 0.562      0.022     25.769      0.000
    Y6               999.000      0.000    999.000    999.000
    Y7                 0.240      0.013     18.152      0.000
    Y8                 0.261      0.014     18.990      0.000
    Y9                 0.543      0.021     25.943      0.000
    Y10                0.565      0.021     26.386      0.000

 Y6       ON
    X1                -0.006      0.010     -0.576      0.564
    X2                 0.014      0.021      0.684      0.494

 Means
    F                  0.000      0.000    999.000    999.000

 Intercepts
    Y1                 1.800      0.024     73.980      0.000
    Y2                 1.818      0.024     76.357      0.000
    Y3                 3.095      0.025    124.301      0.000
    Y4                 3.062      0.026    119.537      0.000
    Y5                 3.076      0.024    125.974      0.000
    Y6                 1.135      0.015     73.212      0.000
    Y7                 1.165      0.014     85.017      0.000
    Y8                 1.179      0.014     81.954      0.000
    Y9                 1.816      0.023     77.424      0.000
    Y10                1.802      0.024     74.644      0.000

 Variances
    F                  1.000      0.000    999.000    999.000

 Residual Variances
    Y1                 0.281      0.014     19.615      0.000
    Y2                 0.275      0.014     19.725      0.000
    Y3                 0.298      0.015     19.668      0.000
    Y4                 0.341      0.017     20.064      0.000
    Y5                 0.280      0.014     19.557      0.000
    Y6                 0.100      0.005     20.958      0.000
    Y7                 0.130      0.006     21.245      0.000
    Y8                 0.139      0.007     21.138      0.000
    Y9                 0.256      0.013     19.502      0.000
    Y10                0.263      0.014     19.354      0.000

New/Additional Parameters
    L6_0               0.195      0.016     12.454      0.000
    L6_1               0.000      0.012     -0.020      0.984
    L6_2               0.067      0.022      3.068      0.002


QUALITY OF NUMERICAL RESULTS

     Condition Number for the Information Matrix              0.224E-04
       (ratio of smallest to largest eigenvalue)


     Beginning Time:  10:36:48
        Ending Time:  10:36:50
       Elapsed Time:  00:00:02



MUTHEN & MUTHEN
3463 Stoner Ave.
Los Angeles, CA  90066

Tel: (310) 391-9971
Fax: (310) 391-8971
Web: www.StatModel.com
Support: Support@StatModel.com

Copyright (c) 1998-2019 Muthen & Muthen
