Mplus VERSION 8.3
MUTHEN & MUTHEN
04/24/2024   9:55 AM

INPUT INSTRUCTIONS


  TITLE: Test with 10 reps

  DATA:
  File is
  G2_B1_N3_rep307.csv;

  VARIABLE:
      Names are x1 x2 eta
  	y1 y2 y3 y4 y5 y6 y7 y8 y9 y10;
      Usevariables are y1-y10 x1 x2;
      constraint = x1 x2;

  MODEL:
      f BY y1* (l1);
      f BY y2* (l2);
      f BY y3* (l3);
      f BY y4* (l4);
      f BY y5* (l5);
      f BY y6* (l6);
      f BY y7* (l7);
      f BY y8* (l8);
      f BY y9* (l9);
      f BY y10* (l10);

  y1 ON x1 x2;
  f@1;
  [f@0];

  MODEL CONSTRAINT:
      new (l1_0 l1_1 l1_2);
      l1 = l1_0 + l1_1*x1 + l1_2*x2;




INPUT READING TERMINATED NORMALLY



Test with 10 reps

SUMMARY OF ANALYSIS

Number of groups                                                 1
Number of observations                                        1000

Number of dependent variables                                   10
Number of independent variables                                  2
Number of continuous latent variables                            1

Observed dependent variables

  Continuous
   Y1          Y2          Y3          Y4          Y5          Y6
   Y7          Y8          Y9          Y10

Observed independent variables
   X1          X2

Continuous latent variables
   F


Estimator                                                       ML
Information matrix                                        OBSERVED
Maximum number of iterations                                  1000
Convergence criterion                                    0.500D-04
Maximum number of steepest descent iterations                   20

Input data file(s)
  G2_B1_N3_rep307.csv

Input data format  FREE



UNIVARIATE SAMPLE STATISTICS


     UNIVARIATE HIGHER-ORDER MOMENT DESCRIPTIVE STATISTICS

         Variable/         Mean/     Skewness/   Minimum/ % with                Percentiles
        Sample Size      Variance    Kurtosis    Maximum  Min/Max      20%/60%    40%/80%    Median

     Y1                    1.791       0.842       1.000   38.00%       1.000      2.000      2.000
            1000.000       0.567       0.931       5.000    0.40%       2.000      2.000
     Y2                    1.813       0.986       1.000   36.60%       1.000      2.000      2.000
            1000.000       0.596       1.538       5.000    0.70%       2.000      2.000
     Y3                    3.058       0.067       1.000    1.70%       2.000      3.000      3.000
            1000.000       0.625       0.034       5.000    3.10%       3.000      4.000
     Y4                    3.034      -0.021       1.000    2.00%       2.000      3.000      3.000
            1000.000       0.609       0.030       5.000    2.30%       3.000      4.000
     Y5                    3.067      -0.039       1.000    1.80%       2.000      3.000      3.000
            1000.000       0.641      -0.199       5.000    2.50%       3.000      4.000
     Y6                    1.159       2.973       1.000   86.20%       1.000      1.000      1.000
            1000.000       0.182       9.971       4.000    0.30%       1.000      1.000
     Y7                    1.186       3.311       1.000   84.40%       1.000      1.000      1.000
            1000.000       0.233      14.413       5.000    0.20%       1.000      1.000
     Y8                    1.185       3.428       1.000   84.70%       1.000      1.000      1.000
            1000.000       0.241      15.158       5.000    0.20%       1.000      1.000
     Y9                    1.814       0.931       1.000   36.80%       1.000      2.000      2.000
            1000.000       0.597       1.199       5.000    0.50%       2.000      2.000
     Y10                   1.801       0.934       1.000   37.70%       1.000      2.000      2.000
            1000.000       0.593       1.199       5.000    0.50%       2.000      2.000
     X1                   -0.029      -0.119      -3.714    0.10%      -0.873     -0.279     -0.021
            1000.000       0.989       0.103       3.386    0.10%       0.242      0.837
     X2                    0.484       0.064       0.000   51.60%       0.000      0.000      0.000
            1000.000       0.250      -1.996       1.000   48.40%       1.000      1.000


THE MODEL ESTIMATION TERMINATED NORMALLY



MODEL FIT INFORMATION

Number of Free Parameters                       34

Loglikelihood

          H0 Value                       -8007.464

Information Criteria

          Akaike (AIC)                   16082.928
          Bayesian (BIC)                 16249.792
          Sample-Size Adjusted BIC       16141.806
            (n* = (n + 2) / 24)



MODEL RESULTS

                                                    Two-Tailed
                    Estimate       S.E.  Est./S.E.    P-Value

 F        BY
    Y1               999.000      0.000    999.000    999.000
    Y2                 0.538      0.022     24.312      0.000
    Y3                 0.585      0.022     26.428      0.000
    Y4                 0.557      0.022     25.079      0.000
    Y5                 0.579      0.023     25.589      0.000
    Y6                 0.262      0.013     20.639      0.000
    Y7                 0.301      0.014     20.976      0.000
    Y8                 0.288      0.015     19.489      0.000
    Y9                 0.558      0.022     25.520      0.000
    Y10                0.570      0.022     26.414      0.000

 Y1       ON
    X1                -0.009      0.018     -0.513      0.608
    X2                 0.044      0.035      1.247      0.212

 Means
    F                  0.000      0.000    999.000    999.000

 Intercepts
    Y1                 1.766      0.029     61.828      0.000
    Y2                 1.813      0.024     74.261      0.000
    Y3                 3.058      0.025    122.356      0.000
    Y4                 3.034      0.025    122.960      0.000
    Y5                 3.067      0.025    121.185      0.000
    Y6                 1.159      0.013     85.977      0.000
    Y7                 1.186      0.015     77.630      0.000
    Y8                 1.185      0.016     76.368      0.000
    Y9                 1.814      0.024     74.217      0.000
    Y10                1.801      0.024     73.933      0.000

 Variances
    F                  1.000      0.000    999.000    999.000

 Residual Variances
    Y1                 0.264      0.013     19.657      0.000
    Y2                 0.307      0.015     20.112      0.000
    Y3                 0.282      0.015     19.441      0.000
    Y4                 0.299      0.015     19.866      0.000
    Y5                 0.305      0.015     19.727      0.000
    Y6                 0.113      0.005     20.869      0.000
    Y7                 0.143      0.007     20.777      0.000
    Y8                 0.158      0.007     21.051      0.000
    Y9                 0.286      0.014     19.771      0.000
    Y10                0.268      0.014     19.476      0.000

New/Additional Parameters
    L1_0               0.514      0.029     17.879      0.000
    L1_1              -0.002      0.018     -0.112      0.911
    L1_2               0.062      0.036      1.690      0.091


QUALITY OF NUMERICAL RESULTS

     Condition Number for the Information Matrix              0.287E-04
       (ratio of smallest to largest eigenvalue)


     Beginning Time:  09:55:12
        Ending Time:  09:55:15
       Elapsed Time:  00:00:03



MUTHEN & MUTHEN
3463 Stoner Ave.
Los Angeles, CA  90066

Tel: (310) 391-9971
Fax: (310) 391-8971
Web: www.StatModel.com
Support: Support@StatModel.com

Copyright (c) 1998-2019 Muthen & Muthen
