Mplus VERSION 8.3
MUTHEN & MUTHEN
04/24/2024  11:05 AM

INPUT INSTRUCTIONS


  TITLE: Test with 10 reps

  DATA:
  File is
  G2_B1_N3_rep459.csv;

  VARIABLE:
      Names are x1 x2 eta
  	y1 y2 y3 y4 y5 y6 y7 y8 y9 y10;
      Usevariables are y1-y10 x1 x2;
      constraint = x1 x2;

  MODEL:
      f BY y1* (l1);
      f BY y2* (l2);
      f BY y3* (l3);
      f BY y4* (l4);
      f BY y5* (l5);
      f BY y6* (l6);
      f BY y7* (l7);
      f BY y8* (l8);
      f BY y9* (l9);
      f BY y10* (l10);

  y4 ON x1 x2;
  f@1;
  [f@0];

  MODEL CONSTRAINT:
      new (l4_0 l4_1 l4_2);
      l4 = l4_0 + l4_1*x1 + l4_2*x2;




INPUT READING TERMINATED NORMALLY



Test with 10 reps

SUMMARY OF ANALYSIS

Number of groups                                                 1
Number of observations                                        1000

Number of dependent variables                                   10
Number of independent variables                                  2
Number of continuous latent variables                            1

Observed dependent variables

  Continuous
   Y1          Y2          Y3          Y4          Y5          Y6
   Y7          Y8          Y9          Y10

Observed independent variables
   X1          X2

Continuous latent variables
   F


Estimator                                                       ML
Information matrix                                        OBSERVED
Maximum number of iterations                                  1000
Convergence criterion                                    0.500D-04
Maximum number of steepest descent iterations                   20

Input data file(s)
  G2_B1_N3_rep459.csv

Input data format  FREE



UNIVARIATE SAMPLE STATISTICS


     UNIVARIATE HIGHER-ORDER MOMENT DESCRIPTIVE STATISTICS

         Variable/         Mean/     Skewness/   Minimum/ % with                Percentiles
        Sample Size      Variance    Kurtosis    Maximum  Min/Max      20%/60%    40%/80%    Median

     Y1                    1.795       0.856       1.000   37.80%       1.000      2.000      2.000
            1000.000       0.575       0.873       5.000    0.30%       2.000      2.000
     Y2                    1.807       0.954       1.000   38.90%       1.000      2.000      2.000
            1000.000       0.634       1.151       5.000    0.70%       2.000      2.000
     Y3                    3.031      -0.068       1.000    2.60%       2.000      3.000      3.000
            1000.000       0.664      -0.102       5.000    2.50%       3.000      4.000
     Y4                    3.022       0.045       1.000    1.70%       2.000      3.000      3.000
            1000.000       0.630      -0.178       5.000    2.40%       3.000      4.000
     Y5                    3.043      -0.034       1.000    2.40%       2.000      3.000      3.000
            1000.000       0.661      -0.065       5.000    2.80%       3.000      4.000
     Y6                    1.168       3.101       1.000   85.50%       1.000      1.000      1.000
            1000.000       0.196      12.277       5.000    0.10%       1.000      1.000
     Y7                    1.169       2.893       1.000   85.10%       1.000      1.000      1.000
            1000.000       0.188       9.840       4.000    0.40%       1.000      1.000
     Y8                    1.172       2.890       1.000   85.10%       1.000      1.000      1.000
            1000.000       0.196       9.576       4.000    0.40%       1.000      1.000
     Y9                    1.799       1.025       1.000   36.70%       1.000      2.000      2.000
            1000.000       0.577       1.790       5.000    0.70%       2.000      2.000
     Y10                   1.801       0.981       1.000   39.80%       1.000      2.000      2.000
            1000.000       0.651       1.066       5.000    0.60%       2.000      2.000
     X1                    0.001      -0.003      -3.625    0.10%      -0.843     -0.242      0.030
            1000.000       1.064       0.554       4.208    0.10%       0.248      0.824
     X2                    0.516      -0.064       0.000   48.40%       0.000      0.000      1.000
            1000.000       0.250      -1.996       1.000   51.60%       1.000      1.000


THE MODEL ESTIMATION TERMINATED NORMALLY



MODEL FIT INFORMATION

Number of Free Parameters                       34

Loglikelihood

          H0 Value                       -7962.888

Information Criteria

          Akaike (AIC)                   15993.776
          Bayesian (BIC)                 16160.640
          Sample-Size Adjusted BIC       16052.654
            (n* = (n + 2) / 24)



MODEL RESULTS

                                                    Two-Tailed
                    Estimate       S.E.  Est./S.E.    P-Value

 F        BY
    Y1                 0.543      0.022     25.225      0.000
    Y2                 0.573      0.023     25.437      0.000
    Y3                 0.589      0.023     25.542      0.000
    Y4               999.000      0.000    999.000    999.000
    Y5                 0.616      0.023     27.269      0.000
    Y6                 0.256      0.013     19.135      0.000
    Y7                 0.256      0.013     19.639      0.000
    Y8                 0.270      0.013     20.444      0.000
    Y9                 0.548      0.021     25.532      0.000
    Y10                0.598      0.023     26.477      0.000

 Y4       ON
    X1                -0.011      0.018     -0.613      0.540
    X2                -0.001      0.037     -0.030      0.976

 Means
    F                  0.000      0.000    999.000    999.000

 Intercepts
    Y1                 1.795      0.024     74.858      0.000
    Y2                 1.807      0.025     71.779      0.000
    Y3                 3.031      0.026    117.622      0.000
    Y4                 3.029      0.032     93.543      0.000
    Y5                 3.043      0.026    118.345      0.000
    Y6                 1.168      0.014     83.476      0.000
    Y7                 1.169      0.014     85.159      0.000
    Y8                 1.172      0.014     83.626      0.000
    Y9                 1.799      0.024     74.919      0.000
    Y10                1.801      0.026     70.565      0.000

 Variances
    F                  1.000      0.000    999.000    999.000

 Residual Variances
    Y1                 0.280      0.014     19.885      0.000
    Y2                 0.305      0.015     19.809      0.000
    Y3                 0.317      0.016     19.757      0.000
    Y4                 0.300      0.015     19.713      0.000
    Y5                 0.282      0.015     19.147      0.000
    Y6                 0.130      0.006     21.148      0.000
    Y7                 0.123      0.006     21.057      0.000
    Y8                 0.123      0.006     20.900      0.000
    Y9                 0.276      0.014     19.795      0.000
    Y10                0.293      0.015     19.482      0.000

New/Additional Parameters
    L4_0               0.605      0.032     19.048      0.000
    L4_1              -0.025      0.018     -1.394      0.163
    L4_2              -0.049      0.039     -1.256      0.209


QUALITY OF NUMERICAL RESULTS

     Condition Number for the Information Matrix              0.329E-04
       (ratio of smallest to largest eigenvalue)


     Beginning Time:  11:05:28
        Ending Time:  11:05:30
       Elapsed Time:  00:00:02



MUTHEN & MUTHEN
3463 Stoner Ave.
Los Angeles, CA  90066

Tel: (310) 391-9971
Fax: (310) 391-8971
Web: www.StatModel.com
Support: Support@StatModel.com

Copyright (c) 1998-2019 Muthen & Muthen
