Mplus VERSION 8.3
MUTHEN & MUTHEN
04/24/2024  11:04 AM

INPUT INSTRUCTIONS


  TITLE: Test with 10 reps

  DATA:
  File is
  G2_B1_N3_rep458.csv;

  VARIABLE:
      Names are x1 x2 eta
  	y1 y2 y3 y4 y5 y6 y7 y8 y9 y10;
      Usevariables are y1-y10 x1 x2;
      constraint = x1 x2;

  MODEL:
      f BY y1* (l1);
      f BY y2* (l2);
      f BY y3* (l3);
      f BY y4* (l4);
      f BY y5* (l5);
      f BY y6* (l6);
      f BY y7* (l7);
      f BY y8* (l8);
      f BY y9* (l9);
      f BY y10* (l10);

  y2 ON x1 x2;
  f@1;
  [f@0];

  MODEL CONSTRAINT:
      new (l2_0 l2_1 l2_2);
      l2 = l2_0 + l2_1*x1 + l2_2*x2;




INPUT READING TERMINATED NORMALLY



Test with 10 reps

SUMMARY OF ANALYSIS

Number of groups                                                 1
Number of observations                                        1000

Number of dependent variables                                   10
Number of independent variables                                  2
Number of continuous latent variables                            1

Observed dependent variables

  Continuous
   Y1          Y2          Y3          Y4          Y5          Y6
   Y7          Y8          Y9          Y10

Observed independent variables
   X1          X2

Continuous latent variables
   F


Estimator                                                       ML
Information matrix                                        OBSERVED
Maximum number of iterations                                  1000
Convergence criterion                                    0.500D-04
Maximum number of steepest descent iterations                   20

Input data file(s)
  G2_B1_N3_rep458.csv

Input data format  FREE



UNIVARIATE SAMPLE STATISTICS


     UNIVARIATE HIGHER-ORDER MOMENT DESCRIPTIVE STATISTICS

         Variable/         Mean/     Skewness/   Minimum/ % with                Percentiles
        Sample Size      Variance    Kurtosis    Maximum  Min/Max      20%/60%    40%/80%    Median

     Y1                    1.837       0.970       1.000   37.70%       1.000      2.000      2.000
            1000.000       0.674       0.999       5.000    0.60%       2.000      2.000
     Y2                    1.843       0.919       1.000   36.80%       1.000      2.000      2.000
            1000.000       0.652       0.966       5.000    0.60%       2.000      2.000
     Y3                    3.067       0.056       1.000    1.80%       2.000      3.000      3.000
            1000.000       0.683      -0.217       5.000    3.50%       3.000      4.000
     Y4                    3.106       0.067       1.000    1.30%       2.000      3.000      3.000
            1000.000       0.653      -0.200       5.000    3.60%       3.000      4.000
     Y5                    3.085       0.001       1.000    1.70%       2.000      3.000      3.000
            1000.000       0.682      -0.317       5.000    3.20%       3.000      4.000
     Y6                    1.184       2.596       1.000   83.60%       1.000      1.000      1.000
            1000.000       0.196       7.580       4.000    0.30%       1.000      1.000
     Y7                    1.184       3.070       1.000   83.80%       1.000      1.000      1.000
            1000.000       0.210      12.636       5.000    0.10%       1.000      1.000
     Y8                    1.173       2.932       1.000   84.80%       1.000      1.000      1.000
            1000.000       0.195      10.305       4.000    0.50%       1.000      1.000
     Y9                    1.858       1.029       1.000   35.10%       1.000      2.000      2.000
            1000.000       0.658       1.487       5.000    0.90%       2.000      2.000
     Y10                   1.875       1.064       1.000   34.70%       1.000      2.000      2.000
            1000.000       0.683       1.675       5.000    1.30%       2.000      2.000
     X1                    0.009       0.012      -2.759    0.10%      -0.865     -0.230     -0.004
            1000.000       1.019      -0.090       3.629    0.10%       0.248      0.860
     X2                    0.500       0.000       0.000   50.00%       0.000      0.000      0.500
            1000.000       0.250      -2.000       1.000   50.00%       1.000      1.000


THE MODEL ESTIMATION TERMINATED NORMALLY



MODEL FIT INFORMATION

Number of Free Parameters                       34

Loglikelihood

          H0 Value                       -8048.567

Information Criteria

          Akaike (AIC)                   16165.134
          Bayesian (BIC)                 16331.998
          Sample-Size Adjusted BIC       16224.012
            (n* = (n + 2) / 24)



MODEL RESULTS

                                                    Two-Tailed
                    Estimate       S.E.  Est./S.E.    P-Value

 F        BY
    Y1                 0.641      0.022     28.643      0.000
    Y2               999.000      0.000    999.000    999.000
    Y3                 0.609      0.023     26.388      0.000
    Y4                 0.592      0.023     26.150      0.000
    Y5                 0.619      0.023     26.987      0.000
    Y6                 0.259      0.013     19.499      0.000
    Y7                 0.275      0.014     20.111      0.000
    Y8                 0.267      0.013     20.278      0.000
    Y9                 0.615      0.022     27.486      0.000
    Y10                0.620      0.023     27.067      0.000

 Y2       ON
    X1                 0.011      0.018      0.624      0.533
    X2                 0.015      0.037      0.412      0.681

 Means
    F                  0.000      0.000    999.000    999.000

 Intercepts
    Y1                 1.837      0.026     70.735      0.000
    Y2                 1.834      0.031     59.131      0.000
    Y3                 3.067      0.026    117.396      0.000
    Y4                 3.106      0.026    121.568      0.000
    Y5                 3.085      0.026    118.149      0.000
    Y6                 1.184      0.014     84.540      0.000
    Y7                 1.184      0.014     81.675      0.000
    Y8                 1.173      0.014     83.984      0.000
    Y9                 1.858      0.026     72.441      0.000
    Y10                1.875      0.026     71.724      0.000

 Variances
    F                  1.000      0.000    999.000    999.000

 Residual Variances
    Y1                 0.263      0.014     19.041      0.000
    Y2                 0.297      0.015     19.848      0.000
    Y3                 0.311      0.016     19.811      0.000
    Y4                 0.303      0.015     19.906      0.000
    Y5                 0.299      0.015     19.606      0.000
    Y6                 0.129      0.006     21.240      0.000
    Y7                 0.135      0.006     21.142      0.000
    Y8                 0.124      0.006     21.112      0.000
    Y9                 0.279      0.014     19.484      0.000
    Y10                0.299      0.015     19.635      0.000

New/Additional Parameters
    L2_0               0.567      0.030     18.604      0.000
    L2_1              -0.017      0.020     -0.842      0.400
    L2_2               0.052      0.038      1.360      0.174


QUALITY OF NUMERICAL RESULTS

     Condition Number for the Information Matrix              0.338E-04
       (ratio of smallest to largest eigenvalue)


     Beginning Time:  11:04:56
        Ending Time:  11:04:58
       Elapsed Time:  00:00:02



MUTHEN & MUTHEN
3463 Stoner Ave.
Los Angeles, CA  90066

Tel: (310) 391-9971
Fax: (310) 391-8971
Web: www.StatModel.com
Support: Support@StatModel.com

Copyright (c) 1998-2019 Muthen & Muthen
