Mplus VERSION 8.3
MUTHEN & MUTHEN
04/24/2024  10:56 AM

INPUT INSTRUCTIONS


  TITLE: Test with 10 reps

  DATA:
  File is
  G2_B1_N3_rep440.csv;

  VARIABLE:
      Names are x1 x2 eta
  	y1 y2 y3 y4 y5 y6 y7 y8 y9 y10;
      Usevariables are y1-y10 x1 x2;
      constraint = x1 x2;

  MODEL:
      f BY y1* (l1);
      f BY y2* (l2);
      f BY y3* (l3);
      f BY y4* (l4);
      f BY y5* (l5);
      f BY y6* (l6);
      f BY y7* (l7);
      f BY y8* (l8);
      f BY y9* (l9);
      f BY y10* (l10);

  y1 ON x1 x2;
  f@1;
  [f@0];

  MODEL CONSTRAINT:
      new (l1_0 l1_1 l1_2);
      l1 = l1_0 + l1_1*x1 + l1_2*x2;




INPUT READING TERMINATED NORMALLY



Test with 10 reps

SUMMARY OF ANALYSIS

Number of groups                                                 1
Number of observations                                        1000

Number of dependent variables                                   10
Number of independent variables                                  2
Number of continuous latent variables                            1

Observed dependent variables

  Continuous
   Y1          Y2          Y3          Y4          Y5          Y6
   Y7          Y8          Y9          Y10

Observed independent variables
   X1          X2

Continuous latent variables
   F


Estimator                                                       ML
Information matrix                                        OBSERVED
Maximum number of iterations                                  1000
Convergence criterion                                    0.500D-04
Maximum number of steepest descent iterations                   20

Input data file(s)
  G2_B1_N3_rep440.csv

Input data format  FREE



UNIVARIATE SAMPLE STATISTICS


     UNIVARIATE HIGHER-ORDER MOMENT DESCRIPTIVE STATISTICS

         Variable/         Mean/     Skewness/   Minimum/ % with                Percentiles
        Sample Size      Variance    Kurtosis    Maximum  Min/Max      20%/60%    40%/80%    Median

     Y1                    1.817       0.881       1.000   36.60%       1.000      2.000      2.000
            1000.000       0.590       1.084       5.000    0.50%       2.000      2.000
     Y2                    1.846       0.946       1.000   37.30%       1.000      2.000      2.000
            1000.000       0.670       1.127       5.000    0.90%       2.000      2.000
     Y3                    3.077       0.173       1.000    1.10%       2.000      3.000      3.000
            1000.000       0.659      -0.207       5.000    3.90%       3.000      4.000
     Y4                    3.023       0.068       1.000    1.70%       2.000      3.000      3.000
            1000.000       0.666      -0.322       5.000    2.70%       3.000      4.000
     Y5                    3.054       0.000       1.000    2.10%       2.000      3.000      3.000
            1000.000       0.667      -0.145       5.000    3.00%       3.000      4.000
     Y6                    1.206       2.892       1.000   82.70%       1.000      1.000      1.000
            1000.000       0.248      10.373       5.000    0.10%       1.000      1.000
     Y7                    1.206       3.342       1.000   83.30%       1.000      1.000      1.000
            1000.000       0.274      14.725       5.000    0.40%       1.000      1.000
     Y8                    1.179       2.890       1.000   84.60%       1.000      1.000      1.000
            1000.000       0.207       9.685       4.000    0.50%       1.000      1.000
     Y9                    1.848       0.928       1.000   37.20%       1.000      2.000      2.000
            1000.000       0.673       0.953       5.000    0.70%       2.000      2.000
     Y10                   1.845       0.825       1.000   35.70%       1.000      2.000      2.000
            1000.000       0.617       0.676       5.000    0.30%       2.000      2.000
     X1                    0.033      -0.003      -3.379    0.10%      -0.795     -0.214      0.049
            1000.000       1.004       0.118       3.660    0.10%       0.284      0.861
     X2                    0.474       0.104       0.000   52.60%       0.000      0.000      0.000
            1000.000       0.249      -1.989       1.000   47.40%       1.000      1.000


THE MODEL ESTIMATION TERMINATED NORMALLY



MODEL FIT INFORMATION

Number of Free Parameters                       34

Loglikelihood

          H0 Value                       -8346.741

Information Criteria

          Akaike (AIC)                   16761.482
          Bayesian (BIC)                 16928.346
          Sample-Size Adjusted BIC       16820.360
            (n* = (n + 2) / 24)



MODEL RESULTS

                                                    Two-Tailed
                    Estimate       S.E.  Est./S.E.    P-Value

 F        BY
    Y1               999.000      0.000    999.000    999.000
    Y2                 0.609      0.023     26.639      0.000
    Y3                 0.588      0.023     25.649      0.000
    Y4                 0.593      0.023     25.761      0.000
    Y5                 0.594      0.023     25.804      0.000
    Y6                 0.314      0.015     21.338      0.000
    Y7                 0.321      0.016     20.601      0.000
    Y8                 0.265      0.014     19.387      0.000
    Y9                 0.602      0.023     26.149      0.000
    Y10                0.580      0.022     26.367      0.000

 Y1       ON
    X1                 0.009      0.018      0.520      0.603
    X2                 0.026      0.036      0.737      0.461

 Means
    F                  0.000      0.000    999.000    999.000

 Intercepts
    Y1                 1.800      0.029     61.604      0.000
    Y2                 1.846      0.026     71.302      0.000
    Y3                 3.077      0.026    119.856      0.000
    Y4                 3.023      0.026    117.097      0.000
    Y5                 3.054      0.026    118.244      0.000
    Y6                 1.206      0.016     76.648      0.000
    Y7                 1.206      0.017     72.915      0.000
    Y8                 1.179      0.014     81.954      0.000
    Y9                 1.848      0.026     71.241      0.000
    Y10                1.845      0.025     74.278      0.000

 Variances
    F                  1.000      0.000    999.000    999.000

 Residual Variances
    Y1                 0.276      0.014     19.801      0.000
    Y2                 0.299      0.015     19.517      0.000
    Y3                 0.313      0.016     19.796      0.000
    Y4                 0.315      0.016     19.779      0.000
    Y5                 0.314      0.016     19.754      0.000
    Y6                 0.149      0.007     20.790      0.000
    Y7                 0.171      0.008     20.933      0.000
    Y8                 0.137      0.006     21.162      0.000
    Y9                 0.310      0.016     19.677      0.000
    Y10                0.281      0.014     19.603      0.000

New/Additional Parameters
    L1_0               0.535      0.029     18.219      0.000
    L1_1               0.025      0.019      1.352      0.176
    L1_2               0.036      0.037      0.959      0.338


QUALITY OF NUMERICAL RESULTS

     Condition Number for the Information Matrix              0.410E-04
       (ratio of smallest to largest eigenvalue)


     Beginning Time:  10:56:53
        Ending Time:  10:56:56
       Elapsed Time:  00:00:03



MUTHEN & MUTHEN
3463 Stoner Ave.
Los Angeles, CA  90066

Tel: (310) 391-9971
Fax: (310) 391-8971
Web: www.StatModel.com
Support: Support@StatModel.com

Copyright (c) 1998-2019 Muthen & Muthen
