Mplus VERSION 8.3
MUTHEN & MUTHEN
04/24/2024  10:51 AM

INPUT INSTRUCTIONS


  TITLE: Test with 10 reps

  DATA:
  File is
  G2_B1_N3_rep429.csv;

  VARIABLE:
      Names are x1 x2 eta
  	y1 y2 y3 y4 y5 y6 y7 y8 y9 y10;
      Usevariables are y1-y10 x1 x2;
      constraint = x1 x2;

  MODEL:
      f BY y1* (l1);
      f BY y2* (l2);
      f BY y3* (l3);
      f BY y4* (l4);
      f BY y5* (l5);
      f BY y6* (l6);
      f BY y7* (l7);
      f BY y8* (l8);
      f BY y9* (l9);
      f BY y10* (l10);

  y10 ON x1 x2;
  f@1;
  [f@0];

  MODEL CONSTRAINT:
      new (l10_0 l10_1 l10_2);
      l10 = l10_0 + l10_1*x1 + l10_2*x2;




INPUT READING TERMINATED NORMALLY



Test with 10 reps

SUMMARY OF ANALYSIS

Number of groups                                                 1
Number of observations                                        1000

Number of dependent variables                                   10
Number of independent variables                                  2
Number of continuous latent variables                            1

Observed dependent variables

  Continuous
   Y1          Y2          Y3          Y4          Y5          Y6
   Y7          Y8          Y9          Y10

Observed independent variables
   X1          X2

Continuous latent variables
   F


Estimator                                                       ML
Information matrix                                        OBSERVED
Maximum number of iterations                                  1000
Convergence criterion                                    0.500D-04
Maximum number of steepest descent iterations                   20

Input data file(s)
  G2_B1_N3_rep429.csv

Input data format  FREE



UNIVARIATE SAMPLE STATISTICS


     UNIVARIATE HIGHER-ORDER MOMENT DESCRIPTIVE STATISTICS

         Variable/         Mean/     Skewness/   Minimum/ % with                Percentiles
        Sample Size      Variance    Kurtosis    Maximum  Min/Max      20%/60%    40%/80%    Median

     Y1                    1.845       1.058       1.000   36.40%       1.000      2.000      2.000
            1000.000       0.663       1.689       5.000    1.20%       2.000      2.000
     Y2                    1.810       0.934       1.000   39.40%       1.000      2.000      2.000
            1000.000       0.646       1.078       5.000    0.80%       2.000      2.000
     Y3                    3.076       0.021       1.000    1.90%       2.000      3.000      3.000
            1000.000       0.628       0.094       5.000    3.20%       3.000      4.000
     Y4                    3.085       0.032       1.000    1.90%       2.000      3.000      3.000
            1000.000       0.704      -0.258       5.000    3.80%       3.000      4.000
     Y5                    3.087      -0.098       1.000    2.50%       2.000      3.000      3.000
            1000.000       0.677      -0.069       5.000    3.10%       3.000      4.000
     Y6                    1.190       2.435       1.000   83.00%       1.000      1.000      1.000
            1000.000       0.198       6.267       4.000    0.20%       1.000      1.000
     Y7                    1.180       2.649       1.000   84.00%       1.000      1.000      1.000
            1000.000       0.194       7.909       4.000    0.30%       1.000      1.000
     Y8                    1.194       3.562       1.000   84.10%       1.000      1.000      1.000
            1000.000       0.260      16.865       5.000    0.40%       1.000      1.000
     Y9                    1.840       0.749       1.000   37.30%       1.000      2.000      2.000
            1000.000       0.630       0.337       5.000    0.30%       2.000      2.000
     Y10                   1.842       0.843       1.000   37.00%       1.000      2.000      2.000
            1000.000       0.639       0.791       5.000    0.60%       2.000      2.000
     X1                    0.025      -0.062      -3.246    0.10%      -0.753     -0.215      0.033
            1000.000       0.978       0.186       3.355    0.10%       0.293      0.810
     X2                    0.514      -0.056       0.000   48.60%       0.000      0.000      1.000
            1000.000       0.250      -1.997       1.000   51.40%       1.000      1.000


THE MODEL ESTIMATION TERMINATED NORMALLY



MODEL FIT INFORMATION

Number of Free Parameters                       34

Loglikelihood

          H0 Value                       -8239.142

Information Criteria

          Akaike (AIC)                   16546.285
          Bayesian (BIC)                 16713.148
          Sample-Size Adjusted BIC       16605.162
            (n* = (n + 2) / 24)



MODEL RESULTS

                                                    Two-Tailed
                    Estimate       S.E.  Est./S.E.    P-Value

 F        BY
    Y1                 0.629      0.022     28.093      0.000
    Y2                 0.584      0.023     25.766      0.000
    Y3                 0.561      0.023     24.864      0.000
    Y4                 0.617      0.024     26.219      0.000
    Y5                 0.593      0.023     25.450      0.000
    Y6                 0.271      0.013     20.459      0.000
    Y7                 0.254      0.013     19.165      0.000
    Y8                 0.306      0.015     20.062      0.000
    Y9                 0.580      0.022     25.955      0.000
    Y10              999.000      0.000    999.000    999.000

 Y10      ON
    X1                -0.005      0.019     -0.266      0.790
    X2                 0.024      0.037      0.648      0.517

 Means
    F                  0.000      0.000    999.000    999.000

 Intercepts
    Y1                 1.845      0.026     71.655      0.000
    Y2                 1.810      0.025     71.219      0.000
    Y3                 3.076      0.025    122.724      0.000
    Y4                 3.085      0.027    116.289      0.000
    Y5                 3.087      0.026    118.605      0.000
    Y6                 1.190      0.014     84.591      0.000
    Y7                 1.180      0.014     84.807      0.000
    Y8                 1.194      0.016     73.997      0.000
    Y9                 1.840      0.025     73.284      0.000
    Y10                1.830      0.031     58.623      0.000

 Variances
    F                  1.000      0.000    999.000    999.000

 Residual Variances
    Y1                 0.268      0.014     18.951      0.000
    Y2                 0.305      0.015     19.793      0.000
    Y3                 0.313      0.016     20.041      0.000
    Y4                 0.323      0.016     19.632      0.000
    Y5                 0.326      0.016     19.869      0.000
    Y6                 0.124      0.006     20.992      0.000
    Y7                 0.129      0.006     21.190      0.000
    Y8                 0.167      0.008     21.045      0.000
    Y9                 0.294      0.015     19.737      0.000
    Y10                0.296      0.015     19.696      0.000

New/Additional Parameters
    L10_0              0.569      0.031     18.518      0.000
    L10_1             -0.011      0.020     -0.556      0.578
    L10_2              0.032      0.038      0.830      0.407


QUALITY OF NUMERICAL RESULTS

     Condition Number for the Information Matrix              0.345E-04
       (ratio of smallest to largest eigenvalue)


     Beginning Time:  10:51:32
        Ending Time:  10:51:34
       Elapsed Time:  00:00:02



MUTHEN & MUTHEN
3463 Stoner Ave.
Los Angeles, CA  90066

Tel: (310) 391-9971
Fax: (310) 391-8971
Web: www.StatModel.com
Support: Support@StatModel.com

Copyright (c) 1998-2019 Muthen & Muthen
