Mplus VERSION 8.3
MUTHEN & MUTHEN
04/24/2024  11:11 AM

INPUT INSTRUCTIONS


  TITLE: Test with 10 reps

  DATA:
  File is
  G2_B1_N3_rep472.csv;

  VARIABLE:
      Names are x1 x2 eta
  	y1 y2 y3 y4 y5 y6 y7 y8 y9 y10;
      Usevariables are y1-y10 x1 x2;
      constraint = x1 x2;

  MODEL:
      f BY y1* (l1);
      f BY y2* (l2);
      f BY y3* (l3);
      f BY y4* (l4);
      f BY y5* (l5);
      f BY y6* (l6);
      f BY y7* (l7);
      f BY y8* (l8);
      f BY y9* (l9);
      f BY y10* (l10);

  y3 ON x1 x2;
  f@1;
  [f@0];

  MODEL CONSTRAINT:
      new (l3_0 l3_1 l3_2);
      l3 = l3_0 + l3_1*x1 + l3_2*x2;




INPUT READING TERMINATED NORMALLY



Test with 10 reps

SUMMARY OF ANALYSIS

Number of groups                                                 1
Number of observations                                        1000

Number of dependent variables                                   10
Number of independent variables                                  2
Number of continuous latent variables                            1

Observed dependent variables

  Continuous
   Y1          Y2          Y3          Y4          Y5          Y6
   Y7          Y8          Y9          Y10

Observed independent variables
   X1          X2

Continuous latent variables
   F


Estimator                                                       ML
Information matrix                                        OBSERVED
Maximum number of iterations                                  1000
Convergence criterion                                    0.500D-04
Maximum number of steepest descent iterations                   20

Input data file(s)
  G2_B1_N3_rep472.csv

Input data format  FREE



UNIVARIATE SAMPLE STATISTICS


     UNIVARIATE HIGHER-ORDER MOMENT DESCRIPTIVE STATISTICS

         Variable/         Mean/     Skewness/   Minimum/ % with                Percentiles
        Sample Size      Variance    Kurtosis    Maximum  Min/Max      20%/60%    40%/80%    Median

     Y1                    1.815       1.041       1.000   39.30%       1.000      2.000      2.000
            1000.000       0.679       1.261       5.000    0.80%       2.000      2.000
     Y2                    1.767       0.975       1.000   40.60%       1.000      1.000      2.000
            1000.000       0.595       1.358       5.000    0.70%       2.000      2.000
     Y3                    3.081       0.080       1.000    1.60%       2.000      3.000      3.000
            1000.000       0.652      -0.078       5.000    3.60%       3.000      4.000
     Y4                    3.055       0.168       1.000    1.20%       2.000      3.000      3.000
            1000.000       0.644      -0.154       5.000    3.50%       3.000      4.000
     Y5                    3.057       0.063       1.000    1.80%       2.000      3.000      3.000
            1000.000       0.660      -0.118       5.000    3.30%       3.000      4.000
     Y6                    1.192       2.511       1.000   82.90%       1.000      1.000      1.000
            1000.000       0.203       7.012       4.000    0.30%       1.000      1.000
     Y7                    1.197       2.683       1.000   83.10%       1.000      1.000      1.000
            1000.000       0.224       8.158       4.000    0.50%       1.000      1.000
     Y8                    1.174       3.229       1.000   84.90%       1.000      1.000      1.000
            1000.000       0.206      13.728       5.000    0.10%       1.000      1.000
     Y9                    1.820       1.009       1.000   37.60%       1.000      2.000      2.000
            1000.000       0.636       1.484       5.000    0.90%       2.000      2.000
     Y10                   1.828       0.942       1.000   37.40%       1.000      2.000      2.000
            1000.000       0.638       1.143       5.000    0.70%       2.000      2.000
     X1                    0.035       0.031      -3.531    0.10%      -0.778     -0.251      0.012
            1000.000       1.021       0.026       2.966    0.10%       0.277      0.851
     X2                    0.492       0.032       0.000   50.80%       0.000      0.000      0.000
            1000.000       0.250      -1.999       1.000   49.20%       1.000      1.000


THE MODEL ESTIMATION TERMINATED NORMALLY



MODEL FIT INFORMATION

Number of Free Parameters                       34

Loglikelihood

          H0 Value                       -8047.033

Information Criteria

          Akaike (AIC)                   16162.065
          Bayesian (BIC)                 16328.929
          Sample-Size Adjusted BIC       16220.943
            (n* = (n + 2) / 24)



MODEL RESULTS

                                                    Two-Tailed
                    Estimate       S.E.  Est./S.E.    P-Value

 F        BY
    Y1                 0.605      0.023     26.226      0.000
    Y2                 0.575      0.021     26.759      0.000
    Y3               999.000      0.000    999.000    999.000
    Y4                 0.598      0.022     26.772      0.000
    Y5                 0.608      0.023     26.945      0.000
    Y6                 0.273      0.013     20.365      0.000
    Y7                 0.284      0.014     20.068      0.000
    Y8                 0.269      0.014     19.841      0.000
    Y9                 0.600      0.022     27.141      0.000
    Y10                0.598      0.022     26.915      0.000

 Y3       ON
    X1                 0.027      0.019      1.427      0.153
    X2                 0.035      0.038      0.922      0.356

 Means
    F                  0.000      0.000    999.000    999.000

 Intercepts
    Y1                 1.815      0.026     69.665      0.000
    Y2                 1.767      0.024     72.457      0.000
    Y3                 3.066      0.032     94.678      0.000
    Y4                 3.055      0.025    120.386      0.000
    Y5                 3.057      0.026    119.015      0.000
    Y6                 1.192      0.014     83.634      0.000
    Y7                 1.197      0.015     79.944      0.000
    Y8                 1.174      0.014     81.851      0.000
    Y9                 1.820      0.025     72.190      0.000
    Y10                1.828      0.025     72.347      0.000

 Variances
    F                  1.000      0.000    999.000    999.000

 Residual Variances
    Y1                 0.312      0.016     19.777      0.000
    Y2                 0.264      0.013     19.609      0.000
    Y3                 0.314      0.016     19.972      0.000
    Y4                 0.286      0.015     19.602      0.000
    Y5                 0.290      0.015     19.542      0.000
    Y6                 0.129      0.006     21.079      0.000
    Y7                 0.144      0.007     21.105      0.000
    Y8                 0.133      0.006     21.142      0.000
    Y9                 0.275      0.014     19.478      0.000
    Y10                0.281      0.014     19.550      0.000

New/Additional Parameters
    L3_0               0.613      0.033     18.784      0.000
    L3_1               0.030      0.020      1.520      0.128
    L3_2              -0.074      0.040     -1.873      0.061


QUALITY OF NUMERICAL RESULTS

     Condition Number for the Information Matrix              0.366E-04
       (ratio of smallest to largest eigenvalue)


     Beginning Time:  11:11:42
        Ending Time:  11:11:44
       Elapsed Time:  00:00:02



MUTHEN & MUTHEN
3463 Stoner Ave.
Los Angeles, CA  90066

Tel: (310) 391-9971
Fax: (310) 391-8971
Web: www.StatModel.com
Support: Support@StatModel.com

Copyright (c) 1998-2019 Muthen & Muthen
