Mplus VERSION 8.3
MUTHEN & MUTHEN
04/24/2024  11:13 AM

INPUT INSTRUCTIONS


  TITLE: Test with 10 reps

  DATA:
  File is
  G2_B1_N3_rep475.csv;

  VARIABLE:
      Names are x1 x2 eta
  	y1 y2 y3 y4 y5 y6 y7 y8 y9 y10;
      Usevariables are y1-y10 x1 x2;
      constraint = x1 x2;

  MODEL:
      f BY y1* (l1);
      f BY y2* (l2);
      f BY y3* (l3);
      f BY y4* (l4);
      f BY y5* (l5);
      f BY y6* (l6);
      f BY y7* (l7);
      f BY y8* (l8);
      f BY y9* (l9);
      f BY y10* (l10);

  y5 ON x1 x2;
  f@1;
  [f@0];

  MODEL CONSTRAINT:
      new (l5_0 l5_1 l5_2);
      l5 = l5_0 + l5_1*x1 + l5_2*x2;




INPUT READING TERMINATED NORMALLY



Test with 10 reps

SUMMARY OF ANALYSIS

Number of groups                                                 1
Number of observations                                        1000

Number of dependent variables                                   10
Number of independent variables                                  2
Number of continuous latent variables                            1

Observed dependent variables

  Continuous
   Y1          Y2          Y3          Y4          Y5          Y6
   Y7          Y8          Y9          Y10

Observed independent variables
   X1          X2

Continuous latent variables
   F


Estimator                                                       ML
Information matrix                                        OBSERVED
Maximum number of iterations                                  1000
Convergence criterion                                    0.500D-04
Maximum number of steepest descent iterations                   20

Input data file(s)
  G2_B1_N3_rep475.csv

Input data format  FREE



UNIVARIATE SAMPLE STATISTICS


     UNIVARIATE HIGHER-ORDER MOMENT DESCRIPTIVE STATISTICS

         Variable/         Mean/     Skewness/   Minimum/ % with                Percentiles
        Sample Size      Variance    Kurtosis    Maximum  Min/Max      20%/60%    40%/80%    Median

     Y1                    1.820       1.079       1.000   37.70%       1.000      2.000      2.000
            1000.000       0.652       1.675       5.000    1.00%       2.000      2.000
     Y2                    1.807       0.992       1.000   40.10%       1.000      1.000      2.000
            1000.000       0.670       1.128       5.000    0.80%       2.000      2.000
     Y3                    3.036       0.062       1.000    2.00%       2.000      3.000      3.000
            1000.000       0.679      -0.191       5.000    3.20%       3.000      4.000
     Y4                    3.088       0.077       1.000    2.00%       2.000      3.000      3.000
            1000.000       0.670       0.063       5.000    4.20%       3.000      4.000
     Y5                    3.066       0.021       1.000    2.50%       2.000      3.000      3.000
            1000.000       0.722      -0.151       5.000    4.00%       3.000      4.000
     Y6                    1.194       3.148       1.000   83.80%       1.000      1.000      1.000
            1000.000       0.242      12.396       5.000    0.10%       1.000      1.000
     Y7                    1.192       2.570       1.000   83.30%       1.000      1.000      1.000
            1000.000       0.211       7.150       4.000    0.30%       1.000      1.000
     Y8                    1.201       2.919       1.000   83.70%       1.000      1.000      1.000
            1000.000       0.253      10.043       5.000    0.10%       1.000      1.000
     Y9                    1.801       0.937       1.000   38.70%       1.000      2.000      2.000
            1000.000       0.615       1.128       5.000    0.60%       2.000      2.000
     Y10                   1.819       0.960       1.000   38.10%       1.000      2.000      2.000
            1000.000       0.638       1.239       5.000    0.80%       2.000      2.000
     X1                   -0.020       0.076      -3.044    0.10%      -0.871     -0.249      0.000
            1000.000       0.964       0.001       3.137    0.10%       0.229      0.739
     X2                    0.486       0.056       0.000   51.40%       0.000      0.000      0.000
            1000.000       0.250      -1.997       1.000   48.60%       1.000      1.000


THE MODEL ESTIMATION TERMINATED NORMALLY



MODEL FIT INFORMATION

Number of Free Parameters                       34

Loglikelihood

          H0 Value                       -8354.970

Information Criteria

          Akaike (AIC)                   16777.939
          Bayesian (BIC)                 16944.803
          Sample-Size Adjusted BIC       16836.817
            (n* = (n + 2) / 24)



MODEL RESULTS

                                                    Two-Tailed
                    Estimate       S.E.  Est./S.E.    P-Value

 F        BY
    Y1                 0.614      0.022     27.483      0.000
    Y2                 0.603      0.023     26.277      0.000
    Y3                 0.588      0.023     25.152      0.000
    Y4                 0.604      0.023     26.324      0.000
    Y5               999.000      0.000    999.000    999.000
    Y6                 0.306      0.015     21.025      0.000
    Y7                 0.279      0.014     20.345      0.000
    Y8                 0.325      0.015     22.029      0.000
    Y9                 0.568      0.022     25.647      0.000
    Y10                0.575      0.023     25.486      0.000

 Y5       ON
    X1                 0.027      0.020      1.324      0.186
    X2                 0.012      0.040      0.292      0.771

 Means
    F                  0.000      0.000    999.000    999.000

 Intercepts
    Y1                 1.820      0.026     71.298      0.000
    Y2                 1.807      0.026     69.823      0.000
    Y3                 3.036      0.026    116.536      0.000
    Y4                 3.088      0.026    119.277      0.000
    Y5                 3.071      0.035     88.626      0.000
    Y6                 1.194      0.016     76.695      0.000
    Y7                 1.192      0.015     82.034      0.000
    Y8                 1.201      0.016     75.566      0.000
    Y9                 1.801      0.025     72.599      0.000
    Y10                1.819      0.025     72.001      0.000

 Variances
    F                  1.000      0.000    999.000    999.000

 Residual Variances
    Y1                 0.275      0.014     19.245      0.000
    Y2                 0.307      0.016     19.670      0.000
    Y3                 0.333      0.017     19.981      0.000
    Y4                 0.306      0.016     19.652      0.000
    Y5                 0.345      0.017     19.869      0.000
    Y6                 0.148      0.007     20.894      0.000
    Y7                 0.134      0.006     21.020      0.000
    Y8                 0.147      0.007     20.690      0.000
    Y9                 0.293      0.015     19.850      0.000
    Y10                0.307      0.015     19.917      0.000

New/Additional Parameters
    L5_0               0.681      0.034     20.215      0.000
    L5_1              -0.011      0.022     -0.509      0.610
    L5_2              -0.139      0.042     -3.347      0.001


QUALITY OF NUMERICAL RESULTS

     Condition Number for the Information Matrix              0.395E-04
       (ratio of smallest to largest eigenvalue)


     Beginning Time:  11:13:01
        Ending Time:  11:13:03
       Elapsed Time:  00:00:02



MUTHEN & MUTHEN
3463 Stoner Ave.
Los Angeles, CA  90066

Tel: (310) 391-9971
Fax: (310) 391-8971
Web: www.StatModel.com
Support: Support@StatModel.com

Copyright (c) 1998-2019 Muthen & Muthen
