Mplus VERSION 8.3
MUTHEN & MUTHEN
04/24/2024  11:35 AM

INPUT INSTRUCTIONS


  TITLE: Test with 10 reps

  DATA:
  File is
  G2_B1_N3_rep73.csv;

  VARIABLE:
      Names are x1 x2 eta
  	y1 y2 y3 y4 y5 y6 y7 y8 y9 y10;
      Usevariables are y1-y10 x1 x2;
      constraint = x1 x2;

  MODEL:
      f BY y1* (l1);
      f BY y2* (l2);
      f BY y3* (l3);
      f BY y4* (l4);
      f BY y5* (l5);
      f BY y6* (l6);
      f BY y7* (l7);
      f BY y8* (l8);
      f BY y9* (l9);
      f BY y10* (l10);

  y8 ON x1 x2;
  f@1;
  [f@0];

  MODEL CONSTRAINT:
      new (l8_0 l8_1 l8_2);
      l8 = l8_0 + l8_1*x1 + l8_2*x2;




INPUT READING TERMINATED NORMALLY



Test with 10 reps

SUMMARY OF ANALYSIS

Number of groups                                                 1
Number of observations                                        1000

Number of dependent variables                                   10
Number of independent variables                                  2
Number of continuous latent variables                            1

Observed dependent variables

  Continuous
   Y1          Y2          Y3          Y4          Y5          Y6
   Y7          Y8          Y9          Y10

Observed independent variables
   X1          X2

Continuous latent variables
   F


Estimator                                                       ML
Information matrix                                        OBSERVED
Maximum number of iterations                                  1000
Convergence criterion                                    0.500D-04
Maximum number of steepest descent iterations                   20

Input data file(s)
  G2_B1_N3_rep73.csv

Input data format  FREE



UNIVARIATE SAMPLE STATISTICS


     UNIVARIATE HIGHER-ORDER MOMENT DESCRIPTIVE STATISTICS

         Variable/         Mean/     Skewness/   Minimum/ % with                Percentiles
        Sample Size      Variance    Kurtosis    Maximum  Min/Max      20%/60%    40%/80%    Median

     Y1                    1.776       0.927       1.000   38.80%       1.000      2.000      2.000
            1000.000       0.568       1.268       5.000    0.50%       2.000      2.000
     Y2                    1.765       0.768       1.000   38.50%       1.000      2.000      2.000
            1000.000       0.524       0.689       5.000    0.20%       2.000      2.000
     Y3                    3.062       0.043       1.000    1.60%       2.000      3.000      3.000
            1000.000       0.634      -0.121       5.000    2.90%       3.000      4.000
     Y4                    3.073       0.087       1.000    1.30%       2.000      3.000      3.000
            1000.000       0.628      -0.136       5.000    3.10%       3.000      4.000
     Y5                    3.054       0.049       1.000    2.00%       2.000      3.000      3.000
            1000.000       0.653      -0.011       5.000    3.30%       3.000      4.000
     Y6                    1.162       3.128       1.000   85.50%       1.000      1.000      1.000
            1000.000       0.180      13.295       5.000    0.10%       1.000      1.000
     Y7                    1.151       2.702       1.000   86.20%       1.000      1.000      1.000
            1000.000       0.156       7.671       4.000    0.10%       1.000      1.000
     Y8                    1.167       3.483       1.000   85.70%       1.000      1.000      1.000
            1000.000       0.205      16.533       5.000    0.20%       1.000      1.000
     Y9                    1.794       0.930       1.000   39.20%       1.000      2.000      2.000
            1000.000       0.612       1.104       5.000    0.60%       2.000      2.000
     Y10                   1.795       1.008       1.000   38.40%       1.000      2.000      2.000
            1000.000       0.607       1.487       5.000    0.70%       2.000      2.000
     X1                   -0.033      -0.014      -2.979    0.10%      -0.868     -0.283      0.010
            1000.000       0.976      -0.117       2.911    0.10%       0.239      0.790
     X2                    0.510      -0.040       0.000   49.00%       0.000      0.000      1.000
            1000.000       0.250      -1.998       1.000   51.00%       1.000      1.000


THE MODEL ESTIMATION TERMINATED NORMALLY



MODEL FIT INFORMATION

Number of Free Parameters                       34

Loglikelihood

          H0 Value                       -7692.613

Information Criteria

          Akaike (AIC)                   15453.226
          Bayesian (BIC)                 15620.090
          Sample-Size Adjusted BIC       15512.104
            (n* = (n + 2) / 24)



MODEL RESULTS

                                                    Two-Tailed
                    Estimate       S.E.  Est./S.E.    P-Value

 F        BY
    Y1                 0.536      0.021     25.017      0.000
    Y2                 0.535      0.020     26.361      0.000
    Y3                 0.593      0.022     26.631      0.000
    Y4                 0.588      0.022     26.503      0.000
    Y5                 0.600      0.023     26.538      0.000
    Y6                 0.245      0.013     19.194      0.000
    Y7                 0.221      0.012     18.448      0.000
    Y8               999.000      0.000    999.000    999.000
    Y9                 0.565      0.022     25.546      0.000
    Y10                0.575      0.022     26.357      0.000

 Y8       ON
    X1                 0.017      0.012      1.435      0.151
    X2                -0.011      0.024     -0.460      0.645

 Means
    F                  0.000      0.000    999.000    999.000

 Intercepts
    Y1                 1.776      0.024     74.531      0.000
    Y2                 1.765      0.023     77.121      0.000
    Y3                 3.062      0.025    121.593      0.000
    Y4                 3.073      0.025    122.658      0.000
    Y5                 3.054      0.026    119.505      0.000
    Y6                 1.162      0.013     86.669      0.000
    Y7                 1.151      0.012     92.095      0.000
    Y8                 1.164      0.018     64.989      0.000
    Y9                 1.794      0.025     72.544      0.000
    Y10                1.795      0.025     72.858      0.000

 Variances
    F                  1.000      0.000    999.000    999.000

 Residual Variances
    Y1                 0.281      0.014     19.973      0.000
    Y2                 0.238      0.012     19.561      0.000
    Y3                 0.283      0.015     19.453      0.000
    Y4                 0.282      0.014     19.505      0.000
    Y5                 0.293      0.015     19.500      0.000
    Y6                 0.120      0.006     21.177      0.000
    Y7                 0.107      0.005     21.285      0.000
    Y8                 0.131      0.006     21.053      0.000
    Y9                 0.293      0.015     19.822      0.000
    Y10                0.276      0.014     19.567      0.000

New/Additional Parameters
    L8_0               0.209      0.019     10.919      0.000
    L8_1               0.055      0.013      4.407      0.000
    L8_2               0.085      0.025      3.382      0.001


QUALITY OF NUMERICAL RESULTS

     Condition Number for the Information Matrix              0.250E-04
       (ratio of smallest to largest eigenvalue)


     Beginning Time:  11:35:49
        Ending Time:  11:35:54
       Elapsed Time:  00:00:05



MUTHEN & MUTHEN
3463 Stoner Ave.
Los Angeles, CA  90066

Tel: (310) 391-9971
Fax: (310) 391-8971
Web: www.StatModel.com
Support: Support@StatModel.com

Copyright (c) 1998-2019 Muthen & Muthen
