Mplus VERSION 8.3
MUTHEN & MUTHEN
04/24/2024  11:47 AM

INPUT INSTRUCTIONS


  TITLE: Test with 10 reps

  DATA:
  File is
  G2_B1_N3_rep99.csv;

  VARIABLE:
      Names are x1 x2 eta
  	y1 y2 y3 y4 y5 y6 y7 y8 y9 y10;
      Usevariables are y1-y10 x1 x2;
      constraint = x1 x2;

  MODEL:
      f BY y1* (l1);
      f BY y2* (l2);
      f BY y3* (l3);
      f BY y4* (l4);
      f BY y5* (l5);
      f BY y6* (l6);
      f BY y7* (l7);
      f BY y8* (l8);
      f BY y9* (l9);
      f BY y10* (l10);

  y6 ON x1 x2;
  f@1;
  [f@0];

  MODEL CONSTRAINT:
      new (l6_0 l6_1 l6_2);
      l6 = l6_0 + l6_1*x1 + l6_2*x2;




INPUT READING TERMINATED NORMALLY



Test with 10 reps

SUMMARY OF ANALYSIS

Number of groups                                                 1
Number of observations                                        1000

Number of dependent variables                                   10
Number of independent variables                                  2
Number of continuous latent variables                            1

Observed dependent variables

  Continuous
   Y1          Y2          Y3          Y4          Y5          Y6
   Y7          Y8          Y9          Y10

Observed independent variables
   X1          X2

Continuous latent variables
   F


Estimator                                                       ML
Information matrix                                        OBSERVED
Maximum number of iterations                                  1000
Convergence criterion                                    0.500D-04
Maximum number of steepest descent iterations                   20

Input data file(s)
  G2_B1_N3_rep99.csv

Input data format  FREE



UNIVARIATE SAMPLE STATISTICS


     UNIVARIATE HIGHER-ORDER MOMENT DESCRIPTIVE STATISTICS

         Variable/         Mean/     Skewness/   Minimum/ % with                Percentiles
        Sample Size      Variance    Kurtosis    Maximum  Min/Max      20%/60%    40%/80%    Median

     Y1                    1.813       0.803       1.000   36.10%       1.000      2.000      2.000
            1000.000       0.564       0.740       5.000    0.20%       2.000      2.000
     Y2                    1.830       0.958       1.000   35.50%       1.000      2.000      2.000
            1000.000       0.593       1.639       5.000    0.90%       2.000      2.000
     Y3                    3.079       0.054       1.000    1.80%       2.000      3.000      3.000
            1000.000       0.645       0.017       5.000    3.50%       3.000      4.000
     Y4                    3.054      -0.049       1.000    2.80%       2.000      3.000      3.000
            1000.000       0.689      -0.014       5.000    3.30%       3.000      4.000
     Y5                    3.040       0.091       1.000    2.00%       2.000      3.000      3.000
            1000.000       0.668      -0.055       5.000    3.50%       3.000      4.000
     Y6                    1.181       2.367       1.000   83.50%       1.000      1.000      1.000
            1000.000       0.182       5.576       4.000    0.10%       1.000      1.000
     Y7                    1.164       3.094       1.000   85.90%       1.000      1.000      1.000
            1000.000       0.193      11.263       4.000    0.50%       1.000      1.000
     Y8                    1.194       3.106       1.000   84.40%       1.000      1.000      1.000
            1000.000       0.252      11.477       5.000    0.10%       1.000      1.000
     Y9                    1.793       0.859       1.000   38.70%       1.000      2.000      2.000
            1000.000       0.592       0.768       5.000    0.30%       2.000      2.000
     Y10                   1.818       0.961       1.000   37.70%       1.000      2.000      2.000
            1000.000       0.629       1.240       5.000    0.70%       2.000      2.000
     X1                    0.011       0.140      -3.268    0.10%      -0.773     -0.236     -0.023
            1000.000       0.941       0.314       3.323    0.10%       0.218      0.776
     X2                    0.499       0.004       0.000   50.10%       0.000      0.000      0.000
            1000.000       0.250      -2.000       1.000   49.90%       1.000      1.000


THE MODEL ESTIMATION TERMINATED NORMALLY



MODEL FIT INFORMATION

Number of Free Parameters                       34

Loglikelihood

          H0 Value                       -8084.542

Information Criteria

          Akaike (AIC)                   16237.083
          Bayesian (BIC)                 16403.947
          Sample-Size Adjusted BIC       16295.961
            (n* = (n + 2) / 24)



MODEL RESULTS

                                                    Two-Tailed
                    Estimate       S.E.  Est./S.E.    P-Value

 F        BY
    Y1                 0.548      0.021     25.891      0.000
    Y2                 0.558      0.022     25.630      0.000
    Y3                 0.574      0.023     25.165      0.000
    Y4                 0.596      0.024     25.268      0.000
    Y5                 0.596      0.023     25.859      0.000
    Y6               999.000      0.000    999.000    999.000
    Y7                 0.251      0.013     18.857      0.000
    Y8                 0.317      0.015     21.297      0.000
    Y9                 0.555      0.022     25.485      0.000
    Y10                0.586      0.022     26.321      0.000

 Y6       ON
    X1                -0.005      0.012     -0.458      0.647
    X2                -0.021      0.023     -0.929      0.353

 Means
    F                  0.000      0.000    999.000    999.000

 Intercepts
    Y1                 1.813      0.024     76.339      0.000
    Y2                 1.830      0.024     75.142      0.000
    Y3                 3.079      0.025    121.258      0.000
    Y4                 3.054      0.026    116.341      0.000
    Y5                 3.040      0.026    117.586      0.000
    Y6                 1.188      0.018     67.358      0.000
    Y7                 1.164      0.014     83.764      0.000
    Y8                 1.194      0.016     75.161      0.000
    Y9                 1.793      0.024     73.682      0.000
    Y10                1.818      0.025     72.495      0.000

 Variances
    F                  1.000      0.000    999.000    999.000

 Residual Variances
    Y1                 0.264      0.013     19.628      0.000
    Y2                 0.282      0.014     19.711      0.000
    Y3                 0.315      0.016     19.851      0.000
    Y4                 0.334      0.017     19.787      0.000
    Y5                 0.313      0.016     19.618      0.000
    Y6                 0.122      0.006     21.105      0.000
    Y7                 0.130      0.006     21.193      0.000
    Y8                 0.152      0.007     20.738      0.000
    Y9                 0.284      0.014     19.764      0.000
    Y10                0.286      0.015     19.480      0.000

New/Additional Parameters
    L6_0               0.232      0.018     12.858      0.000
    L6_1               0.011      0.013      0.839      0.401
    L6_2               0.029      0.024      1.186      0.236


QUALITY OF NUMERICAL RESULTS

     Condition Number for the Information Matrix              0.325E-04
       (ratio of smallest to largest eigenvalue)


     Beginning Time:  11:47:32
        Ending Time:  11:47:34
       Elapsed Time:  00:00:02



MUTHEN & MUTHEN
3463 Stoner Ave.
Los Angeles, CA  90066

Tel: (310) 391-9971
Fax: (310) 391-8971
Web: www.StatModel.com
Support: Support@StatModel.com

Copyright (c) 1998-2019 Muthen & Muthen
