Mplus VERSION 8.3
MUTHEN & MUTHEN
04/24/2024   4:08 PM

INPUT INSTRUCTIONS


  TITLE: Test with 10 reps

  DATA:
  File is
  G2_B2_N3_rep101.csv;

  VARIABLE:
      Names are x1 x2 eta
  	y1 y2 y3 y4 y5 y6 y7 y8 y9 y10;
      Usevariables are y1-y10 x1 x2;
      constraint = x1 x2;

  MODEL:
      f BY y1* (l1);
      f BY y2* (l2);
      f BY y3* (l3);
      f BY y4* (l4);
      f BY y5* (l5);
      f BY y6* (l6);
      f BY y7* (l7);
      f BY y8* (l8);
      f BY y9* (l9);
      f BY y10* (l10);

  y4 ON x1 x2;
  f@1;
  [f@0];

  MODEL CONSTRAINT:
      new (l4_0 l4_1 l4_2);
      l4 = l4_0 + l4_1*x1 + l4_2*x2;




INPUT READING TERMINATED NORMALLY



Test with 10 reps

SUMMARY OF ANALYSIS

Number of groups                                                 1
Number of observations                                        1000

Number of dependent variables                                   10
Number of independent variables                                  2
Number of continuous latent variables                            1

Observed dependent variables

  Continuous
   Y1          Y2          Y3          Y4          Y5          Y6
   Y7          Y8          Y9          Y10

Observed independent variables
   X1          X2

Continuous latent variables
   F


Estimator                                                       ML
Information matrix                                        OBSERVED
Maximum number of iterations                                  1000
Convergence criterion                                    0.500D-04
Maximum number of steepest descent iterations                   20

Input data file(s)
  G2_B2_N3_rep101.csv

Input data format  FREE



UNIVARIATE SAMPLE STATISTICS


     UNIVARIATE HIGHER-ORDER MOMENT DESCRIPTIVE STATISTICS

         Variable/         Mean/     Skewness/   Minimum/ % with                Percentiles
        Sample Size      Variance    Kurtosis    Maximum  Min/Max      20%/60%    40%/80%    Median

     Y1                    1.886       0.909       1.000   32.10%       1.000      2.000      2.000
            1000.000       0.617       1.231       5.000    0.60%       2.000      2.000
     Y2                    1.866       0.751       1.000   32.40%       1.000      2.000      2.000
            1000.000       0.562       0.890       5.000    0.40%       2.000      2.000
     Y3                    3.134      -0.077       1.000    1.30%       3.000      3.000      3.000
            1000.000       0.594      -0.102       5.000    2.50%       3.000      4.000
     Y4                    3.134       0.020       1.000    0.80%       3.000      3.000      3.000
            1000.000       0.574      -0.168       5.000    2.60%       3.000      4.000
     Y5                    3.128      -0.010       1.000    1.00%       3.000      3.000      3.000
            1000.000       0.590      -0.175       5.000    2.60%       3.000      4.000
     Y6                    1.192       3.105       1.000   83.50%       1.000      1.000      1.000
            1000.000       0.227      13.094       5.000    0.20%       1.000      1.000
     Y7                    1.177       2.507       1.000   84.30%       1.000      1.000      1.000
            1000.000       0.188       6.269       4.000    0.10%       1.000      1.000
     Y8                    1.185       2.870       1.000   83.90%       1.000      1.000      1.000
            1000.000       0.211       9.854       4.000    0.60%       1.000      1.000
     Y9                    1.867       0.758       1.000   32.50%       1.000      2.000      2.000
            1000.000       0.567       0.880       5.000    0.40%       2.000      2.000
     Y10                   1.864       0.747       1.000   32.90%       1.000      2.000      2.000
            1000.000       0.570       0.820       5.000    0.40%       2.000      2.000
     X1                    0.015      -0.020      -3.179    0.10%      -0.789     -0.222      0.014
            1000.000       0.987      -0.071       3.447    0.10%       0.249      0.862
     X2                    0.515      -0.060       0.000   48.50%       0.000      0.000      1.000
            1000.000       0.250      -1.996       1.000   51.50%       1.000      1.000


THE MODEL ESTIMATION TERMINATED NORMALLY



MODEL FIT INFORMATION

Number of Free Parameters                       34

Loglikelihood

          H0 Value                       -7762.889

Information Criteria

          Akaike (AIC)                   15593.778
          Bayesian (BIC)                 15760.641
          Sample-Size Adjusted BIC       15652.655
            (n* = (n + 2) / 24)



MODEL RESULTS

                                                    Two-Tailed
                    Estimate       S.E.  Est./S.E.    P-Value

 F        BY
    Y1                 0.580      0.022     26.362      0.000
    Y2                 0.546      0.021     25.853      0.000
    Y3                 0.562      0.022     25.880      0.000
    Y4               999.000      0.000    999.000    999.000
    Y5                 0.554      0.022     25.524      0.000
    Y6                 0.291      0.014     20.466      0.000
    Y7                 0.265      0.013     20.521      0.000
    Y8                 0.274      0.014     19.916      0.000
    Y9                 0.558      0.021     26.471      0.000
    Y10                0.547      0.021     25.694      0.000

 Y4       ON
    X1                -0.009      0.018     -0.512      0.609
    X2                 0.008      0.035      0.219      0.826

 Means
    F                  0.000      0.000    999.000    999.000

 Intercepts
    Y1                 1.886      0.025     75.927      0.000
    Y2                 1.866      0.024     78.709      0.000
    Y3                 3.134      0.024    128.585      0.000
    Y4                 3.141      0.031    101.766      0.000
    Y5                 3.128      0.024    128.820      0.000
    Y6                 1.192      0.015     79.092      0.000
    Y7                 1.177      0.014     85.917      0.000
    Y8                 1.185      0.015     81.622      0.000
    Y9                 1.867      0.024     78.385      0.000
    Y10                1.864      0.024     78.108      0.000

 Variances
    F                  1.000      0.000    999.000    999.000

 Residual Variances
    Y1                 0.281      0.014     19.598      0.000
    Y2                 0.264      0.013     19.762      0.000
    Y3                 0.279      0.014     19.753      0.000
    Y4                 0.262      0.013     19.458      0.000
    Y5                 0.283      0.014     19.854      0.000
    Y6                 0.143      0.007     20.955      0.000
    Y7                 0.118      0.006     20.950      0.000
    Y8                 0.136      0.006     21.072      0.000
    Y9                 0.256      0.013     19.562      0.000
    Y10                0.270      0.014     19.810      0.000

New/Additional Parameters
    L4_0               0.564      0.031     18.231      0.000
    L4_1              -0.048      0.018     -2.718      0.007
    L4_2               0.008      0.037      0.229      0.819


QUALITY OF NUMERICAL RESULTS

     Condition Number for the Information Matrix              0.308E-04
       (ratio of smallest to largest eigenvalue)


     Beginning Time:  16:08:06
        Ending Time:  16:08:08
       Elapsed Time:  00:00:02



MUTHEN & MUTHEN
3463 Stoner Ave.
Los Angeles, CA  90066

Tel: (310) 391-9971
Fax: (310) 391-8971
Web: www.StatModel.com
Support: Support@StatModel.com

Copyright (c) 1998-2019 Muthen & Muthen
