Mplus VERSION 8.3
MUTHEN & MUTHEN
04/24/2024   4:21 PM

INPUT INSTRUCTIONS


  TITLE: Test with 10 reps

  DATA:
  File is
  G2_B2_N3_rep130.csv;

  VARIABLE:
      Names are x1 x2 eta
  	y1 y2 y3 y4 y5 y6 y7 y8 y9 y10;
      Usevariables are y1-y10 x1 x2;
      constraint = x1 x2;

  MODEL:
      f BY y1* (l1);
      f BY y2* (l2);
      f BY y3* (l3);
      f BY y4* (l4);
      f BY y5* (l5);
      f BY y6* (l6);
      f BY y7* (l7);
      f BY y8* (l8);
      f BY y9* (l9);
      f BY y10* (l10);

  y3 ON x1 x2;
  f@1;
  [f@0];

  MODEL CONSTRAINT:
      new (l3_0 l3_1 l3_2);
      l3 = l3_0 + l3_1*x1 + l3_2*x2;




INPUT READING TERMINATED NORMALLY



Test with 10 reps

SUMMARY OF ANALYSIS

Number of groups                                                 1
Number of observations                                        1000

Number of dependent variables                                   10
Number of independent variables                                  2
Number of continuous latent variables                            1

Observed dependent variables

  Continuous
   Y1          Y2          Y3          Y4          Y5          Y6
   Y7          Y8          Y9          Y10

Observed independent variables
   X1          X2

Continuous latent variables
   F


Estimator                                                       ML
Information matrix                                        OBSERVED
Maximum number of iterations                                  1000
Convergence criterion                                    0.500D-04
Maximum number of steepest descent iterations                   20

Input data file(s)
  G2_B2_N3_rep130.csv

Input data format  FREE



UNIVARIATE SAMPLE STATISTICS


     UNIVARIATE HIGHER-ORDER MOMENT DESCRIPTIVE STATISTICS

         Variable/         Mean/     Skewness/   Minimum/ % with                Percentiles
        Sample Size      Variance    Kurtosis    Maximum  Min/Max      20%/60%    40%/80%    Median

     Y1                    1.836       0.646       1.000   32.80%       1.000      2.000      2.000
            1000.000       0.511       0.528       5.000    0.10%       2.000      2.000
     Y2                    1.835       0.659       1.000   33.30%       1.000      2.000      2.000
            1000.000       0.520       0.599       5.000    0.20%       2.000      2.000
     Y3                    3.112       0.020       1.000    0.50%       3.000      3.000      3.000
            1000.000       0.537      -0.293       5.000    1.80%       3.000      4.000
     Y4                    3.093       0.014       1.000    0.80%       3.000      3.000      3.000
            1000.000       0.546      -0.158       5.000    1.90%       3.000      4.000
     Y5                    3.141       0.000       1.000    0.60%       3.000      3.000      3.000
            1000.000       0.525      -0.121       5.000    2.00%       3.000      4.000
     Y6                    1.165       3.104       1.000   85.40%       1.000      1.000      1.000
            1000.000       0.186      12.817       5.000    0.10%       1.000      1.000
     Y7                    1.159       3.051       1.000   85.60%       1.000      1.000      1.000
            1000.000       0.172      12.744       5.000    0.10%       1.000      1.000
     Y8                    1.171       3.056       1.000   84.50%       1.000      1.000      1.000
            1000.000       0.186      13.060       5.000    0.10%       1.000      1.000
     Y9                    1.841       0.740       1.000   34.10%       1.000      2.000      2.000
            1000.000       0.560       0.641       5.000    0.20%       2.000      2.000
     Y10                   1.811       0.671       1.000   34.80%       1.000      2.000      2.000
            1000.000       0.513       0.599       5.000    0.20%       2.000      2.000
     X1                    0.012       0.190      -2.827    0.10%      -0.845     -0.255      0.024
            1000.000       1.022       0.200       3.862    0.10%       0.249      0.814
     X2                    0.530      -0.120       0.000   47.00%       0.000      0.000      1.000
            1000.000       0.249      -1.986       1.000   53.00%       1.000      1.000


THE MODEL ESTIMATION TERMINATED NORMALLY



MODEL FIT INFORMATION

Number of Free Parameters                       34

Loglikelihood

          H0 Value                       -7333.672

Information Criteria

          Akaike (AIC)                   14735.345
          Bayesian (BIC)                 14902.209
          Sample-Size Adjusted BIC       14794.223
            (n* = (n + 2) / 24)



MODEL RESULTS

                                                    Two-Tailed
                    Estimate       S.E.  Est./S.E.    P-Value

 F        BY
    Y1                 0.513      0.020     25.290      0.000
    Y2                 0.531      0.020     26.225      0.000
    Y3               999.000      0.000    999.000    999.000
    Y4                 0.525      0.021     24.901      0.000
    Y5                 0.519      0.021     25.169      0.000
    Y6                 0.265      0.013     20.577      0.000
    Y7                 0.237      0.013     18.820      0.000
    Y8                 0.257      0.013     19.876      0.000
    Y9                 0.552      0.021     26.243      0.000
    Y10                0.512      0.020     25.100      0.000

 Y3       ON
    X1                 0.032      0.017      1.888      0.059
    X2                 0.048      0.035      1.362      0.173

 Means
    F                  0.000      0.000    999.000    999.000

 Intercepts
    Y1                 1.836      0.023     81.212      0.000
    Y2                 1.835      0.023     80.488      0.000
    Y3                 3.102      0.031     98.509      0.000
    Y4                 3.093      0.023    132.326      0.000
    Y5                 3.141      0.023    137.069      0.000
    Y6                 1.165      0.014     85.474      0.000
    Y7                 1.159      0.013     88.445      0.000
    Y8                 1.171      0.014     85.918      0.000
    Y9                 1.841      0.024     77.816      0.000
    Y10                1.811      0.023     79.936      0.000

 Variances
    F                  1.000      0.000    999.000    999.000

 Residual Variances
    Y1                 0.248      0.013     19.752      0.000
    Y2                 0.237      0.012     19.443      0.000
    Y3                 0.259      0.013     19.753      0.000
    Y4                 0.271      0.014     19.863      0.000
    Y5                 0.256      0.013     19.772      0.000
    Y6                 0.116      0.006     20.792      0.000
    Y7                 0.116      0.005     21.141      0.000
    Y8                 0.119      0.006     20.937      0.000
    Y9                 0.255      0.013     19.434      0.000
    Y10                0.252      0.013     19.811      0.000

New/Additional Parameters
    L3_0               0.579      0.032     17.982      0.000
    L3_1              -0.016      0.018     -0.928      0.353
    L3_2              -0.111      0.038     -2.932      0.003


QUALITY OF NUMERICAL RESULTS

     Condition Number for the Information Matrix              0.293E-04
       (ratio of smallest to largest eigenvalue)


     Beginning Time:  16:21:21
        Ending Time:  16:21:23
       Elapsed Time:  00:00:02



MUTHEN & MUTHEN
3463 Stoner Ave.
Los Angeles, CA  90066

Tel: (310) 391-9971
Fax: (310) 391-8971
Web: www.StatModel.com
Support: Support@StatModel.com

Copyright (c) 1998-2019 Muthen & Muthen
