Mplus VERSION 8.3
MUTHEN & MUTHEN
04/24/2024   4:41 PM

INPUT INSTRUCTIONS


  TITLE: Test with 10 reps

  DATA:
  File is
  G2_B2_N3_rep175.csv;

  VARIABLE:
      Names are x1 x2 eta
  	y1 y2 y3 y4 y5 y6 y7 y8 y9 y10;
      Usevariables are y1-y10 x1 x2;
      constraint = x1 x2;

  MODEL:
      f BY y1* (l1);
      f BY y2* (l2);
      f BY y3* (l3);
      f BY y4* (l4);
      f BY y5* (l5);
      f BY y6* (l6);
      f BY y7* (l7);
      f BY y8* (l8);
      f BY y9* (l9);
      f BY y10* (l10);

  y10 ON x1 x2;
  f@1;
  [f@0];

  MODEL CONSTRAINT:
      new (l10_0 l10_1 l10_2);
      l10 = l10_0 + l10_1*x1 + l10_2*x2;




INPUT READING TERMINATED NORMALLY



Test with 10 reps

SUMMARY OF ANALYSIS

Number of groups                                                 1
Number of observations                                        1000

Number of dependent variables                                   10
Number of independent variables                                  2
Number of continuous latent variables                            1

Observed dependent variables

  Continuous
   Y1          Y2          Y3          Y4          Y5          Y6
   Y7          Y8          Y9          Y10

Observed independent variables
   X1          X2

Continuous latent variables
   F


Estimator                                                       ML
Information matrix                                        OBSERVED
Maximum number of iterations                                  1000
Convergence criterion                                    0.500D-04
Maximum number of steepest descent iterations                   20

Input data file(s)
  G2_B2_N3_rep175.csv

Input data format  FREE



UNIVARIATE SAMPLE STATISTICS


     UNIVARIATE HIGHER-ORDER MOMENT DESCRIPTIVE STATISTICS

         Variable/         Mean/     Skewness/   Minimum/ % with                Percentiles
        Sample Size      Variance    Kurtosis    Maximum  Min/Max      20%/60%    40%/80%    Median

     Y1                    1.856       0.903       1.000   35.30%       1.000      2.000      2.000
            1000.000       0.635       1.103       5.000    0.70%       2.000      2.000
     Y2                    1.876       0.786       1.000   33.40%       1.000      2.000      2.000
            1000.000       0.611       0.732       5.000    0.40%       2.000      2.000
     Y3                    3.115       0.041       1.000    1.30%       3.000      3.000      3.000
            1000.000       0.588       0.108       5.000    3.10%       3.000      4.000
     Y4                    3.131       0.039       1.000    0.90%       3.000      3.000      3.000
            1000.000       0.588      -0.132       5.000    2.90%       3.000      4.000
     Y5                    3.148       0.116       1.000    0.50%       2.000      3.000      3.000
            1000.000       0.628      -0.372       5.000    3.70%       3.000      4.000
     Y6                    1.161       2.767       1.000   85.60%       1.000      1.000      1.000
            1000.000       0.173       8.454       4.000    0.20%       1.000      1.000
     Y7                    1.179       2.591       1.000   84.20%       1.000      1.000      1.000
            1000.000       0.193       7.142       4.000    0.20%       1.000      1.000
     Y8                    1.170       2.579       1.000   84.90%       1.000      1.000      1.000
            1000.000       0.181       6.715       4.000    0.10%       1.000      1.000
     Y9                    1.838       0.820       1.000   36.20%       1.000      2.000      2.000
            1000.000       0.610       0.810       5.000    0.50%       2.000      2.000
     Y10                   1.870       0.763       1.000   33.40%       1.000      2.000      2.000
            1000.000       0.595       0.732       5.000    0.40%       2.000      2.000
     X1                   -0.006       0.053      -3.032    0.10%      -0.848     -0.269     -0.022
            1000.000       1.015       0.002       3.000    0.10%       0.259      0.824
     X2                    0.509      -0.036       0.000   49.10%       0.000      0.000      1.000
            1000.000       0.250      -1.999       1.000   50.90%       1.000      1.000


THE MODEL ESTIMATION TERMINATED NORMALLY



MODEL FIT INFORMATION

Number of Free Parameters                       34

Loglikelihood

          H0 Value                       -7615.194

Information Criteria

          Akaike (AIC)                   15298.388
          Bayesian (BIC)                 15465.252
          Sample-Size Adjusted BIC       15357.266
            (n* = (n + 2) / 24)



MODEL RESULTS

                                                    Two-Tailed
                    Estimate       S.E.  Est./S.E.    P-Value

 F        BY
    Y1                 0.591      0.022     26.572      0.000
    Y2                 0.601      0.021     28.030      0.000
    Y3                 0.568      0.021     26.544      0.000
    Y4                 0.568      0.021     26.514      0.000
    Y5                 0.577      0.022     25.874      0.000
    Y6                 0.253      0.012     20.407      0.000
    Y7                 0.268      0.013     20.551      0.000
    Y8                 0.241      0.013     18.715      0.000
    Y9                 0.589      0.022     27.197      0.000
    Y10              999.000      0.000    999.000    999.000

 Y10      ON
    X1                 0.031      0.018      1.793      0.073
    X2                 0.071      0.035      2.012      0.044

 Means
    F                  0.000      0.000    999.000    999.000

 Intercepts
    Y1                 1.856      0.025     73.638      0.000
    Y2                 1.876      0.025     75.918      0.000
    Y3                 3.115      0.024    128.485      0.000
    Y4                 3.131      0.024    129.138      0.000
    Y5                 3.148      0.025    125.609      0.000
    Y6                 1.161      0.013     88.249      0.000
    Y7                 1.179      0.014     84.875      0.000
    Y8                 1.170      0.013     86.941      0.000
    Y9                 1.838      0.025     74.433      0.000
    Y10                1.838      0.031     60.084      0.000

 Variances
    F                  1.000      0.000    999.000    999.000

 Residual Variances
    Y1                 0.286      0.015     19.682      0.000
    Y2                 0.249      0.013     19.189      0.000
    Y3                 0.265      0.013     19.691      0.000
    Y4                 0.266      0.013     19.692      0.000
    Y5                 0.296      0.015     19.891      0.000
    Y6                 0.109      0.005     21.036      0.000
    Y7                 0.121      0.006     21.036      0.000
    Y8                 0.123      0.006     21.299      0.000
    Y9                 0.263      0.014     19.488      0.000
    Y10                0.270      0.014     19.811      0.000

New/Additional Parameters
    L10_0              0.560      0.031     18.296      0.000
    L10_1             -0.020      0.017     -1.126      0.260
    L10_2             -0.002      0.037     -0.063      0.949


QUALITY OF NUMERICAL RESULTS

     Condition Number for the Information Matrix              0.264E-04
       (ratio of smallest to largest eigenvalue)


     Beginning Time:  16:41:39
        Ending Time:  16:41:41
       Elapsed Time:  00:00:02



MUTHEN & MUTHEN
3463 Stoner Ave.
Los Angeles, CA  90066

Tel: (310) 391-9971
Fax: (310) 391-8971
Web: www.StatModel.com
Support: Support@StatModel.com

Copyright (c) 1998-2019 Muthen & Muthen
