Mplus VERSION 8.3
MUTHEN & MUTHEN
04/24/2024   4:44 PM

INPUT INSTRUCTIONS


  TITLE: Test with 10 reps

  DATA:
  File is
  G2_B2_N3_rep181.csv;

  VARIABLE:
      Names are x1 x2 eta
  	y1 y2 y3 y4 y5 y6 y7 y8 y9 y10;
      Usevariables are y1-y10 x1 x2;
      constraint = x1 x2;

  MODEL:
      f BY y1* (l1);
      f BY y2* (l2);
      f BY y3* (l3);
      f BY y4* (l4);
      f BY y5* (l5);
      f BY y6* (l6);
      f BY y7* (l7);
      f BY y8* (l8);
      f BY y9* (l9);
      f BY y10* (l10);

  y10 ON x1 x2;
  f@1;
  [f@0];

  MODEL CONSTRAINT:
      new (l10_0 l10_1 l10_2);
      l10 = l10_0 + l10_1*x1 + l10_2*x2;




INPUT READING TERMINATED NORMALLY



Test with 10 reps

SUMMARY OF ANALYSIS

Number of groups                                                 1
Number of observations                                        1000

Number of dependent variables                                   10
Number of independent variables                                  2
Number of continuous latent variables                            1

Observed dependent variables

  Continuous
   Y1          Y2          Y3          Y4          Y5          Y6
   Y7          Y8          Y9          Y10

Observed independent variables
   X1          X2

Continuous latent variables
   F


Estimator                                                       ML
Information matrix                                        OBSERVED
Maximum number of iterations                                  1000
Convergence criterion                                    0.500D-04
Maximum number of steepest descent iterations                   20

Input data file(s)
  G2_B2_N3_rep181.csv

Input data format  FREE



UNIVARIATE SAMPLE STATISTICS


     UNIVARIATE HIGHER-ORDER MOMENT DESCRIPTIVE STATISTICS

         Variable/         Mean/     Skewness/   Minimum/ % with                Percentiles
        Sample Size      Variance    Kurtosis    Maximum  Min/Max      20%/60%    40%/80%    Median

     Y1                    1.826       0.674       1.000   35.20%       1.000      2.000      2.000
            1000.000       0.548       0.426       5.000    0.20%       2.000      2.000
     Y2                    1.842       0.738       1.000   36.20%       1.000      2.000      2.000
            1000.000       0.609       0.353       5.000    0.20%       2.000      2.000
     Y3                    3.104      -0.032       1.000    1.00%       2.000      3.000      3.000
            1000.000       0.587      -0.280       5.000    2.10%       3.000      4.000
     Y4                    3.119      -0.164       1.000    1.50%       3.000      3.000      3.000
            1000.000       0.585      -0.135       5.000    1.80%       3.000      4.000
     Y5                    3.109      -0.021       1.000    1.30%       3.000      3.000      3.000
            1000.000       0.577       0.025       5.000    2.50%       3.000      4.000
     Y6                    1.187       2.554       1.000   83.80%       1.000      1.000      1.000
            1000.000       0.206       6.750       4.000    0.20%       1.000      1.000
     Y7                    1.163       2.876       1.000   85.60%       1.000      1.000      1.000
            1000.000       0.180       9.465       4.000    0.30%       1.000      1.000
     Y8                    1.171       2.543       1.000   84.70%       1.000      1.000      1.000
            1000.000       0.180       6.534       4.000    0.10%       1.000      1.000
     Y9                    1.824       0.686       1.000   34.60%       1.000      2.000      2.000
            1000.000       0.533       0.561       5.000    0.20%       2.000      2.000
     Y10                   1.838       0.714       1.000   34.70%       1.000      2.000      2.000
            1000.000       0.564       0.513       5.000    0.20%       2.000      2.000
     X1                    0.011      -0.017      -3.239    0.10%      -0.886     -0.254      0.041
            1000.000       1.066      -0.034       3.085    0.10%       0.299      0.884
     X2                    0.507      -0.028       0.000   49.30%       0.000      0.000      1.000
            1000.000       0.250      -1.999       1.000   50.70%       1.000      1.000


THE MODEL ESTIMATION TERMINATED NORMALLY



MODEL FIT INFORMATION

Number of Free Parameters                       34

Loglikelihood

          H0 Value                       -7655.553

Information Criteria

          Akaike (AIC)                   15379.106
          Bayesian (BIC)                 15545.970
          Sample-Size Adjusted BIC       15437.984
            (n* = (n + 2) / 24)



MODEL RESULTS

                                                    Two-Tailed
                    Estimate       S.E.  Est./S.E.    P-Value

 F        BY
    Y1                 0.544      0.021     26.144      0.000
    Y2                 0.592      0.022     27.306      0.000
    Y3                 0.551      0.022     25.355      0.000
    Y4                 0.540      0.022     24.761      0.000
    Y5                 0.568      0.021     26.765      0.000
    Y6                 0.269      0.014     19.683      0.000
    Y7                 0.228      0.013     17.504      0.000
    Y8                 0.237      0.013     18.405      0.000
    Y9                 0.516      0.021     24.744      0.000
    Y10              999.000      0.000    999.000    999.000

 Y10      ON
    X1                 0.011      0.017      0.628      0.530
    X2                 0.019      0.036      0.541      0.589

 Means
    F                  0.000      0.000    999.000    999.000

 Intercepts
    Y1                 1.826      0.023     78.021      0.000
    Y2                 1.842      0.025     74.638      0.000
    Y3                 3.104      0.024    128.094      0.000
    Y4                 3.119      0.024    128.971      0.000
    Y5                 3.109      0.024    129.414      0.000
    Y6                 1.187      0.014     82.695      0.000
    Y7                 1.163      0.013     86.581      0.000
    Y8                 1.171      0.013     87.339      0.000
    Y9                 1.824      0.023     79.003      0.000
    Y10                1.822      0.030     60.422      0.000

 Variances
    F                  1.000      0.000    999.000    999.000

 Residual Variances
    Y1                 0.252      0.013     19.533      0.000
    Y2                 0.259      0.014     19.100      0.000
    Y3                 0.284      0.014     19.777      0.000
    Y4                 0.293      0.015     19.956      0.000
    Y5                 0.255      0.013     19.290      0.000
    Y6                 0.134      0.006     21.032      0.000
    Y7                 0.129      0.006     21.383      0.000
    Y8                 0.123      0.006     21.251      0.000
    Y9                 0.267      0.013     19.978      0.000
    Y10                0.260      0.013     19.557      0.000

New/Additional Parameters
    L10_0              0.531      0.031     17.270      0.000
    L10_1              0.011      0.017      0.628      0.530
    L10_2              0.025      0.038      0.668      0.504


QUALITY OF NUMERICAL RESULTS

     Condition Number for the Information Matrix              0.332E-04
       (ratio of smallest to largest eigenvalue)


     Beginning Time:  16:44:31
        Ending Time:  16:44:33
       Elapsed Time:  00:00:02



MUTHEN & MUTHEN
3463 Stoner Ave.
Los Angeles, CA  90066

Tel: (310) 391-9971
Fax: (310) 391-8971
Web: www.StatModel.com
Support: Support@StatModel.com

Copyright (c) 1998-2019 Muthen & Muthen
