Mplus VERSION 8.3
MUTHEN & MUTHEN
04/24/2024   4:16 PM

INPUT INSTRUCTIONS


  TITLE: Test with 10 reps

  DATA:
  File is
  G2_B2_N3_rep120.csv;

  VARIABLE:
      Names are x1 x2 eta
  	y1 y2 y3 y4 y5 y6 y7 y8 y9 y10;
      Usevariables are y1-y10 x1 x2;
      constraint = x1 x2;

  MODEL:
      f BY y1* (l1);
      f BY y2* (l2);
      f BY y3* (l3);
      f BY y4* (l4);
      f BY y5* (l5);
      f BY y6* (l6);
      f BY y7* (l7);
      f BY y8* (l8);
      f BY y9* (l9);
      f BY y10* (l10);

  y4 ON x1 x2;
  f@1;
  [f@0];

  MODEL CONSTRAINT:
      new (l4_0 l4_1 l4_2);
      l4 = l4_0 + l4_1*x1 + l4_2*x2;




INPUT READING TERMINATED NORMALLY



Test with 10 reps

SUMMARY OF ANALYSIS

Number of groups                                                 1
Number of observations                                        1000

Number of dependent variables                                   10
Number of independent variables                                  2
Number of continuous latent variables                            1

Observed dependent variables

  Continuous
   Y1          Y2          Y3          Y4          Y5          Y6
   Y7          Y8          Y9          Y10

Observed independent variables
   X1          X2

Continuous latent variables
   F


Estimator                                                       ML
Information matrix                                        OBSERVED
Maximum number of iterations                                  1000
Convergence criterion                                    0.500D-04
Maximum number of steepest descent iterations                   20

Input data file(s)
  G2_B2_N3_rep120.csv

Input data format  FREE



UNIVARIATE SAMPLE STATISTICS


     UNIVARIATE HIGHER-ORDER MOMENT DESCRIPTIVE STATISTICS

         Variable/         Mean/     Skewness/   Minimum/ % with                Percentiles
        Sample Size      Variance    Kurtosis    Maximum  Min/Max      20%/60%    40%/80%    Median

     Y1                    1.841       0.685       1.000   33.40%       1.000      2.000      2.000
            1000.000       0.536       0.603       5.000    0.20%       2.000      2.000
     Y2                    1.862       0.664       1.000   31.20%       1.000      2.000      2.000
            1000.000       0.517       0.819       5.000    0.30%       2.000      2.000
     Y3                    3.163      -0.025       1.000    0.70%       3.000      3.000      3.000
            1000.000       0.554      -0.167       5.000    2.40%       3.000      4.000
     Y4                    3.164      -0.006       1.000    0.70%       3.000      3.000      3.000
            1000.000       0.561      -0.159       5.000    2.60%       3.000      4.000
     Y5                    3.139       0.050       1.000    0.70%       3.000      3.000      3.000
            1000.000       0.564      -0.125       5.000    2.70%       3.000      4.000
     Y6                    1.181       2.689       1.000   83.70%       1.000      1.000      1.000
            1000.000       0.192       8.636       4.000    0.40%       1.000      1.000
     Y7                    1.168       2.514       1.000   84.30%       1.000      1.000      1.000
            1000.000       0.166       7.155       4.000    0.20%       1.000      1.000
     Y8                    1.168       2.257       1.000   83.90%       1.000      1.000      1.000
            1000.000       0.156       5.060       4.000    0.10%       1.000      1.000
     Y9                    1.882       0.632       1.000   30.60%       1.000      2.000      2.000
            1000.000       0.534       0.561       5.000    0.20%       2.000      2.000
     Y10                   1.869       0.617       1.000   31.90%       1.000      2.000      2.000
            1000.000       0.542       0.338       5.000    0.10%       2.000      2.000
     X1                    0.049      -0.005      -2.947    0.10%      -0.819     -0.184      0.069
            1000.000       0.994       0.066       3.493    0.10%       0.305      0.903
     X2                    0.489       0.044       0.000   51.10%       0.000      0.000      0.000
            1000.000       0.250      -1.998       1.000   48.90%       1.000      1.000


THE MODEL ESTIMATION TERMINATED NORMALLY



MODEL FIT INFORMATION

Number of Free Parameters                       34

Loglikelihood

          H0 Value                       -7375.955

Information Criteria

          Akaike (AIC)                   14819.909
          Bayesian (BIC)                 14986.773
          Sample-Size Adjusted BIC       14878.787
            (n* = (n + 2) / 24)



MODEL RESULTS

                                                    Two-Tailed
                    Estimate       S.E.  Est./S.E.    P-Value

 F        BY
    Y1                 0.513      0.021     24.469      0.000
    Y2                 0.518      0.020     25.365      0.000
    Y3                 0.539      0.021     25.554      0.000
    Y4               999.000      0.000    999.000    999.000
    Y5                 0.534      0.021     24.929      0.000
    Y6                 0.256      0.013     19.343      0.000
    Y7                 0.228      0.012     18.382      0.000
    Y8                 0.213      0.012     17.623      0.000
    Y9                 0.539      0.021     26.218      0.000
    Y10                0.539      0.021     26.004      0.000

 Y4       ON
    X1                 0.029      0.017      1.690      0.091
    X2                 0.022      0.034      0.638      0.523

 Means
    F                  0.000      0.000    999.000    999.000

 Intercepts
    Y1                 1.841      0.023     79.540      0.000
    Y2                 1.862      0.023     81.894      0.000
    Y3                 3.163      0.024    134.331      0.000
    Y4                 3.160      0.030    106.023      0.000
    Y5                 3.139      0.024    132.214      0.000
    Y6                 1.181      0.014     85.178      0.000
    Y7                 1.168      0.013     90.716      0.000
    Y8                 1.168      0.012     93.582      0.000
    Y9                 1.882      0.023     81.437      0.000
    Y10                1.869      0.023     80.293      0.000

 Variances
    F                  1.000      0.000    999.000    999.000

 Residual Variances
    Y1                 0.272      0.014     19.975      0.000
    Y2                 0.249      0.013     19.702      0.000
    Y3                 0.264      0.013     19.653      0.000
    Y4                 0.244      0.013     19.149      0.000
    Y5                 0.279      0.014     19.835      0.000
    Y6                 0.127      0.006     21.040      0.000
    Y7                 0.114      0.005     21.198      0.000
    Y8                 0.110      0.005     21.332      0.000
    Y9                 0.244      0.013     19.428      0.000
    Y10                0.251      0.013     19.497      0.000

New/Additional Parameters
    L4_0               0.580      0.029     19.693      0.000
    L4_1              -0.022      0.018     -1.190      0.234
    L4_2              -0.042      0.036     -1.181      0.237


QUALITY OF NUMERICAL RESULTS

     Condition Number for the Information Matrix              0.264E-04
       (ratio of smallest to largest eigenvalue)


     Beginning Time:  16:16:52
        Ending Time:  16:16:54
       Elapsed Time:  00:00:02



MUTHEN & MUTHEN
3463 Stoner Ave.
Los Angeles, CA  90066

Tel: (310) 391-9971
Fax: (310) 391-8971
Web: www.StatModel.com
Support: Support@StatModel.com

Copyright (c) 1998-2019 Muthen & Muthen
