Mplus VERSION 8.3
MUTHEN & MUTHEN
04/24/2024   4:23 PM

INPUT INSTRUCTIONS


  TITLE: Test with 10 reps

  DATA:
  File is
  G2_B2_N3_rep134.csv;

  VARIABLE:
      Names are x1 x2 eta
  	y1 y2 y3 y4 y5 y6 y7 y8 y9 y10;
      Usevariables are y1-y10 x1 x2;
      constraint = x1 x2;

  MODEL:
      f BY y1* (l1);
      f BY y2* (l2);
      f BY y3* (l3);
      f BY y4* (l4);
      f BY y5* (l5);
      f BY y6* (l6);
      f BY y7* (l7);
      f BY y8* (l8);
      f BY y9* (l9);
      f BY y10* (l10);

  y6 ON x1 x2;
  f@1;
  [f@0];

  MODEL CONSTRAINT:
      new (l6_0 l6_1 l6_2);
      l6 = l6_0 + l6_1*x1 + l6_2*x2;




INPUT READING TERMINATED NORMALLY



Test with 10 reps

SUMMARY OF ANALYSIS

Number of groups                                                 1
Number of observations                                        1000

Number of dependent variables                                   10
Number of independent variables                                  2
Number of continuous latent variables                            1

Observed dependent variables

  Continuous
   Y1          Y2          Y3          Y4          Y5          Y6
   Y7          Y8          Y9          Y10

Observed independent variables
   X1          X2

Continuous latent variables
   F


Estimator                                                       ML
Information matrix                                        OBSERVED
Maximum number of iterations                                  1000
Convergence criterion                                    0.500D-04
Maximum number of steepest descent iterations                   20

Input data file(s)
  G2_B2_N3_rep134.csv

Input data format  FREE



UNIVARIATE SAMPLE STATISTICS


     UNIVARIATE HIGHER-ORDER MOMENT DESCRIPTIVE STATISTICS

         Variable/         Mean/     Skewness/   Minimum/ % with                Percentiles
        Sample Size      Variance    Kurtosis    Maximum  Min/Max      20%/60%    40%/80%    Median

     Y1                    1.844       0.715       1.000   32.70%       1.000      2.000      2.000
            1000.000       0.530       0.764       5.000    0.20%       2.000      2.000
     Y2                    1.828       0.839       1.000   34.00%       1.000      2.000      2.000
            1000.000       0.542       1.314       5.000    0.50%       2.000      2.000
     Y3                    3.144       0.085       1.000    0.40%       3.000      3.000      3.000
            1000.000       0.517      -0.088       5.000    2.30%       3.000      4.000
     Y4                    3.145      -0.100       1.000    1.10%       3.000      3.000      3.000
            1000.000       0.542       0.027       5.000    2.00%       3.000      4.000
     Y5                    3.154       0.040       1.000    0.50%       3.000      3.000      3.000
            1000.000       0.490       0.058       5.000    2.00%       3.000      4.000
     Y6                    1.177       2.596       1.000   83.80%       1.000      1.000      1.000
            1000.000       0.182       7.895       4.000    0.30%       1.000      1.000
     Y7                    1.164       2.389       1.000   84.90%       1.000      1.000      1.000
            1000.000       0.163       5.110       3.000    1.30%       1.000      1.000
     Y8                    1.167       2.210       1.000   84.20%       1.000      1.000      1.000
            1000.000       0.157       4.049       3.000    0.90%       1.000      1.000
     Y9                    1.858       0.756       1.000   31.90%       1.000      2.000      2.000
            1000.000       0.542       0.867       5.000    0.20%       2.000      2.000
     Y10                   1.871       0.709       1.000   32.10%       1.000      2.000      2.000
            1000.000       0.552       0.985       5.000    0.60%       2.000      2.000
     X1                   -0.009       0.037      -3.052    0.10%      -0.819     -0.273      0.012
            1000.000       0.995       0.073       3.691    0.10%       0.206      0.809
     X2                    0.494       0.024       0.000   50.60%       0.000      0.000      0.000
            1000.000       0.250      -1.999       1.000   49.40%       1.000      1.000


THE MODEL ESTIMATION TERMINATED NORMALLY



MODEL FIT INFORMATION

Number of Free Parameters                       34

Loglikelihood

          H0 Value                       -7231.866

Information Criteria

          Akaike (AIC)                   14531.733
          Bayesian (BIC)                 14698.596
          Sample-Size Adjusted BIC       14590.611
            (n* = (n + 2) / 24)



MODEL RESULTS

                                                    Two-Tailed
                    Estimate       S.E.  Est./S.E.    P-Value

 F        BY
    Y1                 0.534      0.020     26.083      0.000
    Y2                 0.534      0.021     25.612      0.000
    Y3                 0.517      0.020     25.334      0.000
    Y4                 0.501      0.021     23.546      0.000
    Y5                 0.506      0.020     25.524      0.000
    Y6               999.000      0.000    999.000    999.000
    Y7                 0.235      0.012     19.244      0.000
    Y8                 0.237      0.012     19.965      0.000
    Y9                 0.540      0.021     26.033      0.000
    Y10                0.545      0.021     26.021      0.000

 Y6       ON
    X1                 0.009      0.011      0.807      0.420
    X2                -0.016      0.023     -0.687      0.492

 Means
    F                  0.000      0.000    999.000    999.000

 Intercepts
    Y1                 1.844      0.023     80.124      0.000
    Y2                 1.828      0.023     78.489      0.000
    Y3                 3.144      0.023    138.238      0.000
    Y4                 3.145      0.023    135.092      0.000
    Y5                 3.154      0.022    142.442      0.000
    Y6                 1.174      0.017     67.688      0.000
    Y7                 1.164      0.013     91.142      0.000
    Y8                 1.167      0.013     93.104      0.000
    Y9                 1.858      0.023     79.820      0.000
    Y10                1.871      0.024     79.609      0.000

 Variances
    F                  1.000      0.000    999.000    999.000

 Residual Variances
    Y1                 0.244      0.013     19.479      0.000
    Y2                 0.258      0.013     19.651      0.000
    Y3                 0.250      0.013     19.732      0.000
    Y4                 0.291      0.014     20.239      0.000
    Y5                 0.234      0.012     19.656      0.000
    Y6                 0.119      0.006     21.016      0.000
    Y7                 0.108      0.005     21.099      0.000
    Y8                 0.101      0.005     20.972      0.000
    Y9                 0.250      0.013     19.507      0.000
    Y10                0.256      0.013     19.512      0.000

New/Additional Parameters
    L6_0               0.204      0.018     11.141      0.000
    L6_1               0.017      0.011      1.520      0.128
    L6_2               0.076      0.025      3.077      0.002


QUALITY OF NUMERICAL RESULTS

     Condition Number for the Information Matrix              0.226E-04
       (ratio of smallest to largest eigenvalue)


     Beginning Time:  16:23:05
        Ending Time:  16:23:07
       Elapsed Time:  00:00:02



MUTHEN & MUTHEN
3463 Stoner Ave.
Los Angeles, CA  90066

Tel: (310) 391-9971
Fax: (310) 391-8971
Web: www.StatModel.com
Support: Support@StatModel.com

Copyright (c) 1998-2019 Muthen & Muthen
