Mplus VERSION 8.3
MUTHEN & MUTHEN
04/24/2024   4:54 PM

INPUT INSTRUCTIONS


  TITLE: Test with 10 reps

  DATA:
  File is
  G2_B2_N3_rep201.csv;

  VARIABLE:
      Names are x1 x2 eta
  	y1 y2 y3 y4 y5 y6 y7 y8 y9 y10;
      Usevariables are y1-y10 x1 x2;
      constraint = x1 x2;

  MODEL:
      f BY y1* (l1);
      f BY y2* (l2);
      f BY y3* (l3);
      f BY y4* (l4);
      f BY y5* (l5);
      f BY y6* (l6);
      f BY y7* (l7);
      f BY y8* (l8);
      f BY y9* (l9);
      f BY y10* (l10);

  y4 ON x1 x2;
  f@1;
  [f@0];

  MODEL CONSTRAINT:
      new (l4_0 l4_1 l4_2);
      l4 = l4_0 + l4_1*x1 + l4_2*x2;




INPUT READING TERMINATED NORMALLY



Test with 10 reps

SUMMARY OF ANALYSIS

Number of groups                                                 1
Number of observations                                        1000

Number of dependent variables                                   10
Number of independent variables                                  2
Number of continuous latent variables                            1

Observed dependent variables

  Continuous
   Y1          Y2          Y3          Y4          Y5          Y6
   Y7          Y8          Y9          Y10

Observed independent variables
   X1          X2

Continuous latent variables
   F


Estimator                                                       ML
Information matrix                                        OBSERVED
Maximum number of iterations                                  1000
Convergence criterion                                    0.500D-04
Maximum number of steepest descent iterations                   20

Input data file(s)
  G2_B2_N3_rep201.csv

Input data format  FREE



UNIVARIATE SAMPLE STATISTICS


     UNIVARIATE HIGHER-ORDER MOMENT DESCRIPTIVE STATISTICS

         Variable/         Mean/     Skewness/   Minimum/ % with                Percentiles
        Sample Size      Variance    Kurtosis    Maximum  Min/Max      20%/60%    40%/80%    Median

     Y1                    1.816       0.848       1.000   36.10%       1.000      2.000      2.000
            1000.000       0.570       1.097       5.000    0.50%       2.000      2.000
     Y2                    1.831       0.753       1.000   34.20%       1.000      2.000      2.000
            1000.000       0.548       0.647       5.000    0.10%       2.000      2.000
     Y3                    3.113       0.035       1.000    0.80%       3.000      3.000      3.000
            1000.000       0.552      -0.088       5.000    2.30%       3.000      4.000
     Y4                    3.131      -0.125       1.000    1.70%       3.000      3.000      3.000
            1000.000       0.620      -0.083       5.000    2.60%       3.000      4.000
     Y5                    3.125      -0.063       1.000    1.30%       3.000      3.000      3.000
            1000.000       0.597      -0.121       5.000    2.50%       3.000      4.000
     Y6                    1.178       2.567       1.000   84.10%       1.000      1.000      1.000
            1000.000       0.188       7.090       4.000    0.20%       1.000      1.000
     Y7                    1.190       2.639       1.000   82.80%       1.000      1.000      1.000
            1000.000       0.198       9.288       5.000    0.10%       1.000      1.000
     Y8                    1.158       2.364       1.000   85.20%       1.000      1.000      1.000
            1000.000       0.153       4.900       3.000    1.00%       1.000      1.000
     Y9                    1.847       0.826       1.000   35.40%       1.000      2.000      2.000
            1000.000       0.612       0.782       5.000    0.40%       2.000      2.000
     Y10                   1.826       0.764       1.000   36.90%       1.000      2.000      2.000
            1000.000       0.598       0.517       5.000    0.30%       2.000      2.000
     X1                    0.039       0.048      -3.216    0.10%      -0.813     -0.274      0.038
            1000.000       1.031       0.101       3.888    0.10%       0.271      0.880
     X2                    0.496       0.016       0.000   50.40%       0.000      0.000      0.000
            1000.000       0.250      -2.000       1.000   49.60%       1.000      1.000


THE MODEL ESTIMATION TERMINATED NORMALLY



MODEL FIT INFORMATION

Number of Free Parameters                       34

Loglikelihood

          H0 Value                       -7543.030

Information Criteria

          Akaike (AIC)                   15154.059
          Bayesian (BIC)                 15320.923
          Sample-Size Adjusted BIC       15212.937
            (n* = (n + 2) / 24)



MODEL RESULTS

                                                    Two-Tailed
                    Estimate       S.E.  Est./S.E.    P-Value

 F        BY
    Y1                 0.547      0.021     25.652      0.000
    Y2                 0.564      0.020     27.565      0.000
    Y3                 0.536      0.021     25.506      0.000
    Y4               999.000      0.000    999.000    999.000
    Y5                 0.544      0.022     24.705      0.000
    Y6                 0.251      0.013     19.236      0.000
    Y7                 0.259      0.013     19.384      0.000
    Y8                 0.238      0.012     20.458      0.000
    Y9                 0.578      0.022     26.386      0.000
    Y10                0.588      0.021     27.510      0.000

 Y4       ON
    X1                 0.026      0.018      1.406      0.160
    X2                 0.082      0.037      2.213      0.027

 Means
    F                  0.000      0.000    999.000    999.000

 Intercepts
    Y1                 1.816      0.024     76.054      0.000
    Y2                 1.831      0.023     78.185      0.000
    Y3                 3.113      0.023    132.471      0.000
    Y4                 3.108      0.033     94.914      0.000
    Y5                 3.125      0.024    127.858      0.000
    Y6                 1.178      0.014     85.843      0.000
    Y7                 1.190      0.014     84.591      0.000
    Y8                 1.158      0.012     93.607      0.000
    Y9                 1.847      0.025     74.686      0.000
    Y10                1.826      0.024     74.688      0.000

 Variances
    F                  1.000      0.000    999.000    999.000

 Residual Variances
    Y1                 0.271      0.014     19.841      0.000
    Y2                 0.230      0.012     19.181      0.000
    Y3                 0.265      0.013     19.879      0.000
    Y4                 0.282      0.014     19.669      0.000
    Y5                 0.301      0.015     20.094      0.000
    Y6                 0.125      0.006     21.176      0.000
    Y7                 0.131      0.006     21.153      0.000
    Y8                 0.096      0.005     20.973      0.000
    Y9                 0.278      0.014     19.619      0.000
    Y10                0.252      0.013     19.210      0.000

New/Additional Parameters
    L4_0               0.619      0.033     18.830      0.000
    L4_1              -0.037      0.019     -1.974      0.048
    L4_2              -0.092      0.038     -2.398      0.016


QUALITY OF NUMERICAL RESULTS

     Condition Number for the Information Matrix              0.206E-04
       (ratio of smallest to largest eigenvalue)


     Beginning Time:  16:54:09
        Ending Time:  16:54:11
       Elapsed Time:  00:00:02



MUTHEN & MUTHEN
3463 Stoner Ave.
Los Angeles, CA  90066

Tel: (310) 391-9971
Fax: (310) 391-8971
Web: www.StatModel.com
Support: Support@StatModel.com

Copyright (c) 1998-2019 Muthen & Muthen
