Mplus VERSION 8.3
MUTHEN & MUTHEN
04/24/2024   4:55 PM

INPUT INSTRUCTIONS


  TITLE: Test with 10 reps

  DATA:
  File is
  G2_B2_N3_rep203.csv;

  VARIABLE:
      Names are x1 x2 eta
  	y1 y2 y3 y4 y5 y6 y7 y8 y9 y10;
      Usevariables are y1-y10 x1 x2;
      constraint = x1 x2;

  MODEL:
      f BY y1* (l1);
      f BY y2* (l2);
      f BY y3* (l3);
      f BY y4* (l4);
      f BY y5* (l5);
      f BY y6* (l6);
      f BY y7* (l7);
      f BY y8* (l8);
      f BY y9* (l9);
      f BY y10* (l10);

  y8 ON x1 x2;
  f@1;
  [f@0];

  MODEL CONSTRAINT:
      new (l8_0 l8_1 l8_2);
      l8 = l8_0 + l8_1*x1 + l8_2*x2;




INPUT READING TERMINATED NORMALLY



Test with 10 reps

SUMMARY OF ANALYSIS

Number of groups                                                 1
Number of observations                                        1000

Number of dependent variables                                   10
Number of independent variables                                  2
Number of continuous latent variables                            1

Observed dependent variables

  Continuous
   Y1          Y2          Y3          Y4          Y5          Y6
   Y7          Y8          Y9          Y10

Observed independent variables
   X1          X2

Continuous latent variables
   F


Estimator                                                       ML
Information matrix                                        OBSERVED
Maximum number of iterations                                  1000
Convergence criterion                                    0.500D-04
Maximum number of steepest descent iterations                   20

Input data file(s)
  G2_B2_N3_rep203.csv

Input data format  FREE



UNIVARIATE SAMPLE STATISTICS


     UNIVARIATE HIGHER-ORDER MOMENT DESCRIPTIVE STATISTICS

         Variable/         Mean/     Skewness/   Minimum/ % with                Percentiles
        Sample Size      Variance    Kurtosis    Maximum  Min/Max      20%/60%    40%/80%    Median

     Y1                    1.880       0.731       1.000   32.30%       1.000      2.000      2.000
            1000.000       0.584       0.652       5.000    0.30%       2.000      2.000
     Y2                    1.894       0.751       1.000   32.80%       1.000      2.000      2.000
            1000.000       0.623       0.601       5.000    0.40%       2.000      2.000
     Y3                    3.146       0.024       1.000    0.90%       3.000      3.000      3.000
            1000.000       0.577      -0.072       5.000    2.90%       3.000      4.000
     Y4                    3.160      -0.015       1.000    1.00%       3.000      3.000      3.000
            1000.000       0.576      -0.035       5.000    2.90%       3.000      4.000
     Y5                    3.135      -0.025       1.000    1.00%       3.000      3.000      3.000
            1000.000       0.609      -0.273       5.000    2.70%       3.000      4.000
     Y6                    1.194       2.750       1.000   83.00%       1.000      1.000      1.000
            1000.000       0.216       9.068       4.000    0.60%       1.000      1.000
     Y7                    1.215       2.478       1.000   80.80%       1.000      1.000      1.000
            1000.000       0.225       7.993       5.000    0.10%       1.000      1.000
     Y8                    1.199       2.655       1.000   82.30%       1.000      1.000      1.000
            1000.000       0.213       9.218       5.000    0.10%       1.000      1.000
     Y9                    1.874       0.716       1.000   33.00%       1.000      2.000      2.000
            1000.000       0.582       0.738       5.000    0.50%       2.000      2.000
     Y10                   1.884       0.896       1.000   33.00%       1.000      2.000      2.000
            1000.000       0.629       1.238       5.000    0.80%       2.000      2.000
     X1                    0.016      -0.101      -3.829    0.10%      -0.841     -0.246      0.018
            1000.000       1.049       0.270       3.262    0.10%       0.284      0.833
     X2                    0.516      -0.064       0.000   48.40%       0.000      0.000      1.000
            1000.000       0.250      -1.996       1.000   51.60%       1.000      1.000


THE MODEL ESTIMATION TERMINATED NORMALLY



MODEL FIT INFORMATION

Number of Free Parameters                       34

Loglikelihood

          H0 Value                       -7920.641

Information Criteria

          Akaike (AIC)                   15909.281
          Bayesian (BIC)                 16076.145
          Sample-Size Adjusted BIC       15968.159
            (n* = (n + 2) / 24)



MODEL RESULTS

                                                    Two-Tailed
                    Estimate       S.E.  Est./S.E.    P-Value

 F        BY
    Y1                 0.545      0.022     25.103      0.000
    Y2                 0.590      0.022     26.845      0.000
    Y3                 0.546      0.021     25.384      0.000
    Y4                 0.565      0.021     26.612      0.000
    Y5                 0.575      0.022     26.307      0.000
    Y6                 0.273      0.014     19.512      0.000
    Y7                 0.287      0.014     20.263      0.000
    Y8               999.000      0.000    999.000    999.000
    Y9                 0.543      0.022     25.085      0.000
    Y10                0.590      0.022     26.673      0.000

 Y8       ON
    X1                 0.011      0.012      0.918      0.359
    X2                -0.016      0.024     -0.654      0.513

 Means
    F                  0.000      0.000    999.000    999.000

 Intercepts
    Y1                 1.880      0.024     77.822      0.000
    Y2                 1.894      0.025     75.896      0.000
    Y3                 3.146      0.024    131.006      0.000
    Y4                 3.160      0.024    131.621      0.000
    Y5                 3.135      0.025    127.060      0.000
    Y6                 1.194      0.015     81.173      0.000
    Y7                 1.215      0.015     81.041      0.000
    Y8                 1.185      0.019     62.660      0.000
    Y9                 1.874      0.024     77.672      0.000
    Y10                1.884      0.025     75.147      0.000

 Variances
    F                  1.000      0.000    999.000    999.000

 Residual Variances
    Y1                 0.287      0.014     19.977      0.000
    Y2                 0.274      0.014     19.423      0.000
    Y3                 0.279      0.014     19.895      0.000
    Y4                 0.258      0.013     19.495      0.000
    Y5                 0.278      0.014     19.592      0.000
    Y6                 0.142      0.007     21.155      0.000
    Y7                 0.143      0.007     21.026      0.000
    Y8                 0.130      0.006     20.688      0.000
    Y9                 0.287      0.014     19.997      0.000
    Y10                0.280      0.014     19.498      0.000

New/Additional Parameters
    L8_0               0.232      0.020     11.560      0.000
    L8_1               0.055      0.012      4.440      0.000
    L8_2               0.077      0.026      3.005      0.003


QUALITY OF NUMERICAL RESULTS

     Condition Number for the Information Matrix              0.384E-04
       (ratio of smallest to largest eigenvalue)


     Beginning Time:  16:55:08
        Ending Time:  16:55:10
       Elapsed Time:  00:00:02



MUTHEN & MUTHEN
3463 Stoner Ave.
Los Angeles, CA  90066

Tel: (310) 391-9971
Fax: (310) 391-8971
Web: www.StatModel.com
Support: Support@StatModel.com

Copyright (c) 1998-2019 Muthen & Muthen
