Mplus VERSION 8.3
MUTHEN & MUTHEN
04/24/2024   5:32 PM

INPUT INSTRUCTIONS


  TITLE: Test with 10 reps

  DATA:
  File is
  G2_B2_N3_rep285.csv;

  VARIABLE:
      Names are x1 x2 eta
  	y1 y2 y3 y4 y5 y6 y7 y8 y9 y10;
      Usevariables are y1-y10 x1 x2;
      constraint = x1 x2;

  MODEL:
      f BY y1* (l1);
      f BY y2* (l2);
      f BY y3* (l3);
      f BY y4* (l4);
      f BY y5* (l5);
      f BY y6* (l6);
      f BY y7* (l7);
      f BY y8* (l8);
      f BY y9* (l9);
      f BY y10* (l10);

  y6 ON x1 x2;
  f@1;
  [f@0];

  MODEL CONSTRAINT:
      new (l6_0 l6_1 l6_2);
      l6 = l6_0 + l6_1*x1 + l6_2*x2;




INPUT READING TERMINATED NORMALLY



Test with 10 reps

SUMMARY OF ANALYSIS

Number of groups                                                 1
Number of observations                                        1000

Number of dependent variables                                   10
Number of independent variables                                  2
Number of continuous latent variables                            1

Observed dependent variables

  Continuous
   Y1          Y2          Y3          Y4          Y5          Y6
   Y7          Y8          Y9          Y10

Observed independent variables
   X1          X2

Continuous latent variables
   F


Estimator                                                       ML
Information matrix                                        OBSERVED
Maximum number of iterations                                  1000
Convergence criterion                                    0.500D-04
Maximum number of steepest descent iterations                   20

Input data file(s)
  G2_B2_N3_rep285.csv

Input data format  FREE



UNIVARIATE SAMPLE STATISTICS


     UNIVARIATE HIGHER-ORDER MOMENT DESCRIPTIVE STATISTICS

         Variable/         Mean/     Skewness/   Minimum/ % with                Percentiles
        Sample Size      Variance    Kurtosis    Maximum  Min/Max      20%/60%    40%/80%    Median

     Y1                    1.828       0.703       1.000   33.50%       1.000      2.000      2.000
            1000.000       0.518       0.750       5.000    0.20%       2.000      2.000
     Y2                    1.803       0.894       1.000   36.50%       1.000      2.000      2.000
            1000.000       0.562       1.283       5.000    0.50%       2.000      2.000
     Y3                    3.105      -0.139       1.000    1.90%       2.000      3.000      3.000
            1000.000       0.622      -0.094       5.000    2.30%       3.000      4.000
     Y4                    3.109       0.039       1.000    0.90%       3.000      3.000      3.000
            1000.000       0.555      -0.027       5.000    2.40%       3.000      4.000
     Y5                    3.128       0.074       1.000    1.00%       3.000      3.000      3.000
            1000.000       0.560       0.145       5.000    3.00%       3.000      4.000
     Y6                    1.190       2.752       1.000   83.60%       1.000      1.000      1.000
            1000.000       0.216       8.716       4.000    0.50%       1.000      1.000
     Y7                    1.177       3.182       1.000   84.60%       1.000      1.000      1.000
            1000.000       0.208      13.364       5.000    0.10%       1.000      1.000
     Y8                    1.166       2.830       1.000   85.30%       1.000      1.000      1.000
            1000.000       0.182       9.156       4.000    0.30%       1.000      1.000
     Y9                    1.847       0.827       1.000   36.80%       1.000      2.000      2.000
            1000.000       0.646       0.600       5.000    0.40%       2.000      2.000
     Y10                   1.813       0.879       1.000   35.70%       1.000      2.000      2.000
            1000.000       0.558       1.370       5.000    0.60%       2.000      2.000
     X1                    0.027       0.004      -3.199    0.10%      -0.833     -0.226      0.040
            1000.000       0.974       0.023       3.533    0.10%       0.298      0.845
     X2                    0.497       0.012       0.000   50.30%       0.000      0.000      0.000
            1000.000       0.250      -2.000       1.000   49.70%       1.000      1.000


THE MODEL ESTIMATION TERMINATED NORMALLY



MODEL FIT INFORMATION

Number of Free Parameters                       34

Loglikelihood

          H0 Value                       -7678.523

Information Criteria

          Akaike (AIC)                   15425.045
          Bayesian (BIC)                 15591.909
          Sample-Size Adjusted BIC       15483.923
            (n* = (n + 2) / 24)



MODEL RESULTS

                                                    Two-Tailed
                    Estimate       S.E.  Est./S.E.    P-Value

 F        BY
    Y1                 0.515      0.020     25.186      0.000
    Y2                 0.558      0.021     26.619      0.000
    Y3                 0.566      0.022     25.279      0.000
    Y4                 0.529      0.021     24.945      0.000
    Y5                 0.536      0.021     25.274      0.000
    Y6               999.000      0.000    999.000    999.000
    Y7                 0.289      0.013     21.504      0.000
    Y8                 0.254      0.013     19.796      0.000
    Y9                 0.597      0.022     26.580      0.000
    Y10                0.529      0.021     24.884      0.000

 Y6       ON
    X1                 0.001      0.012      0.105      0.916
    X2                 0.029      0.024      1.198      0.231

 Means
    F                  0.000      0.000    999.000    999.000

 Intercepts
    Y1                 1.828      0.023     80.286      0.000
    Y2                 1.803      0.024     76.042      0.000
    Y3                 3.105      0.025    124.502      0.000
    Y4                 3.109      0.024    131.956      0.000
    Y5                 3.128      0.024    132.228      0.000
    Y6                 1.146      0.018     64.917      0.000
    Y7                 1.177      0.014     81.675      0.000
    Y8                 1.166      0.014     86.324      0.000
    Y9                 1.847      0.025     72.692      0.000
    Y10                1.813      0.024     76.748      0.000

 Variances
    F                  1.000      0.000    999.000    999.000

 Residual Variances
    Y1                 0.253      0.013     19.877      0.000
    Y2                 0.251      0.013     19.428      0.000
    Y3                 0.302      0.015     19.829      0.000
    Y4                 0.275      0.014     19.936      0.000
    Y5                 0.272      0.014     19.828      0.000
    Y6                 0.125      0.006     20.515      0.000
    Y7                 0.124      0.006     20.742      0.000
    Y8                 0.118      0.006     21.050      0.000
    Y9                 0.289      0.015     19.419      0.000
    Y10                0.278      0.014     19.968      0.000

New/Additional Parameters
    L6_0               0.187      0.019      9.684      0.000
    L6_1               0.058      0.012      4.756      0.000
    L6_2               0.147      0.026      5.748      0.000


QUALITY OF NUMERICAL RESULTS

     Condition Number for the Information Matrix              0.308E-04
       (ratio of smallest to largest eigenvalue)


     Beginning Time:  17:32:15
        Ending Time:  17:32:17
       Elapsed Time:  00:00:02



MUTHEN & MUTHEN
3463 Stoner Ave.
Los Angeles, CA  90066

Tel: (310) 391-9971
Fax: (310) 391-8971
Web: www.StatModel.com
Support: Support@StatModel.com

Copyright (c) 1998-2019 Muthen & Muthen
