Mplus VERSION 8.3
MUTHEN & MUTHEN
04/24/2024   4:54 PM

INPUT INSTRUCTIONS


  TITLE: Test with 10 reps

  DATA:
  File is
  G2_B2_N3_rep202.csv;

  VARIABLE:
      Names are x1 x2 eta
  	y1 y2 y3 y4 y5 y6 y7 y8 y9 y10;
      Usevariables are y1-y10 x1 x2;
      constraint = x1 x2;

  MODEL:
      f BY y1* (l1);
      f BY y2* (l2);
      f BY y3* (l3);
      f BY y4* (l4);
      f BY y5* (l5);
      f BY y6* (l6);
      f BY y7* (l7);
      f BY y8* (l8);
      f BY y9* (l9);
      f BY y10* (l10);

  y4 ON x1 x2;
  f@1;
  [f@0];

  MODEL CONSTRAINT:
      new (l4_0 l4_1 l4_2);
      l4 = l4_0 + l4_1*x1 + l4_2*x2;




INPUT READING TERMINATED NORMALLY



Test with 10 reps

SUMMARY OF ANALYSIS

Number of groups                                                 1
Number of observations                                        1000

Number of dependent variables                                   10
Number of independent variables                                  2
Number of continuous latent variables                            1

Observed dependent variables

  Continuous
   Y1          Y2          Y3          Y4          Y5          Y6
   Y7          Y8          Y9          Y10

Observed independent variables
   X1          X2

Continuous latent variables
   F


Estimator                                                       ML
Information matrix                                        OBSERVED
Maximum number of iterations                                  1000
Convergence criterion                                    0.500D-04
Maximum number of steepest descent iterations                   20

Input data file(s)
  G2_B2_N3_rep202.csv

Input data format  FREE



UNIVARIATE SAMPLE STATISTICS


     UNIVARIATE HIGHER-ORDER MOMENT DESCRIPTIVE STATISTICS

         Variable/         Mean/     Skewness/   Minimum/ % with                Percentiles
        Sample Size      Variance    Kurtosis    Maximum  Min/Max      20%/60%    40%/80%    Median

     Y1                    1.843       0.956       1.000   34.00%       1.000      2.000      2.000
            1000.000       0.586       1.576       5.000    0.70%       2.000      2.000
     Y2                    1.858       0.728       1.000   34.20%       1.000      2.000      2.000
            1000.000       0.586       0.637       5.000    0.40%       2.000      2.000
     Y3                    3.099       0.147       1.000    0.80%       3.000      3.000      3.000
            1000.000       0.577      -0.012       5.000    3.10%       3.000      4.000
     Y4                    3.119      -0.039       1.000    1.40%       2.000      3.000      3.000
            1000.000       0.617      -0.132       5.000    2.80%       3.000      4.000
     Y5                    3.133       0.043       1.000    0.80%       3.000      3.000      3.000
            1000.000       0.567      -0.096       5.000    2.70%       3.000      4.000
     Y6                    1.169       2.966       1.000   85.00%       1.000      1.000      1.000
            1000.000       0.188      10.739       4.000    0.50%       1.000      1.000
     Y7                    1.167       2.892       1.000   85.10%       1.000      1.000      1.000
            1000.000       0.183      10.010       4.000    0.40%       1.000      1.000
     Y8                    1.174       2.580       1.000   84.30%       1.000      1.000      1.000
            1000.000       0.182       7.264       4.000    0.20%       1.000      1.000
     Y9                    1.824       0.687       1.000   35.60%       1.000      2.000      2.000
            1000.000       0.557       0.328       5.000    0.10%       2.000      2.000
     Y10                   1.841       0.769       1.000   34.00%       1.000      2.000      2.000
            1000.000       0.560       0.818       5.000    0.30%       2.000      2.000
     X1                    0.024      -0.024      -3.596    0.10%      -0.838     -0.258     -0.008
            1000.000       1.022      -0.065       3.128    0.10%       0.288      0.897
     X2                    0.478       0.088       0.000   52.20%       0.000      0.000      0.000
            1000.000       0.250      -1.992       1.000   47.80%       1.000      1.000


THE MODEL ESTIMATION TERMINATED NORMALLY



MODEL FIT INFORMATION

Number of Free Parameters                       34

Loglikelihood

          H0 Value                       -7621.072

Information Criteria

          Akaike (AIC)                   15310.144
          Bayesian (BIC)                 15477.008
          Sample-Size Adjusted BIC       15369.022
            (n* = (n + 2) / 24)



MODEL RESULTS

                                                    Two-Tailed
                    Estimate       S.E.  Est./S.E.    P-Value

 F        BY
    Y1                 0.582      0.021     27.422      0.000
    Y2                 0.552      0.022     25.456      0.000
    Y3                 0.554      0.021     25.855      0.000
    Y4               999.000      0.000    999.000    999.000
    Y5                 0.533      0.021     24.804      0.000
    Y6                 0.260      0.013     19.997      0.000
    Y7                 0.250      0.013     19.432      0.000
    Y8                 0.229      0.013     17.543      0.000
    Y9                 0.555      0.021     26.560      0.000
    Y10                0.550      0.021     26.163      0.000

 Y4       ON
    X1                 0.010      0.018      0.539      0.590
    X2                 0.105      0.037      2.834      0.005

 Means
    F                  0.000      0.000    999.000    999.000

 Intercepts
    Y1                 1.843      0.024     76.110      0.000
    Y2                 1.858      0.024     76.763      0.000
    Y3                 3.099      0.024    128.989      0.000
    Y4                 3.089      0.032     95.363      0.000
    Y5                 3.133      0.024    131.536      0.000
    Y6                 1.169      0.014     85.158      0.000
    Y7                 1.167      0.014     86.240      0.000
    Y8                 1.174      0.013     87.088      0.000
    Y9                 1.824      0.024     77.283      0.000
    Y10                1.841      0.024     77.815      0.000

 Variances
    F                  1.000      0.000    999.000    999.000

 Residual Variances
    Y1                 0.248      0.013     19.122      0.000
    Y2                 0.282      0.014     19.814      0.000
    Y3                 0.271      0.014     19.695      0.000
    Y4                 0.287      0.015     19.661      0.000
    Y5                 0.284      0.014     19.983      0.000
    Y6                 0.121      0.006     21.009      0.000
    Y7                 0.120      0.006     21.110      0.000
    Y8                 0.129      0.006     21.393      0.000
    Y9                 0.250      0.013     19.452      0.000
    Y10                0.257      0.013     19.571      0.000

New/Additional Parameters
    L4_0               0.642      0.032     20.125      0.000
    L4_1              -0.024      0.017     -1.394      0.163
    L4_2              -0.158      0.039     -4.086      0.000


QUALITY OF NUMERICAL RESULTS

     Condition Number for the Information Matrix              0.319E-04
       (ratio of smallest to largest eigenvalue)


     Beginning Time:  16:54:35
        Ending Time:  16:54:37
       Elapsed Time:  00:00:02



MUTHEN & MUTHEN
3463 Stoner Ave.
Los Angeles, CA  90066

Tel: (310) 391-9971
Fax: (310) 391-8971
Web: www.StatModel.com
Support: Support@StatModel.com

Copyright (c) 1998-2019 Muthen & Muthen
