Mplus VERSION 8.3
MUTHEN & MUTHEN
04/24/2024   5:43 PM

INPUT INSTRUCTIONS


  TITLE: Test with 10 reps

  DATA:
  File is
  G2_B2_N3_rep309.csv;

  VARIABLE:
      Names are x1 x2 eta
  	y1 y2 y3 y4 y5 y6 y7 y8 y9 y10;
      Usevariables are y1-y10 x1 x2;
      constraint = x1 x2;

  MODEL:
      f BY y1* (l1);
      f BY y2* (l2);
      f BY y3* (l3);
      f BY y4* (l4);
      f BY y5* (l5);
      f BY y6* (l6);
      f BY y7* (l7);
      f BY y8* (l8);
      f BY y9* (l9);
      f BY y10* (l10);

  y8 ON x1 x2;
  f@1;
  [f@0];

  MODEL CONSTRAINT:
      new (l8_0 l8_1 l8_2);
      l8 = l8_0 + l8_1*x1 + l8_2*x2;




INPUT READING TERMINATED NORMALLY



Test with 10 reps

SUMMARY OF ANALYSIS

Number of groups                                                 1
Number of observations                                        1000

Number of dependent variables                                   10
Number of independent variables                                  2
Number of continuous latent variables                            1

Observed dependent variables

  Continuous
   Y1          Y2          Y3          Y4          Y5          Y6
   Y7          Y8          Y9          Y10

Observed independent variables
   X1          X2

Continuous latent variables
   F


Estimator                                                       ML
Information matrix                                        OBSERVED
Maximum number of iterations                                  1000
Convergence criterion                                    0.500D-04
Maximum number of steepest descent iterations                   20

Input data file(s)
  G2_B2_N3_rep309.csv

Input data format  FREE



UNIVARIATE SAMPLE STATISTICS


     UNIVARIATE HIGHER-ORDER MOMENT DESCRIPTIVE STATISTICS

         Variable/         Mean/     Skewness/   Minimum/ % with                Percentiles
        Sample Size      Variance    Kurtosis    Maximum  Min/Max      20%/60%    40%/80%    Median

     Y1                    1.883       0.741       1.000   33.50%       1.000      2.000      2.000
            1000.000       0.617       0.570       5.000    0.40%       2.000      2.000
     Y2                    1.840       0.757       1.000   33.50%       1.000      2.000      2.000
            1000.000       0.542       0.976       5.000    0.40%       2.000      2.000
     Y3                    3.108      -0.026       1.000    1.40%       3.000      3.000      3.000
            1000.000       0.588       0.016       5.000    2.60%       3.000      4.000
     Y4                    3.138      -0.105       1.000    1.40%       3.000      3.000      3.000
            1000.000       0.585      -0.023       5.000    2.40%       3.000      4.000
     Y5                    3.149       0.031       1.000    0.80%       3.000      3.000      3.000
            1000.000       0.565      -0.068       5.000    2.80%       3.000      4.000
     Y6                    1.197       3.075       1.000   82.60%       1.000      1.000      1.000
            1000.000       0.222      14.055       5.000    0.30%       1.000      1.000
     Y7                    1.190       2.500       1.000   82.50%       1.000      1.000      1.000
            1000.000       0.190       8.378       5.000    0.10%       1.000      1.000
     Y8                    1.180       2.790       1.000   83.80%       1.000      1.000      1.000
            1000.000       0.194       9.599       4.000    0.50%       1.000      1.000
     Y9                    1.843       0.790       1.000   34.60%       1.000      2.000      2.000
            1000.000       0.578       0.847       5.000    0.40%       2.000      2.000
     Y10                   1.843       0.793       1.000   35.10%       1.000      2.000      2.000
            1000.000       0.588       0.866       5.000    0.50%       2.000      2.000
     X1                   -0.009      -0.021      -4.239    0.10%      -0.879     -0.263      0.011
            1000.000       1.086       0.262       4.172    0.10%       0.265      0.872
     X2                    0.481       0.076       0.000   51.90%       0.000      0.000      0.000
            1000.000       0.250      -1.994       1.000   48.10%       1.000      1.000


THE MODEL ESTIMATION TERMINATED NORMALLY



MODEL FIT INFORMATION

Number of Free Parameters                       34

Loglikelihood

          H0 Value                       -7720.280

Information Criteria

          Akaike (AIC)                   15508.560
          Bayesian (BIC)                 15675.424
          Sample-Size Adjusted BIC       15567.438
            (n* = (n + 2) / 24)



MODEL RESULTS

                                                    Two-Tailed
                    Estimate       S.E.  Est./S.E.    P-Value

 F        BY
    Y1                 0.579      0.022     26.229      0.000
    Y2                 0.531      0.021     25.465      0.000
    Y3                 0.555      0.022     25.574      0.000
    Y4                 0.545      0.022     25.048      0.000
    Y5                 0.532      0.021     24.818      0.000
    Y6                 0.274      0.014     19.341      0.000
    Y7                 0.251      0.013     19.055      0.000
    Y8               999.000      0.000    999.000    999.000
    Y9                 0.559      0.021     26.182      0.000
    Y10                0.581      0.021     27.331      0.000

 Y8       ON
    X1                 0.008      0.011      0.714      0.475
    X2                 0.041      0.023      1.783      0.075

 Means
    F                  0.000      0.000    999.000    999.000

 Intercepts
    Y1                 1.883      0.025     75.788      0.000
    Y2                 1.840      0.023     79.006      0.000
    Y3                 3.108      0.024    128.135      0.000
    Y4                 3.138      0.024    129.745      0.000
    Y5                 3.149      0.024    132.503      0.000
    Y6                 1.197      0.015     80.303      0.000
    Y7                 1.190      0.014     86.354      0.000
    Y8                 1.125      0.016     69.650      0.000
    Y9                 1.843      0.024     76.635      0.000
    Y10                1.843      0.024     75.981      0.000

 Variances
    F                  1.000      0.000    999.000    999.000

 Residual Variances
    Y1                 0.283      0.014     19.566      0.000
    Y2                 0.261      0.013     19.829      0.000
    Y3                 0.281      0.014     19.777      0.000
    Y4                 0.288      0.014     19.934      0.000
    Y5                 0.282      0.014     19.988      0.000
    Y6                 0.147      0.007     21.159      0.000
    Y7                 0.127      0.006     21.207      0.000
    Y8                 0.109      0.005     20.387      0.000
    Y9                 0.266      0.014     19.574      0.000
    Y10                0.250      0.013     19.171      0.000

New/Additional Parameters
    L8_0               0.169      0.017      9.664      0.000
    L8_1               0.069      0.010      6.654      0.000
    L8_2               0.153      0.024      6.456      0.000


QUALITY OF NUMERICAL RESULTS

     Condition Number for the Information Matrix              0.277E-04
       (ratio of smallest to largest eigenvalue)


     Beginning Time:  17:43:18
        Ending Time:  17:43:20
       Elapsed Time:  00:00:02



MUTHEN & MUTHEN
3463 Stoner Ave.
Los Angeles, CA  90066

Tel: (310) 391-9971
Fax: (310) 391-8971
Web: www.StatModel.com
Support: Support@StatModel.com

Copyright (c) 1998-2019 Muthen & Muthen
