Mplus VERSION 8.3
MUTHEN & MUTHEN
04/24/2024   6:13 PM

INPUT INSTRUCTIONS


  TITLE: Test with 10 reps

  DATA:
  File is
  G2_B2_N3_rep375.csv;

  VARIABLE:
      Names are x1 x2 eta
  	y1 y2 y3 y4 y5 y6 y7 y8 y9 y10;
      Usevariables are y1-y10 x1 x2;
      constraint = x1 x2;

  MODEL:
      f BY y1* (l1);
      f BY y2* (l2);
      f BY y3* (l3);
      f BY y4* (l4);
      f BY y5* (l5);
      f BY y6* (l6);
      f BY y7* (l7);
      f BY y8* (l8);
      f BY y9* (l9);
      f BY y10* (l10);

  y4 ON x1 x2;
  f@1;
  [f@0];

  MODEL CONSTRAINT:
      new (l4_0 l4_1 l4_2);
      l4 = l4_0 + l4_1*x1 + l4_2*x2;




INPUT READING TERMINATED NORMALLY



Test with 10 reps

SUMMARY OF ANALYSIS

Number of groups                                                 1
Number of observations                                        1000

Number of dependent variables                                   10
Number of independent variables                                  2
Number of continuous latent variables                            1

Observed dependent variables

  Continuous
   Y1          Y2          Y3          Y4          Y5          Y6
   Y7          Y8          Y9          Y10

Observed independent variables
   X1          X2

Continuous latent variables
   F


Estimator                                                       ML
Information matrix                                        OBSERVED
Maximum number of iterations                                  1000
Convergence criterion                                    0.500D-04
Maximum number of steepest descent iterations                   20

Input data file(s)
  G2_B2_N3_rep375.csv

Input data format  FREE



UNIVARIATE SAMPLE STATISTICS


     UNIVARIATE HIGHER-ORDER MOMENT DESCRIPTIVE STATISTICS

         Variable/         Mean/     Skewness/   Minimum/ % with                Percentiles
        Sample Size      Variance    Kurtosis    Maximum  Min/Max      20%/60%    40%/80%    Median

     Y1                    1.894       0.766       1.000   30.10%       1.000      2.000      2.000
            1000.000       0.557       1.120       5.000    0.50%       2.000      2.000
     Y2                    1.888       0.759       1.000   30.20%       1.000      2.000      2.000
            1000.000       0.547       1.152       5.000    0.50%       2.000      2.000
     Y3                    3.157      -0.020       1.000    1.00%       3.000      3.000      3.000
            1000.000       0.586      -0.099       5.000    2.90%       3.000      4.000
     Y4                    3.162      -0.001       1.000    1.20%       3.000      3.000      3.000
            1000.000       0.610      -0.032       5.000    3.50%       3.000      4.000
     Y5                    3.148      -0.044       1.000    0.90%       3.000      3.000      3.000
            1000.000       0.572      -0.172       5.000    2.40%       3.000      4.000
     Y6                    1.194       3.054       1.000   82.80%       1.000      1.000      1.000
            1000.000       0.218      13.347       5.000    0.20%       1.000      1.000
     Y7                    1.190       2.326       1.000   82.90%       1.000      1.000      1.000
            1000.000       0.194       5.292       4.000    0.10%       1.000      1.000
     Y8                    1.182       2.475       1.000   83.50%       1.000      1.000      1.000
            1000.000       0.187       6.627       4.000    0.20%       1.000      1.000
     Y9                    1.862       0.712       1.000   33.00%       1.000      2.000      2.000
            1000.000       0.565       0.653       5.000    0.30%       2.000      2.000
     Y10                   1.855       0.745       1.000   35.00%       1.000      2.000      2.000
            1000.000       0.602       0.589       5.000    0.40%       2.000      2.000
     X1                   -0.016       0.064      -2.817    0.10%      -0.830     -0.279     -0.018
            1000.000       0.904       0.191       4.234    0.10%       0.230      0.776
     X2                    0.513      -0.052       0.000   48.70%       0.000      0.000      1.000
            1000.000       0.250      -1.997       1.000   51.30%       1.000      1.000


THE MODEL ESTIMATION TERMINATED NORMALLY



MODEL FIT INFORMATION

Number of Free Parameters                       34

Loglikelihood

          H0 Value                       -7741.111

Information Criteria

          Akaike (AIC)                   15550.222
          Bayesian (BIC)                 15717.085
          Sample-Size Adjusted BIC       15609.099
            (n* = (n + 2) / 24)



MODEL RESULTS

                                                    Two-Tailed
                    Estimate       S.E.  Est./S.E.    P-Value

 F        BY
    Y1                 0.539      0.021     25.497      0.000
    Y2                 0.510      0.021     23.935      0.000
    Y3                 0.555      0.022     25.621      0.000
    Y4               999.000      0.000    999.000    999.000
    Y5                 0.529      0.022     24.417      0.000
    Y6                 0.288      0.014     20.710      0.000
    Y7                 0.257      0.013     19.355      0.000
    Y8                 0.261      0.013     20.222      0.000
    Y9                 0.538      0.021     25.192      0.000
    Y10                0.587      0.022     27.217      0.000

 Y4       ON
    X1                 0.039      0.019      2.104      0.035
    X2                 0.110      0.036      3.024      0.002

 Means
    F                  0.000      0.000    999.000    999.000

 Intercepts
    Y1                 1.894      0.024     80.268      0.000
    Y2                 1.888      0.023     80.691      0.000
    Y3                 3.157      0.024    130.375      0.000
    Y4                 3.119      0.032     97.555      0.000
    Y5                 3.148      0.024    131.613      0.000
    Y6                 1.194      0.015     80.800      0.000
    Y7                 1.190      0.014     85.459      0.000
    Y8                 1.182      0.014     86.465      0.000
    Y9                 1.862      0.024     78.338      0.000
    Y10                1.855      0.025     75.606      0.000

 Variances
    F                  1.000      0.000    999.000    999.000

 Residual Variances
    Y1                 0.266      0.014     19.710      0.000
    Y2                 0.287      0.014     20.168      0.000
    Y3                 0.278      0.014     19.683      0.000
    Y4                 0.267      0.014     19.399      0.000
    Y5                 0.292      0.015     20.022      0.000
    Y6                 0.135      0.006     20.817      0.000
    Y7                 0.128      0.006     21.084      0.000
    Y8                 0.119      0.006     20.951      0.000
    Y9                 0.276      0.014     19.818      0.000
    Y10                0.257      0.013     19.112      0.000

New/Additional Parameters
    L4_0               0.597      0.032     18.435      0.000
    L4_1              -0.023      0.020     -1.151      0.250
    L4_2              -0.063      0.039     -1.628      0.104


QUALITY OF NUMERICAL RESULTS

     Condition Number for the Information Matrix              0.314E-04
       (ratio of smallest to largest eigenvalue)


     Beginning Time:  18:13:23
        Ending Time:  18:13:25
       Elapsed Time:  00:00:02



MUTHEN & MUTHEN
3463 Stoner Ave.
Los Angeles, CA  90066

Tel: (310) 391-9971
Fax: (310) 391-8971
Web: www.StatModel.com
Support: Support@StatModel.com

Copyright (c) 1998-2019 Muthen & Muthen
