Mplus VERSION 8.3
MUTHEN & MUTHEN
04/24/2024   6:11 PM

INPUT INSTRUCTIONS


  TITLE: Test with 10 reps

  DATA:
  File is
  G2_B2_N3_rep370.csv;

  VARIABLE:
      Names are x1 x2 eta
  	y1 y2 y3 y4 y5 y6 y7 y8 y9 y10;
      Usevariables are y1-y10 x1 x2;
      constraint = x1 x2;

  MODEL:
      f BY y1* (l1);
      f BY y2* (l2);
      f BY y3* (l3);
      f BY y4* (l4);
      f BY y5* (l5);
      f BY y6* (l6);
      f BY y7* (l7);
      f BY y8* (l8);
      f BY y9* (l9);
      f BY y10* (l10);

  y3 ON x1 x2;
  f@1;
  [f@0];

  MODEL CONSTRAINT:
      new (l3_0 l3_1 l3_2);
      l3 = l3_0 + l3_1*x1 + l3_2*x2;




INPUT READING TERMINATED NORMALLY



Test with 10 reps

SUMMARY OF ANALYSIS

Number of groups                                                 1
Number of observations                                        1000

Number of dependent variables                                   10
Number of independent variables                                  2
Number of continuous latent variables                            1

Observed dependent variables

  Continuous
   Y1          Y2          Y3          Y4          Y5          Y6
   Y7          Y8          Y9          Y10

Observed independent variables
   X1          X2

Continuous latent variables
   F


Estimator                                                       ML
Information matrix                                        OBSERVED
Maximum number of iterations                                  1000
Convergence criterion                                    0.500D-04
Maximum number of steepest descent iterations                   20

Input data file(s)
  G2_B2_N3_rep370.csv

Input data format  FREE



UNIVARIATE SAMPLE STATISTICS


     UNIVARIATE HIGHER-ORDER MOMENT DESCRIPTIVE STATISTICS

         Variable/         Mean/     Skewness/   Minimum/ % with                Percentiles
        Sample Size      Variance    Kurtosis    Maximum  Min/Max      20%/60%    40%/80%    Median

     Y1                    1.857       0.857       1.000   33.20%       1.000      2.000      2.000
            1000.000       0.581       1.172       5.000    0.50%       2.000      2.000
     Y2                    1.806       0.768       1.000   35.50%       1.000      2.000      2.000
            1000.000       0.528       1.005       5.000    0.40%       2.000      2.000
     Y3                    3.111       0.032       1.000    0.80%       3.000      3.000      3.000
            1000.000       0.543      -0.049       5.000    2.20%       3.000      4.000
     Y4                    3.151       0.063       1.000    0.90%       3.000      3.000      3.000
            1000.000       0.570       0.045       5.000    3.20%       3.000      4.000
     Y5                    3.093      -0.041       1.000    1.00%       3.000      3.000      3.000
            1000.000       0.538      -0.071       5.000    1.70%       3.000      4.000
     Y6                    1.145       3.151       1.000   86.70%       1.000      1.000      1.000
            1000.000       0.156      12.632       4.000    0.40%       1.000      1.000
     Y7                    1.161       2.679       1.000   84.80%       1.000      1.000      1.000
            1000.000       0.159       8.938       4.000    0.30%       1.000      1.000
     Y8                    1.167       2.923       1.000   85.30%       1.000      1.000      1.000
            1000.000       0.187      10.049       4.000    0.40%       1.000      1.000
     Y9                    1.825       0.628       1.000   34.10%       1.000      2.000      2.000
            1000.000       0.518       0.368       5.000    0.10%       2.000      2.000
     Y10                   1.861       0.773       1.000   33.30%       1.000      2.000      2.000
            1000.000       0.576       0.934       5.000    0.50%       2.000      2.000
     X1                   -0.022      -0.057      -3.786    0.10%      -0.834     -0.230      0.005
            1000.000       0.983       0.412       3.646    0.10%       0.222      0.781
     X2                    0.486       0.056       0.000   51.40%       0.000      0.000      0.000
            1000.000       0.250      -1.997       1.000   48.60%       1.000      1.000


THE MODEL ESTIMATION TERMINATED NORMALLY



MODEL FIT INFORMATION

Number of Free Parameters                       34

Loglikelihood

          H0 Value                       -7328.778

Information Criteria

          Akaike (AIC)                   14725.556
          Bayesian (BIC)                 14892.420
          Sample-Size Adjusted BIC       14784.434
            (n* = (n + 2) / 24)



MODEL RESULTS

                                                    Two-Tailed
                    Estimate       S.E.  Est./S.E.    P-Value

 F        BY
    Y1                 0.560      0.021     26.134      0.000
    Y2                 0.526      0.021     25.581      0.000
    Y3               999.000      0.000    999.000    999.000
    Y4                 0.543      0.021     25.377      0.000
    Y5                 0.550      0.020     26.885      0.000
    Y6                 0.213      0.012     17.624      0.000
    Y7                 0.220      0.012     18.133      0.000
    Y8                 0.242      0.013     18.411      0.000
    Y9                 0.537      0.020     26.668      0.000
    Y10                0.567      0.021     26.765      0.000

 Y3       ON
    X1                 0.027      0.018      1.524      0.128
    X2                 0.082      0.035      2.363      0.018

 Means
    F                  0.000      0.000    999.000    999.000

 Intercepts
    Y1                 1.857      0.024     77.071      0.000
    Y2                 1.806      0.023     78.569      0.000
    Y3                 3.076      0.029    104.375      0.000
    Y4                 3.151      0.024    131.958      0.000
    Y5                 3.093      0.023    133.305      0.000
    Y6                 1.145      0.012     91.681      0.000
    Y7                 1.161      0.013     92.051      0.000
    Y8                 1.167      0.014     85.314      0.000
    Y9                 1.825      0.023     80.157      0.000
    Y10                1.861      0.024     77.563      0.000

 Variances
    F                  1.000      0.000    999.000    999.000

 Residual Variances
    Y1                 0.267      0.014     19.544      0.000
    Y2                 0.252      0.013     19.743      0.000
    Y3                 0.261      0.013     19.874      0.000
    Y4                 0.275      0.014     19.790      0.000
    Y5                 0.236      0.012     19.292      0.000
    Y6                 0.111      0.005     21.363      0.000
    Y7                 0.111      0.005     21.297      0.000
    Y8                 0.129      0.006     21.263      0.000
    Y9                 0.230      0.012     19.366      0.000
    Y10                0.254      0.013     19.341      0.000

New/Additional Parameters
    L3_0               0.540      0.030     18.248      0.000
    L3_1              -0.002      0.019     -0.091      0.928
    L3_2              -0.045      0.036     -1.238      0.216


QUALITY OF NUMERICAL RESULTS

     Condition Number for the Information Matrix              0.263E-04
       (ratio of smallest to largest eigenvalue)


     Beginning Time:  18:11:17
        Ending Time:  18:11:19
       Elapsed Time:  00:00:02



MUTHEN & MUTHEN
3463 Stoner Ave.
Los Angeles, CA  90066

Tel: (310) 391-9971
Fax: (310) 391-8971
Web: www.StatModel.com
Support: Support@StatModel.com

Copyright (c) 1998-2019 Muthen & Muthen
