Mplus VERSION 8.3
MUTHEN & MUTHEN
04/24/2024   5:40 PM

INPUT INSTRUCTIONS


  TITLE: Test with 10 reps

  DATA:
  File is
  G2_B2_N3_rep303.csv;

  VARIABLE:
      Names are x1 x2 eta
  	y1 y2 y3 y4 y5 y6 y7 y8 y9 y10;
      Usevariables are y1-y10 x1 x2;
      constraint = x1 x2;

  MODEL:
      f BY y1* (l1);
      f BY y2* (l2);
      f BY y3* (l3);
      f BY y4* (l4);
      f BY y5* (l5);
      f BY y6* (l6);
      f BY y7* (l7);
      f BY y8* (l8);
      f BY y9* (l9);
      f BY y10* (l10);

  y9 ON x1 x2;
  f@1;
  [f@0];

  MODEL CONSTRAINT:
      new (l9_0 l9_1 l9_2);
      l9 = l9_0 + l9_1*x1 + l9_2*x2;




INPUT READING TERMINATED NORMALLY



Test with 10 reps

SUMMARY OF ANALYSIS

Number of groups                                                 1
Number of observations                                        1000

Number of dependent variables                                   10
Number of independent variables                                  2
Number of continuous latent variables                            1

Observed dependent variables

  Continuous
   Y1          Y2          Y3          Y4          Y5          Y6
   Y7          Y8          Y9          Y10

Observed independent variables
   X1          X2

Continuous latent variables
   F


Estimator                                                       ML
Information matrix                                        OBSERVED
Maximum number of iterations                                  1000
Convergence criterion                                    0.500D-04
Maximum number of steepest descent iterations                   20

Input data file(s)
  G2_B2_N3_rep303.csv

Input data format  FREE



UNIVARIATE SAMPLE STATISTICS


     UNIVARIATE HIGHER-ORDER MOMENT DESCRIPTIVE STATISTICS

         Variable/         Mean/     Skewness/   Minimum/ % with                Percentiles
        Sample Size      Variance    Kurtosis    Maximum  Min/Max      20%/60%    40%/80%    Median

     Y1                    1.865       0.672       1.000   31.90%       1.000      2.000      2.000
            1000.000       0.539       0.697       5.000    0.30%       2.000      2.000
     Y2                    1.853       0.644       1.000   33.10%       1.000      2.000      2.000
            1000.000       0.543       0.447       5.000    0.20%       2.000      2.000
     Y3                    3.179       0.028       1.000    0.90%       3.000      3.000      3.000
            1000.000       0.611      -0.141       5.000    3.70%       3.000      4.000
     Y4                    3.148      -0.092       1.000    1.20%       3.000      3.000      3.000
            1000.000       0.562       0.015       5.000    2.30%       3.000      4.000
     Y5                    3.167       0.029       1.000    0.70%       3.000      3.000      3.000
            1000.000       0.529       0.058       5.000    2.60%       3.000      4.000
     Y6                    1.169       2.604       1.000   84.60%       1.000      1.000      1.000
            1000.000       0.174       7.517       4.000    0.20%       1.000      1.000
     Y7                    1.177       2.366       1.000   83.70%       1.000      1.000      1.000
            1000.000       0.176       5.609       4.000    0.10%       1.000      1.000
     Y8                    1.182       2.378       1.000   83.50%       1.000      1.000      1.000
            1000.000       0.185       5.618       4.000    0.10%       1.000      1.000
     Y9                    1.878       0.827       1.000   32.20%       1.000      2.000      2.000
            1000.000       0.585       1.230       5.000    0.70%       2.000      2.000
     Y10                   1.854       0.759       1.000   33.80%       1.000      2.000      2.000
            1000.000       0.575       0.801       5.000    0.40%       2.000      2.000
     X1                    0.060      -0.004      -3.612    0.10%      -0.804     -0.241      0.033
            1000.000       1.023       0.080       3.003    0.10%       0.300      0.922
     X2                    0.485       0.060       0.000   51.50%       0.000      0.000      0.000
            1000.000       0.250      -1.996       1.000   48.50%       1.000      1.000


THE MODEL ESTIMATION TERMINATED NORMALLY



MODEL FIT INFORMATION

Number of Free Parameters                       34

Loglikelihood

          H0 Value                       -7565.439

Information Criteria

          Akaike (AIC)                   15198.877
          Bayesian (BIC)                 15365.741
          Sample-Size Adjusted BIC       15257.755
            (n* = (n + 2) / 24)



MODEL RESULTS

                                                    Two-Tailed
                    Estimate       S.E.  Est./S.E.    P-Value

 F        BY
    Y1                 0.512      0.021     24.294      0.000
    Y2                 0.523      0.021     24.870      0.000
    Y3                 0.593      0.022     27.285      0.000
    Y4                 0.535      0.021     25.096      0.000
    Y5                 0.543      0.020     26.682      0.000
    Y6                 0.231      0.013     18.135      0.000
    Y7                 0.219      0.013     16.985      0.000
    Y8                 0.250      0.013     19.280      0.000
    Y9               999.000      0.000    999.000    999.000
    Y10                0.558      0.021     26.181      0.000

 Y9       ON
    X1                 0.017      0.018      0.963      0.336
    X2                -0.029      0.036     -0.792      0.428

 Means
    F                  0.000      0.000    999.000    999.000

 Intercepts
    Y1                 1.865      0.023     80.348      0.000
    Y2                 1.853      0.023     79.491      0.000
    Y3                 3.179      0.025    128.613      0.000
    Y4                 3.148      0.024    132.779      0.000
    Y5                 3.167      0.023    137.681      0.000
    Y6                 1.169      0.013     88.510      0.000
    Y7                 1.177      0.013     88.803      0.000
    Y8                 1.182      0.014     86.932      0.000
    Y9                 1.888      0.030     63.273      0.000
    Y10                1.854      0.024     77.338      0.000

 Variances
    F                  1.000      0.000    999.000    999.000

 Residual Variances
    Y1                 0.277      0.014     20.044      0.000
    Y2                 0.270      0.014     19.875      0.000
    Y3                 0.260      0.014     19.026      0.000
    Y4                 0.275      0.014     19.801      0.000
    Y5                 0.234      0.012     19.274      0.000
    Y6                 0.121      0.006     21.272      0.000
    Y7                 0.128      0.006     21.426      0.000
    Y8                 0.122      0.006     21.089      0.000
    Y9                 0.277      0.014     19.609      0.000
    Y10                0.263      0.014     19.452      0.000

New/Additional Parameters
    L9_0               0.527      0.030     17.533      0.000
    L9_1              -0.016      0.018     -0.905      0.366
    L9_2               0.053      0.038      1.381      0.167


QUALITY OF NUMERICAL RESULTS

     Condition Number for the Information Matrix              0.318E-04
       (ratio of smallest to largest eigenvalue)


     Beginning Time:  17:40:51
        Ending Time:  17:40:54
       Elapsed Time:  00:00:03



MUTHEN & MUTHEN
3463 Stoner Ave.
Los Angeles, CA  90066

Tel: (310) 391-9971
Fax: (310) 391-8971
Web: www.StatModel.com
Support: Support@StatModel.com

Copyright (c) 1998-2019 Muthen & Muthen
