Mplus VERSION 8.3
MUTHEN & MUTHEN
04/24/2024   6:17 PM

INPUT INSTRUCTIONS


  TITLE: Test with 10 reps

  DATA:
  File is
  G2_B2_N3_rep385.csv;

  VARIABLE:
      Names are x1 x2 eta
  	y1 y2 y3 y4 y5 y6 y7 y8 y9 y10;
      Usevariables are y1-y10 x1 x2;
      constraint = x1 x2;

  MODEL:
      f BY y1* (l1);
      f BY y2* (l2);
      f BY y3* (l3);
      f BY y4* (l4);
      f BY y5* (l5);
      f BY y6* (l6);
      f BY y7* (l7);
      f BY y8* (l8);
      f BY y9* (l9);
      f BY y10* (l10);

  y10 ON x1 x2;
  f@1;
  [f@0];

  MODEL CONSTRAINT:
      new (l10_0 l10_1 l10_2);
      l10 = l10_0 + l10_1*x1 + l10_2*x2;




INPUT READING TERMINATED NORMALLY



Test with 10 reps

SUMMARY OF ANALYSIS

Number of groups                                                 1
Number of observations                                        1000

Number of dependent variables                                   10
Number of independent variables                                  2
Number of continuous latent variables                            1

Observed dependent variables

  Continuous
   Y1          Y2          Y3          Y4          Y5          Y6
   Y7          Y8          Y9          Y10

Observed independent variables
   X1          X2

Continuous latent variables
   F


Estimator                                                       ML
Information matrix                                        OBSERVED
Maximum number of iterations                                  1000
Convergence criterion                                    0.500D-04
Maximum number of steepest descent iterations                   20

Input data file(s)
  G2_B2_N3_rep385.csv

Input data format  FREE



UNIVARIATE SAMPLE STATISTICS


     UNIVARIATE HIGHER-ORDER MOMENT DESCRIPTIVE STATISTICS

         Variable/         Mean/     Skewness/   Minimum/ % with                Percentiles
        Sample Size      Variance    Kurtosis    Maximum  Min/Max      20%/60%    40%/80%    Median

     Y1                    1.892       0.819       1.000   31.30%       1.000      2.000      2.000
            1000.000       0.592       1.046       5.000    0.50%       2.000      2.000
     Y2                    1.889       0.734       1.000   32.10%       1.000      2.000      2.000
            1000.000       0.591       0.781       5.000    0.50%       2.000      2.000
     Y3                    3.176      -0.100       1.000    0.90%       3.000      3.000      3.000
            1000.000       0.547      -0.073       5.000    2.20%       3.000      4.000
     Y4                    3.153      -0.075       1.000    1.90%       3.000      3.000      3.000
            1000.000       0.662      -0.030       5.000    3.80%       3.000      4.000
     Y5                    3.182      -0.047       1.000    1.10%       3.000      3.000      3.000
            1000.000       0.605      -0.100       5.000    3.30%       3.000      4.000
     Y6                    1.176       2.499       1.000   84.30%       1.000      1.000      1.000
            1000.000       0.185       6.250       4.000    0.10%       1.000      1.000
     Y7                    1.200       2.593       1.000   81.80%       1.000      1.000      1.000
            1000.000       0.206       9.184       5.000    0.10%       1.000      1.000
     Y8                    1.189       2.532       1.000   83.10%       1.000      1.000      1.000
            1000.000       0.199       7.191       4.000    0.30%       1.000      1.000
     Y9                    1.850       0.728       1.000   34.00%       1.000      2.000      2.000
            1000.000       0.571       0.555       5.000    0.20%       2.000      2.000
     Y10                   1.861       0.634       1.000   32.20%       1.000      2.000      2.000
            1000.000       0.538       0.394       5.000    0.10%       2.000      2.000
     X1                    0.028       0.135      -2.790    0.10%      -0.843     -0.263      0.007
            1000.000       1.079      -0.049       3.283    0.10%       0.261      0.903
     X2                    0.482       0.072       0.000   51.80%       0.000      0.000      0.000
            1000.000       0.250      -1.995       1.000   48.20%       1.000      1.000


THE MODEL ESTIMATION TERMINATED NORMALLY



MODEL FIT INFORMATION

Number of Free Parameters                       34

Loglikelihood

          H0 Value                       -7673.367

Information Criteria

          Akaike (AIC)                   15414.735
          Bayesian (BIC)                 15581.598
          Sample-Size Adjusted BIC       15473.613
            (n* = (n + 2) / 24)



MODEL RESULTS

                                                    Two-Tailed
                    Estimate       S.E.  Est./S.E.    P-Value

 F        BY
    Y1                 0.575      0.021     26.786      0.000
    Y2                 0.563      0.022     26.072      0.000
    Y3                 0.530      0.021     25.296      0.000
    Y4                 0.616      0.023     27.348      0.000
    Y5                 0.560      0.022     25.460      0.000
    Y6                 0.260      0.013     20.295      0.000
    Y7                 0.273      0.014     20.135      0.000
    Y8                 0.267      0.013     20.034      0.000
    Y9                 0.561      0.021     26.565      0.000
    Y10              999.000      0.000    999.000    999.000

 Y10      ON
    X1                 0.000      0.017     -0.008      0.993
    X2                 0.057      0.034      1.657      0.097

 Means
    F                  0.000      0.000    999.000    999.000

 Intercepts
    Y1                 1.892      0.024     77.739      0.000
    Y2                 1.889      0.024     77.724      0.000
    Y3                 3.176      0.023    135.793      0.000
    Y4                 3.153      0.026    122.583      0.000
    Y5                 3.182      0.025    129.380      0.000
    Y6                 1.176      0.014     86.456      0.000
    Y7                 1.200      0.014     83.608      0.000
    Y8                 1.189      0.014     84.227      0.000
    Y9                 1.850      0.024     77.386      0.000
    Y10                1.837      0.028     65.215      0.000

 Variances
    F                  1.000      0.000    999.000    999.000

 Residual Variances
    Y1                 0.262      0.013     19.489      0.000
    Y2                 0.274      0.014     19.727      0.000
    Y3                 0.266      0.013     19.950      0.000
    Y4                 0.282      0.015     19.278      0.000
    Y5                 0.291      0.015     19.889      0.000
    Y6                 0.117      0.006     21.009      0.000
    Y7                 0.132      0.006     21.053      0.000
    Y8                 0.128      0.006     21.052      0.000
    Y9                 0.257      0.013     19.561      0.000
    Y10                0.252      0.013     19.830      0.000

New/Additional Parameters
    L10_0              0.490      0.029     16.928      0.000
    L10_1             -0.039      0.016     -2.455      0.014
    L10_2              0.076      0.036      2.126      0.034


QUALITY OF NUMERICAL RESULTS

     Condition Number for the Information Matrix              0.305E-04
       (ratio of smallest to largest eigenvalue)


     Beginning Time:  18:17:52
        Ending Time:  18:17:54
       Elapsed Time:  00:00:02



MUTHEN & MUTHEN
3463 Stoner Ave.
Los Angeles, CA  90066

Tel: (310) 391-9971
Fax: (310) 391-8971
Web: www.StatModel.com
Support: Support@StatModel.com

Copyright (c) 1998-2019 Muthen & Muthen
