Mplus VERSION 8.3
MUTHEN & MUTHEN
04/24/2024   6:11 PM

INPUT INSTRUCTIONS


  TITLE: Test with 10 reps

  DATA:
  File is
  G2_B2_N3_rep371.csv;

  VARIABLE:
      Names are x1 x2 eta
  	y1 y2 y3 y4 y5 y6 y7 y8 y9 y10;
      Usevariables are y1-y10 x1 x2;
      constraint = x1 x2;

  MODEL:
      f BY y1* (l1);
      f BY y2* (l2);
      f BY y3* (l3);
      f BY y4* (l4);
      f BY y5* (l5);
      f BY y6* (l6);
      f BY y7* (l7);
      f BY y8* (l8);
      f BY y9* (l9);
      f BY y10* (l10);

  y9 ON x1 x2;
  f@1;
  [f@0];

  MODEL CONSTRAINT:
      new (l9_0 l9_1 l9_2);
      l9 = l9_0 + l9_1*x1 + l9_2*x2;




INPUT READING TERMINATED NORMALLY



Test with 10 reps

SUMMARY OF ANALYSIS

Number of groups                                                 1
Number of observations                                        1000

Number of dependent variables                                   10
Number of independent variables                                  2
Number of continuous latent variables                            1

Observed dependent variables

  Continuous
   Y1          Y2          Y3          Y4          Y5          Y6
   Y7          Y8          Y9          Y10

Observed independent variables
   X1          X2

Continuous latent variables
   F


Estimator                                                       ML
Information matrix                                        OBSERVED
Maximum number of iterations                                  1000
Convergence criterion                                    0.500D-04
Maximum number of steepest descent iterations                   20

Input data file(s)
  G2_B2_N3_rep371.csv

Input data format  FREE



UNIVARIATE SAMPLE STATISTICS


     UNIVARIATE HIGHER-ORDER MOMENT DESCRIPTIVE STATISTICS

         Variable/         Mean/     Skewness/   Minimum/ % with                Percentiles
        Sample Size      Variance    Kurtosis    Maximum  Min/Max      20%/60%    40%/80%    Median

     Y1                    1.856       0.695       1.000   32.00%       1.000      2.000      2.000
            1000.000       0.529       0.819       5.000    0.30%       2.000      2.000
     Y2                    1.844       0.719       1.000   33.50%       1.000      2.000      2.000
            1000.000       0.544       0.843       5.000    0.40%       2.000      2.000
     Y3                    3.158       0.009       1.000    0.70%       3.000      3.000      3.000
            1000.000       0.545      -0.073       5.000    2.50%       3.000      4.000
     Y4                    3.129      -0.045       1.000    1.00%       3.000      3.000      3.000
            1000.000       0.562      -0.103       5.000    2.20%       3.000      4.000
     Y5                    3.148       0.109       1.000    0.70%       3.000      3.000      3.000
            1000.000       0.582      -0.077       5.000    3.40%       3.000      4.000
     Y6                    1.169       2.789       1.000   84.60%       1.000      1.000      1.000
            1000.000       0.176      10.434       5.000    0.10%       1.000      1.000
     Y7                    1.168       2.818       1.000   85.20%       1.000      1.000      1.000
            1000.000       0.186       8.999       4.000    0.30%       1.000      1.000
     Y8                    1.195       2.643       1.000   82.70%       1.000      1.000      1.000
            1000.000       0.211       8.314       4.000    0.50%       1.000      1.000
     Y9                    1.838       0.699       1.000   33.10%       1.000      2.000      2.000
            1000.000       0.524       0.815       5.000    0.30%       2.000      2.000
     Y10                   1.866       0.929       1.000   32.20%       1.000      2.000      2.000
            1000.000       0.576       1.753       5.000    0.90%       2.000      2.000
     X1                   -0.022      -0.023      -2.951    0.10%      -0.871     -0.251      0.000
            1000.000       0.994      -0.102       3.209    0.10%       0.244      0.779
     X2                    0.492       0.032       0.000   50.80%       0.000      0.000      0.000
            1000.000       0.250      -1.999       1.000   49.20%       1.000      1.000


THE MODEL ESTIMATION TERMINATED NORMALLY



MODEL FIT INFORMATION

Number of Free Parameters                       34

Loglikelihood

          H0 Value                       -7436.466

Information Criteria

          Akaike (AIC)                   14940.931
          Bayesian (BIC)                 15107.795
          Sample-Size Adjusted BIC       14999.809
            (n* = (n + 2) / 24)



MODEL RESULTS

                                                    Two-Tailed
                    Estimate       S.E.  Est./S.E.    P-Value

 F        BY
    Y1                 0.530      0.020     25.831      0.000
    Y2                 0.550      0.021     26.738      0.000
    Y3                 0.531      0.021     25.426      0.000
    Y4                 0.532      0.021     24.917      0.000
    Y5                 0.553      0.022     25.665      0.000
    Y6                 0.266      0.012     21.428      0.000
    Y7                 0.243      0.013     18.612      0.000
    Y8                 0.286      0.014     21.011      0.000
    Y9               999.000      0.000    999.000    999.000
    Y10                0.579      0.021     27.581      0.000

 Y9       ON
    X1                 0.017      0.017      1.015      0.310
    X2                 0.077      0.034      2.231      0.026

 Means
    F                  0.000      0.000    999.000    999.000

 Intercepts
    Y1                 1.856      0.023     80.676      0.000
    Y2                 1.844      0.023     79.085      0.000
    Y3                 3.158      0.023    135.269      0.000
    Y4                 3.129      0.024    131.947      0.000
    Y5                 3.148      0.024    130.478      0.000
    Y6                 1.169      0.013     88.007      0.000
    Y7                 1.168      0.014     85.694      0.000
    Y8                 1.195      0.015     82.272      0.000
    Y9                 1.795      0.029     62.579      0.000
    Y10                1.866      0.024     77.747      0.000

 Variances
    F                  1.000      0.000    999.000    999.000

 Residual Variances
    Y1                 0.249      0.013     19.751      0.000
    Y2                 0.241      0.012     19.450      0.000
    Y3                 0.263      0.013     19.853      0.000
    Y4                 0.280      0.014     20.007      0.000
    Y5                 0.277      0.014     19.791      0.000
    Y6                 0.106      0.005     20.760      0.000
    Y7                 0.127      0.006     21.268      0.000
    Y8                 0.129      0.006     20.873      0.000
    Y9                 0.249      0.012     19.930      0.000
    Y10                0.241      0.013     19.127      0.000

New/Additional Parameters
    L9_0               0.503      0.029     17.539      0.000
    L9_1               0.028      0.017      1.635      0.102
    L9_2               0.009      0.036      0.257      0.797


QUALITY OF NUMERICAL RESULTS

     Condition Number for the Information Matrix              0.253E-04
       (ratio of smallest to largest eigenvalue)


     Beginning Time:  18:11:56
        Ending Time:  18:11:58
       Elapsed Time:  00:00:02



MUTHEN & MUTHEN
3463 Stoner Ave.
Los Angeles, CA  90066

Tel: (310) 391-9971
Fax: (310) 391-8971
Web: www.StatModel.com
Support: Support@StatModel.com

Copyright (c) 1998-2019 Muthen & Muthen
