Mplus VERSION 8.3
MUTHEN & MUTHEN
04/24/2024   6:17 PM

INPUT INSTRUCTIONS


  TITLE: Test with 10 reps

  DATA:
  File is
  G2_B2_N3_rep384.csv;

  VARIABLE:
      Names are x1 x2 eta
  	y1 y2 y3 y4 y5 y6 y7 y8 y9 y10;
      Usevariables are y1-y10 x1 x2;
      constraint = x1 x2;

  MODEL:
      f BY y1* (l1);
      f BY y2* (l2);
      f BY y3* (l3);
      f BY y4* (l4);
      f BY y5* (l5);
      f BY y6* (l6);
      f BY y7* (l7);
      f BY y8* (l8);
      f BY y9* (l9);
      f BY y10* (l10);

  y4 ON x1 x2;
  f@1;
  [f@0];

  MODEL CONSTRAINT:
      new (l4_0 l4_1 l4_2);
      l4 = l4_0 + l4_1*x1 + l4_2*x2;




INPUT READING TERMINATED NORMALLY



Test with 10 reps

SUMMARY OF ANALYSIS

Number of groups                                                 1
Number of observations                                        1000

Number of dependent variables                                   10
Number of independent variables                                  2
Number of continuous latent variables                            1

Observed dependent variables

  Continuous
   Y1          Y2          Y3          Y4          Y5          Y6
   Y7          Y8          Y9          Y10

Observed independent variables
   X1          X2

Continuous latent variables
   F


Estimator                                                       ML
Information matrix                                        OBSERVED
Maximum number of iterations                                  1000
Convergence criterion                                    0.500D-04
Maximum number of steepest descent iterations                   20

Input data file(s)
  G2_B2_N3_rep384.csv

Input data format  FREE



UNIVARIATE SAMPLE STATISTICS


     UNIVARIATE HIGHER-ORDER MOMENT DESCRIPTIVE STATISTICS

         Variable/         Mean/     Skewness/   Minimum/ % with                Percentiles
        Sample Size      Variance    Kurtosis    Maximum  Min/Max      20%/60%    40%/80%    Median

     Y1                    1.825       0.732       1.000   34.30%       1.000      2.000      2.000
            1000.000       0.530       0.927       5.000    0.40%       2.000      2.000
     Y2                    1.823       0.909       1.000   35.00%       1.000      2.000      2.000
            1000.000       0.566       1.449       5.000    0.60%       2.000      2.000
     Y3                    3.109      -0.077       1.000    1.60%       3.000      3.000      3.000
            1000.000       0.581       0.099       5.000    2.40%       3.000      4.000
     Y4                    3.085      -0.129       1.000    1.80%       3.000      3.000      3.000
            1000.000       0.576       0.080       5.000    1.90%       3.000      4.000
     Y5                    3.117      -0.129       1.000    1.60%       3.000      3.000      3.000
            1000.000       0.573       0.072       5.000    2.10%       3.000      4.000
     Y6                    1.159       2.921       1.000   85.90%       1.000      1.000      1.000
            1000.000       0.176       9.853       4.000    0.30%       1.000      1.000
     Y7                    1.162       2.347       1.000   84.90%       1.000      1.000      1.000
            1000.000       0.158       4.842       3.000    1.10%       1.000      1.000
     Y8                    1.145       2.733       1.000   86.60%       1.000      1.000      1.000
            1000.000       0.148       7.945       4.000    0.10%       1.000      1.000
     Y9                    1.852       0.620       1.000   34.10%       1.000      2.000      2.000
            1000.000       0.560       0.257       5.000    0.20%       2.000      2.000
     Y10                   1.821       0.712       1.000   34.40%       1.000      2.000      2.000
            1000.000       0.525       0.791       5.000    0.30%       2.000      2.000
     X1                   -0.023       0.074      -3.040    0.10%      -0.799     -0.304     -0.037
            1000.000       0.877      -0.034       3.052    0.10%       0.207      0.789
     X2                    0.531      -0.124       0.000   46.90%       0.000      0.000      1.000
            1000.000       0.249      -1.985       1.000   53.10%       1.000      1.000


THE MODEL ESTIMATION TERMINATED NORMALLY



MODEL FIT INFORMATION

Number of Free Parameters                       34

Loglikelihood

          H0 Value                       -7428.648

Information Criteria

          Akaike (AIC)                   14925.297
          Bayesian (BIC)                 15092.160
          Sample-Size Adjusted BIC       14984.175
            (n* = (n + 2) / 24)



MODEL RESULTS

                                                    Two-Tailed
                    Estimate       S.E.  Est./S.E.    P-Value

 F        BY
    Y1                 0.530      0.021     25.693      0.000
    Y2                 0.548      0.021     25.791      0.000
    Y3                 0.547      0.022     25.211      0.000
    Y4               999.000      0.000    999.000    999.000
    Y5                 0.530      0.022     24.388      0.000
    Y6                 0.226      0.013     17.566      0.000
    Y7                 0.211      0.012     17.286      0.000
    Y8                 0.207      0.012     17.500      0.000
    Y9                 0.538      0.021     25.303      0.000
    Y10                0.524      0.021     25.520      0.000

 Y4       ON
    X1                 0.029      0.018      1.551      0.121
    X2                 0.042      0.035      1.189      0.235

 Means
    F                  0.000      0.000    999.000    999.000

 Intercepts
    Y1                 1.825      0.023     79.245      0.000
    Y2                 1.823      0.024     76.649      0.000
    Y3                 3.109      0.024    128.970      0.000
    Y4                 3.076      0.032     96.976      0.000
    Y5                 3.117      0.024    130.179      0.000
    Y6                 1.159      0.013     87.433      0.000
    Y7                 1.162      0.013     92.515      0.000
    Y8                 1.145      0.012     94.126      0.000
    Y9                 1.852      0.024     78.255      0.000
    Y10                1.821      0.023     79.478      0.000

 Variances
    F                  1.000      0.000    999.000    999.000

 Residual Variances
    Y1                 0.250      0.013     19.531      0.000
    Y2                 0.265      0.014     19.486      0.000
    Y3                 0.282      0.014     19.678      0.000
    Y4                 0.246      0.013     19.006      0.000
    Y5                 0.292      0.015     19.937      0.000
    Y6                 0.125      0.006     21.306      0.000
    Y7                 0.113      0.005     21.359      0.000
    Y8                 0.105      0.005     21.318      0.000
    Y9                 0.270      0.014     19.642      0.000
    Y10                0.250      0.013     19.567      0.000

New/Additional Parameters
    L4_0               0.606      0.031     19.700      0.000
    L4_1              -0.026      0.018     -1.394      0.163
    L4_2              -0.077      0.037     -2.086      0.037


QUALITY OF NUMERICAL RESULTS

     Condition Number for the Information Matrix              0.240E-04
       (ratio of smallest to largest eigenvalue)


     Beginning Time:  18:17:36
        Ending Time:  18:17:38
       Elapsed Time:  00:00:02



MUTHEN & MUTHEN
3463 Stoner Ave.
Los Angeles, CA  90066

Tel: (310) 391-9971
Fax: (310) 391-8971
Web: www.StatModel.com
Support: Support@StatModel.com

Copyright (c) 1998-2019 Muthen & Muthen
