Mplus VERSION 8.3
MUTHEN & MUTHEN
04/24/2024   7:06 PM

INPUT INSTRUCTIONS


  TITLE: Test with 10 reps

  DATA:
  File is
  G2_B2_N3_rep490.csv;

  VARIABLE:
      Names are x1 x2 eta
  	y1 y2 y3 y4 y5 y6 y7 y8 y9 y10;
      Usevariables are y1-y10 x1 x2;
      constraint = x1 x2;

  MODEL:
      f BY y1* (l1);
      f BY y2* (l2);
      f BY y3* (l3);
      f BY y4* (l4);
      f BY y5* (l5);
      f BY y6* (l6);
      f BY y7* (l7);
      f BY y8* (l8);
      f BY y9* (l9);
      f BY y10* (l10);

  y9 ON x1 x2;
  f@1;
  [f@0];

  MODEL CONSTRAINT:
      new (l9_0 l9_1 l9_2);
      l9 = l9_0 + l9_1*x1 + l9_2*x2;




INPUT READING TERMINATED NORMALLY



Test with 10 reps

SUMMARY OF ANALYSIS

Number of groups                                                 1
Number of observations                                        1000

Number of dependent variables                                   10
Number of independent variables                                  2
Number of continuous latent variables                            1

Observed dependent variables

  Continuous
   Y1          Y2          Y3          Y4          Y5          Y6
   Y7          Y8          Y9          Y10

Observed independent variables
   X1          X2

Continuous latent variables
   F


Estimator                                                       ML
Information matrix                                        OBSERVED
Maximum number of iterations                                  1000
Convergence criterion                                    0.500D-04
Maximum number of steepest descent iterations                   20

Input data file(s)
  G2_B2_N3_rep490.csv

Input data format  FREE



UNIVARIATE SAMPLE STATISTICS


     UNIVARIATE HIGHER-ORDER MOMENT DESCRIPTIVE STATISTICS

         Variable/         Mean/     Skewness/   Minimum/ % with                Percentiles
        Sample Size      Variance    Kurtosis    Maximum  Min/Max      20%/60%    40%/80%    Median

     Y1                    1.860       0.798       1.000   32.30%       1.000      2.000      2.000
            1000.000       0.554       1.168       5.000    0.50%       2.000      2.000
     Y2                    1.840       0.699       1.000   34.60%       1.000      2.000      2.000
            1000.000       0.560       0.563       5.000    0.30%       2.000      2.000
     Y3                    3.134       0.058       1.000    0.50%       3.000      3.000      3.000
            1000.000       0.552      -0.226       5.000    2.40%       3.000      4.000
     Y4                    3.120       0.093       1.000    1.10%       3.000      3.000      3.000
            1000.000       0.568       0.196       5.000    3.20%       3.000      4.000
     Y5                    3.135      -0.120       1.000    1.20%       3.000      3.000      3.000
            1000.000       0.553      -0.026       5.000    1.90%       3.000      4.000
     Y6                    1.159       2.700       1.000   85.40%       1.000      1.000      1.000
            1000.000       0.164       8.258       4.000    0.20%       1.000      1.000
     Y7                    1.172       2.456       1.000   84.30%       1.000      1.000      1.000
            1000.000       0.174       6.108       4.000    0.10%       1.000      1.000
     Y8                    1.177       2.447       1.000   83.60%       1.000      1.000      1.000
            1000.000       0.176       6.638       4.000    0.20%       1.000      1.000
     Y9                    1.848       0.775       1.000   32.80%       1.000      2.000      2.000
            1000.000       0.541       1.156       5.000    0.50%       2.000      2.000
     Y10                   1.836       0.815       1.000   33.90%       1.000      2.000      2.000
            1000.000       0.551       1.185       5.000    0.50%       2.000      2.000
     X1                    0.033      -0.003      -3.635    0.10%      -0.772     -0.208      0.029
            1000.000       0.970       0.339       3.487    0.10%       0.285      0.819
     X2                    0.474       0.104       0.000   52.60%       0.000      0.000      0.000
            1000.000       0.249      -1.989       1.000   47.40%       1.000      1.000


THE MODEL ESTIMATION TERMINATED NORMALLY



MODEL FIT INFORMATION

Number of Free Parameters                       34

Loglikelihood

          H0 Value                       -7383.756

Information Criteria

          Akaike (AIC)                   14835.512
          Bayesian (BIC)                 15002.376
          Sample-Size Adjusted BIC       14894.390
            (n* = (n + 2) / 24)



MODEL RESULTS

                                                    Two-Tailed
                    Estimate       S.E.  Est./S.E.    P-Value

 F        BY
    Y1                 0.542      0.021     25.794      0.000
    Y2                 0.546      0.021     25.882      0.000
    Y3                 0.527      0.021     24.912      0.000
    Y4                 0.551      0.021     25.990      0.000
    Y5                 0.535      0.021     25.412      0.000
    Y6                 0.221      0.012     17.921      0.000
    Y7                 0.251      0.013     20.084      0.000
    Y8                 0.236      0.013     18.572      0.000
    Y9               999.000      0.000    999.000    999.000
    Y10                0.546      0.021     26.204      0.000

 Y9       ON
    X1                -0.001      0.017     -0.062      0.950
    X2                -0.002      0.033     -0.047      0.963

 Means
    F                  0.000      0.000    999.000    999.000

 Intercepts
    Y1                 1.860      0.024     78.995      0.000
    Y2                 1.840      0.024     77.726      0.000
    Y3                 3.134      0.023    133.387      0.000
    Y4                 3.120      0.024    130.958      0.000
    Y5                 3.135      0.024    133.341      0.000
    Y6                 1.159      0.013     90.580      0.000
    Y7                 1.172      0.013     88.743      0.000
    Y8                 1.177      0.013     88.803      0.000
    Y9                 1.860      0.029     64.060      0.000
    Y10                1.836      0.023     78.209      0.000

 Variances
    F                  1.000      0.000    999.000    999.000

 Residual Variances
    Y1                 0.261      0.013     19.690      0.000
    Y2                 0.262      0.013     19.661      0.000
    Y3                 0.274      0.014     19.954      0.000
    Y4                 0.264      0.013     19.632      0.000
    Y5                 0.266      0.013     19.803      0.000
    Y6                 0.115      0.005     21.317      0.000
    Y7                 0.111      0.005     20.970      0.000
    Y8                 0.120      0.006     21.241      0.000
    Y9                 0.228      0.012     19.078      0.000
    Y10                0.252      0.013     19.538      0.000

New/Additional Parameters
    L9_0               0.576      0.028     20.856      0.000
    L9_1              -0.037      0.017     -2.218      0.027
    L9_2              -0.023      0.035     -0.650      0.516


QUALITY OF NUMERICAL RESULTS

     Condition Number for the Information Matrix              0.274E-04
       (ratio of smallest to largest eigenvalue)


     Beginning Time:  19:06:32
        Ending Time:  19:06:34
       Elapsed Time:  00:00:02



MUTHEN & MUTHEN
3463 Stoner Ave.
Los Angeles, CA  90066

Tel: (310) 391-9971
Fax: (310) 391-8971
Web: www.StatModel.com
Support: Support@StatModel.com

Copyright (c) 1998-2019 Muthen & Muthen
