Mplus VERSION 8.3
MUTHEN & MUTHEN
04/24/2024   6:27 PM

INPUT INSTRUCTIONS


  TITLE: Test with 10 reps

  DATA:
  File is
  G2_B2_N3_rep406.csv;

  VARIABLE:
      Names are x1 x2 eta
  	y1 y2 y3 y4 y5 y6 y7 y8 y9 y10;
      Usevariables are y1-y10 x1 x2;
      constraint = x1 x2;

  MODEL:
      f BY y1* (l1);
      f BY y2* (l2);
      f BY y3* (l3);
      f BY y4* (l4);
      f BY y5* (l5);
      f BY y6* (l6);
      f BY y7* (l7);
      f BY y8* (l8);
      f BY y9* (l9);
      f BY y10* (l10);

  y7 ON x1 x2;
  f@1;
  [f@0];

  MODEL CONSTRAINT:
      new (l7_0 l7_1 l7_2);
      l7 = l7_0 + l7_1*x1 + l7_2*x2;




INPUT READING TERMINATED NORMALLY



Test with 10 reps

SUMMARY OF ANALYSIS

Number of groups                                                 1
Number of observations                                        1000

Number of dependent variables                                   10
Number of independent variables                                  2
Number of continuous latent variables                            1

Observed dependent variables

  Continuous
   Y1          Y2          Y3          Y4          Y5          Y6
   Y7          Y8          Y9          Y10

Observed independent variables
   X1          X2

Continuous latent variables
   F


Estimator                                                       ML
Information matrix                                        OBSERVED
Maximum number of iterations                                  1000
Convergence criterion                                    0.500D-04
Maximum number of steepest descent iterations                   20

Input data file(s)
  G2_B2_N3_rep406.csv

Input data format  FREE



UNIVARIATE SAMPLE STATISTICS


     UNIVARIATE HIGHER-ORDER MOMENT DESCRIPTIVE STATISTICS

         Variable/         Mean/     Skewness/   Minimum/ % with                Percentiles
        Sample Size      Variance    Kurtosis    Maximum  Min/Max      20%/60%    40%/80%    Median

     Y1                    1.870       0.763       1.000   31.70%       1.000      2.000      2.000
            1000.000       0.557       0.900       5.000    0.30%       2.000      2.000
     Y2                    1.875       0.653       1.000   31.40%       1.000      2.000      2.000
            1000.000       0.541       0.644       5.000    0.30%       2.000      2.000
     Y3                    3.147       0.007       1.000    1.00%       3.000      3.000      3.000
            1000.000       0.537       0.183       5.000    2.60%       3.000      4.000
     Y4                    3.159      -0.068       1.000    0.80%       3.000      3.000      3.000
            1000.000       0.546      -0.136       5.000    2.10%       3.000      4.000
     Y5                    3.161      -0.017       1.000    1.00%       3.000      3.000      3.000
            1000.000       0.589      -0.096       5.000    3.00%       3.000      4.000
     Y6                    1.173       2.389       1.000   84.00%       1.000      1.000      1.000
            1000.000       0.171       5.762       4.000    0.10%       1.000      1.000
     Y7                    1.170       2.873       1.000   84.50%       1.000      1.000      1.000
            1000.000       0.179      11.342       5.000    0.10%       1.000      1.000
     Y8                    1.174       2.163       1.000   83.60%       1.000      1.000      1.000
            1000.000       0.164       3.850       3.000    1.00%       1.000      1.000
     Y9                    1.878       0.757       1.000   31.40%       1.000      2.000      2.000
            1000.000       0.563       0.859       5.000    0.30%       2.000      2.000
     Y10                   1.886       0.875       1.000   31.10%       1.000      2.000      2.000
            1000.000       0.579       1.517       5.000    0.80%       2.000      2.000
     X1                   -0.009      -0.034      -2.898    0.10%      -0.846     -0.229      0.004
            1000.000       0.956      -0.008       3.594    0.10%       0.258      0.817
     X2                    0.510      -0.040       0.000   49.00%       0.000      0.000      1.000
            1000.000       0.250      -1.998       1.000   51.00%       1.000      1.000


THE MODEL ESTIMATION TERMINATED NORMALLY



MODEL FIT INFORMATION

Number of Free Parameters                       34

Loglikelihood

          H0 Value                       -7360.552

Information Criteria

          Akaike (AIC)                   14789.104
          Bayesian (BIC)                 14955.967
          Sample-Size Adjusted BIC       14847.982
            (n* = (n + 2) / 24)



MODEL RESULTS

                                                    Two-Tailed
                    Estimate       S.E.  Est./S.E.    P-Value

 F        BY
    Y1                 0.555      0.021     26.607      0.000
    Y2                 0.531      0.021     25.532      0.000
    Y3                 0.523      0.021     25.108      0.000
    Y4                 0.522      0.021     24.791      0.000
    Y5                 0.572      0.021     26.640      0.000
    Y6                 0.245      0.012     19.756      0.000
    Y7               999.000      0.000    999.000    999.000
    Y8                 0.235      0.012     19.295      0.000
    Y9                 0.538      0.021     25.300      0.000
    Y10                0.558      0.021     26.106      0.000

 Y7       ON
    X1                 0.010      0.011      0.920      0.358
    X2                -0.023      0.022     -1.061      0.289

 Means
    F                  0.000      0.000    999.000    999.000

 Intercepts
    Y1                 1.870      0.024     79.228      0.000
    Y2                 1.875      0.023     80.585      0.000
    Y3                 3.147      0.023    135.755      0.000
    Y4                 3.159      0.023    135.228      0.000
    Y5                 3.161      0.024    130.238      0.000
    Y6                 1.173      0.013     89.683      0.000
    Y7                 1.168      0.017     67.661      0.000
    Y8                 1.174      0.013     91.752      0.000
    Y9                 1.878      0.024     79.140      0.000
    Y10                1.886      0.024     78.380      0.000

 Variances
    F                  1.000      0.000    999.000    999.000

 Residual Variances
    Y1                 0.249      0.013     19.433      0.000
    Y2                 0.259      0.013     19.795      0.000
    Y3                 0.264      0.013     19.904      0.000
    Y4                 0.273      0.014     20.009      0.000
    Y5                 0.262      0.014     19.406      0.000
    Y6                 0.111      0.005     21.080      0.000
    Y7                 0.104      0.005     20.570      0.000
    Y8                 0.108      0.005     21.142      0.000
    Y9                 0.273      0.014     19.858      0.000
    Y10                0.267      0.014     19.594      0.000

New/Additional Parameters
    L7_0               0.252      0.018     13.726      0.000
    L7_1               0.073      0.010      6.932      0.000
    L7_2               0.008      0.023      0.342      0.733


QUALITY OF NUMERICAL RESULTS

     Condition Number for the Information Matrix              0.246E-04
       (ratio of smallest to largest eigenvalue)


     Beginning Time:  18:27:57
        Ending Time:  18:27:59
       Elapsed Time:  00:00:02



MUTHEN & MUTHEN
3463 Stoner Ave.
Los Angeles, CA  90066

Tel: (310) 391-9971
Fax: (310) 391-8971
Web: www.StatModel.com
Support: Support@StatModel.com

Copyright (c) 1998-2019 Muthen & Muthen
