Mplus VERSION 8.3
MUTHEN & MUTHEN
04/24/2024   7:06 PM

INPUT INSTRUCTIONS


  TITLE: Test with 10 reps

  DATA:
  File is
  G2_B2_N3_rep491.csv;

  VARIABLE:
      Names are x1 x2 eta
  	y1 y2 y3 y4 y5 y6 y7 y8 y9 y10;
      Usevariables are y1-y10 x1 x2;
      constraint = x1 x2;

  MODEL:
      f BY y1* (l1);
      f BY y2* (l2);
      f BY y3* (l3);
      f BY y4* (l4);
      f BY y5* (l5);
      f BY y6* (l6);
      f BY y7* (l7);
      f BY y8* (l8);
      f BY y9* (l9);
      f BY y10* (l10);

  y7 ON x1 x2;
  f@1;
  [f@0];

  MODEL CONSTRAINT:
      new (l7_0 l7_1 l7_2);
      l7 = l7_0 + l7_1*x1 + l7_2*x2;




INPUT READING TERMINATED NORMALLY



Test with 10 reps

SUMMARY OF ANALYSIS

Number of groups                                                 1
Number of observations                                        1000

Number of dependent variables                                   10
Number of independent variables                                  2
Number of continuous latent variables                            1

Observed dependent variables

  Continuous
   Y1          Y2          Y3          Y4          Y5          Y6
   Y7          Y8          Y9          Y10

Observed independent variables
   X1          X2

Continuous latent variables
   F


Estimator                                                       ML
Information matrix                                        OBSERVED
Maximum number of iterations                                  1000
Convergence criterion                                    0.500D-04
Maximum number of steepest descent iterations                   20

Input data file(s)
  G2_B2_N3_rep491.csv

Input data format  FREE



UNIVARIATE SAMPLE STATISTICS


     UNIVARIATE HIGHER-ORDER MOMENT DESCRIPTIVE STATISTICS

         Variable/         Mean/     Skewness/   Minimum/ % with                Percentiles
        Sample Size      Variance    Kurtosis    Maximum  Min/Max      20%/60%    40%/80%    Median

     Y1                    1.885       0.881       1.000   32.30%       1.000      2.000      2.000
            1000.000       0.612       1.238       5.000    0.70%       2.000      2.000
     Y2                    1.866       0.835       1.000   33.70%       1.000      2.000      2.000
            1000.000       0.606       0.958       5.000    0.50%       2.000      2.000
     Y3                    3.148       0.006       1.000    0.70%       3.000      3.000      3.000
            1000.000       0.550      -0.126       5.000    2.40%       3.000      4.000
     Y4                    3.159      -0.139       1.000    1.60%       3.000      3.000      3.000
            1000.000       0.618      -0.066       5.000    2.80%       3.000      4.000
     Y5                    3.146      -0.058       1.000    1.40%       3.000      3.000      3.000
            1000.000       0.625      -0.124       5.000    3.10%       3.000      4.000
     Y6                    1.188       2.634       1.000   82.80%       1.000      1.000      1.000
            1000.000       0.193       9.459       5.000    0.10%       1.000      1.000
     Y7                    1.190       2.347       1.000   83.00%       1.000      1.000      1.000
            1000.000       0.196       5.381       4.000    0.10%       1.000      1.000
     Y8                    1.192       2.562       1.000   82.70%       1.000      1.000      1.000
            1000.000       0.201       7.745       4.000    0.40%       1.000      1.000
     Y9                    1.851       0.790       1.000   33.90%       1.000      2.000      2.000
            1000.000       0.577       0.883       5.000    0.40%       2.000      2.000
     Y10                   1.902       0.854       1.000   30.80%       1.000      2.000      2.000
            1000.000       0.600       1.259       5.000    0.70%       2.000      2.000
     X1                    0.015      -0.061      -2.943    0.10%      -0.800     -0.175      0.044
            1000.000       0.927      -0.026       3.026    0.10%       0.264      0.814
     X2                    0.518      -0.072       0.000   48.20%       0.000      0.000      1.000
            1000.000       0.250      -1.995       1.000   51.80%       1.000      1.000


THE MODEL ESTIMATION TERMINATED NORMALLY



MODEL FIT INFORMATION

Number of Free Parameters                       34

Loglikelihood

          H0 Value                       -7745.558

Information Criteria

          Akaike (AIC)                   15559.117
          Bayesian (BIC)                 15725.981
          Sample-Size Adjusted BIC       15617.995
            (n* = (n + 2) / 24)



MODEL RESULTS

                                                    Two-Tailed
                    Estimate       S.E.  Est./S.E.    P-Value

 F        BY
    Y1                 0.581      0.022     26.560      0.000
    Y2                 0.580      0.022     26.717      0.000
    Y3                 0.531      0.021     25.243      0.000
    Y4                 0.557      0.022     24.874      0.000
    Y5                 0.573      0.022     25.700      0.000
    Y6                 0.273      0.013     21.001      0.000
    Y7               999.000      0.000    999.000    999.000
    Y8                 0.269      0.013     20.091      0.000
    Y9                 0.563      0.021     26.507      0.000
    Y10                0.562      0.022     25.725      0.000

 Y7       ON
    X1                 0.018      0.012      1.533      0.125
    X2                 0.017      0.023      0.716      0.474

 Means
    F                  0.000      0.000    999.000    999.000

 Intercepts
    Y1                 1.885      0.025     76.211      0.000
    Y2                 1.866      0.025     75.798      0.000
    Y3                 3.148      0.023    134.219      0.000
    Y4                 3.159      0.025    127.103      0.000
    Y5                 3.146      0.025    125.872      0.000
    Y6                 1.188      0.014     85.590      0.000
    Y7                 1.160      0.017     66.383      0.000
    Y8                 1.192      0.014     84.049      0.000
    Y9                 1.851      0.024     77.072      0.000
    Y10                1.902      0.025     77.623      0.000

 Variances
    F                  1.000      0.000    999.000    999.000

 Residual Variances
    Y1                 0.275      0.014     19.535      0.000
    Y2                 0.269      0.014     19.480      0.000
    Y3                 0.268      0.013     19.900      0.000
    Y4                 0.308      0.015     20.019      0.000
    Y5                 0.296      0.015     19.775      0.000
    Y6                 0.118      0.006     20.892      0.000
    Y7                 0.115      0.006     20.629      0.000
    Y8                 0.129      0.006     21.054      0.000
    Y9                 0.260      0.013     19.560      0.000
    Y10                0.284      0.014     19.793      0.000

New/Additional Parameters
    L7_0               0.198      0.018     11.119      0.000
    L7_1               0.043      0.013      3.401      0.001
    L7_2               0.121      0.024      5.037      0.000


QUALITY OF NUMERICAL RESULTS

     Condition Number for the Information Matrix              0.303E-04
       (ratio of smallest to largest eigenvalue)


     Beginning Time:  19:06:52
        Ending Time:  19:06:54
       Elapsed Time:  00:00:02



MUTHEN & MUTHEN
3463 Stoner Ave.
Los Angeles, CA  90066

Tel: (310) 391-9971
Fax: (310) 391-8971
Web: www.StatModel.com
Support: Support@StatModel.com

Copyright (c) 1998-2019 Muthen & Muthen
