Mplus VERSION 8.3
MUTHEN & MUTHEN
04/24/2024   6:30 PM

INPUT INSTRUCTIONS


  TITLE: Test with 10 reps

  DATA:
  File is
  G2_B2_N3_rep412.csv;

  VARIABLE:
      Names are x1 x2 eta
  	y1 y2 y3 y4 y5 y6 y7 y8 y9 y10;
      Usevariables are y1-y10 x1 x2;
      constraint = x1 x2;

  MODEL:
      f BY y1* (l1);
      f BY y2* (l2);
      f BY y3* (l3);
      f BY y4* (l4);
      f BY y5* (l5);
      f BY y6* (l6);
      f BY y7* (l7);
      f BY y8* (l8);
      f BY y9* (l9);
      f BY y10* (l10);

  y2 ON x1 x2;
  f@1;
  [f@0];

  MODEL CONSTRAINT:
      new (l2_0 l2_1 l2_2);
      l2 = l2_0 + l2_1*x1 + l2_2*x2;




INPUT READING TERMINATED NORMALLY



Test with 10 reps

SUMMARY OF ANALYSIS

Number of groups                                                 1
Number of observations                                        1000

Number of dependent variables                                   10
Number of independent variables                                  2
Number of continuous latent variables                            1

Observed dependent variables

  Continuous
   Y1          Y2          Y3          Y4          Y5          Y6
   Y7          Y8          Y9          Y10

Observed independent variables
   X1          X2

Continuous latent variables
   F


Estimator                                                       ML
Information matrix                                        OBSERVED
Maximum number of iterations                                  1000
Convergence criterion                                    0.500D-04
Maximum number of steepest descent iterations                   20

Input data file(s)
  G2_B2_N3_rep412.csv

Input data format  FREE



UNIVARIATE SAMPLE STATISTICS


     UNIVARIATE HIGHER-ORDER MOMENT DESCRIPTIVE STATISTICS

         Variable/         Mean/     Skewness/   Minimum/ % with                Percentiles
        Sample Size      Variance    Kurtosis    Maximum  Min/Max      20%/60%    40%/80%    Median

     Y1                    1.816       0.721       1.000   34.50%       1.000      2.000      2.000
            1000.000       0.524       0.639       5.000    0.10%       2.000      2.000
     Y2                    1.843       0.754       1.000   33.00%       1.000      2.000      2.000
            1000.000       0.540       0.824       5.000    0.20%       2.000      2.000
     Y3                    3.118      -0.121       1.000    1.20%       3.000      3.000      3.000
            1000.000       0.554      -0.091       5.000    1.70%       3.000      4.000
     Y4                    3.137      -0.066       1.000    1.10%       3.000      3.000      3.000
            1000.000       0.554      -0.001       5.000    2.20%       3.000      4.000
     Y5                    3.147      -0.022       1.000    1.10%       3.000      3.000      3.000
            1000.000       0.565       0.049       5.000    2.70%       3.000      4.000
     Y6                    1.168       2.514       1.000   84.30%       1.000      1.000      1.000
            1000.000       0.166       7.155       4.000    0.20%       1.000      1.000
     Y7                    1.178       2.747       1.000   84.10%       1.000      1.000      1.000
            1000.000       0.192       8.937       4.000    0.40%       1.000      1.000
     Y8                    1.174       2.804       1.000   84.50%       1.000      1.000      1.000
            1000.000       0.190       9.317       4.000    0.40%       1.000      1.000
     Y9                    1.849       0.657       1.000   33.90%       1.000      2.000      2.000
            1000.000       0.556       0.397       5.000    0.20%       2.000      2.000
     Y10                   1.830       0.732       1.000   34.10%       1.000      2.000      2.000
            1000.000       0.539       0.712       5.000    0.20%       2.000      2.000
     X1                   -0.025      -0.076      -4.035    0.10%      -0.842     -0.243     -0.003
            1000.000       0.923       0.310       3.405    0.10%       0.217      0.776
     X2                    0.510      -0.040       0.000   49.00%       0.000      0.000      1.000
            1000.000       0.250      -1.998       1.000   51.00%       1.000      1.000


THE MODEL ESTIMATION TERMINATED NORMALLY



MODEL FIT INFORMATION

Number of Free Parameters                       34

Loglikelihood

          H0 Value                       -7497.324

Information Criteria

          Akaike (AIC)                   15062.648
          Bayesian (BIC)                 15229.512
          Sample-Size Adjusted BIC       15121.526
            (n* = (n + 2) / 24)



MODEL RESULTS

                                                    Two-Tailed
                    Estimate       S.E.  Est./S.E.    P-Value

 F        BY
    Y1                 0.524      0.021     25.519      0.000
    Y2               999.000      0.000    999.000    999.000
    Y3                 0.532      0.021     25.077      0.000
    Y4                 0.547      0.021     26.098      0.000
    Y5                 0.546      0.021     25.651      0.000
    Y6                 0.229      0.012     18.474      0.000
    Y7                 0.264      0.013     20.086      0.000
    Y8                 0.252      0.013     19.124      0.000
    Y9                 0.530      0.021     24.928      0.000
    Y10                0.512      0.021     24.256      0.000

 Y2       ON
    X1                 0.009      0.018      0.505      0.613
    X2                 0.043      0.035      1.254      0.210

 Means
    F                  0.000      0.000    999.000    999.000

 Intercepts
    Y1                 1.816      0.023     79.321      0.000
    Y2                 1.818      0.030     60.858      0.000
    Y3                 3.118      0.024    132.462      0.000
    Y4                 3.137      0.024    133.250      0.000
    Y5                 3.147      0.024    132.349      0.000
    Y6                 1.168      0.013     90.716      0.000
    Y7                 1.178      0.014     84.945      0.000
    Y8                 1.174      0.014     85.233      0.000
    Y9                 1.849      0.024     78.401      0.000
    Y10                1.830      0.023     78.816      0.000

 Variances
    F                  1.000      0.000    999.000    999.000

 Residual Variances
    Y1                 0.250      0.013     19.636      0.000
    Y2                 0.247      0.013     19.462      0.000
    Y3                 0.271      0.014     19.741      0.000
    Y4                 0.255      0.013     19.412      0.000
    Y5                 0.267      0.014     19.560      0.000
    Y6                 0.113      0.005     21.191      0.000
    Y7                 0.123      0.006     20.905      0.000
    Y8                 0.126      0.006     21.098      0.000
    Y9                 0.275      0.014     19.811      0.000
    Y10                0.277      0.014     20.018      0.000

New/Additional Parameters
    L2_0               0.546      0.030     17.942      0.000
    L2_1               0.027      0.018      1.555      0.120
    L2_2              -0.026      0.037     -0.690      0.490


QUALITY OF NUMERICAL RESULTS

     Condition Number for the Information Matrix              0.281E-04
       (ratio of smallest to largest eigenvalue)


     Beginning Time:  18:30:45
        Ending Time:  18:30:48
       Elapsed Time:  00:00:03



MUTHEN & MUTHEN
3463 Stoner Ave.
Los Angeles, CA  90066

Tel: (310) 391-9971
Fax: (310) 391-8971
Web: www.StatModel.com
Support: Support@StatModel.com

Copyright (c) 1998-2019 Muthen & Muthen
