Mplus VERSION 8.3
MUTHEN & MUTHEN
04/24/2024   6:40 PM

INPUT INSTRUCTIONS


  TITLE: Test with 10 reps

  DATA:
  File is
  G2_B2_N3_rep433.csv;

  VARIABLE:
      Names are x1 x2 eta
  	y1 y2 y3 y4 y5 y6 y7 y8 y9 y10;
      Usevariables are y1-y10 x1 x2;
      constraint = x1 x2;

  MODEL:
      f BY y1* (l1);
      f BY y2* (l2);
      f BY y3* (l3);
      f BY y4* (l4);
      f BY y5* (l5);
      f BY y6* (l6);
      f BY y7* (l7);
      f BY y8* (l8);
      f BY y9* (l9);
      f BY y10* (l10);

  y7 ON x1 x2;
  f@1;
  [f@0];

  MODEL CONSTRAINT:
      new (l7_0 l7_1 l7_2);
      l7 = l7_0 + l7_1*x1 + l7_2*x2;




INPUT READING TERMINATED NORMALLY



Test with 10 reps

SUMMARY OF ANALYSIS

Number of groups                                                 1
Number of observations                                        1000

Number of dependent variables                                   10
Number of independent variables                                  2
Number of continuous latent variables                            1

Observed dependent variables

  Continuous
   Y1          Y2          Y3          Y4          Y5          Y6
   Y7          Y8          Y9          Y10

Observed independent variables
   X1          X2

Continuous latent variables
   F


Estimator                                                       ML
Information matrix                                        OBSERVED
Maximum number of iterations                                  1000
Convergence criterion                                    0.500D-04
Maximum number of steepest descent iterations                   20

Input data file(s)
  G2_B2_N3_rep433.csv

Input data format  FREE



UNIVARIATE SAMPLE STATISTICS


     UNIVARIATE HIGHER-ORDER MOMENT DESCRIPTIVE STATISTICS

         Variable/         Mean/     Skewness/   Minimum/ % with                Percentiles
        Sample Size      Variance    Kurtosis    Maximum  Min/Max      20%/60%    40%/80%    Median

     Y1                    1.857       0.814       1.000   33.60%       1.000      2.000      2.000
            1000.000       0.583       1.014       5.000    0.50%       2.000      2.000
     Y2                    1.856       0.752       1.000   32.50%       1.000      2.000      2.000
            1000.000       0.549       0.877       5.000    0.30%       2.000      2.000
     Y3                    3.145       0.128       1.000    0.80%       3.000      3.000      3.000
            1000.000       0.530       0.286       5.000    3.10%       3.000      4.000
     Y4                    3.128      -0.143       1.000    1.30%       3.000      3.000      3.000
            1000.000       0.564      -0.081       5.000    1.80%       3.000      4.000
     Y5                    3.142       0.112       1.000    0.90%       3.000      3.000      3.000
            1000.000       0.556       0.191       5.000    3.30%       3.000      4.000
     Y6                    1.167       2.608       1.000   84.70%       1.000      1.000      1.000
            1000.000       0.171       7.597       4.000    0.20%       1.000      1.000
     Y7                    1.160       2.685       1.000   85.30%       1.000      1.000      1.000
            1000.000       0.164       8.157       4.000    0.20%       1.000      1.000
     Y8                    1.183       2.574       1.000   83.50%       1.000      1.000      1.000
            1000.000       0.192       7.565       4.000    0.30%       1.000      1.000
     Y9                    1.855       0.820       1.000   33.10%       1.000      2.000      2.000
            1000.000       0.568       1.131       5.000    0.50%       2.000      2.000
     Y10                   1.856       0.916       1.000   33.70%       1.000      2.000      2.000
            1000.000       0.597       1.392       5.000    0.70%       2.000      2.000
     X1                    0.012      -0.034      -3.033    0.10%      -0.813     -0.239      0.014
            1000.000       0.961      -0.132       2.772    0.10%       0.273      0.855
     X2                    0.509      -0.036       0.000   49.10%       0.000      0.000      1.000
            1000.000       0.250      -1.999       1.000   50.90%       1.000      1.000


THE MODEL ESTIMATION TERMINATED NORMALLY



MODEL FIT INFORMATION

Number of Free Parameters                       34

Loglikelihood

          H0 Value                       -7445.460

Information Criteria

          Akaike (AIC)                   14958.919
          Bayesian (BIC)                 15125.783
          Sample-Size Adjusted BIC       15017.797
            (n* = (n + 2) / 24)



MODEL RESULTS

                                                    Two-Tailed
                    Estimate       S.E.  Est./S.E.    P-Value

 F        BY
    Y1                 0.526      0.022     23.930      0.000
    Y2                 0.552      0.021     26.654      0.000
    Y3                 0.520      0.021     25.130      0.000
    Y4                 0.527      0.021     24.580      0.000
    Y5                 0.541      0.021     25.691      0.000
    Y6                 0.234      0.013     18.696      0.000
    Y7               999.000      0.000    999.000    999.000
    Y8                 0.257      0.013     19.517      0.000
    Y9                 0.560      0.021     26.567      0.000
    Y10                0.584      0.021     27.179      0.000

 Y7       ON
    X1                 0.003      0.011      0.250      0.803
    X2                 0.026      0.021      1.266      0.205

 Means
    F                  0.000      0.000    999.000    999.000

 Intercepts
    Y1                 1.857      0.024     76.939      0.000
    Y2                 1.856      0.023     79.193      0.000
    Y3                 3.145      0.023    136.613      0.000
    Y4                 3.128      0.024    131.757      0.000
    Y5                 3.142      0.024    133.270      0.000
    Y6                 1.167      0.013     89.214      0.000
    Y7                 1.129      0.016     72.642      0.000
    Y8                 1.183      0.014     85.485      0.000
    Y9                 1.855      0.024     77.836      0.000
    Y10                1.856      0.024     75.944      0.000

 Variances
    F                  1.000      0.000    999.000    999.000

 Residual Variances
    Y1                 0.306      0.015     20.224      0.000
    Y2                 0.244      0.013     19.380      0.000
    Y3                 0.260      0.013     19.874      0.000
    Y4                 0.285      0.014     20.038      0.000
    Y5                 0.263      0.013     19.708      0.000
    Y6                 0.116      0.005     21.235      0.000
    Y7                 0.095      0.005     20.503      0.000
    Y8                 0.126      0.006     21.114      0.000
    Y9                 0.254      0.013     19.411      0.000
    Y10                0.257      0.013     19.216      0.000

New/Additional Parameters
    L7_0               0.180      0.016     11.322      0.000
    L7_1               0.048      0.011      4.432      0.000
    L7_2               0.113      0.022      5.234      0.000


QUALITY OF NUMERICAL RESULTS

     Condition Number for the Information Matrix              0.209E-04
       (ratio of smallest to largest eigenvalue)


     Beginning Time:  18:40:26
        Ending Time:  18:40:28
       Elapsed Time:  00:00:02



MUTHEN & MUTHEN
3463 Stoner Ave.
Los Angeles, CA  90066

Tel: (310) 391-9971
Fax: (310) 391-8971
Web: www.StatModel.com
Support: Support@StatModel.com

Copyright (c) 1998-2019 Muthen & Muthen
