Mplus VERSION 8.3
MUTHEN & MUTHEN
04/24/2024   7:01 PM

INPUT INSTRUCTIONS


  TITLE: Test with 10 reps

  DATA:
  File is
  G2_B2_N3_rep480.csv;

  VARIABLE:
      Names are x1 x2 eta
  	y1 y2 y3 y4 y5 y6 y7 y8 y9 y10;
      Usevariables are y1-y10 x1 x2;
      constraint = x1 x2;

  MODEL:
      f BY y1* (l1);
      f BY y2* (l2);
      f BY y3* (l3);
      f BY y4* (l4);
      f BY y5* (l5);
      f BY y6* (l6);
      f BY y7* (l7);
      f BY y8* (l8);
      f BY y9* (l9);
      f BY y10* (l10);

  y9 ON x1 x2;
  f@1;
  [f@0];

  MODEL CONSTRAINT:
      new (l9_0 l9_1 l9_2);
      l9 = l9_0 + l9_1*x1 + l9_2*x2;




INPUT READING TERMINATED NORMALLY



Test with 10 reps

SUMMARY OF ANALYSIS

Number of groups                                                 1
Number of observations                                        1000

Number of dependent variables                                   10
Number of independent variables                                  2
Number of continuous latent variables                            1

Observed dependent variables

  Continuous
   Y1          Y2          Y3          Y4          Y5          Y6
   Y7          Y8          Y9          Y10

Observed independent variables
   X1          X2

Continuous latent variables
   F


Estimator                                                       ML
Information matrix                                        OBSERVED
Maximum number of iterations                                  1000
Convergence criterion                                    0.500D-04
Maximum number of steepest descent iterations                   20

Input data file(s)
  G2_B2_N3_rep480.csv

Input data format  FREE



UNIVARIATE SAMPLE STATISTICS


     UNIVARIATE HIGHER-ORDER MOMENT DESCRIPTIVE STATISTICS

         Variable/         Mean/     Skewness/   Minimum/ % with                Percentiles
        Sample Size      Variance    Kurtosis    Maximum  Min/Max      20%/60%    40%/80%    Median

     Y1                    1.843       0.698       1.000   33.20%       1.000      2.000      2.000
            1000.000       0.534       0.749       5.000    0.30%       2.000      2.000
     Y2                    1.846       0.723       1.000   32.80%       1.000      2.000      2.000
            1000.000       0.534       0.851       5.000    0.30%       2.000      2.000
     Y3                    3.155       0.011       1.000    1.00%       3.000      3.000      3.000
            1000.000       0.561       0.079       5.000    2.90%       3.000      4.000
     Y4                    3.140       0.044       1.000    0.60%       3.000      3.000      3.000
            1000.000       0.516       0.006       5.000    2.20%       3.000      4.000
     Y5                    3.127      -0.021       1.000    0.70%       3.000      3.000      3.000
            1000.000       0.505      -0.004       5.000    1.70%       3.000      4.000
     Y6                    1.159       2.614       1.000   85.10%       1.000      1.000      1.000
            1000.000       0.158       7.866       4.000    0.20%       1.000      1.000
     Y7                    1.157       3.067       1.000   85.70%       1.000      1.000      1.000
            1000.000       0.168      13.035       5.000    0.10%       1.000      1.000
     Y8                    1.164       2.714       1.000   84.80%       1.000      1.000      1.000
            1000.000       0.167       8.915       4.000    0.30%       1.000      1.000
     Y9                    1.795       0.721       1.000   35.10%       1.000      2.000      2.000
            1000.000       0.501       0.732       5.000    0.10%       2.000      2.000
     Y10                   1.811       0.778       1.000   34.80%       1.000      2.000      2.000
            1000.000       0.523       1.106       5.000    0.40%       2.000      2.000
     X1                   -0.026       0.026      -2.950    0.10%      -0.875     -0.288     -0.030
            1000.000       0.956      -0.205       3.027    0.10%       0.246      0.841
     X2                    0.486       0.056       0.000   51.40%       0.000      0.000      0.000
            1000.000       0.250      -1.997       1.000   48.60%       1.000      1.000


THE MODEL ESTIMATION TERMINATED NORMALLY



MODEL FIT INFORMATION

Number of Free Parameters                       34

Loglikelihood

          H0 Value                       -7127.598

Information Criteria

          Akaike (AIC)                   14323.196
          Bayesian (BIC)                 14490.059
          Sample-Size Adjusted BIC       14382.073
            (n* = (n + 2) / 24)



MODEL RESULTS

                                                    Two-Tailed
                    Estimate       S.E.  Est./S.E.    P-Value

 F        BY
    Y1                 0.532      0.021     25.815      0.000
    Y2                 0.534      0.021     25.904      0.000
    Y3                 0.544      0.021     25.703      0.000
    Y4                 0.526      0.020     26.004      0.000
    Y5                 0.512      0.020     25.453      0.000
    Y6                 0.226      0.012     18.836      0.000
    Y7                 0.244      0.012     19.871      0.000
    Y8                 0.230      0.012     18.523      0.000
    Y9               999.000      0.000    999.000    999.000
    Y10                0.540      0.020     26.724      0.000

 Y9       ON
    X1                 0.024      0.017      1.441      0.150
    X2                 0.047      0.034      1.402      0.161

 Means
    F                  0.000      0.000    999.000    999.000

 Intercepts
    Y1                 1.843      0.023     79.728      0.000
    Y2                 1.846      0.023     79.863      0.000
    Y3                 3.155      0.024    133.207      0.000
    Y4                 3.140      0.023    138.177      0.000
    Y5                 3.127      0.022    139.168      0.000
    Y6                 1.159      0.013     92.287      0.000
    Y7                 1.157      0.013     89.171      0.000
    Y8                 1.164      0.013     90.045      0.000
    Y9                 1.769      0.028     64.256      0.000
    Y10                1.811      0.023     79.169      0.000

 Variances
    F                  1.000      0.000    999.000    999.000

 Residual Variances
    Y1                 0.251      0.013     19.645      0.000
    Y2                 0.249      0.013     19.622      0.000
    Y3                 0.265      0.013     19.673      0.000
    Y4                 0.240      0.012     19.589      0.000
    Y5                 0.242      0.012     19.745      0.000
    Y6                 0.106      0.005     21.191      0.000
    Y7                 0.109      0.005     21.030      0.000
    Y8                 0.114      0.005     21.236      0.000
    Y9                 0.239      0.012     19.790      0.000
    Y10                0.232      0.012     19.334      0.000

New/Additional Parameters
    L9_0               0.480      0.027     17.629      0.000
    L9_1              -0.009      0.017     -0.533      0.594
    L9_2               0.044      0.035      1.267      0.205


QUALITY OF NUMERICAL RESULTS

     Condition Number for the Information Matrix              0.248E-04
       (ratio of smallest to largest eigenvalue)


     Beginning Time:  19:01:48
        Ending Time:  19:01:50
       Elapsed Time:  00:00:02



MUTHEN & MUTHEN
3463 Stoner Ave.
Los Angeles, CA  90066

Tel: (310) 391-9971
Fax: (310) 391-8971
Web: www.StatModel.com
Support: Support@StatModel.com

Copyright (c) 1998-2019 Muthen & Muthen
