Mplus VERSION 8.3
MUTHEN & MUTHEN
04/24/2024   6:37 PM

INPUT INSTRUCTIONS


  TITLE: Test with 10 reps

  DATA:
  File is
  G2_B2_N3_rep428.csv;

  VARIABLE:
      Names are x1 x2 eta
  	y1 y2 y3 y4 y5 y6 y7 y8 y9 y10;
      Usevariables are y1-y10 x1 x2;
      constraint = x1 x2;

  MODEL:
      f BY y1* (l1);
      f BY y2* (l2);
      f BY y3* (l3);
      f BY y4* (l4);
      f BY y5* (l5);
      f BY y6* (l6);
      f BY y7* (l7);
      f BY y8* (l8);
      f BY y9* (l9);
      f BY y10* (l10);

  y1 ON x1 x2;
  f@1;
  [f@0];

  MODEL CONSTRAINT:
      new (l1_0 l1_1 l1_2);
      l1 = l1_0 + l1_1*x1 + l1_2*x2;




INPUT READING TERMINATED NORMALLY



Test with 10 reps

SUMMARY OF ANALYSIS

Number of groups                                                 1
Number of observations                                        1000

Number of dependent variables                                   10
Number of independent variables                                  2
Number of continuous latent variables                            1

Observed dependent variables

  Continuous
   Y1          Y2          Y3          Y4          Y5          Y6
   Y7          Y8          Y9          Y10

Observed independent variables
   X1          X2

Continuous latent variables
   F


Estimator                                                       ML
Information matrix                                        OBSERVED
Maximum number of iterations                                  1000
Convergence criterion                                    0.500D-04
Maximum number of steepest descent iterations                   20

Input data file(s)
  G2_B2_N3_rep428.csv

Input data format  FREE



UNIVARIATE SAMPLE STATISTICS


     UNIVARIATE HIGHER-ORDER MOMENT DESCRIPTIVE STATISTICS

         Variable/         Mean/     Skewness/   Minimum/ % with                Percentiles
        Sample Size      Variance    Kurtosis    Maximum  Min/Max      20%/60%    40%/80%    Median

     Y1                    1.883       0.908       1.000   33.00%       1.000      2.000      2.000
            1000.000       0.629       1.271       5.000    0.80%       2.000      2.000
     Y2                    1.854       0.855       1.000   33.70%       1.000      2.000      2.000
            1000.000       0.587       1.116       5.000    0.50%       2.000      2.000
     Y3                    3.130      -0.041       1.000    1.30%       3.000      3.000      3.000
            1000.000       0.591      -0.031       5.000    2.70%       3.000      4.000
     Y4                    3.142      -0.086       1.000    1.70%       3.000      3.000      3.000
            1000.000       0.642      -0.094       5.000    3.20%       3.000      4.000
     Y5                    3.136      -0.035       1.000    1.20%       3.000      3.000      3.000
            1000.000       0.570       0.048       5.000    2.60%       3.000      4.000
     Y6                    1.203       2.523       1.000   82.30%       1.000      1.000      1.000
            1000.000       0.222       7.092       4.000    0.40%       1.000      1.000
     Y7                    1.192       2.461       1.000   82.60%       1.000      1.000      1.000
            1000.000       0.197       6.872       4.000    0.30%       1.000      1.000
     Y8                    1.181       2.420       1.000   83.30%       1.000      1.000      1.000
            1000.000       0.180       6.432       4.000    0.20%       1.000      1.000
     Y9                    1.874       0.838       1.000   33.00%       1.000      2.000      2.000
            1000.000       0.602       1.076       5.000    0.60%       2.000      2.000
     Y10                   1.874       0.841       1.000   33.00%       1.000      2.000      2.000
            1000.000       0.600       1.164       5.000    0.70%       2.000      2.000
     X1                   -0.020      -0.030      -3.106    0.10%      -0.878     -0.269      0.032
            1000.000       0.984       0.036       3.179    0.10%       0.288      0.825
     X2                    0.500       0.000       0.000   50.00%       0.000      0.000      0.500
            1000.000       0.250      -2.000       1.000   50.00%       1.000      1.000


THE MODEL ESTIMATION TERMINATED NORMALLY



MODEL FIT INFORMATION

Number of Free Parameters                       34

Loglikelihood

          H0 Value                       -7877.837

Information Criteria

          Akaike (AIC)                   15823.674
          Bayesian (BIC)                 15990.537
          Sample-Size Adjusted BIC       15882.552
            (n* = (n + 2) / 24)



MODEL RESULTS

                                                    Two-Tailed
                    Estimate       S.E.  Est./S.E.    P-Value

 F        BY
    Y1               999.000      0.000    999.000    999.000
    Y2                 0.547      0.022     25.166      0.000
    Y3                 0.541      0.022     24.617      0.000
    Y4                 0.568      0.023     24.875      0.000
    Y5                 0.548      0.021     25.690      0.000
    Y6                 0.287      0.014     20.399      0.000
    Y7                 0.254      0.013     18.913      0.000
    Y8                 0.262      0.013     20.750      0.000
    Y9                 0.555      0.022     25.195      0.000
    Y10                0.588      0.021     27.358      0.000

 Y1       ON
    X1                -0.007      0.018     -0.366      0.714
    X2                 0.003      0.036      0.079      0.937

 Means
    F                  0.000      0.000    999.000    999.000

 Intercepts
    Y1                 1.882      0.032     59.713      0.000
    Y2                 1.854      0.024     76.543      0.000
    Y3                 3.130      0.024    128.740      0.000
    Y4                 3.142      0.025    124.021      0.000
    Y5                 3.136      0.024    131.410      0.000
    Y6                 1.203      0.015     80.778      0.000
    Y7                 1.192      0.014     84.897      0.000
    Y8                 1.181      0.013     87.968      0.000
    Y9                 1.874      0.025     76.371      0.000
    Y10                1.874      0.024     76.498      0.000

 Variances
    F                  1.000      0.000    999.000    999.000

 Residual Variances
    Y1                 0.274      0.014     19.219      0.000
    Y2                 0.287      0.014     19.885      0.000
    Y3                 0.299      0.015     20.021      0.000
    Y4                 0.319      0.016     19.942      0.000
    Y5                 0.270      0.014     19.696      0.000
    Y6                 0.140      0.007     20.938      0.000
    Y7                 0.133      0.006     21.195      0.000
    Y8                 0.112      0.005     20.874      0.000
    Y9                 0.294      0.015     19.866      0.000
    Y10                0.255      0.013     19.144      0.000

New/Additional Parameters
    L1_0               0.596      0.032     18.842      0.000
    L1_1              -0.003      0.018     -0.152      0.879
    L1_2               0.003      0.038      0.088      0.930


QUALITY OF NUMERICAL RESULTS

     Condition Number for the Information Matrix              0.280E-04
       (ratio of smallest to largest eigenvalue)


     Beginning Time:  18:37:42
        Ending Time:  18:37:44
       Elapsed Time:  00:00:02



MUTHEN & MUTHEN
3463 Stoner Ave.
Los Angeles, CA  90066

Tel: (310) 391-9971
Fax: (310) 391-8971
Web: www.StatModel.com
Support: Support@StatModel.com

Copyright (c) 1998-2019 Muthen & Muthen
