Mplus VERSION 8.3
MUTHEN & MUTHEN
04/24/2024   6:35 PM

INPUT INSTRUCTIONS


  TITLE: Test with 10 reps

  DATA:
  File is
  G2_B2_N3_rep423.csv;

  VARIABLE:
      Names are x1 x2 eta
  	y1 y2 y3 y4 y5 y6 y7 y8 y9 y10;
      Usevariables are y1-y10 x1 x2;
      constraint = x1 x2;

  MODEL:
      f BY y1* (l1);
      f BY y2* (l2);
      f BY y3* (l3);
      f BY y4* (l4);
      f BY y5* (l5);
      f BY y6* (l6);
      f BY y7* (l7);
      f BY y8* (l8);
      f BY y9* (l9);
      f BY y10* (l10);

  y5 ON x1 x2;
  f@1;
  [f@0];

  MODEL CONSTRAINT:
      new (l5_0 l5_1 l5_2);
      l5 = l5_0 + l5_1*x1 + l5_2*x2;




INPUT READING TERMINATED NORMALLY



Test with 10 reps

SUMMARY OF ANALYSIS

Number of groups                                                 1
Number of observations                                        1000

Number of dependent variables                                   10
Number of independent variables                                  2
Number of continuous latent variables                            1

Observed dependent variables

  Continuous
   Y1          Y2          Y3          Y4          Y5          Y6
   Y7          Y8          Y9          Y10

Observed independent variables
   X1          X2

Continuous latent variables
   F


Estimator                                                       ML
Information matrix                                        OBSERVED
Maximum number of iterations                                  1000
Convergence criterion                                    0.500D-04
Maximum number of steepest descent iterations                   20

Input data file(s)
  G2_B2_N3_rep423.csv

Input data format  FREE



UNIVARIATE SAMPLE STATISTICS


     UNIVARIATE HIGHER-ORDER MOMENT DESCRIPTIVE STATISTICS

         Variable/         Mean/     Skewness/   Minimum/ % with                Percentiles
        Sample Size      Variance    Kurtosis    Maximum  Min/Max      20%/60%    40%/80%    Median

     Y1                    1.844       0.790       1.000   37.20%       1.000      2.000      2.000
            1000.000       0.642       0.490       5.000    0.40%       2.000      2.000
     Y2                    1.880       0.727       1.000   33.50%       1.000      2.000      2.000
            1000.000       0.612       0.486       5.000    0.30%       2.000      2.000
     Y3                    3.134      -0.011       1.000    1.70%       3.000      3.000      3.000
            1000.000       0.624       0.115       5.000    3.60%       3.000      4.000
     Y4                    3.117      -0.060       1.000    1.60%       3.000      3.000      3.000
            1000.000       0.617      -0.056       5.000    2.80%       3.000      4.000
     Y5                    3.140       0.013       1.000    0.90%       3.000      3.000      3.000
            1000.000       0.598      -0.208       5.000    2.90%       3.000      4.000
     Y6                    1.205       2.510       1.000   81.60%       1.000      1.000      1.000
            1000.000       0.215       7.557       4.000    0.50%       1.000      1.000
     Y7                    1.178       2.699       1.000   84.90%       1.000      1.000      1.000
            1000.000       0.204       7.509       4.000    0.20%       1.000      1.000
     Y8                    1.171       3.418       1.000   85.40%       1.000      1.000      1.000
            1000.000       0.210      15.835       5.000    0.20%       1.000      1.000
     Y9                    1.877       0.807       1.000   33.00%       1.000      2.000      2.000
            1000.000       0.602       0.985       5.000    0.60%       2.000      2.000
     Y10                   1.874       0.727       1.000   33.30%       1.000      2.000      2.000
            1000.000       0.598       0.472       5.000    0.20%       2.000      2.000
     X1                   -0.052      -0.119      -3.599    0.10%      -0.862     -0.257     -0.028
            1000.000       0.939       0.286       2.577    0.10%       0.182      0.709
     X2                    0.493       0.028       0.000   50.70%       0.000      0.000      0.000
            1000.000       0.250      -1.999       1.000   49.30%       1.000      1.000


THE MODEL ESTIMATION TERMINATED NORMALLY



MODEL FIT INFORMATION

Number of Free Parameters                       34

Loglikelihood

          H0 Value                       -8015.884

Information Criteria

          Akaike (AIC)                   16099.769
          Bayesian (BIC)                 16266.632
          Sample-Size Adjusted BIC       16158.646
            (n* = (n + 2) / 24)



MODEL RESULTS

                                                    Two-Tailed
                    Estimate       S.E.  Est./S.E.    P-Value

 F        BY
    Y1                 0.601      0.022     26.947      0.000
    Y2                 0.585      0.022     26.782      0.000
    Y3                 0.570      0.022     25.470      0.000
    Y4                 0.567      0.022     25.518      0.000
    Y5               999.000      0.000    999.000    999.000
    Y6                 0.281      0.014     20.332      0.000
    Y7                 0.267      0.014     19.693      0.000
    Y8                 0.246      0.014     17.550      0.000
    Y9                 0.565      0.022     25.864      0.000
    Y10                0.555      0.022     25.285      0.000

 Y5       ON
    X1                 0.009      0.019      0.512      0.609
    X2                 0.014      0.037      0.386      0.700

 Means
    F                  0.000      0.000    999.000    999.000

 Intercepts
    Y1                 1.844      0.025     72.794      0.000
    Y2                 1.880      0.025     76.018      0.000
    Y3                 3.134      0.025    125.453      0.000
    Y4                 3.117      0.025    125.451      0.000
    Y5                 3.157      0.032     97.307      0.000
    Y6                 1.205      0.015     82.184      0.000
    Y7                 1.178      0.014     82.412      0.000
    Y8                 1.171      0.014     80.852      0.000
    Y9                 1.877      0.025     76.507      0.000
    Y10                1.874      0.024     76.624      0.000

 Variances
    F                  1.000      0.000    999.000    999.000

 Residual Variances
    Y1                 0.280      0.015     19.318      0.000
    Y2                 0.270      0.014     19.370      0.000
    Y3                 0.300      0.015     19.795      0.000
    Y4                 0.296      0.015     19.790      0.000
    Y5                 0.276      0.014     19.529      0.000
    Y6                 0.136      0.006     20.940      0.000
    Y7                 0.133      0.006     21.068      0.000
    Y8                 0.149      0.007     21.383      0.000
    Y9                 0.282      0.014     19.705      0.000
    Y10                0.291      0.015     19.867      0.000

New/Additional Parameters
    L5_0               0.639      0.033     19.517      0.000
    L5_1              -0.042      0.020     -2.127      0.033
    L5_2              -0.139      0.039     -3.563      0.000


QUALITY OF NUMERICAL RESULTS

     Condition Number for the Information Matrix              0.389E-04
       (ratio of smallest to largest eigenvalue)


     Beginning Time:  18:35:51
        Ending Time:  18:35:53
       Elapsed Time:  00:00:02



MUTHEN & MUTHEN
3463 Stoner Ave.
Los Angeles, CA  90066

Tel: (310) 391-9971
Fax: (310) 391-8971
Web: www.StatModel.com
Support: Support@StatModel.com

Copyright (c) 1998-2019 Muthen & Muthen
