Mplus VERSION 8.3
MUTHEN & MUTHEN
04/24/2024   6:47 PM

INPUT INSTRUCTIONS


  TITLE: Test with 10 reps

  DATA:
  File is
  G2_B2_N3_rep449.csv;

  VARIABLE:
      Names are x1 x2 eta
  	y1 y2 y3 y4 y5 y6 y7 y8 y9 y10;
      Usevariables are y1-y10 x1 x2;
      constraint = x1 x2;

  MODEL:
      f BY y1* (l1);
      f BY y2* (l2);
      f BY y3* (l3);
      f BY y4* (l4);
      f BY y5* (l5);
      f BY y6* (l6);
      f BY y7* (l7);
      f BY y8* (l8);
      f BY y9* (l9);
      f BY y10* (l10);

  y8 ON x1 x2;
  f@1;
  [f@0];

  MODEL CONSTRAINT:
      new (l8_0 l8_1 l8_2);
      l8 = l8_0 + l8_1*x1 + l8_2*x2;




INPUT READING TERMINATED NORMALLY



Test with 10 reps

SUMMARY OF ANALYSIS

Number of groups                                                 1
Number of observations                                        1000

Number of dependent variables                                   10
Number of independent variables                                  2
Number of continuous latent variables                            1

Observed dependent variables

  Continuous
   Y1          Y2          Y3          Y4          Y5          Y6
   Y7          Y8          Y9          Y10

Observed independent variables
   X1          X2

Continuous latent variables
   F


Estimator                                                       ML
Information matrix                                        OBSERVED
Maximum number of iterations                                  1000
Convergence criterion                                    0.500D-04
Maximum number of steepest descent iterations                   20

Input data file(s)
  G2_B2_N3_rep449.csv

Input data format  FREE



UNIVARIATE SAMPLE STATISTICS


     UNIVARIATE HIGHER-ORDER MOMENT DESCRIPTIVE STATISTICS

         Variable/         Mean/     Skewness/   Minimum/ % with                Percentiles
        Sample Size      Variance    Kurtosis    Maximum  Min/Max      20%/60%    40%/80%    Median

     Y1                    1.880       0.942       1.000   34.30%       1.000      2.000      2.000
            1000.000       0.658       1.366       5.000    1.10%       2.000      2.000
     Y2                    1.880       0.928       1.000   32.50%       1.000      2.000      2.000
            1000.000       0.612       1.507       5.000    0.90%       2.000      2.000
     Y3                    3.153      -0.012       1.000    0.90%       3.000      3.000      3.000
            1000.000       0.600      -0.225       5.000    2.90%       3.000      4.000
     Y4                    3.179      -0.039       1.000    0.70%       3.000      3.000      3.000
            1000.000       0.615      -0.395       5.000    3.00%       3.000      4.000
     Y5                    3.150       0.007       1.000    1.20%       3.000      3.000      3.000
            1000.000       0.585       0.076       5.000    3.20%       3.000      4.000
     Y6                    1.204       2.905       1.000   82.60%       1.000      1.000      1.000
            1000.000       0.240      10.721       5.000    0.10%       1.000      1.000
     Y7                    1.206       2.899       1.000   82.90%       1.000      1.000      1.000
            1000.000       0.252      10.253       5.000    0.10%       1.000      1.000
     Y8                    1.206       2.622       1.000   82.10%       1.000      1.000      1.000
            1000.000       0.228       8.581       5.000    0.10%       1.000      1.000
     Y9                    1.889       0.838       1.000   30.60%       1.000      2.000      2.000
            1000.000       0.573       1.231       5.000    0.50%       2.000      2.000
     Y10                   1.878       0.796       1.000   32.80%       1.000      2.000      2.000
            1000.000       0.599       0.901       5.000    0.50%       2.000      2.000
     X1                    0.014       0.012      -2.908    0.10%      -0.805     -0.219      0.039
            1000.000       0.990      -0.065       2.811    0.10%       0.271      0.791
     X2                    0.501      -0.004       0.000   49.90%       0.000      0.000      1.000
            1000.000       0.250      -2.000       1.000   50.10%       1.000      1.000


THE MODEL ESTIMATION TERMINATED NORMALLY



MODEL FIT INFORMATION

Number of Free Parameters                       34

Loglikelihood

          H0 Value                       -8040.172

Information Criteria

          Akaike (AIC)                   16148.345
          Bayesian (BIC)                 16315.208
          Sample-Size Adjusted BIC       16207.222
            (n* = (n + 2) / 24)



MODEL RESULTS

                                                    Two-Tailed
                    Estimate       S.E.  Est./S.E.    P-Value

 F        BY
    Y1                 0.610      0.023     27.085      0.000
    Y2                 0.581      0.022     26.628      0.000
    Y3                 0.563      0.022     25.836      0.000
    Y4                 0.573      0.022     25.987      0.000
    Y5                 0.552      0.022     25.534      0.000
    Y6                 0.306      0.014     21.140      0.000
    Y7                 0.301      0.015     20.116      0.000
    Y8               999.000      0.000    999.000    999.000
    Y9                 0.547      0.021     25.646      0.000
    Y10                0.584      0.021     27.215      0.000

 Y8       ON
    X1                -0.012      0.013     -0.938      0.348
    X2                 0.025      0.025      0.984      0.325

 Means
    F                  0.000      0.000    999.000    999.000

 Intercepts
    Y1                 1.880      0.026     73.312      0.000
    Y2                 1.880      0.025     76.019      0.000
    Y3                 3.153      0.024    128.765      0.000
    Y4                 3.179      0.025    128.194      0.000
    Y5                 3.150      0.024    130.181      0.000
    Y6                 1.204      0.016     77.656      0.000
    Y7                 1.206      0.016     76.037      0.000
    Y8                 1.176      0.019     62.621      0.000
    Y9                 1.889      0.024     78.936      0.000
    Y10                1.878      0.024     76.726      0.000

 Variances
    F                  1.000      0.000    999.000    999.000

 Residual Variances
    Y1                 0.286      0.015     19.441      0.000
    Y2                 0.274      0.014     19.611      0.000
    Y3                 0.282      0.014     19.822      0.000
    Y4                 0.287      0.015     19.773      0.000
    Y5                 0.281      0.014     19.916      0.000
    Y6                 0.146      0.007     20.884      0.000
    Y7                 0.161      0.008     21.092      0.000
    Y8                 0.139      0.007     20.816      0.000
    Y9                 0.273      0.014     19.928      0.000
    Y10                0.258      0.013     19.418      0.000

New/Additional Parameters
    L8_0               0.220      0.020     10.932      0.000
    L8_1               0.024      0.012      1.995      0.046
    L8_2               0.118      0.026      4.477      0.000


QUALITY OF NUMERICAL RESULTS

     Condition Number for the Information Matrix              0.431E-04
       (ratio of smallest to largest eigenvalue)


     Beginning Time:  18:47:29
        Ending Time:  18:47:31
       Elapsed Time:  00:00:02



MUTHEN & MUTHEN
3463 Stoner Ave.
Los Angeles, CA  90066

Tel: (310) 391-9971
Fax: (310) 391-8971
Web: www.StatModel.com
Support: Support@StatModel.com

Copyright (c) 1998-2019 Muthen & Muthen
