Mplus VERSION 8.3
MUTHEN & MUTHEN
04/24/2024   7:18 PM

INPUT INSTRUCTIONS


  TITLE: Test with 10 reps

  DATA:
  File is
  G2_B2_N3_rep66.csv;

  VARIABLE:
      Names are x1 x2 eta
  	y1 y2 y3 y4 y5 y6 y7 y8 y9 y10;
      Usevariables are y1-y10 x1 x2;
      constraint = x1 x2;

  MODEL:
      f BY y1* (l1);
      f BY y2* (l2);
      f BY y3* (l3);
      f BY y4* (l4);
      f BY y5* (l5);
      f BY y6* (l6);
      f BY y7* (l7);
      f BY y8* (l8);
      f BY y9* (l9);
      f BY y10* (l10);

  y9 ON x1 x2;
  f@1;
  [f@0];

  MODEL CONSTRAINT:
      new (l9_0 l9_1 l9_2);
      l9 = l9_0 + l9_1*x1 + l9_2*x2;




INPUT READING TERMINATED NORMALLY



Test with 10 reps

SUMMARY OF ANALYSIS

Number of groups                                                 1
Number of observations                                        1000

Number of dependent variables                                   10
Number of independent variables                                  2
Number of continuous latent variables                            1

Observed dependent variables

  Continuous
   Y1          Y2          Y3          Y4          Y5          Y6
   Y7          Y8          Y9          Y10

Observed independent variables
   X1          X2

Continuous latent variables
   F


Estimator                                                       ML
Information matrix                                        OBSERVED
Maximum number of iterations                                  1000
Convergence criterion                                    0.500D-04
Maximum number of steepest descent iterations                   20

Input data file(s)
  G2_B2_N3_rep66.csv

Input data format  FREE



UNIVARIATE SAMPLE STATISTICS


     UNIVARIATE HIGHER-ORDER MOMENT DESCRIPTIVE STATISTICS

         Variable/         Mean/     Skewness/   Minimum/ % with                Percentiles
        Sample Size      Variance    Kurtosis    Maximum  Min/Max      20%/60%    40%/80%    Median

     Y1                    1.864       0.832       1.000   34.20%       1.000      2.000      2.000
            1000.000       0.612       0.975       5.000    0.60%       2.000      2.000
     Y2                    1.867       0.775       1.000   33.70%       1.000      2.000      2.000
            1000.000       0.601       0.659       5.000    0.30%       2.000      2.000
     Y3                    3.141       0.001       1.000    0.70%       3.000      3.000      3.000
            1000.000       0.581      -0.290       5.000    2.50%       3.000      4.000
     Y4                    3.111      -0.112       1.000    1.50%       3.000      3.000      3.000
            1000.000       0.591      -0.094       5.000    2.10%       3.000      4.000
     Y5                    3.106       0.006       1.000    0.90%       3.000      3.000      3.000
            1000.000       0.567      -0.165       5.000    2.20%       3.000      4.000
     Y6                    1.188       2.357       1.000   82.70%       1.000      1.000      1.000
            1000.000       0.187       6.019       4.000    0.20%       1.000      1.000
     Y7                    1.194       2.259       1.000   82.40%       1.000      1.000      1.000
            1000.000       0.194       4.954       4.000    0.10%       1.000      1.000
     Y8                    1.175       3.069       1.000   84.80%       1.000      1.000      1.000
            1000.000       0.202      12.219       5.000    0.10%       1.000      1.000
     Y9                    1.873       0.755       1.000   32.70%       1.000      2.000      2.000
            1000.000       0.585       0.706       5.000    0.30%       2.000      2.000
     Y10                   1.861       0.847       1.000   33.50%       1.000      2.000      2.000
            1000.000       0.594       1.060       5.000    0.50%       2.000      2.000
     X1                    0.010      -0.018      -3.238    0.10%      -0.759     -0.277     -0.035
            1000.000       0.954       0.124       3.293    0.10%       0.240      0.873
     X2                    0.493       0.028       0.000   50.70%       0.000      0.000      0.000
            1000.000       0.250      -1.999       1.000   49.30%       1.000      1.000


THE MODEL ESTIMATION TERMINATED NORMALLY



MODEL FIT INFORMATION

Number of Free Parameters                       34

Loglikelihood

          H0 Value                       -7630.686

Information Criteria

          Akaike (AIC)                   15329.371
          Bayesian (BIC)                 15496.235
          Sample-Size Adjusted BIC       15388.249
            (n* = (n + 2) / 24)



MODEL RESULTS

                                                    Two-Tailed
                    Estimate       S.E.  Est./S.E.    P-Value

 F        BY
    Y1                 0.591      0.022     27.259      0.000
    Y2                 0.566      0.022     26.006      0.000
    Y3                 0.567      0.021     26.694      0.000
    Y4                 0.552      0.022     25.389      0.000
    Y5                 0.536      0.021     25.107      0.000
    Y6                 0.281      0.013     22.282      0.000
    Y7                 0.272      0.013     20.821      0.000
    Y8                 0.275      0.013     20.564      0.000
    Y9               999.000      0.000    999.000    999.000
    Y10                0.568      0.022     26.369      0.000

 Y9       ON
    X1                -0.011      0.018     -0.626      0.531
    X2                 0.004      0.036      0.108      0.914

 Means
    F                  0.000      0.000    999.000    999.000

 Intercepts
    Y1                 1.864      0.025     75.378      0.000
    Y2                 1.867      0.025     76.137      0.000
    Y3                 3.141      0.024    130.297      0.000
    Y4                 3.111      0.024    128.004      0.000
    Y5                 3.106      0.024    130.467      0.000
    Y6                 1.188      0.014     86.955      0.000
    Y7                 1.194      0.014     85.644      0.000
    Y8                 1.175      0.014     82.596      0.000
    Y9                 1.868      0.031     60.737      0.000
    Y10                1.861      0.024     76.378      0.000

 Variances
    F                  1.000      0.000    999.000    999.000

 Residual Variances
    Y1                 0.263      0.014     19.394      0.000
    Y2                 0.280      0.014     19.809      0.000
    Y3                 0.259      0.013     19.578      0.000
    Y4                 0.286      0.014     19.970      0.000
    Y5                 0.279      0.014     20.062      0.000
    Y6                 0.107      0.005     20.674      0.000
    Y7                 0.120      0.006     20.980      0.000
    Y8                 0.127      0.006     20.997      0.000
    Y9                 0.267      0.014     19.689      0.000
    Y10                0.271      0.014     19.696      0.000

New/Additional Parameters
    L9_0               0.568      0.031     18.237      0.000
    L9_1               0.029      0.019      1.566      0.117
    L9_2              -0.013      0.038     -0.352      0.725


QUALITY OF NUMERICAL RESULTS

     Condition Number for the Information Matrix              0.263E-04
       (ratio of smallest to largest eigenvalue)


     Beginning Time:  19:18:22
        Ending Time:  19:18:25
       Elapsed Time:  00:00:03



MUTHEN & MUTHEN
3463 Stoner Ave.
Los Angeles, CA  90066

Tel: (310) 391-9971
Fax: (310) 391-8971
Web: www.StatModel.com
Support: Support@StatModel.com

Copyright (c) 1998-2019 Muthen & Muthen
