Mplus VERSION 8.11
MUTHEN & MUTHEN
11/06/2024   9:19 PM

INPUT INSTRUCTIONS



  TITLE: Test with 10 reps

  DATA:
  File is
  equal_simulation_10.csv;

  VARIABLE:
      Names are x1 x2 eta
  	y1 y2 y3 y4 y5 y6 y7 y8 y9 y10;
      Usevariables are y1-y10 x1 x2;
      constraint = x1 x2;

  MODEL:
      f BY y1* (l1);
      f BY y2* (l2);
      f BY y3* (l3);
      f BY y4* (l4);
      f BY y5* (l5);
      f BY y6* (l6);
      f BY y7* (l7);
      f BY y8* (l8);
      f BY y9* (l9);
      f BY y10* (l10);

  y4 ON x1 x2;
  f@1;
  [f@0];

  MODEL CONSTRAINT:
      new (l4_0 l4_1 l4_2);
      l4 = l4_0 + l4_1*x1 + l4_2*x2;




INPUT READING TERMINATED NORMALLY



Test with 10 reps

SUMMARY OF ANALYSIS

Number of groups                                                 1
Number of observations                                         250

Number of dependent variables                                   10
Number of independent variables                                  2
Number of continuous latent variables                            1

Observed dependent variables

  Continuous
   Y1          Y2          Y3          Y4          Y5          Y6
   Y7          Y8          Y9          Y10

Observed independent variables
   X1          X2

Continuous latent variables
   F


Estimator                                                       ML
Information matrix                                        OBSERVED
Maximum number of iterations                                  1000
Convergence criterion                                    0.500D-04
Maximum number of steepest descent iterations                   20

Input data file(s)
  equal_simulation_10.csv

Input data format  FREE



UNIVARIATE SAMPLE STATISTICS


     UNIVARIATE HIGHER-ORDER MOMENT DESCRIPTIVE STATISTICS

         Variable/         Mean/     Skewness/   Minimum/ % with                Percentiles
        Sample Size      Variance    Kurtosis    Maximum  Min/Max      20%/60%    40%/80%    Median

     Y1                    3.096      -0.129       1.000    2.40%       2.000      3.000      3.000
             250.000       0.647       0.036       5.000    2.80%       3.000      4.000
     Y2                    3.160       0.046       1.000    1.20%       3.000      3.000      3.000
             250.000       0.582       0.187       5.000    3.60%       3.000      4.000
     Y3                    3.044      -0.192       1.000    1.60%       2.000      3.000      3.000
             250.000       0.530      -0.057       5.000    0.80%       3.000      4.000
     Y4                    3.196       0.021       1.000    1.60%       3.000      3.000      3.000
             250.000       0.630       0.233       5.000    4.80%       3.000      4.000
     Y5                    3.124      -0.025       1.000    0.80%       3.000      3.000      3.000
             250.000       0.549      -0.162       5.000    2.00%       3.000      4.000
     Y6                    3.148      -0.157       1.000    1.20%       3.000      3.000      3.000
             250.000       0.598      -0.294       5.000    2.00%       3.000      4.000
     Y7                    3.256       0.013       1.000    1.20%       3.000      3.000      3.000
             250.000       0.646       0.021       5.000    5.60%       3.000      4.000
     Y8                    3.188      -0.072       1.000    1.60%       3.000      3.000      3.000
             250.000       0.593       0.274       5.000    3.60%       3.000      4.000
     Y9                    3.128      -0.046       1.000    1.60%       2.000      3.000      3.000
             250.000       0.640      -0.113       5.000    3.20%       3.000      4.000
     Y10                   3.104      -0.225       1.000    1.60%       3.000      3.000      3.000
             250.000       0.533       0.101       5.000    1.20%       3.000      4.000
     X1                    3.108      -0.192       1.000    2.40%       3.000      3.000      3.000
             250.000       0.616       0.161       5.000    2.40%       3.000      4.000
     X2                    3.196       0.141       1.000    0.40%       3.000      3.000      3.000
             250.000       0.582      -0.152       5.000    4.00%       3.000      4.000


     THIS ANALYSIS MAY HAVE MULTIPLE SOLUTIONS.  EXPLORE THIS USING RANDOM STARTS,
     FOR EXAMPLE, STARTS = 20.  USE A LARGE ENOUGH NUMBER OF STARTS SO THAT THE
     BEST FIT FUNCTION VALUE IS REPLICATED SEVERAL TIMES.


     NO CONVERGENCE.  NUMBER OF ITERATIONS EXCEEDED.



MODEL RESULTS

                    Estimate

 F        BY
    Y1                 0.100
    Y2                 0.157
    Y3                 0.062
    Y4               999.000
    Y5                -0.051
    Y6                 0.168
    Y7                 0.055
    Y8                -0.044
    Y9                -0.516
    Y10                0.083

 Y4       ON
    X1                 0.037
    X2                -0.122

 Means
    F                  0.000

 Intercepts
    Y1                 3.096
    Y2                 3.160
    Y3                 3.044
    Y4                 3.467
    Y5                 3.124
    Y6                 3.148
    Y7                 3.256
    Y8                 3.188
    Y9                 3.128
    Y10                3.104

 Variances
    F                  1.000

 Residual Variances
    Y1                 0.637
    Y2                 0.558
    Y3                 0.526
    Y4                 0.607
    Y5                 0.546
    Y6                 0.570
    Y7                 0.643
    Y8                 0.591
    Y9                 0.372
    Y10                0.526

New/Additional Parameters
    L4_0               0.324
    L4_1              -0.033
    L4_2              -0.096


MODEL COMMAND WITH FINAL ESTIMATES USED AS STARTING VALUES

     f BY y1*0.09988 (l1);
     f BY y2*0.15675 (l2);
     f BY y3*0.06231 (l3);
     f BY y4*999 (l4);
     f BY y5*-0.05119 (l5);
     f BY y6*0.16828 (l6);
     f BY y7*0.05473 (l7);
     f BY y8*-0.04381 (l8);
     f BY y9*-0.51598 (l9);
     f BY y10*0.08342 (l10);

     y4 ON x1*0.03652;
     y4 ON x2*-0.12150;

     [ y1*3.09592 ];
     [ y2*3.15987 ];
     [ y3*3.04395 ];
     [ y4*3.46689 ];
     [ y5*3.12404 ];
     [ y6*3.14787 ];
     [ y7*3.25596 ];
     [ y8*3.18804 ];
     [ y9*3.12842 ];
     [ y10*3.10393 ];
     [ f@0 ];

     y1*0.63670;
     y2*0.55773;
     y3*0.52616;
     y4*0.60728;
     y5*0.54599;
     y6*0.56964;
     y7*0.64342;
     y8*0.59073;
     y9*0.37178;
     y10*0.52619;
     f@1;

     ! NEW statements in MODEL CONSTRAINT
     NEW(l4_0*0.32372);
     NEW(l4_1*-0.03328);
     NEW(l4_2*-0.09555);




     Beginning Time:  21:19:46
        Ending Time:  21:19:58
       Elapsed Time:  00:00:12



MUTHEN & MUTHEN
3463 Stoner Ave.
Los Angeles, CA  90066

Tel: (310) 391-9971
Fax: (310) 391-8971
Web: www.StatModel.com
Support: Support@StatModel.com

Copyright (c) 1998-2024 Muthen & Muthen
