Mplus VERSION 8.3
MUTHEN & MUTHEN
04/25/2024  12:10 AM

INPUT INSTRUCTIONS


  TITLE: Test with 10 reps

  DATA:
  File is
  G3_B1_N3_rep145.csv;

  VARIABLE:
      Names are x1 x2 eta
  	y1 y2 y3 y4 y5 y6 y7 y8 y9 y10;
      Usevariables are y1-y10 x1 x2;
      constraint = x1 x2;

  MODEL:
      f BY y1* (l1);
      f BY y2* (l2);
      f BY y3* (l3);
      f BY y4* (l4);
      f BY y5* (l5);
      f BY y6* (l6);
      f BY y7* (l7);
      f BY y8* (l8);
      f BY y9* (l9);
      f BY y10* (l10);

  y10 ON x1 x2;
  f@1;
  [f@0];

  MODEL CONSTRAINT:
      new (l10_0 l10_1 l10_2);
      l10 = l10_0 + l10_1*x1 + l10_2*x2;




INPUT READING TERMINATED NORMALLY



Test with 10 reps

SUMMARY OF ANALYSIS

Number of groups                                                 1
Number of observations                                        1000

Number of dependent variables                                   10
Number of independent variables                                  2
Number of continuous latent variables                            1

Observed dependent variables

  Continuous
   Y1          Y2          Y3          Y4          Y5          Y6
   Y7          Y8          Y9          Y10

Observed independent variables
   X1          X2

Continuous latent variables
   F


Estimator                                                       ML
Information matrix                                        OBSERVED
Maximum number of iterations                                  1000
Convergence criterion                                    0.500D-04
Maximum number of steepest descent iterations                   20

Input data file(s)
  G3_B1_N3_rep145.csv

Input data format  FREE



UNIVARIATE SAMPLE STATISTICS


     UNIVARIATE HIGHER-ORDER MOMENT DESCRIPTIVE STATISTICS

         Variable/         Mean/     Skewness/   Minimum/ % with                Percentiles
        Sample Size      Variance    Kurtosis    Maximum  Min/Max      20%/60%    40%/80%    Median

     Y1                    1.837       1.006       1.000   36.00%       1.000      2.000      2.000
            1000.000       0.630       1.549       5.000    0.90%       2.000      2.000
     Y2                    1.849       0.941       1.000   35.20%       1.000      2.000      2.000
            1000.000       0.626       1.265       5.000    0.70%       2.000      2.000
     Y3                    3.112      -0.057       1.000    1.90%       2.000      3.000      3.000
            1000.000       0.649      -0.064       5.000    3.20%       3.000      4.000
     Y4                    3.095      -0.061       1.000    2.00%       2.000      3.000      3.000
            1000.000       0.654      -0.101       5.000    3.00%       3.000      4.000
     Y5                    3.096      -0.071       1.000    2.30%       2.000      3.000      3.000
            1000.000       0.675      -0.071       5.000    3.30%       3.000      4.000
     Y6                    1.195       2.864       1.000   82.90%       1.000      1.000      1.000
            1000.000       0.219      10.778       5.000    0.10%       1.000      1.000
     Y7                    1.205       2.832       1.000   82.40%       1.000      1.000      1.000
            1000.000       0.237      10.206       5.000    0.10%       1.000      1.000
     Y8                    1.178       2.622       1.000   83.90%       1.000      1.000      1.000
            1000.000       0.186       7.931       4.000    0.30%       1.000      1.000
     Y9                    1.851       0.927       1.000   35.70%       1.000      2.000      2.000
            1000.000       0.643       1.065       5.000    0.60%       2.000      2.000
     Y10                   1.840       1.088       1.000   36.90%       1.000      2.000      2.000
            1000.000       0.678       1.572       5.000    1.00%       2.000      2.000
     X1                    0.015       0.024      -3.012    0.10%      -0.815     -0.205      0.038
            1000.000       1.017       0.085       3.345    0.10%       0.249      0.835
     X2                    0.486       0.056       0.000   51.40%       0.000      0.000      0.000
            1000.000       0.250      -1.997       1.000   48.60%       1.000      1.000


THE MODEL ESTIMATION TERMINATED NORMALLY



MODEL FIT INFORMATION

Number of Free Parameters                       34

Loglikelihood

          H0 Value                       -6722.149

Information Criteria

          Akaike (AIC)                   13512.298
          Bayesian (BIC)                 13679.162
          Sample-Size Adjusted BIC       13571.176
            (n* = (n + 2) / 24)



MODEL RESULTS

                                                    Two-Tailed
                    Estimate       S.E.  Est./S.E.    P-Value

 F        BY
    Y1                 0.663      0.021     32.190      0.000
    Y2                 0.665      0.020     32.523      0.000
    Y3                 0.649      0.021     30.478      0.000
    Y4                 0.661      0.021     31.134      0.000
    Y5                 0.672      0.022     31.163      0.000
    Y6                 0.325      0.013     24.649      0.000
    Y7                 0.340      0.014     24.898      0.000
    Y8                 0.309      0.012     25.682      0.000
    Y9                 0.685      0.020     33.457      0.000
    Y10              999.000      0.000    999.000    999.000

 Y10      ON
    X1                -0.001      0.015     -0.100      0.920
    X2                 0.020      0.030      0.681      0.496

 Means
    F                  0.000      0.000    999.000    999.000

 Intercepts
    Y1                 1.837      0.025     73.163      0.000
    Y2                 1.849      0.025     73.889      0.000
    Y3                 3.112      0.025    122.114      0.000
    Y4                 3.095      0.026    121.026      0.000
    Y5                 3.096      0.026    119.184      0.000
    Y6                 1.195      0.015     80.755      0.000
    Y7                 1.205      0.015     78.277      0.000
    Y8                 1.178      0.014     86.302      0.000
    Y9                 1.851      0.025     73.008      0.000
    Y10                1.829      0.030     61.296      0.000

 Variances
    F                  1.000      0.000    999.000    999.000

 Residual Variances
    Y1                 0.191      0.010     19.581      0.000
    Y2                 0.184      0.009     19.460      0.000
    Y3                 0.228      0.011     20.035      0.000
    Y4                 0.217      0.011     19.831      0.000
    Y5                 0.224      0.011     19.787      0.000
    Y6                 0.114      0.005     21.165      0.000
    Y7                 0.121      0.006     21.132      0.000
    Y8                 0.091      0.004     21.024      0.000
    Y9                 0.173      0.009     19.065      0.000
    Y10                0.196      0.010     19.349      0.000

New/Additional Parameters
    L10_0              0.691      0.027     25.637      0.000
    L10_1              0.015      0.015      0.965      0.334
    L10_2              0.002      0.031      0.080      0.937


QUALITY OF NUMERICAL RESULTS

     Condition Number for the Information Matrix              0.184E-04
       (ratio of smallest to largest eigenvalue)


     Beginning Time:  00:10:58
        Ending Time:  00:11:00
       Elapsed Time:  00:00:02



MUTHEN & MUTHEN
3463 Stoner Ave.
Los Angeles, CA  90066

Tel: (310) 391-9971
Fax: (310) 391-8971
Web: www.StatModel.com
Support: Support@StatModel.com

Copyright (c) 1998-2019 Muthen & Muthen
