Mplus VERSION 8.3
MUTHEN & MUTHEN
04/25/2024  12:08 AM

INPUT INSTRUCTIONS


  TITLE: Test with 10 reps

  DATA:
  File is
  G3_B1_N3_rep139.csv;

  VARIABLE:
      Names are x1 x2 eta
  	y1 y2 y3 y4 y5 y6 y7 y8 y9 y10;
      Usevariables are y1-y10 x1 x2;
      constraint = x1 x2;

  MODEL:
      f BY y1* (l1);
      f BY y2* (l2);
      f BY y3* (l3);
      f BY y4* (l4);
      f BY y5* (l5);
      f BY y6* (l6);
      f BY y7* (l7);
      f BY y8* (l8);
      f BY y9* (l9);
      f BY y10* (l10);

  y3 ON x1 x2;
  f@1;
  [f@0];

  MODEL CONSTRAINT:
      new (l3_0 l3_1 l3_2);
      l3 = l3_0 + l3_1*x1 + l3_2*x2;




INPUT READING TERMINATED NORMALLY



Test with 10 reps

SUMMARY OF ANALYSIS

Number of groups                                                 1
Number of observations                                        1000

Number of dependent variables                                   10
Number of independent variables                                  2
Number of continuous latent variables                            1

Observed dependent variables

  Continuous
   Y1          Y2          Y3          Y4          Y5          Y6
   Y7          Y8          Y9          Y10

Observed independent variables
   X1          X2

Continuous latent variables
   F


Estimator                                                       ML
Information matrix                                        OBSERVED
Maximum number of iterations                                  1000
Convergence criterion                                    0.500D-04
Maximum number of steepest descent iterations                   20

Input data file(s)
  G3_B1_N3_rep139.csv

Input data format  FREE



UNIVARIATE SAMPLE STATISTICS


     UNIVARIATE HIGHER-ORDER MOMENT DESCRIPTIVE STATISTICS

         Variable/         Mean/     Skewness/   Minimum/ % with                Percentiles
        Sample Size      Variance    Kurtosis    Maximum  Min/Max      20%/60%    40%/80%    Median

     Y1                    1.811       0.922       1.000   39.60%       1.000      2.000      2.000
            1000.000       0.655       0.873       5.000    0.60%       2.000      2.000
     Y2                    1.836       0.831       1.000   35.80%       1.000      2.000      2.000
            1000.000       0.603       0.748       5.000    0.30%       2.000      2.000
     Y3                    3.080      -0.008       1.000    1.90%       2.000      3.000      3.000
            1000.000       0.676      -0.219       5.000    3.20%       3.000      4.000
     Y4                    3.070      -0.105       1.000    1.80%       2.000      3.000      3.000
            1000.000       0.653      -0.397       5.000    2.00%       3.000      4.000
     Y5                    3.071       0.011       1.000    1.90%       2.000      3.000      3.000
            1000.000       0.670      -0.182       5.000    3.20%       3.000      4.000
     Y6                    1.178       2.927       1.000   84.30%       1.000      1.000      1.000
            1000.000       0.198      11.220       5.000    0.10%       1.000      1.000
     Y7                    1.179       2.723       1.000   84.50%       1.000      1.000      1.000
            1000.000       0.201       8.135       4.000    0.30%       1.000      1.000
     Y8                    1.191       2.849       1.000   83.30%       1.000      1.000      1.000
            1000.000       0.215      10.525       5.000    0.10%       1.000      1.000
     Y9                    1.857       0.936       1.000   37.10%       1.000      2.000      2.000
            1000.000       0.687       1.029       5.000    0.90%       2.000      2.000
     Y10                   1.835       0.833       1.000   37.50%       1.000      2.000      2.000
            1000.000       0.640       0.613       5.000    0.40%       2.000      2.000
     X1                   -0.053       0.020      -3.160    0.10%      -0.927     -0.330     -0.100
            1000.000       1.042      -0.222       2.958    0.10%       0.172      0.857
     X2                    0.507      -0.028       0.000   49.30%       0.000      0.000      1.000
            1000.000       0.250      -1.999       1.000   50.70%       1.000      1.000


THE MODEL ESTIMATION TERMINATED NORMALLY



MODEL FIT INFORMATION

Number of Free Parameters                       34

Loglikelihood

          H0 Value                       -6718.240

Information Criteria

          Akaike (AIC)                   13504.481
          Bayesian (BIC)                 13671.344
          Sample-Size Adjusted BIC       13563.358
            (n* = (n + 2) / 24)



MODEL RESULTS

                                                    Two-Tailed
                    Estimate       S.E.  Est./S.E.    P-Value

 F        BY
    Y1                 0.690      0.021     33.289      0.000
    Y2                 0.644      0.020     31.851      0.000
    Y3               999.000      0.000    999.000    999.000
    Y4                 0.652      0.021     30.530      0.000
    Y5                 0.665      0.022     30.918      0.000
    Y6                 0.303      0.013     24.056      0.000
    Y7                 0.300      0.013     23.481      0.000
    Y8                 0.323      0.013     24.827      0.000
    Y9                 0.714      0.021     33.882      0.000
    Y10                0.683      0.020     33.373      0.000

 Y3       ON
    X1                 0.021      0.016      1.320      0.187
    X2                 0.001      0.032      0.021      0.983

 Means
    F                  0.000      0.000    999.000    999.000

 Intercepts
    Y1                 1.811      0.026     70.747      0.000
    Y2                 1.836      0.025     74.761      0.000
    Y3                 3.085      0.032     97.656      0.000
    Y4                 3.070      0.026    120.129      0.000
    Y5                 3.071      0.026    118.647      0.000
    Y6                 1.178      0.014     83.650      0.000
    Y7                 1.179      0.014     83.169      0.000
    Y8                 1.191      0.015     81.317      0.000
    Y9                 1.857      0.026     70.872      0.000
    Y10                1.835      0.025     72.548      0.000

 Variances
    F                  1.000      0.000    999.000    999.000

 Residual Variances
    Y1                 0.179      0.009     19.162      0.000
    Y2                 0.189      0.010     19.709      0.000
    Y3                 0.234      0.012     20.001      0.000
    Y4                 0.228      0.011     20.068      0.000
    Y5                 0.227      0.011     19.972      0.000
    Y6                 0.106      0.005     21.263      0.000
    Y7                 0.111      0.005     21.330      0.000
    Y8                 0.110      0.005     21.172      0.000
    Y9                 0.177      0.009     18.841      0.000
    Y10                0.174      0.009     19.097      0.000

New/Additional Parameters
    L3_0               0.696      0.029     23.864      0.000
    L3_1              -0.010      0.016     -0.614      0.539
    L3_2              -0.061      0.033     -1.842      0.065


QUALITY OF NUMERICAL RESULTS

     Condition Number for the Information Matrix              0.245E-04
       (ratio of smallest to largest eigenvalue)


     Beginning Time:  00:08:08
        Ending Time:  00:08:10
       Elapsed Time:  00:00:02



MUTHEN & MUTHEN
3463 Stoner Ave.
Los Angeles, CA  90066

Tel: (310) 391-9971
Fax: (310) 391-8971
Web: www.StatModel.com
Support: Support@StatModel.com

Copyright (c) 1998-2019 Muthen & Muthen
