Mplus VERSION 8.3
MUTHEN & MUTHEN
04/25/2024  12:30 AM

INPUT INSTRUCTIONS


  TITLE: Test with 10 reps

  DATA:
  File is
  G3_B1_N3_rep187.csv;

  VARIABLE:
      Names are x1 x2 eta
  	y1 y2 y3 y4 y5 y6 y7 y8 y9 y10;
      Usevariables are y1-y10 x1 x2;
      constraint = x1 x2;

  MODEL:
      f BY y1* (l1);
      f BY y2* (l2);
      f BY y3* (l3);
      f BY y4* (l4);
      f BY y5* (l5);
      f BY y6* (l6);
      f BY y7* (l7);
      f BY y8* (l8);
      f BY y9* (l9);
      f BY y10* (l10);

  y1 ON x1 x2;
  f@1;
  [f@0];

  MODEL CONSTRAINT:
      new (l1_0 l1_1 l1_2);
      l1 = l1_0 + l1_1*x1 + l1_2*x2;




INPUT READING TERMINATED NORMALLY



Test with 10 reps

SUMMARY OF ANALYSIS

Number of groups                                                 1
Number of observations                                        1000

Number of dependent variables                                   10
Number of independent variables                                  2
Number of continuous latent variables                            1

Observed dependent variables

  Continuous
   Y1          Y2          Y3          Y4          Y5          Y6
   Y7          Y8          Y9          Y10

Observed independent variables
   X1          X2

Continuous latent variables
   F


Estimator                                                       ML
Information matrix                                        OBSERVED
Maximum number of iterations                                  1000
Convergence criterion                                    0.500D-04
Maximum number of steepest descent iterations                   20

Input data file(s)
  G3_B1_N3_rep187.csv

Input data format  FREE



UNIVARIATE SAMPLE STATISTICS


     UNIVARIATE HIGHER-ORDER MOMENT DESCRIPTIVE STATISTICS

         Variable/         Mean/     Skewness/   Minimum/ % with                Percentiles
        Sample Size      Variance    Kurtosis    Maximum  Min/Max      20%/60%    40%/80%    Median

     Y1                    1.833       0.808       1.000   38.20%       1.000      2.000      2.000
            1000.000       0.645       0.556       5.000    0.50%       2.000      2.000
     Y2                    1.817       0.823       1.000   37.70%       1.000      2.000      2.000
            1000.000       0.610       0.624       5.000    0.30%       2.000      2.000
     Y3                    3.068      -0.059       1.000    2.00%       2.000      3.000      3.000
            1000.000       0.665      -0.262       5.000    2.60%       3.000      4.000
     Y4                    3.084      -0.123       1.000    2.30%       2.000      3.000      3.000
            1000.000       0.669      -0.188       5.000    2.60%       3.000      4.000
     Y5                    3.074      -0.067       1.000    2.00%       2.000      3.000      3.000
            1000.000       0.655      -0.196       5.000    2.60%       3.000      4.000
     Y6                    1.187       2.322       1.000   82.60%       1.000      1.000      1.000
            1000.000       0.182       5.894       4.000    0.20%       1.000      1.000
     Y7                    1.186       2.465       1.000   83.30%       1.000      1.000      1.000
            1000.000       0.193       6.482       4.000    0.20%       1.000      1.000
     Y8                    1.189       2.814       1.000   82.90%       1.000      1.000      1.000
            1000.000       0.201      10.933       5.000    0.10%       1.000      1.000
     Y9                    1.815       0.790       1.000   36.60%       1.000      2.000      2.000
            1000.000       0.575       0.707       5.000    0.30%       2.000      2.000
     Y10                   1.828       0.654       1.000   35.30%       1.000      2.000      2.000
            1000.000       0.550       0.344       5.000    0.20%       2.000      2.000
     X1                   -0.005      -0.034      -2.921    0.10%      -0.934     -0.288      0.020
            1000.000       1.061      -0.326       3.124    0.10%       0.312      0.910
     X2                    0.497       0.012       0.000   50.30%       0.000      0.000      0.000
            1000.000       0.250      -2.000       1.000   49.70%       1.000      1.000


THE MODEL ESTIMATION TERMINATED NORMALLY



MODEL FIT INFORMATION

Number of Free Parameters                       34

Loglikelihood

          H0 Value                       -6638.462

Information Criteria

          Akaike (AIC)                   13344.924
          Bayesian (BIC)                 13511.787
          Sample-Size Adjusted BIC       13403.801
            (n* = (n + 2) / 24)



MODEL RESULTS

                                                    Two-Tailed
                    Estimate       S.E.  Est./S.E.    P-Value

 F        BY
    Y1               999.000      0.000    999.000    999.000
    Y2                 0.652      0.020     32.143      0.000
    Y3                 0.655      0.022     30.247      0.000
    Y4                 0.659      0.022     30.477      0.000
    Y5                 0.660      0.021     31.050      0.000
    Y6                 0.288      0.012     23.710      0.000
    Y7                 0.304      0.012     24.473      0.000
    Y8                 0.303      0.013     23.735      0.000
    Y9                 0.616      0.020     30.860      0.000
    Y10                0.625      0.019     32.626      0.000

 Y1       ON
    X1                 0.013      0.015      0.867      0.386
    X2                 0.007      0.030      0.231      0.817

 Means
    F                  0.000      0.000    999.000    999.000

 Intercepts
    Y1                 1.832      0.030     61.010      0.000
    Y2                 1.817      0.025     73.598      0.000
    Y3                 3.068      0.026    118.938      0.000
    Y4                 3.084      0.026    119.239      0.000
    Y5                 3.074      0.026    120.155      0.000
    Y6                 1.187      0.013     87.979      0.000
    Y7                 1.186      0.014     85.281      0.000
    Y8                 1.189      0.014     83.807      0.000
    Y9                 1.815      0.024     75.705      0.000
    Y10                1.828      0.023     77.917      0.000

 Variances
    F                  1.000      0.000    999.000    999.000

 Residual Variances
    Y1                 0.198      0.010     19.395      0.000
    Y2                 0.185      0.010     19.350      0.000
    Y3                 0.237      0.012     19.912      0.000
    Y4                 0.234      0.012     19.871      0.000
    Y5                 0.218      0.011     19.685      0.000
    Y6                 0.099      0.005     21.209      0.000
    Y7                 0.101      0.005     21.074      0.000
    Y8                 0.110      0.005     21.206      0.000
    Y9                 0.195      0.010     19.802      0.000
    Y10                0.160      0.008     19.150      0.000

New/Additional Parameters
    L1_0               0.685      0.027     25.180      0.000
    L1_1              -0.009      0.016     -0.590      0.555
    L1_2              -0.033      0.031     -1.056      0.291


QUALITY OF NUMERICAL RESULTS

     Condition Number for the Information Matrix              0.213E-04
       (ratio of smallest to largest eigenvalue)


     Beginning Time:  00:30:05
        Ending Time:  00:30:07
       Elapsed Time:  00:00:02



MUTHEN & MUTHEN
3463 Stoner Ave.
Los Angeles, CA  90066

Tel: (310) 391-9971
Fax: (310) 391-8971
Web: www.StatModel.com
Support: Support@StatModel.com

Copyright (c) 1998-2019 Muthen & Muthen
