Mplus VERSION 8.3
MUTHEN & MUTHEN
04/25/2024  12:35 AM

INPUT INSTRUCTIONS


  TITLE: Test with 10 reps

  DATA:
  File is
  G3_B1_N3_rep198.csv;

  VARIABLE:
      Names are x1 x2 eta
  	y1 y2 y3 y4 y5 y6 y7 y8 y9 y10;
      Usevariables are y1-y10 x1 x2;
      constraint = x1 x2;

  MODEL:
      f BY y1* (l1);
      f BY y2* (l2);
      f BY y3* (l3);
      f BY y4* (l4);
      f BY y5* (l5);
      f BY y6* (l6);
      f BY y7* (l7);
      f BY y8* (l8);
      f BY y9* (l9);
      f BY y10* (l10);

  y8 ON x1 x2;
  f@1;
  [f@0];

  MODEL CONSTRAINT:
      new (l8_0 l8_1 l8_2);
      l8 = l8_0 + l8_1*x1 + l8_2*x2;




INPUT READING TERMINATED NORMALLY



Test with 10 reps

SUMMARY OF ANALYSIS

Number of groups                                                 1
Number of observations                                        1000

Number of dependent variables                                   10
Number of independent variables                                  2
Number of continuous latent variables                            1

Observed dependent variables

  Continuous
   Y1          Y2          Y3          Y4          Y5          Y6
   Y7          Y8          Y9          Y10

Observed independent variables
   X1          X2

Continuous latent variables
   F


Estimator                                                       ML
Information matrix                                        OBSERVED
Maximum number of iterations                                  1000
Convergence criterion                                    0.500D-04
Maximum number of steepest descent iterations                   20

Input data file(s)
  G3_B1_N3_rep198.csv

Input data format  FREE



UNIVARIATE SAMPLE STATISTICS


     UNIVARIATE HIGHER-ORDER MOMENT DESCRIPTIVE STATISTICS

         Variable/         Mean/     Skewness/   Minimum/ % with                Percentiles
        Sample Size      Variance    Kurtosis    Maximum  Min/Max      20%/60%    40%/80%    Median

     Y1                    1.821       0.939       1.000   38.50%       1.000      2.000      2.000
            1000.000       0.653       0.971       5.000    0.60%       2.000      2.000
     Y2                    1.813       0.943       1.000   37.00%       1.000      2.000      2.000
            1000.000       0.600       1.287       5.000    0.60%       2.000      2.000
     Y3                    3.057      -0.023       1.000    2.20%       2.000      3.000      3.000
            1000.000       0.648      -0.013       5.000    2.90%       3.000      4.000
     Y4                    3.075       0.016       1.000    1.70%       2.000      3.000      3.000
            1000.000       0.665      -0.240       5.000    3.10%       3.000      4.000
     Y5                    3.063       0.050       1.000    1.70%       2.000      3.000      3.000
            1000.000       0.665      -0.209       5.000    3.20%       3.000      4.000
     Y6                    1.176       3.003       1.000   84.20%       1.000      1.000      1.000
            1000.000       0.193      12.350       5.000    0.10%       1.000      1.000
     Y7                    1.180       2.886       1.000   84.00%       1.000      1.000      1.000
            1000.000       0.198      11.036       5.000    0.10%       1.000      1.000
     Y8                    1.174       2.974       1.000   84.50%       1.000      1.000      1.000
            1000.000       0.194      11.053       4.000    0.60%       1.000      1.000
     Y9                    1.808       0.788       1.000   38.80%       1.000      2.000      2.000
            1000.000       0.613       0.382       5.000    0.20%       2.000      2.000
     Y10                   1.811       0.815       1.000   37.40%       1.000      2.000      2.000
            1000.000       0.587       0.772       5.000    0.40%       2.000      2.000
     X1                    0.022      -0.157      -3.502    0.10%      -0.842     -0.196      0.083
            1000.000       0.977      -0.020       2.787    0.10%       0.289      0.854
     X2                    0.511      -0.044       0.000   48.90%       0.000      0.000      1.000
            1000.000       0.250      -1.998       1.000   51.10%       1.000      1.000


THE MODEL ESTIMATION TERMINATED NORMALLY



MODEL FIT INFORMATION

Number of Free Parameters                       34

Loglikelihood

          H0 Value                       -6696.468

Information Criteria

          Akaike (AIC)                   13460.936
          Bayesian (BIC)                 13627.799
          Sample-Size Adjusted BIC       13519.814
            (n* = (n + 2) / 24)



MODEL RESULTS

                                                    Two-Tailed
                    Estimate       S.E.  Est./S.E.    P-Value

 F        BY
    Y1                 0.677      0.021     32.376      0.000
    Y2                 0.636      0.020     31.334      0.000
    Y3                 0.652      0.021     30.717      0.000
    Y4                 0.669      0.021     31.258      0.000
    Y5                 0.671      0.021     31.460      0.000
    Y6                 0.289      0.013     22.991      0.000
    Y7                 0.301      0.013     23.815      0.000
    Y8               999.000      0.000    999.000    999.000
    Y9                 0.647      0.020     31.660      0.000
    Y10                0.641      0.020     32.277      0.000

 Y8       ON
    X1                -0.003      0.011     -0.320      0.749
    X2                 0.000      0.021     -0.002      0.999

 Means
    F                  0.000      0.000    999.000    999.000

 Intercepts
    Y1                 1.821      0.026     71.263      0.000
    Y2                 1.813      0.024     74.014      0.000
    Y3                 3.057      0.025    120.113      0.000
    Y4                 3.075      0.026    119.210      0.000
    Y5                 3.063      0.026    118.775      0.000
    Y6                 1.176      0.014     84.645      0.000
    Y7                 1.180      0.014     83.944      0.000
    Y8                 1.166      0.017     66.882      0.000
    Y9                 1.808      0.025     73.016      0.000
    Y10                1.811      0.024     74.730      0.000

 Variances
    F                  1.000      0.000    999.000    999.000

 Residual Variances
    Y1                 0.194      0.010     19.289      0.000
    Y2                 0.196      0.010     19.681      0.000
    Y3                 0.222      0.011     19.832      0.000
    Y4                 0.218      0.011     19.663      0.000
    Y5                 0.214      0.011     19.583      0.000
    Y6                 0.109      0.005     21.320      0.000
    Y7                 0.107      0.005     21.207      0.000
    Y8                 0.106      0.005     21.198      0.000
    Y9                 0.194      0.010     19.566      0.000
    Y10                0.176      0.009     19.339      0.000

New/Additional Parameters
    L8_0               0.274      0.017     16.115      0.000
    L8_1               0.053      0.011      4.702      0.000
    L8_2               0.034      0.022      1.560      0.119


QUALITY OF NUMERICAL RESULTS

     Condition Number for the Information Matrix              0.244E-04
       (ratio of smallest to largest eigenvalue)


     Beginning Time:  00:35:25
        Ending Time:  00:35:27
       Elapsed Time:  00:00:02



MUTHEN & MUTHEN
3463 Stoner Ave.
Los Angeles, CA  90066

Tel: (310) 391-9971
Fax: (310) 391-8971
Web: www.StatModel.com
Support: Support@StatModel.com

Copyright (c) 1998-2019 Muthen & Muthen
