Mplus VERSION 8.3
MUTHEN & MUTHEN
04/25/2024  12:41 AM

INPUT INSTRUCTIONS


  TITLE: Test with 10 reps

  DATA:
  File is
  G3_B1_N3_rep21.csv;

  VARIABLE:
      Names are x1 x2 eta
  	y1 y2 y3 y4 y5 y6 y7 y8 y9 y10;
      Usevariables are y1-y10 x1 x2;
      constraint = x1 x2;

  MODEL:
      f BY y1* (l1);
      f BY y2* (l2);
      f BY y3* (l3);
      f BY y4* (l4);
      f BY y5* (l5);
      f BY y6* (l6);
      f BY y7* (l7);
      f BY y8* (l8);
      f BY y9* (l9);
      f BY y10* (l10);

  y1 ON x1 x2;
  f@1;
  [f@0];

  MODEL CONSTRAINT:
      new (l1_0 l1_1 l1_2);
      l1 = l1_0 + l1_1*x1 + l1_2*x2;




INPUT READING TERMINATED NORMALLY



Test with 10 reps

SUMMARY OF ANALYSIS

Number of groups                                                 1
Number of observations                                        1000

Number of dependent variables                                   10
Number of independent variables                                  2
Number of continuous latent variables                            1

Observed dependent variables

  Continuous
   Y1          Y2          Y3          Y4          Y5          Y6
   Y7          Y8          Y9          Y10

Observed independent variables
   X1          X2

Continuous latent variables
   F


Estimator                                                       ML
Information matrix                                        OBSERVED
Maximum number of iterations                                  1000
Convergence criterion                                    0.500D-04
Maximum number of steepest descent iterations                   20

Input data file(s)
  G3_B1_N3_rep21.csv

Input data format  FREE



UNIVARIATE SAMPLE STATISTICS


     UNIVARIATE HIGHER-ORDER MOMENT DESCRIPTIVE STATISTICS

         Variable/         Mean/     Skewness/   Minimum/ % with                Percentiles
        Sample Size      Variance    Kurtosis    Maximum  Min/Max      20%/60%    40%/80%    Median

     Y1                    1.789       0.842       1.000   38.30%       1.000      2.000      2.000
            1000.000       0.572       0.814       5.000    0.30%       2.000      2.000
     Y2                    1.765       0.781       1.000   40.40%       1.000      1.000      2.000
            1000.000       0.568       0.356       5.000    0.10%       2.000      2.000
     Y3                    3.055      -0.015       1.000    1.50%       2.000      3.000      3.000
            1000.000       0.632      -0.323       5.000    2.20%       3.000      4.000
     Y4                    3.027       0.023       1.000    2.00%       2.000      3.000      3.000
            1000.000       0.634      -0.059       5.000    2.60%       3.000      4.000
     Y5                    3.036      -0.001       1.000    2.30%       2.000      3.000      3.000
            1000.000       0.673      -0.143       5.000    2.90%       3.000      4.000
     Y6                    1.167       3.031       1.000   84.90%       1.000      1.000      1.000
            1000.000       0.181      12.666       5.000    0.10%       1.000      1.000
     Y7                    1.161       3.034       1.000   85.50%       1.000      1.000      1.000
            1000.000       0.175      12.462       5.000    0.10%       1.000      1.000
     Y8                    1.164       2.764       1.000   85.50%       1.000      1.000      1.000
            1000.000       0.179       8.315       4.000    0.20%       1.000      1.000
     Y9                    1.795       0.786       1.000   39.30%       1.000      2.000      2.000
            1000.000       0.597       0.480       5.000    0.30%       2.000      2.000
     Y10                   1.775       0.927       1.000   38.90%       1.000      2.000      2.000
            1000.000       0.570       1.170       5.000    0.40%       2.000      2.000
     X1                   -0.004       0.007      -3.062    0.10%      -0.785     -0.264      0.016
            1000.000       0.953       0.162       3.618    0.10%       0.263      0.756
     X2                    0.496       0.016       0.000   50.40%       0.000      0.000      0.000
            1000.000       0.250      -2.000       1.000   49.60%       1.000      1.000


THE MODEL ESTIMATION TERMINATED NORMALLY



MODEL FIT INFORMATION

Number of Free Parameters                       34

Loglikelihood

          H0 Value                       -6464.472

Information Criteria

          Akaike (AIC)                   12996.944
          Bayesian (BIC)                 13163.807
          Sample-Size Adjusted BIC       13055.821
            (n* = (n + 2) / 24)



MODEL RESULTS

                                                    Two-Tailed
                    Estimate       S.E.  Est./S.E.    P-Value

 F        BY
    Y1               999.000      0.000    999.000    999.000
    Y2                 0.634      0.019     32.585      0.000
    Y3                 0.640      0.021     30.406      0.000
    Y4                 0.649      0.021     30.933      0.000
    Y5                 0.666      0.022     30.772      0.000
    Y6                 0.284      0.012     23.425      0.000
    Y7                 0.279      0.012     23.343      0.000
    Y8                 0.278      0.012     22.955      0.000
    Y9                 0.638      0.020     31.609      0.000
    Y10                0.621      0.020     31.400      0.000

 Y1       ON
    X1                -0.007      0.015     -0.479      0.632
    X2                 0.020      0.028      0.702      0.483

 Means
    F                  0.000      0.000    999.000    999.000

 Intercepts
    Y1                 1.779      0.028     63.885      0.000
    Y2                 1.765      0.024     74.072      0.000
    Y3                 3.055      0.025    121.524      0.000
    Y4                 3.027      0.025    120.192      0.000
    Y5                 3.036      0.026    117.055      0.000
    Y6                 1.167      0.013     86.716      0.000
    Y7                 1.161      0.013     87.743      0.000
    Y8                 1.164      0.013     86.976      0.000
    Y9                 1.795      0.024     73.466      0.000
    Y10                1.775      0.024     74.322      0.000

 Variances
    F                  1.000      0.000    999.000    999.000

 Residual Variances
    Y1                 0.172      0.009     19.275      0.000
    Y2                 0.165      0.009     19.138      0.000
    Y3                 0.222      0.011     19.864      0.000
    Y4                 0.214      0.011     19.700      0.000
    Y5                 0.230      0.012     19.731      0.000
    Y6                 0.100      0.005     21.230      0.000
    Y7                 0.097      0.005     21.257      0.000
    Y8                 0.102      0.005     21.299      0.000
    Y9                 0.190      0.010     19.527      0.000
    Y10                0.185      0.009     19.599      0.000

New/Additional Parameters
    L1_0               0.635      0.026     24.790      0.000
    L1_1              -0.002      0.014     -0.136      0.892
    L1_2              -0.005      0.029     -0.185      0.853


QUALITY OF NUMERICAL RESULTS

     Condition Number for the Information Matrix              0.205E-04
       (ratio of smallest to largest eigenvalue)


     Beginning Time:  00:41:02
        Ending Time:  00:41:05
       Elapsed Time:  00:00:03



MUTHEN & MUTHEN
3463 Stoner Ave.
Los Angeles, CA  90066

Tel: (310) 391-9971
Fax: (310) 391-8971
Web: www.StatModel.com
Support: Support@StatModel.com

Copyright (c) 1998-2019 Muthen & Muthen
