Mplus VERSION 8.3
MUTHEN & MUTHEN
04/25/2024  12:41 AM

INPUT INSTRUCTIONS


  TITLE: Test with 10 reps

  DATA:
  File is
  G3_B1_N3_rep210.csv;

  VARIABLE:
      Names are x1 x2 eta
  	y1 y2 y3 y4 y5 y6 y7 y8 y9 y10;
      Usevariables are y1-y10 x1 x2;
      constraint = x1 x2;

  MODEL:
      f BY y1* (l1);
      f BY y2* (l2);
      f BY y3* (l3);
      f BY y4* (l4);
      f BY y5* (l5);
      f BY y6* (l6);
      f BY y7* (l7);
      f BY y8* (l8);
      f BY y9* (l9);
      f BY y10* (l10);

  y1 ON x1 x2;
  f@1;
  [f@0];

  MODEL CONSTRAINT:
      new (l1_0 l1_1 l1_2);
      l1 = l1_0 + l1_1*x1 + l1_2*x2;




INPUT READING TERMINATED NORMALLY



Test with 10 reps

SUMMARY OF ANALYSIS

Number of groups                                                 1
Number of observations                                        1000

Number of dependent variables                                   10
Number of independent variables                                  2
Number of continuous latent variables                            1

Observed dependent variables

  Continuous
   Y1          Y2          Y3          Y4          Y5          Y6
   Y7          Y8          Y9          Y10

Observed independent variables
   X1          X2

Continuous latent variables
   F


Estimator                                                       ML
Information matrix                                        OBSERVED
Maximum number of iterations                                  1000
Convergence criterion                                    0.500D-04
Maximum number of steepest descent iterations                   20

Input data file(s)
  G3_B1_N3_rep210.csv

Input data format  FREE



UNIVARIATE SAMPLE STATISTICS


     UNIVARIATE HIGHER-ORDER MOMENT DESCRIPTIVE STATISTICS

         Variable/         Mean/     Skewness/   Minimum/ % with                Percentiles
        Sample Size      Variance    Kurtosis    Maximum  Min/Max      20%/60%    40%/80%    Median

     Y1                    1.829       1.019       1.000   37.80%       1.000      2.000      2.000
            1000.000       0.666       1.296       5.000    0.80%       2.000      2.000
     Y2                    1.824       0.807       1.000   38.00%       1.000      2.000      2.000
            1000.000       0.627       0.496       5.000    0.30%       2.000      2.000
     Y3                    3.104      -0.010       1.000    2.10%       2.000      3.000      3.000
            1000.000       0.695      -0.138       5.000    3.90%       3.000      4.000
     Y4                    3.079       0.063       1.000    1.50%       2.000      3.000      3.000
            1000.000       0.649      -0.158       5.000    3.30%       3.000      4.000
     Y5                    3.064      -0.037       1.000    2.10%       2.000      3.000      3.000
            1000.000       0.654      -0.112       5.000    2.80%       3.000      4.000
     Y6                    1.175       2.602       1.000   83.90%       1.000      1.000      1.000
            1000.000       0.178       8.003       4.000    0.30%       1.000      1.000
     Y7                    1.191       3.287       1.000   83.50%       1.000      1.000      1.000
            1000.000       0.229      15.370       5.000    0.30%       1.000      1.000
     Y8                    1.180       2.909       1.000   84.20%       1.000      1.000      1.000
            1000.000       0.202      10.980       5.000    0.10%       1.000      1.000
     Y9                    1.851       0.933       1.000   36.00%       1.000      2.000      2.000
            1000.000       0.647       1.178       5.000    0.80%       2.000      2.000
     Y10                   1.832       0.944       1.000   37.10%       1.000      2.000      2.000
            1000.000       0.640       1.152       5.000    0.70%       2.000      2.000
     X1                    0.018      -0.066      -3.261    0.10%      -0.800     -0.228      0.027
            1000.000       0.973       0.026       3.011    0.10%       0.278      0.862
     X2                    0.510      -0.040       0.000   49.00%       0.000      0.000      1.000
            1000.000       0.250      -1.998       1.000   51.00%       1.000      1.000


THE MODEL ESTIMATION TERMINATED NORMALLY



MODEL FIT INFORMATION

Number of Free Parameters                       34

Loglikelihood

          H0 Value                       -6795.910

Information Criteria

          Akaike (AIC)                   13659.819
          Bayesian (BIC)                 13826.683
          Sample-Size Adjusted BIC       13718.697
            (n* = (n + 2) / 24)



MODEL RESULTS

                                                    Two-Tailed
                    Estimate       S.E.  Est./S.E.    P-Value

 F        BY
    Y1               999.000      0.000    999.000    999.000
    Y2                 0.666      0.020     32.534      0.000
    Y3                 0.679      0.022     30.974      0.000
    Y4                 0.649      0.021     30.433      0.000
    Y5                 0.658      0.021     30.924      0.000
    Y6                 0.286      0.012     23.828      0.000
    Y7                 0.323      0.014     23.783      0.000
    Y8                 0.304      0.013     23.890      0.000
    Y9                 0.679      0.021     32.749      0.000
    Y10                0.678      0.021     32.933      0.000

 Y1       ON
    X1                 0.039      0.016      2.441      0.015
    X2                 0.009      0.031      0.278      0.781

 Means
    F                  0.000      0.000    999.000    999.000

 Intercepts
    Y1                 1.820      0.030     61.482      0.000
    Y2                 1.824      0.025     72.842      0.000
    Y3                 3.104      0.026    117.726      0.000
    Y4                 3.079      0.025    120.884      0.000
    Y5                 3.064      0.026    119.821      0.000
    Y6                 1.175      0.013     87.977      0.000
    Y7                 1.191      0.015     78.786      0.000
    Y8                 1.180      0.014     83.107      0.000
    Y9                 1.851      0.025     72.782      0.000
    Y10                1.832      0.025     72.429      0.000

 Variances
    F                  1.000      0.000    999.000    999.000

 Residual Variances
    Y1                 0.211      0.011     19.686      0.000
    Y2                 0.184      0.010     19.307      0.000
    Y3                 0.234      0.012     19.798      0.000
    Y4                 0.228      0.011     19.975      0.000
    Y5                 0.221      0.011     19.800      0.000
    Y6                 0.097      0.005     21.247      0.000
    Y7                 0.124      0.006     21.247      0.000
    Y8                 0.109      0.005     21.238      0.000
    Y9                 0.186      0.010     19.216      0.000
    Y10                0.181      0.009     19.122      0.000

New/Additional Parameters
    L1_0               0.644      0.027     23.510      0.000
    L1_1               0.013      0.017      0.767      0.443
    L1_2               0.039      0.032      1.209      0.227


QUALITY OF NUMERICAL RESULTS

     Condition Number for the Information Matrix              0.204E-04
       (ratio of smallest to largest eigenvalue)


     Beginning Time:  00:41:26
        Ending Time:  00:41:29
       Elapsed Time:  00:00:03



MUTHEN & MUTHEN
3463 Stoner Ave.
Los Angeles, CA  90066

Tel: (310) 391-9971
Fax: (310) 391-8971
Web: www.StatModel.com
Support: Support@StatModel.com

Copyright (c) 1998-2019 Muthen & Muthen
