Mplus VERSION 8.3
MUTHEN & MUTHEN
04/25/2024  12:42 AM

INPUT INSTRUCTIONS


  TITLE: Test with 10 reps

  DATA:
  File is
  G3_B1_N3_rep212.csv;

  VARIABLE:
      Names are x1 x2 eta
  	y1 y2 y3 y4 y5 y6 y7 y8 y9 y10;
      Usevariables are y1-y10 x1 x2;
      constraint = x1 x2;

  MODEL:
      f BY y1* (l1);
      f BY y2* (l2);
      f BY y3* (l3);
      f BY y4* (l4);
      f BY y5* (l5);
      f BY y6* (l6);
      f BY y7* (l7);
      f BY y8* (l8);
      f BY y9* (l9);
      f BY y10* (l10);

  y6 ON x1 x2;
  f@1;
  [f@0];

  MODEL CONSTRAINT:
      new (l6_0 l6_1 l6_2);
      l6 = l6_0 + l6_1*x1 + l6_2*x2;




INPUT READING TERMINATED NORMALLY



Test with 10 reps

SUMMARY OF ANALYSIS

Number of groups                                                 1
Number of observations                                        1000

Number of dependent variables                                   10
Number of independent variables                                  2
Number of continuous latent variables                            1

Observed dependent variables

  Continuous
   Y1          Y2          Y3          Y4          Y5          Y6
   Y7          Y8          Y9          Y10

Observed independent variables
   X1          X2

Continuous latent variables
   F


Estimator                                                       ML
Information matrix                                        OBSERVED
Maximum number of iterations                                  1000
Convergence criterion                                    0.500D-04
Maximum number of steepest descent iterations                   20

Input data file(s)
  G3_B1_N3_rep212.csv

Input data format  FREE



UNIVARIATE SAMPLE STATISTICS


     UNIVARIATE HIGHER-ORDER MOMENT DESCRIPTIVE STATISTICS

         Variable/         Mean/     Skewness/   Minimum/ % with                Percentiles
        Sample Size      Variance    Kurtosis    Maximum  Min/Max      20%/60%    40%/80%    Median

     Y1                    1.772       1.028       1.000   41.60%       1.000      1.000      2.000
            1000.000       0.642       1.196       5.000    0.60%       2.000      2.000
     Y2                    1.786       0.944       1.000   39.20%       1.000      2.000      2.000
            1000.000       0.600       1.139       5.000    0.50%       2.000      2.000
     Y3                    3.031       0.061       1.000    1.70%       2.000      3.000      3.000
            1000.000       0.642      -0.178       5.000    2.70%       3.000      4.000
     Y4                    3.010       0.025       1.000    2.60%       2.000      3.000      3.000
            1000.000       0.674      -0.038       5.000    3.00%       3.000      4.000
     Y5                    3.027       0.027       1.000    2.50%       2.000      3.000      3.000
            1000.000       0.668       0.020       5.000    3.20%       3.000      4.000
     Y6                    1.166       3.005       1.000   85.90%       1.000      1.000      1.000
            1000.000       0.196      10.191       4.000    0.40%       1.000      1.000
     Y7                    1.175       3.356       1.000   85.10%       1.000      1.000      1.000
            1000.000       0.214      15.180       5.000    0.20%       1.000      1.000
     Y8                    1.185       3.483       1.000   84.50%       1.000      1.000      1.000
            1000.000       0.237      16.412       5.000    0.30%       1.000      1.000
     Y9                    1.773       0.899       1.000   40.90%       1.000      1.000      2.000
            1000.000       0.609       0.732       5.000    0.30%       2.000      2.000
     Y10                   1.747       1.026       1.000   41.30%       1.000      1.000      2.000
            1000.000       0.585       1.339       5.000    0.40%       2.000      2.000
     X1                   -0.015       0.072      -3.045    0.10%      -0.852     -0.261     -0.024
            1000.000       1.024       0.072       3.109    0.10%       0.203      0.810
     X2                    0.489       0.044       0.000   51.10%       0.000      0.000      0.000
            1000.000       0.250      -1.998       1.000   48.90%       1.000      1.000


THE MODEL ESTIMATION TERMINATED NORMALLY



MODEL FIT INFORMATION

Number of Free Parameters                       34

Loglikelihood

          H0 Value                       -6707.478

Information Criteria

          Akaike (AIC)                   13482.957
          Bayesian (BIC)                 13649.821
          Sample-Size Adjusted BIC       13541.835
            (n* = (n + 2) / 24)



MODEL RESULTS

                                                    Two-Tailed
                    Estimate       S.E.  Est./S.E.    P-Value

 F        BY
    Y1                 0.666      0.021     31.991      0.000
    Y2                 0.651      0.020     32.529      0.000
    Y3                 0.656      0.021     31.202      0.000
    Y4                 0.666      0.022     30.773      0.000
    Y5                 0.658      0.022     30.427      0.000
    Y6               999.000      0.000    999.000    999.000
    Y7                 0.334      0.013     25.896      0.000
    Y8                 0.343      0.014     25.156      0.000
    Y9                 0.656      0.020     32.494      0.000
    Y10                0.622      0.020     30.946      0.000

 Y6       ON
    X1                 0.005      0.010      0.450      0.652
    X2                -0.036      0.020     -1.772      0.076

 Means
    F                  0.000      0.000    999.000    999.000

 Intercepts
    Y1                 1.772      0.025     69.934      0.000
    Y2                 1.786      0.024     72.901      0.000
    Y3                 3.031      0.025    119.620      0.000
    Y4                 3.010      0.026    115.949      0.000
    Y5                 3.027      0.026    117.094      0.000
    Y6                 1.180      0.017     68.618      0.000
    Y7                 1.175      0.015     80.251      0.000
    Y8                 1.185      0.015     77.011      0.000
    Y9                 1.773      0.025     71.818      0.000
    Y10                1.747      0.024     72.230      0.000

 Variances
    F                  1.000      0.000    999.000    999.000

 Residual Variances
    Y1                 0.198      0.010     19.535      0.000
    Y2                 0.176      0.009     19.320      0.000
    Y3                 0.212      0.011     19.674      0.000
    Y4                 0.230      0.012     19.832      0.000
    Y5                 0.235      0.012     19.927      0.000
    Y6                 0.096      0.005     20.919      0.000
    Y7                 0.103      0.005     20.840      0.000
    Y8                 0.119      0.006     21.011      0.000
    Y9                 0.180      0.009     19.329      0.000
    Y10                0.198      0.010     19.878      0.000

New/Additional Parameters
    L6_0               0.314      0.016     19.958      0.000
    L6_1               0.032      0.010      3.062      0.002
    L6_2              -0.005      0.021     -0.226      0.821


QUALITY OF NUMERICAL RESULTS

     Condition Number for the Information Matrix              0.206E-04
       (ratio of smallest to largest eigenvalue)


     Beginning Time:  00:42:32
        Ending Time:  00:42:34
       Elapsed Time:  00:00:02



MUTHEN & MUTHEN
3463 Stoner Ave.
Los Angeles, CA  90066

Tel: (310) 391-9971
Fax: (310) 391-8971
Web: www.StatModel.com
Support: Support@StatModel.com

Copyright (c) 1998-2019 Muthen & Muthen
