Mplus VERSION 8.3
MUTHEN & MUTHEN
04/25/2024  12:40 AM

INPUT INSTRUCTIONS


  TITLE: Test with 10 reps

  DATA:
  File is
  G3_B1_N3_rep209.csv;

  VARIABLE:
      Names are x1 x2 eta
  	y1 y2 y3 y4 y5 y6 y7 y8 y9 y10;
      Usevariables are y1-y10 x1 x2;
      constraint = x1 x2;

  MODEL:
      f BY y1* (l1);
      f BY y2* (l2);
      f BY y3* (l3);
      f BY y4* (l4);
      f BY y5* (l5);
      f BY y6* (l6);
      f BY y7* (l7);
      f BY y8* (l8);
      f BY y9* (l9);
      f BY y10* (l10);

  y2 ON x1 x2;
  f@1;
  [f@0];

  MODEL CONSTRAINT:
      new (l2_0 l2_1 l2_2);
      l2 = l2_0 + l2_1*x1 + l2_2*x2;




INPUT READING TERMINATED NORMALLY



Test with 10 reps

SUMMARY OF ANALYSIS

Number of groups                                                 1
Number of observations                                        1000

Number of dependent variables                                   10
Number of independent variables                                  2
Number of continuous latent variables                            1

Observed dependent variables

  Continuous
   Y1          Y2          Y3          Y4          Y5          Y6
   Y7          Y8          Y9          Y10

Observed independent variables
   X1          X2

Continuous latent variables
   F


Estimator                                                       ML
Information matrix                                        OBSERVED
Maximum number of iterations                                  1000
Convergence criterion                                    0.500D-04
Maximum number of steepest descent iterations                   20

Input data file(s)
  G3_B1_N3_rep209.csv

Input data format  FREE



UNIVARIATE SAMPLE STATISTICS


     UNIVARIATE HIGHER-ORDER MOMENT DESCRIPTIVE STATISTICS

         Variable/         Mean/     Skewness/   Minimum/ % with                Percentiles
        Sample Size      Variance    Kurtosis    Maximum  Min/Max      20%/60%    40%/80%    Median

     Y1                    1.798       0.993       1.000   38.60%       1.000      2.000      2.000
            1000.000       0.615       1.383       5.000    0.70%       2.000      2.000
     Y2                    1.798       0.974       1.000   38.90%       1.000      2.000      2.000
            1000.000       0.621       1.212       5.000    0.60%       2.000      2.000
     Y3                    3.022      -0.118       1.000    3.10%       2.000      3.000      3.000
            1000.000       0.664       0.016       5.000    2.40%       3.000      4.000
     Y4                    3.049      -0.113       1.000    3.10%       2.000      3.000      3.000
            1000.000       0.697      -0.070       5.000    2.90%       3.000      4.000
     Y5                    3.025      -0.068       1.000    2.80%       2.000      3.000      3.000
            1000.000       0.650       0.074       5.000    2.60%       3.000      4.000
     Y6                    1.180       3.512       1.000   84.70%       1.000      1.000      1.000
            1000.000       0.226      17.083       5.000    0.30%       1.000      1.000
     Y7                    1.175       2.971       1.000   84.60%       1.000      1.000      1.000
            1000.000       0.196      11.548       5.000    0.10%       1.000      1.000
     Y8                    1.191       3.115       1.000   83.40%       1.000      1.000      1.000
            1000.000       0.225      12.818       5.000    0.10%       1.000      1.000
     Y9                    1.796       0.976       1.000   39.10%       1.000      2.000      2.000
            1000.000       0.622       1.208       5.000    0.60%       2.000      2.000
     Y10                   1.806       1.005       1.000   38.50%       1.000      2.000      2.000
            1000.000       0.632       1.336       5.000    0.70%       2.000      2.000
     X1                    0.021       0.154      -3.292    0.10%      -0.823     -0.269     -0.029
            1000.000       0.992       0.003       3.365    0.10%       0.272      0.860
     X2                    0.495       0.020       0.000   50.50%       0.000      0.000      0.000
            1000.000       0.250      -2.000       1.000   49.50%       1.000      1.000


THE MODEL ESTIMATION TERMINATED NORMALLY



MODEL FIT INFORMATION

Number of Free Parameters                       34

Loglikelihood

          H0 Value                       -6803.046

Information Criteria

          Akaike (AIC)                   13674.091
          Bayesian (BIC)                 13840.955
          Sample-Size Adjusted BIC       13732.969
            (n* = (n + 2) / 24)



MODEL RESULTS

                                                    Two-Tailed
                    Estimate       S.E.  Est./S.E.    P-Value

 F        BY
    Y1                 0.661      0.020     32.673      0.000
    Y2               999.000      0.000    999.000    999.000
    Y3                 0.632      0.022     28.787      0.000
    Y4                 0.668      0.022     30.175      0.000
    Y5                 0.649      0.021     30.431      0.000
    Y6                 0.337      0.013     25.402      0.000
    Y7                 0.307      0.012     24.527      0.000
    Y8                 0.338      0.013     25.598      0.000
    Y9                 0.662      0.020     32.466      0.000
    Y10                0.677      0.020     33.196      0.000

 Y2       ON
    X1                -0.012      0.015     -0.779      0.436
    X2                 0.052      0.030      1.773      0.076

 Means
    F                  0.000      0.000    999.000    999.000

 Intercepts
    Y1                 1.798      0.025     72.491      0.000
    Y2                 1.768      0.029     61.864      0.000
    Y3                 3.022      0.026    117.319      0.000
    Y4                 3.049      0.026    115.522      0.000
    Y5                 3.025      0.026    118.616      0.000
    Y6                 1.180      0.015     78.562      0.000
    Y7                 1.175      0.014     83.848      0.000
    Y8                 1.191      0.015     79.485      0.000
    Y9                 1.796      0.025     71.991      0.000
    Y10                1.806      0.025     71.818      0.000

 Variances
    F                  1.000      0.000    999.000    999.000

 Residual Variances
    Y1                 0.178      0.009     19.240      0.000
    Y2                 0.188      0.010     19.491      0.000
    Y3                 0.264      0.013     20.378      0.000
    Y4                 0.250      0.012     20.003      0.000
    Y5                 0.229      0.011     19.941      0.000
    Y6                 0.112      0.005     20.975      0.000
    Y7                 0.102      0.005     21.107      0.000
    Y8                 0.110      0.005     20.944      0.000
    Y9                 0.184      0.010     19.324      0.000
    Y10                0.174      0.009     19.011      0.000

New/Additional Parameters
    L2_0               0.637      0.027     23.565      0.000
    L2_1               0.022      0.016      1.401      0.161
    L2_2               0.022      0.031      0.730      0.465


QUALITY OF NUMERICAL RESULTS

     Condition Number for the Information Matrix              0.229E-04
       (ratio of smallest to largest eigenvalue)


     Beginning Time:  00:40:42
        Ending Time:  00:40:44
       Elapsed Time:  00:00:02



MUTHEN & MUTHEN
3463 Stoner Ave.
Los Angeles, CA  90066

Tel: (310) 391-9971
Fax: (310) 391-8971
Web: www.StatModel.com
Support: Support@StatModel.com

Copyright (c) 1998-2019 Muthen & Muthen
