Mplus VERSION 8.3
MUTHEN & MUTHEN
04/25/2024   2:06 AM

INPUT INSTRUCTIONS


  TITLE: Test with 10 reps

  DATA:
  File is
  G3_B1_N3_rep396.csv;

  VARIABLE:
      Names are x1 x2 eta
  	y1 y2 y3 y4 y5 y6 y7 y8 y9 y10;
      Usevariables are y1-y10 x1 x2;
      constraint = x1 x2;

  MODEL:
      f BY y1* (l1);
      f BY y2* (l2);
      f BY y3* (l3);
      f BY y4* (l4);
      f BY y5* (l5);
      f BY y6* (l6);
      f BY y7* (l7);
      f BY y8* (l8);
      f BY y9* (l9);
      f BY y10* (l10);

  y2 ON x1 x2;
  f@1;
  [f@0];

  MODEL CONSTRAINT:
      new (l2_0 l2_1 l2_2);
      l2 = l2_0 + l2_1*x1 + l2_2*x2;




INPUT READING TERMINATED NORMALLY



Test with 10 reps

SUMMARY OF ANALYSIS

Number of groups                                                 1
Number of observations                                        1000

Number of dependent variables                                   10
Number of independent variables                                  2
Number of continuous latent variables                            1

Observed dependent variables

  Continuous
   Y1          Y2          Y3          Y4          Y5          Y6
   Y7          Y8          Y9          Y10

Observed independent variables
   X1          X2

Continuous latent variables
   F


Estimator                                                       ML
Information matrix                                        OBSERVED
Maximum number of iterations                                  1000
Convergence criterion                                    0.500D-04
Maximum number of steepest descent iterations                   20

Input data file(s)
  G3_B1_N3_rep396.csv

Input data format  FREE



UNIVARIATE SAMPLE STATISTICS


     UNIVARIATE HIGHER-ORDER MOMENT DESCRIPTIVE STATISTICS

         Variable/         Mean/     Skewness/   Minimum/ % with                Percentiles
        Sample Size      Variance    Kurtosis    Maximum  Min/Max      20%/60%    40%/80%    Median

     Y1                    1.830       0.868       1.000   38.10%       1.000      2.000      2.000
            1000.000       0.649       0.725       5.000    0.50%       2.000      2.000
     Y2                    1.871       0.819       1.000   35.70%       1.000      2.000      2.000
            1000.000       0.662       0.611       5.000    0.50%       2.000      2.000
     Y3                    3.086      -0.058       1.000    2.00%       2.000      3.000      3.000
            1000.000       0.661      -0.165       5.000    2.90%       3.000      4.000
     Y4                    3.102      -0.139       1.000    3.00%       2.000      3.000      3.000
            1000.000       0.730      -0.142       5.000    3.60%       3.000      4.000
     Y5                    3.091      -0.062       1.000    2.70%       2.000      3.000      3.000
            1000.000       0.707      -0.050       5.000    3.80%       3.000      4.000
     Y6                    1.216       2.467       1.000   80.60%       1.000      1.000      1.000
            1000.000       0.225       7.452       4.000    0.60%       1.000      1.000
     Y7                    1.204       2.723       1.000   81.70%       1.000      1.000      1.000
            1000.000       0.218      10.105       5.000    0.10%       1.000      1.000
     Y8                    1.224       2.474       1.000   80.20%       1.000      1.000      1.000
            1000.000       0.238       7.905       5.000    0.10%       1.000      1.000
     Y9                    1.851       0.869       1.000   36.20%       1.000      2.000      2.000
            1000.000       0.643       0.876       5.000    0.60%       2.000      2.000
     Y10                   1.852       0.774       1.000   36.50%       1.000      2.000      2.000
            1000.000       0.642       0.345       5.000    0.20%       2.000      2.000
     X1                    0.024       0.001      -3.311    0.10%      -0.817     -0.230      0.057
            1000.000       0.973      -0.019       3.290    0.10%       0.312      0.779
     X2                    0.482       0.072       0.000   51.80%       0.000      0.000      0.000
            1000.000       0.250      -1.995       1.000   48.20%       1.000      1.000


THE MODEL ESTIMATION TERMINATED NORMALLY



MODEL FIT INFORMATION

Number of Free Parameters                       34

Loglikelihood

          H0 Value                       -6976.461

Information Criteria

          Akaike (AIC)                   14020.923
          Bayesian (BIC)                 14187.787
          Sample-Size Adjusted BIC       14079.801
            (n* = (n + 2) / 24)



MODEL RESULTS

                                                    Two-Tailed
                    Estimate       S.E.  Est./S.E.    P-Value

 F        BY
    Y1                 0.663      0.021     31.477      0.000
    Y2               999.000      0.000    999.000    999.000
    Y3                 0.654      0.022     30.415      0.000
    Y4                 0.698      0.022     31.145      0.000
    Y5                 0.695      0.022     31.703      0.000
    Y6                 0.328      0.013     24.488      0.000
    Y7                 0.321      0.013     24.316      0.000
    Y8                 0.344      0.014     25.203      0.000
    Y9                 0.670      0.021     32.220      0.000
    Y10                0.682      0.021     33.169      0.000

 Y2       ON
    X1                 0.002      0.015      0.159      0.873
    X2                 0.007      0.030      0.234      0.815

 Means
    F                  0.000      0.000    999.000    999.000

 Intercepts
    Y1                 1.830      0.025     71.828      0.000
    Y2                 1.861      0.029     64.034      0.000
    Y3                 3.086      0.026    120.067      0.000
    Y4                 3.102      0.027    114.842      0.000
    Y5                 3.091      0.027    116.272      0.000
    Y6                 1.216      0.015     81.005      0.000
    Y7                 1.204      0.015     81.473      0.000
    Y8                 1.224      0.015     79.369      0.000
    Y9                 1.851      0.025     73.008      0.000
    Y10                1.852      0.025     73.087      0.000

 Variances
    F                  1.000      0.000    999.000    999.000

 Residual Variances
    Y1                 0.210      0.011     19.766      0.000
    Y2                 0.189      0.010     19.300      0.000
    Y3                 0.233      0.012     20.025      0.000
    Y4                 0.242      0.012     19.800      0.000
    Y5                 0.224      0.011     19.622      0.000
    Y6                 0.118      0.006     21.201      0.000
    Y7                 0.115      0.005     21.201      0.000
    Y8                 0.120      0.006     21.080      0.000
    Y9                 0.194      0.010     19.513      0.000
    Y10                0.177      0.009     19.116      0.000

New/Additional Parameters
    L2_0               0.663      0.026     25.184      0.000
    L2_1               0.027      0.015      1.763      0.078
    L2_2               0.039      0.031      1.281      0.200


QUALITY OF NUMERICAL RESULTS

     Condition Number for the Information Matrix              0.289E-04
       (ratio of smallest to largest eigenvalue)


     Beginning Time:  02:06:35
        Ending Time:  02:06:38
       Elapsed Time:  00:00:03



MUTHEN & MUTHEN
3463 Stoner Ave.
Los Angeles, CA  90066

Tel: (310) 391-9971
Fax: (310) 391-8971
Web: www.StatModel.com
Support: Support@StatModel.com

Copyright (c) 1998-2019 Muthen & Muthen
