Mplus VERSION 8.3
MUTHEN & MUTHEN
04/25/2024   2:05 AM

INPUT INSTRUCTIONS


  TITLE: Test with 10 reps

  DATA:
  File is
  G3_B1_N3_rep393.csv;

  VARIABLE:
      Names are x1 x2 eta
  	y1 y2 y3 y4 y5 y6 y7 y8 y9 y10;
      Usevariables are y1-y10 x1 x2;
      constraint = x1 x2;

  MODEL:
      f BY y1* (l1);
      f BY y2* (l2);
      f BY y3* (l3);
      f BY y4* (l4);
      f BY y5* (l5);
      f BY y6* (l6);
      f BY y7* (l7);
      f BY y8* (l8);
      f BY y9* (l9);
      f BY y10* (l10);

  y5 ON x1 x2;
  f@1;
  [f@0];

  MODEL CONSTRAINT:
      new (l5_0 l5_1 l5_2);
      l5 = l5_0 + l5_1*x1 + l5_2*x2;




INPUT READING TERMINATED NORMALLY



Test with 10 reps

SUMMARY OF ANALYSIS

Number of groups                                                 1
Number of observations                                        1000

Number of dependent variables                                   10
Number of independent variables                                  2
Number of continuous latent variables                            1

Observed dependent variables

  Continuous
   Y1          Y2          Y3          Y4          Y5          Y6
   Y7          Y8          Y9          Y10

Observed independent variables
   X1          X2

Continuous latent variables
   F


Estimator                                                       ML
Information matrix                                        OBSERVED
Maximum number of iterations                                  1000
Convergence criterion                                    0.500D-04
Maximum number of steepest descent iterations                   20

Input data file(s)
  G3_B1_N3_rep393.csv

Input data format  FREE



UNIVARIATE SAMPLE STATISTICS


     UNIVARIATE HIGHER-ORDER MOMENT DESCRIPTIVE STATISTICS

         Variable/         Mean/     Skewness/   Minimum/ % with                Percentiles
        Sample Size      Variance    Kurtosis    Maximum  Min/Max      20%/60%    40%/80%    Median

     Y1                    1.774       0.880       1.000   38.90%       1.000      2.000      2.000
            1000.000       0.561       1.055       5.000    0.40%       2.000      2.000
     Y2                    1.798       0.821       1.000   37.90%       1.000      2.000      2.000
            1000.000       0.577       0.740       5.000    0.30%       2.000      2.000
     Y3                    3.081       0.081       1.000    1.00%       2.000      3.000      3.000
            1000.000       0.596      -0.157       5.000    2.70%       3.000      4.000
     Y4                    3.071      -0.022       1.000    1.70%       2.000      3.000      3.000
            1000.000       0.606      -0.005       5.000    2.50%       3.000      4.000
     Y5                    3.048      -0.135       1.000    1.70%       2.000      3.000      3.000
            1000.000       0.586      -0.226       5.000    1.30%       3.000      4.000
     Y6                    1.163       3.454       1.000   85.50%       1.000      1.000      1.000
            1000.000       0.188      17.279       5.000    0.20%       1.000      1.000
     Y7                    1.166       3.237       1.000   85.10%       1.000      1.000      1.000
            1000.000       0.186      14.531       5.000    0.10%       1.000      1.000
     Y8                    1.159       3.260       1.000   85.70%       1.000      1.000      1.000
            1000.000       0.178      14.733       5.000    0.10%       1.000      1.000
     Y9                    1.803       0.803       1.000   36.40%       1.000      2.000      2.000
            1000.000       0.550       0.877       5.000    0.30%       2.000      2.000
     Y10                   1.779       0.794       1.000   38.20%       1.000      2.000      2.000
            1000.000       0.544       0.785       5.000    0.30%       2.000      2.000
     X1                    0.060       0.029      -2.922    0.10%      -0.773     -0.209      0.048
            1000.000       0.927      -0.110       2.793    0.10%       0.277      0.858
     X2                    0.470       0.120       0.000   53.00%       0.000      0.000      0.000
            1000.000       0.249      -1.986       1.000   47.00%       1.000      1.000


THE MODEL ESTIMATION TERMINATED NORMALLY



MODEL FIT INFORMATION

Number of Free Parameters                       34

Loglikelihood

          H0 Value                       -6371.814

Information Criteria

          Akaike (AIC)                   12811.627
          Bayesian (BIC)                 12978.491
          Sample-Size Adjusted BIC       12870.505
            (n* = (n + 2) / 24)



MODEL RESULTS

                                                    Two-Tailed
                    Estimate       S.E.  Est./S.E.    P-Value

 F        BY
    Y1                 0.624      0.019     32.021      0.000
    Y2                 0.620      0.020     31.020      0.000
    Y3                 0.622      0.020     30.395      0.000
    Y4                 0.633      0.021     30.856      0.000
    Y5               999.000      0.000    999.000    999.000
    Y6                 0.290      0.012     23.426      0.000
    Y7                 0.287      0.012     23.223      0.000
    Y8                 0.283      0.012     23.537      0.000
    Y9                 0.618      0.019     32.027      0.000
    Y10                0.615      0.019     32.073      0.000

 Y5       ON
    X1                -0.010      0.016     -0.608      0.543
    X2                -0.068      0.031     -2.173      0.030

 Means
    F                  0.000      0.000    999.000    999.000

 Intercepts
    Y1                 1.774      0.024     74.903      0.000
    Y2                 1.798      0.024     74.839      0.000
    Y3                 3.081      0.024    126.156      0.000
    Y4                 3.071      0.025    124.755      0.000
    Y5                 3.082      0.028    108.618      0.000
    Y6                 1.163      0.014     84.723      0.000
    Y7                 1.166      0.014     85.393      0.000
    Y8                 1.159      0.013     86.939      0.000
    Y9                 1.803      0.023     76.867      0.000
    Y10                1.779      0.023     76.263      0.000

 Variances
    F                  1.000      0.000    999.000    999.000

 Residual Variances
    Y1                 0.172      0.009     19.310      0.000
    Y2                 0.193      0.010     19.667      0.000
    Y3                 0.210      0.011     19.818      0.000
    Y4                 0.205      0.010     19.630      0.000
    Y5                 0.217      0.011     19.965      0.000
    Y6                 0.104      0.005     21.170      0.000
    Y7                 0.104      0.005     21.174      0.000
    Y8                 0.098      0.005     21.145      0.000
    Y9                 0.169      0.009     19.295      0.000
    Y10                0.166      0.009     19.283      0.000

New/Additional Parameters
    L5_0               0.608      0.026     23.476      0.000
    L5_1              -0.024      0.017     -1.373      0.170
    L5_2               0.008      0.032      0.252      0.801


QUALITY OF NUMERICAL RESULTS

     Condition Number for the Information Matrix              0.207E-04
       (ratio of smallest to largest eigenvalue)


     Beginning Time:  02:05:29
        Ending Time:  02:05:32
       Elapsed Time:  00:00:03



MUTHEN & MUTHEN
3463 Stoner Ave.
Los Angeles, CA  90066

Tel: (310) 391-9971
Fax: (310) 391-8971
Web: www.StatModel.com
Support: Support@StatModel.com

Copyright (c) 1998-2019 Muthen & Muthen
