Mplus VERSION 8.3
MUTHEN & MUTHEN
04/25/2024   1:26 AM

INPUT INSTRUCTIONS


  TITLE: Test with 10 reps

  DATA:
  File is
  G3_B1_N3_rep307.csv;

  VARIABLE:
      Names are x1 x2 eta
  	y1 y2 y3 y4 y5 y6 y7 y8 y9 y10;
      Usevariables are y1-y10 x1 x2;
      constraint = x1 x2;

  MODEL:
      f BY y1* (l1);
      f BY y2* (l2);
      f BY y3* (l3);
      f BY y4* (l4);
      f BY y5* (l5);
      f BY y6* (l6);
      f BY y7* (l7);
      f BY y8* (l8);
      f BY y9* (l9);
      f BY y10* (l10);

  y10 ON x1 x2;
  f@1;
  [f@0];

  MODEL CONSTRAINT:
      new (l10_0 l10_1 l10_2);
      l10 = l10_0 + l10_1*x1 + l10_2*x2;




INPUT READING TERMINATED NORMALLY



Test with 10 reps

SUMMARY OF ANALYSIS

Number of groups                                                 1
Number of observations                                        1000

Number of dependent variables                                   10
Number of independent variables                                  2
Number of continuous latent variables                            1

Observed dependent variables

  Continuous
   Y1          Y2          Y3          Y4          Y5          Y6
   Y7          Y8          Y9          Y10

Observed independent variables
   X1          X2

Continuous latent variables
   F


Estimator                                                       ML
Information matrix                                        OBSERVED
Maximum number of iterations                                  1000
Convergence criterion                                    0.500D-04
Maximum number of steepest descent iterations                   20

Input data file(s)
  G3_B1_N3_rep307.csv

Input data format  FREE



UNIVARIATE SAMPLE STATISTICS


     UNIVARIATE HIGHER-ORDER MOMENT DESCRIPTIVE STATISTICS

         Variable/         Mean/     Skewness/   Minimum/ % with                Percentiles
        Sample Size      Variance    Kurtosis    Maximum  Min/Max      20%/60%    40%/80%    Median

     Y1                    1.782       0.933       1.000   38.70%       1.000      2.000      2.000
            1000.000       0.578       1.234       5.000    0.50%       2.000      2.000
     Y2                    1.794       0.935       1.000   38.30%       1.000      2.000      2.000
            1000.000       0.594       1.176       5.000    0.50%       2.000      2.000
     Y3                    3.046       0.036       1.000    1.90%       2.000      3.000      3.000
            1000.000       0.636      -0.026       5.000    2.90%       3.000      4.000
     Y4                    3.029      -0.063       1.000    2.30%       2.000      3.000      3.000
            1000.000       0.616       0.049       5.000    2.20%       3.000      4.000
     Y5                    3.048       0.034       1.000    2.20%       2.000      3.000      3.000
            1000.000       0.664      -0.019       5.000    3.30%       3.000      4.000
     Y6                    1.162       2.892       1.000   85.70%       1.000      1.000      1.000
            1000.000       0.180       9.571       4.000    0.30%       1.000      1.000
     Y7                    1.167       2.549       1.000   84.90%       1.000      1.000      1.000
            1000.000       0.173       6.630       4.000    0.10%       1.000      1.000
     Y8                    1.141       3.007       1.000   87.70%       1.000      1.000      1.000
            1000.000       0.159       9.479       4.000    0.10%       1.000      1.000
     Y9                    1.790       0.922       1.000   38.40%       1.000      2.000      2.000
            1000.000       0.588       1.084       5.000    0.40%       2.000      2.000
     Y10                   1.772       0.910       1.000   39.00%       1.000      2.000      2.000
            1000.000       0.564       1.140       5.000    0.40%       2.000      2.000
     X1                   -0.034       0.079      -3.261    0.10%      -0.866     -0.300     -0.045
            1000.000       0.988       0.175       3.490    0.10%       0.204      0.774
     X2                    0.481       0.076       0.000   51.90%       0.000      0.000      0.000
            1000.000       0.250      -1.994       1.000   48.10%       1.000      1.000


THE MODEL ESTIMATION TERMINATED NORMALLY



MODEL FIT INFORMATION

Number of Free Parameters                       34

Loglikelihood

          H0 Value                       -6418.367

Information Criteria

          Akaike (AIC)                   12904.734
          Bayesian (BIC)                 13071.597
          Sample-Size Adjusted BIC       12963.611
            (n* = (n + 2) / 24)



MODEL RESULTS

                                                    Two-Tailed
                    Estimate       S.E.  Est./S.E.    P-Value

 F        BY
    Y1                 0.632      0.020     31.908      0.000
    Y2                 0.640      0.020     31.918      0.000
    Y3                 0.646      0.021     30.702      0.000
    Y4                 0.633      0.021     30.453      0.000
    Y5                 0.666      0.021     31.113      0.000
    Y6                 0.285      0.012     23.601      0.000
    Y7                 0.279      0.012     23.469      0.000
    Y8                 0.262      0.011     22.940      0.000
    Y9                 0.646      0.020     32.597      0.000
    Y10              999.000      0.000    999.000    999.000

 Y10      ON
    X1                -0.022      0.015     -1.484      0.138
    X2                -0.032      0.030     -1.049      0.294

 Means
    F                  0.000      0.000    999.000    999.000

 Intercepts
    Y1                 1.782      0.024     74.091      0.000
    Y2                 1.794      0.024     73.636      0.000
    Y3                 3.046      0.025    120.793      0.000
    Y4                 3.029      0.025    122.026      0.000
    Y5                 3.048      0.026    118.312      0.000
    Y6                 1.162      0.013     86.669      0.000
    Y7                 1.167      0.013     88.697      0.000
    Y8                 1.141      0.013     90.453      0.000
    Y9                 1.790      0.024     73.825      0.000
    Y10                1.789      0.028     63.414      0.000

 Variances
    F                  1.000      0.000    999.000    999.000

 Residual Variances
    Y1                 0.179      0.009     19.381      0.000
    Y2                 0.184      0.009     19.373      0.000
    Y3                 0.218      0.011     19.728      0.000
    Y4                 0.216      0.011     19.818      0.000
    Y5                 0.220      0.011     19.615      0.000
    Y6                 0.098      0.005     21.192      0.000
    Y7                 0.096      0.005     21.213      0.000
    Y8                 0.090      0.004     21.278      0.000
    Y9                 0.171      0.009     19.087      0.000
    Y10                0.201      0.010     19.916      0.000

New/Additional Parameters
    L10_0              0.615      0.026     23.782      0.000
    L10_1             -0.018      0.016     -1.162      0.245
    L10_2             -0.018      0.031     -0.584      0.559


QUALITY OF NUMERICAL RESULTS

     Condition Number for the Information Matrix              0.177E-04
       (ratio of smallest to largest eigenvalue)


     Beginning Time:  01:26:12
        Ending Time:  01:26:14
       Elapsed Time:  00:00:02



MUTHEN & MUTHEN
3463 Stoner Ave.
Los Angeles, CA  90066

Tel: (310) 391-9971
Fax: (310) 391-8971
Web: www.StatModel.com
Support: Support@StatModel.com

Copyright (c) 1998-2019 Muthen & Muthen
