Mplus VERSION 8.3
MUTHEN & MUTHEN
04/25/2024   2:11 AM

INPUT INSTRUCTIONS


  TITLE: Test with 10 reps

  DATA:
  File is
  G3_B1_N3_rep406.csv;

  VARIABLE:
      Names are x1 x2 eta
  	y1 y2 y3 y4 y5 y6 y7 y8 y9 y10;
      Usevariables are y1-y10 x1 x2;
      constraint = x1 x2;

  MODEL:
      f BY y1* (l1);
      f BY y2* (l2);
      f BY y3* (l3);
      f BY y4* (l4);
      f BY y5* (l5);
      f BY y6* (l6);
      f BY y7* (l7);
      f BY y8* (l8);
      f BY y9* (l9);
      f BY y10* (l10);

  y2 ON x1 x2;
  f@1;
  [f@0];

  MODEL CONSTRAINT:
      new (l2_0 l2_1 l2_2);
      l2 = l2_0 + l2_1*x1 + l2_2*x2;




INPUT READING TERMINATED NORMALLY



Test with 10 reps

SUMMARY OF ANALYSIS

Number of groups                                                 1
Number of observations                                        1000

Number of dependent variables                                   10
Number of independent variables                                  2
Number of continuous latent variables                            1

Observed dependent variables

  Continuous
   Y1          Y2          Y3          Y4          Y5          Y6
   Y7          Y8          Y9          Y10

Observed independent variables
   X1          X2

Continuous latent variables
   F


Estimator                                                       ML
Information matrix                                        OBSERVED
Maximum number of iterations                                  1000
Convergence criterion                                    0.500D-04
Maximum number of steepest descent iterations                   20

Input data file(s)
  G3_B1_N3_rep406.csv

Input data format  FREE



UNIVARIATE SAMPLE STATISTICS


     UNIVARIATE HIGHER-ORDER MOMENT DESCRIPTIVE STATISTICS

         Variable/         Mean/     Skewness/   Minimum/ % with                Percentiles
        Sample Size      Variance    Kurtosis    Maximum  Min/Max      20%/60%    40%/80%    Median

     Y1                    1.837       0.971       1.000   35.70%       1.000      2.000      2.000
            1000.000       0.620       1.377       5.000    0.70%       2.000      2.000
     Y2                    1.831       0.858       1.000   37.60%       1.000      2.000      2.000
            1000.000       0.634       0.832       5.000    0.60%       2.000      2.000
     Y3                    3.089      -0.178       1.000    2.70%       2.000      3.000      3.000
            1000.000       0.693      -0.209       5.000    2.60%       3.000      4.000
     Y4                    3.108      -0.117       1.000    2.00%       2.000      3.000      3.000
            1000.000       0.648      -0.133       5.000    2.70%       3.000      4.000
     Y5                    3.074      -0.069       1.000    1.60%       2.000      3.000      3.000
            1000.000       0.617      -0.223       5.000    2.10%       3.000      4.000
     Y6                    1.180       3.137       1.000   84.30%       1.000      1.000      1.000
            1000.000       0.210      13.013       5.000    0.10%       1.000      1.000
     Y7                    1.170       3.243       1.000   84.70%       1.000      1.000      1.000
            1000.000       0.189      15.542       5.000    0.20%       1.000      1.000
     Y8                    1.175       2.466       1.000   84.20%       1.000      1.000      1.000
            1000.000       0.180       6.118       4.000    0.10%       1.000      1.000
     Y9                    1.823       0.824       1.000   36.70%       1.000      2.000      2.000
            1000.000       0.596       0.794       5.000    0.40%       2.000      2.000
     Y10                   1.847       0.725       1.000   34.10%       1.000      2.000      2.000
            1000.000       0.566       0.644       5.000    0.30%       2.000      2.000
     X1                   -0.020      -0.046      -2.914    0.10%      -0.842     -0.273      0.042
            1000.000       0.928      -0.175       3.185    0.10%       0.238      0.817
     X2                    0.503      -0.012       0.000   49.70%       0.000      0.000      1.000
            1000.000       0.250      -2.000       1.000   50.30%       1.000      1.000


THE MODEL ESTIMATION TERMINATED NORMALLY



MODEL FIT INFORMATION

Number of Free Parameters                       34

Loglikelihood

          H0 Value                       -6649.396

Information Criteria

          Akaike (AIC)                   13366.791
          Bayesian (BIC)                 13533.655
          Sample-Size Adjusted BIC       13425.669
            (n* = (n + 2) / 24)



MODEL RESULTS

                                                    Two-Tailed
                    Estimate       S.E.  Est./S.E.    P-Value

 F        BY
    Y1                 0.647      0.021     31.380      0.000
    Y2               999.000      0.000    999.000    999.000
    Y3                 0.676      0.022     30.820      0.000
    Y4                 0.667      0.021     31.737      0.000
    Y5                 0.648      0.021     31.562      0.000
    Y6                 0.300      0.013     22.857      0.000
    Y7                 0.277      0.013     22.084      0.000
    Y8                 0.280      0.012     23.051      0.000
    Y9                 0.644      0.020     32.134      0.000
    Y10                0.626      0.020     31.985      0.000

 Y2       ON
    X1                -0.014      0.015     -0.888      0.375
    X2                 0.001      0.030      0.018      0.986

 Means
    F                  0.000      0.000    999.000    999.000

 Intercepts
    Y1                 1.837      0.025     73.750      0.000
    Y2                 1.824      0.029     63.384      0.000
    Y3                 3.089      0.026    117.335      0.000
    Y4                 3.108      0.025    122.062      0.000
    Y5                 3.074      0.025    123.803      0.000
    Y6                 1.180      0.014     81.506      0.000
    Y7                 1.170      0.014     85.083      0.000
    Y8                 1.175      0.013     87.488      0.000
    Y9                 1.823      0.024     74.694      0.000
    Y10                1.847      0.024     77.663      0.000

 Variances
    F                  1.000      0.000    999.000    999.000

 Residual Variances
    Y1                 0.202      0.010     19.660      0.000
    Y2                 0.186      0.010     19.225      0.000
    Y3                 0.236      0.012     19.780      0.000
    Y4                 0.204      0.010     19.485      0.000
    Y5                 0.197      0.010     19.545      0.000
    Y6                 0.120      0.006     21.326      0.000
    Y7                 0.112      0.005     21.434      0.000
    Y8                 0.102      0.005     21.316      0.000
    Y9                 0.181      0.009     19.389      0.000
    Y10                0.174      0.009     19.450      0.000

New/Additional Parameters
    L2_0               0.643      0.027     23.966      0.000
    L2_1               0.022      0.015      1.496      0.135
    L2_2               0.045      0.031      1.474      0.140


QUALITY OF NUMERICAL RESULTS

     Condition Number for the Information Matrix              0.225E-04
       (ratio of smallest to largest eigenvalue)


     Beginning Time:  02:11:32
        Ending Time:  02:11:34
       Elapsed Time:  00:00:02



MUTHEN & MUTHEN
3463 Stoner Ave.
Los Angeles, CA  90066

Tel: (310) 391-9971
Fax: (310) 391-8971
Web: www.StatModel.com
Support: Support@StatModel.com

Copyright (c) 1998-2019 Muthen & Muthen
