Mplus VERSION 8.3
MUTHEN & MUTHEN
04/25/2024   2:47 AM

INPUT INSTRUCTIONS


  TITLE: Test with 10 reps

  DATA:
  File is
  G3_B1_N3_rep475.csv;

  VARIABLE:
      Names are x1 x2 eta
  	y1 y2 y3 y4 y5 y6 y7 y8 y9 y10;
      Usevariables are y1-y10 x1 x2;
      constraint = x1 x2;

  MODEL:
      f BY y1* (l1);
      f BY y2* (l2);
      f BY y3* (l3);
      f BY y4* (l4);
      f BY y5* (l5);
      f BY y6* (l6);
      f BY y7* (l7);
      f BY y8* (l8);
      f BY y9* (l9);
      f BY y10* (l10);

  y8 ON x1 x2;
  f@1;
  [f@0];

  MODEL CONSTRAINT:
      new (l8_0 l8_1 l8_2);
      l8 = l8_0 + l8_1*x1 + l8_2*x2;




INPUT READING TERMINATED NORMALLY



Test with 10 reps

SUMMARY OF ANALYSIS

Number of groups                                                 1
Number of observations                                        1000

Number of dependent variables                                   10
Number of independent variables                                  2
Number of continuous latent variables                            1

Observed dependent variables

  Continuous
   Y1          Y2          Y3          Y4          Y5          Y6
   Y7          Y8          Y9          Y10

Observed independent variables
   X1          X2

Continuous latent variables
   F


Estimator                                                       ML
Information matrix                                        OBSERVED
Maximum number of iterations                                  1000
Convergence criterion                                    0.500D-04
Maximum number of steepest descent iterations                   20

Input data file(s)
  G3_B1_N3_rep475.csv

Input data format  FREE



UNIVARIATE SAMPLE STATISTICS


     UNIVARIATE HIGHER-ORDER MOMENT DESCRIPTIVE STATISTICS

         Variable/         Mean/     Skewness/   Minimum/ % with                Percentiles
        Sample Size      Variance    Kurtosis    Maximum  Min/Max      20%/60%    40%/80%    Median

     Y1                    1.823       0.934       1.000   38.00%       1.000      2.000      2.000
            1000.000       0.644       1.013       5.000    0.60%       2.000      2.000
     Y2                    1.819       1.002       1.000   38.00%       1.000      2.000      2.000
            1000.000       0.642       1.415       5.000    0.90%       2.000      2.000
     Y3                    3.084      -0.044       1.000    1.50%       2.000      3.000      3.000
            1000.000       0.633      -0.283       5.000    2.40%       3.000      4.000
     Y4                    3.060      -0.040       1.000    2.20%       2.000      3.000      3.000
            1000.000       0.646      -0.030       5.000    2.80%       3.000      4.000
     Y5                    3.072       0.116       1.000    1.40%       2.000      3.000      3.000
            1000.000       0.657      -0.163       5.000    3.60%       3.000      4.000
     Y6                    1.171       3.122       1.000   85.10%       1.000      1.000      1.000
            1000.000       0.198      12.742       5.000    0.10%       1.000      1.000
     Y7                    1.186       2.856       1.000   83.90%       1.000      1.000      1.000
            1000.000       0.211      10.300       5.000    0.10%       1.000      1.000
     Y8                    1.194       2.843       1.000   83.30%       1.000      1.000      1.000
            1000.000       0.224       9.624       4.000    0.70%       1.000      1.000
     Y9                    1.809       0.984       1.000   38.10%       1.000      2.000      2.000
            1000.000       0.625       1.323       5.000    0.70%       2.000      2.000
     Y10                   1.823       1.062       1.000   38.00%       1.000      2.000      2.000
            1000.000       0.660       1.625       5.000    1.10%       2.000      2.000
     X1                   -0.063      -0.125      -3.128    0.10%      -0.871     -0.295     -0.062
            1000.000       0.996       0.012       3.000    0.10%       0.194      0.779
     X2                    0.458       0.169       0.000   54.20%       0.000      0.000      0.000
            1000.000       0.248      -1.972       1.000   45.80%       1.000      1.000


THE MODEL ESTIMATION TERMINATED NORMALLY



MODEL FIT INFORMATION

Number of Free Parameters                       34

Loglikelihood

          H0 Value                       -6782.720

Information Criteria

          Akaike (AIC)                   13633.441
          Bayesian (BIC)                 13800.305
          Sample-Size Adjusted BIC       13692.319
            (n* = (n + 2) / 24)



MODEL RESULTS

                                                    Two-Tailed
                    Estimate       S.E.  Est./S.E.    P-Value

 F        BY
    Y1                 0.666      0.021     31.901      0.000
    Y2                 0.672      0.021     32.382      0.000
    Y3                 0.633      0.021     29.857      0.000
    Y4                 0.653      0.021     30.818      0.000
    Y5                 0.661      0.021     31.008      0.000
    Y6                 0.308      0.013     24.564      0.000
    Y7                 0.323      0.013     25.036      0.000
    Y8               999.000      0.000    999.000    999.000
    Y9                 0.652      0.021     31.598      0.000
    Y10                0.682      0.021     32.471      0.000

 Y8       ON
    X1                 0.015      0.011      1.357      0.175
    X2                -0.022      0.021     -1.041      0.298

 Means
    F                  0.000      0.000    999.000    999.000

 Intercepts
    Y1                 1.823      0.025     71.855      0.000
    Y2                 1.819      0.025     71.777      0.000
    Y3                 3.084      0.025    122.583      0.000
    Y4                 3.060      0.025    120.357      0.000
    Y5                 3.072      0.026    119.867      0.000
    Y6                 1.171      0.014     83.270      0.000
    Y7                 1.186      0.015     81.569      0.000
    Y8                 1.204      0.018     67.394      0.000
    Y9                 1.809      0.025     72.388      0.000
    Y10                1.823      0.026     70.978      0.000

 Variances
    F                  1.000      0.000    999.000    999.000

 Residual Variances
    Y1                 0.200      0.010     19.535      0.000
    Y2                 0.191      0.010     19.328      0.000
    Y3                 0.233      0.012     20.100      0.000
    Y4                 0.220      0.011     19.832      0.000
    Y5                 0.220      0.011     19.787      0.000
    Y6                 0.103      0.005     21.119      0.000
    Y7                 0.107      0.005     21.067      0.000
    Y8                 0.107      0.005     20.889      0.000
    Y9                 0.199      0.010     19.646      0.000
    Y10                0.195      0.010     19.294      0.000

New/Additional Parameters
    L8_0               0.340      0.017     20.617      0.000
    L8_1               0.026      0.011      2.382      0.017
    L8_2               0.000      0.022      0.011      0.991


QUALITY OF NUMERICAL RESULTS

     Condition Number for the Information Matrix              0.232E-04
       (ratio of smallest to largest eigenvalue)


     Beginning Time:  02:47:31
        Ending Time:  02:47:33
       Elapsed Time:  00:00:02



MUTHEN & MUTHEN
3463 Stoner Ave.
Los Angeles, CA  90066

Tel: (310) 391-9971
Fax: (310) 391-8971
Web: www.StatModel.com
Support: Support@StatModel.com

Copyright (c) 1998-2019 Muthen & Muthen
