Mplus VERSION 8.3
MUTHEN & MUTHEN
04/25/2024   3:00 AM

INPUT INSTRUCTIONS


  TITLE: Test with 10 reps

  DATA:
  File is
  G3_B1_N3_rep498.csv;

  VARIABLE:
      Names are x1 x2 eta
  	y1 y2 y3 y4 y5 y6 y7 y8 y9 y10;
      Usevariables are y1-y10 x1 x2;
      constraint = x1 x2;

  MODEL:
      f BY y1* (l1);
      f BY y2* (l2);
      f BY y3* (l3);
      f BY y4* (l4);
      f BY y5* (l5);
      f BY y6* (l6);
      f BY y7* (l7);
      f BY y8* (l8);
      f BY y9* (l9);
      f BY y10* (l10);

  y9 ON x1 x2;
  f@1;
  [f@0];

  MODEL CONSTRAINT:
      new (l9_0 l9_1 l9_2);
      l9 = l9_0 + l9_1*x1 + l9_2*x2;




INPUT READING TERMINATED NORMALLY



Test with 10 reps

SUMMARY OF ANALYSIS

Number of groups                                                 1
Number of observations                                        1000

Number of dependent variables                                   10
Number of independent variables                                  2
Number of continuous latent variables                            1

Observed dependent variables

  Continuous
   Y1          Y2          Y3          Y4          Y5          Y6
   Y7          Y8          Y9          Y10

Observed independent variables
   X1          X2

Continuous latent variables
   F


Estimator                                                       ML
Information matrix                                        OBSERVED
Maximum number of iterations                                  1000
Convergence criterion                                    0.500D-04
Maximum number of steepest descent iterations                   20

Input data file(s)
  G3_B1_N3_rep498.csv

Input data format  FREE



UNIVARIATE SAMPLE STATISTICS


     UNIVARIATE HIGHER-ORDER MOMENT DESCRIPTIVE STATISTICS

         Variable/         Mean/     Skewness/   Minimum/ % with                Percentiles
        Sample Size      Variance    Kurtosis    Maximum  Min/Max      20%/60%    40%/80%    Median

     Y1                    1.816       0.966       1.000   38.70%       1.000      2.000      2.000
            1000.000       0.648       1.190       5.000    0.80%       2.000      2.000
     Y2                    1.812       1.082       1.000   38.30%       1.000      2.000      2.000
            1000.000       0.653       1.605       5.000    0.90%       2.000      2.000
     Y3                    3.066       0.096       1.000    1.50%       2.000      3.000      3.000
            1000.000       0.634      -0.049       5.000    3.30%       3.000      4.000
     Y4                    3.073       0.083       1.000    1.90%       2.000      3.000      3.000
            1000.000       0.672      -0.034       5.000    3.90%       3.000      4.000
     Y5                    3.062       0.105       1.000    1.40%       2.000      3.000      3.000
            1000.000       0.630      -0.083       5.000    3.20%       3.000      4.000
     Y6                    1.195       3.136       1.000   83.90%       1.000      1.000      1.000
            1000.000       0.245      12.614       5.000    0.20%       1.000      1.000
     Y7                    1.196       2.964       1.000   83.70%       1.000      1.000      1.000
            1000.000       0.240      10.742       5.000    0.10%       1.000      1.000
     Y8                    1.192       3.277       1.000   83.90%       1.000      1.000      1.000
            1000.000       0.241      14.083       5.000    0.20%       1.000      1.000
     Y9                    1.794       1.039       1.000   39.70%       1.000      2.000      2.000
            1000.000       0.644       1.352       5.000    0.70%       2.000      2.000
     Y10                   1.817       0.933       1.000   39.00%       1.000      2.000      2.000
            1000.000       0.656       0.925       5.000    0.60%       2.000      2.000
     X1                    0.084       0.046      -3.455    0.10%      -0.761     -0.170      0.076
            1000.000       0.960      -0.192       2.746    0.10%       0.306      0.916
     X2                    0.496       0.016       0.000   50.40%       0.000      0.000      0.000
            1000.000       0.250      -2.000       1.000   49.60%       1.000      1.000


THE MODEL ESTIMATION TERMINATED NORMALLY



MODEL FIT INFORMATION

Number of Free Parameters                       34

Loglikelihood

          H0 Value                       -6917.953

Information Criteria

          Akaike (AIC)                   13903.906
          Bayesian (BIC)                 14070.769
          Sample-Size Adjusted BIC       13962.783
            (n* = (n + 2) / 24)



MODEL RESULTS

                                                    Two-Tailed
                    Estimate       S.E.  Est./S.E.    P-Value

 F        BY
    Y1                 0.671      0.021     32.157      0.000
    Y2                 0.679      0.021     32.519      0.000
    Y3                 0.655      0.021     31.440      0.000
    Y4                 0.661      0.022     30.502      0.000
    Y5                 0.645      0.021     30.900      0.000
    Y6                 0.353      0.014     25.613      0.000
    Y7                 0.347      0.014     25.413      0.000
    Y8                 0.345      0.014     25.077      0.000
    Y9               999.000      0.000    999.000    999.000
    Y10                0.684      0.021     32.806      0.000

 Y9       ON
    X1                -0.007      0.015     -0.485      0.627
    X2                -0.002      0.030     -0.059      0.953

 Means
    F                  0.000      0.000    999.000    999.000

 Intercepts
    Y1                 1.816      0.025     71.331      0.000
    Y2                 1.812      0.026     70.928      0.000
    Y3                 3.066      0.025    121.801      0.000
    Y4                 3.073      0.026    118.573      0.000
    Y5                 3.062      0.025    121.978      0.000
    Y6                 1.195      0.016     76.350      0.000
    Y7                 1.196      0.015     77.268      0.000
    Y8                 1.192      0.016     76.762      0.000
    Y9                 1.791      0.029     62.049      0.000
    Y10                1.817      0.026     70.968      0.000

 Variances
    F                  1.000      0.000    999.000    999.000

 Residual Variances
    Y1                 0.197      0.010     19.557      0.000
    Y2                 0.192      0.010     19.406      0.000
    Y3                 0.205      0.010     19.722      0.000
    Y4                 0.235      0.012     19.993      0.000
    Y5                 0.214      0.011     19.889      0.000
    Y6                 0.120      0.006     21.015      0.000
    Y7                 0.119      0.006     21.023      0.000
    Y8                 0.122      0.006     21.068      0.000
    Y9                 0.195      0.010     19.533      0.000
    Y10                0.188      0.010     19.298      0.000

New/Additional Parameters
    L9_0               0.643      0.026     24.690      0.000
    L9_1               0.028      0.014      1.969      0.049
    L9_2               0.042      0.031      1.367      0.172


QUALITY OF NUMERICAL RESULTS

     Condition Number for the Information Matrix              0.307E-04
       (ratio of smallest to largest eigenvalue)


     Beginning Time:  03:00:00
        Ending Time:  03:00:03
       Elapsed Time:  00:00:03



MUTHEN & MUTHEN
3463 Stoner Ave.
Los Angeles, CA  90066

Tel: (310) 391-9971
Fax: (310) 391-8971
Web: www.StatModel.com
Support: Support@StatModel.com

Copyright (c) 1998-2019 Muthen & Muthen
