Mplus VERSION 8.3
MUTHEN & MUTHEN
04/25/2024   3:05 AM

INPUT INSTRUCTIONS


  TITLE: Test with 10 reps

  DATA:
  File is
  G3_B1_N3_rep57.csv;

  VARIABLE:
      Names are x1 x2 eta
  	y1 y2 y3 y4 y5 y6 y7 y8 y9 y10;
      Usevariables are y1-y10 x1 x2;
      constraint = x1 x2;

  MODEL:
      f BY y1* (l1);
      f BY y2* (l2);
      f BY y3* (l3);
      f BY y4* (l4);
      f BY y5* (l5);
      f BY y6* (l6);
      f BY y7* (l7);
      f BY y8* (l8);
      f BY y9* (l9);
      f BY y10* (l10);

  y7 ON x1 x2;
  f@1;
  [f@0];

  MODEL CONSTRAINT:
      new (l7_0 l7_1 l7_2);
      l7 = l7_0 + l7_1*x1 + l7_2*x2;




INPUT READING TERMINATED NORMALLY



Test with 10 reps

SUMMARY OF ANALYSIS

Number of groups                                                 1
Number of observations                                        1000

Number of dependent variables                                   10
Number of independent variables                                  2
Number of continuous latent variables                            1

Observed dependent variables

  Continuous
   Y1          Y2          Y3          Y4          Y5          Y6
   Y7          Y8          Y9          Y10

Observed independent variables
   X1          X2

Continuous latent variables
   F


Estimator                                                       ML
Information matrix                                        OBSERVED
Maximum number of iterations                                  1000
Convergence criterion                                    0.500D-04
Maximum number of steepest descent iterations                   20

Input data file(s)
  G3_B1_N3_rep57.csv

Input data format  FREE



UNIVARIATE SAMPLE STATISTICS


     UNIVARIATE HIGHER-ORDER MOMENT DESCRIPTIVE STATISTICS

         Variable/         Mean/     Skewness/   Minimum/ % with                Percentiles
        Sample Size      Variance    Kurtosis    Maximum  Min/Max      20%/60%    40%/80%    Median

     Y1                    1.798       1.038       1.000   38.00%       1.000      2.000      2.000
            1000.000       0.609       1.586       5.000    0.70%       2.000      2.000
     Y2                    1.809       1.009       1.000   39.00%       1.000      2.000      2.000
            1000.000       0.653       1.235       5.000    0.70%       2.000      2.000
     Y3                    3.056       0.059       1.000    2.00%       2.000      3.000      3.000
            1000.000       0.673      -0.093       5.000    3.50%       3.000      4.000
     Y4                    3.049       0.091       1.000    2.00%       2.000      3.000      3.000
            1000.000       0.679      -0.079       5.000    3.70%       3.000      4.000
     Y5                    3.034       0.080       1.000    2.10%       2.000      3.000      3.000
            1000.000       0.639       0.131       5.000    3.30%       3.000      4.000
     Y6                    1.180       3.559       1.000   85.00%       1.000      1.000      1.000
            1000.000       0.236      16.460       5.000    0.20%       1.000      1.000
     Y7                    1.178       3.041       1.000   84.70%       1.000      1.000      1.000
            1000.000       0.208      11.784       5.000    0.10%       1.000      1.000
     Y8                    1.167       3.426       1.000   85.90%       1.000      1.000      1.000
            1000.000       0.209      14.984       5.000    0.10%       1.000      1.000
     Y9                    1.800       1.003       1.000   38.80%       1.000      2.000      2.000
            1000.000       0.624       1.428       5.000    0.80%       2.000      2.000
     Y10                   1.809       0.949       1.000   37.90%       1.000      2.000      2.000
            1000.000       0.613       1.278       5.000    0.70%       2.000      2.000
     X1                    0.055       0.050      -3.021    0.10%      -0.856     -0.214      0.090
            1000.000       0.978      -0.172       3.644    0.10%       0.328      0.899
     X2                    0.503      -0.012       0.000   49.70%       0.000      0.000      1.000
            1000.000       0.250      -2.000       1.000   50.30%       1.000      1.000


THE MODEL ESTIMATION TERMINATED NORMALLY



MODEL FIT INFORMATION

Number of Free Parameters                       34

Loglikelihood

          H0 Value                       -6711.628

Information Criteria

          Akaike (AIC)                   13491.255
          Bayesian (BIC)                 13658.119
          Sample-Size Adjusted BIC       13550.133
            (n* = (n + 2) / 24)



MODEL RESULTS

                                                    Two-Tailed
                    Estimate       S.E.  Est./S.E.    P-Value

 F        BY
    Y1                 0.645      0.020     31.664      0.000
    Y2                 0.682      0.021     32.812      0.000
    Y3                 0.675      0.021     31.483      0.000
    Y4                 0.669      0.022     30.886      0.000
    Y5                 0.648      0.021     30.764      0.000
    Y6                 0.336      0.014     24.619      0.000
    Y7               999.000      0.000    999.000    999.000
    Y8                 0.314      0.013     24.342      0.000
    Y9                 0.677      0.020     33.572      0.000
    Y10                0.657      0.020     32.464      0.000

 Y7       ON
    X1                 0.009      0.011      0.817      0.414
    X2                -0.011      0.021     -0.512      0.609

 Means
    F                  0.000      0.000    999.000    999.000

 Intercepts
    Y1                 1.798      0.025     72.847      0.000
    Y2                 1.809      0.026     70.818      0.000
    Y3                 3.056      0.026    117.813      0.000
    Y4                 3.049      0.026    117.045      0.000
    Y5                 3.034      0.025    120.038      0.000
    Y6                 1.180      0.015     76.877      0.000
    Y7                 1.173      0.017     68.771      0.000
    Y8                 1.167      0.014     80.702      0.000
    Y9                 1.800      0.025     72.058      0.000
    Y10                1.809      0.025     73.094      0.000

 Variances
    F                  1.000      0.000    999.000    999.000

 Residual Variances
    Y1                 0.194      0.010     19.738      0.000
    Y2                 0.187      0.010     19.315      0.000
    Y3                 0.217      0.011     19.766      0.000
    Y4                 0.230      0.012     19.945      0.000
    Y5                 0.219      0.011     19.980      0.000
    Y6                 0.122      0.006     21.178      0.000
    Y7                 0.101      0.005     20.978      0.000
    Y8                 0.110      0.005     21.206      0.000
    Y9                 0.166      0.009     18.991      0.000
    Y10                0.181      0.009     19.458      0.000

New/Additional Parameters
    L7_0               0.279      0.017     16.578      0.000
    L7_1               0.054      0.011      5.119      0.000
    L7_2               0.058      0.021      2.702      0.007


QUALITY OF NUMERICAL RESULTS

     Condition Number for the Information Matrix              0.228E-04
       (ratio of smallest to largest eigenvalue)


     Beginning Time:  03:05:25
        Ending Time:  03:05:27
       Elapsed Time:  00:00:02



MUTHEN & MUTHEN
3463 Stoner Ave.
Los Angeles, CA  90066

Tel: (310) 391-9971
Fax: (310) 391-8971
Web: www.StatModel.com
Support: Support@StatModel.com

Copyright (c) 1998-2019 Muthen & Muthen
