Mplus VERSION 8.3
MUTHEN & MUTHEN
04/25/2024   3:06 AM

INPUT INSTRUCTIONS


  TITLE: Test with 10 reps

  DATA:
  File is
  G3_B1_N3_rep59.csv;

  VARIABLE:
      Names are x1 x2 eta
  	y1 y2 y3 y4 y5 y6 y7 y8 y9 y10;
      Usevariables are y1-y10 x1 x2;
      constraint = x1 x2;

  MODEL:
      f BY y1* (l1);
      f BY y2* (l2);
      f BY y3* (l3);
      f BY y4* (l4);
      f BY y5* (l5);
      f BY y6* (l6);
      f BY y7* (l7);
      f BY y8* (l8);
      f BY y9* (l9);
      f BY y10* (l10);

  y8 ON x1 x2;
  f@1;
  [f@0];

  MODEL CONSTRAINT:
      new (l8_0 l8_1 l8_2);
      l8 = l8_0 + l8_1*x1 + l8_2*x2;




INPUT READING TERMINATED NORMALLY



Test with 10 reps

SUMMARY OF ANALYSIS

Number of groups                                                 1
Number of observations                                        1000

Number of dependent variables                                   10
Number of independent variables                                  2
Number of continuous latent variables                            1

Observed dependent variables

  Continuous
   Y1          Y2          Y3          Y4          Y5          Y6
   Y7          Y8          Y9          Y10

Observed independent variables
   X1          X2

Continuous latent variables
   F


Estimator                                                       ML
Information matrix                                        OBSERVED
Maximum number of iterations                                  1000
Convergence criterion                                    0.500D-04
Maximum number of steepest descent iterations                   20

Input data file(s)
  G3_B1_N3_rep59.csv

Input data format  FREE



UNIVARIATE SAMPLE STATISTICS


     UNIVARIATE HIGHER-ORDER MOMENT DESCRIPTIVE STATISTICS

         Variable/         Mean/     Skewness/   Minimum/ % with                Percentiles
        Sample Size      Variance    Kurtosis    Maximum  Min/Max      20%/60%    40%/80%    Median

     Y1                    1.840       0.922       1.000   37.20%       1.000      2.000      2.000
            1000.000       0.654       1.015       5.000    0.70%       2.000      2.000
     Y2                    1.848       0.982       1.000   36.00%       1.000      2.000      2.000
            1000.000       0.649       1.374       5.000    0.90%       2.000      2.000
     Y3                    3.054      -0.121       1.000    2.80%       2.000      3.000      3.000
            1000.000       0.661       0.008       5.000    2.60%       3.000      4.000
     Y4                    3.087      -0.078       1.000    2.00%       2.000      3.000      3.000
            1000.000       0.683      -0.321       5.000    2.80%       3.000      4.000
     Y5                    3.104       0.073       1.000    2.00%       2.000      3.000      3.000
            1000.000       0.709      -0.098       5.000    4.70%       3.000      4.000
     Y6                    1.179       2.662       1.000   84.10%       1.000      1.000      1.000
            1000.000       0.193       7.993       4.000    0.30%       1.000      1.000
     Y7                    1.199       2.726       1.000   82.30%       1.000      1.000      1.000
            1000.000       0.215       9.874       5.000    0.10%       1.000      1.000
     Y8                    1.181       2.968       1.000   84.80%       1.000      1.000      1.000
            1000.000       0.218      10.101       4.000    0.60%       1.000      1.000
     Y9                    1.842       0.953       1.000   36.30%       1.000      2.000      2.000
            1000.000       0.645       1.117       5.000    0.60%       2.000      2.000
     Y10                   1.810       0.808       1.000   37.90%       1.000      2.000      2.000
            1000.000       0.598       0.612       5.000    0.30%       2.000      2.000
     X1                   -0.009       0.023      -3.102    0.10%      -0.843     -0.254     -0.022
            1000.000       0.999      -0.006       3.093    0.10%       0.227      0.808
     X2                    0.516      -0.064       0.000   48.40%       0.000      0.000      1.000
            1000.000       0.250      -1.996       1.000   51.60%       1.000      1.000


THE MODEL ESTIMATION TERMINATED NORMALLY



MODEL FIT INFORMATION

Number of Free Parameters                       34

Loglikelihood

          H0 Value                       -6890.138

Information Criteria

          Akaike (AIC)                   13848.276
          Bayesian (BIC)                 14015.140
          Sample-Size Adjusted BIC       13907.154
            (n* = (n + 2) / 24)



MODEL RESULTS

                                                    Two-Tailed
                    Estimate       S.E.  Est./S.E.    P-Value

 F        BY
    Y1                 0.676      0.021     32.248      0.000
    Y2                 0.671      0.021     32.032      0.000
    Y3                 0.646      0.022     29.796      0.000
    Y4                 0.664      0.022     30.336      0.000
    Y5                 0.690      0.022     31.241      0.000
    Y6                 0.301      0.012     24.173      0.000
    Y7                 0.316      0.013     24.049      0.000
    Y8               999.000      0.000    999.000    999.000
    Y9                 0.688      0.021     33.529      0.000
    Y10                0.628      0.020     30.857      0.000

 Y8       ON
    X1                -0.004      0.011     -0.329      0.742
    X2                 0.011      0.022      0.506      0.613

 Means
    F                  0.000      0.000    999.000    999.000

 Intercepts
    Y1                 1.840      0.026     71.928      0.000
    Y2                 1.848      0.025     72.546      0.000
    Y3                 3.054      0.026    118.779      0.000
    Y4                 3.087      0.026    118.084      0.000
    Y5                 3.104      0.027    116.558      0.000
    Y6                 1.179      0.014     84.875      0.000
    Y7                 1.199      0.015     81.695      0.000
    Y8                 1.168      0.018     66.073      0.000
    Y9                 1.842      0.025     72.527      0.000
    Y10                1.810      0.024     74.023      0.000

 Variances
    F                  1.000      0.000    999.000    999.000

 Residual Variances
    Y1                 0.197      0.010     19.378      0.000
    Y2                 0.199      0.010     19.464      0.000
    Y3                 0.244      0.012     20.115      0.000
    Y4                 0.242      0.012     19.946      0.000
    Y5                 0.233      0.012     19.684      0.000
    Y6                 0.103      0.005     21.162      0.000
    Y7                 0.115      0.005     21.191      0.000
    Y8                 0.110      0.005     21.014      0.000
    Y9                 0.172      0.009     18.798      0.000
    Y10                0.203      0.010     19.849      0.000

New/Additional Parameters
    L8_0               0.276      0.017     15.807      0.000
    L8_1               0.037      0.012      3.096      0.002
    L8_2               0.085      0.022      3.786      0.000


QUALITY OF NUMERICAL RESULTS

     Condition Number for the Information Matrix              0.231E-04
       (ratio of smallest to largest eigenvalue)


     Beginning Time:  03:06:24
        Ending Time:  03:06:26
       Elapsed Time:  00:00:02



MUTHEN & MUTHEN
3463 Stoner Ave.
Los Angeles, CA  90066

Tel: (310) 391-9971
Fax: (310) 391-8971
Web: www.StatModel.com
Support: Support@StatModel.com

Copyright (c) 1998-2019 Muthen & Muthen
