Mplus VERSION 8.3
MUTHEN & MUTHEN
04/25/2024   3:09 AM

INPUT INSTRUCTIONS


  TITLE: Test with 10 reps

  DATA:
  File is
  G3_B1_N3_rep64.csv;

  VARIABLE:
      Names are x1 x2 eta
  	y1 y2 y3 y4 y5 y6 y7 y8 y9 y10;
      Usevariables are y1-y10 x1 x2;
      constraint = x1 x2;

  MODEL:
      f BY y1* (l1);
      f BY y2* (l2);
      f BY y3* (l3);
      f BY y4* (l4);
      f BY y5* (l5);
      f BY y6* (l6);
      f BY y7* (l7);
      f BY y8* (l8);
      f BY y9* (l9);
      f BY y10* (l10);

  y5 ON x1 x2;
  f@1;
  [f@0];

  MODEL CONSTRAINT:
      new (l5_0 l5_1 l5_2);
      l5 = l5_0 + l5_1*x1 + l5_2*x2;




INPUT READING TERMINATED NORMALLY



Test with 10 reps

SUMMARY OF ANALYSIS

Number of groups                                                 1
Number of observations                                        1000

Number of dependent variables                                   10
Number of independent variables                                  2
Number of continuous latent variables                            1

Observed dependent variables

  Continuous
   Y1          Y2          Y3          Y4          Y5          Y6
   Y7          Y8          Y9          Y10

Observed independent variables
   X1          X2

Continuous latent variables
   F


Estimator                                                       ML
Information matrix                                        OBSERVED
Maximum number of iterations                                  1000
Convergence criterion                                    0.500D-04
Maximum number of steepest descent iterations                   20

Input data file(s)
  G3_B1_N3_rep64.csv

Input data format  FREE



UNIVARIATE SAMPLE STATISTICS


     UNIVARIATE HIGHER-ORDER MOMENT DESCRIPTIVE STATISTICS

         Variable/         Mean/     Skewness/   Minimum/ % with                Percentiles
        Sample Size      Variance    Kurtosis    Maximum  Min/Max      20%/60%    40%/80%    Median

     Y1                    1.812       1.008       1.000   36.70%       1.000      2.000      2.000
            1000.000       0.601       1.580       5.000    0.70%       2.000      2.000
     Y2                    1.808       0.787       1.000   37.30%       1.000      2.000      2.000
            1000.000       0.579       0.568       5.000    0.20%       2.000      2.000
     Y3                    3.054      -0.029       1.000    2.00%       2.000      3.000      3.000
            1000.000       0.649      -0.161       5.000    2.60%       3.000      4.000
     Y4                    3.065      -0.036       1.000    2.00%       2.000      3.000      3.000
            1000.000       0.641      -0.084       5.000    2.70%       3.000      4.000
     Y5                    3.027      -0.060       1.000    2.40%       2.000      3.000      3.000
            1000.000       0.652      -0.138       5.000    2.30%       3.000      4.000
     Y6                    1.170       2.983       1.000   84.60%       1.000      1.000      1.000
            1000.000       0.183      12.287       5.000    0.10%       1.000      1.000
     Y7                    1.160       2.674       1.000   85.70%       1.000      1.000      1.000
            1000.000       0.170       7.359       4.000    0.10%       1.000      1.000
     Y8                    1.170       2.590       1.000   84.50%       1.000      1.000      1.000
            1000.000       0.175       7.429       4.000    0.20%       1.000      1.000
     Y9                    1.808       0.868       1.000   37.00%       1.000      2.000      2.000
            1000.000       0.579       1.080       5.000    0.50%       2.000      2.000
     Y10                   1.808       0.811       1.000   37.50%       1.000      2.000      2.000
            1000.000       0.583       0.773       5.000    0.40%       2.000      2.000
     X1                   -0.068       0.110      -3.071    0.10%      -0.906     -0.385     -0.128
            1000.000       1.018      -0.255       2.900    0.10%       0.169      0.822
     X2                    0.517      -0.068       0.000   48.30%       0.000      0.000      1.000
            1000.000       0.250      -1.995       1.000   51.70%       1.000      1.000


THE MODEL ESTIMATION TERMINATED NORMALLY



MODEL FIT INFORMATION

Number of Free Parameters                       34

Loglikelihood

          H0 Value                       -6420.914

Information Criteria

          Akaike (AIC)                   12909.827
          Bayesian (BIC)                 13076.691
          Sample-Size Adjusted BIC       12968.705
            (n* = (n + 2) / 24)



MODEL RESULTS

                                                    Two-Tailed
                    Estimate       S.E.  Est./S.E.    P-Value

 F        BY
    Y1                 0.636      0.020     31.349      0.000
    Y2                 0.631      0.020     31.834      0.000
    Y3                 0.659      0.021     31.135      0.000
    Y4                 0.662      0.021     31.666      0.000
    Y5               999.000      0.000    999.000    999.000
    Y6                 0.280      0.012     22.854      0.000
    Y7                 0.266      0.012     22.337      0.000
    Y8                 0.278      0.012     23.311      0.000
    Y9                 0.632      0.020     31.922      0.000
    Y10                0.644      0.020     32.667      0.000

 Y5       ON
    X1                 0.013      0.015      0.827      0.408
    X2                 0.058      0.031      1.894      0.058

 Means
    F                  0.000      0.000    999.000    999.000

 Intercepts
    Y1                 1.812      0.025     73.934      0.000
    Y2                 1.808      0.024     75.129      0.000
    Y3                 3.054      0.025    119.872      0.000
    Y4                 3.065      0.025    121.081      0.000
    Y5                 3.005      0.031     97.483      0.000
    Y6                 1.170      0.014     86.465      0.000
    Y7                 1.160      0.013     88.863      0.000
    Y8                 1.170      0.013     88.418      0.000
    Y9                 1.808      0.024     75.129      0.000
    Y10                1.808      0.024     74.871      0.000

 Variances
    F                  1.000      0.000    999.000    999.000

 Residual Variances
    Y1                 0.196      0.010     19.687      0.000
    Y2                 0.181      0.009     19.523      0.000
    Y3                 0.215      0.011     19.694      0.000
    Y4                 0.203      0.010     19.529      0.000
    Y5                 0.202      0.010     19.494      0.000
    Y6                 0.104      0.005     21.351      0.000
    Y7                 0.100      0.005     21.411      0.000
    Y8                 0.098      0.005     21.281      0.000
    Y9                 0.180      0.009     19.490      0.000
    Y10                0.169      0.009     19.173      0.000

New/Additional Parameters
    L5_0               0.697      0.027     26.142      0.000
    L5_1              -0.023      0.016     -1.492      0.136
    L5_2              -0.066      0.031     -2.104      0.035


QUALITY OF NUMERICAL RESULTS

     Condition Number for the Information Matrix              0.206E-04
       (ratio of smallest to largest eigenvalue)


     Beginning Time:  03:09:11
        Ending Time:  03:09:14
       Elapsed Time:  00:00:03



MUTHEN & MUTHEN
3463 Stoner Ave.
Los Angeles, CA  90066

Tel: (310) 391-9971
Fax: (310) 391-8971
Web: www.StatModel.com
Support: Support@StatModel.com

Copyright (c) 1998-2019 Muthen & Muthen
