Mplus VERSION 8.3
MUTHEN & MUTHEN
04/25/2024   3:21 AM

INPUT INSTRUCTIONS


  TITLE: Test with 10 reps

  DATA:
  File is
  G3_B1_N3_rep88.csv;

  VARIABLE:
      Names are x1 x2 eta
  	y1 y2 y3 y4 y5 y6 y7 y8 y9 y10;
      Usevariables are y1-y10 x1 x2;
      constraint = x1 x2;

  MODEL:
      f BY y1* (l1);
      f BY y2* (l2);
      f BY y3* (l3);
      f BY y4* (l4);
      f BY y5* (l5);
      f BY y6* (l6);
      f BY y7* (l7);
      f BY y8* (l8);
      f BY y9* (l9);
      f BY y10* (l10);

  y10 ON x1 x2;
  f@1;
  [f@0];

  MODEL CONSTRAINT:
      new (l10_0 l10_1 l10_2);
      l10 = l10_0 + l10_1*x1 + l10_2*x2;




INPUT READING TERMINATED NORMALLY



Test with 10 reps

SUMMARY OF ANALYSIS

Number of groups                                                 1
Number of observations                                        1000

Number of dependent variables                                   10
Number of independent variables                                  2
Number of continuous latent variables                            1

Observed dependent variables

  Continuous
   Y1          Y2          Y3          Y4          Y5          Y6
   Y7          Y8          Y9          Y10

Observed independent variables
   X1          X2

Continuous latent variables
   F


Estimator                                                       ML
Information matrix                                        OBSERVED
Maximum number of iterations                                  1000
Convergence criterion                                    0.500D-04
Maximum number of steepest descent iterations                   20

Input data file(s)
  G3_B1_N3_rep88.csv

Input data format  FREE



UNIVARIATE SAMPLE STATISTICS


     UNIVARIATE HIGHER-ORDER MOMENT DESCRIPTIVE STATISTICS

         Variable/         Mean/     Skewness/   Minimum/ % with                Percentiles
        Sample Size      Variance    Kurtosis    Maximum  Min/Max      20%/60%    40%/80%    Median

     Y1                    1.823       0.941       1.000   37.40%       1.000      2.000      2.000
            1000.000       0.628       1.191       5.000    0.70%       2.000      2.000
     Y2                    1.829       0.941       1.000   37.30%       1.000      2.000      2.000
            1000.000       0.638       1.145       5.000    0.70%       2.000      2.000
     Y3                    3.071      -0.038       1.000    1.80%       2.000      3.000      3.000
            1000.000       0.616      -0.038       5.000    2.50%       3.000      4.000
     Y4                    3.099      -0.060       1.000    2.20%       2.000      3.000      3.000
            1000.000       0.661      -0.015       5.000    3.30%       3.000      4.000
     Y5                    3.092       0.048       1.000    1.90%       2.000      3.000      3.000
            1000.000       0.688      -0.125       5.000    4.00%       3.000      4.000
     Y6                    1.189       2.615       1.000   83.10%       1.000      1.000      1.000
            1000.000       0.201       8.011       4.000    0.40%       1.000      1.000
     Y7                    1.199       3.077       1.000   83.10%       1.000      1.000      1.000
            1000.000       0.241      12.093       5.000    0.10%       1.000      1.000
     Y8                    1.178       2.871       1.000   84.40%       1.000      1.000      1.000
            1000.000       0.200       9.801       4.000    0.50%       1.000      1.000
     Y9                    1.821       0.901       1.000   38.20%       1.000      2.000      2.000
            1000.000       0.635       1.004       5.000    0.70%       2.000      2.000
     Y10                   1.847       0.950       1.000   36.90%       1.000      2.000      2.000
            1000.000       0.666       1.115       5.000    0.80%       2.000      2.000
     X1                   -0.048       0.104      -3.161    0.10%      -0.929     -0.314     -0.051
            1000.000       1.017      -0.032       3.090    0.10%       0.208      0.792
     X2                    0.479       0.084       0.000   52.10%       0.000      0.000      0.000
            1000.000       0.250      -1.993       1.000   47.90%       1.000      1.000


THE MODEL ESTIMATION TERMINATED NORMALLY



MODEL FIT INFORMATION

Number of Free Parameters                       34

Loglikelihood

          H0 Value                       -6799.012

Information Criteria

          Akaike (AIC)                   13666.024
          Bayesian (BIC)                 13832.888
          Sample-Size Adjusted BIC       13724.902
            (n* = (n + 2) / 24)



MODEL RESULTS

                                                    Two-Tailed
                    Estimate       S.E.  Est./S.E.    P-Value

 F        BY
    Y1                 0.674      0.020     33.143      0.000
    Y2                 0.664      0.021     32.013      0.000
    Y3                 0.636      0.021     30.727      0.000
    Y4                 0.667      0.021     31.347      0.000
    Y5                 0.671      0.022     30.644      0.000
    Y6                 0.310      0.013     24.491      0.000
    Y7                 0.339      0.014     24.411      0.000
    Y8                 0.305      0.013     24.030      0.000
    Y9                 0.672      0.021     32.712      0.000
    Y10              999.000      0.000    999.000    999.000

 Y10      ON
    X1                 0.030      0.015      1.960      0.050
    X2                 0.016      0.031      0.521      0.602

 Means
    F                  0.000      0.000    999.000    999.000

 Intercepts
    Y1                 1.823      0.025     72.765      0.000
    Y2                 1.829      0.025     72.425      0.000
    Y3                 3.071      0.025    123.738      0.000
    Y4                 3.099      0.026    120.519      0.000
    Y5                 3.092      0.026    117.921      0.000
    Y6                 1.189      0.014     83.807      0.000
    Y7                 1.199      0.016     77.171      0.000
    Y8                 1.178      0.014     83.231      0.000
    Y9                 1.821      0.025     72.267      0.000
    Y10                1.835      0.029     62.795      0.000

 Variances
    F                  1.000      0.000    999.000    999.000

 Residual Variances
    Y1                 0.174      0.009     19.082      0.000
    Y2                 0.196      0.010     19.539      0.000
    Y3                 0.212      0.011     19.890      0.000
    Y4                 0.216      0.011     19.710      0.000
    Y5                 0.238      0.012     19.934      0.000
    Y6                 0.105      0.005     21.156      0.000
    Y7                 0.127      0.006     21.158      0.000
    Y8                 0.107      0.005     21.220      0.000
    Y9                 0.183      0.010     19.276      0.000
    Y10                0.205      0.010     19.606      0.000

New/Additional Parameters
    L10_0              0.650      0.027     24.434      0.000
    L10_1              0.024      0.015      1.605      0.109
    L10_2              0.040      0.032      1.235      0.217


QUALITY OF NUMERICAL RESULTS

     Condition Number for the Information Matrix              0.241E-04
       (ratio of smallest to largest eigenvalue)


     Beginning Time:  03:21:53
        Ending Time:  03:21:55
       Elapsed Time:  00:00:02



MUTHEN & MUTHEN
3463 Stoner Ave.
Los Angeles, CA  90066

Tel: (310) 391-9971
Fax: (310) 391-8971
Web: www.StatModel.com
Support: Support@StatModel.com

Copyright (c) 1998-2019 Muthen & Muthen
