Mplus VERSION 8.3
MUTHEN & MUTHEN
04/25/2024   3:38 AM

INPUT INSTRUCTIONS


  TITLE: Test with 10 reps

  DATA:
  File is
  G3_B2_N1_rep127.csv;

  VARIABLE:
      Names are x1 x2 eta
  	y1 y2 y3 y4 y5 y6 y7 y8 y9 y10;
      Usevariables are y1-y10 x1 x2;
      constraint = x1 x2;

  MODEL:
      f BY y1* (l1);
      f BY y2* (l2);
      f BY y3* (l3);
      f BY y4* (l4);
      f BY y5* (l5);
      f BY y6* (l6);
      f BY y7* (l7);
      f BY y8* (l8);
      f BY y9* (l9);
      f BY y10* (l10);

  y7 ON x1 x2;
  f@1;
  [f@0];

  MODEL CONSTRAINT:
      new (l7_0 l7_1 l7_2);
      l7 = l7_0 + l7_1*x1 + l7_2*x2;




INPUT READING TERMINATED NORMALLY



Test with 10 reps

SUMMARY OF ANALYSIS

Number of groups                                                 1
Number of observations                                         250

Number of dependent variables                                   10
Number of independent variables                                  2
Number of continuous latent variables                            1

Observed dependent variables

  Continuous
   Y1          Y2          Y3          Y4          Y5          Y6
   Y7          Y8          Y9          Y10

Observed independent variables
   X1          X2

Continuous latent variables
   F


Estimator                                                       ML
Information matrix                                        OBSERVED
Maximum number of iterations                                  1000
Convergence criterion                                    0.500D-04
Maximum number of steepest descent iterations                   20

Input data file(s)
  G3_B2_N1_rep127.csv

Input data format  FREE



UNIVARIATE SAMPLE STATISTICS


     UNIVARIATE HIGHER-ORDER MOMENT DESCRIPTIVE STATISTICS

         Variable/         Mean/     Skewness/   Minimum/ % with                Percentiles
        Sample Size      Variance    Kurtosis    Maximum  Min/Max      20%/60%    40%/80%    Median

     Y1                    1.872       0.780       1.000   35.60%       1.000      2.000      2.000
             250.000       0.656       0.469       5.000    0.40%       2.000      2.000
     Y2                    1.864       1.079       1.000   38.00%       1.000      2.000      2.000
             250.000       0.750       1.460       5.000    1.60%       2.000      2.000
     Y3                    3.100       0.085       1.000    1.20%       2.000      3.000      3.000
             250.000       0.658      -0.260       5.000    3.60%       3.000      4.000
     Y4                    3.128       0.055       1.000    0.80%       2.000      3.000      3.000
             250.000       0.632      -0.364       5.000    3.20%       3.000      4.000
     Y5                    3.048      -0.188       1.000    2.00%       2.000      3.000      3.000
             250.000       0.590      -0.170       5.000    1.20%       3.000      4.000
     Y6                    1.200       2.226       1.000   82.40%       1.000      1.000      1.000
             250.000       0.208       4.293       3.000    2.40%       1.000      1.000
     Y7                    1.220       3.005       1.000   80.80%       1.000      1.000      1.000
             250.000       0.252      13.473       5.000    0.40%       1.000      1.000
     Y8                    1.236       2.459       1.000   79.60%       1.000      1.000      1.000
             250.000       0.260       7.119       4.000    0.80%       1.000      2.000
     Y9                    1.856       0.783       1.000   38.00%       1.000      2.000      2.000
             250.000       0.683       0.310       5.000    0.40%       2.000      2.000
     Y10                   1.876       0.840       1.000   34.00%       1.000      2.000      2.000
             250.000       0.637       0.762       5.000    0.40%       2.000      2.000
     X1                   -0.071      -0.061      -2.946    0.40%      -0.866     -0.278     -0.055
             250.000       0.935      -0.040       2.436    0.40%       0.125      0.740
     X2                    0.468       0.128       0.000   53.20%       0.000      0.000      0.000
             250.000       0.249      -1.984       1.000   46.80%       1.000      1.000


THE MODEL ESTIMATION TERMINATED NORMALLY



MODEL FIT INFORMATION

Number of Free Parameters                       34

Loglikelihood

          H0 Value                       -1690.168

Information Criteria

          Akaike (AIC)                    3448.337
          Bayesian (BIC)                  3568.066
          Sample-Size Adjusted BIC        3460.284
            (n* = (n + 2) / 24)



MODEL RESULTS

                                                    Two-Tailed
                    Estimate       S.E.  Est./S.E.    P-Value

 F        BY
    Y1                 0.681      0.042     16.297      0.000
    Y2                 0.762      0.043     17.563      0.000
    Y3                 0.662      0.043     15.559      0.000
    Y4                 0.632      0.042     14.955      0.000
    Y5                 0.606      0.041     14.809      0.000
    Y6                 0.325      0.025     12.810      0.000
    Y7               999.000      0.000    999.000    999.000
    Y8                 0.385      0.028     13.859      0.000
    Y9                 0.693      0.043     16.221      0.000
    Y10                0.697      0.040     17.345      0.000

 Y7       ON
    X1                 0.012      0.025      0.470      0.639
    X2                -0.082      0.048     -1.712      0.087

 Means
    F                  0.000      0.000    999.000    999.000

 Intercepts
    Y1                 1.872      0.051     36.555      0.000
    Y2                 1.864      0.055     34.043      0.000
    Y3                 3.100      0.051     60.425      0.000
    Y4                 3.128      0.050     62.231      0.000
    Y5                 3.048      0.049     62.758      0.000
    Y6                 1.200      0.029     41.603      0.000
    Y7                 1.248      0.039     32.342      0.000
    Y8                 1.236      0.032     38.304      0.000
    Y9                 1.856      0.052     35.502      0.000
    Y10                1.876      0.050     37.176      0.000

 Variances
    F                  1.000      0.000    999.000    999.000

 Residual Variances
    Y1                 0.192      0.020      9.809      0.000
    Y2                 0.169      0.018      9.219      0.000
    Y3                 0.220      0.022     10.019      0.000
    Y4                 0.232      0.023     10.166      0.000
    Y5                 0.222      0.022     10.221      0.000
    Y6                 0.102      0.010     10.558      0.000
    Y7                 0.129      0.012     10.586      0.000
    Y8                 0.112      0.011     10.383      0.000
    Y9                 0.203      0.021      9.850      0.000
    Y10                0.151      0.016      9.350      0.000

New/Additional Parameters
    L7_0               0.329      0.039      8.535      0.000
    L7_1               0.035      0.026      1.368      0.171
    L7_2               0.033      0.050      0.656      0.512


QUALITY OF NUMERICAL RESULTS

     Condition Number for the Information Matrix              0.917E-04
       (ratio of smallest to largest eigenvalue)


     Beginning Time:  03:37:59
        Ending Time:  03:38:00
       Elapsed Time:  00:00:01



MUTHEN & MUTHEN
3463 Stoner Ave.
Los Angeles, CA  90066

Tel: (310) 391-9971
Fax: (310) 391-8971
Web: www.StatModel.com
Support: Support@StatModel.com

Copyright (c) 1998-2019 Muthen & Muthen
