Mplus VERSION 8.3
MUTHEN & MUTHEN
04/25/2024   3:47 AM

INPUT INSTRUCTIONS


  TITLE: Test with 10 reps

  DATA:
  File is
  G3_B2_N1_rep155.csv;

  VARIABLE:
      Names are x1 x2 eta
  	y1 y2 y3 y4 y5 y6 y7 y8 y9 y10;
      Usevariables are y1-y10 x1 x2;
      constraint = x1 x2;

  MODEL:
      f BY y1* (l1);
      f BY y2* (l2);
      f BY y3* (l3);
      f BY y4* (l4);
      f BY y5* (l5);
      f BY y6* (l6);
      f BY y7* (l7);
      f BY y8* (l8);
      f BY y9* (l9);
      f BY y10* (l10);

  y6 ON x1 x2;
  f@1;
  [f@0];

  MODEL CONSTRAINT:
      new (l6_0 l6_1 l6_2);
      l6 = l6_0 + l6_1*x1 + l6_2*x2;




INPUT READING TERMINATED NORMALLY



Test with 10 reps

SUMMARY OF ANALYSIS

Number of groups                                                 1
Number of observations                                         250

Number of dependent variables                                   10
Number of independent variables                                  2
Number of continuous latent variables                            1

Observed dependent variables

  Continuous
   Y1          Y2          Y3          Y4          Y5          Y6
   Y7          Y8          Y9          Y10

Observed independent variables
   X1          X2

Continuous latent variables
   F


Estimator                                                       ML
Information matrix                                        OBSERVED
Maximum number of iterations                                  1000
Convergence criterion                                    0.500D-04
Maximum number of steepest descent iterations                   20

Input data file(s)
  G3_B2_N1_rep155.csv

Input data format  FREE



UNIVARIATE SAMPLE STATISTICS


     UNIVARIATE HIGHER-ORDER MOMENT DESCRIPTIVE STATISTICS

         Variable/         Mean/     Skewness/   Minimum/ % with                Percentiles
        Sample Size      Variance    Kurtosis    Maximum  Min/Max      20%/60%    40%/80%    Median

     Y1                    1.832       0.820       1.000   36.00%       1.000      2.000      2.000
             250.000       0.596       0.808       5.000    0.40%       2.000      2.000
     Y2                    1.840       0.671       1.000   34.40%       1.000      2.000      2.000
             250.000       0.558       0.248       4.000    2.80%       2.000      2.000
     Y3                    3.064      -0.006       1.000    1.60%       2.000      3.000      3.000
             250.000       0.596       0.002       5.000    2.40%       3.000      4.000
     Y4                    3.100      -0.068       1.000    2.00%       3.000      3.000      3.000
             250.000       0.594       0.278       5.000    2.80%       3.000      4.000
     Y5                    3.120      -0.197       1.000    2.00%       3.000      3.000      3.000
             250.000       0.554       0.390       5.000    2.00%       3.000      4.000
     Y6                    1.152       3.170       1.000   86.80%       1.000      1.000      1.000
             250.000       0.177      11.814       4.000    0.40%       1.000      1.000
     Y7                    1.140       2.708       1.000   87.20%       1.000      1.000      1.000
             250.000       0.144       6.947       3.000    1.20%       1.000      1.000
     Y8                    1.164       2.904       1.000   85.20%       1.000      1.000      1.000
             250.000       0.177      10.285       4.000    0.40%       1.000      1.000
     Y9                    1.792       0.664       1.000   34.40%       1.000      2.000      2.000
             250.000       0.477       0.591       4.000    2.00%       2.000      2.000
     Y10                   1.840       0.794       1.000   33.60%       1.000      2.000      2.000
             250.000       0.550       1.048       5.000    0.40%       2.000      2.000
     X1                   -0.023       0.028      -2.304    0.40%      -0.886     -0.222      0.023
             250.000       0.939      -0.109       2.805    0.40%       0.217      0.632
     X2                    0.516      -0.064       0.000   48.40%       0.000      0.000      1.000
             250.000       0.250      -1.996       1.000   51.60%       1.000      1.000


THE MODEL ESTIMATION TERMINATED NORMALLY



MODEL FIT INFORMATION

Number of Free Parameters                       34

Loglikelihood

          H0 Value                       -1537.294

Information Criteria

          Akaike (AIC)                    3142.587
          Bayesian (BIC)                  3262.317
          Sample-Size Adjusted BIC        3154.534
            (n* = (n + 2) / 24)



MODEL RESULTS

                                                    Two-Tailed
                    Estimate       S.E.  Est./S.E.    P-Value

 F        BY
    Y1                 0.620      0.041     15.132      0.000
    Y2                 0.599      0.040     15.084      0.000
    Y3                 0.641      0.040     15.936      0.000
    Y4                 0.653      0.040     16.438      0.000
    Y5                 0.607      0.039     15.482      0.000
    Y6               999.000      0.000    999.000    999.000
    Y7                 0.238      0.022     10.762      0.000
    Y8                 0.284      0.024     11.876      0.000
    Y9                 0.547      0.037     14.850      0.000
    Y10                0.624      0.038     16.232      0.000

 Y6       ON
    X1                -0.013      0.021     -0.623      0.533
    X2                 0.006      0.045      0.144      0.885

 Means
    F                  0.000      0.000    999.000    999.000

 Intercepts
    Y1                 1.832      0.049     37.528      0.000
    Y2                 1.840      0.047     38.933      0.000
    Y3                 3.064      0.049     62.758      0.000
    Y4                 3.100      0.049     63.597      0.000
    Y5                 3.120      0.047     66.302      0.000
    Y6                 1.119      0.032     35.465      0.000
    Y7                 1.140      0.024     47.434      0.000
    Y8                 1.164      0.027     43.733      0.000
    Y9                 1.792      0.044     41.036      0.000
    Y10                1.840      0.047     39.215      0.000

 Variances
    F                  1.000      0.000    999.000    999.000

 Residual Variances
    Y1                 0.212      0.021      9.941      0.000
    Y2                 0.200      0.020      9.942      0.000
    Y3                 0.185      0.019      9.656      0.000
    Y4                 0.168      0.018      9.386      0.000
    Y5                 0.185      0.019      9.761      0.000
    Y6                 0.100      0.010     10.511      0.000
    Y7                 0.088      0.008     10.709      0.000
    Y8                 0.096      0.009     10.571      0.000
    Y9                 0.177      0.018     10.024      0.000
    Y10                0.162      0.017      9.510      0.000

New/Additional Parameters
    L6_0               0.139      0.032      4.291      0.000
    L6_1               0.003      0.022      0.138      0.890
    L6_2               0.217      0.045      4.805      0.000


QUALITY OF NUMERICAL RESULTS

     Condition Number for the Information Matrix              0.660E-04
       (ratio of smallest to largest eigenvalue)


     Beginning Time:  03:47:25
        Ending Time:  03:47:27
       Elapsed Time:  00:00:02



MUTHEN & MUTHEN
3463 Stoner Ave.
Los Angeles, CA  90066

Tel: (310) 391-9971
Fax: (310) 391-8971
Web: www.StatModel.com
Support: Support@StatModel.com

Copyright (c) 1998-2019 Muthen & Muthen
