Mplus VERSION 8.3
MUTHEN & MUTHEN
04/25/2024   3:47 AM

INPUT INSTRUCTIONS


  TITLE: Test with 10 reps

  DATA:
  File is
  G3_B2_N1_rep156.csv;

  VARIABLE:
      Names are x1 x2 eta
  	y1 y2 y3 y4 y5 y6 y7 y8 y9 y10;
      Usevariables are y1-y10 x1 x2;
      constraint = x1 x2;

  MODEL:
      f BY y1* (l1);
      f BY y2* (l2);
      f BY y3* (l3);
      f BY y4* (l4);
      f BY y5* (l5);
      f BY y6* (l6);
      f BY y7* (l7);
      f BY y8* (l8);
      f BY y9* (l9);
      f BY y10* (l10);

  y8 ON x1 x2;
  f@1;
  [f@0];

  MODEL CONSTRAINT:
      new (l8_0 l8_1 l8_2);
      l8 = l8_0 + l8_1*x1 + l8_2*x2;




INPUT READING TERMINATED NORMALLY



Test with 10 reps

SUMMARY OF ANALYSIS

Number of groups                                                 1
Number of observations                                         250

Number of dependent variables                                   10
Number of independent variables                                  2
Number of continuous latent variables                            1

Observed dependent variables

  Continuous
   Y1          Y2          Y3          Y4          Y5          Y6
   Y7          Y8          Y9          Y10

Observed independent variables
   X1          X2

Continuous latent variables
   F


Estimator                                                       ML
Information matrix                                        OBSERVED
Maximum number of iterations                                  1000
Convergence criterion                                    0.500D-04
Maximum number of steepest descent iterations                   20

Input data file(s)
  G3_B2_N1_rep156.csv

Input data format  FREE



UNIVARIATE SAMPLE STATISTICS


     UNIVARIATE HIGHER-ORDER MOMENT DESCRIPTIVE STATISTICS

         Variable/         Mean/     Skewness/   Minimum/ % with                Percentiles
        Sample Size      Variance    Kurtosis    Maximum  Min/Max      20%/60%    40%/80%    Median

     Y1                    1.832       0.455       1.000   33.60%       1.000      2.000      2.000
             250.000       0.500      -0.219       4.000    1.20%       2.000      2.000
     Y2                    1.804       0.808       1.000   36.00%       1.000      2.000      2.000
             250.000       0.542       1.044       5.000    0.40%       2.000      2.000
     Y3                    3.148       0.019       1.000    0.80%       3.000      3.000      3.000
             250.000       0.526       0.100       5.000    2.40%       3.000      4.000
     Y4                    3.100       0.093       2.000   20.40%       2.000      3.000      3.000
             250.000       0.530      -0.559       5.000    1.60%       3.000      4.000
     Y5                    3.144      -0.050       1.000    0.40%       3.000      3.000      3.000
             250.000       0.539      -0.442       5.000    1.60%       3.000      4.000
     Y6                    1.172       1.942       1.000   83.20%       1.000      1.000      1.000
             250.000       0.150       2.413       3.000    0.40%       1.000      1.000
     Y7                    1.148       2.421       1.000   86.00%       1.000      1.000      1.000
             250.000       0.142       5.126       3.000    0.80%       1.000      1.000
     Y8                    1.140       2.540       1.000   86.80%       1.000      1.000      1.000
             250.000       0.136       5.810       3.000    0.80%       1.000      1.000
     Y9                    1.836       0.579       1.000   33.20%       1.000      2.000      2.000
             250.000       0.513       0.176       4.000    2.00%       2.000      2.000
     Y10                   1.868       0.662       1.000   33.20%       1.000      2.000      2.000
             250.000       0.579       0.206       4.000    3.20%       2.000      2.000
     X1                   -0.017      -0.120      -3.660    0.40%      -0.878     -0.252     -0.015
             250.000       1.027       0.459       3.318    0.40%       0.288      0.859
     X2                    0.472       0.112       0.000   52.80%       0.000      0.000      0.000
             250.000       0.249      -1.987       1.000   47.20%       1.000      1.000


THE MODEL ESTIMATION TERMINATED NORMALLY



MODEL FIT INFORMATION

Number of Free Parameters                       34

Loglikelihood

          H0 Value                       -1391.973

Information Criteria

          Akaike (AIC)                    2851.945
          Bayesian (BIC)                  2971.675
          Sample-Size Adjusted BIC        2863.892
            (n* = (n + 2) / 24)



MODEL RESULTS

                                                    Two-Tailed
                    Estimate       S.E.  Est./S.E.    P-Value

 F        BY
    Y1                 0.562      0.038     14.924      0.000
    Y2                 0.622      0.038     16.413      0.000
    Y3                 0.580      0.038     15.074      0.000
    Y4                 0.587      0.038     15.260      0.000
    Y5                 0.589      0.039     15.126      0.000
    Y6                 0.269      0.022     12.310      0.000
    Y7                 0.265      0.021     12.523      0.000
    Y8               999.000      0.000    999.000    999.000
    Y9                 0.608      0.037     16.503      0.000
    Y10                0.641      0.039     16.313      0.000

 Y8       ON
    X1                -0.022      0.017     -1.292      0.196
    X2                -0.009      0.037     -0.241      0.809

 Means
    F                  0.000      0.000    999.000    999.000

 Intercepts
    Y1                 1.832      0.045     40.974      0.000
    Y2                 1.804      0.047     38.759      0.000
    Y3                 3.148      0.046     68.623      0.000
    Y4                 3.100      0.046     67.328      0.000
    Y5                 3.144      0.046     67.694      0.000
    Y6                 1.172      0.025     47.780      0.000
    Y7                 1.148      0.024     48.153      0.000
    Y8                 1.118      0.026     42.608      0.000
    Y9                 1.836      0.045     40.527      0.000
    Y10                1.868      0.048     38.830      0.000

 Variances
    F                  1.000      0.000    999.000    999.000

 Residual Variances
    Y1                 0.184      0.018     10.064      0.000
    Y2                 0.154      0.016      9.552      0.000
    Y3                 0.189      0.019     10.032      0.000
    Y4                 0.185      0.019      9.951      0.000
    Y5                 0.192      0.019      9.978      0.000
    Y6                 0.078      0.007     10.555      0.000
    Y7                 0.072      0.007     10.476      0.000
    Y8                 0.068      0.006     10.411      0.000
    Y9                 0.144      0.015      9.506      0.000
    Y10                0.168      0.018      9.604      0.000

New/Additional Parameters
    L8_0               0.172      0.027      6.315      0.000
    L8_1               0.026      0.019      1.385      0.166
    L8_2               0.157      0.037      4.254      0.000


QUALITY OF NUMERICAL RESULTS

     Condition Number for the Information Matrix              0.406E-04
       (ratio of smallest to largest eigenvalue)


     Beginning Time:  03:47:48
        Ending Time:  03:47:49
       Elapsed Time:  00:00:01



MUTHEN & MUTHEN
3463 Stoner Ave.
Los Angeles, CA  90066

Tel: (310) 391-9971
Fax: (310) 391-8971
Web: www.StatModel.com
Support: Support@StatModel.com

Copyright (c) 1998-2019 Muthen & Muthen
