Mplus VERSION 8.3
MUTHEN & MUTHEN
04/25/2024   3:30 AM

INPUT INSTRUCTIONS


  TITLE: Test with 10 reps

  DATA:
  File is
  G3_B2_N1_rep106.csv;

  VARIABLE:
      Names are x1 x2 eta
  	y1 y2 y3 y4 y5 y6 y7 y8 y9 y10;
      Usevariables are y1-y10 x1 x2;
      constraint = x1 x2;

  MODEL:
      f BY y1* (l1);
      f BY y2* (l2);
      f BY y3* (l3);
      f BY y4* (l4);
      f BY y5* (l5);
      f BY y6* (l6);
      f BY y7* (l7);
      f BY y8* (l8);
      f BY y9* (l9);
      f BY y10* (l10);

  y4 ON x1 x2;
  f@1;
  [f@0];

  MODEL CONSTRAINT:
      new (l4_0 l4_1 l4_2);
      l4 = l4_0 + l4_1*x1 + l4_2*x2;




INPUT READING TERMINATED NORMALLY



Test with 10 reps

SUMMARY OF ANALYSIS

Number of groups                                                 1
Number of observations                                         250

Number of dependent variables                                   10
Number of independent variables                                  2
Number of continuous latent variables                            1

Observed dependent variables

  Continuous
   Y1          Y2          Y3          Y4          Y5          Y6
   Y7          Y8          Y9          Y10

Observed independent variables
   X1          X2

Continuous latent variables
   F


Estimator                                                       ML
Information matrix                                        OBSERVED
Maximum number of iterations                                  1000
Convergence criterion                                    0.500D-04
Maximum number of steepest descent iterations                   20

Input data file(s)
  G3_B2_N1_rep106.csv

Input data format  FREE



UNIVARIATE SAMPLE STATISTICS


     UNIVARIATE HIGHER-ORDER MOMENT DESCRIPTIVE STATISTICS

         Variable/         Mean/     Skewness/   Minimum/ % with                Percentiles
        Sample Size      Variance    Kurtosis    Maximum  Min/Max      20%/60%    40%/80%    Median

     Y1                    1.840       0.948       1.000   33.60%       1.000      2.000      2.000
             250.000       0.566       1.772       5.000    0.80%       2.000      2.000
     Y2                    1.856       0.552       1.000   31.20%       1.000      2.000      2.000
             250.000       0.499       0.248       4.000    2.00%       2.000      2.000
     Y3                    3.168      -0.362       1.000    3.20%       3.000      3.000      3.000
             250.000       0.668       0.217       5.000    2.80%       3.000      4.000
     Y4                    3.104      -0.191       1.000    2.40%       2.000      3.000      3.000
             250.000       0.653      -0.095       5.000    2.40%       3.000      4.000
     Y5                    3.112      -0.115       1.000    1.60%       2.000      3.000      3.000
             250.000       0.651      -0.357       5.000    2.40%       3.000      4.000
     Y6                    1.180       2.022       1.000   82.80%       1.000      1.000      1.000
             250.000       0.164       3.082       3.000    0.80%       1.000      1.000
     Y7                    1.172       2.112       1.000   83.60%       1.000      1.000      1.000
             250.000       0.158       3.511       3.000    0.80%       1.000      1.000
     Y8                    1.160       2.258       1.000   84.80%       1.000      1.000      1.000
             250.000       0.150       4.248       3.000    0.80%       1.000      1.000
     Y9                    1.852       0.832       1.000   34.40%       1.000      2.000      2.000
             250.000       0.598       0.893       5.000    0.40%       2.000      2.000
     Y10                   1.880       0.872       1.000   31.20%       1.000      2.000      2.000
             250.000       0.570       1.569       5.000    0.80%       2.000      2.000
     X1                   -0.014      -0.161      -2.945    0.40%      -0.777     -0.177      0.014
             250.000       0.989       0.393       3.066    0.40%       0.283      0.742
     X2                    0.528      -0.112       0.000   47.20%       0.000      0.000      1.000
             250.000       0.249      -1.987       1.000   52.80%       1.000      1.000


THE MODEL ESTIMATION TERMINATED NORMALLY



MODEL FIT INFORMATION

Number of Free Parameters                       34

Loglikelihood

          H0 Value                       -1614.551

Information Criteria

          Akaike (AIC)                    3297.101
          Bayesian (BIC)                  3416.831
          Sample-Size Adjusted BIC        3309.048
            (n* = (n + 2) / 24)



MODEL RESULTS

                                                    Two-Tailed
                    Estimate       S.E.  Est./S.E.    P-Value

 F        BY
    Y1                 0.623      0.039     15.845      0.000
    Y2                 0.563      0.038     14.960      0.000
    Y3                 0.660      0.043     15.252      0.000
    Y4               999.000      0.000    999.000    999.000
    Y5                 0.669      0.042     15.854      0.000
    Y6                 0.262      0.023     11.238      0.000
    Y7                 0.253      0.023     10.945      0.000
    Y8                 0.228      0.023      9.935      0.000
    Y9                 0.630      0.041     15.446      0.000
    Y10                0.615      0.040     15.479      0.000

 Y4       ON
    X1                -0.040      0.034     -1.162      0.245
    X2                -0.042      0.065     -0.650      0.516

 Means
    F                  0.000      0.000    999.000    999.000

 Intercepts
    Y1                 1.840      0.048     38.657      0.000
    Y2                 1.856      0.045     41.532      0.000
    Y3                 3.168      0.052     61.297      0.000
    Y4                 3.157      0.066     48.083      0.000
    Y5                 3.112      0.051     60.963      0.000
    Y6                 1.180      0.026     46.128      0.000
    Y7                 1.172      0.025     46.558      0.000
    Y8                 1.160      0.025     47.294      0.000
    Y9                 1.852      0.049     37.864      0.000
    Y10                1.880      0.048     39.386      0.000

 Variances
    F                  1.000      0.000    999.000    999.000

 Residual Variances
    Y1                 0.178      0.019      9.586      0.000
    Y2                 0.182      0.018      9.923      0.000
    Y3                 0.232      0.024      9.803      0.000
    Y4                 0.218      0.023      9.536      0.000
    Y5                 0.204      0.021      9.563      0.000
    Y6                 0.095      0.009     10.619      0.000
    Y7                 0.094      0.009     10.662      0.000
    Y8                 0.099      0.009     10.785      0.000
    Y9                 0.201      0.021      9.762      0.000
    Y10                0.191      0.020      9.756      0.000

New/Additional Parameters
    L4_0               0.734      0.061     12.103      0.000
    L4_1              -0.084      0.035     -2.389      0.017
    L4_2              -0.106      0.068     -1.552      0.121


QUALITY OF NUMERICAL RESULTS

     Condition Number for the Information Matrix              0.753E-04
       (ratio of smallest to largest eigenvalue)


     Beginning Time:  03:30:46
        Ending Time:  03:30:47
       Elapsed Time:  00:00:01



MUTHEN & MUTHEN
3463 Stoner Ave.
Los Angeles, CA  90066

Tel: (310) 391-9971
Fax: (310) 391-8971
Web: www.StatModel.com
Support: Support@StatModel.com

Copyright (c) 1998-2019 Muthen & Muthen
