Mplus VERSION 8.3
MUTHEN & MUTHEN
04/25/2024   3:31 AM

INPUT INSTRUCTIONS


  TITLE: Test with 10 reps

  DATA:
  File is
  G3_B2_N1_rep108.csv;

  VARIABLE:
      Names are x1 x2 eta
  	y1 y2 y3 y4 y5 y6 y7 y8 y9 y10;
      Usevariables are y1-y10 x1 x2;
      constraint = x1 x2;

  MODEL:
      f BY y1* (l1);
      f BY y2* (l2);
      f BY y3* (l3);
      f BY y4* (l4);
      f BY y5* (l5);
      f BY y6* (l6);
      f BY y7* (l7);
      f BY y8* (l8);
      f BY y9* (l9);
      f BY y10* (l10);

  y2 ON x1 x2;
  f@1;
  [f@0];

  MODEL CONSTRAINT:
      new (l2_0 l2_1 l2_2);
      l2 = l2_0 + l2_1*x1 + l2_2*x2;




INPUT READING TERMINATED NORMALLY



Test with 10 reps

SUMMARY OF ANALYSIS

Number of groups                                                 1
Number of observations                                         250

Number of dependent variables                                   10
Number of independent variables                                  2
Number of continuous latent variables                            1

Observed dependent variables

  Continuous
   Y1          Y2          Y3          Y4          Y5          Y6
   Y7          Y8          Y9          Y10

Observed independent variables
   X1          X2

Continuous latent variables
   F


Estimator                                                       ML
Information matrix                                        OBSERVED
Maximum number of iterations                                  1000
Convergence criterion                                    0.500D-04
Maximum number of steepest descent iterations                   20

Input data file(s)
  G3_B2_N1_rep108.csv

Input data format  FREE



UNIVARIATE SAMPLE STATISTICS


     UNIVARIATE HIGHER-ORDER MOMENT DESCRIPTIVE STATISTICS

         Variable/         Mean/     Skewness/   Minimum/ % with                Percentiles
        Sample Size      Variance    Kurtosis    Maximum  Min/Max      20%/60%    40%/80%    Median

     Y1                    1.984       0.555       1.000   26.40%       1.000      2.000      2.000
             250.000       0.592       0.105       4.000    4.00%       2.000      3.000
     Y2                    1.952       0.746       1.000   29.20%       1.000      2.000      2.000
             250.000       0.638       0.620       5.000    0.40%       2.000      2.000
     Y3                    3.220       0.029       1.000    1.20%       3.000      3.000      3.000
             250.000       0.692      -0.203       5.000    5.60%       3.000      4.000
     Y4                    3.268      -0.221       1.000    1.60%       3.000      3.000      3.000
             250.000       0.668      -0.097       5.000    4.40%       3.000      4.000
     Y5                    3.248      -0.133       1.000    1.20%       3.000      3.000      3.000
             250.000       0.586       0.090       5.000    3.60%       3.000      4.000
     Y6                    1.216       1.986       1.000   80.40%       1.000      1.000      1.000
             250.000       0.209       3.180       3.000    2.00%       1.000      1.000
     Y7                    1.200       2.479       1.000   82.00%       1.000      1.000      1.000
             250.000       0.208       7.178       4.000    0.40%       1.000      1.000
     Y8                    1.204       2.433       1.000   81.60%       1.000      1.000      1.000
             250.000       0.210       6.900       4.000    0.40%       1.000      1.000
     Y9                    1.948       0.665       1.000   30.40%       1.000      2.000      2.000
             250.000       0.633       0.649       5.000    0.80%       2.000      3.000
     Y10                   1.984       0.710       1.000   26.80%       1.000      2.000      2.000
             250.000       0.624       0.633       5.000    0.40%       2.000      3.000
     X1                   -0.028       0.077      -3.297    0.40%      -0.868     -0.276     -0.087
             250.000       1.120       0.217       3.158    0.40%       0.232      0.817
     X2                    0.524      -0.096       0.000   47.60%       0.000      0.000      1.000
             250.000       0.249      -1.991       1.000   52.40%       1.000      1.000


THE MODEL ESTIMATION TERMINATED NORMALLY



MODEL FIT INFORMATION

Number of Free Parameters                       34

Loglikelihood

          H0 Value                       -1669.201

Information Criteria

          Akaike (AIC)                    3406.401
          Bayesian (BIC)                  3526.131
          Sample-Size Adjusted BIC        3418.348
            (n* = (n + 2) / 24)



MODEL RESULTS

                                                    Two-Tailed
                    Estimate       S.E.  Est./S.E.    P-Value

 F        BY
    Y1                 0.645      0.040     16.230      0.000
    Y2               999.000      0.000    999.000    999.000
    Y3                 0.713      0.042     16.803      0.000
    Y4                 0.653      0.043     15.028      0.000
    Y5                 0.604      0.041     14.756      0.000
    Y6                 0.308      0.026     11.854      0.000
    Y7                 0.304      0.026     11.705      0.000
    Y8                 0.308      0.026     11.811      0.000
    Y9                 0.665      0.041     16.108      0.000
    Y10                0.652      0.041     15.813      0.000

 Y2       ON
    X1                 0.026      0.026      0.985      0.325
    X2                -0.006      0.057     -0.102      0.919

 Means
    F                  0.000      0.000    999.000    999.000

 Intercepts
    Y1                 1.984      0.049     40.780      0.000
    Y2                 1.937      0.056     34.292      0.000
    Y3                 3.220      0.053     61.221      0.000
    Y4                 3.268      0.052     63.213      0.000
    Y5                 3.248      0.048     67.058      0.000
    Y6                 1.216      0.029     42.022      0.000
    Y7                 1.200      0.029     41.603      0.000
    Y8                 1.204      0.029     41.504      0.000
    Y9                 1.948      0.050     38.704      0.000
    Y10                1.984      0.050     39.720      0.000

 Variances
    F                  1.000      0.000    999.000    999.000

 Residual Variances
    Y1                 0.175      0.018      9.733      0.000
    Y2                 0.152      0.017      9.181      0.000
    Y3                 0.183      0.019      9.440      0.000
    Y4                 0.242      0.024     10.063      0.000
    Y5                 0.222      0.022     10.153      0.000
    Y6                 0.114      0.011     10.648      0.000
    Y7                 0.116      0.011     10.677      0.000
    Y8                 0.115      0.011     10.640      0.000
    Y9                 0.192      0.020      9.746      0.000
    Y10                0.199      0.020      9.871      0.000

New/Additional Parameters
    L2_0               0.642      0.049     13.156      0.000
    L2_1               0.037      0.028      1.328      0.184
    L2_2               0.097      0.058      1.678      0.093


QUALITY OF NUMERICAL RESULTS

     Condition Number for the Information Matrix              0.113E-03
       (ratio of smallest to largest eigenvalue)


     Beginning Time:  03:31:20
        Ending Time:  03:31:21
       Elapsed Time:  00:00:01



MUTHEN & MUTHEN
3463 Stoner Ave.
Los Angeles, CA  90066

Tel: (310) 391-9971
Fax: (310) 391-8971
Web: www.StatModel.com
Support: Support@StatModel.com

Copyright (c) 1998-2019 Muthen & Muthen
