Mplus VERSION 8.3
MUTHEN & MUTHEN
04/25/2024   3:49 AM

INPUT INSTRUCTIONS


  TITLE: Test with 10 reps

  DATA:
  File is
  G3_B2_N1_rep162.csv;

  VARIABLE:
      Names are x1 x2 eta
  	y1 y2 y3 y4 y5 y6 y7 y8 y9 y10;
      Usevariables are y1-y10 x1 x2;
      constraint = x1 x2;

  MODEL:
      f BY y1* (l1);
      f BY y2* (l2);
      f BY y3* (l3);
      f BY y4* (l4);
      f BY y5* (l5);
      f BY y6* (l6);
      f BY y7* (l7);
      f BY y8* (l8);
      f BY y9* (l9);
      f BY y10* (l10);

  y6 ON x1 x2;
  f@1;
  [f@0];

  MODEL CONSTRAINT:
      new (l6_0 l6_1 l6_2);
      l6 = l6_0 + l6_1*x1 + l6_2*x2;




INPUT READING TERMINATED NORMALLY



Test with 10 reps

SUMMARY OF ANALYSIS

Number of groups                                                 1
Number of observations                                         250

Number of dependent variables                                   10
Number of independent variables                                  2
Number of continuous latent variables                            1

Observed dependent variables

  Continuous
   Y1          Y2          Y3          Y4          Y5          Y6
   Y7          Y8          Y9          Y10

Observed independent variables
   X1          X2

Continuous latent variables
   F


Estimator                                                       ML
Information matrix                                        OBSERVED
Maximum number of iterations                                  1000
Convergence criterion                                    0.500D-04
Maximum number of steepest descent iterations                   20

Input data file(s)
  G3_B2_N1_rep162.csv

Input data format  FREE



UNIVARIATE SAMPLE STATISTICS


     UNIVARIATE HIGHER-ORDER MOMENT DESCRIPTIVE STATISTICS

         Variable/         Mean/     Skewness/   Minimum/ % with                Percentiles
        Sample Size      Variance    Kurtosis    Maximum  Min/Max      20%/60%    40%/80%    Median

     Y1                    1.912       0.727       1.000   28.80%       1.000      2.000      2.000
             250.000       0.552       0.985       5.000    0.40%       2.000      2.000
     Y2                    1.924       0.521       1.000   26.40%       1.000      2.000      2.000
             250.000       0.494       0.381       4.000    2.40%       2.000      2.000
     Y3                    3.168       0.025       1.000    0.40%       3.000      3.000      3.000
             250.000       0.452       0.124       5.000    1.60%       3.000      4.000
     Y4                    3.200       0.079       1.000    0.80%       3.000      3.000      3.000
             250.000       0.512       0.374       5.000    3.20%       3.000      4.000
     Y5                    3.188       0.099       1.000    0.40%       3.000      3.000      3.000
             250.000       0.513       0.024       5.000    2.80%       3.000      4.000
     Y6                    1.176       2.725       1.000   84.00%       1.000      1.000      1.000
             250.000       0.185       9.034       4.000    0.40%       1.000      1.000
     Y7                    1.164       2.582       1.000   85.60%       1.000      1.000      1.000
             250.000       0.177       6.196       3.000    2.00%       1.000      1.000
     Y8                    1.168       1.985       1.000   83.60%       1.000      1.000      1.000
             250.000       0.148       2.605       3.000    0.40%       1.000      1.000
     Y9                    1.860       0.874       1.000   31.60%       1.000      2.000      2.000
             250.000       0.552       1.364       5.000    0.40%       2.000      2.000
     Y10                   1.876       0.911       1.000   30.40%       1.000      2.000      2.000
             250.000       0.549       1.866       5.000    0.80%       2.000      2.000
     X1                    0.068      -0.155      -3.082    0.40%      -0.785     -0.142      0.172
             250.000       1.031      -0.201       2.564    0.40%       0.337      0.916
     X2                    0.456       0.177       0.000   54.40%       0.000      0.000      0.000
             250.000       0.248      -1.969       1.000   45.60%       1.000      1.000


THE MODEL ESTIMATION TERMINATED NORMALLY



MODEL FIT INFORMATION

Number of Free Parameters                       34

Loglikelihood

          H0 Value                       -1442.554

Information Criteria

          Akaike (AIC)                    2953.107
          Bayesian (BIC)                  3072.837
          Sample-Size Adjusted BIC        2965.054
            (n* = (n + 2) / 24)



MODEL RESULTS

                                                    Two-Tailed
                    Estimate       S.E.  Est./S.E.    P-Value

 F        BY
    Y1                 0.599      0.039     15.203      0.000
    Y2                 0.586      0.037     16.016      0.000
    Y3                 0.547      0.035     15.429      0.000
    Y4                 0.571      0.038     14.981      0.000
    Y5                 0.564      0.038     14.683      0.000
    Y6               999.000      0.000    999.000    999.000
    Y7                 0.303      0.023     12.936      0.000
    Y8                 0.257      0.022     11.704      0.000
    Y9                 0.594      0.040     15.020      0.000
    Y10                0.625      0.038     16.345      0.000

 Y6       ON
    X1                -0.001      0.019     -0.071      0.943
    X2                 0.010      0.039      0.262      0.793

 Means
    F                  0.000      0.000    999.000    999.000

 Intercepts
    Y1                 1.912      0.047     40.681      0.000
    Y2                 1.924      0.044     43.273      0.000
    Y3                 3.168      0.043     74.524      0.000
    Y4                 3.200      0.045     70.711      0.000
    Y5                 3.188      0.045     70.400      0.000
    Y6                 1.134      0.028     40.274      0.000
    Y7                 1.164      0.027     43.733      0.000
    Y8                 1.168      0.024     48.041      0.000
    Y9                 1.860      0.047     39.569      0.000
    Y10                1.876      0.047     40.047      0.000

 Variances
    F                  1.000      0.000    999.000    999.000

 Residual Variances
    Y1                 0.194      0.020      9.901      0.000
    Y2                 0.151      0.016      9.641      0.000
    Y3                 0.153      0.016      9.837      0.000
    Y4                 0.186      0.019      9.957      0.000
    Y5                 0.195      0.019     10.032      0.000
    Y6                 0.077      0.008     10.226      0.000
    Y7                 0.085      0.008     10.405      0.000
    Y8                 0.082      0.008     10.609      0.000
    Y9                 0.200      0.020      9.988      0.000
    Y10                0.158      0.017      9.500      0.000

New/Additional Parameters
    L6_0               0.196      0.032      6.201      0.000
    L6_1               0.072      0.018      3.981      0.000
    L6_2               0.153      0.040      3.805      0.000


QUALITY OF NUMERICAL RESULTS

     Condition Number for the Information Matrix              0.551E-04
       (ratio of smallest to largest eigenvalue)


     Beginning Time:  03:49:55
        Ending Time:  03:49:57
       Elapsed Time:  00:00:02



MUTHEN & MUTHEN
3463 Stoner Ave.
Los Angeles, CA  90066

Tel: (310) 391-9971
Fax: (310) 391-8971
Web: www.StatModel.com
Support: Support@StatModel.com

Copyright (c) 1998-2019 Muthen & Muthen
