Mplus VERSION 8.3
MUTHEN & MUTHEN
04/25/2024   4:31 AM

INPUT INSTRUCTIONS


  TITLE: Test with 10 reps

  DATA:
  File is
  G3_B2_N1_rep281.csv;

  VARIABLE:
      Names are x1 x2 eta
  	y1 y2 y3 y4 y5 y6 y7 y8 y9 y10;
      Usevariables are y1-y10 x1 x2;
      constraint = x1 x2;

  MODEL:
      f BY y1* (l1);
      f BY y2* (l2);
      f BY y3* (l3);
      f BY y4* (l4);
      f BY y5* (l5);
      f BY y6* (l6);
      f BY y7* (l7);
      f BY y8* (l8);
      f BY y9* (l9);
      f BY y10* (l10);

  y9 ON x1 x2;
  f@1;
  [f@0];

  MODEL CONSTRAINT:
      new (l9_0 l9_1 l9_2);
      l9 = l9_0 + l9_1*x1 + l9_2*x2;




INPUT READING TERMINATED NORMALLY



Test with 10 reps

SUMMARY OF ANALYSIS

Number of groups                                                 1
Number of observations                                         250

Number of dependent variables                                   10
Number of independent variables                                  2
Number of continuous latent variables                            1

Observed dependent variables

  Continuous
   Y1          Y2          Y3          Y4          Y5          Y6
   Y7          Y8          Y9          Y10

Observed independent variables
   X1          X2

Continuous latent variables
   F


Estimator                                                       ML
Information matrix                                        OBSERVED
Maximum number of iterations                                  1000
Convergence criterion                                    0.500D-04
Maximum number of steepest descent iterations                   20

Input data file(s)
  G3_B2_N1_rep281.csv

Input data format  FREE



UNIVARIATE SAMPLE STATISTICS


     UNIVARIATE HIGHER-ORDER MOMENT DESCRIPTIVE STATISTICS

         Variable/         Mean/     Skewness/   Minimum/ % with                Percentiles
        Sample Size      Variance    Kurtosis    Maximum  Min/Max      20%/60%    40%/80%    Median

     Y1                    1.820       0.601       1.000   35.20%       1.000      2.000      2.000
             250.000       0.532       0.069       4.000    2.00%       2.000      2.000
     Y2                    1.780       0.758       1.000   35.20%       1.000      2.000      2.000
             250.000       0.476       1.360       5.000    0.40%       2.000      2.000
     Y3                    3.108      -0.059       1.000    0.80%       3.000      3.000      3.000
             250.000       0.552      -0.300       5.000    1.60%       3.000      4.000
     Y4                    3.124       0.059       1.000    0.80%       3.000      3.000      3.000
             250.000       0.581      -0.149       5.000    2.80%       3.000      4.000
     Y5                    3.088       0.006       1.000    0.80%       3.000      3.000      3.000
             250.000       0.504       0.051       5.000    1.60%       3.000      4.000
     Y6                    1.172       2.782       1.000   84.40%       1.000      1.000      1.000
             250.000       0.182       9.429       4.000    0.40%       1.000      1.000
     Y7                    1.156       2.954       1.000   85.60%       1.000      1.000      1.000
             250.000       0.164      11.091       4.000    0.40%       1.000      1.000
     Y8                    1.152       2.173       1.000   85.20%       1.000      1.000      1.000
             250.000       0.137       3.487       3.000    0.40%       1.000      1.000
     Y9                    1.828       0.581       1.000   35.60%       1.000      2.000      2.000
             250.000       0.550      -0.080       4.000    2.00%       2.000      2.000
     Y10                   1.840       0.818       1.000   34.40%       1.000      2.000      2.000
             250.000       0.582       0.628       4.000    4.00%       2.000      2.000
     X1                   -0.066       0.299      -3.074    0.40%      -0.845     -0.327     -0.115
             250.000       0.979       0.607       3.706    0.40%       0.173      0.735
     X2                    0.520      -0.080       0.000   48.00%       0.000      0.000      1.000
             250.000       0.250      -1.994       1.000   52.00%       1.000      1.000


THE MODEL ESTIMATION TERMINATED NORMALLY



MODEL FIT INFORMATION

Number of Free Parameters                       34

Loglikelihood

          H0 Value                       -1459.054

Information Criteria

          Akaike (AIC)                    2986.107
          Bayesian (BIC)                  3105.837
          Sample-Size Adjusted BIC        2998.054
            (n* = (n + 2) / 24)



MODEL RESULTS

                                                    Two-Tailed
                    Estimate       S.E.  Est./S.E.    P-Value

 F        BY
    Y1                 0.602      0.038     15.796      0.000
    Y2                 0.568      0.036     15.769      0.000
    Y3                 0.606      0.039     15.485      0.000
    Y4                 0.647      0.039     16.528      0.000
    Y5                 0.570      0.038     15.158      0.000
    Y6                 0.269      0.025     10.865      0.000
    Y7                 0.270      0.023     11.674      0.000
    Y8                 0.254      0.021     12.111      0.000
    Y9               999.000      0.000    999.000    999.000
    Y10                0.624      0.040     15.561      0.000

 Y9       ON
    X1                -0.007      0.028     -0.268      0.789
    X2                -0.004      0.055     -0.066      0.947

 Means
    F                  0.000      0.000    999.000    999.000

 Intercepts
    Y1                 1.820      0.046     39.468      0.000
    Y2                 1.780      0.044     40.810      0.000
    Y3                 3.108      0.047     66.123      0.000
    Y4                 3.124      0.048     64.824      0.000
    Y5                 3.088      0.045     68.758      0.000
    Y6                 1.172      0.027     43.388      0.000
    Y7                 1.156      0.026     45.181      0.000
    Y8                 1.152      0.023     49.230      0.000
    Y9                 1.837      0.058     31.485      0.000
    Y10                1.840      0.048     38.122      0.000

 Variances
    F                  1.000      0.000    999.000    999.000

 Residual Variances
    Y1                 0.170      0.017      9.794      0.000
    Y2                 0.153      0.016      9.811      0.000
    Y3                 0.186      0.019      9.870      0.000
    Y4                 0.162      0.017      9.486      0.000
    Y5                 0.179      0.018      9.995      0.000
    Y6                 0.110      0.010     10.722      0.000
    Y7                 0.091      0.009     10.614      0.000
    Y8                 0.073      0.007     10.569      0.000
    Y9                 0.153      0.016      9.429      0.000
    Y10                0.193      0.020      9.859      0.000

New/Additional Parameters
    L9_0               0.693      0.053     12.998      0.000
    L9_1               0.009      0.030      0.301      0.763
    L9_2              -0.107      0.057     -1.873      0.061


QUALITY OF NUMERICAL RESULTS

     Condition Number for the Information Matrix              0.463E-04
       (ratio of smallest to largest eigenvalue)


     Beginning Time:  04:31:23
        Ending Time:  04:31:24
       Elapsed Time:  00:00:01



MUTHEN & MUTHEN
3463 Stoner Ave.
Los Angeles, CA  90066

Tel: (310) 391-9971
Fax: (310) 391-8971
Web: www.StatModel.com
Support: Support@StatModel.com

Copyright (c) 1998-2019 Muthen & Muthen
