Mplus VERSION 8.3
MUTHEN & MUTHEN
04/25/2024   4:20 AM

INPUT INSTRUCTIONS


  TITLE: Test with 10 reps

  DATA:
  File is
  G3_B2_N1_rep25.csv;

  VARIABLE:
      Names are x1 x2 eta
  	y1 y2 y3 y4 y5 y6 y7 y8 y9 y10;
      Usevariables are y1-y10 x1 x2;
      constraint = x1 x2;

  MODEL:
      f BY y1* (l1);
      f BY y2* (l2);
      f BY y3* (l3);
      f BY y4* (l4);
      f BY y5* (l5);
      f BY y6* (l6);
      f BY y7* (l7);
      f BY y8* (l8);
      f BY y9* (l9);
      f BY y10* (l10);

  y10 ON x1 x2;
  f@1;
  [f@0];

  MODEL CONSTRAINT:
      new (l10_0 l10_1 l10_2);
      l10 = l10_0 + l10_1*x1 + l10_2*x2;




INPUT READING TERMINATED NORMALLY



Test with 10 reps

SUMMARY OF ANALYSIS

Number of groups                                                 1
Number of observations                                         250

Number of dependent variables                                   10
Number of independent variables                                  2
Number of continuous latent variables                            1

Observed dependent variables

  Continuous
   Y1          Y2          Y3          Y4          Y5          Y6
   Y7          Y8          Y9          Y10

Observed independent variables
   X1          X2

Continuous latent variables
   F


Estimator                                                       ML
Information matrix                                        OBSERVED
Maximum number of iterations                                  1000
Convergence criterion                                    0.500D-04
Maximum number of steepest descent iterations                   20

Input data file(s)
  G3_B2_N1_rep25.csv

Input data format  FREE



UNIVARIATE SAMPLE STATISTICS


     UNIVARIATE HIGHER-ORDER MOMENT DESCRIPTIVE STATISTICS

         Variable/         Mean/     Skewness/   Minimum/ % with                Percentiles
        Sample Size      Variance    Kurtosis    Maximum  Min/Max      20%/60%    40%/80%    Median

     Y1                    1.840       0.570       1.000   33.20%       1.000      2.000      2.000
             250.000       0.518       0.126       4.000    2.00%       2.000      2.000
     Y2                    1.784       1.012       1.000   38.80%       1.000      2.000      2.000
             250.000       0.601       1.306       5.000    0.40%       2.000      2.000
     Y3                    3.036      -0.061       1.000    1.60%       2.000      3.000      3.000
             250.000       0.587      -0.178       5.000    1.60%       3.000      4.000
     Y4                    3.068       0.004       1.000    0.80%       2.000      3.000      3.000
             250.000       0.559      -0.328       5.000    1.60%       3.000      4.000
     Y5                    3.048       0.034       1.000    0.80%       2.000      3.000      3.000
             250.000       0.566      -0.358       5.000    1.60%       3.000      4.000
     Y6                    1.164       2.824       1.000   84.80%       1.000      1.000      1.000
             250.000       0.169      10.119       4.000    0.40%       1.000      1.000
     Y7                    1.184       2.680       1.000   83.60%       1.000      1.000      1.000
             250.000       0.198       8.427       4.000    0.40%       1.000      1.000
     Y8                    1.172       2.112       1.000   83.60%       1.000      1.000      1.000
             250.000       0.158       3.511       3.000    0.80%       1.000      1.000
     Y9                    1.836       0.636       1.000   33.60%       1.000      2.000      2.000
             250.000       0.529       0.281       4.000    2.40%       2.000      2.000
     Y10                   1.840       0.818       1.000   34.40%       1.000      2.000      2.000
             250.000       0.582       0.628       4.000    4.00%       2.000      2.000
     X1                   -0.027      -0.118      -3.258    0.40%      -0.947     -0.270      0.066
             250.000       1.000      -0.125       2.652    0.40%       0.225      0.866
     X2                    0.524      -0.096       0.000   47.60%       0.000      0.000      1.000
             250.000       0.249      -1.991       1.000   52.40%       1.000      1.000


THE MODEL ESTIMATION TERMINATED NORMALLY



MODEL FIT INFORMATION

Number of Free Parameters                       34

Loglikelihood

          H0 Value                       -1504.689

Information Criteria

          Akaike (AIC)                    3077.377
          Bayesian (BIC)                  3197.107
          Sample-Size Adjusted BIC        3089.324
            (n* = (n + 2) / 24)



MODEL RESULTS

                                                    Two-Tailed
                    Estimate       S.E.  Est./S.E.    P-Value

 F        BY
    Y1                 0.584      0.038     15.405      0.000
    Y2                 0.630      0.041     15.417      0.000
    Y3                 0.634      0.040     15.883      0.000
    Y4                 0.612      0.039     15.580      0.000
    Y5                 0.601      0.040     15.040      0.000
    Y6                 0.291      0.023     12.654      0.000
    Y7                 0.291      0.026     11.385      0.000
    Y8                 0.271      0.023     12.015      0.000
    Y9                 0.630      0.037     17.069      0.000
    Y10              999.000      0.000    999.000    999.000

 Y10      ON
    X1                -0.040      0.027     -1.462      0.144
    X2                 0.079      0.056      1.410      0.159

 Means
    F                  0.000      0.000    999.000    999.000

 Intercepts
    Y1                 1.840      0.046     40.407      0.000
    Y2                 1.784      0.049     36.375      0.000
    Y3                 3.036      0.048     62.670      0.000
    Y4                 3.068      0.047     64.860      0.000
    Y5                 3.048      0.048     64.076      0.000
    Y6                 1.164      0.026     44.756      0.000
    Y7                 1.184      0.028     42.056      0.000
    Y8                 1.172      0.025     46.558      0.000
    Y9                 1.836      0.046     39.909      0.000
    Y10                1.779      0.055     32.461      0.000

 Variances
    F                  1.000      0.000    999.000    999.000

 Residual Variances
    Y1                 0.177      0.018      9.961      0.000
    Y2                 0.205      0.021      9.941      0.000
    Y3                 0.184      0.019      9.774      0.000
    Y4                 0.185      0.019      9.888      0.000
    Y5                 0.205      0.020     10.071      0.000
    Y6                 0.084      0.008     10.508      0.000
    Y7                 0.114      0.011     10.688      0.000
    Y8                 0.085      0.008     10.612      0.000
    Y9                 0.132      0.014      9.297      0.000
    Y10                0.153      0.016      9.465      0.000

New/Additional Parameters
    L10_0              0.600      0.052     11.619      0.000
    L10_1              0.052      0.028      1.855      0.064
    L10_2              0.070      0.058      1.201      0.230


QUALITY OF NUMERICAL RESULTS

     Condition Number for the Information Matrix              0.615E-04
       (ratio of smallest to largest eigenvalue)


     Beginning Time:  04:20:06
        Ending Time:  04:20:08
       Elapsed Time:  00:00:02



MUTHEN & MUTHEN
3463 Stoner Ave.
Los Angeles, CA  90066

Tel: (310) 391-9971
Fax: (310) 391-8971
Web: www.StatModel.com
Support: Support@StatModel.com

Copyright (c) 1998-2019 Muthen & Muthen
