Mplus VERSION 8.3
MUTHEN & MUTHEN
04/25/2024   4:23 AM

INPUT INSTRUCTIONS


  TITLE: Test with 10 reps

  DATA:
  File is
  G3_B2_N1_rep259.csv;

  VARIABLE:
      Names are x1 x2 eta
  	y1 y2 y3 y4 y5 y6 y7 y8 y9 y10;
      Usevariables are y1-y10 x1 x2;
      constraint = x1 x2;

  MODEL:
      f BY y1* (l1);
      f BY y2* (l2);
      f BY y3* (l3);
      f BY y4* (l4);
      f BY y5* (l5);
      f BY y6* (l6);
      f BY y7* (l7);
      f BY y8* (l8);
      f BY y9* (l9);
      f BY y10* (l10);

  y6 ON x1 x2;
  f@1;
  [f@0];

  MODEL CONSTRAINT:
      new (l6_0 l6_1 l6_2);
      l6 = l6_0 + l6_1*x1 + l6_2*x2;




INPUT READING TERMINATED NORMALLY



Test with 10 reps

SUMMARY OF ANALYSIS

Number of groups                                                 1
Number of observations                                         250

Number of dependent variables                                   10
Number of independent variables                                  2
Number of continuous latent variables                            1

Observed dependent variables

  Continuous
   Y1          Y2          Y3          Y4          Y5          Y6
   Y7          Y8          Y9          Y10

Observed independent variables
   X1          X2

Continuous latent variables
   F


Estimator                                                       ML
Information matrix                                        OBSERVED
Maximum number of iterations                                  1000
Convergence criterion                                    0.500D-04
Maximum number of steepest descent iterations                   20

Input data file(s)
  G3_B2_N1_rep259.csv

Input data format  FREE



UNIVARIATE SAMPLE STATISTICS


     UNIVARIATE HIGHER-ORDER MOMENT DESCRIPTIVE STATISTICS

         Variable/         Mean/     Skewness/   Minimum/ % with                Percentiles
        Sample Size      Variance    Kurtosis    Maximum  Min/Max      20%/60%    40%/80%    Median

     Y1                    1.900       0.689       1.000   32.00%       1.000      2.000      2.000
             250.000       0.602       0.533       5.000    0.40%       2.000      2.000
     Y2                    1.840       0.863       1.000   34.80%       1.000      2.000      2.000
             250.000       0.590       1.014       5.000    0.40%       2.000      2.000
     Y3                    3.160      -0.076       1.000    1.20%       3.000      3.000      3.000
             250.000       0.598      -0.112       5.000    2.80%       3.000      4.000
     Y4                    3.160      -0.032       1.000    1.20%       3.000      3.000      3.000
             250.000       0.606      -0.074       5.000    3.20%       3.000      4.000
     Y5                    3.140      -0.103       1.000    0.80%       2.000      3.000      3.000
             250.000       0.616      -0.560       5.000    2.00%       3.000      4.000
     Y6                    1.196       2.926       1.000   84.00%       1.000      1.000      1.000
             250.000       0.246       9.647       4.000    0.80%       1.000      1.000
     Y7                    1.180       2.275       1.000   83.60%       1.000      1.000      1.000
             250.000       0.180       4.544       3.000    1.60%       1.000      1.000
     Y8                    1.172       2.782       1.000   84.40%       1.000      1.000      1.000
             250.000       0.182       9.429       4.000    0.40%       1.000      1.000
     Y9                    1.872       0.440       1.000   34.00%       1.000      2.000      2.000
             250.000       0.568      -0.467       4.000    1.60%       2.000      2.000
     Y10                   1.868       0.806       1.000   33.20%       1.000      2.000      2.000
             250.000       0.595       0.872       5.000    0.40%       2.000      2.000
     X1                   -0.089      -0.011      -2.569    0.40%      -0.891     -0.273     -0.057
             250.000       0.928      -0.135       2.325    0.40%       0.093      0.683
     X2                    0.496       0.016       0.000   50.40%       0.000      0.000      0.000
             250.000       0.250      -2.000       1.000   49.60%       1.000      1.000


THE MODEL ESTIMATION TERMINATED NORMALLY



MODEL FIT INFORMATION

Number of Free Parameters                       34

Loglikelihood

          H0 Value                       -1656.538

Information Criteria

          Akaike (AIC)                    3381.076
          Bayesian (BIC)                  3500.806
          Sample-Size Adjusted BIC        3393.023
            (n* = (n + 2) / 24)



MODEL RESULTS

                                                    Two-Tailed
                    Estimate       S.E.  Est./S.E.    P-Value

 F        BY
    Y1                 0.655      0.040     16.368      0.000
    Y2                 0.639      0.040     15.957      0.000
    Y3                 0.628      0.041     15.397      0.000
    Y4                 0.626      0.041     15.160      0.000
    Y5                 0.636      0.041     15.320      0.000
    Y6               999.000      0.000    999.000    999.000
    Y7                 0.283      0.024     11.726      0.000
    Y8                 0.272      0.025     10.989      0.000
    Y9                 0.602      0.040     15.023      0.000
    Y10                0.637      0.040     15.806      0.000

 Y6       ON
    X1                -0.029      0.026     -1.149      0.251
    X2                 0.025      0.049      0.505      0.613

 Means
    F                  0.000      0.000    999.000    999.000

 Intercepts
    Y1                 1.900      0.049     38.719      0.000
    Y2                 1.840      0.049     37.863      0.000
    Y3                 3.160      0.049     64.589      0.000
    Y4                 3.160      0.049     64.162      0.000
    Y5                 3.140      0.050     63.237      0.000
    Y6                 1.144      0.037     30.945      0.000
    Y7                 1.180      0.027     44.025      0.000
    Y8                 1.172      0.027     43.388      0.000
    Y9                 1.872      0.048     39.287      0.000
    Y10                1.868      0.049     38.304      0.000

 Variances
    F                  1.000      0.000    999.000    999.000

 Residual Variances
    Y1                 0.173      0.018      9.505      0.000
    Y2                 0.183      0.019      9.668      0.000
    Y3                 0.204      0.021      9.849      0.000
    Y4                 0.214      0.022      9.912      0.000
    Y5                 0.212      0.022      9.851      0.000
    Y6                 0.124      0.012     10.262      0.000
    Y7                 0.099      0.009     10.615      0.000
    Y8                 0.109      0.010     10.699      0.000
    Y9                 0.205      0.021      9.988      0.000
    Y10                0.189      0.019      9.731      0.000

New/Additional Parameters
    L6_0               0.255      0.037      6.863      0.000
    L6_1               0.093      0.025      3.678      0.000
    L6_2               0.181      0.052      3.495      0.000


QUALITY OF NUMERICAL RESULTS

     Condition Number for the Information Matrix              0.860E-04
       (ratio of smallest to largest eigenvalue)


     Beginning Time:  04:23:24
        Ending Time:  04:23:25
       Elapsed Time:  00:00:01



MUTHEN & MUTHEN
3463 Stoner Ave.
Los Angeles, CA  90066

Tel: (310) 391-9971
Fax: (310) 391-8971
Web: www.StatModel.com
Support: Support@StatModel.com

Copyright (c) 1998-2019 Muthen & Muthen
