Mplus VERSION 8.3
MUTHEN & MUTHEN
04/25/2024   4:35 AM

INPUT INSTRUCTIONS


  TITLE: Test with 10 reps

  DATA:
  File is
  G3_B2_N1_rep294.csv;

  VARIABLE:
      Names are x1 x2 eta
  	y1 y2 y3 y4 y5 y6 y7 y8 y9 y10;
      Usevariables are y1-y10 x1 x2;
      constraint = x1 x2;

  MODEL:
      f BY y1* (l1);
      f BY y2* (l2);
      f BY y3* (l3);
      f BY y4* (l4);
      f BY y5* (l5);
      f BY y6* (l6);
      f BY y7* (l7);
      f BY y8* (l8);
      f BY y9* (l9);
      f BY y10* (l10);

  y5 ON x1 x2;
  f@1;
  [f@0];

  MODEL CONSTRAINT:
      new (l5_0 l5_1 l5_2);
      l5 = l5_0 + l5_1*x1 + l5_2*x2;




INPUT READING TERMINATED NORMALLY



Test with 10 reps

SUMMARY OF ANALYSIS

Number of groups                                                 1
Number of observations                                         250

Number of dependent variables                                   10
Number of independent variables                                  2
Number of continuous latent variables                            1

Observed dependent variables

  Continuous
   Y1          Y2          Y3          Y4          Y5          Y6
   Y7          Y8          Y9          Y10

Observed independent variables
   X1          X2

Continuous latent variables
   F


Estimator                                                       ML
Information matrix                                        OBSERVED
Maximum number of iterations                                  1000
Convergence criterion                                    0.500D-04
Maximum number of steepest descent iterations                   20

Input data file(s)
  G3_B2_N1_rep294.csv

Input data format  FREE



UNIVARIATE SAMPLE STATISTICS


     UNIVARIATE HIGHER-ORDER MOMENT DESCRIPTIVE STATISTICS

         Variable/         Mean/     Skewness/   Minimum/ % with                Percentiles
        Sample Size      Variance    Kurtosis    Maximum  Min/Max      20%/60%    40%/80%    Median

     Y1                    1.840       0.671       1.000   34.40%       1.000      2.000      2.000
             250.000       0.558       0.248       4.000    2.80%       2.000      2.000
     Y2                    1.900       0.629       1.000   30.40%       1.000      2.000      2.000
             250.000       0.554       0.631       5.000    0.40%       2.000      2.000
     Y3                    3.208      -0.213       1.000    1.20%       3.000      3.000      3.000
             250.000       0.589      -0.145       5.000    2.40%       3.000      4.000
     Y4                    3.200      -0.095       1.000    0.80%       3.000      3.000      3.000
             250.000       0.592      -0.275       5.000    2.80%       3.000      4.000
     Y5                    3.248      -0.014       1.000    0.40%       3.000      3.000      3.000
             250.000       0.546      -0.186       5.000    3.20%       3.000      4.000
     Y6                    1.200       3.266       1.000   82.80%       1.000      1.000      1.000
             250.000       0.240      15.500       5.000    0.40%       1.000      1.000
     Y7                    1.196       1.708       1.000   80.80%       1.000      1.000      1.000
             250.000       0.166       1.454       3.000    0.40%       1.000      1.000
     Y8                    1.212       1.935       1.000   80.40%       1.000      1.000      1.000
             250.000       0.199       2.920       3.000    1.60%       1.000      1.000
     Y9                    1.888       0.742       1.000   33.20%       1.000      2.000      2.000
             250.000       0.619       0.573       5.000    0.40%       2.000      2.000
     Y10                   1.892       0.816       1.000   33.20%       1.000      2.000      2.000
             250.000       0.632       0.983       5.000    0.80%       2.000      2.000
     X1                    0.059       0.065      -3.089    0.40%      -0.786     -0.201      0.086
             250.000       1.015       0.087       2.803    0.40%       0.283      0.868
     X2                    0.564      -0.258       0.000   43.60%       0.000      0.000      1.000
             250.000       0.246      -1.933       1.000   56.40%       1.000      1.000


THE MODEL ESTIMATION TERMINATED NORMALLY



MODEL FIT INFORMATION

Number of Free Parameters                       34

Loglikelihood

          H0 Value                       -1604.960

Information Criteria

          Akaike (AIC)                    3277.920
          Bayesian (BIC)                  3397.650
          Sample-Size Adjusted BIC        3289.867
            (n* = (n + 2) / 24)



MODEL RESULTS

                                                    Two-Tailed
                    Estimate       S.E.  Est./S.E.    P-Value

 F        BY
    Y1                 0.622      0.039     15.993      0.000
    Y2                 0.629      0.038     16.390      0.000
    Y3                 0.631      0.040     15.713      0.000
    Y4                 0.600      0.041     14.502      0.000
    Y5               999.000      0.000    999.000    999.000
    Y6                 0.326      0.028     11.666      0.000
    Y7                 0.286      0.023     12.539      0.000
    Y8                 0.314      0.025     12.530      0.000
    Y9                 0.648      0.041     15.722      0.000
    Y10                0.654      0.042     15.695      0.000

 Y5       ON
    X1                 0.023      0.030      0.754      0.451
    X2                 0.057      0.058      0.985      0.324

 Means
    F                  0.000      0.000    999.000    999.000

 Intercepts
    Y1                 1.840      0.047     38.933      0.000
    Y2                 1.900      0.047     40.362      0.000
    Y3                 3.208      0.049     66.107      0.000
    Y4                 3.200      0.049     65.760      0.000
    Y5                 3.244      0.060     53.959      0.000
    Y6                 1.200      0.031     38.730      0.000
    Y7                 1.196      0.026     46.472      0.000
    Y8                 1.212      0.028     42.952      0.000
    Y9                 1.888      0.050     37.929      0.000
    Y10                1.892      0.050     37.620      0.000

 Variances
    F                  1.000      0.000    999.000    999.000

 Residual Variances
    Y1                 0.172      0.018      9.700      0.000
    Y2                 0.158      0.017      9.536      0.000
    Y3                 0.190      0.019      9.799      0.000
    Y4                 0.232      0.023     10.126      0.000
    Y5                 0.174      0.018      9.744      0.000
    Y6                 0.134      0.013     10.636      0.000
    Y7                 0.084      0.008     10.519      0.000
    Y8                 0.101      0.010     10.508      0.000
    Y9                 0.200      0.020      9.791      0.000
    Y10                0.205      0.021      9.777      0.000

New/Additional Parameters
    L5_0               0.656      0.056     11.707      0.000
    L5_1              -0.067      0.027     -2.464      0.014
    L5_2              -0.073      0.062     -1.191      0.234


QUALITY OF NUMERICAL RESULTS

     Condition Number for the Information Matrix              0.624E-04
       (ratio of smallest to largest eigenvalue)


     Beginning Time:  04:35:37
        Ending Time:  04:35:39
       Elapsed Time:  00:00:02



MUTHEN & MUTHEN
3463 Stoner Ave.
Los Angeles, CA  90066

Tel: (310) 391-9971
Fax: (310) 391-8971
Web: www.StatModel.com
Support: Support@StatModel.com

Copyright (c) 1998-2019 Muthen & Muthen
