Mplus VERSION 8.3
MUTHEN & MUTHEN
04/25/2024   4:29 AM

INPUT INSTRUCTIONS


  TITLE: Test with 10 reps

  DATA:
  File is
  G3_B2_N1_rep276.csv;

  VARIABLE:
      Names are x1 x2 eta
  	y1 y2 y3 y4 y5 y6 y7 y8 y9 y10;
      Usevariables are y1-y10 x1 x2;
      constraint = x1 x2;

  MODEL:
      f BY y1* (l1);
      f BY y2* (l2);
      f BY y3* (l3);
      f BY y4* (l4);
      f BY y5* (l5);
      f BY y6* (l6);
      f BY y7* (l7);
      f BY y8* (l8);
      f BY y9* (l9);
      f BY y10* (l10);

  y8 ON x1 x2;
  f@1;
  [f@0];

  MODEL CONSTRAINT:
      new (l8_0 l8_1 l8_2);
      l8 = l8_0 + l8_1*x1 + l8_2*x2;




INPUT READING TERMINATED NORMALLY



Test with 10 reps

SUMMARY OF ANALYSIS

Number of groups                                                 1
Number of observations                                         250

Number of dependent variables                                   10
Number of independent variables                                  2
Number of continuous latent variables                            1

Observed dependent variables

  Continuous
   Y1          Y2          Y3          Y4          Y5          Y6
   Y7          Y8          Y9          Y10

Observed independent variables
   X1          X2

Continuous latent variables
   F


Estimator                                                       ML
Information matrix                                        OBSERVED
Maximum number of iterations                                  1000
Convergence criterion                                    0.500D-04
Maximum number of steepest descent iterations                   20

Input data file(s)
  G3_B2_N1_rep276.csv

Input data format  FREE



UNIVARIATE SAMPLE STATISTICS


     UNIVARIATE HIGHER-ORDER MOMENT DESCRIPTIVE STATISTICS

         Variable/         Mean/     Skewness/   Minimum/ % with                Percentiles
        Sample Size      Variance    Kurtosis    Maximum  Min/Max      20%/60%    40%/80%    Median

     Y1                    1.892       0.741       1.000   30.80%       1.000      2.000      2.000
             250.000       0.568       0.880       5.000    0.40%       2.000      2.000
     Y2                    1.864       0.743       1.000   34.80%       1.000      2.000      2.000
             250.000       0.614       0.543       5.000    0.40%       2.000      2.000
     Y3                    3.196       0.053       2.000   14.80%       3.000      3.000      3.000
             250.000       0.494      -0.363       5.000    2.00%       3.000      4.000
     Y4                    3.168      -0.012       2.000   17.60%       3.000      3.000      3.000
             250.000       0.524      -0.603       5.000    1.60%       3.000      4.000
     Y5                    3.136      -0.292       1.000    1.60%       2.000      3.000      3.000
             250.000       0.606      -0.362       5.000    1.20%       3.000      4.000
     Y6                    1.168       1.985       1.000   83.60%       1.000      1.000      1.000
             250.000       0.148       2.605       3.000    0.40%       1.000      1.000
     Y7                    1.164       2.479       1.000   85.20%       1.000      1.000      1.000
             250.000       0.169       5.634       3.000    1.60%       1.000      1.000
     Y8                    1.176       1.900       1.000   82.80%       1.000      1.000      1.000
             250.000       0.153       2.232       3.000    0.40%       1.000      1.000
     Y9                    1.864       0.647       1.000   32.00%       1.000      2.000      2.000
             250.000       0.534       0.730       5.000    0.40%       2.000      2.000
     Y10                   1.912       0.810       1.000   28.00%       1.000      2.000      2.000
             250.000       0.536       1.698       5.000    0.80%       2.000      2.000
     X1                    0.024      -0.331      -3.060    0.40%      -0.892     -0.198      0.192
             250.000       1.004      -0.278       2.418    0.40%       0.336      0.857
     X2                    0.528      -0.112       0.000   47.20%       0.000      0.000      1.000
             250.000       0.249      -1.987       1.000   52.80%       1.000      1.000


THE MODEL ESTIMATION TERMINATED NORMALLY



MODEL FIT INFORMATION

Number of Free Parameters                       34

Loglikelihood

          H0 Value                       -1523.571

Information Criteria

          Akaike (AIC)                    3115.142
          Bayesian (BIC)                  3234.871
          Sample-Size Adjusted BIC        3127.088
            (n* = (n + 2) / 24)



MODEL RESULTS

                                                    Two-Tailed
                    Estimate       S.E.  Est./S.E.    P-Value

 F        BY
    Y1                 0.603      0.040     15.048      0.000
    Y2                 0.643      0.041     15.649      0.000
    Y3                 0.567      0.037     15.226      0.000
    Y4                 0.580      0.039     15.054      0.000
    Y5                 0.649      0.041     16.013      0.000
    Y6                 0.243      0.022     10.887      0.000
    Y7                 0.250      0.024     10.365      0.000
    Y8               999.000      0.000    999.000    999.000
    Y9                 0.590      0.039     15.258      0.000
    Y10                0.603      0.038     15.710      0.000

 Y8       ON
    X1                 0.021      0.019      1.118      0.263
    X2                 0.069      0.038      1.833      0.067

 Means
    F                  0.000      0.000    999.000    999.000

 Intercepts
    Y1                 1.892      0.048     39.682      0.000
    Y2                 1.864      0.050     37.628      0.000
    Y3                 3.196      0.044     71.928      0.000
    Y4                 3.168      0.046     69.212      0.000
    Y5                 3.136      0.049     63.722      0.000
    Y6                 1.168      0.024     48.041      0.000
    Y7                 1.164      0.026     44.755      0.000
    Y8                 1.107      0.029     38.502      0.000
    Y9                 1.864      0.046     40.350      0.000
    Y10                1.912      0.046     41.283      0.000

 Variances
    F                  1.000      0.000    999.000    999.000

 Residual Variances
    Y1                 0.204      0.021      9.899      0.000
    Y2                 0.200      0.021      9.681      0.000
    Y3                 0.172      0.018      9.822      0.000
    Y4                 0.188      0.019      9.872      0.000
    Y5                 0.184      0.019      9.486      0.000
    Y6                 0.089      0.008     10.693      0.000
    Y7                 0.107      0.010     10.758      0.000
    Y8                 0.075      0.007     10.471      0.000
    Y9                 0.185      0.019      9.846      0.000
    Y10                0.173      0.018      9.672      0.000

New/Additional Parameters
    L8_0               0.159      0.032      4.951      0.000
    L8_1               0.062      0.017      3.564      0.000
    L8_2               0.134      0.039      3.405      0.001


QUALITY OF NUMERICAL RESULTS

     Condition Number for the Information Matrix              0.505E-04
       (ratio of smallest to largest eigenvalue)


     Beginning Time:  04:29:26
        Ending Time:  04:29:28
       Elapsed Time:  00:00:02



MUTHEN & MUTHEN
3463 Stoner Ave.
Los Angeles, CA  90066

Tel: (310) 391-9971
Fax: (310) 391-8971
Web: www.StatModel.com
Support: Support@StatModel.com

Copyright (c) 1998-2019 Muthen & Muthen
