Mplus VERSION 8.3
MUTHEN & MUTHEN
04/25/2024   4:10 AM

INPUT INSTRUCTIONS


  TITLE: Test with 10 reps

  DATA:
  File is
  G3_B2_N1_rep220.csv;

  VARIABLE:
      Names are x1 x2 eta
  	y1 y2 y3 y4 y5 y6 y7 y8 y9 y10;
      Usevariables are y1-y10 x1 x2;
      constraint = x1 x2;

  MODEL:
      f BY y1* (l1);
      f BY y2* (l2);
      f BY y3* (l3);
      f BY y4* (l4);
      f BY y5* (l5);
      f BY y6* (l6);
      f BY y7* (l7);
      f BY y8* (l8);
      f BY y9* (l9);
      f BY y10* (l10);

  y9 ON x1 x2;
  f@1;
  [f@0];

  MODEL CONSTRAINT:
      new (l9_0 l9_1 l9_2);
      l9 = l9_0 + l9_1*x1 + l9_2*x2;




INPUT READING TERMINATED NORMALLY



Test with 10 reps

SUMMARY OF ANALYSIS

Number of groups                                                 1
Number of observations                                         250

Number of dependent variables                                   10
Number of independent variables                                  2
Number of continuous latent variables                            1

Observed dependent variables

  Continuous
   Y1          Y2          Y3          Y4          Y5          Y6
   Y7          Y8          Y9          Y10

Observed independent variables
   X1          X2

Continuous latent variables
   F


Estimator                                                       ML
Information matrix                                        OBSERVED
Maximum number of iterations                                  1000
Convergence criterion                                    0.500D-04
Maximum number of steepest descent iterations                   20

Input data file(s)
  G3_B2_N1_rep220.csv

Input data format  FREE



UNIVARIATE SAMPLE STATISTICS


     UNIVARIATE HIGHER-ORDER MOMENT DESCRIPTIVE STATISTICS

         Variable/         Mean/     Skewness/   Minimum/ % with                Percentiles
        Sample Size      Variance    Kurtosis    Maximum  Min/Max      20%/60%    40%/80%    Median

     Y1                    1.892       0.841       1.000   30.80%       1.000      2.000      2.000
             250.000       0.576       1.439       5.000    0.80%       2.000      2.000
     Y2                    1.856       0.703       1.000   33.20%       1.000      2.000      2.000
             250.000       0.555       0.743       5.000    0.40%       2.000      2.000
     Y3                    3.116      -0.007       1.000    1.20%       2.000      3.000      3.000
             250.000       0.615      -0.194       5.000    2.80%       3.000      4.000
     Y4                    3.180      -0.033       1.000    0.80%       3.000      3.000      3.000
             250.000       0.524       0.087       5.000    2.40%       3.000      4.000
     Y5                    3.172      -0.033       1.000    0.40%       3.000      3.000      3.000
             250.000       0.534      -0.321       5.000    2.00%       3.000      4.000
     Y6                    1.180       2.789       1.000   84.40%       1.000      1.000      1.000
             250.000       0.204       8.842       4.000    0.40%       1.000      1.000
     Y7                    1.200       1.673       1.000   80.40%       1.000      1.000      1.000
             250.000       0.168       1.320       3.000    0.40%       1.000      1.000
     Y8                    1.172       2.782       1.000   84.40%       1.000      1.000      1.000
             250.000       0.182       9.429       4.000    0.40%       1.000      1.000
     Y9                    1.900       0.879       1.000   30.00%       1.000      2.000      2.000
             250.000       0.578       1.561       5.000    0.80%       2.000      2.000
     Y10                   1.832       1.066       1.000   34.00%       1.000      2.000      2.000
             250.000       0.572       2.421       5.000    1.20%       2.000      2.000
     X1                    0.094       0.060      -3.160    0.40%      -0.737     -0.252      0.063
             250.000       1.099      -0.091       2.902    0.40%       0.334      1.017
     X2                    0.500       0.000       0.000   50.00%       0.000      0.000      0.500
             250.000       0.250      -2.000       1.000   50.00%       1.000      1.000


THE MODEL ESTIMATION TERMINATED NORMALLY



MODEL FIT INFORMATION

Number of Free Parameters                       34

Loglikelihood

          H0 Value                       -1592.808

Information Criteria

          Akaike (AIC)                    3253.615
          Bayesian (BIC)                  3373.345
          Sample-Size Adjusted BIC        3265.562
            (n* = (n + 2) / 24)



MODEL RESULTS

                                                    Two-Tailed
                    Estimate       S.E.  Est./S.E.    P-Value

 F        BY
    Y1                 0.642      0.039     16.391      0.000
    Y2                 0.610      0.039     15.583      0.000
    Y3                 0.633      0.041     15.256      0.000
    Y4                 0.575      0.039     14.894      0.000
    Y5                 0.589      0.039     15.202      0.000
    Y6                 0.289      0.026     11.087      0.000
    Y7                 0.273      0.023     11.650      0.000
    Y8                 0.276      0.025     11.212      0.000
    Y9               999.000      0.000    999.000    999.000
    Y10                0.612      0.040     15.304      0.000

 Y9       ON
    X1                 0.012      0.027      0.435      0.663
    X2                -0.017      0.058     -0.294      0.768

 Means
    F                  0.000      0.000    999.000    999.000

 Intercepts
    Y1                 1.892      0.048     39.405      0.000
    Y2                 1.856      0.047     39.382      0.000
    Y3                 3.116      0.050     62.848      0.000
    Y4                 3.180      0.046     69.486      0.000
    Y5                 3.172      0.046     68.606      0.000
    Y6                 1.180      0.029     41.349      0.000
    Y7                 1.200      0.026     46.291      0.000
    Y8                 1.172      0.027     43.388      0.000
    Y9                 1.911      0.059     32.495      0.000
    Y10                1.832      0.048     38.307      0.000

 Variances
    F                  1.000      0.000    999.000    999.000

 Residual Variances
    Y1                 0.164      0.017      9.450      0.000
    Y2                 0.183      0.019      9.769      0.000
    Y3                 0.214      0.022      9.867      0.000
    Y4                 0.193      0.019      9.973      0.000
    Y5                 0.188      0.019      9.880      0.000
    Y6                 0.120      0.011     10.685      0.000
    Y7                 0.094      0.009     10.619      0.000
    Y8                 0.106      0.010     10.664      0.000
    Y9                 0.169      0.018      9.516      0.000
    Y10                0.198      0.020      9.871      0.000

New/Additional Parameters
    L9_0               0.671      0.054     12.525      0.000
    L9_1               0.016      0.030      0.539      0.590
    L9_2              -0.069      0.060     -1.149      0.250


QUALITY OF NUMERICAL RESULTS

     Condition Number for the Information Matrix              0.766E-04
       (ratio of smallest to largest eigenvalue)


     Beginning Time:  04:10:22
        Ending Time:  04:10:23
       Elapsed Time:  00:00:01



MUTHEN & MUTHEN
3463 Stoner Ave.
Los Angeles, CA  90066

Tel: (310) 391-9971
Fax: (310) 391-8971
Web: www.StatModel.com
Support: Support@StatModel.com

Copyright (c) 1998-2019 Muthen & Muthen
