Mplus VERSION 8.3
MUTHEN & MUTHEN
04/25/2024   4:14 AM

INPUT INSTRUCTIONS


  TITLE: Test with 10 reps

  DATA:
  File is
  G3_B2_N1_rep234.csv;

  VARIABLE:
      Names are x1 x2 eta
  	y1 y2 y3 y4 y5 y6 y7 y8 y9 y10;
      Usevariables are y1-y10 x1 x2;
      constraint = x1 x2;

  MODEL:
      f BY y1* (l1);
      f BY y2* (l2);
      f BY y3* (l3);
      f BY y4* (l4);
      f BY y5* (l5);
      f BY y6* (l6);
      f BY y7* (l7);
      f BY y8* (l8);
      f BY y9* (l9);
      f BY y10* (l10);

  y6 ON x1 x2;
  f@1;
  [f@0];

  MODEL CONSTRAINT:
      new (l6_0 l6_1 l6_2);
      l6 = l6_0 + l6_1*x1 + l6_2*x2;




INPUT READING TERMINATED NORMALLY



Test with 10 reps

SUMMARY OF ANALYSIS

Number of groups                                                 1
Number of observations                                         250

Number of dependent variables                                   10
Number of independent variables                                  2
Number of continuous latent variables                            1

Observed dependent variables

  Continuous
   Y1          Y2          Y3          Y4          Y5          Y6
   Y7          Y8          Y9          Y10

Observed independent variables
   X1          X2

Continuous latent variables
   F


Estimator                                                       ML
Information matrix                                        OBSERVED
Maximum number of iterations                                  1000
Convergence criterion                                    0.500D-04
Maximum number of steepest descent iterations                   20

Input data file(s)
  G3_B2_N1_rep234.csv

Input data format  FREE



UNIVARIATE SAMPLE STATISTICS


     UNIVARIATE HIGHER-ORDER MOMENT DESCRIPTIVE STATISTICS

         Variable/         Mean/     Skewness/   Minimum/ % with                Percentiles
        Sample Size      Variance    Kurtosis    Maximum  Min/Max      20%/60%    40%/80%    Median

     Y1                    1.776       0.914       1.000   38.00%       1.000      2.000      2.000
             250.000       0.550       1.280       5.000    0.40%       2.000      2.000
     Y2                    1.912       0.863       1.000   30.40%       1.000      2.000      2.000
             250.000       0.608       1.313       5.000    0.80%       2.000      2.000
     Y3                    3.144      -0.105       1.000    0.80%       3.000      3.000      3.000
             250.000       0.531      -0.177       5.000    1.60%       3.000      4.000
     Y4                    3.124      -0.020       1.000    1.20%       2.000      3.000      3.000
             250.000       0.613      -0.186       5.000    2.80%       3.000      4.000
     Y5                    3.188      -0.029       1.000    0.80%       3.000      3.000      3.000
             250.000       0.601      -0.235       5.000    3.20%       3.000      4.000
     Y6                    1.172       2.254       1.000   84.00%       1.000      1.000      1.000
             250.000       0.166       4.377       3.000    1.20%       1.000      1.000
     Y7                    1.188       2.628       1.000   83.20%       1.000      1.000      1.000
             250.000       0.201       8.092       4.000    0.40%       1.000      1.000
     Y8                    1.196       2.629       1.000   83.20%       1.000      1.000      1.000
             250.000       0.222       7.601       4.000    0.40%       1.000      1.000
     Y9                    1.888       0.735       1.000   31.60%       1.000      2.000      2.000
             250.000       0.579       0.781       5.000    0.40%       2.000      2.000
     Y10                   1.884       0.644       1.000   31.60%       1.000      2.000      2.000
             250.000       0.567       0.257       4.000    3.20%       2.000      2.000
     X1                    0.062      -0.084      -2.819    0.40%      -0.739     -0.224      0.123
             250.000       0.875      -0.272       2.656    0.40%       0.320      0.907
     X2                    0.452       0.193       0.000   54.80%       0.000      0.000      0.000
             250.000       0.248      -1.963       1.000   45.20%       1.000      1.000


THE MODEL ESTIMATION TERMINATED NORMALLY



MODEL FIT INFORMATION

Number of Free Parameters                       34

Loglikelihood

          H0 Value                       -1614.937

Information Criteria

          Akaike (AIC)                    3297.874
          Bayesian (BIC)                  3417.604
          Sample-Size Adjusted BIC        3309.821
            (n* = (n + 2) / 24)



MODEL RESULTS

                                                    Two-Tailed
                    Estimate       S.E.  Est./S.E.    P-Value

 F        BY
    Y1                 0.620      0.038     16.098      0.000
    Y2                 0.664      0.040     16.592      0.000
    Y3                 0.570      0.039     14.529      0.000
    Y4                 0.620      0.042     14.829      0.000
    Y5                 0.614      0.041     14.819      0.000
    Y6               999.000      0.000    999.000    999.000
    Y7                 0.303      0.025     11.905      0.000
    Y8                 0.320      0.027     11.969      0.000
    Y9                 0.611      0.040     15.132      0.000
    Y10                0.630      0.039     16.119      0.000

 Y6       ON
    X1                -0.028      0.020     -1.350      0.177
    X2                 0.037      0.039      0.948      0.343

 Means
    F                  0.000      0.000    999.000    999.000

 Intercepts
    Y1                 1.776      0.047     37.871      0.000
    Y2                 1.912      0.049     38.763      0.000
    Y3                 3.144      0.046     68.202      0.000
    Y4                 3.124      0.050     63.108      0.000
    Y5                 3.188      0.049     65.039      0.000
    Y6                 1.141      0.028     40.213      0.000
    Y7                 1.188      0.028     41.934      0.000
    Y8                 1.196      0.030     40.173      0.000
    Y9                 1.888      0.048     39.216      0.000
    Y10                1.884      0.048     39.576      0.000

 Variances
    F                  1.000      0.000    999.000    999.000

 Residual Variances
    Y1                 0.166      0.017      9.609      0.000
    Y2                 0.167      0.018      9.371      0.000
    Y3                 0.207      0.021     10.084      0.000
    Y4                 0.228      0.023     10.010      0.000
    Y5                 0.224      0.022     10.024      0.000
    Y6                 0.082      0.008     10.430      0.000
    Y7                 0.109      0.010     10.589      0.000
    Y8                 0.119      0.011     10.579      0.000
    Y9                 0.206      0.021      9.939      0.000
    Y10                0.170      0.018      9.586      0.000

New/Additional Parameters
    L6_0               0.206      0.029      7.057      0.000
    L6_1               0.024      0.021      1.131      0.258
    L6_2               0.137      0.040      3.406      0.001


QUALITY OF NUMERICAL RESULTS

     Condition Number for the Information Matrix              0.610E-04
       (ratio of smallest to largest eigenvalue)


     Beginning Time:  04:14:55
        Ending Time:  04:14:57
       Elapsed Time:  00:00:02



MUTHEN & MUTHEN
3463 Stoner Ave.
Los Angeles, CA  90066

Tel: (310) 391-9971
Fax: (310) 391-8971
Web: www.StatModel.com
Support: Support@StatModel.com

Copyright (c) 1998-2019 Muthen & Muthen
