Mplus VERSION 8.3
MUTHEN & MUTHEN
04/25/2024   4:09 AM

INPUT INSTRUCTIONS


  TITLE: Test with 10 reps

  DATA:
  File is
  G3_B2_N1_rep218.csv;

  VARIABLE:
      Names are x1 x2 eta
  	y1 y2 y3 y4 y5 y6 y7 y8 y9 y10;
      Usevariables are y1-y10 x1 x2;
      constraint = x1 x2;

  MODEL:
      f BY y1* (l1);
      f BY y2* (l2);
      f BY y3* (l3);
      f BY y4* (l4);
      f BY y5* (l5);
      f BY y6* (l6);
      f BY y7* (l7);
      f BY y8* (l8);
      f BY y9* (l9);
      f BY y10* (l10);

  y9 ON x1 x2;
  f@1;
  [f@0];

  MODEL CONSTRAINT:
      new (l9_0 l9_1 l9_2);
      l9 = l9_0 + l9_1*x1 + l9_2*x2;




INPUT READING TERMINATED NORMALLY



Test with 10 reps

SUMMARY OF ANALYSIS

Number of groups                                                 1
Number of observations                                         250

Number of dependent variables                                   10
Number of independent variables                                  2
Number of continuous latent variables                            1

Observed dependent variables

  Continuous
   Y1          Y2          Y3          Y4          Y5          Y6
   Y7          Y8          Y9          Y10

Observed independent variables
   X1          X2

Continuous latent variables
   F


Estimator                                                       ML
Information matrix                                        OBSERVED
Maximum number of iterations                                  1000
Convergence criterion                                    0.500D-04
Maximum number of steepest descent iterations                   20

Input data file(s)
  G3_B2_N1_rep218.csv

Input data format  FREE



UNIVARIATE SAMPLE STATISTICS


     UNIVARIATE HIGHER-ORDER MOMENT DESCRIPTIVE STATISTICS

         Variable/         Mean/     Skewness/   Minimum/ % with                Percentiles
        Sample Size      Variance    Kurtosis    Maximum  Min/Max      20%/60%    40%/80%    Median

     Y1                    1.940       0.836       1.000   29.20%       1.000      2.000      2.000
             250.000       0.624       1.169       5.000    0.80%       2.000      2.000
     Y2                    1.952       0.905       1.000   28.80%       1.000      2.000      2.000
             250.000       0.654       1.200       5.000    0.80%       2.000      2.000
     Y3                    3.248       0.144       1.000    0.80%       3.000      3.000      3.000
             250.000       0.634      -0.014       5.000    6.00%       3.000      4.000
     Y4                    3.168       0.018       1.000    0.40%       3.000      3.000      3.000
             250.000       0.548      -0.288       5.000    2.40%       3.000      4.000
     Y5                    3.200      -0.061       1.000    1.20%       3.000      3.000      3.000
             250.000       0.608      -0.026       5.000    3.60%       3.000      4.000
     Y6                    1.212       2.661       1.000   81.20%       1.000      1.000      1.000
             250.000       0.231       8.858       4.000    0.80%       1.000      1.000
     Y7                    1.212       2.519       1.000   82.40%       1.000      1.000      1.000
             250.000       0.247       6.585       4.000    0.40%       1.000      1.000
     Y8                    1.224       2.526       1.000   80.00%       1.000      1.000      1.000
             250.000       0.238       8.022       4.000    0.80%       1.000      1.000
     Y9                    1.916       0.851       1.000   26.40%       1.000      2.000      2.000
             250.000       0.509       2.089       5.000    0.80%       2.000      2.000
     Y10                   1.928       0.666       1.000   29.20%       1.000      2.000      2.000
             250.000       0.579       0.661       5.000    0.40%       2.000      2.000
     X1                   -0.022       0.137      -2.814    0.40%      -0.815     -0.334     -0.085
             250.000       1.006       0.032       2.738    0.40%       0.222      0.853
     X2                    0.520      -0.080       0.000   48.00%       0.000      0.000      1.000
             250.000       0.250      -1.994       1.000   52.00%       1.000      1.000


THE MODEL ESTIMATION TERMINATED NORMALLY



MODEL FIT INFORMATION

Number of Free Parameters                       34

Loglikelihood

          H0 Value                       -1633.382

Information Criteria

          Akaike (AIC)                    3334.764
          Bayesian (BIC)                  3454.494
          Sample-Size Adjusted BIC        3346.711
            (n* = (n + 2) / 24)



MODEL RESULTS

                                                    Two-Tailed
                    Estimate       S.E.  Est./S.E.    P-Value

 F        BY
    Y1                 0.647      0.041     15.624      0.000
    Y2                 0.683      0.042     16.395      0.000
    Y3                 0.642      0.042     15.258      0.000
    Y4                 0.594      0.039     15.130      0.000
    Y5                 0.636      0.041     15.533      0.000
    Y6                 0.343      0.027     12.809      0.000
    Y7                 0.367      0.027     13.420      0.000
    Y8                 0.359      0.027     13.345      0.000
    Y9               999.000      0.000    999.000    999.000
    Y10                0.650      0.039     16.716      0.000

 Y9       ON
    X1                 0.028      0.027      1.038      0.299
    X2                 0.008      0.056      0.135      0.892

 Means
    F                  0.000      0.000    999.000    999.000

 Intercepts
    Y1                 1.940      0.050     38.819      0.000
    Y2                 1.952      0.051     38.174      0.000
    Y3                 3.248      0.050     64.472      0.000
    Y4                 3.168      0.047     67.679      0.000
    Y5                 3.200      0.049     64.889      0.000
    Y6                 1.212      0.030     39.867      0.000
    Y7                 1.212      0.031     38.555      0.000
    Y8                 1.224      0.031     39.685      0.000
    Y9                 1.909      0.054     35.274      0.000
    Y10                1.928      0.048     40.069      0.000

 Variances
    F                  1.000      0.000    999.000    999.000

 Residual Variances
    Y1                 0.206      0.021      9.936      0.000
    Y2                 0.188      0.019      9.640      0.000
    Y3                 0.222      0.022     10.029      0.000
    Y4                 0.195      0.019     10.029      0.000
    Y5                 0.203      0.020      9.921      0.000
    Y6                 0.113      0.011     10.499      0.000
    Y7                 0.112      0.011     10.386      0.000
    Y8                 0.109      0.010     10.398      0.000
    Y9                 0.156      0.016      9.840      0.000
    Y10                0.156      0.016      9.510      0.000

New/Additional Parameters
    L9_0               0.578      0.054     10.723      0.000
    L9_1               0.043      0.025      1.712      0.087
    L9_2               0.015      0.060      0.248      0.804


QUALITY OF NUMERICAL RESULTS

     Condition Number for the Information Matrix              0.105E-03
       (ratio of smallest to largest eigenvalue)


     Beginning Time:  04:09:25
        Ending Time:  04:09:26
       Elapsed Time:  00:00:01



MUTHEN & MUTHEN
3463 Stoner Ave.
Los Angeles, CA  90066

Tel: (310) 391-9971
Fax: (310) 391-8971
Web: www.StatModel.com
Support: Support@StatModel.com

Copyright (c) 1998-2019 Muthen & Muthen
