Mplus VERSION 8.3
MUTHEN & MUTHEN
04/25/2024   4:35 AM

INPUT INSTRUCTIONS


  TITLE: Test with 10 reps

  DATA:
  File is
  G3_B2_N1_rep295.csv;

  VARIABLE:
      Names are x1 x2 eta
  	y1 y2 y3 y4 y5 y6 y7 y8 y9 y10;
      Usevariables are y1-y10 x1 x2;
      constraint = x1 x2;

  MODEL:
      f BY y1* (l1);
      f BY y2* (l2);
      f BY y3* (l3);
      f BY y4* (l4);
      f BY y5* (l5);
      f BY y6* (l6);
      f BY y7* (l7);
      f BY y8* (l8);
      f BY y9* (l9);
      f BY y10* (l10);

  y10 ON x1 x2;
  f@1;
  [f@0];

  MODEL CONSTRAINT:
      new (l10_0 l10_1 l10_2);
      l10 = l10_0 + l10_1*x1 + l10_2*x2;




INPUT READING TERMINATED NORMALLY



Test with 10 reps

SUMMARY OF ANALYSIS

Number of groups                                                 1
Number of observations                                         250

Number of dependent variables                                   10
Number of independent variables                                  2
Number of continuous latent variables                            1

Observed dependent variables

  Continuous
   Y1          Y2          Y3          Y4          Y5          Y6
   Y7          Y8          Y9          Y10

Observed independent variables
   X1          X2

Continuous latent variables
   F


Estimator                                                       ML
Information matrix                                        OBSERVED
Maximum number of iterations                                  1000
Convergence criterion                                    0.500D-04
Maximum number of steepest descent iterations                   20

Input data file(s)
  G3_B2_N1_rep295.csv

Input data format  FREE



UNIVARIATE SAMPLE STATISTICS


     UNIVARIATE HIGHER-ORDER MOMENT DESCRIPTIVE STATISTICS

         Variable/         Mean/     Skewness/   Minimum/ % with                Percentiles
        Sample Size      Variance    Kurtosis    Maximum  Min/Max      20%/60%    40%/80%    Median

     Y1                    1.876       0.621       1.000   34.80%       1.000      2.000      2.000
             250.000       0.613       0.195       5.000    0.40%       2.000      2.000
     Y2                    1.880       0.532       1.000   33.20%       1.000      2.000      2.000
             250.000       0.578      -0.176       4.000    2.40%       2.000      2.000
     Y3                    3.144       0.036       1.000    0.80%       2.000      3.000      3.000
             250.000       0.619      -0.308       5.000    3.20%       3.000      4.000
     Y4                    3.092      -0.065       1.000    1.20%       2.000      3.000      3.000
             250.000       0.620      -0.415       5.000    2.00%       3.000      4.000
     Y5                    3.160       0.120       2.000   20.40%       2.000      3.000      3.000
             250.000       0.606      -0.591       5.000    3.20%       3.000      4.000
     Y6                    1.192       2.028       1.000   82.00%       1.000      1.000      1.000
             250.000       0.179       3.262       3.000    1.20%       1.000      1.000
     Y7                    1.228       1.692       1.000   78.40%       1.000      1.000      1.000
             250.000       0.200       1.822       3.000    1.20%       1.000      2.000
     Y8                    1.184       2.114       1.000   82.80%       1.000      1.000      1.000
             250.000       0.174       3.674       3.000    1.20%       1.000      1.000
     Y9                    1.820       0.644       1.000   36.80%       1.000      2.000      2.000
             250.000       0.572       0.001       4.000    2.40%       2.000      2.000
     Y10                   1.852       0.796       1.000   34.00%       1.000      2.000      2.000
             250.000       0.582       0.873       5.000    0.40%       2.000      2.000
     X1                    0.031      -0.003      -2.261    0.40%      -0.744     -0.259      0.011
             250.000       0.842      -0.477       2.297    0.40%       0.326      0.837
     X2                    0.528      -0.112       0.000   47.20%       0.000      0.000      1.000
             250.000       0.249      -1.987       1.000   52.80%       1.000      1.000


THE MODEL ESTIMATION TERMINATED NORMALLY



MODEL FIT INFORMATION

Number of Free Parameters                       34

Loglikelihood

          H0 Value                       -1588.692

Information Criteria

          Akaike (AIC)                    3245.384
          Bayesian (BIC)                  3365.113
          Sample-Size Adjusted BIC        3257.331
            (n* = (n + 2) / 24)



MODEL RESULTS

                                                    Two-Tailed
                    Estimate       S.E.  Est./S.E.    P-Value

 F        BY
    Y1                 0.654      0.041     16.117      0.000
    Y2                 0.625      0.040     15.719      0.000
    Y3                 0.687      0.040     17.289      0.000
    Y4                 0.640      0.041     15.455      0.000
    Y5                 0.659      0.040     16.460      0.000
    Y6                 0.265      0.025     10.791      0.000
    Y7                 0.285      0.026     11.066      0.000
    Y8                 0.270      0.024     11.245      0.000
    Y9                 0.650      0.039     16.878      0.000
    Y10              999.000      0.000    999.000    999.000

 Y10      ON
    X1                 0.002      0.035      0.055      0.956
    X2                 0.000      0.064      0.001      0.999

 Means
    F                  0.000      0.000    999.000    999.000

 Intercepts
    Y1                 1.876      0.050     37.897      0.000
    Y2                 1.880      0.048     39.112      0.000
    Y3                 3.144      0.050     63.171      0.000
    Y4                 3.092      0.050     62.112      0.000
    Y5                 3.160      0.049     64.162      0.000
    Y6                 1.192      0.027     44.530      0.000
    Y7                 1.228      0.028     43.415      0.000
    Y8                 1.184      0.026     44.861      0.000
    Y9                 1.820      0.048     38.062      0.000
    Y10                1.842      0.060     30.776      0.000

 Variances
    F                  1.000      0.000    999.000    999.000

 Residual Variances
    Y1                 0.185      0.019      9.748      0.000
    Y2                 0.187      0.019      9.895      0.000
    Y3                 0.148      0.016      9.213      0.000
    Y4                 0.210      0.021      9.981      0.000
    Y5                 0.172      0.018      9.603      0.000
    Y6                 0.109      0.010     10.786      0.000
    Y7                 0.119      0.011     10.755      0.000
    Y8                 0.101      0.009     10.723      0.000
    Y9                 0.149      0.016      9.408      0.000
    Y10                0.222      0.022     10.139      0.000

New/Additional Parameters
    L10_0              0.589      0.056     10.435      0.000
    L10_1              0.055      0.037      1.511      0.131
    L10_2              0.019      0.067      0.281      0.779


QUALITY OF NUMERICAL RESULTS

     Condition Number for the Information Matrix              0.882E-04
       (ratio of smallest to largest eigenvalue)


     Beginning Time:  04:35:50
        Ending Time:  04:35:51
       Elapsed Time:  00:00:01



MUTHEN & MUTHEN
3463 Stoner Ave.
Los Angeles, CA  90066

Tel: (310) 391-9971
Fax: (310) 391-8971
Web: www.StatModel.com
Support: Support@StatModel.com

Copyright (c) 1998-2019 Muthen & Muthen
