Mplus VERSION 8.3
MUTHEN & MUTHEN
04/25/2024   4:43 AM

INPUT INSTRUCTIONS


  TITLE: Test with 10 reps

  DATA:
  File is
  G3_B2_N1_rep315.csv;

  VARIABLE:
      Names are x1 x2 eta
  	y1 y2 y3 y4 y5 y6 y7 y8 y9 y10;
      Usevariables are y1-y10 x1 x2;
      constraint = x1 x2;

  MODEL:
      f BY y1* (l1);
      f BY y2* (l2);
      f BY y3* (l3);
      f BY y4* (l4);
      f BY y5* (l5);
      f BY y6* (l6);
      f BY y7* (l7);
      f BY y8* (l8);
      f BY y9* (l9);
      f BY y10* (l10);

  y7 ON x1 x2;
  f@1;
  [f@0];

  MODEL CONSTRAINT:
      new (l7_0 l7_1 l7_2);
      l7 = l7_0 + l7_1*x1 + l7_2*x2;




INPUT READING TERMINATED NORMALLY



Test with 10 reps

SUMMARY OF ANALYSIS

Number of groups                                                 1
Number of observations                                         250

Number of dependent variables                                   10
Number of independent variables                                  2
Number of continuous latent variables                            1

Observed dependent variables

  Continuous
   Y1          Y2          Y3          Y4          Y5          Y6
   Y7          Y8          Y9          Y10

Observed independent variables
   X1          X2

Continuous latent variables
   F


Estimator                                                       ML
Information matrix                                        OBSERVED
Maximum number of iterations                                  1000
Convergence criterion                                    0.500D-04
Maximum number of steepest descent iterations                   20

Input data file(s)
  G3_B2_N1_rep315.csv

Input data format  FREE



UNIVARIATE SAMPLE STATISTICS


     UNIVARIATE HIGHER-ORDER MOMENT DESCRIPTIVE STATISTICS

         Variable/         Mean/     Skewness/   Minimum/ % with                Percentiles
        Sample Size      Variance    Kurtosis    Maximum  Min/Max      20%/60%    40%/80%    Median

     Y1                    1.928       0.880       1.000   29.20%       1.000      2.000      2.000
             250.000       0.611       1.369       5.000    0.80%       2.000      2.000
     Y2                    1.908       0.842       1.000   32.40%       1.000      2.000      2.000
             250.000       0.660       0.716       5.000    0.40%       2.000      2.000
     Y3                    3.164      -0.093       1.000    1.60%       3.000      3.000      3.000
             250.000       0.609       0.078       5.000    3.20%       3.000      4.000
     Y4                    3.172      -0.021       1.000    0.80%       3.000      3.000      3.000
             250.000       0.622      -0.347       5.000    3.20%       3.000      4.000
     Y5                    3.160      -0.047       1.000    1.20%       3.000      3.000      3.000
             250.000       0.566       0.108       5.000    2.80%       3.000      4.000
     Y6                    1.220       3.184       1.000   81.20%       1.000      1.000      1.000
             250.000       0.268      14.317       5.000    0.40%       1.000      1.000
     Y7                    1.208       1.869       1.000   80.40%       1.000      1.000      1.000
             250.000       0.189       2.549       3.000    1.20%       1.000      1.000
     Y8                    1.204       2.574       1.000   82.80%       1.000      1.000      1.000
             250.000       0.234       7.074       4.000    0.40%       1.000      1.000
     Y9                    1.868       0.502       1.000   34.00%       1.000      2.000      2.000
             250.000       0.571      -0.290       4.000    2.00%       2.000      2.000
     Y10                   1.924       0.932       1.000   29.20%       1.000      2.000      2.000
             250.000       0.614       1.493       5.000    0.80%       2.000      2.000
     X1                   -0.019      -0.065      -3.793    0.40%      -0.908     -0.331     -0.085
             250.000       1.014       0.077       2.427    0.40%       0.254      0.822
     X2                    0.524      -0.096       0.000   47.60%       0.000      0.000      1.000
             250.000       0.249      -1.991       1.000   52.40%       1.000      1.000


THE MODEL ESTIMATION TERMINATED NORMALLY



MODEL FIT INFORMATION

Number of Free Parameters                       34

Loglikelihood

          H0 Value                       -1706.808

Information Criteria

          Akaike (AIC)                    3481.617
          Bayesian (BIC)                  3601.347
          Sample-Size Adjusted BIC        3493.564
            (n* = (n + 2) / 24)



MODEL RESULTS

                                                    Two-Tailed
                    Estimate       S.E.  Est./S.E.    P-Value

 F        BY
    Y1                 0.645      0.041     15.788      0.000
    Y2                 0.666      0.043     15.643      0.000
    Y3                 0.655      0.040     16.198      0.000
    Y4                 0.650      0.041     15.752      0.000
    Y5                 0.597      0.040     14.875      0.000
    Y6                 0.355      0.029     12.124      0.000
    Y7               999.000      0.000    999.000    999.000
    Y8                 0.324      0.028     11.717      0.000
    Y9                 0.600      0.040     14.886      0.000
    Y10                0.655      0.041     16.113      0.000

 Y7       ON
    X1                 0.004      0.021      0.200      0.842
    X2                -0.007      0.044     -0.153      0.878

 Means
    F                  0.000      0.000    999.000    999.000

 Intercepts
    Y1                 1.928      0.049     39.005      0.000
    Y2                 1.908      0.051     37.148      0.000
    Y3                 3.164      0.049     64.101      0.000
    Y4                 3.172      0.050     63.572      0.000
    Y5                 3.160      0.048     66.389      0.000
    Y6                 1.220      0.033     37.290      0.000
    Y7                 1.196      0.035     33.860      0.000
    Y8                 1.204      0.031     39.322      0.000
    Y9                 1.868      0.048     39.101      0.000
    Y10                1.924      0.050     38.816      0.000

 Variances
    F                  1.000      0.000    999.000    999.000

 Residual Variances
    Y1                 0.195      0.020      9.751      0.000
    Y2                 0.216      0.022      9.791      0.000
    Y3                 0.180      0.019      9.538      0.000
    Y4                 0.200      0.021      9.735      0.000
    Y5                 0.210      0.021     10.019      0.000
    Y6                 0.142      0.013     10.564      0.000
    Y7                 0.099      0.009     10.585      0.000
    Y8                 0.130      0.012     10.614      0.000
    Y9                 0.211      0.021     10.047      0.000
    Y10                0.185      0.019      9.604      0.000

New/Additional Parameters
    L7_0               0.252      0.039      6.503      0.000
    L7_1               0.021      0.022      0.937      0.349
    L7_2               0.068      0.047      1.423      0.155


QUALITY OF NUMERICAL RESULTS

     Condition Number for the Information Matrix              0.863E-04
       (ratio of smallest to largest eigenvalue)


     Beginning Time:  04:43:15
        Ending Time:  04:43:16
       Elapsed Time:  00:00:01



MUTHEN & MUTHEN
3463 Stoner Ave.
Los Angeles, CA  90066

Tel: (310) 391-9971
Fax: (310) 391-8971
Web: www.StatModel.com
Support: Support@StatModel.com

Copyright (c) 1998-2019 Muthen & Muthen
