Mplus VERSION 8.3
MUTHEN & MUTHEN
04/25/2024   4:47 AM

INPUT INSTRUCTIONS


  TITLE: Test with 10 reps

  DATA:
  File is
  G3_B2_N1_rep327.csv;

  VARIABLE:
      Names are x1 x2 eta
  	y1 y2 y3 y4 y5 y6 y7 y8 y9 y10;
      Usevariables are y1-y10 x1 x2;
      constraint = x1 x2;

  MODEL:
      f BY y1* (l1);
      f BY y2* (l2);
      f BY y3* (l3);
      f BY y4* (l4);
      f BY y5* (l5);
      f BY y6* (l6);
      f BY y7* (l7);
      f BY y8* (l8);
      f BY y9* (l9);
      f BY y10* (l10);

  y9 ON x1 x2;
  f@1;
  [f@0];

  MODEL CONSTRAINT:
      new (l9_0 l9_1 l9_2);
      l9 = l9_0 + l9_1*x1 + l9_2*x2;




INPUT READING TERMINATED NORMALLY



Test with 10 reps

SUMMARY OF ANALYSIS

Number of groups                                                 1
Number of observations                                         250

Number of dependent variables                                   10
Number of independent variables                                  2
Number of continuous latent variables                            1

Observed dependent variables

  Continuous
   Y1          Y2          Y3          Y4          Y5          Y6
   Y7          Y8          Y9          Y10

Observed independent variables
   X1          X2

Continuous latent variables
   F


Estimator                                                       ML
Information matrix                                        OBSERVED
Maximum number of iterations                                  1000
Convergence criterion                                    0.500D-04
Maximum number of steepest descent iterations                   20

Input data file(s)
  G3_B2_N1_rep327.csv

Input data format  FREE



UNIVARIATE SAMPLE STATISTICS


     UNIVARIATE HIGHER-ORDER MOMENT DESCRIPTIVE STATISTICS

         Variable/         Mean/     Skewness/   Minimum/ % with                Percentiles
        Sample Size      Variance    Kurtosis    Maximum  Min/Max      20%/60%    40%/80%    Median

     Y1                    1.888       0.845       1.000   33.60%       1.000      2.000      2.000
             250.000       0.651       0.727       5.000    0.40%       2.000      2.000
     Y2                    1.916       0.623       1.000   34.40%       1.000      2.000      2.000
             250.000       0.685      -0.209       4.000    4.40%       2.000      3.000
     Y3                    3.088      -0.164       1.000    3.20%       2.000      3.000      3.000
             250.000       0.680       0.148       5.000    3.20%       3.000      4.000
     Y4                    3.124      -0.215       1.000    3.60%       2.000      3.000      3.000
             250.000       0.829      -0.437       5.000    4.00%       3.000      4.000
     Y5                    3.132      -0.294       1.000    3.60%       2.000      3.000      3.000
             250.000       0.723       0.017       5.000    3.20%       3.000      4.000
     Y6                    1.240       1.847       1.000   78.40%       1.000      1.000      1.000
             250.000       0.230       2.594       3.000    2.40%       1.000      2.000
     Y7                    1.188       2.563       1.000   82.80%       1.000      1.000      1.000
             250.000       0.193       7.964       4.000    0.40%       1.000      1.000
     Y8                    1.184       1.820       1.000   82.00%       1.000      1.000      1.000
             250.000       0.158       1.897       3.000    0.40%       1.000      1.000
     Y9                    1.848       0.898       1.000   35.60%       1.000      2.000      2.000
             250.000       0.633       0.901       5.000    0.40%       2.000      2.000
     Y10                   1.812       0.731       1.000   36.00%       1.000      2.000      2.000
             250.000       0.545       0.763       5.000    0.40%       2.000      2.000
     X1                   -0.014      -0.053      -3.153    0.40%      -0.813     -0.306     -0.026
             250.000       1.037       0.243       3.194    0.40%       0.256      0.778
     X2                    0.464       0.144       0.000   53.60%       0.000      0.000      0.000
             250.000       0.249      -1.979       1.000   46.40%       1.000      1.000


THE MODEL ESTIMATION TERMINATED NORMALLY



MODEL FIT INFORMATION

Number of Free Parameters                       34

Loglikelihood

          H0 Value                       -1723.843

Information Criteria

          Akaike (AIC)                    3515.686
          Bayesian (BIC)                  3635.416
          Sample-Size Adjusted BIC        3527.633
            (n* = (n + 2) / 24)



MODEL RESULTS

                                                    Two-Tailed
                    Estimate       S.E.  Est./S.E.    P-Value

 F        BY
    Y1                 0.675      0.042     16.133      0.000
    Y2                 0.699      0.043     16.380      0.000
    Y3                 0.682      0.043     15.851      0.000
    Y4                 0.745      0.048     15.608      0.000
    Y5                 0.683      0.045     15.174      0.000
    Y6                 0.297      0.028     10.628      0.000
    Y7                 0.293      0.025     11.727      0.000
    Y8                 0.247      0.023     10.658      0.000
    Y9               999.000      0.000    999.000    999.000
    Y10                0.630      0.038     16.684      0.000

 Y9       ON
    X1                -0.002      0.030     -0.069      0.945
    X2                 0.145      0.062      2.353      0.019

 Means
    F                  0.000      0.000    999.000    999.000

 Intercepts
    Y1                 1.888      0.051     36.985      0.000
    Y2                 1.916      0.052     36.605      0.000
    Y3                 3.088      0.052     59.199      0.000
    Y4                 3.124      0.058     54.263      0.000
    Y5                 3.132      0.054     58.257      0.000
    Y6                 1.240      0.030     40.846      0.000
    Y7                 1.188      0.028     42.795      0.000
    Y8                 1.184      0.025     47.076      0.000
    Y9                 1.779      0.058     30.879      0.000
    Y10                1.812      0.047     38.821      0.000

 Variances
    F                  1.000      0.000    999.000    999.000

 Residual Variances
    Y1                 0.196      0.020      9.674      0.000
    Y2                 0.196      0.021      9.556      0.000
    Y3                 0.215      0.022      9.770      0.000
    Y4                 0.273      0.028      9.846      0.000
    Y5                 0.256      0.026      9.993      0.000
    Y6                 0.142      0.013     10.770      0.000
    Y7                 0.107      0.010     10.630      0.000
    Y8                 0.097      0.009     10.767      0.000
    Y9                 0.198      0.020      9.798      0.000
    Y10                0.147      0.016      9.417      0.000

New/Additional Parameters
    L9_0               0.641      0.054     11.776      0.000
    L9_1               0.006      0.027      0.239      0.811
    L9_2               0.002      0.063      0.032      0.975


QUALITY OF NUMERICAL RESULTS

     Condition Number for the Information Matrix              0.809E-04
       (ratio of smallest to largest eigenvalue)


     Beginning Time:  04:47:22
        Ending Time:  04:47:23
       Elapsed Time:  00:00:01



MUTHEN & MUTHEN
3463 Stoner Ave.
Los Angeles, CA  90066

Tel: (310) 391-9971
Fax: (310) 391-8971
Web: www.StatModel.com
Support: Support@StatModel.com

Copyright (c) 1998-2019 Muthen & Muthen
