Mplus VERSION 8.3
MUTHEN & MUTHEN
04/25/2024   4:40 AM

INPUT INSTRUCTIONS


  TITLE: Test with 10 reps

  DATA:
  File is
  G3_B2_N1_rep308.csv;

  VARIABLE:
      Names are x1 x2 eta
  	y1 y2 y3 y4 y5 y6 y7 y8 y9 y10;
      Usevariables are y1-y10 x1 x2;
      constraint = x1 x2;

  MODEL:
      f BY y1* (l1);
      f BY y2* (l2);
      f BY y3* (l3);
      f BY y4* (l4);
      f BY y5* (l5);
      f BY y6* (l6);
      f BY y7* (l7);
      f BY y8* (l8);
      f BY y9* (l9);
      f BY y10* (l10);

  y10 ON x1 x2;
  f@1;
  [f@0];

  MODEL CONSTRAINT:
      new (l10_0 l10_1 l10_2);
      l10 = l10_0 + l10_1*x1 + l10_2*x2;




INPUT READING TERMINATED NORMALLY



Test with 10 reps

SUMMARY OF ANALYSIS

Number of groups                                                 1
Number of observations                                         250

Number of dependent variables                                   10
Number of independent variables                                  2
Number of continuous latent variables                            1

Observed dependent variables

  Continuous
   Y1          Y2          Y3          Y4          Y5          Y6
   Y7          Y8          Y9          Y10

Observed independent variables
   X1          X2

Continuous latent variables
   F


Estimator                                                       ML
Information matrix                                        OBSERVED
Maximum number of iterations                                  1000
Convergence criterion                                    0.500D-04
Maximum number of steepest descent iterations                   20

Input data file(s)
  G3_B2_N1_rep308.csv

Input data format  FREE



UNIVARIATE SAMPLE STATISTICS


     UNIVARIATE HIGHER-ORDER MOMENT DESCRIPTIVE STATISTICS

         Variable/         Mean/     Skewness/   Minimum/ % with                Percentiles
        Sample Size      Variance    Kurtosis    Maximum  Min/Max      20%/60%    40%/80%    Median

     Y1                    1.812       0.614       1.000   36.00%       1.000      2.000      2.000
             250.000       0.537       0.050       4.000    2.00%       2.000      2.000
     Y2                    1.832       0.452       1.000   32.00%       1.000      2.000      2.000
             250.000       0.468       0.003       4.000    1.20%       2.000      2.000
     Y3                    3.064       0.128       1.000    0.80%       2.000      3.000      3.000
             250.000       0.556      -0.033       5.000    2.40%       3.000      4.000
     Y4                    3.068      -0.045       1.000    1.20%       3.000      3.000      3.000
             250.000       0.535       0.021       5.000    1.60%       3.000      4.000
     Y5                    3.116      -0.028       1.000    1.20%       2.000      3.000      3.000
             250.000       0.647      -0.382       5.000    2.80%       3.000      4.000
     Y6                    1.180       2.591       1.000   83.20%       1.000      1.000      1.000
             250.000       0.180       8.473       4.000    0.40%       1.000      1.000
     Y7                    1.144       2.479       1.000   86.40%       1.000      1.000      1.000
             250.000       0.139       5.457       3.000    0.80%       1.000      1.000
     Y8                    1.200       2.835       1.000   82.80%       1.000      1.000      1.000
             250.000       0.232       9.658       4.000    0.80%       1.000      1.000
     Y9                    1.852       0.967       1.000   35.60%       1.000      2.000      2.000
             250.000       0.646       1.292       5.000    0.80%       2.000      2.000
     Y10                   1.856       0.899       1.000   31.60%       1.000      2.000      2.000
             250.000       0.539       1.874       5.000    0.80%       2.000      2.000
     X1                   -0.069      -0.039      -3.445    0.40%      -0.959     -0.379      0.020
             250.000       1.084       0.171       3.035    0.40%       0.225      0.749
     X2                    0.476       0.096       0.000   52.40%       0.000      0.000      0.000
             250.000       0.249      -1.991       1.000   47.60%       1.000      1.000


THE MODEL ESTIMATION TERMINATED NORMALLY



MODEL FIT INFORMATION

Number of Free Parameters                       34

Loglikelihood

          H0 Value                       -1558.503

Information Criteria

          Akaike (AIC)                    3185.006
          Bayesian (BIC)                  3304.736
          Sample-Size Adjusted BIC        3196.953
            (n* = (n + 2) / 24)



MODEL RESULTS

                                                    Two-Tailed
                    Estimate       S.E.  Est./S.E.    P-Value

 F        BY
    Y1                 0.570      0.039     14.447      0.000
    Y2                 0.564      0.036     15.747      0.000
    Y3                 0.619      0.039     15.944      0.000
    Y4                 0.604      0.038     15.771      0.000
    Y5                 0.671      0.042     16.073      0.000
    Y6                 0.279      0.024     11.454      0.000
    Y7                 0.237      0.022     10.970      0.000
    Y8                 0.320      0.028     11.603      0.000
    Y9                 0.683      0.041     16.519      0.000
    Y10              999.000      0.000    999.000    999.000

 Y10      ON
    X1                -0.013      0.029     -0.446      0.656
    X2                 0.042      0.060      0.700      0.484

 Means
    F                  0.000      0.000    999.000    999.000

 Intercepts
    Y1                 1.812      0.046     39.109      0.000
    Y2                 1.832      0.043     42.352      0.000
    Y3                 3.064      0.047     64.977      0.000
    Y4                 3.068      0.046     66.297      0.000
    Y5                 3.116      0.051     61.273      0.000
    Y6                 1.180      0.027     44.025      0.000
    Y7                 1.144      0.024     48.470      0.000
    Y8                 1.200      0.030     39.392      0.000
    Y9                 1.852      0.051     36.430      0.000
    Y10                1.833      0.056     33.017      0.000

 Variances
    F                  1.000      0.000    999.000    999.000

 Residual Variances
    Y1                 0.212      0.021     10.152      0.000
    Y2                 0.150      0.015      9.746      0.000
    Y3                 0.172      0.018      9.665      0.000
    Y4                 0.171      0.018      9.727      0.000
    Y5                 0.196      0.020      9.605      0.000
    Y6                 0.102      0.010     10.640      0.000
    Y7                 0.083      0.008     10.684      0.000
    Y8                 0.130      0.012     10.621      0.000
    Y9                 0.180      0.019      9.420      0.000
    Y10                0.189      0.019      9.942      0.000

New/Additional Parameters
    L10_0              0.593      0.052     11.395      0.000
    L10_1              0.013      0.028      0.462      0.644
    L10_2             -0.009      0.062     -0.151      0.880


QUALITY OF NUMERICAL RESULTS

     Condition Number for the Information Matrix              0.593E-04
       (ratio of smallest to largest eigenvalue)


     Beginning Time:  04:40:35
        Ending Time:  04:40:37
       Elapsed Time:  00:00:02



MUTHEN & MUTHEN
3463 Stoner Ave.
Los Angeles, CA  90066

Tel: (310) 391-9971
Fax: (310) 391-8971
Web: www.StatModel.com
Support: Support@StatModel.com

Copyright (c) 1998-2019 Muthen & Muthen
