Mplus VERSION 8.3
MUTHEN & MUTHEN
04/25/2024   4:37 AM

INPUT INSTRUCTIONS


  TITLE: Test with 10 reps

  DATA:
  File is
  G3_B2_N1_rep30.csv;

  VARIABLE:
      Names are x1 x2 eta
  	y1 y2 y3 y4 y5 y6 y7 y8 y9 y10;
      Usevariables are y1-y10 x1 x2;
      constraint = x1 x2;

  MODEL:
      f BY y1* (l1);
      f BY y2* (l2);
      f BY y3* (l3);
      f BY y4* (l4);
      f BY y5* (l5);
      f BY y6* (l6);
      f BY y7* (l7);
      f BY y8* (l8);
      f BY y9* (l9);
      f BY y10* (l10);

  y1 ON x1 x2;
  f@1;
  [f@0];

  MODEL CONSTRAINT:
      new (l1_0 l1_1 l1_2);
      l1 = l1_0 + l1_1*x1 + l1_2*x2;




INPUT READING TERMINATED NORMALLY



Test with 10 reps

SUMMARY OF ANALYSIS

Number of groups                                                 1
Number of observations                                         250

Number of dependent variables                                   10
Number of independent variables                                  2
Number of continuous latent variables                            1

Observed dependent variables

  Continuous
   Y1          Y2          Y3          Y4          Y5          Y6
   Y7          Y8          Y9          Y10

Observed independent variables
   X1          X2

Continuous latent variables
   F


Estimator                                                       ML
Information matrix                                        OBSERVED
Maximum number of iterations                                  1000
Convergence criterion                                    0.500D-04
Maximum number of steepest descent iterations                   20

Input data file(s)
  G3_B2_N1_rep30.csv

Input data format  FREE



UNIVARIATE SAMPLE STATISTICS


     UNIVARIATE HIGHER-ORDER MOMENT DESCRIPTIVE STATISTICS

         Variable/         Mean/     Skewness/   Minimum/ % with                Percentiles
        Sample Size      Variance    Kurtosis    Maximum  Min/Max      20%/60%    40%/80%    Median

     Y1                    1.876       0.664       1.000   34.80%       1.000      2.000      2.000
             250.000       0.621       0.291       5.000    0.40%       2.000      2.000
     Y2                    1.864       0.527       1.000   32.00%       1.000      2.000      2.000
             250.000       0.526       0.022       4.000    2.00%       2.000      2.000
     Y3                    3.180       0.002       1.000    0.80%       3.000      3.000      3.000
             250.000       0.588      -0.150       5.000    3.20%       3.000      4.000
     Y4                    3.176       0.182       2.000   14.40%       3.000      3.000      3.000
             250.000       0.481      -0.117       5.000    2.40%       3.000      4.000
     Y5                    3.136      -0.143       1.000    1.60%       3.000      3.000      3.000
             250.000       0.614      -0.128       5.000    2.40%       3.000      4.000
     Y6                    1.152       2.651       1.000   86.40%       1.000      1.000      1.000
             250.000       0.161       6.623       3.000    1.60%       1.000      1.000
     Y7                    1.196       2.096       1.000   82.00%       1.000      1.000      1.000
             250.000       0.190       3.655       3.000    1.60%       1.000      1.000
     Y8                    1.180       2.275       1.000   83.60%       1.000      1.000      1.000
             250.000       0.180       4.544       3.000    1.60%       1.000      1.000
     Y9                    1.836       0.734       1.000   34.80%       1.000      2.000      2.000
             250.000       0.561       0.745       5.000    0.40%       2.000      2.000
     Y10                   1.884       0.552       1.000   30.80%       1.000      2.000      2.000
             250.000       0.535       0.124       4.000    2.40%       2.000      2.000
     X1                    0.065      -0.165      -2.771    0.40%      -0.806     -0.113      0.108
             250.000       0.853      -0.274       2.671    0.40%       0.415      0.869
     X2                    0.508      -0.032       0.000   49.20%       0.000      0.000      1.000
             250.000       0.250      -1.999       1.000   50.80%       1.000      1.000


THE MODEL ESTIMATION TERMINATED NORMALLY



MODEL FIT INFORMATION

Number of Free Parameters                       34

Loglikelihood

          H0 Value                       -1503.574

Information Criteria

          Akaike (AIC)                    3075.148
          Bayesian (BIC)                  3194.877
          Sample-Size Adjusted BIC        3087.095
            (n* = (n + 2) / 24)



MODEL RESULTS

                                                    Two-Tailed
                    Estimate       S.E.  Est./S.E.    P-Value

 F        BY
    Y1               999.000      0.000    999.000    999.000
    Y2                 0.621      0.037     16.787      0.000
    Y3                 0.628      0.040     15.617      0.000
    Y4                 0.557      0.037     15.146      0.000
    Y5                 0.652      0.041     16.023      0.000
    Y6                 0.261      0.023     11.350      0.000
    Y7                 0.296      0.025     11.968      0.000
    Y8                 0.286      0.024     11.848      0.000
    Y9                 0.612      0.039     15.554      0.000
    Y10                0.609      0.038     16.028      0.000

 Y1       ON
    X1                -0.009      0.031     -0.282      0.778
    X2                 0.012      0.058      0.203      0.839

 Means
    F                  0.000      0.000    999.000    999.000

 Intercepts
    Y1                 1.881      0.061     31.014      0.000
    Y2                 1.864      0.046     40.656      0.000
    Y3                 3.180      0.048     65.593      0.000
    Y4                 3.176      0.044     72.405      0.000
    Y5                 3.136      0.050     63.305      0.000
    Y6                 1.152      0.025     45.410      0.000
    Y7                 1.196      0.028     43.431      0.000
    Y8                 1.180      0.027     44.025      0.000
    Y9                 1.836      0.047     38.754      0.000
    Y10                1.884      0.046     40.744      0.000

 Variances
    F                  1.000      0.000    999.000    999.000

 Residual Variances
    Y1                 0.166      0.018      9.460      0.000
    Y2                 0.139      0.015      9.452      0.000
    Y3                 0.193      0.020      9.860      0.000
    Y4                 0.171      0.017     10.043      0.000
    Y5                 0.188      0.019      9.744      0.000
    Y6                 0.093      0.009     10.688      0.000
    Y7                 0.102      0.010     10.615      0.000
    Y8                 0.098      0.009     10.614      0.000
    Y9                 0.187      0.019      9.925      0.000
    Y10                0.164      0.017      9.762      0.000

New/Additional Parameters
    L1_0               0.714      0.054     13.263      0.000
    L1_1              -0.011      0.034     -0.333      0.739
    L1_2              -0.069      0.059     -1.173      0.241


QUALITY OF NUMERICAL RESULTS

     Condition Number for the Information Matrix              0.735E-04
       (ratio of smallest to largest eigenvalue)


     Beginning Time:  04:37:43
        Ending Time:  04:37:45
       Elapsed Time:  00:00:02



MUTHEN & MUTHEN
3463 Stoner Ave.
Los Angeles, CA  90066

Tel: (310) 391-9971
Fax: (310) 391-8971
Web: www.StatModel.com
Support: Support@StatModel.com

Copyright (c) 1998-2019 Muthen & Muthen
