Mplus VERSION 8.3
MUTHEN & MUTHEN
04/25/2024   5:08 AM

INPUT INSTRUCTIONS


  TITLE: Test with 10 reps

  DATA:
  File is
  G3_B2_N1_rep389.csv;

  VARIABLE:
      Names are x1 x2 eta
  	y1 y2 y3 y4 y5 y6 y7 y8 y9 y10;
      Usevariables are y1-y10 x1 x2;
      constraint = x1 x2;

  MODEL:
      f BY y1* (l1);
      f BY y2* (l2);
      f BY y3* (l3);
      f BY y4* (l4);
      f BY y5* (l5);
      f BY y6* (l6);
      f BY y7* (l7);
      f BY y8* (l8);
      f BY y9* (l9);
      f BY y10* (l10);

  y6 ON x1 x2;
  f@1;
  [f@0];

  MODEL CONSTRAINT:
      new (l6_0 l6_1 l6_2);
      l6 = l6_0 + l6_1*x1 + l6_2*x2;




INPUT READING TERMINATED NORMALLY



Test with 10 reps

SUMMARY OF ANALYSIS

Number of groups                                                 1
Number of observations                                         250

Number of dependent variables                                   10
Number of independent variables                                  2
Number of continuous latent variables                            1

Observed dependent variables

  Continuous
   Y1          Y2          Y3          Y4          Y5          Y6
   Y7          Y8          Y9          Y10

Observed independent variables
   X1          X2

Continuous latent variables
   F


Estimator                                                       ML
Information matrix                                        OBSERVED
Maximum number of iterations                                  1000
Convergence criterion                                    0.500D-04
Maximum number of steepest descent iterations                   20

Input data file(s)
  G3_B2_N1_rep389.csv

Input data format  FREE



UNIVARIATE SAMPLE STATISTICS


     UNIVARIATE HIGHER-ORDER MOMENT DESCRIPTIVE STATISTICS

         Variable/         Mean/     Skewness/   Minimum/ % with                Percentiles
        Sample Size      Variance    Kurtosis    Maximum  Min/Max      20%/60%    40%/80%    Median

     Y1                    1.860       0.664       1.000   31.60%       1.000      2.000      2.000
             250.000       0.520       0.877       5.000    0.40%       2.000      2.000
     Y2                    1.844       0.435       1.000   33.60%       1.000      2.000      2.000
             250.000       0.516      -0.335       4.000    1.20%       2.000      2.000
     Y3                    3.160      -0.228       1.000    1.20%       3.000      3.000      3.000
             250.000       0.590      -0.341       5.000    1.60%       3.000      4.000
     Y4                    3.100      -0.173       1.000    1.60%       2.000      3.000      3.000
             250.000       0.594      -0.211       5.000    1.60%       3.000      4.000
     Y5                    3.168      -0.020       1.000    1.20%       3.000      3.000      3.000
             250.000       0.580       0.103       5.000    3.20%       3.000      4.000
     Y6                    1.152       2.173       1.000   85.20%       1.000      1.000      1.000
             250.000       0.137       3.487       3.000    0.40%       1.000      1.000
     Y7                    1.160       2.968       1.000   85.60%       1.000      1.000      1.000
             250.000       0.174      10.749       4.000    0.40%       1.000      1.000
     Y8                    1.184       2.114       1.000   82.80%       1.000      1.000      1.000
             250.000       0.174       3.674       3.000    1.20%       1.000      1.000
     Y9                    1.892       0.527       1.000   31.20%       1.000      2.000      2.000
             250.000       0.552      -0.028       4.000    2.40%       2.000      2.000
     Y10                   1.864       0.635       1.000   32.40%       1.000      2.000      2.000
             250.000       0.550       0.257       4.000    2.80%       2.000      2.000
     X1                   -0.060       0.163      -2.356    0.40%      -0.959     -0.341     -0.121
             250.000       1.013      -0.191       3.330    0.40%       0.238      0.765
     X2                    0.504      -0.016       0.000   49.60%       0.000      0.000      1.000
             250.000       0.250      -2.000       1.000   50.40%       1.000      1.000


THE MODEL ESTIMATION TERMINATED NORMALLY



MODEL FIT INFORMATION

Number of Free Parameters                       34

Loglikelihood

          H0 Value                       -1513.378

Information Criteria

          Akaike (AIC)                    3094.756
          Bayesian (BIC)                  3214.486
          Sample-Size Adjusted BIC        3106.703
            (n* = (n + 2) / 24)



MODEL RESULTS

                                                    Two-Tailed
                    Estimate       S.E.  Est./S.E.    P-Value

 F        BY
    Y1                 0.603      0.037     16.095      0.000
    Y2                 0.588      0.038     15.610      0.000
    Y3                 0.619      0.041     15.212      0.000
    Y4                 0.640      0.040     15.925      0.000
    Y5                 0.617      0.040     15.354      0.000
    Y6               999.000      0.000    999.000    999.000
    Y7                 0.255      0.024     10.434      0.000
    Y8                 0.264      0.024     10.916      0.000
    Y9                 0.632      0.038     16.578      0.000
    Y10                0.622      0.038     16.206      0.000

 Y6       ON
    X1                -0.001      0.019     -0.077      0.939
    X2                -0.015      0.039     -0.377      0.706

 Means
    F                  0.000      0.000    999.000    999.000

 Intercepts
    Y1                 1.860      0.046     40.767      0.000
    Y2                 1.844      0.045     40.602      0.000
    Y3                 3.160      0.049     65.025      0.000
    Y4                 3.100      0.049     63.597      0.000
    Y5                 3.168      0.048     65.785      0.000
    Y6                 1.145      0.030     38.011      0.000
    Y7                 1.160      0.026     43.919      0.000
    Y8                 1.184      0.026     44.861      0.000
    Y9                 1.892      0.047     40.252      0.000
    Y10                1.864      0.047     39.758      0.000

 Variances
    F                  1.000      0.000    999.000    999.000

 Residual Variances
    Y1                 0.157      0.016      9.662      0.000
    Y2                 0.170      0.017      9.828      0.000
    Y3                 0.207      0.021      9.948      0.000
    Y4                 0.185      0.019      9.701      0.000
    Y5                 0.199      0.020      9.920      0.000
    Y6                 0.081      0.008     10.655      0.000
    Y7                 0.110      0.010     10.775      0.000
    Y8                 0.105      0.010     10.738      0.000
    Y9                 0.152      0.016      9.458      0.000
    Y10                0.163      0.017      9.600      0.000

New/Additional Parameters
    L6_0               0.203      0.029      6.960      0.000
    L6_1               0.036      0.018      1.995      0.046
    L6_2               0.063      0.040      1.601      0.109


QUALITY OF NUMERICAL RESULTS

     Condition Number for the Information Matrix              0.571E-04
       (ratio of smallest to largest eigenvalue)


     Beginning Time:  05:08:47
        Ending Time:  05:08:49
       Elapsed Time:  00:00:02



MUTHEN & MUTHEN
3463 Stoner Ave.
Los Angeles, CA  90066

Tel: (310) 391-9971
Fax: (310) 391-8971
Web: www.StatModel.com
Support: Support@StatModel.com

Copyright (c) 1998-2019 Muthen & Muthen
