Mplus VERSION 8.3
MUTHEN & MUTHEN
04/25/2024   5:06 AM

INPUT INSTRUCTIONS


  TITLE: Test with 10 reps

  DATA:
  File is
  G3_B2_N1_rep382.csv;

  VARIABLE:
      Names are x1 x2 eta
  	y1 y2 y3 y4 y5 y6 y7 y8 y9 y10;
      Usevariables are y1-y10 x1 x2;
      constraint = x1 x2;

  MODEL:
      f BY y1* (l1);
      f BY y2* (l2);
      f BY y3* (l3);
      f BY y4* (l4);
      f BY y5* (l5);
      f BY y6* (l6);
      f BY y7* (l7);
      f BY y8* (l8);
      f BY y9* (l9);
      f BY y10* (l10);

  y10 ON x1 x2;
  f@1;
  [f@0];

  MODEL CONSTRAINT:
      new (l10_0 l10_1 l10_2);
      l10 = l10_0 + l10_1*x1 + l10_2*x2;




INPUT READING TERMINATED NORMALLY



Test with 10 reps

SUMMARY OF ANALYSIS

Number of groups                                                 1
Number of observations                                         250

Number of dependent variables                                   10
Number of independent variables                                  2
Number of continuous latent variables                            1

Observed dependent variables

  Continuous
   Y1          Y2          Y3          Y4          Y5          Y6
   Y7          Y8          Y9          Y10

Observed independent variables
   X1          X2

Continuous latent variables
   F


Estimator                                                       ML
Information matrix                                        OBSERVED
Maximum number of iterations                                  1000
Convergence criterion                                    0.500D-04
Maximum number of steepest descent iterations                   20

Input data file(s)
  G3_B2_N1_rep382.csv

Input data format  FREE



UNIVARIATE SAMPLE STATISTICS


     UNIVARIATE HIGHER-ORDER MOMENT DESCRIPTIVE STATISTICS

         Variable/         Mean/     Skewness/   Minimum/ % with                Percentiles
        Sample Size      Variance    Kurtosis    Maximum  Min/Max      20%/60%    40%/80%    Median

     Y1                    1.840       0.693       1.000   33.20%       1.000      2.000      2.000
             250.000       0.526       0.868       5.000    0.40%       2.000      2.000
     Y2                    1.884       0.718       1.000   30.80%       1.000      2.000      2.000
             250.000       0.551       0.904       5.000    0.40%       2.000      2.000
     Y3                    3.144       0.061       1.000    0.40%       3.000      3.000      3.000
             250.000       0.547      -0.258       5.000    2.40%       3.000      4.000
     Y4                    3.124      -0.181       1.000    0.80%       3.000      3.000      3.000
             250.000       0.501      -0.233       5.000    0.80%       3.000      4.000
     Y5                    3.144       0.042       2.000   20.00%       2.000      3.000      3.000
             250.000       0.563      -0.657       5.000    2.00%       3.000      4.000
     Y6                    1.132       2.450       1.000   87.20%       1.000      1.000      1.000
             250.000       0.123       4.944       3.000    0.40%       1.000      1.000
     Y7                    1.196       2.859       1.000   82.80%       1.000      1.000      1.000
             250.000       0.222      10.150       4.000    0.80%       1.000      1.000
     Y8                    1.160       2.409       1.000   85.20%       1.000      1.000      1.000
             250.000       0.158       5.203       3.000    1.20%       1.000      1.000
     Y9                    1.832       0.794       1.000   32.40%       1.000      2.000      2.000
             250.000       0.500       1.833       5.000    0.80%       2.000      2.000
     Y10                   1.876       0.803       1.000   30.80%       1.000      2.000      2.000
             250.000       0.541       1.571       5.000    0.80%       2.000      2.000
     X1                    0.063      -0.304      -2.637    0.40%      -0.841     -0.125      0.141
             250.000       1.098      -0.368       2.315    0.40%       0.316      0.914
     X2                    0.520      -0.080       0.000   48.00%       0.000      0.000      1.000
             250.000       0.250      -1.994       1.000   52.00%       1.000      1.000


THE MODEL ESTIMATION TERMINATED NORMALLY



MODEL FIT INFORMATION

Number of Free Parameters                       34

Loglikelihood

          H0 Value                       -1506.730

Information Criteria

          Akaike (AIC)                    3081.459
          Bayesian (BIC)                  3201.189
          Sample-Size Adjusted BIC        3093.406
            (n* = (n + 2) / 24)



MODEL RESULTS

                                                    Two-Tailed
                    Estimate       S.E.  Est./S.E.    P-Value

 F        BY
    Y1                 0.588      0.038     15.337      0.000
    Y2                 0.613      0.039     15.807      0.000
    Y3                 0.613      0.039     15.873      0.000
    Y4                 0.554      0.038     14.549      0.000
    Y5                 0.609      0.040     15.381      0.000
    Y6                 0.224      0.020     11.016      0.000
    Y7                 0.313      0.027     11.623      0.000
    Y8                 0.271      0.023     12.001      0.000
    Y9                 0.541      0.038     14.105      0.000
    Y10              999.000      0.000    999.000    999.000

 Y10      ON
    X1                 0.024      0.026      0.940      0.347
    X2                -0.019      0.054     -0.351      0.725

 Means
    F                  0.000      0.000    999.000    999.000

 Intercepts
    Y1                 1.840      0.046     40.099      0.000
    Y2                 1.884      0.047     40.147      0.000
    Y3                 3.144      0.047     67.198      0.000
    Y4                 3.124      0.045     69.811      0.000
    Y5                 3.144      0.047     66.236      0.000
    Y6                 1.132      0.022     51.123      0.000
    Y7                 1.196      0.030     40.173      0.000
    Y8                 1.160      0.025     46.084      0.000
    Y9                 1.832      0.045     40.974      0.000
    Y10                1.878      0.053     35.214      0.000

 Variances
    F                  1.000      0.000    999.000    999.000

 Residual Variances
    Y1                 0.181      0.018      9.803      0.000
    Y2                 0.174      0.018      9.630      0.000
    Y3                 0.171      0.018      9.599      0.000
    Y4                 0.194      0.019     10.026      0.000
    Y5                 0.192      0.020      9.797      0.000
    Y6                 0.073      0.007     10.648      0.000
    Y7                 0.123      0.012     10.583      0.000
    Y8                 0.085      0.008     10.527      0.000
    Y9                 0.207      0.020     10.176      0.000
    Y10                0.152      0.016      9.415      0.000

New/Additional Parameters
    L10_0              0.594      0.051     11.692      0.000
    L10_1              0.019      0.026      0.736      0.462
    L10_2              0.036      0.057      0.625      0.532


QUALITY OF NUMERICAL RESULTS

     Condition Number for the Information Matrix              0.456E-04
       (ratio of smallest to largest eigenvalue)


     Beginning Time:  05:06:23
        Ending Time:  05:06:24
       Elapsed Time:  00:00:01



MUTHEN & MUTHEN
3463 Stoner Ave.
Los Angeles, CA  90066

Tel: (310) 391-9971
Fax: (310) 391-8971
Web: www.StatModel.com
Support: Support@StatModel.com

Copyright (c) 1998-2019 Muthen & Muthen
