Mplus VERSION 8.3
MUTHEN & MUTHEN
04/25/2024   5:19 AM

INPUT INSTRUCTIONS


  TITLE: Test with 10 reps

  DATA:
  File is
  G3_B2_N1_rep419.csv;

  VARIABLE:
      Names are x1 x2 eta
  	y1 y2 y3 y4 y5 y6 y7 y8 y9 y10;
      Usevariables are y1-y10 x1 x2;
      constraint = x1 x2;

  MODEL:
      f BY y1* (l1);
      f BY y2* (l2);
      f BY y3* (l3);
      f BY y4* (l4);
      f BY y5* (l5);
      f BY y6* (l6);
      f BY y7* (l7);
      f BY y8* (l8);
      f BY y9* (l9);
      f BY y10* (l10);

  y5 ON x1 x2;
  f@1;
  [f@0];

  MODEL CONSTRAINT:
      new (l5_0 l5_1 l5_2);
      l5 = l5_0 + l5_1*x1 + l5_2*x2;




INPUT READING TERMINATED NORMALLY



Test with 10 reps

SUMMARY OF ANALYSIS

Number of groups                                                 1
Number of observations                                         250

Number of dependent variables                                   10
Number of independent variables                                  2
Number of continuous latent variables                            1

Observed dependent variables

  Continuous
   Y1          Y2          Y3          Y4          Y5          Y6
   Y7          Y8          Y9          Y10

Observed independent variables
   X1          X2

Continuous latent variables
   F


Estimator                                                       ML
Information matrix                                        OBSERVED
Maximum number of iterations                                  1000
Convergence criterion                                    0.500D-04
Maximum number of steepest descent iterations                   20

Input data file(s)
  G3_B2_N1_rep419.csv

Input data format  FREE



UNIVARIATE SAMPLE STATISTICS


     UNIVARIATE HIGHER-ORDER MOMENT DESCRIPTIVE STATISTICS

         Variable/         Mean/     Skewness/   Minimum/ % with                Percentiles
        Sample Size      Variance    Kurtosis    Maximum  Min/Max      20%/60%    40%/80%    Median

     Y1                    1.916       0.652       1.000   26.80%       1.000      2.000      2.000
             250.000       0.509       0.698       4.000    3.20%       2.000      2.000
     Y2                    1.884       0.785       1.000   33.60%       1.000      2.000      2.000
             250.000       0.631       0.640       5.000    0.40%       2.000      2.000
     Y3                    3.236       0.023       1.000    0.80%       3.000      3.000      3.000
             250.000       0.604      -0.074       5.000    4.40%       3.000      4.000
     Y4                    3.188       0.053       1.000    0.80%       3.000      3.000      3.000
             250.000       0.617      -0.168       5.000    4.00%       3.000      4.000
     Y5                    3.244       0.147       1.000    0.40%       3.000      3.000      3.000
             250.000       0.584      -0.097       5.000    4.80%       3.000      4.000
     Y6                    1.212       1.712       1.000   79.60%       1.000      1.000      1.000
             250.000       0.183       1.743       3.000    0.80%       1.000      2.000
     Y7                    1.208       2.143       1.000   81.60%       1.000      1.000      1.000
             250.000       0.213       3.893       3.000    2.40%       1.000      1.000
     Y8                    1.224       1.825       1.000   79.20%       1.000      1.000      1.000
             250.000       0.206       2.448       3.000    1.60%       1.000      2.000
     Y9                    1.948       0.626       1.000   30.00%       1.000      2.000      2.000
             250.000       0.625       0.341       5.000    0.40%       2.000      3.000
     Y10                   1.888       0.811       1.000   32.40%       1.000      2.000      2.000
             250.000       0.603       1.143       5.000    0.80%       2.000      2.000
     X1                   -0.058       0.022      -2.704    0.40%      -0.989     -0.328     -0.093
             250.000       1.041      -0.379       2.639    0.40%       0.153      0.845
     X2                    0.448       0.209       0.000   55.20%       0.000      0.000      0.000
             250.000       0.247      -1.956       1.000   44.80%       1.000      1.000


THE MODEL ESTIMATION TERMINATED NORMALLY



MODEL FIT INFORMATION

Number of Free Parameters                       34

Loglikelihood

          H0 Value                       -1594.286

Information Criteria

          Akaike (AIC)                    3256.572
          Bayesian (BIC)                  3376.302
          Sample-Size Adjusted BIC        3268.519
            (n* = (n + 2) / 24)



MODEL RESULTS

                                                    Two-Tailed
                    Estimate       S.E.  Est./S.E.    P-Value

 F        BY
    Y1                 0.590      0.037     15.880      0.000
    Y2                 0.667      0.041     16.255      0.000
    Y3                 0.647      0.040     16.014      0.000
    Y4                 0.672      0.040     16.727      0.000
    Y5               999.000      0.000    999.000    999.000
    Y6                 0.272      0.025     11.027      0.000
    Y7                 0.310      0.026     11.813      0.000
    Y8                 0.317      0.025     12.465      0.000
    Y9                 0.636      0.042     15.196      0.000
    Y10                0.658      0.040     16.456      0.000

 Y5       ON
    X1                 0.007      0.029      0.255      0.799
    X2                -0.018      0.060     -0.305      0.761

 Means
    F                  0.000      0.000    999.000    999.000

 Intercepts
    Y1                 1.916      0.045     42.465      0.000
    Y2                 1.884      0.050     37.514      0.000
    Y3                 3.236      0.049     65.819      0.000
    Y4                 3.188      0.050     64.190      0.000
    Y5                 3.264      0.058     56.191      0.000
    Y6                 1.212      0.027     44.790      0.000
    Y7                 1.208      0.029     41.411      0.000
    Y8                 1.224      0.029     42.658      0.000
    Y9                 1.948      0.050     38.951      0.000
    Y10                1.888      0.049     38.428      0.000

 Variances
    F                  1.000      0.000    999.000    999.000

 Residual Variances
    Y1                 0.161      0.016      9.859      0.000
    Y2                 0.186      0.019      9.704      0.000
    Y3                 0.186      0.019      9.784      0.000
    Y4                 0.166      0.017      9.489      0.000
    Y5                 0.179      0.018      9.735      0.000
    Y6                 0.109      0.010     10.761      0.000
    Y7                 0.117      0.011     10.653      0.000
    Y8                 0.105      0.010     10.588      0.000
    Y9                 0.221      0.022     10.062      0.000
    Y10                0.171      0.018      9.618      0.000

New/Additional Parameters
    L5_0               0.675      0.055     12.285      0.000
    L5_1              -0.003      0.027     -0.120      0.904
    L5_2              -0.070      0.063     -1.111      0.267


QUALITY OF NUMERICAL RESULTS

     Condition Number for the Information Matrix              0.975E-04
       (ratio of smallest to largest eigenvalue)


     Beginning Time:  05:19:43
        Ending Time:  05:19:45
       Elapsed Time:  00:00:02



MUTHEN & MUTHEN
3463 Stoner Ave.
Los Angeles, CA  90066

Tel: (310) 391-9971
Fax: (310) 391-8971
Web: www.StatModel.com
Support: Support@StatModel.com

Copyright (c) 1998-2019 Muthen & Muthen
