Mplus VERSION 8.3
MUTHEN & MUTHEN
04/25/2024   5:38 AM

INPUT INSTRUCTIONS


  TITLE: Test with 10 reps

  DATA:
  File is
  G3_B2_N1_rep474.csv;

  VARIABLE:
      Names are x1 x2 eta
  	y1 y2 y3 y4 y5 y6 y7 y8 y9 y10;
      Usevariables are y1-y10 x1 x2;
      constraint = x1 x2;

  MODEL:
      f BY y1* (l1);
      f BY y2* (l2);
      f BY y3* (l3);
      f BY y4* (l4);
      f BY y5* (l5);
      f BY y6* (l6);
      f BY y7* (l7);
      f BY y8* (l8);
      f BY y9* (l9);
      f BY y10* (l10);

  y5 ON x1 x2;
  f@1;
  [f@0];

  MODEL CONSTRAINT:
      new (l5_0 l5_1 l5_2);
      l5 = l5_0 + l5_1*x1 + l5_2*x2;




INPUT READING TERMINATED NORMALLY



Test with 10 reps

SUMMARY OF ANALYSIS

Number of groups                                                 1
Number of observations                                         250

Number of dependent variables                                   10
Number of independent variables                                  2
Number of continuous latent variables                            1

Observed dependent variables

  Continuous
   Y1          Y2          Y3          Y4          Y5          Y6
   Y7          Y8          Y9          Y10

Observed independent variables
   X1          X2

Continuous latent variables
   F


Estimator                                                       ML
Information matrix                                        OBSERVED
Maximum number of iterations                                  1000
Convergence criterion                                    0.500D-04
Maximum number of steepest descent iterations                   20

Input data file(s)
  G3_B2_N1_rep474.csv

Input data format  FREE



UNIVARIATE SAMPLE STATISTICS


     UNIVARIATE HIGHER-ORDER MOMENT DESCRIPTIVE STATISTICS

         Variable/         Mean/     Skewness/   Minimum/ % with                Percentiles
        Sample Size      Variance    Kurtosis    Maximum  Min/Max      20%/60%    40%/80%    Median

     Y1                    1.948       0.667       1.000   28.40%       1.000      2.000      2.000
             250.000       0.593       0.619       5.000    0.40%       2.000      2.000
     Y2                    1.872       0.701       1.000   30.80%       1.000      2.000      2.000
             250.000       0.528       0.985       5.000    0.40%       2.000      2.000
     Y3                    3.232      -0.127       1.000    0.80%       3.000      3.000      3.000
             250.000       0.522       0.055       5.000    2.40%       3.000      4.000
     Y4                    3.172       0.040       1.000    0.80%       3.000      3.000      3.000
             250.000       0.526       0.187       5.000    2.80%       3.000      4.000
     Y5                    3.192      -0.181       1.000    0.80%       3.000      3.000      3.000
             250.000       0.523      -0.137       5.000    1.60%       3.000      4.000
     Y6                    1.180       1.860       1.000   82.40%       1.000      1.000      1.000
             250.000       0.156       2.060       3.000    0.40%       1.000      1.000
     Y7                    1.180       2.275       1.000   83.60%       1.000      1.000      1.000
             250.000       0.180       4.544       3.000    1.60%       1.000      1.000
     Y8                    1.156       2.124       1.000   84.80%       1.000      1.000      1.000
             250.000       0.140       3.247       3.000    0.40%       1.000      1.000
     Y9                    1.856       0.545       1.000   32.00%       1.000      2.000      2.000
             250.000       0.515       0.117       4.000    2.00%       2.000      2.000
     Y10                   1.928       0.511       1.000   26.40%       1.000      2.000      2.000
             250.000       0.499       0.329       4.000    2.40%       2.000      2.000
     X1                   -0.003      -0.145      -3.295    0.40%      -0.874     -0.209      0.043
             250.000       0.981       0.044       2.675    0.40%       0.317      0.782
     X2                    0.496       0.016       0.000   50.40%       0.000      0.000      0.000
             250.000       0.250      -2.000       1.000   49.60%       1.000      1.000


THE MODEL ESTIMATION TERMINATED NORMALLY

     THE STANDARD ERRORS OF THE MODEL PARAMETER ESTIMATES MAY NOT BE
     TRUSTWORTHY FOR SOME PARAMETERS DUE TO A NON-POSITIVE DEFINITE
     FIRST-ORDER DERIVATIVE PRODUCT MATRIX.  THIS MAY BE DUE TO THE STARTING
     VALUES BUT MAY ALSO BE AN INDICATION OF MODEL NONIDENTIFICATION.  THE
     CONDITION NUMBER IS       0.550D-14.  PROBLEM INVOLVING THE FOLLOWING PARAMETER:
     Parameter 35, L5_2




MODEL FIT INFORMATION

Number of Free Parameters                       34

Loglikelihood

          H0 Value                       -1476.966

Information Criteria

          Akaike (AIC)                    3021.931
          Bayesian (BIC)                  3141.661
          Sample-Size Adjusted BIC        3033.878
            (n* = (n + 2) / 24)



MODEL RESULTS

                                                    Two-Tailed
                    Estimate       S.E.  Est./S.E.    P-Value

 F        BY
    Y1                 0.632      0.040     15.650      0.000
    Y2                 0.582      0.039     15.088      0.000
    Y3                 0.583      0.038     15.250      0.000
    Y4                 0.588      0.038     15.347      0.000
    Y5               999.000      0.000    999.000    999.000
    Y6                 0.265      0.022     11.785      0.000
    Y7                 0.272      0.024     11.088      0.000
    Y8                 0.245      0.021     11.442      0.000
    Y9                 0.594      0.037     15.855      0.000
    Y10                0.590      0.037     16.067      0.000

 Y5       ON
    X1                 0.019      0.030      0.629      0.529
    X2                 0.096      0.059      1.617      0.106

 Means
    F                  0.000      0.000    999.000    999.000

 Intercepts
    Y1                 1.948      0.049     39.987      0.000
    Y2                 1.872      0.046     40.749      0.000
    Y3                 3.232      0.046     70.718      0.000
    Y4                 3.172      0.046     69.126      0.000
    Y5                 3.178      0.059     53.435      0.000
    Y6                 1.180      0.025     47.299      0.000
    Y7                 1.180      0.027     44.025      0.000
    Y8                 1.156      0.024     48.909      0.000
    Y9                 1.856      0.045     40.882      0.000
    Y10                1.928      0.045     43.163      0.000

 Variances
    F                  1.000      0.000    999.000    999.000

 Residual Variances
    Y1                 0.193      0.020      9.744      0.000
    Y2                 0.189      0.019      9.935      0.000
    Y3                 0.182      0.018      9.892      0.000
    Y4                 0.181      0.018      9.848      0.000
    Y5                 0.173      0.018      9.711      0.000
    Y6                 0.085      0.008     10.593      0.000
    Y7                 0.106      0.010     10.688      0.000
    Y8                 0.079      0.007     10.643      0.000
    Y9                 0.162      0.017      9.672      0.000
    Y10                0.151      0.016      9.590      0.000

New/Additional Parameters
    L5_0               0.698      0.056     12.554      0.000
    L5_1              -0.095      0.029     -3.266      0.001
    L5_2              -0.200      0.060     -3.315      0.001


QUALITY OF NUMERICAL RESULTS

     Condition Number for the Information Matrix              0.550E-04
       (ratio of smallest to largest eigenvalue)


TECHNICAL 1 OUTPUT


     PARAMETER SPECIFICATION


           NU
              Y1            Y2            Y3            Y4            Y5
              ________      ________      ________      ________      ________
                  1             2             3             4             0


           NU
              Y6            Y7            Y8            Y9            Y10
              ________      ________      ________      ________      ________
                  5             6             7             8             9


           NU
              X1            X2
              ________      ________
                  0             0


           LAMBDA
              F             Y5            X1            X2
              ________      ________      ________      ________
 Y1                10             0             0             0
 Y2                11             0             0             0
 Y3                12             0             0             0
 Y4                13             0             0             0
 Y5                 0             0             0             0
 Y6                14             0             0             0
 Y7                15             0             0             0
 Y8                16             0             0             0
 Y9                17             0             0             0
 Y10               18             0             0             0
 X1                 0             0             0             0
 X2                 0             0             0             0


           THETA
              Y1            Y2            Y3            Y4            Y5
              ________      ________      ________      ________      ________
 Y1                19
 Y2                 0            20
 Y3                 0             0            21
 Y4                 0             0             0            22
 Y5                 0             0             0             0             0
 Y6                 0             0             0             0             0
 Y7                 0             0             0             0             0
 Y8                 0             0             0             0             0
 Y9                 0             0             0             0             0
 Y10                0             0             0             0             0
 X1                 0             0             0             0             0
 X2                 0             0             0             0             0


           THETA
              Y6            Y7            Y8            Y9            Y10
              ________      ________      ________      ________      ________
 Y6                23
 Y7                 0            24
 Y8                 0             0            25
 Y9                 0             0             0            26
 Y10                0             0             0             0            27
 X1                 0             0             0             0             0
 X2                 0             0             0             0             0


           THETA
              X1            X2
              ________      ________
 X1                 0
 X2                 0             0


           ALPHA
              F             Y5            X1            X2
              ________      ________      ________      ________
                  0            28             0             0


           BETA
              F             Y5            X1            X2
              ________      ________      ________      ________
 F                  0             0             0             0
 Y5                29             0            30            31
 X1                 0             0             0             0
 X2                 0             0             0             0


           PSI
              F             Y5            X1            X2
              ________      ________      ________      ________
 F                  0
 Y5                 0            32
 X1                 0             0             0
 X2                 0             0             0             0


     PARAMETER SPECIFICATION FOR THE ADDITIONAL PARAMETERS


           New/Additional Parameters
              L5_0          L5_1          L5_2
              ________      ________      ________
                   33            34            35


     STARTING VALUES


           NU
              Y1            Y2            Y3            Y4            Y5
              ________      ________      ________      ________      ________
                1.948         1.872         3.232         3.172         0.000


           NU
              Y6            Y7            Y8            Y9            Y10
              ________      ________      ________      ________      ________
                1.180         1.180         1.156         1.856         1.928


           NU
              X1            X2
              ________      ________
                0.000         0.000


           LAMBDA
              F             Y5            X1            X2
              ________      ________      ________      ________
 Y1             1.000         0.000         0.000         0.000
 Y2             1.000         0.000         0.000         0.000
 Y3             1.000         0.000         0.000         0.000
 Y4             1.000         0.000         0.000         0.000
 Y5             0.000         1.000         0.000         0.000
 Y6             1.000         0.000         0.000         0.000
 Y7             1.000         0.000         0.000         0.000
 Y8             1.000         0.000         0.000         0.000
 Y9             1.000         0.000         0.000         0.000
 Y10            1.000         0.000         0.000         0.000
 X1             0.000         0.000         1.000         0.000
 X2             0.000         0.000         0.000         1.000


           THETA
              Y1            Y2            Y3            Y4            Y5
              ________      ________      ________      ________      ________
 Y1             0.297
 Y2             0.000         0.264
 Y3             0.000         0.000         0.261
 Y4             0.000         0.000         0.000         0.263
 Y5             0.000         0.000         0.000         0.000         0.000
 Y6             0.000         0.000         0.000         0.000         0.000
 Y7             0.000         0.000         0.000         0.000         0.000
 Y8             0.000         0.000         0.000         0.000         0.000
 Y9             0.000         0.000         0.000         0.000         0.000
 Y10            0.000         0.000         0.000         0.000         0.000
 X1             0.000         0.000         0.000         0.000         0.000
 X2             0.000         0.000         0.000         0.000         0.000


           THETA
              Y6            Y7            Y8            Y9            Y10
              ________      ________      ________      ________      ________
 Y6             0.078
 Y7             0.000         0.090
 Y8             0.000         0.000         0.070
 Y9             0.000         0.000         0.000         0.258
 Y10            0.000         0.000         0.000         0.000         0.249
 X1             0.000         0.000         0.000         0.000         0.000
 X2             0.000         0.000         0.000         0.000         0.000


           THETA
              X1            X2
              ________      ________
 X1             0.000
 X2             0.000         0.000


           ALPHA
              F             Y5            X1            X2
              ________      ________      ________      ________
                0.000         3.192        -0.003         0.496


           BETA
              F             Y5            X1            X2
              ________      ________      ________      ________
 F              0.000         0.000         0.000         0.000
 Y5             1.000         0.000         0.000         0.000
 X1             0.000         0.000         0.000         0.000
 X2             0.000         0.000         0.000         0.000


           PSI
              F             Y5            X1            X2
              ________      ________      ________      ________
 F              1.000
 Y5             0.000         0.262
 X1             0.000         0.000         0.981
 X2             0.000         0.000        -0.054         0.250


     STARTING VALUES FOR THE ADDITIONAL PARAMETERS


           New/Additional Parameters
              L5_0          L5_1          L5_2
              ________      ________      ________
                0.500         0.500         0.500


     Beginning Time:  05:38:53
        Ending Time:  05:38:55
       Elapsed Time:  00:00:02



MUTHEN & MUTHEN
3463 Stoner Ave.
Los Angeles, CA  90066

Tel: (310) 391-9971
Fax: (310) 391-8971
Web: www.StatModel.com
Support: Support@StatModel.com

Copyright (c) 1998-2019 Muthen & Muthen
