Mplus VERSION 8.3
MUTHEN & MUTHEN
04/25/2024   5:19 AM

INPUT INSTRUCTIONS


  TITLE: Test with 10 reps

  DATA:
  File is
  G3_B2_N1_rep418.csv;

  VARIABLE:
      Names are x1 x2 eta
  	y1 y2 y3 y4 y5 y6 y7 y8 y9 y10;
      Usevariables are y1-y10 x1 x2;
      constraint = x1 x2;

  MODEL:
      f BY y1* (l1);
      f BY y2* (l2);
      f BY y3* (l3);
      f BY y4* (l4);
      f BY y5* (l5);
      f BY y6* (l6);
      f BY y7* (l7);
      f BY y8* (l8);
      f BY y9* (l9);
      f BY y10* (l10);

  y7 ON x1 x2;
  f@1;
  [f@0];

  MODEL CONSTRAINT:
      new (l7_0 l7_1 l7_2);
      l7 = l7_0 + l7_1*x1 + l7_2*x2;




INPUT READING TERMINATED NORMALLY



Test with 10 reps

SUMMARY OF ANALYSIS

Number of groups                                                 1
Number of observations                                         250

Number of dependent variables                                   10
Number of independent variables                                  2
Number of continuous latent variables                            1

Observed dependent variables

  Continuous
   Y1          Y2          Y3          Y4          Y5          Y6
   Y7          Y8          Y9          Y10

Observed independent variables
   X1          X2

Continuous latent variables
   F


Estimator                                                       ML
Information matrix                                        OBSERVED
Maximum number of iterations                                  1000
Convergence criterion                                    0.500D-04
Maximum number of steepest descent iterations                   20

Input data file(s)
  G3_B2_N1_rep418.csv

Input data format  FREE



UNIVARIATE SAMPLE STATISTICS


     UNIVARIATE HIGHER-ORDER MOMENT DESCRIPTIVE STATISTICS

         Variable/         Mean/     Skewness/   Minimum/ % with                Percentiles
        Sample Size      Variance    Kurtosis    Maximum  Min/Max      20%/60%    40%/80%    Median

     Y1                    1.880       0.382       1.000   28.80%       1.000      2.000      2.000
             250.000       0.466      -0.039       4.000    1.20%       2.000      2.000
     Y2                    1.920       0.705       1.000   30.40%       1.000      2.000      2.000
             250.000       0.602       0.631       5.000    0.40%       2.000      2.000
     Y3                    3.176      -0.077       1.000    0.40%       3.000      3.000      3.000
             250.000       0.513      -0.311       5.000    1.60%       3.000      4.000
     Y4                    3.136      -0.200       1.000    0.80%       3.000      3.000      3.000
             250.000       0.502      -0.238       5.000    0.80%       3.000      4.000
     Y5                    3.116      -0.243       1.000    1.20%       3.000      3.000      3.000
             250.000       0.527      -0.185       5.000    0.80%       3.000      4.000
     Y6                    1.140       2.333       1.000   86.40%       1.000      1.000      1.000
             250.000       0.128       4.304       3.000    0.40%       1.000      1.000
     Y7                    1.168       1.985       1.000   83.60%       1.000      1.000      1.000
             250.000       0.148       2.605       3.000    0.40%       1.000      1.000
     Y8                    1.204       2.369       1.000   81.20%       1.000      1.000      1.000
             250.000       0.202       6.760       4.000    0.40%       1.000      1.000
     Y9                    1.888       0.294       1.000   28.00%       1.000      2.000      2.000
             250.000       0.451      -0.224       4.000    0.80%       2.000      2.000
     Y10                   1.856       0.555       1.000   30.80%       1.000      2.000      2.000
             250.000       0.491       0.317       4.000    2.00%       2.000      2.000
     X1                   -0.037      -0.179      -3.116    0.40%      -0.871     -0.291     -0.039
             250.000       0.958      -0.128       2.372    0.40%       0.251      0.806
     X2                    0.548      -0.193       0.000   45.20%       0.000      0.000      1.000
             250.000       0.248      -1.963       1.000   54.80%       1.000      1.000


THE MODEL ESTIMATION TERMINATED NORMALLY



MODEL FIT INFORMATION

Number of Free Parameters                       34

Loglikelihood

          H0 Value                       -1502.094

Information Criteria

          Akaike (AIC)                    3072.187
          Bayesian (BIC)                  3191.917
          Sample-Size Adjusted BIC        3084.134
            (n* = (n + 2) / 24)



MODEL RESULTS

                                                    Two-Tailed
                    Estimate       S.E.  Est./S.E.    P-Value

 F        BY
    Y1                 0.544      0.036     14.940      0.000
    Y2                 0.640      0.041     15.748      0.000
    Y3                 0.591      0.038     15.715      0.000
    Y4                 0.576      0.037     15.380      0.000
    Y5                 0.574      0.039     14.735      0.000
    Y6                 0.203      0.021      9.505      0.000
    Y7               999.000      0.000    999.000    999.000
    Y8                 0.259      0.027      9.682      0.000
    Y9                 0.545      0.036     15.334      0.000
    Y10                0.565      0.037     15.172      0.000

 Y7       ON
    X1                 0.016      0.020      0.816      0.414
    X2                 0.013      0.039      0.341      0.733

 Means
    F                  0.000      0.000    999.000    999.000

 Intercepts
    Y1                 1.880      0.043     43.563      0.000
    Y2                 1.920      0.049     39.139      0.000
    Y3                 3.176      0.045     70.110      0.000
    Y4                 3.136      0.045     70.017      0.000
    Y5                 3.116      0.046     67.896      0.000
    Y6                 1.140      0.023     50.303      0.000
    Y7                 1.155      0.031     37.123      0.000
    Y8                 1.204      0.028     42.316      0.000
    Y9                 1.888      0.042     44.429      0.000
    Y10                1.856      0.044     41.868      0.000

 Variances
    F                  1.000      0.000    999.000    999.000

 Residual Variances
    Y1                 0.170      0.017      9.853      0.000
    Y2                 0.192      0.020      9.539      0.000
    Y3                 0.164      0.017      9.552      0.000
    Y4                 0.170      0.018      9.710      0.000
    Y5                 0.198      0.020      9.878      0.000
    Y6                 0.087      0.008     10.815      0.000
    Y7                 0.087      0.008     10.685      0.000
    Y8                 0.135      0.013     10.803      0.000
    Y9                 0.154      0.016      9.708      0.000
    Y10                0.172      0.018      9.777      0.000

New/Additional Parameters
    L7_0               0.204      0.033      6.152      0.000
    L7_1               0.044      0.019      2.342      0.019
    L7_2               0.056      0.041      1.375      0.169


QUALITY OF NUMERICAL RESULTS

     Condition Number for the Information Matrix              0.642E-04
       (ratio of smallest to largest eigenvalue)


     Beginning Time:  05:19:30
        Ending Time:  05:19:31
       Elapsed Time:  00:00:01



MUTHEN & MUTHEN
3463 Stoner Ave.
Los Angeles, CA  90066

Tel: (310) 391-9971
Fax: (310) 391-8971
Web: www.StatModel.com
Support: Support@StatModel.com

Copyright (c) 1998-2019 Muthen & Muthen
