Mplus VERSION 8.3
MUTHEN & MUTHEN
04/25/2024   5:39 AM

INPUT INSTRUCTIONS


  TITLE: Test with 10 reps

  DATA:
  File is
  G3_B2_N1_rep477.csv;

  VARIABLE:
      Names are x1 x2 eta
  	y1 y2 y3 y4 y5 y6 y7 y8 y9 y10;
      Usevariables are y1-y10 x1 x2;
      constraint = x1 x2;

  MODEL:
      f BY y1* (l1);
      f BY y2* (l2);
      f BY y3* (l3);
      f BY y4* (l4);
      f BY y5* (l5);
      f BY y6* (l6);
      f BY y7* (l7);
      f BY y8* (l8);
      f BY y9* (l9);
      f BY y10* (l10);

  y1 ON x1 x2;
  f@1;
  [f@0];

  MODEL CONSTRAINT:
      new (l1_0 l1_1 l1_2);
      l1 = l1_0 + l1_1*x1 + l1_2*x2;




INPUT READING TERMINATED NORMALLY



Test with 10 reps

SUMMARY OF ANALYSIS

Number of groups                                                 1
Number of observations                                         250

Number of dependent variables                                   10
Number of independent variables                                  2
Number of continuous latent variables                            1

Observed dependent variables

  Continuous
   Y1          Y2          Y3          Y4          Y5          Y6
   Y7          Y8          Y9          Y10

Observed independent variables
   X1          X2

Continuous latent variables
   F


Estimator                                                       ML
Information matrix                                        OBSERVED
Maximum number of iterations                                  1000
Convergence criterion                                    0.500D-04
Maximum number of steepest descent iterations                   20

Input data file(s)
  G3_B2_N1_rep477.csv

Input data format  FREE



UNIVARIATE SAMPLE STATISTICS


     UNIVARIATE HIGHER-ORDER MOMENT DESCRIPTIVE STATISTICS

         Variable/         Mean/     Skewness/   Minimum/ % with                Percentiles
        Sample Size      Variance    Kurtosis    Maximum  Min/Max      20%/60%    40%/80%    Median

     Y1                    1.936       0.295       1.000   27.20%       1.000      2.000      2.000
             250.000       0.500      -0.349       4.000    1.20%       2.000      2.000
     Y2                    1.900       0.552       1.000   31.60%       1.000      2.000      2.000
             250.000       0.578      -0.048       4.000    2.80%       2.000      2.000
     Y3                    3.180      -0.089       1.000    1.20%       3.000      3.000      3.000
             250.000       0.572       0.059       5.000    2.80%       3.000      4.000
     Y4                    3.192      -0.220       1.000    1.60%       3.000      3.000      3.000
             250.000       0.643      -0.216       5.000    2.80%       3.000      4.000
     Y5                    3.196      -0.260       1.000    0.80%       3.000      3.000      3.000
             250.000       0.534      -0.306       5.000    1.20%       3.000      4.000
     Y6                    1.156       2.124       1.000   84.80%       1.000      1.000      1.000
             250.000       0.140       3.247       3.000    0.40%       1.000      1.000
     Y7                    1.196       1.858       1.000   81.20%       1.000      1.000      1.000
             250.000       0.174       2.348       3.000    0.80%       1.000      1.000
     Y8                    1.184       2.228       1.000   83.20%       1.000      1.000      1.000
             250.000       0.182       4.305       3.000    1.60%       1.000      1.000
     Y9                    1.928       0.530       1.000   28.40%       1.000      2.000      2.000
             250.000       0.547       0.119       4.000    2.80%       2.000      2.000
     Y10                   1.912       0.448       1.000   29.20%       1.000      2.000      2.000
             250.000       0.528      -0.090       4.000    2.00%       2.000      2.000
     X1                   -0.046       0.087      -2.908    0.40%      -0.929     -0.304     -0.050
             250.000       0.993      -0.162       2.985    0.40%       0.184      0.755
     X2                    0.540      -0.161       0.000   46.00%       0.000      0.000      1.000
             250.000       0.248      -1.974       1.000   54.00%       1.000      1.000


THE MODEL ESTIMATION TERMINATED NORMALLY



MODEL FIT INFORMATION

Number of Free Parameters                       34

Loglikelihood

          H0 Value                       -1484.566

Information Criteria

          Akaike (AIC)                    3037.133
          Bayesian (BIC)                  3156.863
          Sample-Size Adjusted BIC        3049.080
            (n* = (n + 2) / 24)



MODEL RESULTS

                                                    Two-Tailed
                    Estimate       S.E.  Est./S.E.    P-Value

 F        BY
    Y1               999.000      0.000    999.000    999.000
    Y2                 0.610      0.040     15.136      0.000
    Y3                 0.624      0.040     15.783      0.000
    Y4                 0.657      0.042     15.629      0.000
    Y5                 0.600      0.038     15.682      0.000
    Y6                 0.251      0.021     11.769      0.000
    Y7                 0.288      0.024     12.248      0.000
    Y8                 0.272      0.025     11.039      0.000
    Y9                 0.625      0.038     16.423      0.000
    Y10                0.608      0.038     16.130      0.000

 Y1       ON
    X1                 0.003      0.027      0.116      0.908
    X2                 0.028      0.053      0.533      0.594

 Means
    F                  0.000      0.000    999.000    999.000

 Intercepts
    Y1                 1.920      0.055     34.998      0.000
    Y2                 1.900      0.048     39.515      0.000
    Y3                 3.180      0.048     66.504      0.000
    Y4                 3.192      0.051     62.933      0.000
    Y5                 3.196      0.046     69.179      0.000
    Y6                 1.156      0.024     48.909      0.000
    Y7                 1.196      0.026     45.389      0.000
    Y8                 1.184      0.027     43.865      0.000
    Y9                 1.928      0.047     41.225      0.000
    Y10                1.912      0.046     41.594      0.000

 Variances
    F                  1.000      0.000    999.000    999.000

 Residual Variances
    Y1                 0.141      0.015      9.544      0.000
    Y2                 0.206      0.021     10.016      0.000
    Y3                 0.183      0.019      9.783      0.000
    Y4                 0.211      0.021      9.827      0.000
    Y5                 0.174      0.018      9.816      0.000
    Y6                 0.077      0.007     10.607      0.000
    Y7                 0.091      0.009     10.562      0.000
    Y8                 0.108      0.010     10.700      0.000
    Y9                 0.156      0.016      9.573      0.000
    Y10                0.159      0.016      9.680      0.000

New/Additional Parameters
    L1_0               0.602      0.051     11.880      0.000
    L1_1               0.009      0.027      0.329      0.742
    L1_2              -0.014      0.055     -0.261      0.794


QUALITY OF NUMERICAL RESULTS

     Condition Number for the Information Matrix              0.514E-04
       (ratio of smallest to largest eigenvalue)


     Beginning Time:  05:39:39
        Ending Time:  05:39:42
       Elapsed Time:  00:00:03



MUTHEN & MUTHEN
3463 Stoner Ave.
Los Angeles, CA  90066

Tel: (310) 391-9971
Fax: (310) 391-8971
Web: www.StatModel.com
Support: Support@StatModel.com

Copyright (c) 1998-2019 Muthen & Muthen
