Mplus VERSION 8.3
MUTHEN & MUTHEN
04/25/2024   5:33 AM

INPUT INSTRUCTIONS


  TITLE: Test with 10 reps

  DATA:
  File is
  G3_B2_N1_rep458.csv;

  VARIABLE:
      Names are x1 x2 eta
  	y1 y2 y3 y4 y5 y6 y7 y8 y9 y10;
      Usevariables are y1-y10 x1 x2;
      constraint = x1 x2;

  MODEL:
      f BY y1* (l1);
      f BY y2* (l2);
      f BY y3* (l3);
      f BY y4* (l4);
      f BY y5* (l5);
      f BY y6* (l6);
      f BY y7* (l7);
      f BY y8* (l8);
      f BY y9* (l9);
      f BY y10* (l10);

  y10 ON x1 x2;
  f@1;
  [f@0];

  MODEL CONSTRAINT:
      new (l10_0 l10_1 l10_2);
      l10 = l10_0 + l10_1*x1 + l10_2*x2;




INPUT READING TERMINATED NORMALLY



Test with 10 reps

SUMMARY OF ANALYSIS

Number of groups                                                 1
Number of observations                                         250

Number of dependent variables                                   10
Number of independent variables                                  2
Number of continuous latent variables                            1

Observed dependent variables

  Continuous
   Y1          Y2          Y3          Y4          Y5          Y6
   Y7          Y8          Y9          Y10

Observed independent variables
   X1          X2

Continuous latent variables
   F


Estimator                                                       ML
Information matrix                                        OBSERVED
Maximum number of iterations                                  1000
Convergence criterion                                    0.500D-04
Maximum number of steepest descent iterations                   20

Input data file(s)
  G3_B2_N1_rep458.csv

Input data format  FREE



UNIVARIATE SAMPLE STATISTICS


     UNIVARIATE HIGHER-ORDER MOMENT DESCRIPTIVE STATISTICS

         Variable/         Mean/     Skewness/   Minimum/ % with                Percentiles
        Sample Size      Variance    Kurtosis    Maximum  Min/Max      20%/60%    40%/80%    Median

     Y1                    1.876       0.762       1.000   34.00%       1.000      2.000      2.000
             250.000       0.621       0.602       5.000    0.40%       2.000      2.000
     Y2                    1.932       0.657       1.000   31.20%       1.000      2.000      2.000
             250.000       0.623       0.651       5.000    0.80%       2.000      3.000
     Y3                    3.208      -0.012       1.000    0.40%       3.000      3.000      3.000
             250.000       0.637      -0.538       5.000    3.60%       3.000      4.000
     Y4                    3.128       0.007       1.000    1.20%       2.000      3.000      3.000
             250.000       0.632      -0.213       5.000    3.20%       3.000      4.000
     Y5                    3.128       0.179       1.000    1.20%       3.000      3.000      3.000
             250.000       0.648       0.034       5.000    4.80%       3.000      4.000
     Y6                    1.188       2.070       1.000   82.40%       1.000      1.000      1.000
             250.000       0.177       3.463       3.000    1.20%       1.000      1.000
     Y7                    1.212       2.025       1.000   80.80%       1.000      1.000      1.000
             250.000       0.207       3.353       3.000    2.00%       1.000      1.000
     Y8                    1.216       2.063       1.000   80.80%       1.000      1.000      1.000
             250.000       0.217       3.527       3.000    2.40%       1.000      1.000
     Y9                    1.936       0.824       1.000   32.80%       1.000      2.000      2.000
             250.000       0.724       0.435       5.000    0.40%       2.000      2.000
     Y10                   1.892       0.876       1.000   34.00%       1.000      2.000      2.000
             250.000       0.656       1.251       5.000    1.20%       2.000      2.000
     X1                   -0.100       0.053      -2.250    0.40%      -1.030     -0.342     -0.081
             250.000       0.995      -0.585       2.297    0.40%       0.172      0.764
     X2                    0.528      -0.112       0.000   47.20%       0.000      0.000      1.000
             250.000       0.249      -1.987       1.000   52.80%       1.000      1.000


THE MODEL ESTIMATION TERMINATED NORMALLY



MODEL FIT INFORMATION

Number of Free Parameters                       34

Loglikelihood

          H0 Value                       -1596.353

Information Criteria

          Akaike (AIC)                    3260.706
          Bayesian (BIC)                  3380.435
          Sample-Size Adjusted BIC        3272.652
            (n* = (n + 2) / 24)



MODEL RESULTS

                                                    Two-Tailed
                    Estimate       S.E.  Est./S.E.    P-Value

 F        BY
    Y1                 0.669      0.040     16.572      0.000
    Y2                 0.660      0.041     16.146      0.000
    Y3                 0.648      0.042     15.430      0.000
    Y4                 0.665      0.041     16.177      0.000
    Y5                 0.695      0.041     17.029      0.000
    Y6                 0.292      0.024     12.381      0.000
    Y7                 0.328      0.025     12.993      0.000
    Y8                 0.328      0.026     12.590      0.000
    Y9                 0.730      0.043     16.857      0.000
    Y10              999.000      0.000    999.000    999.000

 Y10      ON
    X1                 0.021      0.031      0.682      0.495
    X2                 0.053      0.062      0.857      0.391

 Means
    F                  0.000      0.000    999.000    999.000

 Intercepts
    Y1                 1.876      0.050     37.652      0.000
    Y2                 1.932      0.050     38.690      0.000
    Y3                 3.208      0.050     63.566      0.000
    Y4                 3.128      0.050     62.231      0.000
    Y5                 3.128      0.051     61.458      0.000
    Y6                 1.188      0.027     44.691      0.000
    Y7                 1.212      0.029     42.114      0.000
    Y8                 1.216      0.029     41.241      0.000
    Y9                 1.936      0.054     35.978      0.000
    Y10                1.864      0.063     29.428      0.000

 Variances
    F                  1.000      0.000    999.000    999.000

 Residual Variances
    Y1                 0.173      0.018      9.703      0.000
    Y2                 0.188      0.019      9.884      0.000
    Y3                 0.217      0.022     10.065      0.000
    Y4                 0.189      0.019      9.834      0.000
    Y5                 0.164      0.017      9.492      0.000
    Y6                 0.091      0.009     10.640      0.000
    Y7                 0.100      0.009     10.534      0.000
    Y8                 0.110      0.010     10.595      0.000
    Y9                 0.190      0.020      9.583      0.000
    Y10                0.187      0.019      9.891      0.000

New/Additional Parameters
    L10_0              0.713      0.059     12.087      0.000
    L10_1              0.048      0.030      1.602      0.109
    L10_2             -0.091      0.066     -1.372      0.170


QUALITY OF NUMERICAL RESULTS

     Condition Number for the Information Matrix              0.728E-04
       (ratio of smallest to largest eigenvalue)


     Beginning Time:  05:33:09
        Ending Time:  05:33:11
       Elapsed Time:  00:00:02



MUTHEN & MUTHEN
3463 Stoner Ave.
Los Angeles, CA  90066

Tel: (310) 391-9971
Fax: (310) 391-8971
Web: www.StatModel.com
Support: Support@StatModel.com

Copyright (c) 1998-2019 Muthen & Muthen
