Mplus VERSION 8.3
MUTHEN & MUTHEN
04/25/2024   5:33 AM

INPUT INSTRUCTIONS


  TITLE: Test with 10 reps

  DATA:
  File is
  G3_B2_N1_rep457.csv;

  VARIABLE:
      Names are x1 x2 eta
  	y1 y2 y3 y4 y5 y6 y7 y8 y9 y10;
      Usevariables are y1-y10 x1 x2;
      constraint = x1 x2;

  MODEL:
      f BY y1* (l1);
      f BY y2* (l2);
      f BY y3* (l3);
      f BY y4* (l4);
      f BY y5* (l5);
      f BY y6* (l6);
      f BY y7* (l7);
      f BY y8* (l8);
      f BY y9* (l9);
      f BY y10* (l10);

  y6 ON x1 x2;
  f@1;
  [f@0];

  MODEL CONSTRAINT:
      new (l6_0 l6_1 l6_2);
      l6 = l6_0 + l6_1*x1 + l6_2*x2;




INPUT READING TERMINATED NORMALLY



Test with 10 reps

SUMMARY OF ANALYSIS

Number of groups                                                 1
Number of observations                                         250

Number of dependent variables                                   10
Number of independent variables                                  2
Number of continuous latent variables                            1

Observed dependent variables

  Continuous
   Y1          Y2          Y3          Y4          Y5          Y6
   Y7          Y8          Y9          Y10

Observed independent variables
   X1          X2

Continuous latent variables
   F


Estimator                                                       ML
Information matrix                                        OBSERVED
Maximum number of iterations                                  1000
Convergence criterion                                    0.500D-04
Maximum number of steepest descent iterations                   20

Input data file(s)
  G3_B2_N1_rep457.csv

Input data format  FREE



UNIVARIATE SAMPLE STATISTICS


     UNIVARIATE HIGHER-ORDER MOMENT DESCRIPTIVE STATISTICS

         Variable/         Mean/     Skewness/   Minimum/ % with                Percentiles
        Sample Size      Variance    Kurtosis    Maximum  Min/Max      20%/60%    40%/80%    Median

     Y1                    1.872       0.950       1.000   33.60%       1.000      2.000      2.000
             250.000       0.632       1.366       5.000    0.80%       2.000      2.000
     Y2                    1.912       0.769       1.000   31.60%       1.000      2.000      2.000
             250.000       0.640       0.368       4.000    5.20%       2.000      2.000
     Y3                    3.176      -0.185       1.000    1.20%       3.000      3.000      3.000
             250.000       0.561      -0.060       5.000    2.00%       3.000      4.000
     Y4                    3.128       0.013       1.000    1.60%       3.000      3.000      3.000
             250.000       0.624       0.083       5.000    3.60%       3.000      4.000
     Y5                    3.152      -0.274       1.000    1.60%       3.000      3.000      3.000
             250.000       0.617      -0.323       5.000    1.60%       3.000      4.000
     Y6                    1.228       2.540       1.000   80.40%       1.000      1.000      1.000
             250.000       0.256       7.579       4.000    0.80%       1.000      1.000
     Y7                    1.220       1.949       1.000   80.00%       1.000      1.000      1.000
             250.000       0.212       3.014       3.000    2.00%       1.000      1.000
     Y8                    1.196       2.096       1.000   82.00%       1.000      1.000      1.000
             250.000       0.190       3.655       3.000    1.60%       1.000      1.000
     Y9                    1.892       0.537       1.000   30.40%       1.000      2.000      2.000
             250.000       0.536       0.092       4.000    2.40%       2.000      2.000
     Y10                   1.908       0.453       1.000   29.60%       1.000      2.000      2.000
             250.000       0.532      -0.106       4.000    2.00%       2.000      2.000
     X1                    0.097      -0.095      -2.732    0.40%      -0.710     -0.114      0.081
             250.000       0.951      -0.169       2.372    0.40%       0.384      0.831
     X2                    0.468       0.128       0.000   53.20%       0.000      0.000      0.000
             250.000       0.249      -1.984       1.000   46.80%       1.000      1.000


THE MODEL ESTIMATION TERMINATED NORMALLY



MODEL FIT INFORMATION

Number of Free Parameters                       34

Loglikelihood

          H0 Value                       -1695.300

Information Criteria

          Akaike (AIC)                    3458.600
          Bayesian (BIC)                  3578.329
          Sample-Size Adjusted BIC        3470.547
            (n* = (n + 2) / 24)



MODEL RESULTS

                                                    Two-Tailed
                    Estimate       S.E.  Est./S.E.    P-Value

 F        BY
    Y1                 0.621      0.043     14.519      0.000
    Y2                 0.649      0.042     15.351      0.000
    Y3                 0.592      0.040     14.744      0.000
    Y4                 0.648      0.041     15.619      0.000
    Y5                 0.621      0.042     14.746      0.000
    Y6               999.000      0.000    999.000    999.000
    Y7                 0.307      0.026     11.641      0.000
    Y8                 0.305      0.025     12.417      0.000
    Y9                 0.576      0.039     14.675      0.000
    Y10                0.603      0.038     15.793      0.000

 Y6       ON
    X1                 0.021      0.023      0.886      0.376
    X2                 0.018      0.048      0.376      0.707

 Means
    F                  0.000      0.000    999.000    999.000

 Intercepts
    Y1                 1.872      0.050     37.243      0.000
    Y2                 1.912      0.051     37.782      0.000
    Y3                 3.176      0.047     67.044      0.000
    Y4                 3.128      0.050     62.629      0.000
    Y5                 3.152      0.050     63.453      0.000
    Y6                 1.163      0.034     34.338      0.000
    Y7                 1.220      0.029     41.935      0.000
    Y8                 1.196      0.028     43.431      0.000
    Y9                 1.892      0.046     40.848      0.000
    Y10                1.908      0.046     41.379      0.000

 Variances
    F                  1.000      0.000    999.000    999.000

 Residual Variances
    Y1                 0.246      0.024     10.046      0.000
    Y2                 0.219      0.022      9.798      0.000
    Y3                 0.211      0.021      9.921      0.000
    Y4                 0.204      0.021      9.662      0.000
    Y5                 0.232      0.023      9.922      0.000
    Y6                 0.106      0.011      9.986      0.000
    Y7                 0.118      0.011     10.550      0.000
    Y8                 0.097      0.009     10.424      0.000
    Y9                 0.204      0.020     10.001      0.000
    Y10                0.168      0.018      9.602      0.000

New/Additional Parameters
    L6_0               0.218      0.035      6.217      0.000
    L6_1               0.072      0.022      3.241      0.001
    L6_2               0.224      0.048      4.654      0.000


QUALITY OF NUMERICAL RESULTS

     Condition Number for the Information Matrix              0.831E-04
       (ratio of smallest to largest eigenvalue)


     Beginning Time:  05:32:59
        Ending Time:  05:33:01
       Elapsed Time:  00:00:02



MUTHEN & MUTHEN
3463 Stoner Ave.
Los Angeles, CA  90066

Tel: (310) 391-9971
Fax: (310) 391-8971
Web: www.StatModel.com
Support: Support@StatModel.com

Copyright (c) 1998-2019 Muthen & Muthen
