Mplus VERSION 8.3
MUTHEN & MUTHEN
04/25/2024   5:29 AM

INPUT INSTRUCTIONS


  TITLE: Test with 10 reps

  DATA:
  File is
  G3_B2_N1_rep446.csv;

  VARIABLE:
      Names are x1 x2 eta
  	y1 y2 y3 y4 y5 y6 y7 y8 y9 y10;
      Usevariables are y1-y10 x1 x2;
      constraint = x1 x2;

  MODEL:
      f BY y1* (l1);
      f BY y2* (l2);
      f BY y3* (l3);
      f BY y4* (l4);
      f BY y5* (l5);
      f BY y6* (l6);
      f BY y7* (l7);
      f BY y8* (l8);
      f BY y9* (l9);
      f BY y10* (l10);

  y2 ON x1 x2;
  f@1;
  [f@0];

  MODEL CONSTRAINT:
      new (l2_0 l2_1 l2_2);
      l2 = l2_0 + l2_1*x1 + l2_2*x2;




INPUT READING TERMINATED NORMALLY



Test with 10 reps

SUMMARY OF ANALYSIS

Number of groups                                                 1
Number of observations                                         250

Number of dependent variables                                   10
Number of independent variables                                  2
Number of continuous latent variables                            1

Observed dependent variables

  Continuous
   Y1          Y2          Y3          Y4          Y5          Y6
   Y7          Y8          Y9          Y10

Observed independent variables
   X1          X2

Continuous latent variables
   F


Estimator                                                       ML
Information matrix                                        OBSERVED
Maximum number of iterations                                  1000
Convergence criterion                                    0.500D-04
Maximum number of steepest descent iterations                   20

Input data file(s)
  G3_B2_N1_rep446.csv

Input data format  FREE



UNIVARIATE SAMPLE STATISTICS


     UNIVARIATE HIGHER-ORDER MOMENT DESCRIPTIVE STATISTICS

         Variable/         Mean/     Skewness/   Minimum/ % with                Percentiles
        Sample Size      Variance    Kurtosis    Maximum  Min/Max      20%/60%    40%/80%    Median

     Y1                    1.880       0.645       1.000   29.60%       1.000      2.000      2.000
             250.000       0.506       0.988       5.000    0.40%       2.000      2.000
     Y2                    1.860       0.536       1.000   32.00%       1.000      2.000      2.000
             250.000       0.520       0.069       4.000    2.00%       2.000      2.000
     Y3                    3.120       0.023       1.000    0.40%       3.000      3.000      3.000
             250.000       0.506      -0.214       5.000    1.60%       3.000      4.000
     Y4                    3.180      -0.116       1.000    0.40%       3.000      3.000      3.000
             250.000       0.484      -0.259       5.000    1.20%       3.000      4.000
     Y5                    3.172      -0.047       1.000    0.40%       3.000      3.000      3.000
             250.000       0.494      -0.192       5.000    1.60%       3.000      4.000
     Y6                    1.180       2.022       1.000   82.80%       1.000      1.000      1.000
             250.000       0.164       3.082       3.000    0.80%       1.000      1.000
     Y7                    1.148       2.581       1.000   86.40%       1.000      1.000      1.000
             250.000       0.150       6.185       3.000    1.20%       1.000      1.000
     Y8                    1.180       2.591       1.000   83.20%       1.000      1.000      1.000
             250.000       0.180       8.473       4.000    0.40%       1.000      1.000
     Y9                    1.824       0.844       1.000   33.60%       1.000      2.000      2.000
             250.000       0.529       1.350       5.000    0.40%       2.000      2.000
     Y10                   1.852       0.860       1.000   32.80%       1.000      2.000      2.000
             250.000       0.574       0.852       4.000    4.40%       2.000      2.000
     X1                    0.046       0.132      -2.568    0.40%      -0.824     -0.212      0.091
             250.000       0.911      -0.102       2.618    0.40%       0.234      0.848
     X2                    0.592      -0.374       0.000   40.80%       0.000      0.000      1.000
             250.000       0.242      -1.860       1.000   59.20%       1.000      1.000


THE MODEL ESTIMATION TERMINATED NORMALLY



MODEL FIT INFORMATION

Number of Free Parameters                       34

Loglikelihood

          H0 Value                       -1499.853

Information Criteria

          Akaike (AIC)                    3067.707
          Bayesian (BIC)                  3187.436
          Sample-Size Adjusted BIC        3079.653
            (n* = (n + 2) / 24)



MODEL RESULTS

                                                    Two-Tailed
                    Estimate       S.E.  Est./S.E.    P-Value

 F        BY
    Y1                 0.582      0.037     15.570      0.000
    Y2               999.000      0.000    999.000    999.000
    Y3                 0.571      0.038     15.128      0.000
    Y4                 0.551      0.037     14.819      0.000
    Y5                 0.533      0.038     13.864      0.000
    Y6                 0.257      0.023     10.958      0.000
    Y7                 0.249      0.022     11.110      0.000
    Y8                 0.276      0.024     11.280      0.000
    Y9                 0.607      0.038     16.021      0.000
    Y10                0.639      0.039     16.282      0.000

 Y2       ON
    X1                -0.011      0.030     -0.364      0.716
    X2                -0.029      0.060     -0.487      0.626

 Means
    F                  0.000      0.000    999.000    999.000

 Intercepts
    Y1                 1.880      0.045     41.805      0.000
    Y2                 1.883      0.061     31.038      0.000
    Y3                 3.120      0.045     69.378      0.000
    Y4                 3.180      0.044     72.303      0.000
    Y5                 3.172      0.044     71.327      0.000
    Y6                 1.180      0.026     46.128      0.000
    Y7                 1.148      0.025     46.852      0.000
    Y8                 1.180      0.027     44.025      0.000
    Y9                 1.824      0.046     39.651      0.000
    Y10                1.852      0.048     38.647      0.000

 Variances
    F                  1.000      0.000    999.000    999.000

 Residual Variances
    Y1                 0.167      0.017      9.710      0.000
    Y2                 0.169      0.018      9.620      0.000
    Y3                 0.179      0.018      9.848      0.000
    Y4                 0.180      0.018      9.923      0.000
    Y5                 0.211      0.021     10.179      0.000
    Y6                 0.098      0.009     10.679      0.000
    Y7                 0.088      0.008     10.656      0.000
    Y8                 0.104      0.010     10.626      0.000
    Y9                 0.161      0.017      9.516      0.000
    Y10                0.166      0.018      9.379      0.000

New/Additional Parameters
    L2_0               0.620      0.062     10.014      0.000
    L2_1              -0.010      0.035     -0.292      0.770
    L2_2              -0.030      0.066     -0.460      0.646


QUALITY OF NUMERICAL RESULTS

     Condition Number for the Information Matrix              0.675E-04
       (ratio of smallest to largest eigenvalue)


     Beginning Time:  05:29:06
        Ending Time:  05:29:08
       Elapsed Time:  00:00:02



MUTHEN & MUTHEN
3463 Stoner Ave.
Los Angeles, CA  90066

Tel: (310) 391-9971
Fax: (310) 391-8971
Web: www.StatModel.com
Support: Support@StatModel.com

Copyright (c) 1998-2019 Muthen & Muthen
