Mplus VERSION 8.3
MUTHEN & MUTHEN
04/25/2024   5:22 AM

INPUT INSTRUCTIONS


  TITLE: Test with 10 reps

  DATA:
  File is
  G3_B2_N1_rep427.csv;

  VARIABLE:
      Names are x1 x2 eta
  	y1 y2 y3 y4 y5 y6 y7 y8 y9 y10;
      Usevariables are y1-y10 x1 x2;
      constraint = x1 x2;

  MODEL:
      f BY y1* (l1);
      f BY y2* (l2);
      f BY y3* (l3);
      f BY y4* (l4);
      f BY y5* (l5);
      f BY y6* (l6);
      f BY y7* (l7);
      f BY y8* (l8);
      f BY y9* (l9);
      f BY y10* (l10);

  y7 ON x1 x2;
  f@1;
  [f@0];

  MODEL CONSTRAINT:
      new (l7_0 l7_1 l7_2);
      l7 = l7_0 + l7_1*x1 + l7_2*x2;




INPUT READING TERMINATED NORMALLY



Test with 10 reps

SUMMARY OF ANALYSIS

Number of groups                                                 1
Number of observations                                         250

Number of dependent variables                                   10
Number of independent variables                                  2
Number of continuous latent variables                            1

Observed dependent variables

  Continuous
   Y1          Y2          Y3          Y4          Y5          Y6
   Y7          Y8          Y9          Y10

Observed independent variables
   X1          X2

Continuous latent variables
   F


Estimator                                                       ML
Information matrix                                        OBSERVED
Maximum number of iterations                                  1000
Convergence criterion                                    0.500D-04
Maximum number of steepest descent iterations                   20

Input data file(s)
  G3_B2_N1_rep427.csv

Input data format  FREE



UNIVARIATE SAMPLE STATISTICS


     UNIVARIATE HIGHER-ORDER MOMENT DESCRIPTIVE STATISTICS

         Variable/         Mean/     Skewness/   Minimum/ % with                Percentiles
        Sample Size      Variance    Kurtosis    Maximum  Min/Max      20%/60%    40%/80%    Median

     Y1                    1.904       0.666       1.000   30.00%       1.000      2.000      2.000
             250.000       0.567       0.380       4.000    3.60%       2.000      2.000
     Y2                    1.892       0.464       1.000   32.00%       1.000      2.000      2.000
             250.000       0.560      -0.271       4.000    2.00%       2.000      2.000
     Y3                    3.172       0.364       1.000    0.40%       3.000      3.000      3.000
             250.000       0.574       0.225       5.000    5.20%       3.000      4.000
     Y4                    3.172       0.213       2.000   16.40%       3.000      3.000      3.000
             250.000       0.534      -0.216       5.000    3.20%       3.000      4.000
     Y5                    3.216       0.205       2.000   14.40%       3.000      3.000      3.000
             250.000       0.529      -0.183       5.000    3.60%       3.000      4.000
     Y6                    1.188       2.183       1.000   82.80%       1.000      1.000      1.000
             250.000       0.185       4.078       3.000    1.60%       1.000      1.000
     Y7                    1.196       1.858       1.000   81.20%       1.000      1.000      1.000
             250.000       0.174       2.348       3.000    0.80%       1.000      1.000
     Y8                    1.180       2.789       1.000   84.40%       1.000      1.000      1.000
             250.000       0.204       8.842       4.000    0.40%       1.000      1.000
     Y9                    1.920       0.440       1.000   28.40%       1.000      2.000      2.000
             250.000       0.522      -0.056       4.000    2.00%       2.000      2.000
     Y10                   1.876       0.871       1.000   32.80%       1.000      2.000      2.000
             250.000       0.613       0.993       5.000    0.40%       2.000      2.000
     X1                    0.032      -0.215      -2.835    0.40%      -0.851     -0.199      0.070
             250.000       0.988      -0.194       2.567    0.40%       0.341      0.883
     X2                    0.484       0.064       0.000   51.60%       0.000      0.000      0.000
             250.000       0.250      -1.996       1.000   48.40%       1.000      1.000


THE MODEL ESTIMATION TERMINATED NORMALLY



MODEL FIT INFORMATION

Number of Free Parameters                       34

Loglikelihood

          H0 Value                       -1461.935

Information Criteria

          Akaike (AIC)                    2991.869
          Bayesian (BIC)                  3111.599
          Sample-Size Adjusted BIC        3003.816
            (n* = (n + 2) / 24)



MODEL RESULTS

                                                    Two-Tailed
                    Estimate       S.E.  Est./S.E.    P-Value

 F        BY
    Y1                 0.624      0.039     15.935      0.000
    Y2                 0.626      0.039     16.145      0.000
    Y3                 0.653      0.039     16.939      0.000
    Y4                 0.613      0.038     16.214      0.000
    Y5                 0.608      0.038     16.139      0.000
    Y6                 0.321      0.024     13.642      0.000
    Y7               999.000      0.000    999.000    999.000
    Y8                 0.297      0.026     11.524      0.000
    Y9                 0.577      0.038     15.051      0.000
    Y10                0.673      0.040     16.894      0.000

 Y7       ON
    X1                 0.034      0.021      1.619      0.105
    X2                 0.040      0.039      1.022      0.307

 Means
    F                  0.000      0.000    999.000    999.000

 Intercepts
    Y1                 1.904      0.048     39.988      0.000
    Y2                 1.892      0.047     39.964      0.000
    Y3                 3.172      0.048     66.174      0.000
    Y4                 3.172      0.046     68.606      0.000
    Y5                 3.216      0.046     69.890      0.000
    Y6                 1.188      0.027     43.712      0.000
    Y7                 1.152      0.031     37.183      0.000
    Y8                 1.180      0.029     41.349      0.000
    Y9                 1.920      0.046     42.034      0.000
    Y10                1.876      0.050     37.897      0.000

 Variances
    F                  1.000      0.000    999.000    999.000

 Residual Variances
    Y1                 0.177      0.018      9.898      0.000
    Y2                 0.169      0.017      9.838      0.000
    Y3                 0.148      0.016      9.502      0.000
    Y4                 0.159      0.016      9.800      0.000
    Y5                 0.160      0.016      9.838      0.000
    Y6                 0.082      0.008     10.430      0.000
    Y7                 0.086      0.008     10.571      0.000
    Y8                 0.115      0.011     10.736      0.000
    Y9                 0.189      0.019     10.159      0.000
    Y10                0.160      0.017      9.517      0.000

New/Additional Parameters
    L7_0               0.222      0.032      6.939      0.000
    L7_1               0.065      0.022      2.902      0.004
    L7_2               0.086      0.040      2.143      0.032


QUALITY OF NUMERICAL RESULTS

     Condition Number for the Information Matrix              0.602E-04
       (ratio of smallest to largest eigenvalue)


     Beginning Time:  05:22:37
        Ending Time:  05:22:38
       Elapsed Time:  00:00:01



MUTHEN & MUTHEN
3463 Stoner Ave.
Los Angeles, CA  90066

Tel: (310) 391-9971
Fax: (310) 391-8971
Web: www.StatModel.com
Support: Support@StatModel.com

Copyright (c) 1998-2019 Muthen & Muthen
