Mplus VERSION 8.3
MUTHEN & MUTHEN
04/25/2024   5:14 AM

INPUT INSTRUCTIONS


  TITLE: Test with 10 reps

  DATA:
  File is
  G3_B2_N1_rep404.csv;

  VARIABLE:
      Names are x1 x2 eta
  	y1 y2 y3 y4 y5 y6 y7 y8 y9 y10;
      Usevariables are y1-y10 x1 x2;
      constraint = x1 x2;

  MODEL:
      f BY y1* (l1);
      f BY y2* (l2);
      f BY y3* (l3);
      f BY y4* (l4);
      f BY y5* (l5);
      f BY y6* (l6);
      f BY y7* (l7);
      f BY y8* (l8);
      f BY y9* (l9);
      f BY y10* (l10);

  y7 ON x1 x2;
  f@1;
  [f@0];

  MODEL CONSTRAINT:
      new (l7_0 l7_1 l7_2);
      l7 = l7_0 + l7_1*x1 + l7_2*x2;




INPUT READING TERMINATED NORMALLY



Test with 10 reps

SUMMARY OF ANALYSIS

Number of groups                                                 1
Number of observations                                         250

Number of dependent variables                                   10
Number of independent variables                                  2
Number of continuous latent variables                            1

Observed dependent variables

  Continuous
   Y1          Y2          Y3          Y4          Y5          Y6
   Y7          Y8          Y9          Y10

Observed independent variables
   X1          X2

Continuous latent variables
   F


Estimator                                                       ML
Information matrix                                        OBSERVED
Maximum number of iterations                                  1000
Convergence criterion                                    0.500D-04
Maximum number of steepest descent iterations                   20

Input data file(s)
  G3_B2_N1_rep404.csv

Input data format  FREE



UNIVARIATE SAMPLE STATISTICS


     UNIVARIATE HIGHER-ORDER MOMENT DESCRIPTIVE STATISTICS

         Variable/         Mean/     Skewness/   Minimum/ % with                Percentiles
        Sample Size      Variance    Kurtosis    Maximum  Min/Max      20%/60%    40%/80%    Median

     Y1                    1.780       0.984       1.000   36.40%       1.000      2.000      2.000
             250.000       0.532       1.724       5.000    0.40%       2.000      2.000
     Y2                    1.824       0.926       1.000   38.00%       1.000      2.000      2.000
             250.000       0.649       0.844       5.000    0.40%       2.000      2.000
     Y3                    3.044       0.099       1.000    0.80%       2.000      3.000      3.000
             250.000       0.562      -0.195       5.000    2.00%       3.000      4.000
     Y4                    3.076       0.336       1.000    0.40%       2.000      3.000      3.000
             250.000       0.558       0.151       5.000    3.60%       3.000      4.000
     Y5                    3.104      -0.140       1.000    1.20%       3.000      3.000      3.000
             250.000       0.477       0.355       5.000    1.20%       3.000      4.000
     Y6                    1.164       2.582       1.000   85.60%       1.000      1.000      1.000
             250.000       0.177       6.196       3.000    2.00%       1.000      1.000
     Y7                    1.160       2.968       1.000   85.60%       1.000      1.000      1.000
             250.000       0.174      10.749       4.000    0.40%       1.000      1.000
     Y8                    1.152       2.522       1.000   86.00%       1.000      1.000      1.000
             250.000       0.153       5.838       3.000    1.20%       1.000      1.000
     Y9                    1.796       0.791       1.000   38.80%       1.000      2.000      2.000
             250.000       0.586       0.635       5.000    0.40%       2.000      2.000
     Y10                   1.776       0.796       1.000   38.80%       1.000      2.000      2.000
             250.000       0.550       0.820       5.000    0.40%       2.000      2.000
     X1                    0.015      -0.187      -3.040    0.40%      -0.778     -0.255      0.004
             250.000       0.938       0.193       2.649    0.40%       0.202      0.845
     X2                    0.440       0.242       0.000   56.00%       0.000      0.000      0.000
             250.000       0.246      -1.942       1.000   44.00%       1.000      1.000


THE MODEL ESTIMATION TERMINATED NORMALLY



MODEL FIT INFORMATION

Number of Free Parameters                       34

Loglikelihood

          H0 Value                       -1443.758

Information Criteria

          Akaike (AIC)                    2955.515
          Bayesian (BIC)                  3075.245
          Sample-Size Adjusted BIC        2967.462
            (n* = (n + 2) / 24)



MODEL RESULTS

                                                    Two-Tailed
                    Estimate       S.E.  Est./S.E.    P-Value

 F        BY
    Y1                 0.608      0.038     16.065      0.000
    Y2                 0.706      0.041     17.415      0.000
    Y3                 0.579      0.040     14.335      0.000
    Y4                 0.606      0.039     15.393      0.000
    Y5                 0.543      0.037     14.699      0.000
    Y6                 0.306      0.023     13.121      0.000
    Y7               999.000      0.000    999.000    999.000
    Y8                 0.289      0.021     13.457      0.000
    Y9                 0.653      0.039     16.644      0.000
    Y10                0.601      0.039     15.375      0.000

 Y7       ON
    X1                -0.007      0.019     -0.383      0.702
    X2                -0.014      0.037     -0.388      0.698

 Means
    F                  0.000      0.000    999.000    999.000

 Intercepts
    Y1                 1.780      0.046     38.601      0.000
    Y2                 1.824      0.051     35.798      0.000
    Y3                 3.044      0.047     64.198      0.000
    Y4                 3.076      0.047     65.096      0.000
    Y5                 3.104      0.044     71.047      0.000
    Y6                 1.164      0.027     43.733      0.000
    Y7                 1.149      0.030     38.858      0.000
    Y8                 1.152      0.025     46.583      0.000
    Y9                 1.796      0.048     37.084      0.000
    Y10                1.776      0.047     37.871      0.000

 Variances
    F                  1.000      0.000    999.000    999.000

 Residual Variances
    Y1                 0.162      0.017      9.801      0.000
    Y2                 0.151      0.016      9.155      0.000
    Y3                 0.226      0.022     10.266      0.000
    Y4                 0.191      0.019     10.012      0.000
    Y5                 0.182      0.018     10.177      0.000
    Y6                 0.084      0.008     10.465      0.000
    Y7                 0.073      0.007     10.262      0.000
    Y8                 0.069      0.007     10.398      0.000
    Y9                 0.160      0.017      9.535      0.000
    Y10                0.189      0.019     10.020      0.000

New/Additional Parameters
    L7_0               0.267      0.029      9.347      0.000
    L7_1               0.055      0.022      2.449      0.014
    L7_2               0.084      0.037      2.244      0.025


QUALITY OF NUMERICAL RESULTS

     Condition Number for the Information Matrix              0.428E-04
       (ratio of smallest to largest eigenvalue)


     Beginning Time:  05:14:33
        Ending Time:  05:14:35
       Elapsed Time:  00:00:02



MUTHEN & MUTHEN
3463 Stoner Ave.
Los Angeles, CA  90066

Tel: (310) 391-9971
Fax: (310) 391-8971
Web: www.StatModel.com
Support: Support@StatModel.com

Copyright (c) 1998-2019 Muthen & Muthen
