Mplus VERSION 8.3
MUTHEN & MUTHEN
04/25/2024   5:51 AM

INPUT INSTRUCTIONS


  TITLE: Test with 10 reps

  DATA:
  File is
  G3_B2_N1_rep58.csv;

  VARIABLE:
      Names are x1 x2 eta
  	y1 y2 y3 y4 y5 y6 y7 y8 y9 y10;
      Usevariables are y1-y10 x1 x2;
      constraint = x1 x2;

  MODEL:
      f BY y1* (l1);
      f BY y2* (l2);
      f BY y3* (l3);
      f BY y4* (l4);
      f BY y5* (l5);
      f BY y6* (l6);
      f BY y7* (l7);
      f BY y8* (l8);
      f BY y9* (l9);
      f BY y10* (l10);

  y7 ON x1 x2;
  f@1;
  [f@0];

  MODEL CONSTRAINT:
      new (l7_0 l7_1 l7_2);
      l7 = l7_0 + l7_1*x1 + l7_2*x2;




INPUT READING TERMINATED NORMALLY



Test with 10 reps

SUMMARY OF ANALYSIS

Number of groups                                                 1
Number of observations                                         250

Number of dependent variables                                   10
Number of independent variables                                  2
Number of continuous latent variables                            1

Observed dependent variables

  Continuous
   Y1          Y2          Y3          Y4          Y5          Y6
   Y7          Y8          Y9          Y10

Observed independent variables
   X1          X2

Continuous latent variables
   F


Estimator                                                       ML
Information matrix                                        OBSERVED
Maximum number of iterations                                  1000
Convergence criterion                                    0.500D-04
Maximum number of steepest descent iterations                   20

Input data file(s)
  G3_B2_N1_rep58.csv

Input data format  FREE



UNIVARIATE SAMPLE STATISTICS


     UNIVARIATE HIGHER-ORDER MOMENT DESCRIPTIVE STATISTICS

         Variable/         Mean/     Skewness/   Minimum/ % with                Percentiles
        Sample Size      Variance    Kurtosis    Maximum  Min/Max      20%/60%    40%/80%    Median

     Y1                    1.884       0.854       1.000   32.40%       1.000      2.000      2.000
             250.000       0.615       0.943       5.000    0.40%       2.000      2.000
     Y2                    1.940       0.592       1.000   26.40%       1.000      2.000      2.000
             250.000       0.528       0.435       4.000    3.20%       2.000      2.000
     Y3                    3.168       0.028       1.000    0.40%       3.000      3.000      3.000
             250.000       0.540      -0.240       5.000    2.40%       3.000      4.000
     Y4                    3.192       0.073       1.000    0.40%       3.000      3.000      3.000
             250.000       0.523      -0.056       5.000    2.80%       3.000      4.000
     Y5                    3.216       0.065       1.000    0.80%       3.000      3.000      3.000
             250.000       0.537       0.246       5.000    3.60%       3.000      4.000
     Y6                    1.204       2.809       1.000   82.80%       1.000      1.000      1.000
             250.000       0.242       9.191       4.000    0.80%       1.000      1.000
     Y7                    1.208       2.387       1.000   81.20%       1.000      1.000      1.000
             250.000       0.213       6.634       4.000    0.40%       1.000      1.000
     Y8                    1.164       2.479       1.000   85.20%       1.000      1.000      1.000
             250.000       0.169       5.634       3.000    1.60%       1.000      1.000
     Y9                    1.904       0.978       1.000   32.00%       1.000      2.000      2.000
             250.000       0.663       1.311       5.000    0.80%       2.000      2.000
     Y10                   1.924       0.733       1.000   27.20%       1.000      2.000      2.000
             250.000       0.534       1.150       5.000    0.40%       2.000      2.000
     X1                   -0.005       0.208      -2.348    0.40%      -0.937     -0.312     -0.019
             250.000       1.039      -0.250       3.067    0.40%       0.210      0.881
     X2                    0.476       0.096       0.000   52.40%       0.000      0.000      0.000
             250.000       0.249      -1.991       1.000   47.60%       1.000      1.000


THE MODEL ESTIMATION TERMINATED NORMALLY



MODEL FIT INFORMATION

Number of Free Parameters                       34

Loglikelihood

          H0 Value                       -1566.932

Information Criteria

          Akaike (AIC)                    3201.864
          Bayesian (BIC)                  3321.594
          Sample-Size Adjusted BIC        3213.811
            (n* = (n + 2) / 24)



MODEL RESULTS

                                                    Two-Tailed
                    Estimate       S.E.  Est./S.E.    P-Value

 F        BY
    Y1                 0.677      0.040     16.977      0.000
    Y2                 0.594      0.038     15.574      0.000
    Y3                 0.603      0.038     15.675      0.000
    Y4                 0.589      0.038     15.499      0.000
    Y5                 0.588      0.039     15.134      0.000
    Y6                 0.326      0.028     11.596      0.000
    Y7               999.000      0.000    999.000    999.000
    Y8                 0.274      0.023     11.687      0.000
    Y9                 0.681      0.042     16.148      0.000
    Y10                0.599      0.038     15.659      0.000

 Y7       ON
    X1                -0.022      0.021     -1.048      0.294
    X2                -0.074      0.042     -1.777      0.076

 Means
    F                  0.000      0.000    999.000    999.000

 Intercepts
    Y1                 1.884      0.050     37.999      0.000
    Y2                 1.940      0.046     42.198      0.000
    Y3                 3.168      0.046     68.178      0.000
    Y4                 3.192      0.046     69.779      0.000
    Y5                 3.216      0.046     69.368      0.000
    Y6                 1.204      0.031     38.667      0.000
    Y7                 1.231      0.036     33.860      0.000
    Y8                 1.164      0.026     44.755      0.000
    Y9                 1.904      0.051     36.979      0.000
    Y10                1.924      0.046     41.621      0.000

 Variances
    F                  1.000      0.000    999.000    999.000

 Residual Variances
    Y1                 0.156      0.017      9.307      0.000
    Y2                 0.175      0.018      9.914      0.000
    Y3                 0.176      0.018      9.855      0.000
    Y4                 0.176      0.018      9.913      0.000
    Y5                 0.192      0.019     10.030      0.000
    Y6                 0.136      0.013     10.665      0.000
    Y7                 0.096      0.009     10.362      0.000
    Y8                 0.094      0.009     10.653      0.000
    Y9                 0.199      0.021      9.683      0.000
    Y10                0.175      0.018      9.890      0.000

New/Additional Parameters
    L7_0               0.344      0.033     10.510      0.000
    L7_1               0.049      0.020      2.480      0.013
    L7_2              -0.010      0.043     -0.221      0.825


QUALITY OF NUMERICAL RESULTS

     Condition Number for the Information Matrix              0.764E-04
       (ratio of smallest to largest eigenvalue)


     Beginning Time:  05:51:07
        Ending Time:  05:51:08
       Elapsed Time:  00:00:01



MUTHEN & MUTHEN
3463 Stoner Ave.
Los Angeles, CA  90066

Tel: (310) 391-9971
Fax: (310) 391-8971
Web: www.StatModel.com
Support: Support@StatModel.com

Copyright (c) 1998-2019 Muthen & Muthen
