Mplus VERSION 8.3
MUTHEN & MUTHEN
04/25/2024   5:51 AM

INPUT INSTRUCTIONS


  TITLE: Test with 10 reps

  DATA:
  File is
  G3_B2_N1_rep6.csv;

  VARIABLE:
      Names are x1 x2 eta
  	y1 y2 y3 y4 y5 y6 y7 y8 y9 y10;
      Usevariables are y1-y10 x1 x2;
      constraint = x1 x2;

  MODEL:
      f BY y1* (l1);
      f BY y2* (l2);
      f BY y3* (l3);
      f BY y4* (l4);
      f BY y5* (l5);
      f BY y6* (l6);
      f BY y7* (l7);
      f BY y8* (l8);
      f BY y9* (l9);
      f BY y10* (l10);

  y2 ON x1 x2;
  f@1;
  [f@0];

  MODEL CONSTRAINT:
      new (l2_0 l2_1 l2_2);
      l2 = l2_0 + l2_1*x1 + l2_2*x2;




INPUT READING TERMINATED NORMALLY



Test with 10 reps

SUMMARY OF ANALYSIS

Number of groups                                                 1
Number of observations                                         250

Number of dependent variables                                   10
Number of independent variables                                  2
Number of continuous latent variables                            1

Observed dependent variables

  Continuous
   Y1          Y2          Y3          Y4          Y5          Y6
   Y7          Y8          Y9          Y10

Observed independent variables
   X1          X2

Continuous latent variables
   F


Estimator                                                       ML
Information matrix                                        OBSERVED
Maximum number of iterations                                  1000
Convergence criterion                                    0.500D-04
Maximum number of steepest descent iterations                   20

Input data file(s)
  G3_B2_N1_rep6.csv

Input data format  FREE



UNIVARIATE SAMPLE STATISTICS


     UNIVARIATE HIGHER-ORDER MOMENT DESCRIPTIVE STATISTICS

         Variable/         Mean/     Skewness/   Minimum/ % with                Percentiles
        Sample Size      Variance    Kurtosis    Maximum  Min/Max      20%/60%    40%/80%    Median

     Y1                    1.960       0.618       1.000   27.20%       1.000      2.000      2.000
             250.000       0.574       0.605       5.000    0.40%       2.000      2.000
     Y2                    1.992       0.492       1.000   28.40%       1.000      2.000      2.000
             250.000       0.632       0.044       5.000    0.40%       2.000      3.000
     Y3                    3.276      -0.185       1.000    0.80%       3.000      3.000      3.000
             250.000       0.504       0.156       5.000    2.40%       3.000      4.000
     Y4                    3.256      -0.035       1.000    0.40%       3.000      3.000      3.000
             250.000       0.614      -0.407       5.000    4.00%       3.000      4.000
     Y5                    3.292      -0.175       1.000    0.40%       3.000      3.000      3.000
             250.000       0.551      -0.315       5.000    2.80%       4.000      4.000
     Y6                    1.236       2.155       1.000   78.80%       1.000      1.000      1.000
             250.000       0.236       5.171       4.000    0.40%       1.000      2.000
     Y7                    1.244       1.564       1.000   76.80%       1.000      1.000      1.000
             250.000       0.208       1.342       3.000    1.20%       1.000      2.000
     Y8                    1.200       2.339       1.000   81.20%       1.000      1.000      1.000
             250.000       0.192       6.844       4.000    0.40%       1.000      1.000
     Y9                    2.016       0.631       1.000   24.80%       1.000      2.000      2.000
             250.000       0.608       0.541       5.000    0.40%       2.000      3.000
     Y10                   2.028       0.614       1.000   25.20%       1.000      2.000      2.000
             250.000       0.635       0.386       5.000    0.40%       2.000      3.000
     X1                    0.071       0.091      -2.492    0.40%      -0.798     -0.189      0.033
             250.000       0.958      -0.147       3.236    0.40%       0.254      0.896
     X2                    0.488       0.048       0.000   51.20%       0.000      0.000      0.000
             250.000       0.250      -1.998       1.000   48.80%       1.000      1.000


THE MODEL ESTIMATION TERMINATED NORMALLY



MODEL FIT INFORMATION

Number of Free Parameters                       34

Loglikelihood

          H0 Value                       -1577.949

Information Criteria

          Akaike (AIC)                    3223.898
          Bayesian (BIC)                  3343.628
          Sample-Size Adjusted BIC        3235.845
            (n* = (n + 2) / 24)



MODEL RESULTS

                                                    Two-Tailed
                    Estimate       S.E.  Est./S.E.    P-Value

 F        BY
    Y1                 0.635      0.039     16.192      0.000
    Y2               999.000      0.000    999.000    999.000
    Y3                 0.573      0.037     15.294      0.000
    Y4                 0.646      0.041     15.770      0.000
    Y5                 0.606      0.039     15.559      0.000
    Y6                 0.325      0.028     11.738      0.000
    Y7                 0.339      0.025     13.549      0.000
    Y8                 0.308      0.025     12.547      0.000
    Y9                 0.657      0.040     16.370      0.000
    Y10                0.678      0.041     16.609      0.000

 Y2       ON
    X1                -0.034      0.031     -1.113      0.266
    X2                -0.100      0.060     -1.666      0.096

 Means
    F                  0.000      0.000    999.000    999.000

 Intercepts
    Y1                 1.960      0.048     40.890      0.000
    Y2                 2.045      0.061     33.396      0.000
    Y3                 3.276      0.045     72.975      0.000
    Y4                 3.256      0.050     65.676      0.000
    Y5                 3.292      0.047     70.139      0.000
    Y6                 1.236      0.031     40.202      0.000
    Y7                 1.244      0.029     43.080      0.000
    Y8                 1.200      0.028     43.301      0.000
    Y9                 2.016      0.049     40.888      0.000
    Y10                2.028      0.050     40.232      0.000

 Variances
    F                  1.000      0.000    999.000    999.000

 Residual Variances
    Y1                 0.171      0.018      9.769      0.000
    Y2                 0.179      0.019      9.590      0.000
    Y3                 0.176      0.017     10.070      0.000
    Y4                 0.198      0.020      9.898      0.000
    Y5                 0.184      0.018      9.948      0.000
    Y6                 0.131      0.012     10.683      0.000
    Y7                 0.093      0.009     10.405      0.000
    Y8                 0.097      0.009     10.563      0.000
    Y9                 0.175      0.018      9.704      0.000
    Y10                0.175      0.018      9.607      0.000

New/Additional Parameters
    L2_0               0.717      0.054     13.227      0.000
    L2_1               0.016      0.032      0.502      0.616
    L2_2              -0.052      0.061     -0.863      0.388


QUALITY OF NUMERICAL RESULTS

     Condition Number for the Information Matrix              0.779E-04
       (ratio of smallest to largest eigenvalue)


     Beginning Time:  05:51:36
        Ending Time:  05:51:37
       Elapsed Time:  00:00:01



MUTHEN & MUTHEN
3463 Stoner Ave.
Los Angeles, CA  90066

Tel: (310) 391-9971
Fax: (310) 391-8971
Web: www.StatModel.com
Support: Support@StatModel.com

Copyright (c) 1998-2019 Muthen & Muthen
