Mplus VERSION 8.3
MUTHEN & MUTHEN
04/25/2024   6:00 AM

INPUT INSTRUCTIONS


  TITLE: Test with 10 reps

  DATA:
  File is
  G3_B2_N1_rep85.csv;

  VARIABLE:
      Names are x1 x2 eta
  	y1 y2 y3 y4 y5 y6 y7 y8 y9 y10;
      Usevariables are y1-y10 x1 x2;
      constraint = x1 x2;

  MODEL:
      f BY y1* (l1);
      f BY y2* (l2);
      f BY y3* (l3);
      f BY y4* (l4);
      f BY y5* (l5);
      f BY y6* (l6);
      f BY y7* (l7);
      f BY y8* (l8);
      f BY y9* (l9);
      f BY y10* (l10);

  y3 ON x1 x2;
  f@1;
  [f@0];

  MODEL CONSTRAINT:
      new (l3_0 l3_1 l3_2);
      l3 = l3_0 + l3_1*x1 + l3_2*x2;




INPUT READING TERMINATED NORMALLY



Test with 10 reps

SUMMARY OF ANALYSIS

Number of groups                                                 1
Number of observations                                         250

Number of dependent variables                                   10
Number of independent variables                                  2
Number of continuous latent variables                            1

Observed dependent variables

  Continuous
   Y1          Y2          Y3          Y4          Y5          Y6
   Y7          Y8          Y9          Y10

Observed independent variables
   X1          X2

Continuous latent variables
   F


Estimator                                                       ML
Information matrix                                        OBSERVED
Maximum number of iterations                                  1000
Convergence criterion                                    0.500D-04
Maximum number of steepest descent iterations                   20

Input data file(s)
  G3_B2_N1_rep85.csv

Input data format  FREE



UNIVARIATE SAMPLE STATISTICS


     UNIVARIATE HIGHER-ORDER MOMENT DESCRIPTIVE STATISTICS

         Variable/         Mean/     Skewness/   Minimum/ % with                Percentiles
        Sample Size      Variance    Kurtosis    Maximum  Min/Max      20%/60%    40%/80%    Median

     Y1                    1.848       0.661       1.000   34.00%       1.000      2.000      2.000
             250.000       0.553       0.585       5.000    0.40%       2.000      2.000
     Y2                    1.772       0.559       1.000   37.60%       1.000      2.000      2.000
             250.000       0.496      -0.104       4.000    1.20%       2.000      2.000
     Y3                    3.072       0.088       1.000    0.40%       2.000      3.000      3.000
             250.000       0.515      -0.228       5.000    1.60%       3.000      4.000
     Y4                    3.028       0.165       1.000    0.80%       2.000      3.000      3.000
             250.000       0.499       0.319       5.000    2.00%       3.000      4.000
     Y5                    3.084      -0.131       1.000    0.80%       2.000      3.000      3.000
             250.000       0.533      -0.442       5.000    0.80%       3.000      4.000
     Y6                    1.140       3.394       1.000   88.00%       1.000      1.000      1.000
             250.000       0.168      13.520       4.000    0.40%       1.000      1.000
     Y7                    1.120       4.250       1.000   90.00%       1.000      1.000      1.000
             250.000       0.162      22.017       4.000    0.80%       1.000      1.000
     Y8                    1.108       3.923       1.000   90.00%       1.000      1.000      1.000
             250.000       0.120      20.528       4.000    0.40%       1.000      1.000
     Y9                    1.764       0.968       1.000   40.00%       1.000      1.000      2.000
             250.000       0.580       1.214       5.000    0.40%       2.000      2.000
     Y10                   1.780       0.799       1.000   37.60%       1.000      2.000      2.000
             250.000       0.532       0.990       5.000    0.40%       2.000      2.000
     X1                   -0.013      -0.016      -3.163    0.40%      -0.931     -0.233     -0.008
             250.000       1.075      -0.112       2.477    0.40%       0.268      0.802
     X2                    0.468       0.128       0.000   53.20%       0.000      0.000      0.000
             250.000       0.249      -1.984       1.000   46.80%       1.000      1.000


THE MODEL ESTIMATION TERMINATED NORMALLY



MODEL FIT INFORMATION

Number of Free Parameters                       34

Loglikelihood

          H0 Value                       -1484.763

Information Criteria

          Akaike (AIC)                    3037.525
          Bayesian (BIC)                  3157.255
          Sample-Size Adjusted BIC        3049.472
            (n* = (n + 2) / 24)



MODEL RESULTS

                                                    Two-Tailed
                    Estimate       S.E.  Est./S.E.    P-Value

 F        BY
    Y1                 0.633      0.038     16.587      0.000
    Y2                 0.582      0.037     15.810      0.000
    Y3               999.000      0.000    999.000    999.000
    Y4                 0.549      0.038     14.417      0.000
    Y5                 0.559      0.040     14.105      0.000
    Y6                 0.258      0.024     10.829      0.000
    Y7                 0.235      0.024      9.851      0.000
    Y8                 0.220      0.020     10.933      0.000
    Y9                 0.646      0.039     16.460      0.000
    Y10                0.603      0.038     15.845      0.000

 Y3       ON
    X1                -0.008      0.028     -0.277      0.782
    X2                -0.049      0.059     -0.830      0.407

 Means
    F                  0.000      0.000    999.000    999.000

 Intercepts
    Y1                 1.848      0.047     39.296      0.000
    Y2                 1.772      0.045     39.782      0.000
    Y3                 3.116      0.059     52.666      0.000
    Y4                 3.028      0.045     67.761      0.000
    Y5                 3.084      0.046     66.795      0.000
    Y6                 1.140      0.026     43.924      0.000
    Y7                 1.120      0.025     44.052      0.000
    Y8                 1.108      0.022     50.502      0.000
    Y9                 1.764      0.048     36.613      0.000
    Y10                1.780      0.046     38.601      0.000

 Variances
    F                  1.000      0.000    999.000    999.000

 Residual Variances
    Y1                 0.152      0.016      9.368      0.000
    Y2                 0.157      0.016      9.697      0.000
    Y3                 0.176      0.018      9.692      0.000
    Y4                 0.198      0.020     10.137      0.000
    Y5                 0.220      0.022     10.175      0.000
    Y6                 0.102      0.010     10.687      0.000
    Y7                 0.107      0.010     10.784      0.000
    Y8                 0.072      0.007     10.674      0.000
    Y9                 0.163      0.017      9.410      0.000
    Y10                0.168      0.017      9.677      0.000

New/Additional Parameters
    L3_0               0.697      0.060     11.615      0.000
    L3_1              -0.025      0.023     -1.078      0.281
    L3_2              -0.168      0.064     -2.625      0.009


QUALITY OF NUMERICAL RESULTS

     Condition Number for the Information Matrix              0.447E-04
       (ratio of smallest to largest eigenvalue)


     Beginning Time:  06:00:36
        Ending Time:  06:00:38
       Elapsed Time:  00:00:02



MUTHEN & MUTHEN
3463 Stoner Ave.
Los Angeles, CA  90066

Tel: (310) 391-9971
Fax: (310) 391-8971
Web: www.StatModel.com
Support: Support@StatModel.com

Copyright (c) 1998-2019 Muthen & Muthen
