Mplus VERSION 8.3
MUTHEN & MUTHEN
04/24/2024   4:57 AM

INPUT INSTRUCTIONS


  TITLE: Test with 10 reps

  DATA:
  File is
  G2_B1_N2_rep13.csv;

  VARIABLE:
      Names are x1 x2 eta
  	y1 y2 y3 y4 y5 y6 y7 y8 y9 y10;
      Usevariables are y1-y10 x1 x2;
      constraint = x1 x2;

  MODEL:
      f BY y1* (l1);
      f BY y2* (l2);
      f BY y3* (l3);
      f BY y4* (l4);
      f BY y5* (l5);
      f BY y6* (l6);
      f BY y7* (l7);
      f BY y8* (l8);
      f BY y9* (l9);
      f BY y10* (l10);

  y8 ON x1 x2;
  f@1;
  [f@0];

  MODEL CONSTRAINT:
      new (l8_0 l8_1 l8_2);
      l8 = l8_0 + l8_1*x1 + l8_2*x2;




INPUT READING TERMINATED NORMALLY



Test with 10 reps

SUMMARY OF ANALYSIS

Number of groups                                                 1
Number of observations                                         500

Number of dependent variables                                   10
Number of independent variables                                  2
Number of continuous latent variables                            1

Observed dependent variables

  Continuous
   Y1          Y2          Y3          Y4          Y5          Y6
   Y7          Y8          Y9          Y10

Observed independent variables
   X1          X2

Continuous latent variables
   F


Estimator                                                       ML
Information matrix                                        OBSERVED
Maximum number of iterations                                  1000
Convergence criterion                                    0.500D-04
Maximum number of steepest descent iterations                   20

Input data file(s)
  G2_B1_N2_rep13.csv

Input data format  FREE



UNIVARIATE SAMPLE STATISTICS


     UNIVARIATE HIGHER-ORDER MOMENT DESCRIPTIVE STATISTICS

         Variable/         Mean/     Skewness/   Minimum/ % with                Percentiles
        Sample Size      Variance    Kurtosis    Maximum  Min/Max      20%/60%    40%/80%    Median

     Y1                    1.802       1.025       1.000   37.40%       1.000      2.000      2.000
             500.000       0.603       1.532       5.000    0.60%       2.000      2.000
     Y2                    1.804       1.022       1.000   36.80%       1.000      2.000      2.000
             500.000       0.582       1.967       5.000    1.00%       2.000      2.000
     Y3                    3.106       0.011       1.000    2.00%       2.000      3.000      3.000
             500.000       0.651       0.097       5.000    3.80%       3.000      4.000
     Y4                    3.064      -0.029       1.000    2.40%       2.000      3.000      3.000
             500.000       0.664       0.012       5.000    3.20%       3.000      4.000
     Y5                    3.106      -0.057       1.000    1.80%       2.000      3.000      3.000
             500.000       0.651      -0.150       5.000    3.00%       3.000      4.000
     Y6                    1.186       3.360       1.000   85.00%       1.000      1.000      1.000
             500.000       0.247      14.151       5.000    0.20%       1.000      1.000
     Y7                    1.210       2.507       1.000   82.20%       1.000      1.000      1.000
             500.000       0.238       6.696       4.000    0.40%       1.000      1.000
     Y8                    1.182       2.818       1.000   83.40%       1.000      1.000      1.000
             500.000       0.193      10.248       4.000    0.60%       1.000      1.000
     Y9                    1.838       0.826       1.000   35.80%       1.000      2.000      2.000
             500.000       0.604       0.801       5.000    0.40%       2.000      2.000
     Y10                   1.806       0.751       1.000   37.80%       1.000      2.000      2.000
             500.000       0.576       0.593       5.000    0.40%       2.000      2.000
     X1                   -0.034      -0.032      -3.517    0.20%      -0.868     -0.347     -0.017
             500.000       0.940       0.084       2.996    0.20%       0.247      0.794
     X2                    0.458       0.169       0.000   54.20%       0.000      0.000      0.000
             500.000       0.248      -1.972       1.000   45.80%       1.000      1.000


THE MODEL ESTIMATION TERMINATED NORMALLY



MODEL FIT INFORMATION

Number of Free Parameters                       34

Loglikelihood

          H0 Value                       -4047.558

Information Criteria

          Akaike (AIC)                    8163.116
          Bayesian (BIC)                  8306.412
          Sample-Size Adjusted BIC        8198.494
            (n* = (n + 2) / 24)



MODEL RESULTS

                                                    Two-Tailed
                    Estimate       S.E.  Est./S.E.    P-Value

 F        BY
    Y1                 0.585      0.031     19.194      0.000
    Y2                 0.564      0.030     18.692      0.000
    Y3                 0.587      0.032     18.232      0.000
    Y4                 0.576      0.033     17.537      0.000
    Y5                 0.576      0.032     17.784      0.000
    Y6                 0.282      0.021     13.269      0.000
    Y7                 0.301      0.020     14.706      0.000
    Y8               999.000      0.000    999.000    999.000
    Y9                 0.577      0.031     18.784      0.000
    Y10                0.556      0.030     18.410      0.000

 Y8       ON
    X1                 0.013      0.017      0.778      0.436
    X2                 0.011      0.033      0.334      0.739

 Means
    F                  0.000      0.000    999.000    999.000

 Intercepts
    Y1                 1.802      0.035     51.898      0.000
    Y2                 1.804      0.034     52.895      0.000
    Y3                 3.106      0.036     86.094      0.000
    Y4                 3.064      0.036     84.086      0.000
    Y5                 3.106      0.036     86.094      0.000
    Y6                 1.186      0.022     53.317      0.000
    Y7                 1.210      0.022     55.472      0.000
    Y8                 1.167      0.024     49.422      0.000
    Y9                 1.838      0.035     52.893      0.000
    Y10                1.806      0.034     53.193      0.000

 Variances
    F                  1.000      0.000    999.000    999.000

 Residual Variances
    Y1                 0.260      0.019     13.650      0.000
    Y2                 0.263      0.019     13.821      0.000
    Y3                 0.307      0.022     13.962      0.000
    Y4                 0.332      0.023     14.176      0.000
    Y5                 0.319      0.023     14.096      0.000
    Y6                 0.168      0.011     15.027      0.000
    Y7                 0.147      0.010     14.774      0.000
    Y8                 0.119      0.008     14.677      0.000
    Y9                 0.271      0.020     13.784      0.000
    Y10                0.267      0.019     13.902      0.000

New/Additional Parameters
    L8_0               0.221      0.025      8.971      0.000
    L8_1               0.043      0.018      2.384      0.017
    L8_2               0.085      0.034      2.518      0.012


QUALITY OF NUMERICAL RESULTS

     Condition Number for the Information Matrix              0.638E-04
       (ratio of smallest to largest eigenvalue)


     Beginning Time:  04:57:00
        Ending Time:  04:57:02
       Elapsed Time:  00:00:02



MUTHEN & MUTHEN
3463 Stoner Ave.
Los Angeles, CA  90066

Tel: (310) 391-9971
Fax: (310) 391-8971
Web: www.StatModel.com
Support: Support@StatModel.com

Copyright (c) 1998-2019 Muthen & Muthen
