Mplus VERSION 8.3
MUTHEN & MUTHEN
04/24/2024   5:05 AM

INPUT INSTRUCTIONS


  TITLE: Test with 10 reps

  DATA:
  File is
  G2_B1_N2_rep155.csv;

  VARIABLE:
      Names are x1 x2 eta
  	y1 y2 y3 y4 y5 y6 y7 y8 y9 y10;
      Usevariables are y1-y10 x1 x2;
      constraint = x1 x2;

  MODEL:
      f BY y1* (l1);
      f BY y2* (l2);
      f BY y3* (l3);
      f BY y4* (l4);
      f BY y5* (l5);
      f BY y6* (l6);
      f BY y7* (l7);
      f BY y8* (l8);
      f BY y9* (l9);
      f BY y10* (l10);

  y4 ON x1 x2;
  f@1;
  [f@0];

  MODEL CONSTRAINT:
      new (l4_0 l4_1 l4_2);
      l4 = l4_0 + l4_1*x1 + l4_2*x2;




INPUT READING TERMINATED NORMALLY



Test with 10 reps

SUMMARY OF ANALYSIS

Number of groups                                                 1
Number of observations                                         500

Number of dependent variables                                   10
Number of independent variables                                  2
Number of continuous latent variables                            1

Observed dependent variables

  Continuous
   Y1          Y2          Y3          Y4          Y5          Y6
   Y7          Y8          Y9          Y10

Observed independent variables
   X1          X2

Continuous latent variables
   F


Estimator                                                       ML
Information matrix                                        OBSERVED
Maximum number of iterations                                  1000
Convergence criterion                                    0.500D-04
Maximum number of steepest descent iterations                   20

Input data file(s)
  G2_B1_N2_rep155.csv

Input data format  FREE



UNIVARIATE SAMPLE STATISTICS


     UNIVARIATE HIGHER-ORDER MOMENT DESCRIPTIVE STATISTICS

         Variable/         Mean/     Skewness/   Minimum/ % with                Percentiles
        Sample Size      Variance    Kurtosis    Maximum  Min/Max      20%/60%    40%/80%    Median

     Y1                    1.872       0.845       1.000   34.00%       1.000      2.000      2.000
             500.000       0.620       1.110       5.000    0.80%       2.000      2.000
     Y2                    1.886       0.852       1.000   34.00%       1.000      2.000      2.000
             500.000       0.649       0.985       5.000    0.80%       2.000      2.000
     Y3                    3.146       0.083       1.000    0.80%       3.000      3.000      3.000
             500.000       0.573      -0.014       5.000    3.20%       3.000      4.000
     Y4                    3.156       0.033       1.000    1.40%       3.000      3.000      3.000
             500.000       0.648      -0.048       5.000    4.20%       3.000      4.000
     Y5                    3.176       0.020       1.000    0.80%       3.000      3.000      3.000
             500.000       0.601      -0.185       5.000    3.40%       3.000      4.000
     Y6                    1.202       2.670       1.000   82.40%       1.000      1.000      1.000
             500.000       0.225       8.411       4.000    0.60%       1.000      1.000
     Y7                    1.174       2.349       1.000   84.20%       1.000      1.000      1.000
             500.000       0.176       4.926       3.000    1.60%       1.000      1.000
     Y8                    1.210       2.700       1.000   81.60%       1.000      1.000      1.000
             500.000       0.234       8.948       4.000    0.80%       1.000      1.000
     Y9                    1.864       0.743       1.000   35.00%       1.000      2.000      2.000
             500.000       0.614       0.671       5.000    0.60%       2.000      2.000
     Y10                   1.872       0.686       1.000   34.20%       1.000      2.000      2.000
             500.000       0.604       0.440       5.000    0.40%       2.000      2.000
     X1                    0.090      -0.161      -3.532    0.20%      -0.767     -0.135      0.153
             500.000       0.998      -0.077       3.063    0.20%       0.332      0.933
     X2                    0.522      -0.088       0.000   47.80%       0.000      0.000      1.000
             500.000       0.250      -1.992       1.000   52.20%       1.000      1.000


THE MODEL ESTIMATION TERMINATED NORMALLY



MODEL FIT INFORMATION

Number of Free Parameters                       34

Loglikelihood

          H0 Value                       -4007.314

Information Criteria

          Akaike (AIC)                    8082.627
          Bayesian (BIC)                  8225.924
          Sample-Size Adjusted BIC        8118.006
            (n* = (n + 2) / 24)



MODEL RESULTS

                                                    Two-Tailed
                    Estimate       S.E.  Est./S.E.    P-Value

 F        BY
    Y1                 0.585      0.031     18.810      0.000
    Y2                 0.591      0.032     18.457      0.000
    Y3                 0.541      0.030     17.790      0.000
    Y4               999.000      0.000    999.000    999.000
    Y5                 0.566      0.031     18.317      0.000
    Y6                 0.275      0.020     13.604      0.000
    Y7                 0.241      0.018     13.448      0.000
    Y8                 0.278      0.021     13.438      0.000
    Y9                 0.584      0.031     18.867      0.000
    Y10                0.564      0.031     18.198      0.000

 Y4       ON
    X1                 0.038      0.026      1.481      0.139
    X2                -0.024      0.052     -0.466      0.641

 Means
    F                  0.000      0.000    999.000    999.000

 Intercepts
    Y1                 1.872      0.035     53.178      0.000
    Y2                 1.886      0.036     52.348      0.000
    Y3                 3.146      0.034     92.958      0.000
    Y4                 3.171      0.046     68.276      0.000
    Y5                 3.176      0.035     91.605      0.000
    Y6                 1.202      0.021     56.638      0.000
    Y7                 1.174      0.019     62.624      0.000
    Y8                 1.210      0.022     55.944      0.000
    Y9                 1.864      0.035     53.214      0.000
    Y10                1.872      0.035     53.878      0.000

 Variances
    F                  1.000      0.000    999.000    999.000

 Residual Variances
    Y1                 0.277      0.020     13.754      0.000
    Y2                 0.300      0.022     13.868      0.000
    Y3                 0.280      0.020     14.080      0.000
    Y4                 0.289      0.021     13.727      0.000
    Y5                 0.281      0.020     13.924      0.000
    Y6                 0.149      0.010     14.952      0.000
    Y7                 0.118      0.008     14.989      0.000
    Y8                 0.157      0.010     14.982      0.000
    Y9                 0.273      0.020     13.725      0.000
    Y10                0.285      0.020     13.955      0.000

New/Additional Parameters
    L4_0               0.631      0.046     13.589      0.000
    L4_1              -0.022      0.029     -0.767      0.443
    L4_2              -0.058      0.055     -1.054      0.292


QUALITY OF NUMERICAL RESULTS

     Condition Number for the Information Matrix              0.608E-04
       (ratio of smallest to largest eigenvalue)


     Beginning Time:  05:05:31
        Ending Time:  05:05:32
       Elapsed Time:  00:00:01



MUTHEN & MUTHEN
3463 Stoner Ave.
Los Angeles, CA  90066

Tel: (310) 391-9971
Fax: (310) 391-8971
Web: www.StatModel.com
Support: Support@StatModel.com

Copyright (c) 1998-2019 Muthen & Muthen
