Mplus VERSION 8.3
MUTHEN & MUTHEN
04/24/2024   4:46 AM

INPUT INSTRUCTIONS


  TITLE: Test with 10 reps

  DATA:
  File is
  G2_B1_N2_rep1.csv;

  VARIABLE:
      Names are x1 x2 eta
  	y1 y2 y3 y4 y5 y6 y7 y8 y9 y10;
      Usevariables are y1-y10 x1 x2;
      constraint = x1 x2;

  MODEL:
      f BY y1* (l1);
      f BY y2* (l2);
      f BY y3* (l3);
      f BY y4* (l4);
      f BY y5* (l5);
      f BY y6* (l6);
      f BY y7* (l7);
      f BY y8* (l8);
      f BY y9* (l9);
      f BY y10* (l10);

  y2 ON x1 x2;
  f@1;
  [f@0];

  MODEL CONSTRAINT:
      new (l2_0 l2_1 l2_2);
      l2 = l2_0 + l2_1*x1 + l2_2*x2;




INPUT READING TERMINATED NORMALLY



Test with 10 reps

SUMMARY OF ANALYSIS

Number of groups                                                 1
Number of observations                                         500

Number of dependent variables                                   10
Number of independent variables                                  2
Number of continuous latent variables                            1

Observed dependent variables

  Continuous
   Y1          Y2          Y3          Y4          Y5          Y6
   Y7          Y8          Y9          Y10

Observed independent variables
   X1          X2

Continuous latent variables
   F


Estimator                                                       ML
Information matrix                                        OBSERVED
Maximum number of iterations                                  1000
Convergence criterion                                    0.500D-04
Maximum number of steepest descent iterations                   20

Input data file(s)
  G2_B1_N2_rep1.csv

Input data format  FREE



UNIVARIATE SAMPLE STATISTICS


     UNIVARIATE HIGHER-ORDER MOMENT DESCRIPTIVE STATISTICS

         Variable/         Mean/     Skewness/   Minimum/ % with                Percentiles
        Sample Size      Variance    Kurtosis    Maximum  Min/Max      20%/60%    40%/80%    Median

     Y1                    1.898       0.985       1.000   33.60%       1.000      2.000      2.000
             500.000       0.692       1.269       5.000    1.00%       2.000      2.000
     Y2                    1.900       0.807       1.000   33.40%       1.000      2.000      2.000
             500.000       0.646       1.008       5.000    1.00%       2.000      2.000
     Y3                    3.134       0.042       1.000    1.40%       2.000      3.000      3.000
             500.000       0.712      -0.366       5.000    4.40%       3.000      4.000
     Y4                    3.150       0.032       1.000    1.20%       3.000      3.000      3.000
             500.000       0.612      -0.011       5.000    3.60%       3.000      4.000
     Y5                    3.176      -0.037       1.000    1.60%       2.000      3.000      3.000
             500.000       0.705      -0.257       5.000    4.60%       3.000      4.000
     Y6                    1.204       2.461       1.000   81.80%       1.000      1.000      1.000
             500.000       0.214       6.952       4.000    0.40%       1.000      1.000
     Y7                    1.216       2.355       1.000   80.80%       1.000      1.000      1.000
             500.000       0.225       6.238       4.000    0.40%       1.000      1.000
     Y8                    1.222       2.479       1.000   80.80%       1.000      1.000      1.000
             500.000       0.245       7.031       4.000    0.60%       1.000      1.000
     Y9                    1.918       1.003       1.000   32.20%       1.000      2.000      2.000
             500.000       0.695       1.420       5.000    1.20%       2.000      2.000
     Y10                   1.804       0.960       1.000   38.80%       1.000      2.000      2.000
             500.000       0.634       0.986       5.000    0.40%       2.000      2.000
     X1                   -0.048      -0.097      -2.974    0.20%      -0.821     -0.230     -0.014
             500.000       0.912       0.021       2.706    0.20%       0.186      0.769
     X2                    0.516      -0.064       0.000   48.40%       0.000      0.000      1.000
             500.000       0.250      -1.996       1.000   51.60%       1.000      1.000


THE MODEL ESTIMATION TERMINATED NORMALLY



MODEL FIT INFORMATION

Number of Free Parameters                       34

Loglikelihood

          H0 Value                       -4124.843

Information Criteria

          Akaike (AIC)                    8317.686
          Bayesian (BIC)                  8460.983
          Sample-Size Adjusted BIC        8353.065
            (n* = (n + 2) / 24)



MODEL RESULTS

                                                    Two-Tailed
                    Estimate       S.E.  Est./S.E.    P-Value

 F        BY
    Y1                 0.648      0.032     20.177      0.000
    Y2               999.000      0.000    999.000    999.000
    Y3                 0.624      0.033     18.740      0.000
    Y4                 0.553      0.031     17.610      0.000
    Y5                 0.621      0.033     18.732      0.000
    Y6                 0.284      0.019     14.654      0.000
    Y7                 0.297      0.020     15.019      0.000
    Y8                 0.305      0.021     14.698      0.000
    Y9                 0.632      0.033     19.372      0.000
    Y10                0.588      0.031     18.690      0.000

 Y2       ON
    X1                 0.060      0.027      2.197      0.028
    X2                 0.070      0.052      1.347      0.178

 Means
    F                  0.000      0.000    999.000    999.000

 Intercepts
    Y1                 1.898      0.037     51.033      0.000
    Y2                 1.871      0.045     41.161      0.000
    Y3                 3.134      0.038     83.048      0.000
    Y4                 3.150      0.035     90.073      0.000
    Y5                 3.176      0.038     84.578      0.000
    Y6                 1.204      0.021     58.145      0.000
    Y7                 1.216      0.021     57.279      0.000
    Y8                 1.222      0.022     55.236      0.000
    Y9                 1.918      0.037     51.434      0.000
    Y10                1.804      0.036     50.678      0.000

 Variances
    F                  1.000      0.000    999.000    999.000

 Residual Variances
    Y1                 0.272      0.020     13.470      0.000
    Y2                 0.297      0.021     14.079      0.000
    Y3                 0.322      0.023     13.948      0.000
    Y4                 0.306      0.021     14.278      0.000
    Y5                 0.319      0.023     13.950      0.000
    Y6                 0.133      0.009     14.861      0.000
    Y7                 0.137      0.009     14.812      0.000
    Y8                 0.152      0.010     14.870      0.000
    Y9                 0.296      0.022     13.747      0.000
    Y10                0.288      0.021     13.966      0.000

New/Additional Parameters
    L2_0               0.606      0.044     13.638      0.000
    L2_1              -0.015      0.027     -0.547      0.585
    L2_2              -0.048      0.055     -0.885      0.376


QUALITY OF NUMERICAL RESULTS

     Condition Number for the Information Matrix              0.789E-04
       (ratio of smallest to largest eigenvalue)


     Beginning Time:  04:46:28
        Ending Time:  04:46:29
       Elapsed Time:  00:00:01



MUTHEN & MUTHEN
3463 Stoner Ave.
Los Angeles, CA  90066

Tel: (310) 391-9971
Fax: (310) 391-8971
Web: www.StatModel.com
Support: Support@StatModel.com

Copyright (c) 1998-2019 Muthen & Muthen
