Mplus VERSION 8.3
MUTHEN & MUTHEN
04/24/2024   5:42 AM

INPUT INSTRUCTIONS


  TITLE: Test with 10 reps

  DATA:
  File is
  G2_B1_N2_rep261.csv;

  VARIABLE:
      Names are x1 x2 eta
  	y1 y2 y3 y4 y5 y6 y7 y8 y9 y10;
      Usevariables are y1-y10 x1 x2;
      constraint = x1 x2;

  MODEL:
      f BY y1* (l1);
      f BY y2* (l2);
      f BY y3* (l3);
      f BY y4* (l4);
      f BY y5* (l5);
      f BY y6* (l6);
      f BY y7* (l7);
      f BY y8* (l8);
      f BY y9* (l9);
      f BY y10* (l10);

  y7 ON x1 x2;
  f@1;
  [f@0];

  MODEL CONSTRAINT:
      new (l7_0 l7_1 l7_2);
      l7 = l7_0 + l7_1*x1 + l7_2*x2;




INPUT READING TERMINATED NORMALLY



Test with 10 reps

SUMMARY OF ANALYSIS

Number of groups                                                 1
Number of observations                                         500

Number of dependent variables                                   10
Number of independent variables                                  2
Number of continuous latent variables                            1

Observed dependent variables

  Continuous
   Y1          Y2          Y3          Y4          Y5          Y6
   Y7          Y8          Y9          Y10

Observed independent variables
   X1          X2

Continuous latent variables
   F


Estimator                                                       ML
Information matrix                                        OBSERVED
Maximum number of iterations                                  1000
Convergence criterion                                    0.500D-04
Maximum number of steepest descent iterations                   20

Input data file(s)
  G2_B1_N2_rep261.csv

Input data format  FREE



UNIVARIATE SAMPLE STATISTICS


     UNIVARIATE HIGHER-ORDER MOMENT DESCRIPTIVE STATISTICS

         Variable/         Mean/     Skewness/   Minimum/ % with                Percentiles
        Sample Size      Variance    Kurtosis    Maximum  Min/Max      20%/60%    40%/80%    Median

     Y1                    1.808       1.027       1.000   39.60%       1.000      2.000      2.000
             500.000       0.667       1.261       5.000    0.80%       2.000      2.000
     Y2                    1.798       0.957       1.000   39.20%       1.000      2.000      2.000
             500.000       0.625       1.128       5.000    0.60%       2.000      2.000
     Y3                    3.058       0.136       1.000    1.40%       2.000      3.000      3.000
             500.000       0.667      -0.211       5.000    3.60%       3.000      4.000
     Y4                    3.052       0.085       1.000    1.80%       2.000      3.000      3.000
             500.000       0.657      -0.075       5.000    3.40%       3.000      4.000
     Y5                    3.020       0.083       1.000    1.80%       2.000      3.000      3.000
             500.000       0.636      -0.071       5.000    2.80%       3.000      4.000
     Y6                    1.176       2.423       1.000   84.40%       1.000      1.000      1.000
             500.000       0.185       5.322       3.000    2.00%       1.000      1.000
     Y7                    1.168       3.101       1.000   85.40%       1.000      1.000      1.000
             500.000       0.196      11.651       4.000    0.60%       1.000      1.000
     Y8                    1.188       2.379       1.000   82.80%       1.000      1.000      1.000
             500.000       0.189       6.107       4.000    0.20%       1.000      1.000
     Y9                    1.792       0.836       1.000   39.80%       1.000      2.000      2.000
             500.000       0.609       0.644       5.000    0.40%       2.000      2.000
     Y10                   1.804       1.022       1.000   38.20%       1.000      2.000      2.000
             500.000       0.622       1.524       5.000    0.80%       2.000      2.000
     X1                    0.023      -0.008      -3.515    0.20%      -0.802     -0.210     -0.006
             500.000       1.015       0.272       2.722    0.20%       0.233      0.853
     X2                    0.494       0.024       0.000   50.60%       0.000      0.000      0.000
             500.000       0.250      -1.999       1.000   49.40%       1.000      1.000


THE MODEL ESTIMATION TERMINATED NORMALLY



MODEL FIT INFORMATION

Number of Free Parameters                       34

Loglikelihood

          H0 Value                       -3888.515

Information Criteria

          Akaike (AIC)                    7845.030
          Bayesian (BIC)                  7988.327
          Sample-Size Adjusted BIC        7880.409
            (n* = (n + 2) / 24)



MODEL RESULTS

                                                    Two-Tailed
                    Estimate       S.E.  Est./S.E.    P-Value

 F        BY
    Y1                 0.609      0.032     18.957      0.000
    Y2                 0.597      0.031     19.302      0.000
    Y3                 0.580      0.033     17.707      0.000
    Y4                 0.596      0.032     18.591      0.000
    Y5                 0.569      0.032     17.840      0.000
    Y6                 0.266      0.018     14.818      0.000
    Y7               999.000      0.000    999.000    999.000
    Y8                 0.283      0.018     15.803      0.000
    Y9                 0.581      0.031     18.905      0.000
    Y10                0.598      0.031     19.420      0.000

 Y7       ON
    X1                 0.009      0.015      0.595      0.552
    X2                -0.010      0.031     -0.311      0.756

 Means
    F                  0.000      0.000    999.000    999.000

 Intercepts
    Y1                 1.808      0.037     49.497      0.000
    Y2                 1.798      0.035     50.847      0.000
    Y3                 3.058      0.037     83.749      0.000
    Y4                 3.052      0.036     84.176      0.000
    Y5                 3.020      0.036     84.703      0.000
    Y6                 1.176      0.019     61.133      0.000
    Y7                 1.157      0.024     48.978      0.000
    Y8                 1.188      0.019     61.160      0.000
    Y9                 1.792      0.035     51.358      0.000
    Y10                1.804      0.035     51.165      0.000

 Variances
    F                  1.000      0.000    999.000    999.000

 Residual Variances
    Y1                 0.296      0.021     13.920      0.000
    Y2                 0.269      0.019     13.790      0.000
    Y3                 0.330      0.023     14.251      0.000
    Y4                 0.302      0.022     14.009      0.000
    Y5                 0.312      0.022     14.244      0.000
    Y6                 0.114      0.008     14.864      0.000
    Y7                 0.106      0.007     14.337      0.000
    Y8                 0.109      0.007     14.688      0.000
    Y9                 0.271      0.020     13.891      0.000
    Y10                0.264      0.019     13.730      0.000

New/Additional Parameters
    L7_0               0.223      0.025      8.972      0.000
    L7_1               0.037      0.017      2.150      0.032
    L7_2               0.120      0.033      3.658      0.000


QUALITY OF NUMERICAL RESULTS

     Condition Number for the Information Matrix              0.524E-04
       (ratio of smallest to largest eigenvalue)


     Beginning Time:  05:42:39
        Ending Time:  05:42:40
       Elapsed Time:  00:00:01



MUTHEN & MUTHEN
3463 Stoner Ave.
Los Angeles, CA  90066

Tel: (310) 391-9971
Fax: (310) 391-8971
Web: www.StatModel.com
Support: Support@StatModel.com

Copyright (c) 1998-2019 Muthen & Muthen
