Mplus VERSION 8.3
MUTHEN & MUTHEN
04/24/2024   5:56 AM

INPUT INSTRUCTIONS


  TITLE: Test with 10 reps

  DATA:
  File is
  G2_B1_N2_rep297.csv;

  VARIABLE:
      Names are x1 x2 eta
  	y1 y2 y3 y4 y5 y6 y7 y8 y9 y10;
      Usevariables are y1-y10 x1 x2;
      constraint = x1 x2;

  MODEL:
      f BY y1* (l1);
      f BY y2* (l2);
      f BY y3* (l3);
      f BY y4* (l4);
      f BY y5* (l5);
      f BY y6* (l6);
      f BY y7* (l7);
      f BY y8* (l8);
      f BY y9* (l9);
      f BY y10* (l10);

  y6 ON x1 x2;
  f@1;
  [f@0];

  MODEL CONSTRAINT:
      new (l6_0 l6_1 l6_2);
      l6 = l6_0 + l6_1*x1 + l6_2*x2;




INPUT READING TERMINATED NORMALLY



Test with 10 reps

SUMMARY OF ANALYSIS

Number of groups                                                 1
Number of observations                                         500

Number of dependent variables                                   10
Number of independent variables                                  2
Number of continuous latent variables                            1

Observed dependent variables

  Continuous
   Y1          Y2          Y3          Y4          Y5          Y6
   Y7          Y8          Y9          Y10

Observed independent variables
   X1          X2

Continuous latent variables
   F


Estimator                                                       ML
Information matrix                                        OBSERVED
Maximum number of iterations                                  1000
Convergence criterion                                    0.500D-04
Maximum number of steepest descent iterations                   20

Input data file(s)
  G2_B1_N2_rep297.csv

Input data format  FREE



UNIVARIATE SAMPLE STATISTICS


     UNIVARIATE HIGHER-ORDER MOMENT DESCRIPTIVE STATISTICS

         Variable/         Mean/     Skewness/   Minimum/ % with                Percentiles
        Sample Size      Variance    Kurtosis    Maximum  Min/Max      20%/60%    40%/80%    Median

     Y1                    1.828       1.052       1.000   38.80%       1.000      2.000      2.000
             500.000       0.682       1.617       5.000    1.40%       2.000      2.000
     Y2                    1.808       1.132       1.000   38.60%       1.000      2.000      2.000
             500.000       0.655       1.918       5.000    1.20%       2.000      2.000
     Y3                    3.080      -0.008       1.000    2.60%       2.000      3.000      3.000
             500.000       0.702      -0.004       5.000    4.00%       3.000      4.000
     Y4                    3.040       0.093       1.000    1.80%       2.000      3.000      3.000
             500.000       0.638       0.009       5.000    3.20%       3.000      4.000
     Y5                    3.104      -0.018       1.000    2.00%       2.000      3.000      3.000
             500.000       0.669      -0.069       5.000    3.60%       3.000      4.000
     Y6                    1.180       2.521       1.000   83.80%       1.000      1.000      1.000
             500.000       0.188       6.859       4.000    0.20%       1.000      1.000
     Y7                    1.220       3.364       1.000   82.40%       1.000      1.000      1.000
             500.000       0.300      15.062       5.000    0.60%       1.000      1.000
     Y8                    1.192       2.561       1.000   83.80%       1.000      1.000      1.000
             500.000       0.219       6.588       4.000    0.20%       1.000      1.000
     Y9                    1.878       1.006       1.000   35.60%       1.000      2.000      2.000
             500.000       0.703       1.338       5.000    1.20%       2.000      2.000
     Y10                   1.846       1.102       1.000   36.60%       1.000      2.000      2.000
             500.000       0.682       1.706       5.000    1.20%       2.000      2.000
     X1                   -0.016       0.033      -2.988    0.20%      -0.831     -0.272     -0.034
             500.000       0.980       0.117       3.303    0.20%       0.205      0.786
     X2                    0.458       0.169       0.000   54.20%       0.000      0.000      0.000
             500.000       0.248      -1.972       1.000   45.80%       1.000      1.000


THE MODEL ESTIMATION TERMINATED NORMALLY



MODEL FIT INFORMATION

Number of Free Parameters                       34

Loglikelihood

          H0 Value                       -4142.828

Information Criteria

          Akaike (AIC)                    8353.656
          Bayesian (BIC)                  8496.952
          Sample-Size Adjusted BIC        8389.034
            (n* = (n + 2) / 24)



MODEL RESULTS

                                                    Two-Tailed
                    Estimate       S.E.  Est./S.E.    P-Value

 F        BY
    Y1                 0.633      0.032     19.692      0.000
    Y2                 0.600      0.032     18.785      0.000
    Y3                 0.588      0.034     17.422      0.000
    Y4                 0.565      0.032     17.604      0.000
    Y5                 0.578      0.033     17.584      0.000
    Y6               999.000      0.000    999.000    999.000
    Y7                 0.356      0.023     15.748      0.000
    Y8                 0.293      0.020     14.999      0.000
    Y9                 0.644      0.033     19.781      0.000
    Y10                0.628      0.032     19.482      0.000

 Y6       ON
    X1                 0.030      0.016      1.885      0.059
    X2                 0.017      0.031      0.569      0.569

 Means
    F                  0.000      0.000    999.000    999.000

 Intercepts
    Y1                 1.828      0.037     49.481      0.000
    Y2                 1.808      0.036     49.948      0.000
    Y3                 3.080      0.037     82.223      0.000
    Y4                 3.040      0.036     85.077      0.000
    Y5                 3.104      0.037     84.847      0.000
    Y6                 1.157      0.023     50.729      0.000
    Y7                 1.220      0.024     49.840      0.000
    Y8                 1.192      0.021     56.938      0.000
    Y9                 1.878      0.037     50.080      0.000
    Y10                1.846      0.037     49.973      0.000

 Variances
    F                  1.000      0.000    999.000    999.000

 Residual Variances
    Y1                 0.282      0.021     13.653      0.000
    Y2                 0.295      0.021     13.948      0.000
    Y3                 0.356      0.025     14.306      0.000
    Y4                 0.319      0.022     14.268      0.000
    Y5                 0.335      0.023     14.265      0.000
    Y6                 0.108      0.007     14.728      0.000
    Y7                 0.173      0.012     14.657      0.000
    Y8                 0.133      0.009     14.801      0.000
    Y9                 0.288      0.021     13.616      0.000
    Y10                0.288      0.021     13.718      0.000

New/Additional Parameters
    L6_0               0.228      0.024      9.379      0.000
    L6_1               0.085      0.015      5.692      0.000
    L6_2               0.039      0.032      1.219      0.223


QUALITY OF NUMERICAL RESULTS

     Condition Number for the Information Matrix              0.525E-04
       (ratio of smallest to largest eigenvalue)


     Beginning Time:  05:56:30
        Ending Time:  05:56:31
       Elapsed Time:  00:00:01



MUTHEN & MUTHEN
3463 Stoner Ave.
Los Angeles, CA  90066

Tel: (310) 391-9971
Fax: (310) 391-8971
Web: www.StatModel.com
Support: Support@StatModel.com

Copyright (c) 1998-2019 Muthen & Muthen
