Mplus VERSION 8.3
MUTHEN & MUTHEN
04/24/2024   5:46 AM

INPUT INSTRUCTIONS


  TITLE: Test with 10 reps

  DATA:
  File is
  G2_B1_N2_rep272.csv;

  VARIABLE:
      Names are x1 x2 eta
  	y1 y2 y3 y4 y5 y6 y7 y8 y9 y10;
      Usevariables are y1-y10 x1 x2;
      constraint = x1 x2;

  MODEL:
      f BY y1* (l1);
      f BY y2* (l2);
      f BY y3* (l3);
      f BY y4* (l4);
      f BY y5* (l5);
      f BY y6* (l6);
      f BY y7* (l7);
      f BY y8* (l8);
      f BY y9* (l9);
      f BY y10* (l10);

  y2 ON x1 x2;
  f@1;
  [f@0];

  MODEL CONSTRAINT:
      new (l2_0 l2_1 l2_2);
      l2 = l2_0 + l2_1*x1 + l2_2*x2;




INPUT READING TERMINATED NORMALLY



Test with 10 reps

SUMMARY OF ANALYSIS

Number of groups                                                 1
Number of observations                                         500

Number of dependent variables                                   10
Number of independent variables                                  2
Number of continuous latent variables                            1

Observed dependent variables

  Continuous
   Y1          Y2          Y3          Y4          Y5          Y6
   Y7          Y8          Y9          Y10

Observed independent variables
   X1          X2

Continuous latent variables
   F


Estimator                                                       ML
Information matrix                                        OBSERVED
Maximum number of iterations                                  1000
Convergence criterion                                    0.500D-04
Maximum number of steepest descent iterations                   20

Input data file(s)
  G2_B1_N2_rep272.csv

Input data format  FREE



UNIVARIATE SAMPLE STATISTICS


     UNIVARIATE HIGHER-ORDER MOMENT DESCRIPTIVE STATISTICS

         Variable/         Mean/     Skewness/   Minimum/ % with                Percentiles
        Sample Size      Variance    Kurtosis    Maximum  Min/Max      20%/60%    40%/80%    Median

     Y1                    1.836       0.784       1.000   34.80%       1.000      2.000      2.000
             500.000       0.569       0.866       5.000    0.40%       2.000      2.000
     Y2                    1.810       0.799       1.000   38.40%       1.000      2.000      2.000
             500.000       0.610       0.446       5.000    0.20%       2.000      2.000
     Y3                    3.046       0.047       1.000    1.60%       2.000      3.000      3.000
             500.000       0.668      -0.344       5.000    2.80%       3.000      4.000
     Y4                    3.076      -0.087       1.000    2.20%       2.000      3.000      3.000
             500.000       0.626       0.058       5.000    2.60%       3.000      4.000
     Y5                    3.118      -0.079       1.000    2.00%       2.000      3.000      3.000
             500.000       0.648      -0.021       5.000    3.20%       3.000      4.000
     Y6                    1.180       2.275       1.000   83.60%       1.000      1.000      1.000
             500.000       0.180       4.544       3.000    1.60%       1.000      1.000
     Y7                    1.184       2.680       1.000   83.60%       1.000      1.000      1.000
             500.000       0.198       8.427       4.000    0.40%       1.000      1.000
     Y8                    1.162       3.285       1.000   85.40%       1.000      1.000      1.000
             500.000       0.180      16.025       5.000    0.20%       1.000      1.000
     Y9                    1.804       0.790       1.000   37.20%       1.000      2.000      2.000
             500.000       0.566       0.800       5.000    0.40%       2.000      2.000
     Y10                   1.888       0.963       1.000   31.80%       1.000      2.000      2.000
             500.000       0.619       1.513       5.000    0.80%       2.000      2.000
     X1                   -0.032       0.079      -2.816    0.20%      -0.836     -0.305     -0.018
             500.000       0.933      -0.104       2.701    0.20%       0.179      0.766
     X2                    0.482       0.072       0.000   51.80%       0.000      0.000      0.000
             500.000       0.250      -1.995       1.000   48.20%       1.000      1.000


THE MODEL ESTIMATION TERMINATED NORMALLY



MODEL FIT INFORMATION

Number of Free Parameters                       34

Loglikelihood

          H0 Value                       -3970.259

Information Criteria

          Akaike (AIC)                    8008.517
          Bayesian (BIC)                  8151.814
          Sample-Size Adjusted BIC        8043.896
            (n* = (n + 2) / 24)



MODEL RESULTS

                                                    Two-Tailed
                    Estimate       S.E.  Est./S.E.    P-Value

 F        BY
    Y1                 0.563      0.030     18.842      0.000
    Y2               999.000      0.000    999.000    999.000
    Y3                 0.603      0.033     18.514      0.000
    Y4                 0.570      0.032     17.957      0.000
    Y5                 0.580      0.032     17.956      0.000
    Y6                 0.254      0.018     14.138      0.000
    Y7                 0.246      0.019     12.763      0.000
    Y8                 0.223      0.018     12.080      0.000
    Y9                 0.518      0.031     16.896      0.000
    Y10                0.575      0.031     18.296      0.000

 Y2       ON
    X1                 0.014      0.026      0.514      0.608
    X2                 0.057      0.051      1.102      0.271

 Means
    F                  0.000      0.000    999.000    999.000

 Intercepts
    Y1                 1.836      0.034     54.420      0.000
    Y2                 1.782      0.043     41.729      0.000
    Y3                 3.046      0.037     83.342      0.000
    Y4                 3.076      0.035     86.917      0.000
    Y5                 3.118      0.036     86.606      0.000
    Y6                 1.180      0.019     62.261      0.000
    Y7                 1.184      0.020     59.477      0.000
    Y8                 1.162      0.019     61.284      0.000
    Y9                 1.804      0.034     53.638      0.000
    Y10                1.888      0.035     53.639      0.000

 Variances
    F                  1.000      0.000    999.000    999.000

 Residual Variances
    Y1                 0.252      0.019     13.586      0.000
    Y2                 0.290      0.021     13.908      0.000
    Y3                 0.305      0.022     13.670      0.000
    Y4                 0.301      0.022     13.900      0.000
    Y5                 0.311      0.022     13.895      0.000
    Y6                 0.115      0.008     14.782      0.000
    Y7                 0.138      0.009     15.023      0.000
    Y8                 0.130      0.009     15.116      0.000
    Y9                 0.297      0.021     14.206      0.000
    Y10                0.289      0.021     13.785      0.000

New/Additional Parameters
    L2_0               0.556      0.041     13.615      0.000
    L2_1               0.009      0.027      0.339      0.735
    L2_2               0.011      0.054      0.201      0.841


QUALITY OF NUMERICAL RESULTS

     Condition Number for the Information Matrix              0.588E-04
       (ratio of smallest to largest eigenvalue)


     Beginning Time:  05:46:42
        Ending Time:  05:46:43
       Elapsed Time:  00:00:01



MUTHEN & MUTHEN
3463 Stoner Ave.
Los Angeles, CA  90066

Tel: (310) 391-9971
Fax: (310) 391-8971
Web: www.StatModel.com
Support: Support@StatModel.com

Copyright (c) 1998-2019 Muthen & Muthen
