Mplus VERSION 8.3
MUTHEN & MUTHEN
04/24/2024   5:29 AM

INPUT INSTRUCTIONS


  TITLE: Test with 10 reps

  DATA:
  File is
  G2_B1_N2_rep224.csv;

  VARIABLE:
      Names are x1 x2 eta
  	y1 y2 y3 y4 y5 y6 y7 y8 y9 y10;
      Usevariables are y1-y10 x1 x2;
      constraint = x1 x2;

  MODEL:
      f BY y1* (l1);
      f BY y2* (l2);
      f BY y3* (l3);
      f BY y4* (l4);
      f BY y5* (l5);
      f BY y6* (l6);
      f BY y7* (l7);
      f BY y8* (l8);
      f BY y9* (l9);
      f BY y10* (l10);

  y3 ON x1 x2;
  f@1;
  [f@0];

  MODEL CONSTRAINT:
      new (l3_0 l3_1 l3_2);
      l3 = l3_0 + l3_1*x1 + l3_2*x2;




INPUT READING TERMINATED NORMALLY



Test with 10 reps

SUMMARY OF ANALYSIS

Number of groups                                                 1
Number of observations                                         500

Number of dependent variables                                   10
Number of independent variables                                  2
Number of continuous latent variables                            1

Observed dependent variables

  Continuous
   Y1          Y2          Y3          Y4          Y5          Y6
   Y7          Y8          Y9          Y10

Observed independent variables
   X1          X2

Continuous latent variables
   F


Estimator                                                       ML
Information matrix                                        OBSERVED
Maximum number of iterations                                  1000
Convergence criterion                                    0.500D-04
Maximum number of steepest descent iterations                   20

Input data file(s)
  G2_B1_N2_rep224.csv

Input data format  FREE



UNIVARIATE SAMPLE STATISTICS


     UNIVARIATE HIGHER-ORDER MOMENT DESCRIPTIVE STATISTICS

         Variable/         Mean/     Skewness/   Minimum/ % with                Percentiles
        Sample Size      Variance    Kurtosis    Maximum  Min/Max      20%/60%    40%/80%    Median

     Y1                    1.774       0.706       1.000   40.40%       1.000      1.000      2.000
             500.000       0.571       0.166       5.000    0.20%       2.000      2.000
     Y2                    1.764       1.144       1.000   41.00%       1.000      1.000      2.000
             500.000       0.628       1.805       5.000    0.80%       2.000      2.000
     Y3                    3.004       0.181       1.000    1.60%       2.000      3.000      3.000
             500.000       0.584       0.327       5.000    3.00%       3.000      4.000
     Y4                    3.054      -0.144       1.000    2.40%       2.000      3.000      3.000
             500.000       0.639      -0.124       5.000    2.00%       3.000      4.000
     Y5                    3.052       0.054       1.000    1.80%       2.000      3.000      3.000
             500.000       0.677      -0.247       5.000    3.20%       3.000      4.000
     Y6                    1.140       2.990       1.000   87.20%       1.000      1.000      1.000
             500.000       0.148      10.370       4.000    0.20%       1.000      1.000
     Y7                    1.170       3.089       1.000   85.40%       1.000      1.000      1.000
             500.000       0.201      11.364       4.000    0.60%       1.000      1.000
     Y8                    1.154       3.104       1.000   86.40%       1.000      1.000      1.000
             500.000       0.174      11.536       4.000    0.40%       1.000      1.000
     Y9                    1.764       0.983       1.000   41.80%       1.000      1.000      2.000
             500.000       0.620       1.135       5.000    0.60%       2.000      2.000
     Y10                   1.756       0.816       1.000   39.20%       1.000      2.000      2.000
             500.000       0.528       0.801       5.000    0.20%       2.000      2.000
     X1                   -0.009      -0.274      -3.603    0.20%      -0.890     -0.189      0.023
             500.000       1.027      -0.020       2.608    0.20%       0.296      0.855
     X2                    0.498       0.008       0.000   50.20%       0.000      0.000      0.000
             500.000       0.250      -2.000       1.000   49.80%       1.000      1.000


THE MODEL ESTIMATION TERMINATED NORMALLY



MODEL FIT INFORMATION

Number of Free Parameters                       34

Loglikelihood

          H0 Value                       -3840.037

Information Criteria

          Akaike (AIC)                    7748.074
          Bayesian (BIC)                  7891.370
          Sample-Size Adjusted BIC        7783.452
            (n* = (n + 2) / 24)



MODEL RESULTS

                                                    Two-Tailed
                    Estimate       S.E.  Est./S.E.    P-Value

 F        BY
    Y1                 0.545      0.030     18.009      0.000
    Y2                 0.572      0.032     18.018      0.000
    Y3               999.000      0.000    999.000    999.000
    Y4                 0.567      0.032     17.563      0.000
    Y5                 0.614      0.033     18.871      0.000
    Y6                 0.238      0.016     14.646      0.000
    Y7                 0.285      0.019     15.177      0.000
    Y8                 0.258      0.018     14.694      0.000
    Y9                 0.582      0.031     18.617      0.000
    Y10                0.511      0.029     17.407      0.000

 Y3       ON
    X1                -0.011      0.026     -0.422      0.673
    X2                -0.019      0.052     -0.373      0.709

 Means
    F                  0.000      0.000    999.000    999.000

 Intercepts
    Y1                 1.774      0.034     52.499      0.000
    Y2                 1.764      0.035     49.762      0.000
    Y3                 3.017      0.043     70.150      0.000
    Y4                 3.054      0.036     85.423      0.000
    Y5                 3.052      0.037     82.924      0.000
    Y6                 1.140      0.017     66.172      0.000
    Y7                 1.170      0.020     58.340      0.000
    Y8                 1.154      0.019     61.810      0.000
    Y9                 1.764      0.035     50.082      0.000
    Y10                1.756      0.033     54.013      0.000

 Variances
    F                  1.000      0.000    999.000    999.000

 Residual Variances
    Y1                 0.274      0.020     13.972      0.000
    Y2                 0.301      0.022     13.966      0.000
    Y3                 0.301      0.021     14.209      0.000
    Y4                 0.318      0.023     14.063      0.000
    Y5                 0.300      0.022     13.639      0.000
    Y6                 0.092      0.006     14.729      0.000
    Y7                 0.120      0.008     14.622      0.000
    Y8                 0.108      0.007     14.707      0.000
    Y9                 0.282      0.020     13.769      0.000
    Y10                0.267      0.019     14.157      0.000

New/Additional Parameters
    L3_0               0.538      0.044     12.296      0.000
    L3_1              -0.035      0.026     -1.330      0.184
    L3_2              -0.006      0.054     -0.102      0.919


QUALITY OF NUMERICAL RESULTS

     Condition Number for the Information Matrix              0.380E-04
       (ratio of smallest to largest eigenvalue)


     Beginning Time:  05:29:29
        Ending Time:  05:29:30
       Elapsed Time:  00:00:01



MUTHEN & MUTHEN
3463 Stoner Ave.
Los Angeles, CA  90066

Tel: (310) 391-9971
Fax: (310) 391-8971
Web: www.StatModel.com
Support: Support@StatModel.com

Copyright (c) 1998-2019 Muthen & Muthen
