Mplus VERSION 8.3
MUTHEN & MUTHEN
04/24/2024   5:24 AM

INPUT INSTRUCTIONS


  TITLE: Test with 10 reps

  DATA:
  File is
  G2_B1_N2_rep21.csv;

  VARIABLE:
      Names are x1 x2 eta
  	y1 y2 y3 y4 y5 y6 y7 y8 y9 y10;
      Usevariables are y1-y10 x1 x2;
      constraint = x1 x2;

  MODEL:
      f BY y1* (l1);
      f BY y2* (l2);
      f BY y3* (l3);
      f BY y4* (l4);
      f BY y5* (l5);
      f BY y6* (l6);
      f BY y7* (l7);
      f BY y8* (l8);
      f BY y9* (l9);
      f BY y10* (l10);

  y5 ON x1 x2;
  f@1;
  [f@0];

  MODEL CONSTRAINT:
      new (l5_0 l5_1 l5_2);
      l5 = l5_0 + l5_1*x1 + l5_2*x2;




INPUT READING TERMINATED NORMALLY



Test with 10 reps

SUMMARY OF ANALYSIS

Number of groups                                                 1
Number of observations                                         500

Number of dependent variables                                   10
Number of independent variables                                  2
Number of continuous latent variables                            1

Observed dependent variables

  Continuous
   Y1          Y2          Y3          Y4          Y5          Y6
   Y7          Y8          Y9          Y10

Observed independent variables
   X1          X2

Continuous latent variables
   F


Estimator                                                       ML
Information matrix                                        OBSERVED
Maximum number of iterations                                  1000
Convergence criterion                                    0.500D-04
Maximum number of steepest descent iterations                   20

Input data file(s)
  G2_B1_N2_rep21.csv

Input data format  FREE



UNIVARIATE SAMPLE STATISTICS


     UNIVARIATE HIGHER-ORDER MOMENT DESCRIPTIVE STATISTICS

         Variable/         Mean/     Skewness/   Minimum/ % with                Percentiles
        Sample Size      Variance    Kurtosis    Maximum  Min/Max      20%/60%    40%/80%    Median

     Y1                    1.868       0.785       1.000   33.20%       1.000      2.000      2.000
             500.000       0.591       0.825       5.000    0.40%       2.000      2.000
     Y2                    1.824       0.819       1.000   37.40%       1.000      2.000      2.000
             500.000       0.613       0.677       5.000    0.40%       2.000      2.000
     Y3                    3.046       0.102       1.000    2.00%       2.000      3.000      3.000
             500.000       0.692      -0.137       5.000    3.80%       3.000      4.000
     Y4                    3.014      -0.026       1.000    2.80%       2.000      3.000      3.000
             500.000       0.710      -0.257       5.000    2.80%       3.000      4.000
     Y5                    3.020      -0.076       1.000    3.60%       2.000      3.000      3.000
             500.000       0.736      -0.128       5.000    3.20%       3.000      4.000
     Y6                    1.178       2.622       1.000   84.40%       1.000      1.000      1.000
             500.000       0.194       7.280       4.000    0.20%       1.000      1.000
     Y7                    1.198       3.077       1.000   82.80%       1.000      1.000      1.000
             500.000       0.231      13.070       5.000    0.20%       1.000      1.000
     Y8                    1.190       2.782       1.000   83.20%       1.000      1.000      1.000
             500.000       0.210       9.437       4.000    0.60%       1.000      1.000
     Y9                    1.806       0.913       1.000   38.00%       1.000      2.000      2.000
             500.000       0.604       1.131       5.000    0.60%       2.000      2.000
     Y10                   1.762       0.873       1.000   40.00%       1.000      1.000      2.000
             500.000       0.565       0.792       5.000    0.20%       2.000      2.000
     X1                   -0.047       0.007      -3.439    0.20%      -0.840     -0.320     -0.088
             500.000       0.953      -0.074       2.408    0.20%       0.197      0.839
     X2                    0.478       0.088       0.000   52.20%       0.000      0.000      0.000
             500.000       0.250      -1.992       1.000   47.80%       1.000      1.000


THE MODEL ESTIMATION TERMINATED NORMALLY



MODEL FIT INFORMATION

Number of Free Parameters                       34

Loglikelihood

          H0 Value                       -4093.651

Information Criteria

          Akaike (AIC)                    8255.302
          Bayesian (BIC)                  8398.599
          Sample-Size Adjusted BIC        8290.681
            (n* = (n + 2) / 24)



MODEL RESULTS

                                                    Two-Tailed
                    Estimate       S.E.  Est./S.E.    P-Value

 F        BY
    Y1                 0.527      0.031     16.826      0.000
    Y2                 0.552      0.032     17.438      0.000
    Y3                 0.623      0.033     18.987      0.000
    Y4                 0.633      0.033     19.064      0.000
    Y5               999.000      0.000    999.000    999.000
    Y6                 0.246      0.019     12.961      0.000
    Y7                 0.290      0.020     14.252      0.000
    Y8                 0.273      0.019     14.047      0.000
    Y9                 0.563      0.031     18.128      0.000
    Y10                0.563      0.030     18.986      0.000

 Y5       ON
    X1                 0.035      0.028      1.251      0.211
    X2                 0.081      0.056      1.439      0.150

 Means
    F                  0.000      0.000    999.000    999.000

 Intercepts
    Y1                 1.868      0.034     54.353      0.000
    Y2                 1.824      0.035     52.092      0.000
    Y3                 3.046      0.037     81.884      0.000
    Y4                 3.014      0.038     79.994      0.000
    Y5                 2.992      0.049     61.235      0.000
    Y6                 1.178      0.020     59.755      0.000
    Y7                 1.198      0.021     55.761      0.000
    Y8                 1.190      0.020     58.080      0.000
    Y9                 1.806      0.035     51.946      0.000
    Y10                1.762      0.034     52.400      0.000

 Variances
    F                  1.000      0.000    999.000    999.000

 Residual Variances
    Y1                 0.313      0.022     14.323      0.000
    Y2                 0.309      0.022     14.141      0.000
    Y3                 0.304      0.022     13.652      0.000
    Y4                 0.309      0.023     13.595      0.000
    Y5                 0.336      0.024     13.808      0.000
    Y6                 0.134      0.009     15.045      0.000
    Y7                 0.147      0.010     14.812      0.000
    Y8                 0.135      0.009     14.840      0.000
    Y9                 0.287      0.021     13.929      0.000
    Y10                0.248      0.018     13.655      0.000

New/Additional Parameters
    L5_0               0.697      0.048     14.448      0.000
    L5_1               0.000      0.029     -0.001      0.999
    L5_2              -0.142      0.059     -2.426      0.015


QUALITY OF NUMERICAL RESULTS

     Condition Number for the Information Matrix              0.778E-04
       (ratio of smallest to largest eigenvalue)


     Beginning Time:  05:24:41
        Ending Time:  05:24:43
       Elapsed Time:  00:00:02



MUTHEN & MUTHEN
3463 Stoner Ave.
Los Angeles, CA  90066

Tel: (310) 391-9971
Fax: (310) 391-8971
Web: www.StatModel.com
Support: Support@StatModel.com

Copyright (c) 1998-2019 Muthen & Muthen
