Mplus VERSION 8.3
MUTHEN & MUTHEN
04/24/2024   5:30 AM

INPUT INSTRUCTIONS


  TITLE: Test with 10 reps

  DATA:
  File is
  G2_B1_N2_rep226.csv;

  VARIABLE:
      Names are x1 x2 eta
  	y1 y2 y3 y4 y5 y6 y7 y8 y9 y10;
      Usevariables are y1-y10 x1 x2;
      constraint = x1 x2;

  MODEL:
      f BY y1* (l1);
      f BY y2* (l2);
      f BY y3* (l3);
      f BY y4* (l4);
      f BY y5* (l5);
      f BY y6* (l6);
      f BY y7* (l7);
      f BY y8* (l8);
      f BY y9* (l9);
      f BY y10* (l10);

  y7 ON x1 x2;
  f@1;
  [f@0];

  MODEL CONSTRAINT:
      new (l7_0 l7_1 l7_2);
      l7 = l7_0 + l7_1*x1 + l7_2*x2;




INPUT READING TERMINATED NORMALLY



Test with 10 reps

SUMMARY OF ANALYSIS

Number of groups                                                 1
Number of observations                                         500

Number of dependent variables                                   10
Number of independent variables                                  2
Number of continuous latent variables                            1

Observed dependent variables

  Continuous
   Y1          Y2          Y3          Y4          Y5          Y6
   Y7          Y8          Y9          Y10

Observed independent variables
   X1          X2

Continuous latent variables
   F


Estimator                                                       ML
Information matrix                                        OBSERVED
Maximum number of iterations                                  1000
Convergence criterion                                    0.500D-04
Maximum number of steepest descent iterations                   20

Input data file(s)
  G2_B1_N2_rep226.csv

Input data format  FREE



UNIVARIATE SAMPLE STATISTICS


     UNIVARIATE HIGHER-ORDER MOMENT DESCRIPTIVE STATISTICS

         Variable/         Mean/     Skewness/   Minimum/ % with                Percentiles
        Sample Size      Variance    Kurtosis    Maximum  Min/Max      20%/60%    40%/80%    Median

     Y1                    1.766       1.117       1.000   41.00%       1.000      1.000      2.000
             500.000       0.627       1.719       5.000    0.80%       2.000      2.000
     Y2                    1.762       1.048       1.000   40.20%       1.000      1.000      2.000
             500.000       0.585       1.759       5.000    0.80%       2.000      2.000
     Y3                    3.026      -0.049       1.000    2.60%       2.000      3.000      3.000
             500.000       0.689      -0.234       5.000    2.60%       3.000      4.000
     Y4                    3.006      -0.098       1.000    3.20%       2.000      3.000      3.000
             500.000       0.674      -0.034       5.000    2.40%       3.000      4.000
     Y5                    3.038       0.069       1.000    1.60%       2.000      3.000      3.000
             500.000       0.649      -0.226       5.000    2.80%       3.000      4.000
     Y6                    1.164       2.627       1.000   85.80%       1.000      1.000      1.000
             500.000       0.181       6.428       3.000    2.20%       1.000      1.000
     Y7                    1.188       3.227       1.000   84.20%       1.000      1.000      1.000
             500.000       0.233      13.721       5.000    0.20%       1.000      1.000
     Y8                    1.170       2.847       1.000   84.80%       1.000      1.000      1.000
             500.000       0.185       9.694       4.000    0.40%       1.000      1.000
     Y9                    1.728       0.748       1.000   42.60%       1.000      1.000      2.000
             500.000       0.538       0.292       5.000    0.20%       2.000      2.000
     Y10                   1.734       0.854       1.000   41.80%       1.000      1.000      2.000
             500.000       0.547       0.701       5.000    0.20%       2.000      2.000
     X1                   -0.017      -0.164      -3.129    0.20%      -0.940     -0.282      0.043
             500.000       1.140      -0.075       2.932    0.20%       0.299      0.898
     X2                    0.512      -0.048       0.000   48.80%       0.000      0.000      1.000
             500.000       0.250      -1.998       1.000   51.20%       1.000      1.000


THE MODEL ESTIMATION TERMINATED NORMALLY



MODEL FIT INFORMATION

Number of Free Parameters                       34

Loglikelihood

          H0 Value                       -3924.946

Information Criteria

          Akaike (AIC)                    7917.892
          Bayesian (BIC)                  8061.189
          Sample-Size Adjusted BIC        7953.271
            (n* = (n + 2) / 24)



MODEL RESULTS

                                                    Two-Tailed
                    Estimate       S.E.  Est./S.E.    P-Value

 F        BY
    Y1                 0.587      0.031     18.740      0.000
    Y2                 0.568      0.030     18.785      0.000
    Y3                 0.580      0.034     17.271      0.000
    Y4                 0.582      0.033     17.608      0.000
    Y5                 0.594      0.032     18.606      0.000
    Y6                 0.250      0.018     13.821      0.000
    Y7               999.000      0.000    999.000    999.000
    Y8                 0.261      0.018     14.376      0.000
    Y9                 0.564      0.029     19.734      0.000
    Y10                0.540      0.029     18.367      0.000

 Y7       ON
    X1                 0.006      0.017      0.384      0.701
    X2                -0.013      0.035     -0.373      0.709

 Means
    F                  0.000      0.000    999.000    999.000

 Intercepts
    Y1                 1.766      0.035     49.861      0.000
    Y2                 1.762      0.034     51.497      0.000
    Y3                 3.026      0.037     81.497      0.000
    Y4                 3.006      0.037     81.876      0.000
    Y5                 3.038      0.036     84.353      0.000
    Y6                 1.164      0.019     61.161      0.000
    Y7                 1.186      0.028     42.649      0.000
    Y8                 1.170      0.019     60.809      0.000
    Y9                 1.728      0.033     52.678      0.000
    Y10                1.734      0.033     52.414      0.000

 Variances
    F                  1.000      0.000    999.000    999.000

 Residual Variances
    Y1                 0.283      0.020     13.845      0.000
    Y2                 0.263      0.019     13.808      0.000
    Y3                 0.353      0.025     14.271      0.000
    Y4                 0.336      0.024     14.181      0.000
    Y5                 0.296      0.021     13.862      0.000
    Y6                 0.119      0.008     14.944      0.000
    Y7                 0.140      0.010     14.604      0.000
    Y8                 0.117      0.008     14.866      0.000
    Y9                 0.220      0.016     13.471      0.000
    Y10                0.255      0.018     13.964      0.000

New/Additional Parameters
    L7_0               0.294      0.028     10.564      0.000
    L7_1               0.059      0.017      3.409      0.001
    L7_2               0.002      0.036      0.066      0.948


QUALITY OF NUMERICAL RESULTS

     Condition Number for the Information Matrix              0.607E-04
       (ratio of smallest to largest eigenvalue)


     Beginning Time:  05:30:12
        Ending Time:  05:30:14
       Elapsed Time:  00:00:02



MUTHEN & MUTHEN
3463 Stoner Ave.
Los Angeles, CA  90066

Tel: (310) 391-9971
Fax: (310) 391-8971
Web: www.StatModel.com
Support: Support@StatModel.com

Copyright (c) 1998-2019 Muthen & Muthen
