Mplus VERSION 8.3
MUTHEN & MUTHEN
04/24/2024   5:45 AM

INPUT INSTRUCTIONS


  TITLE: Test with 10 reps

  DATA:
  File is
  G2_B1_N2_rep269.csv;

  VARIABLE:
      Names are x1 x2 eta
  	y1 y2 y3 y4 y5 y6 y7 y8 y9 y10;
      Usevariables are y1-y10 x1 x2;
      constraint = x1 x2;

  MODEL:
      f BY y1* (l1);
      f BY y2* (l2);
      f BY y3* (l3);
      f BY y4* (l4);
      f BY y5* (l5);
      f BY y6* (l6);
      f BY y7* (l7);
      f BY y8* (l8);
      f BY y9* (l9);
      f BY y10* (l10);

  y5 ON x1 x2;
  f@1;
  [f@0];

  MODEL CONSTRAINT:
      new (l5_0 l5_1 l5_2);
      l5 = l5_0 + l5_1*x1 + l5_2*x2;




INPUT READING TERMINATED NORMALLY



Test with 10 reps

SUMMARY OF ANALYSIS

Number of groups                                                 1
Number of observations                                         500

Number of dependent variables                                   10
Number of independent variables                                  2
Number of continuous latent variables                            1

Observed dependent variables

  Continuous
   Y1          Y2          Y3          Y4          Y5          Y6
   Y7          Y8          Y9          Y10

Observed independent variables
   X1          X2

Continuous latent variables
   F


Estimator                                                       ML
Information matrix                                        OBSERVED
Maximum number of iterations                                  1000
Convergence criterion                                    0.500D-04
Maximum number of steepest descent iterations                   20

Input data file(s)
  G2_B1_N2_rep269.csv

Input data format  FREE



UNIVARIATE SAMPLE STATISTICS


     UNIVARIATE HIGHER-ORDER MOMENT DESCRIPTIVE STATISTICS

         Variable/         Mean/     Skewness/   Minimum/ % with                Percentiles
        Sample Size      Variance    Kurtosis    Maximum  Min/Max      20%/60%    40%/80%    Median

     Y1                    1.838       0.908       1.000   38.40%       1.000      2.000      2.000
             500.000       0.680       0.774       5.000    0.60%       2.000      2.000
     Y2                    1.796       0.968       1.000   40.60%       1.000      1.000      2.000
             500.000       0.662       0.835       5.000    0.40%       2.000      2.000
     Y3                    3.068       0.062       1.000    2.00%       2.000      3.000      3.000
             500.000       0.731      -0.336       5.000    4.00%       3.000      4.000
     Y4                    3.016       0.076       1.000    1.80%       2.000      3.000      3.000
             500.000       0.684      -0.364       5.000    2.80%       3.000      4.000
     Y5                    3.044       0.053       1.000    2.60%       2.000      3.000      3.000
             500.000       0.722      -0.119       5.000    4.00%       3.000      4.000
     Y6                    1.170       2.566       1.000   84.40%       1.000      1.000      1.000
             500.000       0.173       7.329       4.000    0.20%       1.000      1.000
     Y7                    1.170       3.330       1.000   84.80%       1.000      1.000      1.000
             500.000       0.193      16.189       5.000    0.20%       1.000      1.000
     Y8                    1.228       2.766       1.000   81.80%       1.000      1.000      1.000
             500.000       0.292       8.495       4.000    1.20%       1.000      1.000
     Y9                    1.858       0.972       1.000   36.40%       1.000      2.000      2.000
             500.000       0.682       1.117       5.000    0.80%       2.000      2.000
     Y10                   1.842       0.999       1.000   38.20%       1.000      2.000      2.000
             500.000       0.701       1.067       5.000    0.80%       2.000      2.000
     X1                   -0.039      -0.147      -2.915    0.20%      -0.863     -0.282     -0.035
             500.000       0.925      -0.094       2.358    0.20%       0.261      0.742
     X2                    0.500       0.000       0.000   50.00%       0.000      0.000      0.500
             500.000       0.250      -2.000       1.000   50.00%       1.000      1.000


THE MODEL ESTIMATION TERMINATED NORMALLY



MODEL FIT INFORMATION

Number of Free Parameters                       34

Loglikelihood

          H0 Value                       -4169.941

Information Criteria

          Akaike (AIC)                    8407.883
          Bayesian (BIC)                  8551.180
          Sample-Size Adjusted BIC        8443.261
            (n* = (n + 2) / 24)



MODEL RESULTS

                                                    Two-Tailed
                    Estimate       S.E.  Est./S.E.    P-Value

 F        BY
    Y1                 0.612      0.033     18.794      0.000
    Y2                 0.597      0.032     18.506      0.000
    Y3                 0.635      0.034     18.799      0.000
    Y4                 0.613      0.033     18.773      0.000
    Y5               999.000      0.000    999.000    999.000
    Y6                 0.241      0.018     13.598      0.000
    Y7                 0.233      0.019     12.277      0.000
    Y8                 0.351      0.022     15.715      0.000
    Y9                 0.622      0.032     19.196      0.000
    Y10                0.614      0.033     18.478      0.000

 Y5       ON
    X1                -0.004      0.027     -0.154      0.878
    X2                 0.002      0.053      0.031      0.975

 Means
    F                  0.000      0.000    999.000    999.000

 Intercepts
    Y1                 1.838      0.037     49.849      0.000
    Y2                 1.796      0.036     49.344      0.000
    Y3                 3.068      0.038     80.218      0.000
    Y4                 3.016      0.037     81.559      0.000
    Y5                 3.041      0.046     66.295      0.000
    Y6                 1.170      0.019     62.881      0.000
    Y7                 1.170      0.020     59.536      0.000
    Y8                 1.228      0.024     50.814      0.000
    Y9                 1.858      0.037     50.314      0.000
    Y10                1.842      0.037     49.193      0.000

 Variances
    F                  1.000      0.000    999.000    999.000

 Residual Variances
    Y1                 0.305      0.022     13.877      0.000
    Y2                 0.306      0.022     13.991      0.000
    Y3                 0.329      0.024     13.897      0.000
    Y4                 0.308      0.022     13.903      0.000
    Y5                 0.299      0.022     13.605      0.000
    Y6                 0.115      0.008     15.025      0.000
    Y7                 0.139      0.009     15.192      0.000
    Y8                 0.169      0.012     14.666      0.000
    Y9                 0.295      0.021     13.764      0.000
    Y10                0.325      0.023     14.007      0.000

New/Additional Parameters
    L5_0               0.628      0.046     13.761      0.000
    L5_1              -0.012      0.030     -0.388      0.698
    L5_2               0.039      0.056      0.696      0.486


QUALITY OF NUMERICAL RESULTS

     Condition Number for the Information Matrix              0.580E-04
       (ratio of smallest to largest eigenvalue)


     Beginning Time:  05:45:29
        Ending Time:  05:45:30
       Elapsed Time:  00:00:01



MUTHEN & MUTHEN
3463 Stoner Ave.
Los Angeles, CA  90066

Tel: (310) 391-9971
Fax: (310) 391-8971
Web: www.StatModel.com
Support: Support@StatModel.com

Copyright (c) 1998-2019 Muthen & Muthen
