Mplus VERSION 8.3
MUTHEN & MUTHEN
04/24/2024   6:06 AM

INPUT INSTRUCTIONS


  TITLE: Test with 10 reps

  DATA:
  File is
  G2_B1_N2_rep320.csv;

  VARIABLE:
      Names are x1 x2 eta
  	y1 y2 y3 y4 y5 y6 y7 y8 y9 y10;
      Usevariables are y1-y10 x1 x2;
      constraint = x1 x2;

  MODEL:
      f BY y1* (l1);
      f BY y2* (l2);
      f BY y3* (l3);
      f BY y4* (l4);
      f BY y5* (l5);
      f BY y6* (l6);
      f BY y7* (l7);
      f BY y8* (l8);
      f BY y9* (l9);
      f BY y10* (l10);

  y10 ON x1 x2;
  f@1;
  [f@0];

  MODEL CONSTRAINT:
      new (l10_0 l10_1 l10_2);
      l10 = l10_0 + l10_1*x1 + l10_2*x2;




INPUT READING TERMINATED NORMALLY



Test with 10 reps

SUMMARY OF ANALYSIS

Number of groups                                                 1
Number of observations                                         500

Number of dependent variables                                   10
Number of independent variables                                  2
Number of continuous latent variables                            1

Observed dependent variables

  Continuous
   Y1          Y2          Y3          Y4          Y5          Y6
   Y7          Y8          Y9          Y10

Observed independent variables
   X1          X2

Continuous latent variables
   F


Estimator                                                       ML
Information matrix                                        OBSERVED
Maximum number of iterations                                  1000
Convergence criterion                                    0.500D-04
Maximum number of steepest descent iterations                   20

Input data file(s)
  G2_B1_N2_rep320.csv

Input data format  FREE



UNIVARIATE SAMPLE STATISTICS


     UNIVARIATE HIGHER-ORDER MOMENT DESCRIPTIVE STATISTICS

         Variable/         Mean/     Skewness/   Minimum/ % with                Percentiles
        Sample Size      Variance    Kurtosis    Maximum  Min/Max      20%/60%    40%/80%    Median

     Y1                    1.802       0.985       1.000   38.20%       1.000      2.000      2.000
             500.000       0.615       1.307       5.000    0.60%       2.000      2.000
     Y2                    1.824       0.782       1.000   37.00%       1.000      2.000      2.000
             500.000       0.597       0.642       5.000    0.40%       2.000      2.000
     Y3                    3.068       0.045       1.000    1.60%       2.000      3.000      3.000
             500.000       0.679      -0.326       5.000    3.20%       3.000      4.000
     Y4                    3.076      -0.099       1.000    2.60%       2.000      3.000      3.000
             500.000       0.678      -0.067       5.000    3.00%       3.000      4.000
     Y5                    3.064      -0.046       1.000    2.80%       2.000      3.000      3.000
             500.000       0.732      -0.212       5.000    3.60%       3.000      4.000
     Y6                    1.180       3.094       1.000   84.80%       1.000      1.000      1.000
             500.000       0.216      12.619       5.000    0.20%       1.000      1.000
     Y7                    1.190       3.068       1.000   83.60%       1.000      1.000      1.000
             500.000       0.222      12.860       5.000    0.20%       1.000      1.000
     Y8                    1.186       2.551       1.000   82.80%       1.000      1.000      1.000
             500.000       0.187       8.045       4.000    0.40%       1.000      1.000
     Y9                    1.838       0.896       1.000   34.60%       1.000      2.000      2.000
             500.000       0.588       1.141       5.000    0.40%       2.000      2.000
     Y10                   1.824       0.804       1.000   36.80%       1.000      2.000      2.000
             500.000       0.601       0.563       5.000    0.20%       2.000      2.000
     X1                   -0.010      -0.274      -3.053    0.20%      -0.837     -0.184      0.047
             500.000       0.980       0.193       2.544    0.20%       0.273      0.785
     X2                    0.528      -0.112       0.000   47.20%       0.000      0.000      1.000
             500.000       0.249      -1.987       1.000   52.80%       1.000      1.000


THE MODEL ESTIMATION TERMINATED NORMALLY



MODEL FIT INFORMATION

Number of Free Parameters                       34

Loglikelihood

          H0 Value                       -4101.678

Information Criteria

          Akaike (AIC)                    8271.357
          Bayesian (BIC)                  8414.653
          Sample-Size Adjusted BIC        8306.735
            (n* = (n + 2) / 24)



MODEL RESULTS

                                                    Two-Tailed
                    Estimate       S.E.  Est./S.E.    P-Value

 F        BY
    Y1                 0.550      0.032     17.327      0.000
    Y2                 0.553      0.031     17.813      0.000
    Y3                 0.616      0.033     18.909      0.000
    Y4                 0.588      0.033     17.721      0.000
    Y5                 0.632      0.034     18.589      0.000
    Y6                 0.273      0.020     13.776      0.000
    Y7                 0.276      0.020     13.725      0.000
    Y8                 0.246      0.019     13.244      0.000
    Y9                 0.565      0.030     18.529      0.000
    Y10              999.000      0.000    999.000    999.000

 Y10      ON
    X1                 0.024      0.026      0.909      0.363
    X2                 0.017      0.051      0.324      0.746

 Means
    F                  0.000      0.000    999.000    999.000

 Intercepts
    Y1                 1.802      0.035     51.389      0.000
    Y2                 1.824      0.035     52.785      0.000
    Y3                 3.068      0.037     83.231      0.000
    Y4                 3.076      0.037     83.519      0.000
    Y5                 3.064      0.038     80.084      0.000
    Y6                 1.180      0.021     56.825      0.000
    Y7                 1.190      0.021     56.488      0.000
    Y8                 1.186      0.019     61.260      0.000
    Y9                 1.838      0.034     53.608      0.000
    Y10                1.815      0.044     41.136      0.000

 Variances
    F                  1.000      0.000    999.000    999.000

 Residual Variances
    Y1                 0.312      0.022     14.139      0.000
    Y2                 0.291      0.021     13.997      0.000
    Y3                 0.300      0.022     13.621      0.000
    Y4                 0.333      0.024     14.005      0.000
    Y5                 0.332      0.024     13.696      0.000
    Y6                 0.141      0.009     14.888      0.000
    Y7                 0.146      0.010     14.872      0.000
    Y8                 0.127      0.008     14.959      0.000
    Y9                 0.269      0.020     13.763      0.000
    Y10                0.290      0.021     13.989      0.000

New/Additional Parameters
    L10_0              0.557      0.044     12.694      0.000
    L10_1              0.008      0.028      0.284      0.777
    L10_2             -0.007      0.054     -0.128      0.899


QUALITY OF NUMERICAL RESULTS

     Condition Number for the Information Matrix              0.704E-04
       (ratio of smallest to largest eigenvalue)


     Beginning Time:  06:06:13
        Ending Time:  06:06:15
       Elapsed Time:  00:00:02



MUTHEN & MUTHEN
3463 Stoner Ave.
Los Angeles, CA  90066

Tel: (310) 391-9971
Fax: (310) 391-8971
Web: www.StatModel.com
Support: Support@StatModel.com

Copyright (c) 1998-2019 Muthen & Muthen
