Mplus VERSION 8.3
MUTHEN & MUTHEN
04/24/2024   6:16 AM

INPUT INSTRUCTIONS


  TITLE: Test with 10 reps

  DATA:
  File is
  G2_B1_N2_rep344.csv;

  VARIABLE:
      Names are x1 x2 eta
  	y1 y2 y3 y4 y5 y6 y7 y8 y9 y10;
      Usevariables are y1-y10 x1 x2;
      constraint = x1 x2;

  MODEL:
      f BY y1* (l1);
      f BY y2* (l2);
      f BY y3* (l3);
      f BY y4* (l4);
      f BY y5* (l5);
      f BY y6* (l6);
      f BY y7* (l7);
      f BY y8* (l8);
      f BY y9* (l9);
      f BY y10* (l10);

  y2 ON x1 x2;
  f@1;
  [f@0];

  MODEL CONSTRAINT:
      new (l2_0 l2_1 l2_2);
      l2 = l2_0 + l2_1*x1 + l2_2*x2;




INPUT READING TERMINATED NORMALLY



Test with 10 reps

SUMMARY OF ANALYSIS

Number of groups                                                 1
Number of observations                                         500

Number of dependent variables                                   10
Number of independent variables                                  2
Number of continuous latent variables                            1

Observed dependent variables

  Continuous
   Y1          Y2          Y3          Y4          Y5          Y6
   Y7          Y8          Y9          Y10

Observed independent variables
   X1          X2

Continuous latent variables
   F


Estimator                                                       ML
Information matrix                                        OBSERVED
Maximum number of iterations                                  1000
Convergence criterion                                    0.500D-04
Maximum number of steepest descent iterations                   20

Input data file(s)
  G2_B1_N2_rep344.csv

Input data format  FREE



UNIVARIATE SAMPLE STATISTICS


     UNIVARIATE HIGHER-ORDER MOMENT DESCRIPTIVE STATISTICS

         Variable/         Mean/     Skewness/   Minimum/ % with                Percentiles
        Sample Size      Variance    Kurtosis    Maximum  Min/Max      20%/60%    40%/80%    Median

     Y1                    1.754       0.923       1.000   40.20%       1.000      1.000      2.000
             500.000       0.557       1.164       5.000    0.40%       2.000      2.000
     Y2                    1.794       0.587       1.000   34.60%       1.000      2.000      2.000
             500.000       0.476       0.298       4.000    1.60%       2.000      2.000
     Y3                    3.080      -0.033       1.000    1.40%       2.000      3.000      3.000
             500.000       0.594      -0.122       5.000    2.20%       3.000      4.000
     Y4                    3.082      -0.109       1.000    1.80%       3.000      3.000      3.000
             500.000       0.571       0.145       5.000    2.00%       3.000      4.000
     Y5                    3.098      -0.042       1.000    1.20%       2.000      3.000      3.000
             500.000       0.600      -0.251       5.000    2.20%       3.000      4.000
     Y6                    1.152       3.104       1.000   86.40%       1.000      1.000      1.000
             500.000       0.169      11.760       4.000    0.40%       1.000      1.000
     Y7                    1.136       2.503       1.000   87.00%       1.000      1.000      1.000
             500.000       0.130       5.457       3.000    0.60%       1.000      1.000
     Y8                    1.146       3.213       1.000   87.00%       1.000      1.000      1.000
             500.000       0.165      12.599       4.000    0.40%       1.000      1.000
     Y9                    1.786       0.699       1.000   36.80%       1.000      2.000      2.000
             500.000       0.516       0.572       5.000    0.20%       2.000      2.000
     Y10                   1.746       0.633       1.000   37.80%       1.000      2.000      2.000
             500.000       0.465       0.314       4.000    1.40%       2.000      2.000
     X1                   -0.064       0.044      -3.010    0.20%      -0.913     -0.335     -0.072
             500.000       0.883      -0.277       2.726    0.20%       0.173      0.740
     X2                    0.462       0.152       0.000   53.80%       0.000      0.000      0.000
             500.000       0.249      -1.977       1.000   46.20%       1.000      1.000


THE MODEL ESTIMATION TERMINATED NORMALLY



MODEL FIT INFORMATION

Number of Free Parameters                       34

Loglikelihood

          H0 Value                       -3647.043

Information Criteria

          Akaike (AIC)                    7362.086
          Bayesian (BIC)                  7505.383
          Sample-Size Adjusted BIC        7397.465
            (n* = (n + 2) / 24)



MODEL RESULTS

                                                    Two-Tailed
                    Estimate       S.E.  Est./S.E.    P-Value

 F        BY
    Y1                 0.530      0.030     17.551      0.000
    Y2               999.000      0.000    999.000    999.000
    Y3                 0.577      0.031     18.893      0.000
    Y4                 0.528      0.031     17.153      0.000
    Y5                 0.574      0.031     18.614      0.000
    Y6                 0.209      0.018     11.599      0.000
    Y7                 0.188      0.016     11.925      0.000
    Y8                 0.215      0.018     12.158      0.000
    Y9                 0.515      0.029     17.784      0.000
    Y10                0.486      0.028     17.614      0.000

 Y2       ON
    X1                 0.011      0.024      0.459      0.646
    X2                 0.053      0.046      1.163      0.245

 Means
    F                  0.000      0.000    999.000    999.000

 Intercepts
    Y1                 1.754      0.033     52.529      0.000
    Y2                 1.767      0.037     48.372      0.000
    Y3                 3.080      0.034     89.390      0.000
    Y4                 3.082      0.034     91.179      0.000
    Y5                 3.098      0.035     89.402      0.000
    Y6                 1.152      0.018     62.680      0.000
    Y7                 1.136      0.016     70.586      0.000
    Y8                 1.146      0.018     63.146      0.000
    Y9                 1.786      0.032     55.585      0.000
    Y10                1.746      0.031     57.224      0.000

 Variances
    F                  1.000      0.000    999.000    999.000

 Residual Variances
    Y1                 0.276      0.020     13.936      0.000
    Y2                 0.230      0.017     13.890      0.000
    Y3                 0.260      0.019     13.415      0.000
    Y4                 0.293      0.021     14.064      0.000
    Y5                 0.271      0.020     13.553      0.000
    Y6                 0.125      0.008     15.169      0.000
    Y7                 0.094      0.006     15.124      0.000
    Y8                 0.118      0.008     15.083      0.000
    Y9                 0.251      0.018     13.852      0.000
    Y10                0.229      0.017     13.871      0.000

New/Additional Parameters
    L2_0               0.465      0.036     12.849      0.000
    L2_1               0.025      0.025      1.013      0.311
    L2_2               0.057      0.048      1.184      0.237


QUALITY OF NUMERICAL RESULTS

     Condition Number for the Information Matrix              0.384E-04
       (ratio of smallest to largest eigenvalue)


     Beginning Time:  06:16:27
        Ending Time:  06:16:30
       Elapsed Time:  00:00:03



MUTHEN & MUTHEN
3463 Stoner Ave.
Los Angeles, CA  90066

Tel: (310) 391-9971
Fax: (310) 391-8971
Web: www.StatModel.com
Support: Support@StatModel.com

Copyright (c) 1998-2019 Muthen & Muthen
