Mplus VERSION 8.3
MUTHEN & MUTHEN
04/24/2024   6:40 AM

INPUT INSTRUCTIONS


  TITLE: Test with 10 reps

  DATA:
  File is
  G2_B1_N2_rep396.csv;

  VARIABLE:
      Names are x1 x2 eta
  	y1 y2 y3 y4 y5 y6 y7 y8 y9 y10;
      Usevariables are y1-y10 x1 x2;
      constraint = x1 x2;

  MODEL:
      f BY y1* (l1);
      f BY y2* (l2);
      f BY y3* (l3);
      f BY y4* (l4);
      f BY y5* (l5);
      f BY y6* (l6);
      f BY y7* (l7);
      f BY y8* (l8);
      f BY y9* (l9);
      f BY y10* (l10);

  y8 ON x1 x2;
  f@1;
  [f@0];

  MODEL CONSTRAINT:
      new (l8_0 l8_1 l8_2);
      l8 = l8_0 + l8_1*x1 + l8_2*x2;




INPUT READING TERMINATED NORMALLY



Test with 10 reps

SUMMARY OF ANALYSIS

Number of groups                                                 1
Number of observations                                         500

Number of dependent variables                                   10
Number of independent variables                                  2
Number of continuous latent variables                            1

Observed dependent variables

  Continuous
   Y1          Y2          Y3          Y4          Y5          Y6
   Y7          Y8          Y9          Y10

Observed independent variables
   X1          X2

Continuous latent variables
   F


Estimator                                                       ML
Information matrix                                        OBSERVED
Maximum number of iterations                                  1000
Convergence criterion                                    0.500D-04
Maximum number of steepest descent iterations                   20

Input data file(s)
  G2_B1_N2_rep396.csv

Input data format  FREE



UNIVARIATE SAMPLE STATISTICS


     UNIVARIATE HIGHER-ORDER MOMENT DESCRIPTIVE STATISTICS

         Variable/         Mean/     Skewness/   Minimum/ % with                Percentiles
        Sample Size      Variance    Kurtosis    Maximum  Min/Max      20%/60%    40%/80%    Median

     Y1                    1.792       0.964       1.000   36.80%       1.000      2.000      2.000
             500.000       0.557       1.629       5.000    0.60%       2.000      2.000
     Y2                    1.814       0.854       1.000   36.00%       1.000      2.000      2.000
             500.000       0.567       1.058       5.000    0.40%       2.000      2.000
     Y3                    3.074       0.101       1.000    1.20%       2.000      3.000      3.000
             500.000       0.605      -0.045       5.000    3.00%       3.000      4.000
     Y4                    3.072       0.070       1.000    1.80%       2.000      3.000      3.000
             500.000       0.619       0.183       5.000    3.40%       3.000      4.000
     Y5                    3.076       0.033       1.000    1.20%       2.000      3.000      3.000
             500.000       0.582      -0.064       5.000    2.40%       3.000      4.000
     Y6                    1.156       3.070       1.000   86.20%       1.000      1.000      1.000
             500.000       0.176      11.283       4.000    0.40%       1.000      1.000
     Y7                    1.198       2.978       1.000   83.20%       1.000      1.000      1.000
             500.000       0.235      11.746       5.000    0.20%       1.000      1.000
     Y8                    1.192       3.029       1.000   83.20%       1.000      1.000      1.000
             500.000       0.219      12.817       5.000    0.20%       1.000      1.000
     Y9                    1.802       0.983       1.000   37.20%       1.000      2.000      2.000
             500.000       0.595       1.302       5.000    0.40%       2.000      2.000
     Y10                   1.840       0.841       1.000   34.80%       1.000      2.000      2.000
             500.000       0.586       0.964       5.000    0.40%       2.000      2.000
     X1                   -0.079       0.068      -3.363    0.20%      -0.965     -0.337     -0.065
             500.000       0.959      -0.040       3.144    0.20%       0.132      0.743
     X2                    0.510      -0.040       0.000   49.00%       0.000      0.000      1.000
             500.000       0.250      -1.998       1.000   51.00%       1.000      1.000


THE MODEL ESTIMATION TERMINATED NORMALLY



MODEL FIT INFORMATION

Number of Free Parameters                       34

Loglikelihood

          H0 Value                       -3903.524

Information Criteria

          Akaike (AIC)                    7875.049
          Bayesian (BIC)                  8018.345
          Sample-Size Adjusted BIC        7910.427
            (n* = (n + 2) / 24)



MODEL RESULTS

                                                    Two-Tailed
                    Estimate       S.E.  Est./S.E.    P-Value

 F        BY
    Y1                 0.534      0.030     17.818      0.000
    Y2                 0.560      0.030     18.781      0.000
    Y3                 0.573      0.031     18.570      0.000
    Y4                 0.594      0.031     19.239      0.000
    Y5                 0.528      0.031     17.042      0.000
    Y6                 0.264      0.018     15.069      0.000
    Y7                 0.286      0.021     13.892      0.000
    Y8               999.000      0.000    999.000    999.000
    Y9                 0.545      0.031     17.551      0.000
    Y10                0.545      0.031     17.713      0.000

 Y8       ON
    X1                 0.005      0.017      0.280      0.780
    X2                 0.012      0.033      0.352      0.725

 Means
    F                  0.000      0.000    999.000    999.000

 Intercepts
    Y1                 1.792      0.033     53.703      0.000
    Y2                 1.814      0.034     53.849      0.000
    Y3                 3.074      0.035     88.406      0.000
    Y4                 3.072      0.035     87.322      0.000
    Y5                 3.076      0.034     90.142      0.000
    Y6                 1.156      0.019     61.674      0.000
    Y7                 1.198      0.022     55.284      0.000
    Y8                 1.175      0.026     44.946      0.000
    Y9                 1.802      0.034     52.246      0.000
    Y10                1.840      0.034     53.729      0.000

 Variances
    F                  1.000      0.000    999.000    999.000

 Residual Variances
    Y1                 0.272      0.019     14.073      0.000
    Y2                 0.254      0.018     13.757      0.000
    Y3                 0.276      0.020     13.815      0.000
    Y4                 0.265      0.020     13.590      0.000
    Y5                 0.303      0.021     14.280      0.000
    Y6                 0.106      0.007     14.696      0.000
    Y7                 0.153      0.010     14.905      0.000
    Y8                 0.126      0.009     14.544      0.000
    Y9                 0.297      0.021     14.155      0.000
    Y10                0.289      0.020     14.103      0.000

New/Additional Parameters
    L8_0               0.264      0.027      9.812      0.000
    L8_1               0.062      0.018      3.469      0.001
    L8_2               0.054      0.035      1.555      0.120


QUALITY OF NUMERICAL RESULTS

     Condition Number for the Information Matrix              0.507E-04
       (ratio of smallest to largest eigenvalue)


     Beginning Time:  06:40:27
        Ending Time:  06:40:30
       Elapsed Time:  00:00:03



MUTHEN & MUTHEN
3463 Stoner Ave.
Los Angeles, CA  90066

Tel: (310) 391-9971
Fax: (310) 391-8971
Web: www.StatModel.com
Support: Support@StatModel.com

Copyright (c) 1998-2019 Muthen & Muthen
