Mplus VERSION 8.3
MUTHEN & MUTHEN
04/24/2024   6:30 AM

INPUT INSTRUCTIONS


  TITLE: Test with 10 reps

  DATA:
  File is
  G2_B1_N2_rep376.csv;

  VARIABLE:
      Names are x1 x2 eta
  	y1 y2 y3 y4 y5 y6 y7 y8 y9 y10;
      Usevariables are y1-y10 x1 x2;
      constraint = x1 x2;

  MODEL:
      f BY y1* (l1);
      f BY y2* (l2);
      f BY y3* (l3);
      f BY y4* (l4);
      f BY y5* (l5);
      f BY y6* (l6);
      f BY y7* (l7);
      f BY y8* (l8);
      f BY y9* (l9);
      f BY y10* (l10);

  y1 ON x1 x2;
  f@1;
  [f@0];

  MODEL CONSTRAINT:
      new (l1_0 l1_1 l1_2);
      l1 = l1_0 + l1_1*x1 + l1_2*x2;




INPUT READING TERMINATED NORMALLY



Test with 10 reps

SUMMARY OF ANALYSIS

Number of groups                                                 1
Number of observations                                         500

Number of dependent variables                                   10
Number of independent variables                                  2
Number of continuous latent variables                            1

Observed dependent variables

  Continuous
   Y1          Y2          Y3          Y4          Y5          Y6
   Y7          Y8          Y9          Y10

Observed independent variables
   X1          X2

Continuous latent variables
   F


Estimator                                                       ML
Information matrix                                        OBSERVED
Maximum number of iterations                                  1000
Convergence criterion                                    0.500D-04
Maximum number of steepest descent iterations                   20

Input data file(s)
  G2_B1_N2_rep376.csv

Input data format  FREE



UNIVARIATE SAMPLE STATISTICS


     UNIVARIATE HIGHER-ORDER MOMENT DESCRIPTIVE STATISTICS

         Variable/         Mean/     Skewness/   Minimum/ % with                Percentiles
        Sample Size      Variance    Kurtosis    Maximum  Min/Max      20%/60%    40%/80%    Median

     Y1                    1.774       0.824       1.000   39.20%       1.000      2.000      2.000
             500.000       0.559       0.853       5.000    0.40%       2.000      2.000
     Y2                    1.788       0.914       1.000   39.80%       1.000      2.000      2.000
             500.000       0.615       0.875       5.000    0.40%       2.000      2.000
     Y3                    3.050       0.049       1.000    2.00%       2.000      3.000      3.000
             500.000       0.700      -0.274       5.000    3.40%       3.000      4.000
     Y4                    3.020      -0.037       1.000    2.60%       2.000      3.000      3.000
             500.000       0.684      -0.201       5.000    2.60%       3.000      4.000
     Y5                    3.022      -0.109       1.000    2.60%       2.000      3.000      3.000
             500.000       0.646      -0.118       5.000    2.00%       3.000      4.000
     Y6                    1.156       3.070       1.000   86.20%       1.000      1.000      1.000
             500.000       0.176      11.283       4.000    0.40%       1.000      1.000
     Y7                    1.178       2.459       1.000   83.60%       1.000      1.000      1.000
             500.000       0.178       6.664       4.000    0.20%       1.000      1.000
     Y8                    1.166       2.623       1.000   84.80%       1.000      1.000      1.000
             500.000       0.170       7.689       4.000    0.20%       1.000      1.000
     Y9                    1.790       0.750       1.000   39.40%       1.000      2.000      2.000
             500.000       0.586       0.320       5.000    0.20%       2.000      2.000
     Y10                   1.786       0.828       1.000   40.00%       1.000      1.000      2.000
             500.000       0.600       0.644       5.000    0.40%       2.000      2.000
     X1                   -0.020      -0.009      -3.310    0.20%      -0.867     -0.271     -0.060
             500.000       1.100       0.013       3.432    0.20%       0.225      0.849
     X2                    0.474       0.104       0.000   52.60%       0.000      0.000      0.000
             500.000       0.249      -1.989       1.000   47.40%       1.000      1.000


THE MODEL ESTIMATION TERMINATED NORMALLY



MODEL FIT INFORMATION

Number of Free Parameters                       34

Loglikelihood

          H0 Value                       -3952.304

Information Criteria

          Akaike (AIC)                    7972.608
          Bayesian (BIC)                  8115.905
          Sample-Size Adjusted BIC        8007.986
            (n* = (n + 2) / 24)



MODEL RESULTS

                                                    Two-Tailed
                    Estimate       S.E.  Est./S.E.    P-Value

 F        BY
    Y1               999.000      0.000    999.000    999.000
    Y2                 0.579      0.031     18.599      0.000
    Y3                 0.625      0.033     18.899      0.000
    Y4                 0.598      0.033     18.042      0.000
    Y5                 0.552      0.033     16.834      0.000
    Y6                 0.194      0.019     10.455      0.000
    Y7                 0.235      0.018     12.936      0.000
    Y8                 0.230      0.018     12.936      0.000
    Y9                 0.581      0.030     19.314      0.000
    Y10                0.572      0.031     18.583      0.000

 Y1       ON
    X1                -0.024      0.023     -1.046      0.295
    X2                 0.120      0.050      2.420      0.016

 Means
    F                  0.000      0.000    999.000    999.000

 Intercepts
    Y1                 1.707      0.038     44.997      0.000
    Y2                 1.788      0.035     50.979      0.000
    Y3                 3.050      0.037     81.544      0.000
    Y4                 3.020      0.037     81.675      0.000
    Y5                 3.022      0.036     84.106      0.000
    Y6                 1.156      0.019     61.674      0.000
    Y7                 1.178      0.019     62.379      0.000
    Y8                 1.166      0.018     63.153      0.000
    Y9                 1.790      0.034     52.291      0.000
    Y10                1.786      0.035     51.549      0.000

 Variances
    F                  1.000      0.000    999.000    999.000

 Residual Variances
    Y1                 0.260      0.019     13.891      0.000
    Y2                 0.279      0.020     13.724      0.000
    Y3                 0.309      0.023     13.617      0.000
    Y4                 0.326      0.023     13.901      0.000
    Y5                 0.341      0.024     14.260      0.000
    Y6                 0.138      0.009     15.333      0.000
    Y7                 0.123      0.008     15.025      0.000
    Y8                 0.118      0.008     15.016      0.000
    Y9                 0.249      0.018     13.473      0.000
    Y10                0.273      0.020     13.724      0.000

New/Additional Parameters
    L1_0               0.441      0.038     11.741      0.000
    L1_1              -0.042      0.023     -1.801      0.072
    L1_2               0.181      0.051      3.522      0.000


QUALITY OF NUMERICAL RESULTS

     Condition Number for the Information Matrix              0.601E-04
       (ratio of smallest to largest eigenvalue)


     Beginning Time:  06:30:41
        Ending Time:  06:30:44
       Elapsed Time:  00:00:03



MUTHEN & MUTHEN
3463 Stoner Ave.
Los Angeles, CA  90066

Tel: (310) 391-9971
Fax: (310) 391-8971
Web: www.StatModel.com
Support: Support@StatModel.com

Copyright (c) 1998-2019 Muthen & Muthen
