Mplus VERSION 8.3
MUTHEN & MUTHEN
04/24/2024   6:21 AM

INPUT INSTRUCTIONS


  TITLE: Test with 10 reps

  DATA:
  File is
  G2_B1_N2_rep355.csv;

  VARIABLE:
      Names are x1 x2 eta
  	y1 y2 y3 y4 y5 y6 y7 y8 y9 y10;
      Usevariables are y1-y10 x1 x2;
      constraint = x1 x2;

  MODEL:
      f BY y1* (l1);
      f BY y2* (l2);
      f BY y3* (l3);
      f BY y4* (l4);
      f BY y5* (l5);
      f BY y6* (l6);
      f BY y7* (l7);
      f BY y8* (l8);
      f BY y9* (l9);
      f BY y10* (l10);

  y5 ON x1 x2;
  f@1;
  [f@0];

  MODEL CONSTRAINT:
      new (l5_0 l5_1 l5_2);
      l5 = l5_0 + l5_1*x1 + l5_2*x2;




INPUT READING TERMINATED NORMALLY



Test with 10 reps

SUMMARY OF ANALYSIS

Number of groups                                                 1
Number of observations                                         500

Number of dependent variables                                   10
Number of independent variables                                  2
Number of continuous latent variables                            1

Observed dependent variables

  Continuous
   Y1          Y2          Y3          Y4          Y5          Y6
   Y7          Y8          Y9          Y10

Observed independent variables
   X1          X2

Continuous latent variables
   F


Estimator                                                       ML
Information matrix                                        OBSERVED
Maximum number of iterations                                  1000
Convergence criterion                                    0.500D-04
Maximum number of steepest descent iterations                   20

Input data file(s)
  G2_B1_N2_rep355.csv

Input data format  FREE



UNIVARIATE SAMPLE STATISTICS


     UNIVARIATE HIGHER-ORDER MOMENT DESCRIPTIVE STATISTICS

         Variable/         Mean/     Skewness/   Minimum/ % with                Percentiles
        Sample Size      Variance    Kurtosis    Maximum  Min/Max      20%/60%    40%/80%    Median

     Y1                    1.766       0.824       1.000   38.60%       1.000      2.000      2.000
             500.000       0.535       0.829       5.000    0.20%       2.000      2.000
     Y2                    1.814       1.121       1.000   37.40%       1.000      2.000      2.000
             500.000       0.639       1.888       5.000    1.00%       2.000      2.000
     Y3                    3.058       0.142       1.000    0.80%       2.000      3.000      3.000
             500.000       0.587      -0.177       5.000    2.60%       3.000      4.000
     Y4                    3.042      -0.099       1.000    2.40%       2.000      3.000      3.000
             500.000       0.612       0.115       5.000    2.20%       3.000      4.000
     Y5                    3.002       0.179       1.000    1.00%       2.000      3.000      3.000
             500.000       0.538       0.183       5.000    2.20%       3.000      4.000
     Y6                    1.158       3.067       1.000   86.20%       1.000      1.000      1.000
             500.000       0.181      11.065       4.000    0.40%       1.000      1.000
     Y7                    1.124       3.679       1.000   89.20%       1.000      1.000      1.000
             500.000       0.149      16.444       4.000    0.40%       1.000      1.000
     Y8                    1.148       3.748       1.000   87.00%       1.000      1.000      1.000
             500.000       0.178      19.995       5.000    0.20%       1.000      1.000
     Y9                    1.778       0.937       1.000   37.80%       1.000      2.000      2.000
             500.000       0.553       1.354       5.000    0.40%       2.000      2.000
     Y10                   1.768       0.915       1.000   41.00%       1.000      1.000      2.000
             500.000       0.602       0.881       5.000    0.40%       2.000      2.000
     X1                    0.007      -0.069      -2.769    0.20%      -0.846     -0.283      0.009
             500.000       1.010      -0.307       2.626    0.20%       0.273      0.887
     X2                    0.496       0.016       0.000   50.40%       0.000      0.000      0.000
             500.000       0.250      -2.000       1.000   49.60%       1.000      1.000


THE MODEL ESTIMATION TERMINATED NORMALLY



MODEL FIT INFORMATION

Number of Free Parameters                       34

Loglikelihood

          H0 Value                       -3658.215

Information Criteria

          Akaike (AIC)                    7384.430
          Bayesian (BIC)                  7527.727
          Sample-Size Adjusted BIC        7419.809
            (n* = (n + 2) / 24)



MODEL RESULTS

                                                    Two-Tailed
                    Estimate       S.E.  Est./S.E.    P-Value

 F        BY
    Y1                 0.529      0.029     18.149      0.000
    Y2                 0.606      0.031     19.383      0.000
    Y3                 0.549      0.031     17.914      0.000
    Y4                 0.560      0.031     17.884      0.000
    Y5               999.000      0.000    999.000    999.000
    Y6                 0.288      0.017     16.533      0.000
    Y7                 0.240      0.016     14.912      0.000
    Y8                 0.265      0.018     15.061      0.000
    Y9                 0.558      0.029     19.095      0.000
    Y10                0.586      0.030     19.305      0.000

 Y5       ON
    X1                -0.020      0.024     -0.824      0.410
    X2                 0.000      0.048      0.001      1.000

 Means
    F                  0.000      0.000    999.000    999.000

 Intercepts
    Y1                 1.766      0.033     53.976      0.000
    Y2                 1.814      0.036     50.726      0.000
    Y3                 3.058      0.034     89.277      0.000
    Y4                 3.042      0.035     86.933      0.000
    Y5                 3.006      0.041     73.603      0.000
    Y6                 1.158      0.019     60.857      0.000
    Y7                 1.124      0.017     65.194      0.000
    Y8                 1.148      0.019     60.827      0.000
    Y9                 1.778      0.033     53.477      0.000
    Y10                1.768      0.035     50.945      0.000

 Variances
    F                  1.000      0.000    999.000    999.000

 Residual Variances
    Y1                 0.255      0.018     14.106      0.000
    Y2                 0.272      0.020     13.718      0.000
    Y3                 0.285      0.020     14.142      0.000
    Y4                 0.298      0.021     14.141      0.000
    Y5                 0.266      0.019     14.195      0.000
    Y6                 0.098      0.007     14.434      0.000
    Y7                 0.091      0.006     14.787      0.000
    Y8                 0.108      0.007     14.772      0.000
    Y9                 0.242      0.017     13.820      0.000
    Y10                0.258      0.019     13.749      0.000

New/Additional Parameters
    L5_0               0.524      0.038     13.608      0.000
    L5_1              -0.028      0.026     -1.050      0.294
    L5_2               0.005      0.051      0.099      0.921


QUALITY OF NUMERICAL RESULTS

     Condition Number for the Information Matrix              0.368E-04
       (ratio of smallest to largest eigenvalue)


     Beginning Time:  06:21:18
        Ending Time:  06:21:20
       Elapsed Time:  00:00:02



MUTHEN & MUTHEN
3463 Stoner Ave.
Los Angeles, CA  90066

Tel: (310) 391-9971
Fax: (310) 391-8971
Web: www.StatModel.com
Support: Support@StatModel.com

Copyright (c) 1998-2019 Muthen & Muthen
