Mplus VERSION 8.3
MUTHEN & MUTHEN
04/24/2024   6:15 AM

INPUT INSTRUCTIONS


  TITLE: Test with 10 reps

  DATA:
  File is
  G2_B1_N2_rep342.csv;

  VARIABLE:
      Names are x1 x2 eta
  	y1 y2 y3 y4 y5 y6 y7 y8 y9 y10;
      Usevariables are y1-y10 x1 x2;
      constraint = x1 x2;

  MODEL:
      f BY y1* (l1);
      f BY y2* (l2);
      f BY y3* (l3);
      f BY y4* (l4);
      f BY y5* (l5);
      f BY y6* (l6);
      f BY y7* (l7);
      f BY y8* (l8);
      f BY y9* (l9);
      f BY y10* (l10);

  y10 ON x1 x2;
  f@1;
  [f@0];

  MODEL CONSTRAINT:
      new (l10_0 l10_1 l10_2);
      l10 = l10_0 + l10_1*x1 + l10_2*x2;




INPUT READING TERMINATED NORMALLY



Test with 10 reps

SUMMARY OF ANALYSIS

Number of groups                                                 1
Number of observations                                         500

Number of dependent variables                                   10
Number of independent variables                                  2
Number of continuous latent variables                            1

Observed dependent variables

  Continuous
   Y1          Y2          Y3          Y4          Y5          Y6
   Y7          Y8          Y9          Y10

Observed independent variables
   X1          X2

Continuous latent variables
   F


Estimator                                                       ML
Information matrix                                        OBSERVED
Maximum number of iterations                                  1000
Convergence criterion                                    0.500D-04
Maximum number of steepest descent iterations                   20

Input data file(s)
  G2_B1_N2_rep342.csv

Input data format  FREE



UNIVARIATE SAMPLE STATISTICS


     UNIVARIATE HIGHER-ORDER MOMENT DESCRIPTIVE STATISTICS

         Variable/         Mean/     Skewness/   Minimum/ % with                Percentiles
        Sample Size      Variance    Kurtosis    Maximum  Min/Max      20%/60%    40%/80%    Median

     Y1                    1.778       0.986       1.000   41.40%       1.000      1.000      2.000
             500.000       0.637       1.213       5.000    0.80%       2.000      2.000
     Y2                    1.790       1.010       1.000   39.00%       1.000      2.000      2.000
             500.000       0.614       1.367       5.000    0.60%       2.000      2.000
     Y3                    3.026      -0.090       1.000    2.80%       2.000      3.000      3.000
             500.000       0.693      -0.253       5.000    2.40%       3.000      4.000
     Y4                    3.120      -0.177       1.000    2.80%       2.000      3.000      3.000
             500.000       0.746      -0.312       5.000    3.40%       3.000      4.000
     Y5                    3.010       0.051       1.000    1.60%       2.000      3.000      3.000
             500.000       0.650      -0.385       5.000    2.20%       3.000      4.000
     Y6                    1.174       2.897       1.000   85.20%       1.000      1.000      1.000
             500.000       0.204       9.401       4.000    0.40%       1.000      1.000
     Y7                    1.186       2.151       1.000   82.80%       1.000      1.000      1.000
             500.000       0.179       3.896       3.000    1.40%       1.000      1.000
     Y8                    1.206       2.511       1.000   82.20%       1.000      1.000      1.000
             500.000       0.228       6.918       4.000    0.40%       1.000      1.000
     Y9                    1.788       1.089       1.000   38.00%       1.000      2.000      2.000
             500.000       0.595       1.918       5.000    0.80%       2.000      2.000
     Y10                   1.796       1.055       1.000   39.20%       1.000      2.000      2.000
             500.000       0.646       1.222       5.000    0.40%       2.000      2.000
     X1                    0.015       0.193      -3.141    0.20%      -0.837     -0.241      0.003
             500.000       0.972       0.659       4.421    0.20%       0.287      0.794
     X2                    0.550      -0.201       0.000   45.00%       0.000      0.000      1.000
             500.000       0.247      -1.960       1.000   55.00%       1.000      1.000


THE MODEL ESTIMATION TERMINATED NORMALLY



MODEL FIT INFORMATION

Number of Free Parameters                       34

Loglikelihood

          H0 Value                       -4104.158

Information Criteria

          Akaike (AIC)                    8276.317
          Bayesian (BIC)                  8419.613
          Sample-Size Adjusted BIC        8311.695
            (n* = (n + 2) / 24)



MODEL RESULTS

                                                    Two-Tailed
                    Estimate       S.E.  Est./S.E.    P-Value

 F        BY
    Y1                 0.610      0.031     19.550      0.000
    Y2                 0.550      0.032     17.371      0.000
    Y3                 0.597      0.033     17.883      0.000
    Y4                 0.617      0.035     17.777      0.000
    Y5                 0.588      0.032     18.301      0.000
    Y6                 0.255      0.019     13.150      0.000
    Y7                 0.233      0.018     12.766      0.000
    Y8                 0.278      0.020     13.670      0.000
    Y9                 0.590      0.030     19.565      0.000
    Y10              999.000      0.000    999.000    999.000

 Y10      ON
    X1                 0.022      0.027      0.819      0.413
    X2                -0.010      0.053     -0.191      0.848

 Means
    F                  0.000      0.000    999.000    999.000

 Intercepts
    Y1                 1.778      0.036     49.825      0.000
    Y2                 1.790      0.035     51.084      0.000
    Y3                 3.026      0.037     81.262      0.000
    Y4                 3.120      0.039     80.795      0.000
    Y5                 3.010      0.036     83.489      0.000
    Y6                 1.174      0.020     58.161      0.000
    Y7                 1.186      0.019     62.611      0.000
    Y8                 1.206      0.021     56.530      0.000
    Y9                 1.788      0.034     51.829      0.000
    Y10                1.796      0.045     39.542      0.000

 Variances
    F                  1.000      0.000    999.000    999.000

 Residual Variances
    Y1                 0.265      0.020     13.445      0.000
    Y2                 0.311      0.022     14.163      0.000
    Y3                 0.337      0.024     14.031      0.000
    Y4                 0.365      0.026     14.039      0.000
    Y5                 0.304      0.022     13.883      0.000
    Y6                 0.139      0.009     15.017      0.000
    Y7                 0.125      0.008     15.082      0.000
    Y8                 0.150      0.010     14.942      0.000
    Y9                 0.247      0.018     13.424      0.000
    Y10                0.306      0.022     13.974      0.000

New/Additional Parameters
    L10_0              0.553      0.046     11.933      0.000
    L10_1              0.029      0.028      1.051      0.293
    L10_2              0.038      0.057      0.666      0.506


QUALITY OF NUMERICAL RESULTS

     Condition Number for the Information Matrix              0.679E-04
       (ratio of smallest to largest eigenvalue)


     Beginning Time:  06:15:34
        Ending Time:  06:15:36
       Elapsed Time:  00:00:02



MUTHEN & MUTHEN
3463 Stoner Ave.
Los Angeles, CA  90066

Tel: (310) 391-9971
Fax: (310) 391-8971
Web: www.StatModel.com
Support: Support@StatModel.com

Copyright (c) 1998-2019 Muthen & Muthen
