Mplus VERSION 8.3
MUTHEN & MUTHEN
04/24/2024   6:28 AM

INPUT INSTRUCTIONS


  TITLE: Test with 10 reps

  DATA:
  File is
  G2_B1_N2_rep372.csv;

  VARIABLE:
      Names are x1 x2 eta
  	y1 y2 y3 y4 y5 y6 y7 y8 y9 y10;
      Usevariables are y1-y10 x1 x2;
      constraint = x1 x2;

  MODEL:
      f BY y1* (l1);
      f BY y2* (l2);
      f BY y3* (l3);
      f BY y4* (l4);
      f BY y5* (l5);
      f BY y6* (l6);
      f BY y7* (l7);
      f BY y8* (l8);
      f BY y9* (l9);
      f BY y10* (l10);

  y1 ON x1 x2;
  f@1;
  [f@0];

  MODEL CONSTRAINT:
      new (l1_0 l1_1 l1_2);
      l1 = l1_0 + l1_1*x1 + l1_2*x2;




INPUT READING TERMINATED NORMALLY



Test with 10 reps

SUMMARY OF ANALYSIS

Number of groups                                                 1
Number of observations                                         500

Number of dependent variables                                   10
Number of independent variables                                  2
Number of continuous latent variables                            1

Observed dependent variables

  Continuous
   Y1          Y2          Y3          Y4          Y5          Y6
   Y7          Y8          Y9          Y10

Observed independent variables
   X1          X2

Continuous latent variables
   F


Estimator                                                       ML
Information matrix                                        OBSERVED
Maximum number of iterations                                  1000
Convergence criterion                                    0.500D-04
Maximum number of steepest descent iterations                   20

Input data file(s)
  G2_B1_N2_rep372.csv

Input data format  FREE



UNIVARIATE SAMPLE STATISTICS


     UNIVARIATE HIGHER-ORDER MOMENT DESCRIPTIVE STATISTICS

         Variable/         Mean/     Skewness/   Minimum/ % with                Percentiles
        Sample Size      Variance    Kurtosis    Maximum  Min/Max      20%/60%    40%/80%    Median

     Y1                    1.810       0.823       1.000   35.60%       1.000      2.000      2.000
             500.000       0.546       1.090       5.000    0.40%       2.000      2.000
     Y2                    1.840       0.766       1.000   36.40%       1.000      2.000      2.000
             500.000       0.610       0.562       5.000    0.40%       2.000      2.000
     Y3                    3.052       0.080       1.000    1.40%       2.000      3.000      3.000
             500.000       0.621      -0.125       5.000    2.80%       3.000      4.000
     Y4                    3.032      -0.106       1.000    1.60%       2.000      3.000      3.000
             500.000       0.611      -0.453       5.000    1.20%       3.000      4.000
     Y5                    3.030      -0.143       1.000    3.40%       2.000      3.000      3.000
             500.000       0.669       0.118       5.000    2.60%       3.000      4.000
     Y6                    1.174       3.431       1.000   85.00%       1.000      1.000      1.000
             500.000       0.212      16.140       5.000    0.20%       1.000      1.000
     Y7                    1.180       2.703       1.000   83.80%       1.000      1.000      1.000
             500.000       0.192       8.726       4.000    0.40%       1.000      1.000
     Y8                    1.170       2.514       1.000   84.20%       1.000      1.000      1.000
             500.000       0.169       7.105       4.000    0.20%       1.000      1.000
     Y9                    1.782       0.729       1.000   38.00%       1.000      2.000      2.000
             500.000       0.542       0.313       4.000    2.40%       2.000      2.000
     Y10                   1.784       0.698       1.000   37.80%       1.000      2.000      2.000
             500.000       0.533       0.428       5.000    0.20%       2.000      2.000
     X1                    0.006      -0.091      -2.617    0.20%      -0.800     -0.248      0.039
             500.000       0.936      -0.218       2.728    0.20%       0.275      0.869
     X2                    0.498       0.008       0.000   50.20%       0.000      0.000      0.000
             500.000       0.250      -2.000       1.000   49.80%       1.000      1.000


THE MODEL ESTIMATION TERMINATED NORMALLY



MODEL FIT INFORMATION

Number of Free Parameters                       34

Loglikelihood

          H0 Value                       -3882.266

Information Criteria

          Akaike (AIC)                    7832.531
          Bayesian (BIC)                  7975.828
          Sample-Size Adjusted BIC        7867.910
            (n* = (n + 2) / 24)



MODEL RESULTS

                                                    Two-Tailed
                    Estimate       S.E.  Est./S.E.    P-Value

 F        BY
    Y1               999.000      0.000    999.000    999.000
    Y2                 0.575      0.031     18.516      0.000
    Y3                 0.595      0.031     19.220      0.000
    Y4                 0.583      0.031     18.842      0.000
    Y5                 0.608      0.032     18.762      0.000
    Y6                 0.250      0.020     12.550      0.000
    Y7                 0.242      0.019     12.831      0.000
    Y8                 0.236      0.018     13.391      0.000
    Y9                 0.523      0.030     17.646      0.000
    Y10                0.524      0.029     17.886      0.000

 Y1       ON
    X1                 0.036      0.025      1.419      0.156
    X2                -0.033      0.049     -0.670      0.503

 Means
    F                  0.000      0.000    999.000    999.000

 Intercepts
    Y1                 1.830      0.043     42.600      0.000
    Y2                 1.840      0.035     52.662      0.000
    Y3                 3.052      0.035     86.581      0.000
    Y4                 3.032      0.035     86.737      0.000
    Y5                 3.030      0.037     82.829      0.000
    Y6                 1.174      0.021     57.052      0.000
    Y7                 1.180      0.020     60.279      0.000
    Y8                 1.170      0.018     63.621      0.000
    Y9                 1.782      0.033     54.101      0.000
    Y10                1.784      0.033     54.623      0.000

 Variances
    F                  1.000      0.000    999.000    999.000

 Residual Variances
    Y1                 0.264      0.019     14.021      0.000
    Y2                 0.280      0.020     13.810      0.000
    Y3                 0.267      0.020     13.566      0.000
    Y4                 0.271      0.020     13.626      0.000
    Y5                 0.299      0.022     13.664      0.000
    Y6                 0.149      0.010     15.074      0.000
    Y7                 0.133      0.009     15.032      0.000
    Y8                 0.113      0.008     14.947      0.000
    Y9                 0.269      0.019     14.079      0.000
    Y10                0.259      0.018     14.015      0.000

New/Additional Parameters
    L1_0               0.587      0.042     14.132      0.000
    L1_1               0.026      0.028      0.926      0.354
    L1_2              -0.117      0.052     -2.257      0.024


QUALITY OF NUMERICAL RESULTS

     Condition Number for the Information Matrix              0.565E-04
       (ratio of smallest to largest eigenvalue)


     Beginning Time:  06:28:56
        Ending Time:  06:29:00
       Elapsed Time:  00:00:04



MUTHEN & MUTHEN
3463 Stoner Ave.
Los Angeles, CA  90066

Tel: (310) 391-9971
Fax: (310) 391-8971
Web: www.StatModel.com
Support: Support@StatModel.com

Copyright (c) 1998-2019 Muthen & Muthen
