Mplus VERSION 8.3
MUTHEN & MUTHEN
04/24/2024   6:27 AM

INPUT INSTRUCTIONS


  TITLE: Test with 10 reps

  DATA:
  File is
  G2_B1_N2_rep37.csv;

  VARIABLE:
      Names are x1 x2 eta
  	y1 y2 y3 y4 y5 y6 y7 y8 y9 y10;
      Usevariables are y1-y10 x1 x2;
      constraint = x1 x2;

  MODEL:
      f BY y1* (l1);
      f BY y2* (l2);
      f BY y3* (l3);
      f BY y4* (l4);
      f BY y5* (l5);
      f BY y6* (l6);
      f BY y7* (l7);
      f BY y8* (l8);
      f BY y9* (l9);
      f BY y10* (l10);

  y8 ON x1 x2;
  f@1;
  [f@0];

  MODEL CONSTRAINT:
      new (l8_0 l8_1 l8_2);
      l8 = l8_0 + l8_1*x1 + l8_2*x2;




INPUT READING TERMINATED NORMALLY



Test with 10 reps

SUMMARY OF ANALYSIS

Number of groups                                                 1
Number of observations                                         500

Number of dependent variables                                   10
Number of independent variables                                  2
Number of continuous latent variables                            1

Observed dependent variables

  Continuous
   Y1          Y2          Y3          Y4          Y5          Y6
   Y7          Y8          Y9          Y10

Observed independent variables
   X1          X2

Continuous latent variables
   F


Estimator                                                       ML
Information matrix                                        OBSERVED
Maximum number of iterations                                  1000
Convergence criterion                                    0.500D-04
Maximum number of steepest descent iterations                   20

Input data file(s)
  G2_B1_N2_rep37.csv

Input data format  FREE



UNIVARIATE SAMPLE STATISTICS


     UNIVARIATE HIGHER-ORDER MOMENT DESCRIPTIVE STATISTICS

         Variable/         Mean/     Skewness/   Minimum/ % with                Percentiles
        Sample Size      Variance    Kurtosis    Maximum  Min/Max      20%/60%    40%/80%    Median

     Y1                    1.846       1.024       1.000   35.80%       1.000      2.000      2.000
             500.000       0.646       1.581       5.000    1.00%       2.000      2.000
     Y2                    1.818       0.961       1.000   36.80%       1.000      2.000      2.000
             500.000       0.609       1.306       5.000    0.60%       2.000      2.000
     Y3                    3.080       0.037       1.000    1.60%       2.000      3.000      3.000
             500.000       0.650      -0.154       5.000    3.20%       3.000      4.000
     Y4                    3.064       0.146       1.000    1.40%       2.000      3.000      3.000
             500.000       0.668      -0.177       5.000    3.80%       3.000      4.000
     Y5                    3.042       0.065       1.000    1.20%       2.000      3.000      3.000
             500.000       0.640      -0.410       5.000    2.40%       3.000      4.000
     Y6                    1.168       2.936       1.000   85.40%       1.000      1.000      1.000
             500.000       0.192       9.970       4.000    0.40%       1.000      1.000
     Y7                    1.190       2.435       1.000   83.00%       1.000      1.000      1.000
             500.000       0.198       6.267       4.000    0.20%       1.000      1.000
     Y8                    1.202       3.405       1.000   83.40%       1.000      1.000      1.000
             500.000       0.265      15.536       5.000    0.40%       1.000      1.000
     Y9                    1.818       0.803       1.000   36.80%       1.000      2.000      2.000
             500.000       0.585       0.772       5.000    0.40%       2.000      2.000
     Y10                   1.796       0.927       1.000   38.80%       1.000      2.000      2.000
             500.000       0.610       0.979       5.000    0.40%       2.000      2.000
     X1                    0.003      -0.104      -3.357    0.20%      -0.850     -0.257     -0.023
             500.000       1.046       0.035       3.534    0.20%       0.296      0.964
     X2                    0.486       0.056       0.000   51.40%       0.000      0.000      0.000
             500.000       0.250      -1.997       1.000   48.60%       1.000      1.000


THE MODEL ESTIMATION TERMINATED NORMALLY



MODEL FIT INFORMATION

Number of Free Parameters                       34

Loglikelihood

          H0 Value                       -4045.125

Information Criteria

          Akaike (AIC)                    8158.250
          Bayesian (BIC)                  8301.547
          Sample-Size Adjusted BIC        8193.629
            (n* = (n + 2) / 24)



MODEL RESULTS

                                                    Two-Tailed
                    Estimate       S.E.  Est./S.E.    P-Value

 F        BY
    Y1                 0.607      0.032     19.221      0.000
    Y2                 0.552      0.031     17.556      0.000
    Y3                 0.584      0.032     18.167      0.000
    Y4                 0.598      0.032     18.402      0.000
    Y5                 0.579      0.032     18.100      0.000
    Y6                 0.266      0.018     14.389      0.000
    Y7                 0.261      0.019     13.829      0.000
    Y8               999.000      0.000    999.000    999.000
    Y9                 0.570      0.030     18.880      0.000
    Y10                0.576      0.031     18.609      0.000

 Y8       ON
    X1                -0.013      0.018     -0.727      0.467
    X2                 0.032      0.038      0.834      0.404

 Means
    F                  0.000      0.000    999.000    999.000

 Intercepts
    Y1                 1.846      0.036     51.346      0.000
    Y2                 1.818      0.035     52.097      0.000
    Y3                 3.080      0.036     85.450      0.000
    Y4                 3.064      0.037     83.833      0.000
    Y5                 3.042      0.036     85.011      0.000
    Y6                 1.168      0.020     59.639      0.000
    Y7                 1.190      0.020     59.815      0.000
    Y8                 1.177      0.028     42.258      0.000
    Y9                 1.818      0.034     53.155      0.000
    Y10                1.796      0.035     51.403      0.000

 Variances
    F                  1.000      0.000    999.000    999.000

 Residual Variances
    Y1                 0.278      0.020     13.623      0.000
    Y2                 0.304      0.021     14.174      0.000
    Y3                 0.308      0.022     13.984      0.000
    Y4                 0.310      0.022     13.922      0.000
    Y5                 0.305      0.022     14.013      0.000
    Y6                 0.121      0.008     14.852      0.000
    Y7                 0.130      0.009     14.935      0.000
    Y8                 0.167      0.011     14.790      0.000
    Y9                 0.260      0.019     13.732      0.000
    Y10                0.278      0.020     13.845      0.000

New/Additional Parameters
    L8_0               0.226      0.030      7.480      0.000
    L8_1              -0.003      0.019     -0.134      0.894
    L8_2               0.139      0.040      3.463      0.001


QUALITY OF NUMERICAL RESULTS

     Condition Number for the Information Matrix              0.654E-04
       (ratio of smallest to largest eigenvalue)


     Beginning Time:  06:27:57
        Ending Time:  06:27:59
       Elapsed Time:  00:00:02



MUTHEN & MUTHEN
3463 Stoner Ave.
Los Angeles, CA  90066

Tel: (310) 391-9971
Fax: (310) 391-8971
Web: www.StatModel.com
Support: Support@StatModel.com

Copyright (c) 1998-2019 Muthen & Muthen
