Mplus VERSION 8.3
MUTHEN & MUTHEN
04/24/2024   6:06 AM

INPUT INSTRUCTIONS


  TITLE: Test with 10 reps

  DATA:
  File is
  G2_B1_N2_rep321.csv;

  VARIABLE:
      Names are x1 x2 eta
  	y1 y2 y3 y4 y5 y6 y7 y8 y9 y10;
      Usevariables are y1-y10 x1 x2;
      constraint = x1 x2;

  MODEL:
      f BY y1* (l1);
      f BY y2* (l2);
      f BY y3* (l3);
      f BY y4* (l4);
      f BY y5* (l5);
      f BY y6* (l6);
      f BY y7* (l7);
      f BY y8* (l8);
      f BY y9* (l9);
      f BY y10* (l10);

  y10 ON x1 x2;
  f@1;
  [f@0];

  MODEL CONSTRAINT:
      new (l10_0 l10_1 l10_2);
      l10 = l10_0 + l10_1*x1 + l10_2*x2;




INPUT READING TERMINATED NORMALLY



Test with 10 reps

SUMMARY OF ANALYSIS

Number of groups                                                 1
Number of observations                                         500

Number of dependent variables                                   10
Number of independent variables                                  2
Number of continuous latent variables                            1

Observed dependent variables

  Continuous
   Y1          Y2          Y3          Y4          Y5          Y6
   Y7          Y8          Y9          Y10

Observed independent variables
   X1          X2

Continuous latent variables
   F


Estimator                                                       ML
Information matrix                                        OBSERVED
Maximum number of iterations                                  1000
Convergence criterion                                    0.500D-04
Maximum number of steepest descent iterations                   20

Input data file(s)
  G2_B1_N2_rep321.csv

Input data format  FREE



UNIVARIATE SAMPLE STATISTICS


     UNIVARIATE HIGHER-ORDER MOMENT DESCRIPTIVE STATISTICS

         Variable/         Mean/     Skewness/   Minimum/ % with                Percentiles
        Sample Size      Variance    Kurtosis    Maximum  Min/Max      20%/60%    40%/80%    Median

     Y1                    1.800       0.954       1.000   39.00%       1.000      2.000      2.000
             500.000       0.624       1.132       5.000    0.60%       2.000      2.000
     Y2                    1.796       0.895       1.000   38.00%       1.000      2.000      2.000
             500.000       0.590       0.850       5.000    0.20%       2.000      2.000
     Y3                    3.094       0.029       1.000    1.20%       2.000      3.000      3.000
             500.000       0.621      -0.222       5.000    2.80%       3.000      4.000
     Y4                    3.112       0.045       1.000    1.20%       2.000      3.000      3.000
             500.000       0.651      -0.276       5.000    3.40%       3.000      4.000
     Y5                    3.074       0.038       1.000    0.60%       2.000      3.000      3.000
             500.000       0.581      -0.478       5.000    1.80%       3.000      4.000
     Y6                    1.164       2.208       1.000   84.40%       1.000      1.000      1.000
             500.000       0.153       3.988       3.000    0.80%       1.000      1.000
     Y7                    1.180       2.220       1.000   83.40%       1.000      1.000      1.000
             500.000       0.176       4.239       3.000    1.40%       1.000      1.000
     Y8                    1.150       2.620       1.000   86.40%       1.000      1.000      1.000
             500.000       0.156       6.434       3.000    1.40%       1.000      1.000
     Y9                    1.826       0.828       1.000   36.60%       1.000      2.000      2.000
             500.000       0.600       0.791       5.000    0.40%       2.000      2.000
     Y10                   1.812       0.736       1.000   35.60%       1.000      2.000      2.000
             500.000       0.537       0.842       5.000    0.40%       2.000      2.000
     X1                    0.032      -0.126      -3.525    0.20%      -0.882     -0.190      0.066
             500.000       1.073      -0.101       2.844    0.20%       0.326      0.909
     X2                    0.500       0.000       0.000   50.00%       0.000      0.000      0.500
             500.000       0.250      -2.000       1.000   50.00%       1.000      1.000


THE MODEL ESTIMATION TERMINATED NORMALLY



MODEL FIT INFORMATION

Number of Free Parameters                       34

Loglikelihood

          H0 Value                       -3718.828

Information Criteria

          Akaike (AIC)                    7505.655
          Bayesian (BIC)                  7648.952
          Sample-Size Adjusted BIC        7541.034
            (n* = (n + 2) / 24)



MODEL RESULTS

                                                    Two-Tailed
                    Estimate       S.E.  Est./S.E.    P-Value

 F        BY
    Y1                 0.594      0.031     19.131      0.000
    Y2                 0.574      0.030     18.964      0.000
    Y3                 0.570      0.031     18.130      0.000
    Y4                 0.592      0.032     18.487      0.000
    Y5                 0.559      0.030     18.470      0.000
    Y6                 0.233      0.017     14.059      0.000
    Y7                 0.253      0.018     14.294      0.000
    Y8                 0.231      0.017     13.764      0.000
    Y9                 0.581      0.030     19.076      0.000
    Y10              999.000      0.000    999.000    999.000

 Y10      ON
    X1                 0.030      0.023      1.330      0.184
    X2                 0.138      0.047      2.917      0.004

 Means
    F                  0.000      0.000    999.000    999.000

 Intercepts
    Y1                 1.800      0.035     50.952      0.000
    Y2                 1.796      0.034     52.267      0.000
    Y3                 3.094      0.035     87.781      0.000
    Y4                 3.112      0.036     86.215      0.000
    Y5                 3.074      0.034     90.215      0.000
    Y6                 1.164      0.017     66.519      0.000
    Y7                 1.180      0.019     62.966      0.000
    Y8                 1.150      0.018     65.211      0.000
    Y9                 1.826      0.035     52.724      0.000
    Y10                1.743      0.040     43.278      0.000

 Variances
    F                  1.000      0.000    999.000    999.000

 Residual Variances
    Y1                 0.271      0.020     13.730      0.000
    Y2                 0.261      0.019     13.785      0.000
    Y3                 0.296      0.021     14.044      0.000
    Y4                 0.301      0.022     13.931      0.000
    Y5                 0.268      0.019     13.922      0.000
    Y6                 0.099      0.007     14.915      0.000
    Y7                 0.112      0.008     14.883      0.000
    Y8                 0.102      0.007     14.953      0.000
    Y9                 0.262      0.019     13.754      0.000
    Y10                0.248      0.018     14.048      0.000

New/Additional Parameters
    L10_0              0.524      0.039     13.417      0.000
    L10_1             -0.015      0.024     -0.638      0.523
    L10_2             -0.004      0.050     -0.090      0.928


QUALITY OF NUMERICAL RESULTS

     Condition Number for the Information Matrix              0.431E-04
       (ratio of smallest to largest eigenvalue)


     Beginning Time:  06:06:37
        Ending Time:  06:06:38
       Elapsed Time:  00:00:01



MUTHEN & MUTHEN
3463 Stoner Ave.
Los Angeles, CA  90066

Tel: (310) 391-9971
Fax: (310) 391-8971
Web: www.StatModel.com
Support: Support@StatModel.com

Copyright (c) 1998-2019 Muthen & Muthen
