Mplus VERSION 8.3
MUTHEN & MUTHEN
04/24/2024   6:22 AM

INPUT INSTRUCTIONS


  TITLE: Test with 10 reps

  DATA:
  File is
  G2_B1_N2_rep359.csv;

  VARIABLE:
      Names are x1 x2 eta
  	y1 y2 y3 y4 y5 y6 y7 y8 y9 y10;
      Usevariables are y1-y10 x1 x2;
      constraint = x1 x2;

  MODEL:
      f BY y1* (l1);
      f BY y2* (l2);
      f BY y3* (l3);
      f BY y4* (l4);
      f BY y5* (l5);
      f BY y6* (l6);
      f BY y7* (l7);
      f BY y8* (l8);
      f BY y9* (l9);
      f BY y10* (l10);

  y4 ON x1 x2;
  f@1;
  [f@0];

  MODEL CONSTRAINT:
      new (l4_0 l4_1 l4_2);
      l4 = l4_0 + l4_1*x1 + l4_2*x2;




INPUT READING TERMINATED NORMALLY



Test with 10 reps

SUMMARY OF ANALYSIS

Number of groups                                                 1
Number of observations                                         500

Number of dependent variables                                   10
Number of independent variables                                  2
Number of continuous latent variables                            1

Observed dependent variables

  Continuous
   Y1          Y2          Y3          Y4          Y5          Y6
   Y7          Y8          Y9          Y10

Observed independent variables
   X1          X2

Continuous latent variables
   F


Estimator                                                       ML
Information matrix                                        OBSERVED
Maximum number of iterations                                  1000
Convergence criterion                                    0.500D-04
Maximum number of steepest descent iterations                   20

Input data file(s)
  G2_B1_N2_rep359.csv

Input data format  FREE



UNIVARIATE SAMPLE STATISTICS


     UNIVARIATE HIGHER-ORDER MOMENT DESCRIPTIVE STATISTICS

         Variable/         Mean/     Skewness/   Minimum/ % with                Percentiles
        Sample Size      Variance    Kurtosis    Maximum  Min/Max      20%/60%    40%/80%    Median

     Y1                    1.866       0.904       1.000   35.40%       1.000      2.000      2.000
             500.000       0.656       1.062       5.000    0.80%       2.000      2.000
     Y2                    1.816       0.904       1.000   37.80%       1.000      2.000      2.000
             500.000       0.618       1.043       5.000    0.60%       2.000      2.000
     Y3                    3.074      -0.078       1.000    1.20%       2.000      3.000      3.000
             500.000       0.605      -0.436       5.000    1.60%       3.000      4.000
     Y4                    3.094      -0.124       1.000    2.40%       2.000      3.000      3.000
             500.000       0.641       0.074       5.000    2.80%       3.000      4.000
     Y5                    3.106      -0.095       1.000    3.00%       2.000      3.000      3.000
             500.000       0.751      -0.159       5.000    4.20%       3.000      4.000
     Y6                    1.194       2.064       1.000   82.00%       1.000      1.000      1.000
             500.000       0.184       3.477       3.000    1.40%       1.000      1.000
     Y7                    1.204       2.402       1.000   81.40%       1.000      1.000      1.000
             500.000       0.206       6.836       4.000    0.40%       1.000      1.000
     Y8                    1.148       3.572       1.000   87.00%       1.000      1.000      1.000
             500.000       0.174      18.216       5.000    0.20%       1.000      1.000
     Y9                    1.846       0.726       1.000   35.00%       1.000      2.000      2.000
             500.000       0.582       0.614       5.000    0.40%       2.000      2.000
     Y10                   1.828       0.993       1.000   36.80%       1.000      2.000      2.000
             500.000       0.626       1.574       5.000    1.00%       2.000      2.000
     X1                    0.036      -0.090      -2.867    0.20%      -0.803     -0.235      0.099
             500.000       0.949      -0.295       2.576    0.20%       0.322      0.872
     X2                    0.526      -0.104       0.000   47.40%       0.000      0.000      1.000
             500.000       0.249      -1.989       1.000   52.60%       1.000      1.000


THE MODEL ESTIMATION TERMINATED NORMALLY



MODEL FIT INFORMATION

Number of Free Parameters                       34

Loglikelihood

          H0 Value                       -3993.660

Information Criteria

          Akaike (AIC)                    8055.319
          Bayesian (BIC)                  8198.616
          Sample-Size Adjusted BIC        8090.698
            (n* = (n + 2) / 24)



MODEL RESULTS

                                                    Two-Tailed
                    Estimate       S.E.  Est./S.E.    P-Value

 F        BY
    Y1                 0.589      0.032     18.223      0.000
    Y2                 0.584      0.031     18.788      0.000
    Y3                 0.572      0.031     18.528      0.000
    Y4               999.000      0.000    999.000    999.000
    Y5                 0.654      0.034     19.201      0.000
    Y6                 0.264      0.018     14.606      0.000
    Y7                 0.268      0.019     13.897      0.000
    Y8                 0.218      0.018     12.039      0.000
    Y9                 0.548      0.031     17.908      0.000
    Y10                0.572      0.032     18.073      0.000

 Y4       ON
    X1                -0.031      0.027     -1.141      0.254
    X2                 0.082      0.053      1.546      0.122

 Means
    F                  0.000      0.000    999.000    999.000

 Intercepts
    Y1                 1.866      0.036     51.515      0.000
    Y2                 1.816      0.035     51.648      0.000
    Y3                 3.074      0.035     88.406      0.000
    Y4                 3.049      0.045     68.282      0.000
    Y5                 3.106      0.039     80.156      0.000
    Y6                 1.194      0.019     62.180      0.000
    Y7                 1.204      0.020     59.262      0.000
    Y8                 1.148      0.019     61.522      0.000
    Y9                 1.846      0.034     54.094      0.000
    Y10                1.828      0.035     51.645      0.000

 Variances
    F                  1.000      0.000    999.000    999.000

 Residual Variances
    Y1                 0.309      0.022     13.926      0.000
    Y2                 0.277      0.020     13.729      0.000
    Y3                 0.277      0.020     13.809      0.000
    Y4                 0.308      0.022     14.046      0.000
    Y5                 0.323      0.024     13.555      0.000
    Y6                 0.115      0.008     14.771      0.000
    Y7                 0.134      0.009     14.884      0.000
    Y8                 0.126      0.008     15.170      0.000
    Y9                 0.282      0.020     14.024      0.000
    Y10                0.299      0.021     13.981      0.000

New/Additional Parameters
    L4_0               0.543      0.045     11.941      0.000
    L4_1              -0.002      0.028     -0.088      0.930
    L4_2               0.049      0.056      0.882      0.378


QUALITY OF NUMERICAL RESULTS

     Condition Number for the Information Matrix              0.589E-04
       (ratio of smallest to largest eigenvalue)


     Beginning Time:  06:22:53
        Ending Time:  06:22:54
       Elapsed Time:  00:00:01



MUTHEN & MUTHEN
3463 Stoner Ave.
Los Angeles, CA  90066

Tel: (310) 391-9971
Fax: (310) 391-8971
Web: www.StatModel.com
Support: Support@StatModel.com

Copyright (c) 1998-2019 Muthen & Muthen
