Mplus VERSION 8.3
MUTHEN & MUTHEN
04/24/2024   6:55 AM

INPUT INSTRUCTIONS


  TITLE: Test with 10 reps

  DATA:
  File is
  G2_B1_N2_rep428.csv;

  VARIABLE:
      Names are x1 x2 eta
  	y1 y2 y3 y4 y5 y6 y7 y8 y9 y10;
      Usevariables are y1-y10 x1 x2;
      constraint = x1 x2;

  MODEL:
      f BY y1* (l1);
      f BY y2* (l2);
      f BY y3* (l3);
      f BY y4* (l4);
      f BY y5* (l5);
      f BY y6* (l6);
      f BY y7* (l7);
      f BY y8* (l8);
      f BY y9* (l9);
      f BY y10* (l10);

  y3 ON x1 x2;
  f@1;
  [f@0];

  MODEL CONSTRAINT:
      new (l3_0 l3_1 l3_2);
      l3 = l3_0 + l3_1*x1 + l3_2*x2;




INPUT READING TERMINATED NORMALLY



Test with 10 reps

SUMMARY OF ANALYSIS

Number of groups                                                 1
Number of observations                                         500

Number of dependent variables                                   10
Number of independent variables                                  2
Number of continuous latent variables                            1

Observed dependent variables

  Continuous
   Y1          Y2          Y3          Y4          Y5          Y6
   Y7          Y8          Y9          Y10

Observed independent variables
   X1          X2

Continuous latent variables
   F


Estimator                                                       ML
Information matrix                                        OBSERVED
Maximum number of iterations                                  1000
Convergence criterion                                    0.500D-04
Maximum number of steepest descent iterations                   20

Input data file(s)
  G2_B1_N2_rep428.csv

Input data format  FREE



UNIVARIATE SAMPLE STATISTICS


     UNIVARIATE HIGHER-ORDER MOMENT DESCRIPTIVE STATISTICS

         Variable/         Mean/     Skewness/   Minimum/ % with                Percentiles
        Sample Size      Variance    Kurtosis    Maximum  Min/Max      20%/60%    40%/80%    Median

     Y1                    1.826       0.965       1.000   34.00%       1.000      2.000      2.000
             500.000       0.552       1.928       5.000    0.80%       2.000      2.000
     Y2                    1.776       0.751       1.000   37.00%       1.000      2.000      2.000
             500.000       0.514       0.570       4.000    2.40%       2.000      2.000
     Y3                    3.032      -0.033       1.000    2.00%       2.000      3.000      3.000
             500.000       0.631      -0.151       5.000    2.20%       3.000      4.000
     Y4                    3.008       0.102       1.000    2.00%       2.000      3.000      3.000
             500.000       0.644      -0.005       5.000    3.00%       3.000      4.000
     Y5                    3.032      -0.108       1.000    2.20%       2.000      3.000      3.000
             500.000       0.587       0.107       5.000    1.80%       3.000      4.000
     Y6                    1.168       2.235       1.000   84.20%       1.000      1.000      1.000
             500.000       0.160       4.217       3.000    1.00%       1.000      1.000
     Y7                    1.148       2.849       1.000   86.40%       1.000      1.000      1.000
             500.000       0.154       9.349       4.000    0.20%       1.000      1.000
     Y8                    1.146       3.075       1.000   87.40%       1.000      1.000      1.000
             500.000       0.169      10.340       4.000    0.20%       1.000      1.000
     Y9                    1.800       0.878       1.000   38.40%       1.000      2.000      2.000
             500.000       0.600       0.880       5.000    0.40%       2.000      2.000
     Y10                   1.784       0.929       1.000   37.40%       1.000      2.000      2.000
             500.000       0.549       1.529       5.000    0.60%       2.000      2.000
     X1                   -0.024      -0.160      -3.269    0.20%      -0.828     -0.227      0.016
             500.000       0.909       0.391       3.014    0.20%       0.232      0.749
     X2                    0.488       0.048       0.000   51.20%       0.000      0.000      0.000
             500.000       0.250      -1.998       1.000   48.80%       1.000      1.000


THE MODEL ESTIMATION TERMINATED NORMALLY



MODEL FIT INFORMATION

Number of Free Parameters                       34

Loglikelihood

          H0 Value                       -3826.202

Information Criteria

          Akaike (AIC)                    7720.403
          Bayesian (BIC)                  7863.700
          Sample-Size Adjusted BIC        7755.782
            (n* = (n + 2) / 24)



MODEL RESULTS

                                                    Two-Tailed
                    Estimate       S.E.  Est./S.E.    P-Value

 F        BY
    Y1                 0.531      0.030     17.677      0.000
    Y2                 0.486      0.029     16.498      0.000
    Y3               999.000      0.000    999.000    999.000
    Y4                 0.555      0.033     16.941      0.000
    Y5                 0.560      0.031     18.229      0.000
    Y6                 0.226      0.017     13.081      0.000
    Y7                 0.203      0.017     11.756      0.000
    Y8                 0.244      0.018     13.867      0.000
    Y9                 0.560      0.031     17.984      0.000
    Y10                0.515      0.030     17.038      0.000

 Y3       ON
    X1                 0.027      0.027      1.001      0.317
    X2                 0.049      0.052      0.948      0.343

 Means
    F                  0.000      0.000    999.000    999.000

 Intercepts
    Y1                 1.826      0.033     54.970      0.000
    Y2                 1.776      0.032     55.401      0.000
    Y3                 3.011      0.044     68.064      0.000
    Y4                 3.008      0.036     83.819      0.000
    Y5                 3.032      0.034     88.492      0.000
    Y6                 1.168      0.018     65.339      0.000
    Y7                 1.148      0.018     65.393      0.000
    Y8                 1.146      0.018     62.392      0.000
    Y9                 1.800      0.035     51.962      0.000
    Y10                1.784      0.033     53.822      0.000

 Variances
    F                  1.000      0.000    999.000    999.000

 Residual Variances
    Y1                 0.270      0.020     13.836      0.000
    Y2                 0.277      0.020     14.200      0.000
    Y3                 0.295      0.022     13.648      0.000
    Y4                 0.335      0.024     14.073      0.000
    Y5                 0.273      0.020     13.610      0.000
    Y6                 0.109      0.007     14.911      0.000
    Y7                 0.113      0.007     15.099      0.000
    Y8                 0.109      0.007     14.742      0.000
    Y9                 0.286      0.021     13.735      0.000
    Y10                0.284      0.020     14.025      0.000

New/Additional Parameters
    L3_0               0.591      0.042     14.072      0.000
    L3_1              -0.012      0.028     -0.443      0.658
    L3_2              -0.036      0.055     -0.652      0.514


QUALITY OF NUMERICAL RESULTS

     Condition Number for the Information Matrix              0.518E-04
       (ratio of smallest to largest eigenvalue)


     Beginning Time:  06:55:52
        Ending Time:  06:55:55
       Elapsed Time:  00:00:03



MUTHEN & MUTHEN
3463 Stoner Ave.
Los Angeles, CA  90066

Tel: (310) 391-9971
Fax: (310) 391-8971
Web: www.StatModel.com
Support: Support@StatModel.com

Copyright (c) 1998-2019 Muthen & Muthen
