Mplus VERSION 8.3
MUTHEN & MUTHEN
04/24/2024   7:10 AM

INPUT INSTRUCTIONS


  TITLE: Test with 10 reps

  DATA:
  File is
  G2_B1_N2_rep455.csv;

  VARIABLE:
      Names are x1 x2 eta
  	y1 y2 y3 y4 y5 y6 y7 y8 y9 y10;
      Usevariables are y1-y10 x1 x2;
      constraint = x1 x2;

  MODEL:
      f BY y1* (l1);
      f BY y2* (l2);
      f BY y3* (l3);
      f BY y4* (l4);
      f BY y5* (l5);
      f BY y6* (l6);
      f BY y7* (l7);
      f BY y8* (l8);
      f BY y9* (l9);
      f BY y10* (l10);

  y9 ON x1 x2;
  f@1;
  [f@0];

  MODEL CONSTRAINT:
      new (l9_0 l9_1 l9_2);
      l9 = l9_0 + l9_1*x1 + l9_2*x2;




INPUT READING TERMINATED NORMALLY



Test with 10 reps

SUMMARY OF ANALYSIS

Number of groups                                                 1
Number of observations                                         500

Number of dependent variables                                   10
Number of independent variables                                  2
Number of continuous latent variables                            1

Observed dependent variables

  Continuous
   Y1          Y2          Y3          Y4          Y5          Y6
   Y7          Y8          Y9          Y10

Observed independent variables
   X1          X2

Continuous latent variables
   F


Estimator                                                       ML
Information matrix                                        OBSERVED
Maximum number of iterations                                  1000
Convergence criterion                                    0.500D-04
Maximum number of steepest descent iterations                   20

Input data file(s)
  G2_B1_N2_rep455.csv

Input data format  FREE



UNIVARIATE SAMPLE STATISTICS


     UNIVARIATE HIGHER-ORDER MOMENT DESCRIPTIVE STATISTICS

         Variable/         Mean/     Skewness/   Minimum/ % with                Percentiles
        Sample Size      Variance    Kurtosis    Maximum  Min/Max      20%/60%    40%/80%    Median

     Y1                    1.808       1.143       1.000   38.80%       1.000      2.000      2.000
             500.000       0.663       1.898       5.000    1.20%       2.000      2.000
     Y2                    1.886       0.881       1.000   34.00%       1.000      2.000      2.000
             500.000       0.661       0.896       5.000    0.60%       2.000      2.000
     Y3                    3.094       0.061       1.000    1.60%       2.000      3.000      3.000
             500.000       0.677      -0.197       5.000    3.80%       3.000      4.000
     Y4                    3.106      -0.037       1.000    2.60%       2.000      3.000      3.000
             500.000       0.699       0.047       5.000    4.20%       3.000      4.000
     Y5                    3.080      -0.031       1.000    2.60%       2.000      3.000      3.000
             500.000       0.710      -0.095       5.000    3.80%       3.000      4.000
     Y6                    1.200       2.858       1.000   83.20%       1.000      1.000      1.000
             500.000       0.240       9.500       4.000    0.80%       1.000      1.000
     Y7                    1.248       2.475       1.000   79.20%       1.000      1.000      1.000
             500.000       0.286       7.014       4.000    1.00%       1.000      2.000
     Y8                    1.202       2.167       1.000   82.00%       1.000      1.000      1.000
             500.000       0.205       4.015       3.000    2.20%       1.000      1.000
     Y9                    1.882       0.861       1.000   34.00%       1.000      2.000      2.000
             500.000       0.648       0.894       5.000    0.60%       2.000      2.000
     Y10                   1.834       0.721       1.000   36.00%       1.000      2.000      2.000
             500.000       0.582       0.555       5.000    0.40%       2.000      2.000
     X1                    0.048      -0.096      -2.817    0.20%      -0.799     -0.198      0.050
             500.000       1.009      -0.245       2.501    0.20%       0.332      0.911
     X2                    0.502      -0.008       0.000   49.80%       0.000      0.000      1.000
             500.000       0.250      -2.000       1.000   50.20%       1.000      1.000


THE MODEL ESTIMATION TERMINATED NORMALLY



MODEL FIT INFORMATION

Number of Free Parameters                       34

Loglikelihood

          H0 Value                       -4182.941

Information Criteria

          Akaike (AIC)                    8433.882
          Bayesian (BIC)                  8577.178
          Sample-Size Adjusted BIC        8469.260
            (n* = (n + 2) / 24)



MODEL RESULTS

                                                    Two-Tailed
                    Estimate       S.E.  Est./S.E.    P-Value

 F        BY
    Y1                 0.593      0.032     18.278      0.000
    Y2                 0.598      0.032     18.550      0.000
    Y3                 0.610      0.033     18.741      0.000
    Y4                 0.594      0.034     17.693      0.000
    Y5                 0.640      0.033     19.400      0.000
    Y6                 0.305      0.020     14.899      0.000
    Y7                 0.335      0.022     14.958      0.000
    Y8                 0.283      0.019     14.921      0.000
    Y9               999.000      0.000    999.000    999.000
    Y10                0.557      0.030     18.348      0.000

 Y9       ON
    X1                -0.012      0.026     -0.452      0.651
    X2                 0.018      0.052      0.337      0.736

 Means
    F                  0.000      0.000    999.000    999.000

 Intercepts
    Y1                 1.808      0.036     49.646      0.000
    Y2                 1.886      0.036     51.871      0.000
    Y3                 3.094      0.037     84.073      0.000
    Y4                 3.106      0.037     83.085      0.000
    Y5                 3.080      0.038     81.758      0.000
    Y6                 1.200      0.022     54.772      0.000
    Y7                 1.248      0.024     52.136      0.000
    Y8                 1.202      0.020     59.334      0.000
    Y9                 1.882      0.046     40.508      0.000
    Y10                1.834      0.034     53.735      0.000

 Variances
    F                  1.000      0.000    999.000    999.000

 Residual Variances
    Y1                 0.312      0.022     14.002      0.000
    Y2                 0.304      0.022     13.945      0.000
    Y3                 0.305      0.022     13.863      0.000
    Y4                 0.346      0.024     14.197      0.000
    Y5                 0.301      0.022     13.625      0.000
    Y6                 0.147      0.010     14.782      0.000
    Y7                 0.174      0.012     14.769      0.000
    Y8                 0.125      0.008     14.776      0.000
    Y9                 0.299      0.021     13.948      0.000
    Y10                0.273      0.019     14.014      0.000

New/Additional Parameters
    L9_0               0.648      0.044     14.748      0.000
    L9_1              -0.012      0.028     -0.443      0.658
    L9_2              -0.112      0.054     -2.063      0.039


QUALITY OF NUMERICAL RESULTS

     Condition Number for the Information Matrix              0.704E-04
       (ratio of smallest to largest eigenvalue)


     Beginning Time:  07:10:16
        Ending Time:  07:10:19
       Elapsed Time:  00:00:03



MUTHEN & MUTHEN
3463 Stoner Ave.
Los Angeles, CA  90066

Tel: (310) 391-9971
Fax: (310) 391-8971
Web: www.StatModel.com
Support: Support@StatModel.com

Copyright (c) 1998-2019 Muthen & Muthen
