Mplus VERSION 8.3
MUTHEN & MUTHEN
04/24/2024   6:53 AM

INPUT INSTRUCTIONS


  TITLE: Test with 10 reps

  DATA:
  File is
  G2_B1_N2_rep423.csv;

  VARIABLE:
      Names are x1 x2 eta
  	y1 y2 y3 y4 y5 y6 y7 y8 y9 y10;
      Usevariables are y1-y10 x1 x2;
      constraint = x1 x2;

  MODEL:
      f BY y1* (l1);
      f BY y2* (l2);
      f BY y3* (l3);
      f BY y4* (l4);
      f BY y5* (l5);
      f BY y6* (l6);
      f BY y7* (l7);
      f BY y8* (l8);
      f BY y9* (l9);
      f BY y10* (l10);

  y10 ON x1 x2;
  f@1;
  [f@0];

  MODEL CONSTRAINT:
      new (l10_0 l10_1 l10_2);
      l10 = l10_0 + l10_1*x1 + l10_2*x2;




INPUT READING TERMINATED NORMALLY



Test with 10 reps

SUMMARY OF ANALYSIS

Number of groups                                                 1
Number of observations                                         500

Number of dependent variables                                   10
Number of independent variables                                  2
Number of continuous latent variables                            1

Observed dependent variables

  Continuous
   Y1          Y2          Y3          Y4          Y5          Y6
   Y7          Y8          Y9          Y10

Observed independent variables
   X1          X2

Continuous latent variables
   F


Estimator                                                       ML
Information matrix                                        OBSERVED
Maximum number of iterations                                  1000
Convergence criterion                                    0.500D-04
Maximum number of steepest descent iterations                   20

Input data file(s)
  G2_B1_N2_rep423.csv

Input data format  FREE



UNIVARIATE SAMPLE STATISTICS


     UNIVARIATE HIGHER-ORDER MOMENT DESCRIPTIVE STATISTICS

         Variable/         Mean/     Skewness/   Minimum/ % with                Percentiles
        Sample Size      Variance    Kurtosis    Maximum  Min/Max      20%/60%    40%/80%    Median

     Y1                    1.774       1.033       1.000   40.40%       1.000      1.000      2.000
             500.000       0.623       1.215       5.000    0.40%       2.000      2.000
     Y2                    1.804       0.858       1.000   39.00%       1.000      2.000      2.000
             500.000       0.614       0.868       5.000    0.60%       2.000      2.000
     Y3                    3.014      -0.072       1.000    2.80%       2.000      3.000      3.000
             500.000       0.642       0.077       5.000    2.40%       3.000      4.000
     Y4                    3.038       0.094       1.000    2.00%       2.000      3.000      3.000
             500.000       0.697      -0.206       5.000    3.60%       3.000      4.000
     Y5                    3.054      -0.120       1.000    2.20%       2.000      3.000      3.000
             500.000       0.627      -0.111       5.000    2.00%       3.000      4.000
     Y6                    1.150       3.391       1.000   87.00%       1.000      1.000      1.000
             500.000       0.180      14.087       4.000    0.60%       1.000      1.000
     Y7                    1.208       3.548       1.000   83.00%       1.000      1.000      1.000
             500.000       0.281      17.125       5.000    0.60%       1.000      1.000
     Y8                    1.170       3.501       1.000   85.60%       1.000      1.000      1.000
             500.000       0.213      16.423       5.000    0.20%       1.000      1.000
     Y9                    1.796       1.060       1.000   39.40%       1.000      2.000      2.000
             500.000       0.642       1.495       5.000    0.80%       2.000      2.000
     Y10                   1.776       1.100       1.000   41.80%       1.000      1.000      2.000
             500.000       0.662       1.568       5.000    1.00%       2.000      2.000
     X1                   -0.033       0.066      -3.277    0.20%      -0.938     -0.311     -0.019
             500.000       1.021      -0.028       3.391    0.20%       0.232      0.872
     X2                    0.476       0.096       0.000   52.40%       0.000      0.000      0.000
             500.000       0.249      -1.991       1.000   47.60%       1.000      1.000


THE MODEL ESTIMATION TERMINATED NORMALLY



MODEL FIT INFORMATION

Number of Free Parameters                       34

Loglikelihood

          H0 Value                       -3989.918

Information Criteria

          Akaike (AIC)                    8047.836
          Bayesian (BIC)                  8191.133
          Sample-Size Adjusted BIC        8083.215
            (n* = (n + 2) / 24)



MODEL RESULTS

                                                    Two-Tailed
                    Estimate       S.E.  Est./S.E.    P-Value

 F        BY
    Y1                 0.597      0.031     19.350      0.000
    Y2                 0.599      0.030     19.671      0.000
    Y3                 0.556      0.032     17.174      0.000
    Y4                 0.613      0.033     18.580      0.000
    Y5                 0.540      0.032     16.792      0.000
    Y6                 0.257      0.018     14.429      0.000
    Y7                 0.359      0.022     16.612      0.000
    Y8                 0.312      0.019     16.601      0.000
    Y9                 0.592      0.032     18.745      0.000
    Y10              999.000      0.000    999.000    999.000

 Y10      ON
    X1                 0.038      0.024      1.602      0.109
    X2                 0.033      0.048      0.681      0.496

 Means
    F                  0.000      0.000    999.000    999.000

 Intercepts
    Y1                 1.774      0.035     50.260      0.000
    Y2                 1.804      0.035     51.497      0.000
    Y3                 3.014      0.036     84.126      0.000
    Y4                 3.038      0.037     81.395      0.000
    Y5                 3.054      0.035     86.237      0.000
    Y6                 1.150      0.019     60.695      0.000
    Y7                 1.208      0.024     50.981      0.000
    Y8                 1.170      0.021     56.673      0.000
    Y9                 1.796      0.036     50.107      0.000
    Y10                1.770      0.043     40.884      0.000

 Variances
    F                  1.000      0.000    999.000    999.000

 Residual Variances
    Y1                 0.267      0.019     13.820      0.000
    Y2                 0.255      0.019     13.742      0.000
    Y3                 0.333      0.023     14.416      0.000
    Y4                 0.321      0.023     14.079      0.000
    Y5                 0.335      0.023     14.516      0.000
    Y6                 0.113      0.008     14.901      0.000
    Y7                 0.152      0.010     14.497      0.000
    Y8                 0.116      0.008     14.515      0.000
    Y9                 0.291      0.021     14.041      0.000
    Y10                0.240      0.018     13.304      0.000

New/Additional Parameters
    L10_0              0.658      0.040     16.627      0.000
    L10_1             -0.055      0.026     -2.139      0.032
    L10_2             -0.031      0.050     -0.623      0.533


QUALITY OF NUMERICAL RESULTS

     Condition Number for the Information Matrix              0.565E-04
       (ratio of smallest to largest eigenvalue)


     Beginning Time:  06:53:40
        Ending Time:  06:53:41
       Elapsed Time:  00:00:01



MUTHEN & MUTHEN
3463 Stoner Ave.
Los Angeles, CA  90066

Tel: (310) 391-9971
Fax: (310) 391-8971
Web: www.StatModel.com
Support: Support@StatModel.com

Copyright (c) 1998-2019 Muthen & Muthen
