Mplus VERSION 8.3
MUTHEN & MUTHEN
04/24/2024   7:05 AM

INPUT INSTRUCTIONS


  TITLE: Test with 10 reps

  DATA:
  File is
  G2_B1_N2_rep446.csv;

  VARIABLE:
      Names are x1 x2 eta
  	y1 y2 y3 y4 y5 y6 y7 y8 y9 y10;
      Usevariables are y1-y10 x1 x2;
      constraint = x1 x2;

  MODEL:
      f BY y1* (l1);
      f BY y2* (l2);
      f BY y3* (l3);
      f BY y4* (l4);
      f BY y5* (l5);
      f BY y6* (l6);
      f BY y7* (l7);
      f BY y8* (l8);
      f BY y9* (l9);
      f BY y10* (l10);

  y3 ON x1 x2;
  f@1;
  [f@0];

  MODEL CONSTRAINT:
      new (l3_0 l3_1 l3_2);
      l3 = l3_0 + l3_1*x1 + l3_2*x2;




INPUT READING TERMINATED NORMALLY



Test with 10 reps

SUMMARY OF ANALYSIS

Number of groups                                                 1
Number of observations                                         500

Number of dependent variables                                   10
Number of independent variables                                  2
Number of continuous latent variables                            1

Observed dependent variables

  Continuous
   Y1          Y2          Y3          Y4          Y5          Y6
   Y7          Y8          Y9          Y10

Observed independent variables
   X1          X2

Continuous latent variables
   F


Estimator                                                       ML
Information matrix                                        OBSERVED
Maximum number of iterations                                  1000
Convergence criterion                                    0.500D-04
Maximum number of steepest descent iterations                   20

Input data file(s)
  G2_B1_N2_rep446.csv

Input data format  FREE



UNIVARIATE SAMPLE STATISTICS


     UNIVARIATE HIGHER-ORDER MOMENT DESCRIPTIVE STATISTICS

         Variable/         Mean/     Skewness/   Minimum/ % with                Percentiles
        Sample Size      Variance    Kurtosis    Maximum  Min/Max      20%/60%    40%/80%    Median

     Y1                    1.834       0.904       1.000   36.80%       1.000      2.000      2.000
             500.000       0.630       1.019       5.000    0.60%       2.000      2.000
     Y2                    1.792       0.824       1.000   38.80%       1.000      2.000      2.000
             500.000       0.589       0.586       5.000    0.20%       2.000      2.000
     Y3                    3.070       0.019       1.000    1.00%       2.000      3.000      3.000
             500.000       0.577      -0.230       5.000    2.00%       3.000      4.000
     Y4                    3.068      -0.035       1.000    2.00%       2.000      3.000      3.000
             500.000       0.659      -0.178       5.000    2.80%       3.000      4.000
     Y5                    3.104      -0.259       1.000    2.60%       2.000      3.000      3.000
             500.000       0.685      -0.307       5.000    2.00%       3.000      4.000
     Y6                    1.144       3.316       1.000   87.60%       1.000      1.000      1.000
             500.000       0.171      12.918       4.000    0.40%       1.000      1.000
     Y7                    1.190       3.608       1.000   83.80%       1.000      1.000      1.000
             500.000       0.242      18.226       5.000    0.40%       1.000      1.000
     Y8                    1.178       2.243       1.000   83.60%       1.000      1.000      1.000
             500.000       0.174       4.359       3.000    1.40%       1.000      1.000
     Y9                    1.832       0.893       1.000   37.80%       1.000      2.000      2.000
             500.000       0.644       1.015       5.000    0.80%       2.000      2.000
     Y10                   1.808       0.923       1.000   38.40%       1.000      2.000      2.000
             500.000       0.615       1.230       5.000    0.80%       2.000      2.000
     X1                   -0.048       0.001      -2.808    0.20%      -0.835     -0.266     -0.058
             500.000       0.919      -0.096       3.143    0.20%       0.190      0.813
     X2                    0.498       0.008       0.000   50.20%       0.000      0.000      0.000
             500.000       0.250      -2.000       1.000   49.80%       1.000      1.000


THE MODEL ESTIMATION TERMINATED NORMALLY



MODEL FIT INFORMATION

Number of Free Parameters                       34

Loglikelihood

          H0 Value                       -4001.390

Information Criteria

          Akaike (AIC)                    8070.781
          Bayesian (BIC)                  8214.077
          Sample-Size Adjusted BIC        8106.159
            (n* = (n + 2) / 24)



MODEL RESULTS

                                                    Two-Tailed
                    Estimate       S.E.  Est./S.E.    P-Value

 F        BY
    Y1                 0.594      0.031     18.965      0.000
    Y2                 0.584      0.030     19.409      0.000
    Y3               999.000      0.000    999.000    999.000
    Y4                 0.608      0.032     18.983      0.000
    Y5                 0.597      0.033     18.008      0.000
    Y6                 0.214      0.018     11.836      0.000
    Y7                 0.273      0.021     12.920      0.000
    Y8                 0.222      0.018     12.273      0.000
    Y9                 0.601      0.032     18.978      0.000
    Y10                0.579      0.031     18.607      0.000

 Y3       ON
    X1                -0.007      0.027     -0.269      0.788
    X2                 0.028      0.051      0.543      0.587

 Means
    F                  0.000      0.000    999.000    999.000

 Intercepts
    Y1                 1.834      0.036     51.649      0.000
    Y2                 1.792      0.034     52.223      0.000
    Y3                 3.056      0.042     72.373      0.000
    Y4                 3.068      0.036     84.484      0.000
    Y5                 3.104      0.037     83.850      0.000
    Y6                 1.144      0.019     61.813      0.000
    Y7                 1.190      0.022     54.102      0.000
    Y8                 1.178      0.019     63.090      0.000
    Y9                 1.832      0.036     51.056      0.000
    Y10                1.808      0.035     51.546      0.000

 Variances
    F                  1.000      0.000    999.000    999.000

 Residual Variances
    Y1                 0.278      0.020     13.702      0.000
    Y2                 0.248      0.018     13.487      0.000
    Y3                 0.291      0.021     14.161      0.000
    Y4                 0.290      0.021     13.656      0.000
    Y5                 0.329      0.024     13.965      0.000
    Y6                 0.126      0.008     15.185      0.000
    Y7                 0.167      0.011     15.052      0.000
    Y8                 0.125      0.008     15.145      0.000
    Y9                 0.283      0.021     13.685      0.000
    Y10                0.280      0.020     13.815      0.000

New/Additional Parameters
    L3_0               0.518      0.042     12.417      0.000
    L3_1              -0.026      0.027     -0.940      0.347
    L3_2               0.025      0.054      0.470      0.638


QUALITY OF NUMERICAL RESULTS

     Condition Number for the Information Matrix              0.670E-04
       (ratio of smallest to largest eigenvalue)


     Beginning Time:  07:05:14
        Ending Time:  07:05:17
       Elapsed Time:  00:00:03



MUTHEN & MUTHEN
3463 Stoner Ave.
Los Angeles, CA  90066

Tel: (310) 391-9971
Fax: (310) 391-8971
Web: www.StatModel.com
Support: Support@StatModel.com

Copyright (c) 1998-2019 Muthen & Muthen
