Mplus VERSION 8.3
MUTHEN & MUTHEN
04/24/2024   6:49 AM

INPUT INSTRUCTIONS


  TITLE: Test with 10 reps

  DATA:
  File is
  G2_B1_N2_rep414.csv;

  VARIABLE:
      Names are x1 x2 eta
  	y1 y2 y3 y4 y5 y6 y7 y8 y9 y10;
      Usevariables are y1-y10 x1 x2;
      constraint = x1 x2;

  MODEL:
      f BY y1* (l1);
      f BY y2* (l2);
      f BY y3* (l3);
      f BY y4* (l4);
      f BY y5* (l5);
      f BY y6* (l6);
      f BY y7* (l7);
      f BY y8* (l8);
      f BY y9* (l9);
      f BY y10* (l10);

  y7 ON x1 x2;
  f@1;
  [f@0];

  MODEL CONSTRAINT:
      new (l7_0 l7_1 l7_2);
      l7 = l7_0 + l7_1*x1 + l7_2*x2;




INPUT READING TERMINATED NORMALLY



Test with 10 reps

SUMMARY OF ANALYSIS

Number of groups                                                 1
Number of observations                                         500

Number of dependent variables                                   10
Number of independent variables                                  2
Number of continuous latent variables                            1

Observed dependent variables

  Continuous
   Y1          Y2          Y3          Y4          Y5          Y6
   Y7          Y8          Y9          Y10

Observed independent variables
   X1          X2

Continuous latent variables
   F


Estimator                                                       ML
Information matrix                                        OBSERVED
Maximum number of iterations                                  1000
Convergence criterion                                    0.500D-04
Maximum number of steepest descent iterations                   20

Input data file(s)
  G2_B1_N2_rep414.csv

Input data format  FREE



UNIVARIATE SAMPLE STATISTICS


     UNIVARIATE HIGHER-ORDER MOMENT DESCRIPTIVE STATISTICS

         Variable/         Mean/     Skewness/   Minimum/ % with                Percentiles
        Sample Size      Variance    Kurtosis    Maximum  Min/Max      20%/60%    40%/80%    Median

     Y1                    1.888       0.616       1.000   32.80%       1.000      2.000      2.000
             500.000       0.591       0.193       5.000    0.20%       2.000      2.000
     Y2                    1.852       0.754       1.000   33.80%       1.000      2.000      2.000
             500.000       0.570       0.805       5.000    0.40%       2.000      2.000
     Y3                    3.142      -0.077       1.000    1.20%       2.000      3.000      3.000
             500.000       0.646      -0.386       5.000    2.80%       3.000      4.000
     Y4                    3.112       0.051       1.000    1.20%       2.000      3.000      3.000
             500.000       0.643      -0.228       5.000    3.40%       3.000      4.000
     Y5                    3.114      -0.043       1.000    1.20%       2.000      3.000      3.000
             500.000       0.597      -0.182       5.000    2.40%       3.000      4.000
     Y6                    1.192       2.188       1.000   82.60%       1.000      1.000      1.000
             500.000       0.191       4.116       3.000    1.80%       1.000      1.000
     Y7                    1.166       2.330       1.000   84.60%       1.000      1.000      1.000
             500.000       0.162       4.773       3.000    1.20%       1.000      1.000
     Y8                    1.182       2.453       1.000   83.40%       1.000      1.000      1.000
             500.000       0.185       6.543       4.000    0.20%       1.000      1.000
     Y9                    1.802       0.765       1.000   35.40%       1.000      2.000      2.000
             500.000       0.519       1.061       5.000    0.40%       2.000      2.000
     Y10                   1.850       0.804       1.000   35.20%       1.000      2.000      2.000
             500.000       0.603       0.894       5.000    0.60%       2.000      2.000
     X1                   -0.012      -0.062      -2.643    0.20%      -0.829     -0.256      0.021
             500.000       0.997      -0.262       2.701    0.20%       0.269      0.805
     X2                    0.486       0.056       0.000   51.40%       0.000      0.000      0.000
             500.000       0.250      -1.997       1.000   48.60%       1.000      1.000


THE MODEL ESTIMATION TERMINATED NORMALLY



MODEL FIT INFORMATION

Number of Free Parameters                       34

Loglikelihood

          H0 Value                       -3874.802

Information Criteria

          Akaike (AIC)                    7817.603
          Bayesian (BIC)                  7960.900
          Sample-Size Adjusted BIC        7852.982
            (n* = (n + 2) / 24)



MODEL RESULTS

                                                    Two-Tailed
                    Estimate       S.E.  Est./S.E.    P-Value

 F        BY
    Y1                 0.573      0.030     18.802      0.000
    Y2                 0.536      0.030     17.596      0.000
    Y3                 0.583      0.032     18.133      0.000
    Y4                 0.580      0.032     18.051      0.000
    Y5                 0.550      0.031     17.632      0.000
    Y6                 0.248      0.019     13.226      0.000
    Y7               999.000      0.000    999.000    999.000
    Y8                 0.248      0.018     13.441      0.000
    Y9                 0.504      0.029     17.259      0.000
    Y10                0.561      0.031     18.012      0.000

 Y7       ON
    X1                 0.008      0.015      0.520      0.603
    X2                -0.050      0.029     -1.698      0.089

 Means
    F                  0.000      0.000    999.000    999.000

 Intercepts
    Y1                 1.888      0.034     54.894      0.000
    Y2                 1.852      0.034     54.847      0.000
    Y3                 3.142      0.036     87.424      0.000
    Y4                 3.112      0.036     86.749      0.000
    Y5                 3.114      0.035     90.119      0.000
    Y6                 1.192      0.020     60.966      0.000
    Y7                 1.190      0.023     50.974      0.000
    Y8                 1.182      0.019     61.470      0.000
    Y9                 1.802      0.032     55.943      0.000
    Y10                1.850      0.035     53.250      0.000

 Variances
    F                  1.000      0.000    999.000    999.000

 Residual Variances
    Y1                 0.263      0.019     13.627      0.000
    Y2                 0.283      0.020     14.011      0.000
    Y3                 0.305      0.022     13.836      0.000
    Y4                 0.307      0.022     13.870      0.000
    Y5                 0.295      0.021     13.998      0.000
    Y6                 0.129      0.009     14.960      0.000
    Y7                 0.100      0.007     14.716      0.000
    Y8                 0.124      0.008     14.921      0.000
    Y9                 0.265      0.019     14.111      0.000
    Y10                0.289      0.021     13.890      0.000

New/Additional Parameters
    L7_0               0.265      0.022     11.943      0.000
    L7_1               0.007      0.014      0.506      0.613
    L7_2              -0.039      0.031     -1.269      0.205


QUALITY OF NUMERICAL RESULTS

     Condition Number for the Information Matrix              0.451E-04
       (ratio of smallest to largest eigenvalue)


     Beginning Time:  06:49:38
        Ending Time:  06:49:39
       Elapsed Time:  00:00:01



MUTHEN & MUTHEN
3463 Stoner Ave.
Los Angeles, CA  90066

Tel: (310) 391-9971
Fax: (310) 391-8971
Web: www.StatModel.com
Support: Support@StatModel.com

Copyright (c) 1998-2019 Muthen & Muthen
