Mplus VERSION 8.3
MUTHEN & MUTHEN
04/24/2024   6:44 AM

INPUT INSTRUCTIONS


  TITLE: Test with 10 reps

  DATA:
  File is
  G2_B1_N2_rep403.csv;

  VARIABLE:
      Names are x1 x2 eta
  	y1 y2 y3 y4 y5 y6 y7 y8 y9 y10;
      Usevariables are y1-y10 x1 x2;
      constraint = x1 x2;

  MODEL:
      f BY y1* (l1);
      f BY y2* (l2);
      f BY y3* (l3);
      f BY y4* (l4);
      f BY y5* (l5);
      f BY y6* (l6);
      f BY y7* (l7);
      f BY y8* (l8);
      f BY y9* (l9);
      f BY y10* (l10);

  y9 ON x1 x2;
  f@1;
  [f@0];

  MODEL CONSTRAINT:
      new (l9_0 l9_1 l9_2);
      l9 = l9_0 + l9_1*x1 + l9_2*x2;




INPUT READING TERMINATED NORMALLY



Test with 10 reps

SUMMARY OF ANALYSIS

Number of groups                                                 1
Number of observations                                         500

Number of dependent variables                                   10
Number of independent variables                                  2
Number of continuous latent variables                            1

Observed dependent variables

  Continuous
   Y1          Y2          Y3          Y4          Y5          Y6
   Y7          Y8          Y9          Y10

Observed independent variables
   X1          X2

Continuous latent variables
   F


Estimator                                                       ML
Information matrix                                        OBSERVED
Maximum number of iterations                                  1000
Convergence criterion                                    0.500D-04
Maximum number of steepest descent iterations                   20

Input data file(s)
  G2_B1_N2_rep403.csv

Input data format  FREE



UNIVARIATE SAMPLE STATISTICS


     UNIVARIATE HIGHER-ORDER MOMENT DESCRIPTIVE STATISTICS

         Variable/         Mean/     Skewness/   Minimum/ % with                Percentiles
        Sample Size      Variance    Kurtosis    Maximum  Min/Max      20%/60%    40%/80%    Median

     Y1                    1.812       0.721       1.000   36.60%       1.000      2.000      2.000
             500.000       0.561       0.460       5.000    0.20%       2.000      2.000
     Y2                    1.802       0.783       1.000   36.20%       1.000      2.000      2.000
             500.000       0.539       0.965       5.000    0.40%       2.000      2.000
     Y3                    3.076       0.111       1.000    1.60%       2.000      3.000      3.000
             500.000       0.686      -0.195       5.000    4.00%       3.000      4.000
     Y4                    3.044       0.011       1.000    2.00%       2.000      3.000      3.000
             500.000       0.654      -0.140       5.000    2.80%       3.000      4.000
     Y5                    3.098       0.043       1.000    1.80%       2.000      3.000      3.000
             500.000       0.660      -0.031       5.000    3.80%       3.000      4.000
     Y6                    1.204       2.680       1.000   82.60%       1.000      1.000      1.000
             500.000       0.234       8.206       4.000    0.60%       1.000      1.000
     Y7                    1.174       3.439       1.000   85.60%       1.000      1.000      1.000
             500.000       0.224      15.363       5.000    0.20%       1.000      1.000
     Y8                    1.158       3.001       1.000   85.80%       1.000      1.000      1.000
             500.000       0.173      10.991       4.000    0.40%       1.000      1.000
     Y9                    1.778       1.032       1.000   40.00%       1.000      1.000      2.000
             500.000       0.617       1.388       5.000    0.60%       2.000      2.000
     Y10                   1.830       0.870       1.000   36.00%       1.000      2.000      2.000
             500.000       0.601       0.943       5.000    0.40%       2.000      2.000
     X1                   -0.024      -0.039      -2.933    0.20%      -0.824     -0.298     -0.044
             500.000       0.938      -0.162       3.228    0.20%       0.211      0.800
     X2                    0.476       0.096       0.000   52.40%       0.000      0.000      0.000
             500.000       0.249      -1.991       1.000   47.60%       1.000      1.000


THE MODEL ESTIMATION TERMINATED NORMALLY



MODEL FIT INFORMATION

Number of Free Parameters                       34

Loglikelihood

          H0 Value                       -3965.981

Information Criteria

          Akaike (AIC)                    7999.962
          Bayesian (BIC)                  8143.259
          Sample-Size Adjusted BIC        8035.341
            (n* = (n + 2) / 24)



MODEL RESULTS

                                                    Two-Tailed
                    Estimate       S.E.  Est./S.E.    P-Value

 F        BY
    Y1                 0.556      0.030     18.811      0.000
    Y2                 0.561      0.029     19.599      0.000
    Y3                 0.622      0.033     19.116      0.000
    Y4                 0.573      0.033     17.628      0.000
    Y5                 0.603      0.032     18.777      0.000
    Y6                 0.311      0.020     15.498      0.000
    Y7                 0.262      0.020     12.910      0.000
    Y8                 0.227      0.018     12.684      0.000
    Y9               999.000      0.000    999.000    999.000
    Y10                0.562      0.031     18.166      0.000

 Y9       ON
    X1                 0.015      0.026      0.584      0.559
    X2                 0.038      0.050      0.758      0.449

 Means
    F                  0.000      0.000    999.000    999.000

 Intercepts
    Y1                 1.812      0.033     54.112      0.000
    Y2                 1.802      0.033     54.894      0.000
    Y3                 3.076      0.037     83.031      0.000
    Y4                 3.044      0.036     84.163      0.000
    Y5                 3.098      0.036     85.244      0.000
    Y6                 1.204      0.022     55.609      0.000
    Y7                 1.174      0.021     55.500      0.000
    Y8                 1.158      0.019     62.248      0.000
    Y9                 1.763      0.042     42.000      0.000
    Y10                1.830      0.035     52.779      0.000

 Variances
    F                  1.000      0.000    999.000    999.000

 Residual Variances
    Y1                 0.251      0.018     13.849      0.000
    Y2                 0.224      0.017     13.563      0.000
    Y3                 0.299      0.022     13.722      0.000
    Y4                 0.326      0.023     14.199      0.000
    Y5                 0.297      0.021     13.866      0.000
    Y6                 0.137      0.009     14.645      0.000
    Y7                 0.155      0.010     15.089      0.000
    Y8                 0.121      0.008     15.109      0.000
    Y9                 0.277      0.020     13.889      0.000
    Y10                0.286      0.020     14.044      0.000

New/Additional Parameters
    L9_0               0.555      0.040     14.046      0.000
    L9_1              -0.026      0.029     -0.887      0.375
    L9_2               0.048      0.052      0.926      0.355


QUALITY OF NUMERICAL RESULTS

     Condition Number for the Information Matrix              0.634E-04
       (ratio of smallest to largest eigenvalue)


     Beginning Time:  06:44:24
        Ending Time:  06:44:26
       Elapsed Time:  00:00:02



MUTHEN & MUTHEN
3463 Stoner Ave.
Los Angeles, CA  90066

Tel: (310) 391-9971
Fax: (310) 391-8971
Web: www.StatModel.com
Support: Support@StatModel.com

Copyright (c) 1998-2019 Muthen & Muthen
