Mplus VERSION 8.3
MUTHEN & MUTHEN
04/24/2024   7:19 AM

INPUT INSTRUCTIONS


  TITLE: Test with 10 reps

  DATA:
  File is
  G2_B1_N2_rep473.csv;

  VARIABLE:
      Names are x1 x2 eta
  	y1 y2 y3 y4 y5 y6 y7 y8 y9 y10;
      Usevariables are y1-y10 x1 x2;
      constraint = x1 x2;

  MODEL:
      f BY y1* (l1);
      f BY y2* (l2);
      f BY y3* (l3);
      f BY y4* (l4);
      f BY y5* (l5);
      f BY y6* (l6);
      f BY y7* (l7);
      f BY y8* (l8);
      f BY y9* (l9);
      f BY y10* (l10);

  y2 ON x1 x2;
  f@1;
  [f@0];

  MODEL CONSTRAINT:
      new (l2_0 l2_1 l2_2);
      l2 = l2_0 + l2_1*x1 + l2_2*x2;




INPUT READING TERMINATED NORMALLY



Test with 10 reps

SUMMARY OF ANALYSIS

Number of groups                                                 1
Number of observations                                         500

Number of dependent variables                                   10
Number of independent variables                                  2
Number of continuous latent variables                            1

Observed dependent variables

  Continuous
   Y1          Y2          Y3          Y4          Y5          Y6
   Y7          Y8          Y9          Y10

Observed independent variables
   X1          X2

Continuous latent variables
   F


Estimator                                                       ML
Information matrix                                        OBSERVED
Maximum number of iterations                                  1000
Convergence criterion                                    0.500D-04
Maximum number of steepest descent iterations                   20

Input data file(s)
  G2_B1_N2_rep473.csv

Input data format  FREE



UNIVARIATE SAMPLE STATISTICS


     UNIVARIATE HIGHER-ORDER MOMENT DESCRIPTIVE STATISTICS

         Variable/         Mean/     Skewness/   Minimum/ % with                Percentiles
        Sample Size      Variance    Kurtosis    Maximum  Min/Max      20%/60%    40%/80%    Median

     Y1                    1.850       0.825       1.000   34.80%       1.000      2.000      2.000
             500.000       0.607       0.679       5.000    0.20%       2.000      2.000
     Y2                    1.796       1.141       1.000   38.00%       1.000      2.000      2.000
             500.000       0.618       2.075       5.000    1.00%       2.000      2.000
     Y3                    3.086      -0.049       1.000    1.20%       2.000      3.000      3.000
             500.000       0.607      -0.339       5.000    2.00%       3.000      4.000
     Y4                    3.026       0.084       1.000    1.60%       2.000      3.000      3.000
             500.000       0.669      -0.343       5.000    2.80%       3.000      4.000
     Y5                    3.086       0.053       1.000    1.00%       2.000      3.000      3.000
             500.000       0.607      -0.254       5.000    2.60%       3.000      4.000
     Y6                    1.176       3.051       1.000   84.00%       1.000      1.000      1.000
             500.000       0.189      13.999       5.000    0.20%       1.000      1.000
     Y7                    1.172       3.715       1.000   84.80%       1.000      1.000      1.000
             500.000       0.206      20.817       5.000    0.40%       1.000      1.000
     Y8                    1.160       2.943       1.000   86.60%       1.000      1.000      1.000
             500.000       0.190       9.071       4.000    0.20%       1.000      1.000
     Y9                    1.782       1.063       1.000   37.60%       1.000      2.000      2.000
             500.000       0.562       2.229       5.000    1.00%       2.000      2.000
     Y10                   1.808       0.754       1.000   38.80%       1.000      2.000      2.000
             500.000       0.607       0.294       5.000    0.20%       2.000      2.000
     X1                   -0.011      -0.167      -2.918    0.20%      -0.829     -0.236      0.043
             500.000       0.956      -0.192       2.748    0.20%       0.260      0.814
     X2                    0.486       0.056       0.000   51.40%       0.000      0.000      0.000
             500.000       0.250      -1.997       1.000   48.60%       1.000      1.000


THE MODEL ESTIMATION TERMINATED NORMALLY



MODEL FIT INFORMATION

Number of Free Parameters                       34

Loglikelihood

          H0 Value                       -3876.124

Information Criteria

          Akaike (AIC)                    7820.247
          Bayesian (BIC)                  7963.544
          Sample-Size Adjusted BIC        7855.626
            (n* = (n + 2) / 24)



MODEL RESULTS

                                                    Two-Tailed
                    Estimate       S.E.  Est./S.E.    P-Value

 F        BY
    Y1                 0.585      0.031     19.117      0.000
    Y2               999.000      0.000    999.000    999.000
    Y3                 0.562      0.031     18.050      0.000
    Y4                 0.604      0.032     18.660      0.000
    Y5                 0.563      0.031     18.100      0.000
    Y6                 0.274      0.018     15.091      0.000
    Y7                 0.276      0.019     14.421      0.000
    Y8                 0.275      0.018     15.076      0.000
    Y9                 0.557      0.030     18.807      0.000
    Y10                0.571      0.031     18.451      0.000

 Y2       ON
    X1                -0.044      0.026     -1.691      0.091
    X2                 0.062      0.050      1.233      0.218

 Means
    F                  0.000      0.000    999.000    999.000

 Intercepts
    Y1                 1.850      0.035     53.074      0.000
    Y2                 1.766      0.042     41.944      0.000
    Y3                 3.086      0.035     88.599      0.000
    Y4                 3.026      0.037     82.706      0.000
    Y5                 3.086      0.035     88.599      0.000
    Y6                 1.176      0.019     60.483      0.000
    Y7                 1.172      0.020     57.682      0.000
    Y8                 1.160      0.020     59.444      0.000
    Y9                 1.782      0.034     53.130      0.000
    Y10                1.808      0.035     51.885      0.000

 Variances
    F                  1.000      0.000    999.000    999.000

 Residual Variances
    Y1                 0.265      0.019     13.762      0.000
    Y2                 0.278      0.020     13.918      0.000
    Y3                 0.291      0.021     14.073      0.000
    Y4                 0.304      0.022     13.911      0.000
    Y5                 0.290      0.021     14.084      0.000
    Y6                 0.114      0.008     14.738      0.000
    Y7                 0.130      0.009     14.857      0.000
    Y8                 0.115      0.008     14.724      0.000
    Y9                 0.252      0.018     13.867      0.000
    Y10                0.282      0.020     13.982      0.000

New/Additional Parameters
    L2_0               0.555      0.039     14.253      0.000
    L2_1              -0.064      0.029     -2.199      0.028
    L2_2               0.047      0.053      0.884      0.377


QUALITY OF NUMERICAL RESULTS

     Condition Number for the Information Matrix              0.577E-04
       (ratio of smallest to largest eigenvalue)


     Beginning Time:  07:19:47
        Ending Time:  07:19:49
       Elapsed Time:  00:00:02



MUTHEN & MUTHEN
3463 Stoner Ave.
Los Angeles, CA  90066

Tel: (310) 391-9971
Fax: (310) 391-8971
Web: www.StatModel.com
Support: Support@StatModel.com

Copyright (c) 1998-2019 Muthen & Muthen
