Mplus VERSION 8.3
MUTHEN & MUTHEN
04/24/2024   7:20 AM

INPUT INSTRUCTIONS


  TITLE: Test with 10 reps

  DATA:
  File is
  G2_B1_N2_rep474.csv;

  VARIABLE:
      Names are x1 x2 eta
  	y1 y2 y3 y4 y5 y6 y7 y8 y9 y10;
      Usevariables are y1-y10 x1 x2;
      constraint = x1 x2;

  MODEL:
      f BY y1* (l1);
      f BY y2* (l2);
      f BY y3* (l3);
      f BY y4* (l4);
      f BY y5* (l5);
      f BY y6* (l6);
      f BY y7* (l7);
      f BY y8* (l8);
      f BY y9* (l9);
      f BY y10* (l10);

  y10 ON x1 x2;
  f@1;
  [f@0];

  MODEL CONSTRAINT:
      new (l10_0 l10_1 l10_2);
      l10 = l10_0 + l10_1*x1 + l10_2*x2;




INPUT READING TERMINATED NORMALLY



Test with 10 reps

SUMMARY OF ANALYSIS

Number of groups                                                 1
Number of observations                                         500

Number of dependent variables                                   10
Number of independent variables                                  2
Number of continuous latent variables                            1

Observed dependent variables

  Continuous
   Y1          Y2          Y3          Y4          Y5          Y6
   Y7          Y8          Y9          Y10

Observed independent variables
   X1          X2

Continuous latent variables
   F


Estimator                                                       ML
Information matrix                                        OBSERVED
Maximum number of iterations                                  1000
Convergence criterion                                    0.500D-04
Maximum number of steepest descent iterations                   20

Input data file(s)
  G2_B1_N2_rep474.csv

Input data format  FREE



UNIVARIATE SAMPLE STATISTICS


     UNIVARIATE HIGHER-ORDER MOMENT DESCRIPTIVE STATISTICS

         Variable/         Mean/     Skewness/   Minimum/ % with                Percentiles
        Sample Size      Variance    Kurtosis    Maximum  Min/Max      20%/60%    40%/80%    Median

     Y1                    1.820       1.109       1.000   37.20%       1.000      2.000      2.000
             500.000       0.640       1.974       5.000    1.20%       2.000      2.000
     Y2                    1.816       0.921       1.000   35.00%       1.000      2.000      2.000
             500.000       0.554       1.566       5.000    0.60%       2.000      2.000
     Y3                    3.046      -0.048       1.000    3.20%       2.000      3.000      3.000
             500.000       0.720      -0.039       5.000    3.60%       3.000      4.000
     Y4                    3.098      -0.018       1.000    2.40%       2.000      3.000      3.000
             500.000       0.692      -0.009       5.000    4.00%       3.000      4.000
     Y5                    3.036       0.002       1.000    1.80%       2.000      3.000      3.000
             500.000       0.655      -0.306       5.000    2.40%       3.000      4.000
     Y6                    1.178       2.573       1.000   83.20%       1.000      1.000      1.000
             500.000       0.174       8.535       4.000    0.40%       1.000      1.000
     Y7                    1.202       3.398       1.000   83.60%       1.000      1.000      1.000
             500.000       0.269      15.256       5.000    0.40%       1.000      1.000
     Y8                    1.174       3.028       1.000   85.00%       1.000      1.000      1.000
             500.000       0.204      10.934       4.000    0.60%       1.000      1.000
     Y9                    1.826       0.727       1.000   35.20%       1.000      2.000      2.000
             500.000       0.556       0.568       5.000    0.20%       2.000      2.000
     Y10                   1.852       1.036       1.000   35.00%       1.000      2.000      2.000
             500.000       0.646       1.516       5.000    0.80%       2.000      2.000
     X1                    0.049       0.004      -3.192    0.20%      -0.832     -0.203      0.030
             500.000       1.065      -0.118       3.419    0.20%       0.337      0.928
     X2                    0.480       0.080       0.000   52.00%       0.000      0.000      0.000
             500.000       0.250      -1.994       1.000   48.00%       1.000      1.000


THE MODEL ESTIMATION TERMINATED NORMALLY



MODEL FIT INFORMATION

Number of Free Parameters                       34

Loglikelihood

          H0 Value                       -4094.715

Information Criteria

          Akaike (AIC)                    8257.429
          Bayesian (BIC)                  8400.726
          Sample-Size Adjusted BIC        8292.808
            (n* = (n + 2) / 24)



MODEL RESULTS

                                                    Two-Tailed
                    Estimate       S.E.  Est./S.E.    P-Value

 F        BY
    Y1                 0.573      0.032     17.831      0.000
    Y2                 0.504      0.030     16.547      0.000
    Y3                 0.626      0.034     18.565      0.000
    Y4                 0.610      0.033     18.424      0.000
    Y5                 0.601      0.032     18.731      0.000
    Y6                 0.226      0.018     12.491      0.000
    Y7                 0.316      0.022     14.416      0.000
    Y8                 0.267      0.019     13.928      0.000
    Y9                 0.554      0.030     18.785      0.000
    Y10              999.000      0.000    999.000    999.000

 Y10      ON
    X1                -0.011      0.025     -0.450      0.652
    X2                 0.009      0.052      0.164      0.869

 Means
    F                  0.000      0.000    999.000    999.000

 Intercepts
    Y1                 1.820      0.036     50.886      0.000
    Y2                 1.816      0.033     54.549      0.000
    Y3                 3.046      0.038     80.275      0.000
    Y4                 3.098      0.037     83.250      0.000
    Y5                 3.036      0.036     83.900      0.000
    Y6                 1.178      0.019     63.090      0.000
    Y7                 1.202      0.023     51.803      0.000
    Y8                 1.174      0.020     58.161      0.000
    Y9                 1.826      0.033     54.771      0.000
    Y10                1.848      0.042     43.848      0.000

 Variances
    F                  1.000      0.000    999.000    999.000

 Residual Variances
    Y1                 0.312      0.022     14.015      0.000
    Y2                 0.300      0.021     14.373      0.000
    Y3                 0.328      0.024     13.755      0.000
    Y4                 0.320      0.023     13.823      0.000
    Y5                 0.294      0.021     13.683      0.000
    Y6                 0.123      0.008     15.106      0.000
    Y7                 0.169      0.011     14.785      0.000
    Y8                 0.132      0.009     14.863      0.000
    Y9                 0.248      0.018     13.705      0.000
    Y10                0.298      0.022     13.821      0.000

New/Additional Parameters
    L10_0              0.531      0.042     12.570      0.000
    L10_1             -0.008      0.026     -0.290      0.772
    L10_2              0.112      0.054      2.055      0.040


QUALITY OF NUMERICAL RESULTS

     Condition Number for the Information Matrix              0.659E-04
       (ratio of smallest to largest eigenvalue)


     Beginning Time:  07:20:10
        Ending Time:  07:20:13
       Elapsed Time:  00:00:03



MUTHEN & MUTHEN
3463 Stoner Ave.
Los Angeles, CA  90066

Tel: (310) 391-9971
Fax: (310) 391-8971
Web: www.StatModel.com
Support: Support@StatModel.com

Copyright (c) 1998-2019 Muthen & Muthen
