Mplus VERSION 8.3
MUTHEN & MUTHEN
04/24/2024   7:39 PM

INPUT INSTRUCTIONS


  TITLE: Test with 10 reps

  DATA:
  File is
  G3_B1_N1_rep122.csv;

  VARIABLE:
      Names are x1 x2 eta
  	y1 y2 y3 y4 y5 y6 y7 y8 y9 y10;
      Usevariables are y1-y10 x1 x2;
      constraint = x1 x2;

  MODEL:
      f BY y1* (l1);
      f BY y2* (l2);
      f BY y3* (l3);
      f BY y4* (l4);
      f BY y5* (l5);
      f BY y6* (l6);
      f BY y7* (l7);
      f BY y8* (l8);
      f BY y9* (l9);
      f BY y10* (l10);

  y1 ON x1 x2;
  f@1;
  [f@0];

  MODEL CONSTRAINT:
      new (l1_0 l1_1 l1_2);
      l1 = l1_0 + l1_1*x1 + l1_2*x2;




INPUT READING TERMINATED NORMALLY



Test with 10 reps

SUMMARY OF ANALYSIS

Number of groups                                                 1
Number of observations                                         250

Number of dependent variables                                   10
Number of independent variables                                  2
Number of continuous latent variables                            1

Observed dependent variables

  Continuous
   Y1          Y2          Y3          Y4          Y5          Y6
   Y7          Y8          Y9          Y10

Observed independent variables
   X1          X2

Continuous latent variables
   F


Estimator                                                       ML
Information matrix                                        OBSERVED
Maximum number of iterations                                  1000
Convergence criterion                                    0.500D-04
Maximum number of steepest descent iterations                   20

Input data file(s)
  G3_B1_N1_rep122.csv

Input data format  FREE



UNIVARIATE SAMPLE STATISTICS


     UNIVARIATE HIGHER-ORDER MOMENT DESCRIPTIVE STATISTICS

         Variable/         Mean/     Skewness/   Minimum/ % with                Percentiles
        Sample Size      Variance    Kurtosis    Maximum  Min/Max      20%/60%    40%/80%    Median

     Y1                    1.856       0.723       1.000   34.40%       1.000      2.000      2.000
             250.000       0.595       0.287       4.000    3.60%       2.000      2.000
     Y2                    1.852       0.601       1.000   33.20%       1.000      2.000      2.000
             250.000       0.542       0.139       4.000    2.40%       2.000      2.000
     Y3                    3.120      -0.098       1.000    2.40%       2.000      3.000      3.000
             250.000       0.682      -0.022       5.000    3.60%       3.000      4.000
     Y4                    3.108       0.066       1.000    1.20%       2.000      3.000      3.000
             250.000       0.664      -0.304       5.000    3.60%       3.000      4.000
     Y5                    3.100      -0.056       1.000    2.00%       2.000      3.000      3.000
             250.000       0.674      -0.182       5.000    3.20%       3.000      4.000
     Y6                    1.200       2.479       1.000   82.00%       1.000      1.000      1.000
             250.000       0.208       7.178       4.000    0.40%       1.000      1.000
     Y7                    1.176       3.183       1.000   85.60%       1.000      1.000      1.000
             250.000       0.225      11.655       4.000    0.80%       1.000      1.000
     Y8                    1.212       2.519       1.000   82.40%       1.000      1.000      1.000
             250.000       0.247       6.585       4.000    0.40%       1.000      1.000
     Y9                    1.812       0.745       1.000   38.40%       1.000      2.000      2.000
             250.000       0.609       0.142       4.000    3.20%       2.000      2.000
     Y10                   1.820       0.894       1.000   38.80%       1.000      2.000      2.000
             250.000       0.644       0.983       5.000    0.80%       2.000      2.000
     X1                    0.059      -0.145      -3.839    0.40%      -0.897     -0.252      0.120
             250.000       1.169       0.133       2.913    0.40%       0.357      1.006
     X2                    0.468       0.128       0.000   53.20%       0.000      0.000      0.000
             250.000       0.249      -1.984       1.000   46.80%       1.000      1.000


THE MODEL ESTIMATION TERMINATED NORMALLY



MODEL FIT INFORMATION

Number of Free Parameters                       34

Loglikelihood

          H0 Value                       -1716.467

Information Criteria

          Akaike (AIC)                    3500.934
          Bayesian (BIC)                  3620.664
          Sample-Size Adjusted BIC        3512.881
            (n* = (n + 2) / 24)



MODEL RESULTS

                                                    Two-Tailed
                    Estimate       S.E.  Est./S.E.    P-Value

 F        BY
    Y1               999.000      0.000    999.000    999.000
    Y2                 0.614      0.038     16.044      0.000
    Y3                 0.678      0.043     15.663      0.000
    Y4                 0.670      0.043     15.706      0.000
    Y5                 0.672      0.043     15.609      0.000
    Y6                 0.293      0.026     11.137      0.000
    Y7                 0.318      0.027     11.725      0.000
    Y8                 0.353      0.028     12.710      0.000
    Y9                 0.625      0.041     15.090      0.000
    Y10                0.668      0.042     16.018      0.000

 Y1       ON
    X1                 0.020      0.027      0.750      0.453
    X2                 0.148      0.056      2.645      0.008

 Means
    F                  0.000      0.000    999.000    999.000

 Intercepts
    Y1                 1.795      0.055     32.611      0.000
    Y2                 1.852      0.047     39.772      0.000
    Y3                 3.120      0.052     59.753      0.000
    Y4                 3.108      0.052     60.292      0.000
    Y5                 3.100      0.052     59.704      0.000
    Y6                 1.200      0.029     41.603      0.000
    Y7                 1.176      0.030     39.198      0.000
    Y8                 1.212      0.031     38.554      0.000
    Y9                 1.812      0.049     36.723      0.000
    Y10                1.820      0.051     35.870      0.000

 Variances
    F                  1.000      0.000    999.000    999.000

 Residual Variances
    Y1                 0.169      0.018      9.602      0.000
    Y2                 0.165      0.017      9.681      0.000
    Y3                 0.222      0.023      9.809      0.000
    Y4                 0.215      0.022      9.766      0.000
    Y5                 0.222      0.023      9.823      0.000
    Y6                 0.122      0.011     10.692      0.000
    Y7                 0.124      0.012     10.578      0.000
    Y8                 0.122      0.012     10.442      0.000
    Y9                 0.218      0.022      9.993      0.000
    Y10                0.197      0.020      9.694      0.000

New/Additional Parameters
    L1_0               0.633      0.049     12.973      0.000
    L1_1              -0.038      0.029     -1.308      0.191
    L1_2               0.014      0.057      0.239      0.811


QUALITY OF NUMERICAL RESULTS

     Condition Number for the Information Matrix              0.127E-03
       (ratio of smallest to largest eigenvalue)


     Beginning Time:  19:39:36
        Ending Time:  19:39:38
       Elapsed Time:  00:00:02



MUTHEN & MUTHEN
3463 Stoner Ave.
Los Angeles, CA  90066

Tel: (310) 391-9971
Fax: (310) 391-8971
Web: www.StatModel.com
Support: Support@StatModel.com

Copyright (c) 1998-2019 Muthen & Muthen
