Mplus VERSION 8.3
MUTHEN & MUTHEN
04/24/2024   7:55 PM

INPUT INSTRUCTIONS


  TITLE: Test with 10 reps

  DATA:
  File is
  G3_B1_N1_rep185.csv;

  VARIABLE:
      Names are x1 x2 eta
  	y1 y2 y3 y4 y5 y6 y7 y8 y9 y10;
      Usevariables are y1-y10 x1 x2;
      constraint = x1 x2;

  MODEL:
      f BY y1* (l1);
      f BY y2* (l2);
      f BY y3* (l3);
      f BY y4* (l4);
      f BY y5* (l5);
      f BY y6* (l6);
      f BY y7* (l7);
      f BY y8* (l8);
      f BY y9* (l9);
      f BY y10* (l10);

  y6 ON x1 x2;
  f@1;
  [f@0];

  MODEL CONSTRAINT:
      new (l6_0 l6_1 l6_2);
      l6 = l6_0 + l6_1*x1 + l6_2*x2;




INPUT READING TERMINATED NORMALLY



Test with 10 reps

SUMMARY OF ANALYSIS

Number of groups                                                 1
Number of observations                                         250

Number of dependent variables                                   10
Number of independent variables                                  2
Number of continuous latent variables                            1

Observed dependent variables

  Continuous
   Y1          Y2          Y3          Y4          Y5          Y6
   Y7          Y8          Y9          Y10

Observed independent variables
   X1          X2

Continuous latent variables
   F


Estimator                                                       ML
Information matrix                                        OBSERVED
Maximum number of iterations                                  1000
Convergence criterion                                    0.500D-04
Maximum number of steepest descent iterations                   20

Input data file(s)
  G3_B1_N1_rep185.csv

Input data format  FREE



UNIVARIATE SAMPLE STATISTICS


     UNIVARIATE HIGHER-ORDER MOMENT DESCRIPTIVE STATISTICS

         Variable/         Mean/     Skewness/   Minimum/ % with                Percentiles
        Sample Size      Variance    Kurtosis    Maximum  Min/Max      20%/60%    40%/80%    Median

     Y1                    1.768       1.000       1.000   40.00%       1.000      1.000      2.000
             250.000       0.594       1.255       5.000    0.40%       2.000      2.000
     Y2                    1.880       0.742       1.000   32.40%       1.000      2.000      2.000
             250.000       0.586       0.747       5.000    0.40%       2.000      2.000
     Y3                    3.124       0.083       1.000    2.00%       3.000      3.000      3.000
             250.000       0.661       0.228       5.000    4.80%       3.000      4.000
     Y4                    3.096      -0.037       1.000    1.60%       2.000      3.000      3.000
             250.000       0.647      -0.238       5.000    2.80%       3.000      4.000
     Y5                    3.076       0.023       1.000    2.40%       2.000      3.000      3.000
             250.000       0.694      -0.012       5.000    4.00%       3.000      4.000
     Y6                    1.212       3.223       1.000   84.00%       1.000      1.000      1.000
             250.000       0.303      12.682       5.000    0.40%       1.000      1.000
     Y7                    1.208       3.326       1.000   82.80%       1.000      1.000      1.000
             250.000       0.269      14.930       5.000    0.40%       1.000      1.000
     Y8                    1.204       3.365       1.000   83.60%       1.000      1.000      1.000
             250.000       0.274      14.787       5.000    0.40%       1.000      1.000
     Y9                    1.888       1.022       1.000   36.80%       1.000      2.000      2.000
             250.000       0.779       0.859       5.000    0.80%       2.000      2.000
     Y10                   1.816       1.061       1.000   40.00%       1.000      1.000      2.000
             250.000       0.694       1.444       5.000    1.20%       2.000      2.000
     X1                    0.058       0.042      -2.709    0.40%      -0.827     -0.124      0.091
             250.000       1.096      -0.016       3.137    0.40%       0.285      0.826
     X2                    0.516      -0.064       0.000   48.40%       0.000      0.000      1.000
             250.000       0.250      -1.996       1.000   51.60%       1.000      1.000


THE MODEL ESTIMATION TERMINATED NORMALLY



MODEL FIT INFORMATION

Number of Free Parameters                       34

Loglikelihood

          H0 Value                       -1787.087

Information Criteria

          Akaike (AIC)                    3642.175
          Bayesian (BIC)                  3761.904
          Sample-Size Adjusted BIC        3654.121
            (n* = (n + 2) / 24)



MODEL RESULTS

                                                    Two-Tailed
                    Estimate       S.E.  Est./S.E.    P-Value

 F        BY
    Y1                 0.651      0.040     16.419      0.000
    Y2                 0.619      0.040     15.351      0.000
    Y3                 0.653      0.043     15.169      0.000
    Y4                 0.626      0.043     14.492      0.000
    Y5                 0.684      0.044     15.688      0.000
    Y6               999.000      0.000    999.000    999.000
    Y7                 0.390      0.028     13.746      0.000
    Y8                 0.386      0.029     13.369      0.000
    Y9                 0.754      0.045     16.711      0.000
    Y10                0.700      0.043     16.255      0.000

 Y6       ON
    X1                 0.005      0.023      0.229      0.819
    X2                 0.058      0.050      1.151      0.250

 Means
    F                  0.000      0.000    999.000    999.000

 Intercepts
    Y1                 1.768      0.049     36.266      0.000
    Y2                 1.880      0.048     38.844      0.000
    Y3                 3.124      0.051     60.772      0.000
    Y4                 3.096      0.051     60.868      0.000
    Y5                 3.076      0.053     58.372      0.000
    Y6                 1.164      0.038     30.257      0.000
    Y7                 1.208      0.033     36.845      0.000
    Y8                 1.204      0.033     36.343      0.000
    Y9                 1.888      0.056     33.812      0.000
    Y10                1.816      0.053     34.464      0.000

 Variances
    F                  1.000      0.000    999.000    999.000

 Residual Variances
    Y1                 0.170      0.018      9.651      0.000
    Y2                 0.202      0.020     10.021      0.000
    Y3                 0.234      0.023     10.021      0.000
    Y4                 0.254      0.025     10.213      0.000
    Y5                 0.226      0.023      9.857      0.000
    Y6                 0.135      0.013     10.294      0.000
    Y7                 0.117      0.011     10.315      0.000
    Y8                 0.125      0.012     10.363      0.000
    Y9                 0.210      0.022      9.520      0.000
    Y10                0.205      0.021      9.708      0.000

New/Additional Parameters
    L6_0               0.268      0.042      6.439      0.000
    L6_1               0.028      0.024      1.156      0.248
    L6_2               0.200      0.052      3.828      0.000


QUALITY OF NUMERICAL RESULTS

     Condition Number for the Information Matrix              0.123E-03
       (ratio of smallest to largest eigenvalue)


     Beginning Time:  19:55:58
        Ending Time:  19:56:00
       Elapsed Time:  00:00:02



MUTHEN & MUTHEN
3463 Stoner Ave.
Los Angeles, CA  90066

Tel: (310) 391-9971
Fax: (310) 391-8971
Web: www.StatModel.com
Support: Support@StatModel.com

Copyright (c) 1998-2019 Muthen & Muthen
