Mplus VERSION 8.3
MUTHEN & MUTHEN
04/24/2024   7:44 PM

INPUT INSTRUCTIONS


  TITLE: Test with 10 reps

  DATA:
  File is
  G3_B1_N1_rep142.csv;

  VARIABLE:
      Names are x1 x2 eta
  	y1 y2 y3 y4 y5 y6 y7 y8 y9 y10;
      Usevariables are y1-y10 x1 x2;
      constraint = x1 x2;

  MODEL:
      f BY y1* (l1);
      f BY y2* (l2);
      f BY y3* (l3);
      f BY y4* (l4);
      f BY y5* (l5);
      f BY y6* (l6);
      f BY y7* (l7);
      f BY y8* (l8);
      f BY y9* (l9);
      f BY y10* (l10);

  y3 ON x1 x2;
  f@1;
  [f@0];

  MODEL CONSTRAINT:
      new (l3_0 l3_1 l3_2);
      l3 = l3_0 + l3_1*x1 + l3_2*x2;




INPUT READING TERMINATED NORMALLY



Test with 10 reps

SUMMARY OF ANALYSIS

Number of groups                                                 1
Number of observations                                         250

Number of dependent variables                                   10
Number of independent variables                                  2
Number of continuous latent variables                            1

Observed dependent variables

  Continuous
   Y1          Y2          Y3          Y4          Y5          Y6
   Y7          Y8          Y9          Y10

Observed independent variables
   X1          X2

Continuous latent variables
   F


Estimator                                                       ML
Information matrix                                        OBSERVED
Maximum number of iterations                                  1000
Convergence criterion                                    0.500D-04
Maximum number of steepest descent iterations                   20

Input data file(s)
  G3_B1_N1_rep142.csv

Input data format  FREE



UNIVARIATE SAMPLE STATISTICS


     UNIVARIATE HIGHER-ORDER MOMENT DESCRIPTIVE STATISTICS

         Variable/         Mean/     Skewness/   Minimum/ % with                Percentiles
        Sample Size      Variance    Kurtosis    Maximum  Min/Max      20%/60%    40%/80%    Median

     Y1                    1.788       0.889       1.000   40.00%       1.000      1.000      2.000
             250.000       0.615       0.785       5.000    0.40%       2.000      2.000
     Y2                    1.828       1.202       1.000   38.00%       1.000      2.000      2.000
             250.000       0.694       2.123       5.000    1.60%       2.000      2.000
     Y3                    3.116       0.040       1.000    0.80%       2.000      3.000      3.000
             250.000       0.679      -0.596       5.000    3.20%       3.000      4.000
     Y4                    3.052       0.135       1.000    0.80%       2.000      3.000      3.000
             250.000       0.649      -0.489       5.000    2.80%       3.000      4.000
     Y5                    3.016       0.053       1.000    2.00%       2.000      3.000      3.000
             250.000       0.696      -0.378       5.000    2.80%       3.000      4.000
     Y6                    1.184       2.819       1.000   84.80%       1.000      1.000      1.000
             250.000       0.222       8.520       4.000    0.40%       1.000      1.000
     Y7                    1.196       2.785       1.000   82.00%       1.000      1.000      1.000
             250.000       0.206      10.430       4.000    0.80%       1.000      1.000
     Y8                    1.188       2.729       1.000   84.00%       1.000      1.000      1.000
             250.000       0.217       8.203       4.000    0.40%       1.000      1.000
     Y9                    1.756       0.878       1.000   40.80%       1.000      1.000      2.000
             250.000       0.576       0.568       4.000    3.20%       2.000      2.000
     Y10                   1.800       1.230       1.000   40.80%       1.000      1.000      2.000
             250.000       0.712       2.056       5.000    1.60%       2.000      2.000
     X1                   -0.053      -0.035      -2.629    0.40%      -0.850     -0.274     -0.069
             250.000       0.884      -0.124       2.327    0.40%       0.134      0.739
     X2                    0.484       0.064       0.000   51.60%       0.000      0.000      0.000
             250.000       0.250      -1.996       1.000   48.40%       1.000      1.000


THE MODEL ESTIMATION TERMINATED NORMALLY



MODEL FIT INFORMATION

Number of Free Parameters                       34

Loglikelihood

          H0 Value                       -1679.976

Information Criteria

          Akaike (AIC)                    3427.953
          Bayesian (BIC)                  3547.683
          Sample-Size Adjusted BIC        3439.900
            (n* = (n + 2) / 24)



MODEL RESULTS

                                                    Two-Tailed
                    Estimate       S.E.  Est./S.E.    P-Value

 F        BY
    Y1                 0.631      0.041     15.225      0.000
    Y2                 0.728      0.042     17.326      0.000
    Y3               999.000      0.000    999.000    999.000
    Y4                 0.658      0.042     15.554      0.000
    Y5                 0.685      0.044     15.675      0.000
    Y6                 0.336      0.026     12.767      0.000
    Y7                 0.313      0.026     12.250      0.000
    Y8                 0.342      0.026     13.323      0.000
    Y9                 0.641      0.039     16.407      0.000
    Y10                0.723      0.043     16.804      0.000

 Y3       ON
    X1                -0.024      0.036     -0.686      0.492
    X2                -0.023      0.067     -0.338      0.736

 Means
    F                  0.000      0.000    999.000    999.000

 Intercepts
    Y1                 1.788      0.050     36.048      0.000
    Y2                 1.828      0.053     34.685      0.000
    Y3                 3.127      0.061     51.075      0.000
    Y4                 3.052      0.051     59.887      0.000
    Y5                 3.016      0.053     57.171      0.000
    Y6                 1.184      0.030     39.720      0.000
    Y7                 1.196      0.029     41.707      0.000
    Y8                 1.188      0.029     40.355      0.000
    Y9                 1.756      0.048     36.569      0.000
    Y10                1.800      0.053     33.729      0.000

 Variances
    F                  1.000      0.000    999.000    999.000

 Residual Variances
    Y1                 0.217      0.021     10.103      0.000
    Y2                 0.165      0.018      9.263      0.000
    Y3                 0.249      0.025     10.123      0.000
    Y4                 0.216      0.022      9.930      0.000
    Y5                 0.227      0.023      9.888      0.000
    Y6                 0.110      0.010     10.529      0.000
    Y7                 0.108      0.010     10.631      0.000
    Y8                 0.100      0.010     10.423      0.000
    Y9                 0.165      0.017      9.707      0.000
    Y10                0.189      0.020      9.527      0.000

New/Additional Parameters
    L3_0               0.650      0.056     11.537      0.000
    L3_1              -0.075      0.037     -2.057      0.040
    L3_2               0.007      0.068      0.102      0.919


QUALITY OF NUMERICAL RESULTS

     Condition Number for the Information Matrix              0.887E-04
       (ratio of smallest to largest eigenvalue)


     Beginning Time:  19:44:52
        Ending Time:  19:44:53
       Elapsed Time:  00:00:01



MUTHEN & MUTHEN
3463 Stoner Ave.
Los Angeles, CA  90066

Tel: (310) 391-9971
Fax: (310) 391-8971
Web: www.StatModel.com
Support: Support@StatModel.com

Copyright (c) 1998-2019 Muthen & Muthen
