Mplus VERSION 8.3
MUTHEN & MUTHEN
04/24/2024   7:42 PM

INPUT INSTRUCTIONS


  TITLE: Test with 10 reps

  DATA:
  File is
  G3_B1_N1_rep135.csv;

  VARIABLE:
      Names are x1 x2 eta
  	y1 y2 y3 y4 y5 y6 y7 y8 y9 y10;
      Usevariables are y1-y10 x1 x2;
      constraint = x1 x2;

  MODEL:
      f BY y1* (l1);
      f BY y2* (l2);
      f BY y3* (l3);
      f BY y4* (l4);
      f BY y5* (l5);
      f BY y6* (l6);
      f BY y7* (l7);
      f BY y8* (l8);
      f BY y9* (l9);
      f BY y10* (l10);

  y3 ON x1 x2;
  f@1;
  [f@0];

  MODEL CONSTRAINT:
      new (l3_0 l3_1 l3_2);
      l3 = l3_0 + l3_1*x1 + l3_2*x2;




INPUT READING TERMINATED NORMALLY



Test with 10 reps

SUMMARY OF ANALYSIS

Number of groups                                                 1
Number of observations                                         250

Number of dependent variables                                   10
Number of independent variables                                  2
Number of continuous latent variables                            1

Observed dependent variables

  Continuous
   Y1          Y2          Y3          Y4          Y5          Y6
   Y7          Y8          Y9          Y10

Observed independent variables
   X1          X2

Continuous latent variables
   F


Estimator                                                       ML
Information matrix                                        OBSERVED
Maximum number of iterations                                  1000
Convergence criterion                                    0.500D-04
Maximum number of steepest descent iterations                   20

Input data file(s)
  G3_B1_N1_rep135.csv

Input data format  FREE



UNIVARIATE SAMPLE STATISTICS


     UNIVARIATE HIGHER-ORDER MOMENT DESCRIPTIVE STATISTICS

         Variable/         Mean/     Skewness/   Minimum/ % with                Percentiles
        Sample Size      Variance    Kurtosis    Maximum  Min/Max      20%/60%    40%/80%    Median

     Y1                    1.784       1.125       1.000   45.60%       1.000      1.000      2.000
             250.000       0.785       1.109       5.000    1.20%       2.000      2.000
     Y2                    1.888       1.087       1.000   34.80%       1.000      2.000      2.000
             250.000       0.715       1.706       5.000    1.60%       2.000      2.000
     Y3                    3.056       0.076       1.000    0.80%       2.000      3.000      3.000
             250.000       0.661      -0.650       5.000    2.40%       3.000      4.000
     Y4                    3.096       0.082       1.000    2.00%       2.000      3.000      3.000
             250.000       0.735      -0.223       5.000    4.80%       3.000      4.000
     Y5                    3.092       0.097       1.000    2.40%       2.000      3.000      3.000
             250.000       0.724       0.028       5.000    5.20%       3.000      4.000
     Y6                    1.196       2.939       1.000   84.40%       1.000      1.000      1.000
             250.000       0.254       9.469       4.000    0.80%       1.000      1.000
     Y7                    1.216       2.892       1.000   82.80%       1.000      1.000      1.000
             250.000       0.281       9.358       4.000    1.20%       1.000      1.000
     Y8                    1.248       3.193       1.000   80.40%       1.000      1.000      1.000
             250.000       0.338      13.612       5.000    0.80%       1.000      1.000
     Y9                    1.840       1.075       1.000   39.60%       1.000      2.000      2.000
             250.000       0.734       1.494       5.000    1.60%       2.000      2.000
     Y10                   1.812       0.977       1.000   39.60%       1.000      2.000      2.000
             250.000       0.665       1.120       5.000    0.80%       2.000      2.000
     X1                    0.011       0.131      -3.233    0.40%      -0.915     -0.267     -0.002
             250.000       1.106       0.022       2.845    0.40%       0.269      0.845
     X2                    0.488       0.048       0.000   51.20%       0.000      0.000      0.000
             250.000       0.250      -1.998       1.000   48.80%       1.000      1.000


THE MODEL ESTIMATION TERMINATED NORMALLY



MODEL FIT INFORMATION

Number of Free Parameters                       34

Loglikelihood

          H0 Value                       -1751.310

Information Criteria

          Akaike (AIC)                    3570.621
          Bayesian (BIC)                  3690.351
          Sample-Size Adjusted BIC        3582.568
            (n* = (n + 2) / 24)



MODEL RESULTS

                                                    Two-Tailed
                    Estimate       S.E.  Est./S.E.    P-Value

 F        BY
    Y1                 0.778      0.044     17.532      0.000
    Y2                 0.747      0.042     17.705      0.000
    Y3               999.000      0.000    999.000    999.000
    Y4                 0.718      0.044     16.236      0.000
    Y5                 0.682      0.045     15.186      0.000
    Y6                 0.366      0.028     13.168      0.000
    Y7                 0.386      0.029     13.204      0.000
    Y8                 0.456      0.031     14.645      0.000
    Y9                 0.726      0.044     16.529      0.000
    Y10                0.711      0.041     17.327      0.000

 Y3       ON
    X1                 0.026      0.030      0.870      0.384
    X2                 0.130      0.064      2.041      0.041

 Means
    F                  0.000      0.000    999.000    999.000

 Intercepts
    Y1                 1.784      0.056     31.830      0.000
    Y2                 1.888      0.053     35.292      0.000
    Y3                 3.001      0.062     48.526      0.000
    Y4                 3.096      0.054     57.107      0.000
    Y5                 3.092      0.054     57.475      0.000
    Y6                 1.196      0.032     37.553      0.000
    Y7                 1.216      0.034     36.248      0.000
    Y8                 1.248      0.037     33.916      0.000
    Y9                 1.840      0.054     33.949      0.000
    Y10                1.812      0.052     35.142      0.000

 Variances
    F                  1.000      0.000    999.000    999.000

 Residual Variances
    Y1                 0.179      0.019      9.469      0.000
    Y2                 0.157      0.017      9.364      0.000
    Y3                 0.225      0.022     10.173      0.000
    Y4                 0.219      0.022      9.935      0.000
    Y5                 0.258      0.025     10.253      0.000
    Y6                 0.120      0.011     10.545      0.000
    Y7                 0.132      0.013     10.560      0.000
    Y8                 0.131      0.013     10.317      0.000
    Y9                 0.207      0.021      9.875      0.000
    Y10                0.159      0.017      9.572      0.000

New/Additional Parameters
    L3_0               0.692      0.059     11.642      0.000
    L3_1              -0.030      0.028     -1.050      0.294
    L3_2              -0.082      0.068     -1.196      0.232


QUALITY OF NUMERICAL RESULTS

     Condition Number for the Information Matrix              0.124E-03
       (ratio of smallest to largest eigenvalue)


     Beginning Time:  19:42:58
        Ending Time:  19:42:59
       Elapsed Time:  00:00:01



MUTHEN & MUTHEN
3463 Stoner Ave.
Los Angeles, CA  90066

Tel: (310) 391-9971
Fax: (310) 391-8971
Web: www.StatModel.com
Support: Support@StatModel.com

Copyright (c) 1998-2019 Muthen & Muthen
