Mplus VERSION 8.3
MUTHEN & MUTHEN
04/24/2024   8:00 PM

INPUT INSTRUCTIONS


  TITLE: Test with 10 reps

  DATA:
  File is
  G3_B1_N1_rep202.csv;

  VARIABLE:
      Names are x1 x2 eta
  	y1 y2 y3 y4 y5 y6 y7 y8 y9 y10;
      Usevariables are y1-y10 x1 x2;
      constraint = x1 x2;

  MODEL:
      f BY y1* (l1);
      f BY y2* (l2);
      f BY y3* (l3);
      f BY y4* (l4);
      f BY y5* (l5);
      f BY y6* (l6);
      f BY y7* (l7);
      f BY y8* (l8);
      f BY y9* (l9);
      f BY y10* (l10);

  y3 ON x1 x2;
  f@1;
  [f@0];

  MODEL CONSTRAINT:
      new (l3_0 l3_1 l3_2);
      l3 = l3_0 + l3_1*x1 + l3_2*x2;




INPUT READING TERMINATED NORMALLY



Test with 10 reps

SUMMARY OF ANALYSIS

Number of groups                                                 1
Number of observations                                         250

Number of dependent variables                                   10
Number of independent variables                                  2
Number of continuous latent variables                            1

Observed dependent variables

  Continuous
   Y1          Y2          Y3          Y4          Y5          Y6
   Y7          Y8          Y9          Y10

Observed independent variables
   X1          X2

Continuous latent variables
   F


Estimator                                                       ML
Information matrix                                        OBSERVED
Maximum number of iterations                                  1000
Convergence criterion                                    0.500D-04
Maximum number of steepest descent iterations                   20

Input data file(s)
  G3_B1_N1_rep202.csv

Input data format  FREE



UNIVARIATE SAMPLE STATISTICS


     UNIVARIATE HIGHER-ORDER MOMENT DESCRIPTIVE STATISTICS

         Variable/         Mean/     Skewness/   Minimum/ % with                Percentiles
        Sample Size      Variance    Kurtosis    Maximum  Min/Max      20%/60%    40%/80%    Median

     Y1                    1.732       1.179       1.000   42.40%       1.000      1.000      2.000
             250.000       0.596       2.074       5.000    0.80%       2.000      2.000
     Y2                    1.732       0.828       1.000   42.00%       1.000      1.000      2.000
             250.000       0.548       0.417       4.000    2.40%       2.000      2.000
     Y3                    2.976      -0.145       1.000    3.20%       2.000      3.000      3.000
             250.000       0.639      -0.049       5.000    1.60%       3.000      4.000
     Y4                    2.948      -0.043       1.000    3.20%       2.000      3.000      3.000
             250.000       0.649      -0.009       5.000    2.00%       3.000      4.000
     Y5                    3.008      -0.013       1.000    1.60%       2.000      3.000      3.000
             250.000       0.560       0.011       5.000    1.60%       3.000      4.000
     Y6                    1.124       3.786       1.000   90.00%       1.000      1.000      1.000
             250.000       0.165      16.156       4.000    0.40%       1.000      1.000
     Y7                    1.140       2.540       1.000   86.80%       1.000      1.000      1.000
             250.000       0.136       5.810       3.000    0.80%       1.000      1.000
     Y8                    1.152       3.564       1.000   87.60%       1.000      1.000      1.000
             250.000       0.201      14.853       4.000    0.80%       1.000      1.000
     Y9                    1.692       0.695       1.000   41.60%       1.000      1.000      2.000
             250.000       0.453       0.342       4.000    1.20%       2.000      2.000
     Y10                   1.700       0.676       1.000   40.80%       1.000      1.000      2.000
             250.000       0.450       0.347       4.000    1.20%       2.000      2.000
     X1                   -0.183      -0.051      -3.544    0.40%      -0.987     -0.488     -0.253
             250.000       0.993      -0.259       2.173    0.40%       0.007      0.690
     X2                    0.516      -0.064       0.000   48.40%       0.000      0.000      1.000
             250.000       0.250      -1.996       1.000   51.60%       1.000      1.000


THE MODEL ESTIMATION TERMINATED NORMALLY



MODEL FIT INFORMATION

Number of Free Parameters                       34

Loglikelihood

          H0 Value                       -1546.152

Information Criteria

          Akaike (AIC)                    3160.304
          Bayesian (BIC)                  3280.033
          Sample-Size Adjusted BIC        3172.251
            (n* = (n + 2) / 24)



MODEL RESULTS

                                                    Two-Tailed
                    Estimate       S.E.  Est./S.E.    P-Value

 F        BY
    Y1                 0.646      0.040     16.083      0.000
    Y2                 0.627      0.038     16.434      0.000
    Y3               999.000      0.000    999.000    999.000
    Y4                 0.620      0.044     14.161      0.000
    Y5                 0.569      0.041     13.932      0.000
    Y6                 0.270      0.023     11.578      0.000
    Y7                 0.270      0.021     13.130      0.000
    Y8                 0.306      0.026     12.004      0.000
    Y9                 0.528      0.036     14.587      0.000
    Y10                0.559      0.035     15.979      0.000

 Y3       ON
    X1                 0.011      0.034      0.338      0.735
    X2                 0.108      0.067      1.615      0.106

 Means
    F                  0.000      0.000    999.000    999.000

 Intercepts
    Y1                 1.732      0.049     35.468      0.000
    Y2                 1.732      0.047     36.988      0.000
    Y3                 2.923      0.061     47.870      0.000
    Y4                 2.948      0.051     57.846      0.000
    Y5                 3.008      0.047     63.559      0.000
    Y6                 1.124      0.026     43.802      0.000
    Y7                 1.140      0.023     48.805      0.000
    Y8                 1.152      0.028     40.638      0.000
    Y9                 1.692      0.043     39.743      0.000
    Y10                1.700      0.042     40.069      0.000

 Variances
    F                  1.000      0.000    999.000    999.000

 Residual Variances
    Y1                 0.179      0.019      9.479      0.000
    Y2                 0.155      0.017      9.349      0.000
    Y3                 0.252      0.025     10.010      0.000
    Y4                 0.265      0.026     10.048      0.000
    Y5                 0.236      0.023     10.142      0.000
    Y6                 0.092      0.009     10.542      0.000
    Y7                 0.064      0.006     10.247      0.000
    Y8                 0.107      0.010     10.452      0.000
    Y9                 0.175      0.017     10.011      0.000
    Y10                0.138      0.014      9.545      0.000

New/Additional Parameters
    L3_0               0.613      0.059     10.475      0.000
    L3_1              -0.010      0.036     -0.265      0.791
    L3_2               0.006      0.072      0.086      0.932


QUALITY OF NUMERICAL RESULTS

     Condition Number for the Information Matrix              0.372E-04
       (ratio of smallest to largest eigenvalue)


     Beginning Time:  20:00:38
        Ending Time:  20:00:39
       Elapsed Time:  00:00:01



MUTHEN & MUTHEN
3463 Stoner Ave.
Los Angeles, CA  90066

Tel: (310) 391-9971
Fax: (310) 391-8971
Web: www.StatModel.com
Support: Support@StatModel.com

Copyright (c) 1998-2019 Muthen & Muthen
