Mplus VERSION 8.3
MUTHEN & MUTHEN
04/24/2024   8:17 PM

INPUT INSTRUCTIONS


  TITLE: Test with 10 reps

  DATA:
  File is
  G3_B1_N1_rep266.csv;

  VARIABLE:
      Names are x1 x2 eta
  	y1 y2 y3 y4 y5 y6 y7 y8 y9 y10;
      Usevariables are y1-y10 x1 x2;
      constraint = x1 x2;

  MODEL:
      f BY y1* (l1);
      f BY y2* (l2);
      f BY y3* (l3);
      f BY y4* (l4);
      f BY y5* (l5);
      f BY y6* (l6);
      f BY y7* (l7);
      f BY y8* (l8);
      f BY y9* (l9);
      f BY y10* (l10);

  y4 ON x1 x2;
  f@1;
  [f@0];

  MODEL CONSTRAINT:
      new (l4_0 l4_1 l4_2);
      l4 = l4_0 + l4_1*x1 + l4_2*x2;




INPUT READING TERMINATED NORMALLY



Test with 10 reps

SUMMARY OF ANALYSIS

Number of groups                                                 1
Number of observations                                         250

Number of dependent variables                                   10
Number of independent variables                                  2
Number of continuous latent variables                            1

Observed dependent variables

  Continuous
   Y1          Y2          Y3          Y4          Y5          Y6
   Y7          Y8          Y9          Y10

Observed independent variables
   X1          X2

Continuous latent variables
   F


Estimator                                                       ML
Information matrix                                        OBSERVED
Maximum number of iterations                                  1000
Convergence criterion                                    0.500D-04
Maximum number of steepest descent iterations                   20

Input data file(s)
  G3_B1_N1_rep266.csv

Input data format  FREE



UNIVARIATE SAMPLE STATISTICS


     UNIVARIATE HIGHER-ORDER MOMENT DESCRIPTIVE STATISTICS

         Variable/         Mean/     Skewness/   Minimum/ % with                Percentiles
        Sample Size      Variance    Kurtosis    Maximum  Min/Max      20%/60%    40%/80%    Median

     Y1                    1.796       0.952       1.000   38.00%       1.000      2.000      2.000
             250.000       0.586       1.504       5.000    0.80%       2.000      2.000
     Y2                    1.768       1.105       1.000   41.20%       1.000      1.000      2.000
             250.000       0.634       1.630       5.000    0.80%       2.000      2.000
     Y3                    3.064       0.023       1.000    1.20%       2.000      3.000      3.000
             250.000       0.644      -0.441       5.000    2.40%       3.000      4.000
     Y4                    3.024      -0.092       1.000    2.00%       2.000      3.000      3.000
             250.000       0.615      -0.227       5.000    1.60%       3.000      4.000
     Y5                    3.040      -0.222       1.000    2.80%       2.000      3.000      3.000
             250.000       0.606       0.119       5.000    1.60%       3.000      4.000
     Y6                    1.144       2.644       1.000   86.80%       1.000      1.000      1.000
             250.000       0.147       6.554       3.000    1.20%       1.000      1.000
     Y7                    1.184       2.851       1.000   85.20%       1.000      1.000      1.000
             250.000       0.230       8.488       4.000    0.40%       1.000      1.000
     Y8                    1.184       3.684       1.000   84.80%       1.000      1.000      1.000
             250.000       0.246      18.287       5.000    0.40%       1.000      1.000
     Y9                    1.764       1.040       1.000   38.80%       1.000      2.000      2.000
             250.000       0.564       1.611       5.000    0.40%       2.000      2.000
     Y10                   1.740       0.907       1.000   42.80%       1.000      1.000      2.000
             250.000       0.584       0.842       5.000    0.40%       2.000      2.000
     X1                    0.052       0.020      -2.393    0.40%      -0.821     -0.140      0.079
             250.000       0.982      -0.237       2.526    0.40%       0.304      0.900
     X2                    0.516      -0.064       0.000   48.40%       0.000      0.000      1.000
             250.000       0.250      -1.996       1.000   51.60%       1.000      1.000


THE MODEL ESTIMATION TERMINATED NORMALLY



MODEL FIT INFORMATION

Number of Free Parameters                       34

Loglikelihood

          H0 Value                       -1641.028

Information Criteria

          Akaike (AIC)                    3350.056
          Bayesian (BIC)                  3469.786
          Sample-Size Adjusted BIC        3362.003
            (n* = (n + 2) / 24)



MODEL RESULTS

                                                    Two-Tailed
                    Estimate       S.E.  Est./S.E.    P-Value

 F        BY
    Y1                 0.666      0.039     17.176      0.000
    Y2                 0.654      0.042     15.671      0.000
    Y3                 0.629      0.043     14.610      0.000
    Y4               999.000      0.000    999.000    999.000
    Y5                 0.610      0.042     14.590      0.000
    Y6                 0.271      0.022     12.578      0.000
    Y7                 0.339      0.027     12.628      0.000
    Y8                 0.362      0.028     13.152      0.000
    Y9                 0.595      0.040     14.844      0.000
    Y10                0.638      0.040     16.087      0.000

 Y4       ON
    X1                -0.012      0.031     -0.391      0.696
    X2                 0.031      0.063      0.487      0.626

 Means
    F                  0.000      0.000    999.000    999.000

 Intercepts
    Y1                 1.796      0.048     37.084      0.000
    Y2                 1.768      0.050     35.103      0.000
    Y3                 3.064      0.051     60.374      0.000
    Y4                 3.021      0.064     47.389      0.000
    Y5                 3.040      0.049     61.726      0.000
    Y6                 1.144      0.024     47.136      0.000
    Y7                 1.184      0.030     39.023      0.000
    Y8                 1.184      0.031     37.734      0.000
    Y9                 1.764      0.048     37.129      0.000
    Y10                1.740      0.048     35.989      0.000

 Variances
    F                  1.000      0.000    999.000    999.000

 Residual Variances
    Y1                 0.143      0.016      9.160      0.000
    Y2                 0.207      0.021      9.815      0.000
    Y3                 0.248      0.025     10.090      0.000
    Y4                 0.206      0.021      9.747      0.000
    Y5                 0.234      0.023     10.100      0.000
    Y6                 0.074      0.007     10.469      0.000
    Y7                 0.115      0.011     10.472      0.000
    Y8                 0.115      0.011     10.356      0.000
    Y9                 0.210      0.021     10.061      0.000
    Y10                0.177      0.018      9.675      0.000

New/Additional Parameters
    L4_0               0.730      0.061     11.977      0.000
    L4_1              -0.030      0.029     -1.053      0.293
    L4_2              -0.159      0.067     -2.390      0.017


QUALITY OF NUMERICAL RESULTS

     Condition Number for the Information Matrix              0.487E-04
       (ratio of smallest to largest eigenvalue)


     Beginning Time:  20:17:19
        Ending Time:  20:17:20
       Elapsed Time:  00:00:01



MUTHEN & MUTHEN
3463 Stoner Ave.
Los Angeles, CA  90066

Tel: (310) 391-9971
Fax: (310) 391-8971
Web: www.StatModel.com
Support: Support@StatModel.com

Copyright (c) 1998-2019 Muthen & Muthen
