Mplus VERSION 8.3
MUTHEN & MUTHEN
04/24/2024   8:22 PM

INPUT INSTRUCTIONS


  TITLE: Test with 10 reps

  DATA:
  File is
  G3_B1_N1_rep287.csv;

  VARIABLE:
      Names are x1 x2 eta
  	y1 y2 y3 y4 y5 y6 y7 y8 y9 y10;
      Usevariables are y1-y10 x1 x2;
      constraint = x1 x2;

  MODEL:
      f BY y1* (l1);
      f BY y2* (l2);
      f BY y3* (l3);
      f BY y4* (l4);
      f BY y5* (l5);
      f BY y6* (l6);
      f BY y7* (l7);
      f BY y8* (l8);
      f BY y9* (l9);
      f BY y10* (l10);

  y2 ON x1 x2;
  f@1;
  [f@0];

  MODEL CONSTRAINT:
      new (l2_0 l2_1 l2_2);
      l2 = l2_0 + l2_1*x1 + l2_2*x2;




INPUT READING TERMINATED NORMALLY



Test with 10 reps

SUMMARY OF ANALYSIS

Number of groups                                                 1
Number of observations                                         250

Number of dependent variables                                   10
Number of independent variables                                  2
Number of continuous latent variables                            1

Observed dependent variables

  Continuous
   Y1          Y2          Y3          Y4          Y5          Y6
   Y7          Y8          Y9          Y10

Observed independent variables
   X1          X2

Continuous latent variables
   F


Estimator                                                       ML
Information matrix                                        OBSERVED
Maximum number of iterations                                  1000
Convergence criterion                                    0.500D-04
Maximum number of steepest descent iterations                   20

Input data file(s)
  G3_B1_N1_rep287.csv

Input data format  FREE



UNIVARIATE SAMPLE STATISTICS


     UNIVARIATE HIGHER-ORDER MOMENT DESCRIPTIVE STATISTICS

         Variable/         Mean/     Skewness/   Minimum/ % with                Percentiles
        Sample Size      Variance    Kurtosis    Maximum  Min/Max      20%/60%    40%/80%    Median

     Y1                    1.736       1.292       1.000   42.40%       1.000      1.000      2.000
             250.000       0.618       2.608       5.000    1.20%       2.000      2.000
     Y2                    1.724       1.261       1.000   43.60%       1.000      1.000      2.000
             250.000       0.624       2.158       5.000    0.80%       2.000      2.000
     Y3                    3.004       0.249       1.000    0.80%       2.000      3.000      3.000
             250.000       0.604      -0.165       5.000    2.80%       3.000      4.000
     Y4                    2.988       0.246       1.000    2.00%       2.000      3.000      3.000
             250.000       0.660       0.183       5.000    4.00%       3.000      4.000
     Y5                    3.032       0.034       1.000    2.40%       2.000      3.000      3.000
             250.000       0.647       0.139       5.000    3.20%       3.000      4.000
     Y6                    1.156       3.977       1.000   87.60%       1.000      1.000      1.000
             250.000       0.220      20.955       5.000    0.40%       1.000      1.000
     Y7                    1.172       2.902       1.000   85.20%       1.000      1.000      1.000
             250.000       0.198       9.584       4.000    0.40%       1.000      1.000
     Y8                    1.140       4.514       1.000   89.20%       1.000      1.000      1.000
             250.000       0.216      25.780       5.000    0.40%       1.000      1.000
     Y9                    1.748       1.097       1.000   43.20%       1.000      1.000      2.000
             250.000       0.636       1.520       5.000    0.80%       2.000      2.000
     Y10                   1.716       1.040       1.000   42.40%       1.000      1.000      2.000
             250.000       0.547       1.550       5.000    0.40%       2.000      2.000
     X1                   -0.018       0.073      -2.459    0.40%      -0.749     -0.333     -0.103
             250.000       0.941       0.087       2.711    0.40%       0.254      0.774
     X2                    0.476       0.096       0.000   52.40%       0.000      0.000      0.000
             250.000       0.249      -1.991       1.000   47.60%       1.000      1.000


THE MODEL ESTIMATION TERMINATED NORMALLY



MODEL FIT INFORMATION

Number of Free Parameters                       34

Loglikelihood

          H0 Value                       -1635.895

Information Criteria

          Akaike (AIC)                    3339.789
          Bayesian (BIC)                  3459.519
          Sample-Size Adjusted BIC        3351.736
            (n* = (n + 2) / 24)



MODEL RESULTS

                                                    Two-Tailed
                    Estimate       S.E.  Est./S.E.    P-Value

 F        BY
    Y1                 0.673      0.040     16.766      0.000
    Y2               999.000      0.000    999.000    999.000
    Y3                 0.645      0.040     15.935      0.000
    Y4                 0.652      0.043     15.158      0.000
    Y5                 0.627      0.043     14.523      0.000
    Y6                 0.332      0.026     12.670      0.000
    Y7                 0.316      0.025     12.713      0.000
    Y8                 0.334      0.026     12.909      0.000
    Y9                 0.680      0.041     16.623      0.000
    Y10                0.635      0.038     16.827      0.000

 Y2       ON
    X1                -0.017      0.032     -0.511      0.610
    X2                 0.147      0.063      2.329      0.020

 Means
    F                  0.000      0.000    999.000    999.000

 Intercepts
    Y1                 1.736      0.050     34.908      0.000
    Y2                 1.651      0.056     29.434      0.000
    Y3                 3.004      0.049     61.116      0.000
    Y4                 2.988      0.051     58.160      0.000
    Y5                 3.032      0.051     59.601      0.000
    Y6                 1.156      0.030     38.999      0.000
    Y7                 1.172      0.028     41.602      0.000
    Y8                 1.140      0.029     38.748      0.000
    Y9                 1.748      0.050     34.643      0.000
    Y10                1.716      0.047     36.674      0.000

 Variances
    F                  1.000      0.000    999.000    999.000

 Residual Variances
    Y1                 0.165      0.017      9.503      0.000
    Y2                 0.221      0.022     10.100      0.000
    Y3                 0.188      0.019      9.805      0.000
    Y4                 0.235      0.023     10.043      0.000
    Y5                 0.253      0.025     10.203      0.000
    Y6                 0.109      0.010     10.499      0.000
    Y7                 0.098      0.009     10.538      0.000
    Y8                 0.105      0.010     10.472      0.000
    Y9                 0.175      0.018      9.565      0.000
    Y10                0.144      0.015      9.462      0.000

New/Additional Parameters
    L2_0               0.585      0.051     11.515      0.000
    L2_1              -0.013      0.034     -0.389      0.697
    L2_2               0.091      0.065      1.393      0.163


QUALITY OF NUMERICAL RESULTS

     Condition Number for the Information Matrix              0.855E-04
       (ratio of smallest to largest eigenvalue)


     Beginning Time:  20:22:45
        Ending Time:  20:22:46
       Elapsed Time:  00:00:01



MUTHEN & MUTHEN
3463 Stoner Ave.
Los Angeles, CA  90066

Tel: (310) 391-9971
Fax: (310) 391-8971
Web: www.StatModel.com
Support: Support@StatModel.com

Copyright (c) 1998-2019 Muthen & Muthen
