Mplus VERSION 8.3
MUTHEN & MUTHEN
04/24/2024   8:25 PM

INPUT INSTRUCTIONS


  TITLE: Test with 10 reps

  DATA:
  File is
  G3_B1_N1_rep3.csv;

  VARIABLE:
      Names are x1 x2 eta
  	y1 y2 y3 y4 y5 y6 y7 y8 y9 y10;
      Usevariables are y1-y10 x1 x2;
      constraint = x1 x2;

  MODEL:
      f BY y1* (l1);
      f BY y2* (l2);
      f BY y3* (l3);
      f BY y4* (l4);
      f BY y5* (l5);
      f BY y6* (l6);
      f BY y7* (l7);
      f BY y8* (l8);
      f BY y9* (l9);
      f BY y10* (l10);

  y1 ON x1 x2;
  f@1;
  [f@0];

  MODEL CONSTRAINT:
      new (l1_0 l1_1 l1_2);
      l1 = l1_0 + l1_1*x1 + l1_2*x2;




INPUT READING TERMINATED NORMALLY



Test with 10 reps

SUMMARY OF ANALYSIS

Number of groups                                                 1
Number of observations                                         250

Number of dependent variables                                   10
Number of independent variables                                  2
Number of continuous latent variables                            1

Observed dependent variables

  Continuous
   Y1          Y2          Y3          Y4          Y5          Y6
   Y7          Y8          Y9          Y10

Observed independent variables
   X1          X2

Continuous latent variables
   F


Estimator                                                       ML
Information matrix                                        OBSERVED
Maximum number of iterations                                  1000
Convergence criterion                                    0.500D-04
Maximum number of steepest descent iterations                   20

Input data file(s)
  G3_B1_N1_rep3.csv

Input data format  FREE



UNIVARIATE SAMPLE STATISTICS


     UNIVARIATE HIGHER-ORDER MOMENT DESCRIPTIVE STATISTICS

         Variable/         Mean/     Skewness/   Minimum/ % with                Percentiles
        Sample Size      Variance    Kurtosis    Maximum  Min/Max      20%/60%    40%/80%    Median

     Y1                    1.832       0.453       1.000   32.40%       1.000      2.000      2.000
             250.000       0.476      -0.056       4.000    1.20%       2.000      2.000
     Y2                    1.828       0.757       1.000   34.80%       1.000      2.000      2.000
             250.000       0.550       0.875       5.000    0.40%       2.000      2.000
     Y3                    3.104       0.130       1.000    0.40%       3.000      3.000      3.000
             250.000       0.493       0.047       5.000    2.00%       3.000      4.000
     Y4                    3.084      -0.196       1.000    1.60%       2.000      3.000      3.000
             250.000       0.573      -0.197       5.000    1.20%       3.000      4.000
     Y5                    3.116      -0.306       1.000    2.40%       3.000      3.000      3.000
             250.000       0.615      -0.017       5.000    1.60%       3.000      4.000
     Y6                    1.148       2.224       1.000   85.60%       1.000      1.000      1.000
             250.000       0.134       3.742       3.000    0.40%       1.000      1.000
     Y7                    1.148       2.224       1.000   85.60%       1.000      1.000      1.000
             250.000       0.134       3.742       3.000    0.40%       1.000      1.000
     Y8                    1.176       2.646       1.000   83.60%       1.000      1.000      1.000
             250.000       0.177       8.851       4.000    0.40%       1.000      1.000
     Y9                    1.788       0.820       1.000   38.40%       1.000      2.000      2.000
             250.000       0.567       0.838       5.000    0.40%       2.000      2.000
     Y10                   1.844       0.556       1.000   34.00%       1.000      2.000      2.000
             250.000       0.540      -0.040       4.000    2.00%       2.000      2.000
     X1                    0.105       0.084      -2.313    0.40%      -0.691     -0.176      0.118
             250.000       0.917       0.010       3.535    0.40%       0.331      0.960
     X2                    0.424       0.308       0.000   57.60%       0.000      0.000      0.000
             250.000       0.244      -1.905       1.000   42.40%       1.000      1.000


THE MODEL ESTIMATION TERMINATED NORMALLY



MODEL FIT INFORMATION

Number of Free Parameters                       34

Loglikelihood

          H0 Value                       -1489.483

Information Criteria

          Akaike (AIC)                    3046.967
          Bayesian (BIC)                  3166.696
          Sample-Size Adjusted BIC        3058.913
            (n* = (n + 2) / 24)



MODEL RESULTS

                                                    Two-Tailed
                    Estimate       S.E.  Est./S.E.    P-Value

 F        BY
    Y1               999.000      0.000    999.000    999.000
    Y2                 0.609      0.039     15.650      0.000
    Y3                 0.569      0.037     15.341      0.000
    Y4                 0.604      0.040     14.974      0.000
    Y5                 0.646      0.041     15.744      0.000
    Y6                 0.239      0.021     11.315      0.000
    Y7                 0.225      0.021     10.522      0.000
    Y8                 0.279      0.024     11.567      0.000
    Y9                 0.620      0.039     15.705      0.000
    Y10                0.597      0.039     15.387      0.000

 Y1       ON
    X1                -0.019      0.029     -0.673      0.501
    X2                 0.003      0.054      0.061      0.951

 Means
    F                  0.000      0.000    999.000    999.000

 Intercepts
    Y1                 1.842      0.050     37.042      0.000
    Y2                 1.828      0.047     38.958      0.000
    Y3                 3.104      0.044     69.885      0.000
    Y4                 3.084      0.048     64.421      0.000
    Y5                 3.116      0.050     62.848      0.000
    Y6                 1.148      0.023     49.568      0.000
    Y7                 1.148      0.023     49.568      0.000
    Y8                 1.176      0.027     44.194      0.000
    Y9                 1.788      0.048     37.543      0.000
    Y10                1.844      0.046     39.689      0.000

 Variances
    F                  1.000      0.000    999.000    999.000

 Residual Variances
    Y1                 0.156      0.016      9.763      0.000
    Y2                 0.179      0.018      9.692      0.000
    Y3                 0.169      0.017      9.804      0.000
    Y4                 0.208      0.021      9.920      0.000
    Y5                 0.197      0.020      9.638      0.000
    Y6                 0.077      0.007     10.634      0.000
    Y7                 0.083      0.008     10.741      0.000
    Y8                 0.099      0.009     10.609      0.000
    Y9                 0.183      0.019      9.675      0.000
    Y10                0.184      0.019      9.803      0.000

New/Additional Parameters
    L1_0               0.572      0.043     13.267      0.000
    L1_1              -0.094      0.033     -2.811      0.005
    L1_2              -0.002      0.056     -0.044      0.965


QUALITY OF NUMERICAL RESULTS

     Condition Number for the Information Matrix              0.519E-04
       (ratio of smallest to largest eigenvalue)


     Beginning Time:  20:25:59
        Ending Time:  20:26:00
       Elapsed Time:  00:00:01



MUTHEN & MUTHEN
3463 Stoner Ave.
Los Angeles, CA  90066

Tel: (310) 391-9971
Fax: (310) 391-8971
Web: www.StatModel.com
Support: Support@StatModel.com

Copyright (c) 1998-2019 Muthen & Muthen
