Mplus VERSION 8.3
MUTHEN & MUTHEN
04/24/2024   8:54 PM

INPUT INSTRUCTIONS


  TITLE: Test with 10 reps

  DATA:
  File is
  G3_B1_N1_rep41.csv;

  VARIABLE:
      Names are x1 x2 eta
  	y1 y2 y3 y4 y5 y6 y7 y8 y9 y10;
      Usevariables are y1-y10 x1 x2;
      constraint = x1 x2;

  MODEL:
      f BY y1* (l1);
      f BY y2* (l2);
      f BY y3* (l3);
      f BY y4* (l4);
      f BY y5* (l5);
      f BY y6* (l6);
      f BY y7* (l7);
      f BY y8* (l8);
      f BY y9* (l9);
      f BY y10* (l10);

  y3 ON x1 x2;
  f@1;
  [f@0];

  MODEL CONSTRAINT:
      new (l3_0 l3_1 l3_2);
      l3 = l3_0 + l3_1*x1 + l3_2*x2;




INPUT READING TERMINATED NORMALLY



Test with 10 reps

SUMMARY OF ANALYSIS

Number of groups                                                 1
Number of observations                                         250

Number of dependent variables                                   10
Number of independent variables                                  2
Number of continuous latent variables                            1

Observed dependent variables

  Continuous
   Y1          Y2          Y3          Y4          Y5          Y6
   Y7          Y8          Y9          Y10

Observed independent variables
   X1          X2

Continuous latent variables
   F


Estimator                                                       ML
Information matrix                                        OBSERVED
Maximum number of iterations                                  1000
Convergence criterion                                    0.500D-04
Maximum number of steepest descent iterations                   20

Input data file(s)
  G3_B1_N1_rep41.csv

Input data format  FREE



UNIVARIATE SAMPLE STATISTICS


     UNIVARIATE HIGHER-ORDER MOMENT DESCRIPTIVE STATISTICS

         Variable/         Mean/     Skewness/   Minimum/ % with                Percentiles
        Sample Size      Variance    Kurtosis    Maximum  Min/Max      20%/60%    40%/80%    Median

     Y1                    1.796       1.105       1.000   42.40%       1.000      1.000      2.000
             250.000       0.722       1.384       5.000    1.20%       2.000      2.000
     Y2                    1.880       1.053       1.000   35.60%       1.000      2.000      2.000
             250.000       0.722       1.377       5.000    1.20%       2.000      2.000
     Y3                    3.084      -0.017       1.000    2.80%       2.000      3.000      3.000
             250.000       0.757      -0.208       5.000    4.40%       3.000      4.000
     Y4                    3.052       0.093       1.000    2.00%       2.000      3.000      3.000
             250.000       0.729      -0.315       5.000    4.00%       3.000      4.000
     Y5                    3.072       0.070       1.000    1.60%       2.000      3.000      3.000
             250.000       0.699      -0.349       5.000    3.60%       3.000      4.000
     Y6                    1.188       2.279       1.000   83.20%       1.000      1.000      1.000
             250.000       0.193       4.570       3.000    2.00%       1.000      1.000
     Y7                    1.176       2.927       1.000   85.60%       1.000      1.000      1.000
             250.000       0.217       9.194       4.000    0.40%       1.000      1.000
     Y8                    1.212       3.563       1.000   84.00%       1.000      1.000      1.000
             250.000       0.327      14.993       5.000    0.40%       1.000      1.000
     Y9                    1.820       0.768       1.000   35.60%       1.000      2.000      2.000
             250.000       0.556       0.848       5.000    0.40%       2.000      2.000
     Y10                   1.868       0.930       1.000   34.80%       1.000      2.000      2.000
             250.000       0.651       1.180       5.000    0.80%       2.000      2.000
     X1                   -0.048       0.094      -2.823    0.40%      -0.916     -0.341     -0.078
             250.000       1.028      -0.186       2.595    0.40%       0.166      0.772
     X2                    0.488       0.048       0.000   51.20%       0.000      0.000      0.000
             250.000       0.250      -1.998       1.000   48.80%       1.000      1.000


THE MODEL ESTIMATION TERMINATED NORMALLY



MODEL FIT INFORMATION

Number of Free Parameters                       34

Loglikelihood

          H0 Value                       -1733.369

Information Criteria

          Akaike (AIC)                    3534.738
          Bayesian (BIC)                  3654.468
          Sample-Size Adjusted BIC        3546.685
            (n* = (n + 2) / 24)



MODEL RESULTS

                                                    Two-Tailed
                    Estimate       S.E.  Est./S.E.    P-Value

 F        BY
    Y1                 0.729      0.043     16.831      0.000
    Y2                 0.716      0.044     16.361      0.000
    Y3               999.000      0.000    999.000    999.000
    Y4                 0.715      0.044     16.183      0.000
    Y5                 0.676      0.044     15.343      0.000
    Y6                 0.321      0.024     13.252      0.000
    Y7                 0.305      0.027     11.428      0.000
    Y8                 0.405      0.032     12.661      0.000
    Y9                 0.614      0.039     15.799      0.000
    Y10                0.705      0.041     17.376      0.000

 Y3       ON
    X1                 0.078      0.032      2.438      0.015
    X2                 0.020      0.065      0.313      0.754

 Means
    F                  0.000      0.000    999.000    999.000

 Intercepts
    Y1                 1.796      0.054     33.411      0.000
    Y2                 1.880      0.054     34.993      0.000
    Y3                 3.086      0.065     47.347      0.000
    Y4                 3.052      0.054     56.507      0.000
    Y5                 3.072      0.053     58.105      0.000
    Y6                 1.188      0.028     42.795      0.000
    Y7                 1.176      0.029     39.914      0.000
    Y8                 1.212      0.036     33.509      0.000
    Y9                 1.820      0.047     38.607      0.000
    Y10                1.868      0.051     36.618      0.000

 Variances
    F                  1.000      0.000    999.000    999.000

 Residual Variances
    Y1                 0.191      0.020      9.554      0.000
    Y2                 0.209      0.021      9.779      0.000
    Y3                 0.227      0.023      9.826      0.000
    Y4                 0.218      0.022      9.773      0.000
    Y5                 0.242      0.024     10.034      0.000
    Y6                 0.090      0.009     10.475      0.000
    Y7                 0.124      0.012     10.730      0.000
    Y8                 0.163      0.015     10.551      0.000
    Y9                 0.178      0.018      9.963      0.000
    Y10                0.153      0.016      9.310      0.000

New/Additional Parameters
    L3_0               0.757      0.061     12.481      0.000
    L3_1              -0.022      0.031     -0.718      0.473
    L3_2              -0.079      0.068     -1.164      0.245


QUALITY OF NUMERICAL RESULTS

     Condition Number for the Information Matrix              0.718E-04
       (ratio of smallest to largest eigenvalue)


     Beginning Time:  20:54:54
        Ending Time:  20:54:55
       Elapsed Time:  00:00:01



MUTHEN & MUTHEN
3463 Stoner Ave.
Los Angeles, CA  90066

Tel: (310) 391-9971
Fax: (310) 391-8971
Web: www.StatModel.com
Support: Support@StatModel.com

Copyright (c) 1998-2019 Muthen & Muthen
