Mplus VERSION 8.3
MUTHEN & MUTHEN
04/24/2024   9:03 PM

INPUT INSTRUCTIONS


  TITLE: Test with 10 reps

  DATA:
  File is
  G3_B1_N1_rep441.csv;

  VARIABLE:
      Names are x1 x2 eta
  	y1 y2 y3 y4 y5 y6 y7 y8 y9 y10;
      Usevariables are y1-y10 x1 x2;
      constraint = x1 x2;

  MODEL:
      f BY y1* (l1);
      f BY y2* (l2);
      f BY y3* (l3);
      f BY y4* (l4);
      f BY y5* (l5);
      f BY y6* (l6);
      f BY y7* (l7);
      f BY y8* (l8);
      f BY y9* (l9);
      f BY y10* (l10);

  y8 ON x1 x2;
  f@1;
  [f@0];

  MODEL CONSTRAINT:
      new (l8_0 l8_1 l8_2);
      l8 = l8_0 + l8_1*x1 + l8_2*x2;




INPUT READING TERMINATED NORMALLY



Test with 10 reps

SUMMARY OF ANALYSIS

Number of groups                                                 1
Number of observations                                         250

Number of dependent variables                                   10
Number of independent variables                                  2
Number of continuous latent variables                            1

Observed dependent variables

  Continuous
   Y1          Y2          Y3          Y4          Y5          Y6
   Y7          Y8          Y9          Y10

Observed independent variables
   X1          X2

Continuous latent variables
   F


Estimator                                                       ML
Information matrix                                        OBSERVED
Maximum number of iterations                                  1000
Convergence criterion                                    0.500D-04
Maximum number of steepest descent iterations                   20

Input data file(s)
  G3_B1_N1_rep441.csv

Input data format  FREE



UNIVARIATE SAMPLE STATISTICS


     UNIVARIATE HIGHER-ORDER MOMENT DESCRIPTIVE STATISTICS

         Variable/         Mean/     Skewness/   Minimum/ % with                Percentiles
        Sample Size      Variance    Kurtosis    Maximum  Min/Max      20%/60%    40%/80%    Median

     Y1                    1.804       0.725       1.000   38.40%       1.000      2.000      2.000
             250.000       0.582       0.455       5.000    0.40%       2.000      2.000
     Y2                    1.836       0.920       1.000   35.20%       1.000      2.000      2.000
             250.000       0.593       1.455       5.000    0.80%       2.000      2.000
     Y3                    3.124      -0.226       1.000    2.00%       2.000      3.000      3.000
             250.000       0.637      -0.212       5.000    2.00%       3.000      4.000
     Y4                    3.096      -0.070       1.000    1.20%       2.000      3.000      3.000
             250.000       0.615      -0.389       5.000    2.00%       3.000      4.000
     Y5                    3.092       0.044       1.000    1.60%       3.000      3.000      3.000
             250.000       0.604       0.156       5.000    3.20%       3.000      4.000
     Y6                    1.164       2.030       1.000   84.00%       1.000      1.000      1.000
             250.000       0.145       2.807       3.000    0.40%       1.000      1.000
     Y7                    1.184       2.851       1.000   85.20%       1.000      1.000      1.000
             250.000       0.230       8.488       4.000    0.40%       1.000      1.000
     Y8                    1.168       2.962       1.000   85.60%       1.000      1.000      1.000
             250.000       0.196       9.983       4.000    0.40%       1.000      1.000
     Y9                    1.812       0.555       1.000   35.20%       1.000      2.000      2.000
             250.000       0.513      -0.020       4.000    1.60%       2.000      2.000
     Y10                   1.856       0.643       1.000   36.80%       1.000      2.000      2.000
             250.000       0.635      -0.155       4.000    3.20%       2.000      2.000
     X1                   -0.007       0.234      -2.817    0.40%      -0.913     -0.254     -0.024
             250.000       1.085       0.351       3.652    0.40%       0.194      0.823
     X2                    0.560      -0.242       0.000   44.00%       0.000      0.000      1.000
             250.000       0.246      -1.942       1.000   56.00%       1.000      1.000


THE MODEL ESTIMATION TERMINATED NORMALLY



MODEL FIT INFORMATION

Number of Free Parameters                       34

Loglikelihood

          H0 Value                       -1623.642

Information Criteria

          Akaike (AIC)                    3315.285
          Bayesian (BIC)                  3435.014
          Sample-Size Adjusted BIC        3327.231
            (n* = (n + 2) / 24)



MODEL RESULTS

                                                    Two-Tailed
                    Estimate       S.E.  Est./S.E.    P-Value

 F        BY
    Y1                 0.618      0.040     15.361      0.000
    Y2                 0.652      0.040     16.457      0.000
    Y3                 0.652      0.042     15.531      0.000
    Y4                 0.643      0.041     15.632      0.000
    Y5                 0.593      0.042     14.057      0.000
    Y6                 0.263      0.022     12.197      0.000
    Y7                 0.306      0.028     11.047      0.000
    Y8               999.000      0.000    999.000    999.000
    Y9                 0.588      0.038     15.669      0.000
    Y10                0.689      0.041     16.985      0.000

 Y8       ON
    X1                -0.032      0.021     -1.544      0.122
    X2                 0.071      0.045      1.570      0.116

 Means
    F                  0.000      0.000    999.000    999.000

 Intercepts
    Y1                 1.804      0.048     37.402      0.000
    Y2                 1.836      0.049     37.694      0.000
    Y3                 3.124      0.050     61.907      0.000
    Y4                 3.096      0.050     62.432      0.000
    Y5                 3.092      0.049     62.930      0.000
    Y6                 1.164      0.024     48.315      0.000
    Y7                 1.184      0.030     39.023      0.000
    Y8                 1.119      0.035     32.243      0.000
    Y9                 1.812      0.045     40.014      0.000
    Y10                1.856      0.050     36.819      0.000

 Variances
    F                  1.000      0.000    999.000    999.000

 Residual Variances
    Y1                 0.200      0.020      9.918      0.000
    Y2                 0.167      0.018      9.508      0.000
    Y3                 0.212      0.022      9.818      0.000
    Y4                 0.201      0.021      9.789      0.000
    Y5                 0.252      0.025     10.242      0.000
    Y6                 0.076      0.007     10.554      0.000
    Y7                 0.136      0.013     10.706      0.000
    Y8                 0.114      0.011     10.664      0.000
    Y9                 0.167      0.017      9.817      0.000
    Y10                0.161      0.017      9.238      0.000

New/Additional Parameters
    L8_0               0.179      0.037      4.824      0.000
    L8_1              -0.009      0.022     -0.412      0.680
    L8_2               0.148      0.047      3.165      0.002


QUALITY OF NUMERICAL RESULTS

     Condition Number for the Information Matrix              0.513E-04
       (ratio of smallest to largest eigenvalue)


     Beginning Time:  21:03:20
        Ending Time:  21:03:21
       Elapsed Time:  00:00:01



MUTHEN & MUTHEN
3463 Stoner Ave.
Los Angeles, CA  90066

Tel: (310) 391-9971
Fax: (310) 391-8971
Web: www.StatModel.com
Support: Support@StatModel.com

Copyright (c) 1998-2019 Muthen & Muthen
