Mplus VERSION 8.3
MUTHEN & MUTHEN
04/24/2024   8:53 PM

INPUT INSTRUCTIONS


  TITLE: Test with 10 reps

  DATA:
  File is
  G3_B1_N1_rep405.csv;

  VARIABLE:
      Names are x1 x2 eta
  	y1 y2 y3 y4 y5 y6 y7 y8 y9 y10;
      Usevariables are y1-y10 x1 x2;
      constraint = x1 x2;

  MODEL:
      f BY y1* (l1);
      f BY y2* (l2);
      f BY y3* (l3);
      f BY y4* (l4);
      f BY y5* (l5);
      f BY y6* (l6);
      f BY y7* (l7);
      f BY y8* (l8);
      f BY y9* (l9);
      f BY y10* (l10);

  y6 ON x1 x2;
  f@1;
  [f@0];

  MODEL CONSTRAINT:
      new (l6_0 l6_1 l6_2);
      l6 = l6_0 + l6_1*x1 + l6_2*x2;




INPUT READING TERMINATED NORMALLY



Test with 10 reps

SUMMARY OF ANALYSIS

Number of groups                                                 1
Number of observations                                         250

Number of dependent variables                                   10
Number of independent variables                                  2
Number of continuous latent variables                            1

Observed dependent variables

  Continuous
   Y1          Y2          Y3          Y4          Y5          Y6
   Y7          Y8          Y9          Y10

Observed independent variables
   X1          X2

Continuous latent variables
   F


Estimator                                                       ML
Information matrix                                        OBSERVED
Maximum number of iterations                                  1000
Convergence criterion                                    0.500D-04
Maximum number of steepest descent iterations                   20

Input data file(s)
  G3_B1_N1_rep405.csv

Input data format  FREE



UNIVARIATE SAMPLE STATISTICS


     UNIVARIATE HIGHER-ORDER MOMENT DESCRIPTIVE STATISTICS

         Variable/         Mean/     Skewness/   Minimum/ % with                Percentiles
        Sample Size      Variance    Kurtosis    Maximum  Min/Max      20%/60%    40%/80%    Median

     Y1                    1.980       0.769       1.000   32.00%       1.000      2.000      2.000
             250.000       0.756       0.578       5.000    1.20%       2.000      3.000
     Y2                    1.948       0.765       1.000   32.80%       1.000      2.000      2.000
             250.000       0.721       0.494       5.000    0.80%       2.000      3.000
     Y3                    3.244      -0.164       1.000    1.20%       3.000      3.000      3.000
             250.000       0.664      -0.296       5.000    4.00%       3.000      4.000
     Y4                    3.204      -0.176       1.000    1.60%       3.000      3.000      3.000
             250.000       0.674      -0.253       5.000    3.60%       3.000      4.000
     Y5                    3.244      -0.178       1.000    1.60%       3.000      3.000      3.000
             250.000       0.632       0.055       5.000    4.00%       3.000      4.000
     Y6                    1.284       2.976       1.000   76.40%       1.000      1.000      1.000
             250.000       0.355      12.376       5.000    0.80%       1.000      2.000
     Y7                    1.248       2.851       1.000   80.00%       1.000      1.000      1.000
             250.000       0.314      10.562       5.000    0.40%       1.000      1.000
     Y8                    1.216       3.224       1.000   82.00%       1.000      1.000      1.000
             250.000       0.273      14.174       5.000    0.40%       1.000      1.000
     Y9                    1.976       0.687       1.000   30.00%       1.000      2.000      2.000
             250.000       0.679       0.524       5.000    0.80%       2.000      3.000
     Y10                   1.956       0.993       1.000   31.20%       1.000      2.000      2.000
             250.000       0.738       1.366       5.000    1.60%       2.000      3.000
     X1                    0.062      -0.005      -2.717    0.40%      -0.771     -0.227      0.072
             250.000       0.898      -0.357       2.383    0.40%       0.308      0.889
     X2                    0.552      -0.209       0.000   44.80%       0.000      0.000      1.000
             250.000       0.247      -1.956       1.000   55.20%       1.000      1.000


THE MODEL ESTIMATION TERMINATED NORMALLY



MODEL FIT INFORMATION

Number of Free Parameters                       34

Loglikelihood

          H0 Value                       -1903.835

Information Criteria

          Akaike (AIC)                    3875.670
          Bayesian (BIC)                  3995.400
          Sample-Size Adjusted BIC        3887.617
            (n* = (n + 2) / 24)



MODEL RESULTS

                                                    Two-Tailed
                    Estimate       S.E.  Est./S.E.    P-Value

 F        BY
    Y1                 0.740      0.045     16.588      0.000
    Y2                 0.701      0.044     15.815      0.000
    Y3                 0.673      0.043     15.793      0.000
    Y4                 0.649      0.044     14.776      0.000
    Y5                 0.647      0.042     15.467      0.000
    Y6               999.000      0.000    999.000    999.000
    Y7                 0.391      0.032     12.387      0.000
    Y8                 0.329      0.030     10.871      0.000
    Y9                 0.694      0.043     16.307      0.000
    Y10                0.708      0.045     15.785      0.000

 Y6       ON
    X1                 0.009      0.027      0.325      0.745
    X2                 0.040      0.053      0.762      0.446

 Means
    F                  0.000      0.000    999.000    999.000

 Intercepts
    Y1                 1.980      0.055     36.016      0.000
    Y2                 1.948      0.054     36.266      0.000
    Y3                 3.244      0.052     62.924      0.000
    Y4                 3.204      0.052     61.689      0.000
    Y5                 3.244      0.050     64.496      0.000
    Y6                 1.246      0.043     28.810      0.000
    Y7                 1.248      0.035     35.187      0.000
    Y8                 1.216      0.033     36.775      0.000
    Y9                 1.976      0.052     37.904      0.000
    Y10                1.956      0.054     35.999      0.000

 Variances
    F                  1.000      0.000    999.000    999.000

 Residual Variances
    Y1                 0.208      0.022      9.512      0.000
    Y2                 0.230      0.023      9.827      0.000
    Y3                 0.212      0.022      9.770      0.000
    Y4                 0.254      0.025     10.081      0.000
    Y5                 0.213      0.022      9.900      0.000
    Y6                 0.150      0.015     10.181      0.000
    Y7                 0.162      0.015     10.529      0.000
    Y8                 0.165      0.015     10.735      0.000
    Y9                 0.198      0.021      9.642      0.000
    Y10                0.236      0.024      9.843      0.000

New/Additional Parameters
    L6_0               0.334      0.044      7.519      0.000
    L6_1               0.048      0.032      1.474      0.141
    L6_2               0.169      0.055      3.049      0.002


QUALITY OF NUMERICAL RESULTS

     Condition Number for the Information Matrix              0.204E-03
       (ratio of smallest to largest eigenvalue)


     Beginning Time:  20:53:46
        Ending Time:  20:53:47
       Elapsed Time:  00:00:01



MUTHEN & MUTHEN
3463 Stoner Ave.
Los Angeles, CA  90066

Tel: (310) 391-9971
Fax: (310) 391-8971
Web: www.StatModel.com
Support: Support@StatModel.com

Copyright (c) 1998-2019 Muthen & Muthen
