Mplus VERSION 8.3
MUTHEN & MUTHEN
04/24/2024   9:14 PM

INPUT INSTRUCTIONS


  TITLE: Test with 10 reps

  DATA:
  File is
  G3_B1_N1_rep483.csv;

  VARIABLE:
      Names are x1 x2 eta
  	y1 y2 y3 y4 y5 y6 y7 y8 y9 y10;
      Usevariables are y1-y10 x1 x2;
      constraint = x1 x2;

  MODEL:
      f BY y1* (l1);
      f BY y2* (l2);
      f BY y3* (l3);
      f BY y4* (l4);
      f BY y5* (l5);
      f BY y6* (l6);
      f BY y7* (l7);
      f BY y8* (l8);
      f BY y9* (l9);
      f BY y10* (l10);

  y2 ON x1 x2;
  f@1;
  [f@0];

  MODEL CONSTRAINT:
      new (l2_0 l2_1 l2_2);
      l2 = l2_0 + l2_1*x1 + l2_2*x2;




INPUT READING TERMINATED NORMALLY



Test with 10 reps

SUMMARY OF ANALYSIS

Number of groups                                                 1
Number of observations                                         250

Number of dependent variables                                   10
Number of independent variables                                  2
Number of continuous latent variables                            1

Observed dependent variables

  Continuous
   Y1          Y2          Y3          Y4          Y5          Y6
   Y7          Y8          Y9          Y10

Observed independent variables
   X1          X2

Continuous latent variables
   F


Estimator                                                       ML
Information matrix                                        OBSERVED
Maximum number of iterations                                  1000
Convergence criterion                                    0.500D-04
Maximum number of steepest descent iterations                   20

Input data file(s)
  G3_B1_N1_rep483.csv

Input data format  FREE



UNIVARIATE SAMPLE STATISTICS


     UNIVARIATE HIGHER-ORDER MOMENT DESCRIPTIVE STATISTICS

         Variable/         Mean/     Skewness/   Minimum/ % with                Percentiles
        Sample Size      Variance    Kurtosis    Maximum  Min/Max      20%/60%    40%/80%    Median

     Y1                    1.788       1.117       1.000   40.80%       1.000      1.000      2.000
             250.000       0.663       1.765       5.000    1.20%       2.000      2.000
     Y2                    1.816       1.094       1.000   38.80%       1.000      2.000      2.000
             250.000       0.670       1.704       5.000    1.20%       2.000      2.000
     Y3                    3.000       0.150       1.000    2.40%       2.000      3.000      3.000
             250.000       0.744      -0.268       5.000    4.00%       3.000      4.000
     Y4                    2.996       0.149       1.000    3.20%       2.000      3.000      3.000
             250.000       0.772      -0.091       5.000    4.80%       3.000      4.000
     Y5                    3.056       0.231       1.000    1.60%       2.000      3.000      3.000
             250.000       0.741      -0.243       5.000    5.20%       3.000      4.000
     Y6                    1.176       3.165       1.000   85.20%       1.000      1.000      1.000
             250.000       0.217      11.893       4.000    0.80%       1.000      1.000
     Y7                    1.160       3.034       1.000   86.00%       1.000      1.000      1.000
             250.000       0.182      10.828       4.000    0.40%       1.000      1.000
     Y8                    1.172       3.468       1.000   85.20%       1.000      1.000      1.000
             250.000       0.214      15.102       4.000    1.20%       1.000      1.000
     Y9                    1.796       1.164       1.000   39.20%       1.000      2.000      2.000
             250.000       0.650       2.036       5.000    1.20%       2.000      2.000
     Y10                   1.792       0.992       1.000   38.40%       1.000      2.000      2.000
             250.000       0.605       1.236       5.000    0.40%       2.000      2.000
     X1                   -0.019      -0.014      -2.654    0.40%      -0.845     -0.345     -0.050
             250.000       1.076      -0.326       2.893    0.40%       0.253      0.997
     X2                    0.492       0.032       0.000   50.80%       0.000      0.000      0.000
             250.000       0.250      -1.999       1.000   49.20%       1.000      1.000


THE MODEL ESTIMATION TERMINATED NORMALLY



MODEL FIT INFORMATION

Number of Free Parameters                       34

Loglikelihood

          H0 Value                       -1706.887

Information Criteria

          Akaike (AIC)                    3481.773
          Bayesian (BIC)                  3601.503
          Sample-Size Adjusted BIC        3493.720
            (n* = (n + 2) / 24)



MODEL RESULTS

                                                    Two-Tailed
                    Estimate       S.E.  Est./S.E.    P-Value

 F        BY
    Y1                 0.694      0.042     16.628      0.000
    Y2               999.000      0.000    999.000    999.000
    Y3                 0.698      0.045     15.355      0.000
    Y4                 0.728      0.046     15.907      0.000
    Y5                 0.674      0.046     14.630      0.000
    Y6                 0.325      0.026     12.431      0.000
    Y7                 0.293      0.024     12.172      0.000
    Y8                 0.325      0.026     12.534      0.000
    Y9                 0.701      0.041     17.190      0.000
    Y10                0.649      0.040     16.113      0.000

 Y2       ON
    X1                 0.025      0.028      0.884      0.377
    X2                 0.067      0.058      1.145      0.252

 Means
    F                  0.000      0.000    999.000    999.000

 Intercepts
    Y1                 1.788      0.051     34.719      0.000
    Y2                 1.779      0.059     29.958      0.000
    Y3                 3.000      0.055     54.993      0.000
    Y4                 2.996      0.056     53.915      0.000
    Y5                 3.056      0.054     56.138      0.000
    Y6                 1.176      0.029     39.914      0.000
    Y7                 1.160      0.027     42.945      0.000
    Y8                 1.172      0.029     40.019      0.000
    Y9                 1.796      0.051     35.212      0.000
    Y10                1.792      0.049     36.436      0.000

 Variances
    F                  1.000      0.000    999.000    999.000

 Residual Variances
    Y1                 0.182      0.019      9.588      0.000
    Y2                 0.183      0.019      9.637      0.000
    Y3                 0.257      0.026     10.014      0.000
    Y4                 0.242      0.025      9.828      0.000
    Y5                 0.286      0.028     10.213      0.000
    Y6                 0.111      0.011     10.565      0.000
    Y7                 0.096      0.009     10.622      0.000
    Y8                 0.109      0.010     10.557      0.000
    Y9                 0.159      0.017      9.347      0.000
    Y10                0.183      0.019      9.805      0.000

New/Additional Parameters
    L2_0               0.702      0.053     13.135      0.000
    L2_1               0.054      0.028      1.936      0.053
    L2_2              -0.037      0.061     -0.596      0.551


QUALITY OF NUMERICAL RESULTS

     Condition Number for the Information Matrix              0.810E-04
       (ratio of smallest to largest eigenvalue)


     Beginning Time:  21:14:14
        Ending Time:  21:14:15
       Elapsed Time:  00:00:01



MUTHEN & MUTHEN
3463 Stoner Ave.
Los Angeles, CA  90066

Tel: (310) 391-9971
Fax: (310) 391-8971
Web: www.StatModel.com
Support: Support@StatModel.com

Copyright (c) 1998-2019 Muthen & Muthen
