Mplus VERSION 8.3
MUTHEN & MUTHEN
04/24/2024   9:18 PM

INPUT INSTRUCTIONS


  TITLE: Test with 10 reps

  DATA:
  File is
  G3_B1_N1_rep5.csv;

  VARIABLE:
      Names are x1 x2 eta
  	y1 y2 y3 y4 y5 y6 y7 y8 y9 y10;
      Usevariables are y1-y10 x1 x2;
      constraint = x1 x2;

  MODEL:
      f BY y1* (l1);
      f BY y2* (l2);
      f BY y3* (l3);
      f BY y4* (l4);
      f BY y5* (l5);
      f BY y6* (l6);
      f BY y7* (l7);
      f BY y8* (l8);
      f BY y9* (l9);
      f BY y10* (l10);

  y5 ON x1 x2;
  f@1;
  [f@0];

  MODEL CONSTRAINT:
      new (l5_0 l5_1 l5_2);
      l5 = l5_0 + l5_1*x1 + l5_2*x2;




INPUT READING TERMINATED NORMALLY



Test with 10 reps

SUMMARY OF ANALYSIS

Number of groups                                                 1
Number of observations                                         250

Number of dependent variables                                   10
Number of independent variables                                  2
Number of continuous latent variables                            1

Observed dependent variables

  Continuous
   Y1          Y2          Y3          Y4          Y5          Y6
   Y7          Y8          Y9          Y10

Observed independent variables
   X1          X2

Continuous latent variables
   F


Estimator                                                       ML
Information matrix                                        OBSERVED
Maximum number of iterations                                  1000
Convergence criterion                                    0.500D-04
Maximum number of steepest descent iterations                   20

Input data file(s)
  G3_B1_N1_rep5.csv

Input data format  FREE



UNIVARIATE SAMPLE STATISTICS


     UNIVARIATE HIGHER-ORDER MOMENT DESCRIPTIVE STATISTICS

         Variable/         Mean/     Skewness/   Minimum/ % with                Percentiles
        Sample Size      Variance    Kurtosis    Maximum  Min/Max      20%/60%    40%/80%    Median

     Y1                    1.824       0.934       1.000   39.20%       1.000      2.000      2.000
             250.000       0.681       0.713       5.000    0.40%       2.000      2.000
     Y2                    1.796       0.766       1.000   40.40%       1.000      1.000      2.000
             250.000       0.626       0.068       4.000    3.20%       2.000      2.000
     Y3                    3.048      -0.215       1.000    4.00%       2.000      3.000      3.000
             250.000       0.694       0.172       5.000    2.80%       3.000      4.000
     Y4                    3.000       0.048       1.000    2.00%       2.000      3.000      3.000
             250.000       0.632      -0.096       5.000    2.40%       3.000      4.000
     Y5                    3.036      -0.302       1.000    3.20%       2.000      3.000      3.000
             250.000       0.635      -0.068       5.000    1.20%       3.000      4.000
     Y6                    1.188       2.183       1.000   82.80%       1.000      1.000      1.000
             250.000       0.185       4.078       3.000    1.60%       1.000      1.000
     Y7                    1.192       2.678       1.000   83.60%       1.000      1.000      1.000
             250.000       0.219       7.895       4.000    0.40%       1.000      1.000
     Y8                    1.184       3.048       1.000   84.40%       1.000      1.000      1.000
             250.000       0.222      11.080       4.000    0.80%       1.000      1.000
     Y9                    1.804       0.892       1.000   39.20%       1.000      2.000      2.000
             250.000       0.630       0.771       5.000    0.40%       2.000      2.000
     Y10                   1.832       0.887       1.000   37.20%       1.000      2.000      2.000
             250.000       0.628       1.094       5.000    0.80%       2.000      2.000
     X1                    0.123       0.047      -2.655    0.40%      -0.732     -0.171      0.026
             250.000       0.936      -0.286       2.621    0.40%       0.355      1.002
     X2                    0.520      -0.080       0.000   48.00%       0.000      0.000      1.000
             250.000       0.250      -1.994       1.000   52.00%       1.000      1.000


THE MODEL ESTIMATION TERMINATED NORMALLY



MODEL FIT INFORMATION

Number of Free Parameters                       34

Loglikelihood

          H0 Value                       -1706.508

Information Criteria

          Akaike (AIC)                    3481.016
          Bayesian (BIC)                  3600.746
          Sample-Size Adjusted BIC        3492.963
            (n* = (n + 2) / 24)



MODEL RESULTS

                                                    Two-Tailed
                    Estimate       S.E.  Est./S.E.    P-Value

 F        BY
    Y1                 0.665      0.044     15.216      0.000
    Y2                 0.658      0.041     15.977      0.000
    Y3                 0.680      0.044     15.513      0.000
    Y4                 0.641      0.042     15.219      0.000
    Y5               999.000      0.000    999.000    999.000
    Y6                 0.309      0.024     12.919      0.000
    Y7                 0.331      0.026     12.622      0.000
    Y8                 0.333      0.026     12.599      0.000
    Y9                 0.648      0.042     15.541      0.000
    Y10                0.676      0.041     16.634      0.000

 Y5       ON
    X1                 0.017      0.034      0.505      0.613
    X2                 0.147      0.066      2.231      0.026

 Means
    F                  0.000      0.000    999.000    999.000

 Intercepts
    Y1                 1.824      0.052     34.947      0.000
    Y2                 1.796      0.050     35.880      0.000
    Y3                 3.048      0.053     57.863      0.000
    Y4                 3.000      0.050     59.667      0.000
    Y5                 2.973      0.063     46.841      0.000
    Y6                 1.188      0.027     43.712      0.000
    Y7                 1.192      0.030     40.261      0.000
    Y8                 1.184      0.030     39.719      0.000
    Y9                 1.804      0.050     35.949      0.000
    Y10                1.832      0.050     36.559      0.000

 Variances
    F                  1.000      0.000    999.000    999.000

 Residual Variances
    Y1                 0.239      0.024      9.956      0.000
    Y2                 0.194      0.020      9.724      0.000
    Y3                 0.231      0.024      9.789      0.000
    Y4                 0.222      0.022      9.938      0.000
    Y5                 0.237      0.024     10.027      0.000
    Y6                 0.089      0.009     10.436      0.000
    Y7                 0.109      0.010     10.458      0.000
    Y8                 0.111      0.011     10.470      0.000
    Y9                 0.210      0.021      9.859      0.000
    Y10                0.171      0.018      9.432      0.000

New/Additional Parameters
    L5_0               0.678      0.058     11.639      0.000
    L5_1              -0.055      0.039     -1.399      0.162
    L5_2              -0.101      0.067     -1.498      0.134


QUALITY OF NUMERICAL RESULTS

     Condition Number for the Information Matrix              0.713E-04
       (ratio of smallest to largest eigenvalue)


     Beginning Time:  21:18:30
        Ending Time:  21:18:31
       Elapsed Time:  00:00:01



MUTHEN & MUTHEN
3463 Stoner Ave.
Los Angeles, CA  90066

Tel: (310) 391-9971
Fax: (310) 391-8971
Web: www.StatModel.com
Support: Support@StatModel.com

Copyright (c) 1998-2019 Muthen & Muthen
