Mplus VERSION 8.3
MUTHEN & MUTHEN
04/24/2024   9:19 PM

INPUT INSTRUCTIONS


  TITLE: Test with 10 reps

  DATA:
  File is
  G3_B1_N1_rep54.csv;

  VARIABLE:
      Names are x1 x2 eta
  	y1 y2 y3 y4 y5 y6 y7 y8 y9 y10;
      Usevariables are y1-y10 x1 x2;
      constraint = x1 x2;

  MODEL:
      f BY y1* (l1);
      f BY y2* (l2);
      f BY y3* (l3);
      f BY y4* (l4);
      f BY y5* (l5);
      f BY y6* (l6);
      f BY y7* (l7);
      f BY y8* (l8);
      f BY y9* (l9);
      f BY y10* (l10);

  y2 ON x1 x2;
  f@1;
  [f@0];

  MODEL CONSTRAINT:
      new (l2_0 l2_1 l2_2);
      l2 = l2_0 + l2_1*x1 + l2_2*x2;




INPUT READING TERMINATED NORMALLY



Test with 10 reps

SUMMARY OF ANALYSIS

Number of groups                                                 1
Number of observations                                         250

Number of dependent variables                                   10
Number of independent variables                                  2
Number of continuous latent variables                            1

Observed dependent variables

  Continuous
   Y1          Y2          Y3          Y4          Y5          Y6
   Y7          Y8          Y9          Y10

Observed independent variables
   X1          X2

Continuous latent variables
   F


Estimator                                                       ML
Information matrix                                        OBSERVED
Maximum number of iterations                                  1000
Convergence criterion                                    0.500D-04
Maximum number of steepest descent iterations                   20

Input data file(s)
  G3_B1_N1_rep54.csv

Input data format  FREE



UNIVARIATE SAMPLE STATISTICS


     UNIVARIATE HIGHER-ORDER MOMENT DESCRIPTIVE STATISTICS

         Variable/         Mean/     Skewness/   Minimum/ % with                Percentiles
        Sample Size      Variance    Kurtosis    Maximum  Min/Max      20%/60%    40%/80%    Median

     Y1                    1.792       0.983       1.000   39.20%       1.000      2.000      2.000
             250.000       0.613       1.409       5.000    0.80%       2.000      2.000
     Y2                    1.816       0.591       1.000   38.40%       1.000      2.000      2.000
             250.000       0.590      -0.300       4.000    2.00%       2.000      2.000
     Y3                    3.084      -0.235       1.000    4.40%       2.000      3.000      3.000
             250.000       0.765      -0.005       5.000    3.60%       3.000      4.000
     Y4                    3.028      -0.251       1.000    4.00%       2.000      3.000      3.000
             250.000       0.715      -0.166       5.000    2.00%       3.000      4.000
     Y5                    3.040      -0.199       1.000    3.60%       2.000      3.000      3.000
             250.000       0.694      -0.039       5.000    2.40%       3.000      4.000
     Y6                    1.208       3.458       1.000   83.20%       1.000      1.000      1.000
             250.000       0.285      15.442       5.000    0.40%       1.000      1.000
     Y7                    1.200       3.260       1.000   82.00%       1.000      1.000      1.000
             250.000       0.224      16.694       5.000    0.40%       1.000      1.000
     Y8                    1.164       2.824       1.000   84.80%       1.000      1.000      1.000
             250.000       0.169      10.119       4.000    0.40%       1.000      1.000
     Y9                    1.816       0.845       1.000   40.00%       1.000      1.000      2.000
             250.000       0.654       0.747       5.000    0.80%       2.000      2.000
     Y10                   1.780       1.065       1.000   42.00%       1.000      1.000      2.000
             250.000       0.684       1.016       5.000    0.40%       2.000      2.000
     X1                   -0.063      -0.095      -2.940    0.40%      -0.855     -0.368     -0.048
             250.000       0.999       0.211       3.295    0.40%       0.193      0.769
     X2                    0.524      -0.096       0.000   47.60%       0.000      0.000      1.000
             250.000       0.249      -1.991       1.000   52.40%       1.000      1.000


THE MODEL ESTIMATION TERMINATED NORMALLY



MODEL FIT INFORMATION

Number of Free Parameters                       34

Loglikelihood

          H0 Value                       -1791.401

Information Criteria

          Akaike (AIC)                    3650.802
          Bayesian (BIC)                  3770.532
          Sample-Size Adjusted BIC        3662.749
            (n* = (n + 2) / 24)



MODEL RESULTS

                                                    Two-Tailed
                    Estimate       S.E.  Est./S.E.    P-Value

 F        BY
    Y1                 0.634      0.041     15.336      0.000
    Y2               999.000      0.000    999.000    999.000
    Y3                 0.693      0.047     14.821      0.000
    Y4                 0.679      0.045     15.108      0.000
    Y5                 0.662      0.044     14.879      0.000
    Y6                 0.371      0.030     12.316      0.000
    Y7                 0.315      0.027     11.604      0.000
    Y8                 0.288      0.023     12.444      0.000
    Y9                 0.670      0.042     15.876      0.000
    Y10                0.678      0.043     15.627      0.000

 Y2       ON
    X1                -0.030      0.028     -1.083      0.279
    X2                 0.055      0.055      0.988      0.323

 Means
    F                  0.000      0.000    999.000    999.000

 Intercepts
    Y1                 1.792      0.050     36.197      0.000
    Y2                 1.791      0.058     30.966      0.000
    Y3                 3.084      0.055     55.753      0.000
    Y4                 3.028      0.053     56.612      0.000
    Y5                 3.040      0.053     57.682      0.000
    Y6                 1.208      0.034     35.794      0.000
    Y7                 1.200      0.030     40.089      0.000
    Y8                 1.164      0.026     44.755      0.000
    Y9                 1.816      0.051     35.502      0.000
    Y10                1.780      0.052     34.040      0.000

 Variances
    F                  1.000      0.000    999.000    999.000

 Residual Variances
    Y1                 0.211      0.021      9.882      0.000
    Y2                 0.156      0.017      9.250      0.000
    Y3                 0.285      0.029      9.961      0.000
    Y4                 0.254      0.026      9.874      0.000
    Y5                 0.256      0.026      9.962      0.000
    Y6                 0.147      0.014     10.476      0.000
    Y7                 0.125      0.012     10.579      0.000
    Y8                 0.086      0.008     10.450      0.000
    Y9                 0.205      0.021      9.710      0.000
    Y10                0.224      0.023      9.797      0.000

New/Additional Parameters
    L2_0               0.680      0.053     12.905      0.000
    L2_1              -0.017      0.030     -0.571      0.568
    L2_2              -0.031      0.058     -0.536      0.592


QUALITY OF NUMERICAL RESULTS

     Condition Number for the Information Matrix              0.660E-04
       (ratio of smallest to largest eigenvalue)


     Beginning Time:  21:19:50
        Ending Time:  21:19:51
       Elapsed Time:  00:00:01



MUTHEN & MUTHEN
3463 Stoner Ave.
Los Angeles, CA  90066

Tel: (310) 391-9971
Fax: (310) 391-8971
Web: www.StatModel.com
Support: Support@StatModel.com

Copyright (c) 1998-2019 Muthen & Muthen
