Mplus VERSION 8.3
MUTHEN & MUTHEN
04/24/2024   9:26 PM

INPUT INSTRUCTIONS


  TITLE: Test with 10 reps

  DATA:
  File is
  G3_B1_N1_rep79.csv;

  VARIABLE:
      Names are x1 x2 eta
  	y1 y2 y3 y4 y5 y6 y7 y8 y9 y10;
      Usevariables are y1-y10 x1 x2;
      constraint = x1 x2;

  MODEL:
      f BY y1* (l1);
      f BY y2* (l2);
      f BY y3* (l3);
      f BY y4* (l4);
      f BY y5* (l5);
      f BY y6* (l6);
      f BY y7* (l7);
      f BY y8* (l8);
      f BY y9* (l9);
      f BY y10* (l10);

  y4 ON x1 x2;
  f@1;
  [f@0];

  MODEL CONSTRAINT:
      new (l4_0 l4_1 l4_2);
      l4 = l4_0 + l4_1*x1 + l4_2*x2;




INPUT READING TERMINATED NORMALLY



Test with 10 reps

SUMMARY OF ANALYSIS

Number of groups                                                 1
Number of observations                                         250

Number of dependent variables                                   10
Number of independent variables                                  2
Number of continuous latent variables                            1

Observed dependent variables

  Continuous
   Y1          Y2          Y3          Y4          Y5          Y6
   Y7          Y8          Y9          Y10

Observed independent variables
   X1          X2

Continuous latent variables
   F


Estimator                                                       ML
Information matrix                                        OBSERVED
Maximum number of iterations                                  1000
Convergence criterion                                    0.500D-04
Maximum number of steepest descent iterations                   20

Input data file(s)
  G3_B1_N1_rep79.csv

Input data format  FREE



UNIVARIATE SAMPLE STATISTICS


     UNIVARIATE HIGHER-ORDER MOMENT DESCRIPTIVE STATISTICS

         Variable/         Mean/     Skewness/   Minimum/ % with                Percentiles
        Sample Size      Variance    Kurtosis    Maximum  Min/Max      20%/60%    40%/80%    Median

     Y1                    1.872       0.775       1.000   34.40%       1.000      2.000      2.000
             250.000       0.616       0.913       5.000    0.80%       2.000      2.000
     Y2                    1.804       0.790       1.000   37.20%       1.000      2.000      2.000
             250.000       0.566       0.800       5.000    0.40%       2.000      2.000
     Y3                    3.192       0.063       1.000    0.80%       3.000      3.000      3.000
             250.000       0.603      -0.090       5.000    4.00%       3.000      4.000
     Y4                    3.144       0.242       2.000   19.20%       3.000      3.000      3.000
             250.000       0.579      -0.324       5.000    3.60%       3.000      4.000
     Y5                    3.132      -0.185       1.000    2.00%       3.000      3.000      3.000
             250.000       0.611       0.054       5.000    2.40%       3.000      4.000
     Y6                    1.184       3.048       1.000   84.40%       1.000      1.000      1.000
             250.000       0.222      11.080       4.000    0.80%       1.000      1.000
     Y7                    1.192       2.233       1.000   82.80%       1.000      1.000      1.000
             250.000       0.195       4.343       3.000    2.00%       1.000      1.000
     Y8                    1.224       2.319       1.000   80.40%       1.000      1.000      1.000
             250.000       0.238       5.856       4.000    0.40%       1.000      1.000
     Y9                    1.832       0.752       1.000   34.40%       1.000      2.000      2.000
             250.000       0.548       0.890       5.000    0.40%       2.000      2.000
     Y10                   1.836       0.931       1.000   36.40%       1.000      2.000      2.000
             250.000       0.625       1.269       5.000    0.80%       2.000      2.000
     X1                   -0.013      -0.063      -3.029    0.40%      -0.866     -0.323     -0.066
             250.000       1.085      -0.281       2.256    0.40%       0.200      0.858
     X2                    0.492       0.032       0.000   50.80%       0.000      0.000      0.000
             250.000       0.250      -1.999       1.000   49.20%       1.000      1.000


THE MODEL ESTIMATION TERMINATED NORMALLY



MODEL FIT INFORMATION

Number of Free Parameters                       34

Loglikelihood

          H0 Value                       -1631.794

Information Criteria

          Akaike (AIC)                    3331.588
          Bayesian (BIC)                  3451.317
          Sample-Size Adjusted BIC        3343.534
            (n* = (n + 2) / 24)



MODEL RESULTS

                                                    Two-Tailed
                    Estimate       S.E.  Est./S.E.    P-Value

 F        BY
    Y1                 0.654      0.041     16.041      0.000
    Y2                 0.636      0.039     16.418      0.000
    Y3                 0.598      0.042     14.226      0.000
    Y4               999.000      0.000    999.000    999.000
    Y5                 0.609      0.042     14.481      0.000
    Y6                 0.348      0.026     13.419      0.000
    Y7                 0.315      0.025     12.746      0.000
    Y8                 0.358      0.027     13.292      0.000
    Y9                 0.603      0.039     15.502      0.000
    Y10                0.654      0.041     15.859      0.000

 Y4       ON
    X1                 0.012      0.028      0.444      0.657
    X2                 0.064      0.057      1.126      0.260

 Means
    F                  0.000      0.000    999.000    999.000

 Intercepts
    Y1                 1.872      0.050     37.724      0.000
    Y2                 1.804      0.048     37.928      0.000
    Y3                 3.192      0.049     64.987      0.000
    Y4                 3.124      0.055     56.780      0.000
    Y5                 3.132      0.049     63.375      0.000
    Y6                 1.184      0.030     39.720      0.000
    Y7                 1.192      0.028     42.666      0.000
    Y8                 1.224      0.031     39.685      0.000
    Y9                 1.832      0.047     39.138      0.000
    Y10                1.836      0.050     36.717      0.000

 Variances
    F                  1.000      0.000    999.000    999.000

 Residual Variances
    Y1                 0.188      0.019      9.704      0.000
    Y2                 0.161      0.017      9.569      0.000
    Y3                 0.246      0.024     10.212      0.000
    Y4                 0.171      0.018      9.636      0.000
    Y5                 0.240      0.024     10.124      0.000
    Y6                 0.101      0.010     10.350      0.000
    Y7                 0.096      0.009     10.470      0.000
    Y8                 0.110      0.011     10.364      0.000
    Y9                 0.184      0.019      9.884      0.000
    Y10                0.197      0.020      9.781      0.000

New/Additional Parameters
    L4_0               0.615      0.049     12.632      0.000
    L4_1              -0.069      0.028     -2.473      0.013
    L4_2               0.054      0.058      0.930      0.352


QUALITY OF NUMERICAL RESULTS

     Condition Number for the Information Matrix              0.819E-04
       (ratio of smallest to largest eigenvalue)


     Beginning Time:  21:26:06
        Ending Time:  21:26:08
       Elapsed Time:  00:00:02



MUTHEN & MUTHEN
3463 Stoner Ave.
Los Angeles, CA  90066

Tel: (310) 391-9971
Fax: (310) 391-8971
Web: www.StatModel.com
Support: Support@StatModel.com

Copyright (c) 1998-2019 Muthen & Muthen
