Mplus VERSION 8.3
MUTHEN & MUTHEN
04/23/2024  12:42 PM

INPUT INSTRUCTIONS


  TITLE: Test with 10 reps

  DATA:
  File is
  G1_B1_N2_rep160.csv;

  VARIABLE:
      Names are x1 x2 eta
  	y1 y2 y3 y4 y5 y6 y7 y8 y9 y10;
      Usevariables are y1-y10 x1 x2;
      constraint = x1 x2;

  MODEL:
      f BY y1* (l1);
      f BY y2* (l2);
      f BY y3* (l3);
      f BY y4* (l4);
      f BY y5* (l5);
      f BY y6* (l6);
      f BY y7* (l7);
      f BY y8* (l8);
      f BY y9* (l9);
      f BY y10* (l10);

  y9 ON x1 x2;
  f@1;
  [f@0];

  MODEL CONSTRAINT:
      new (l9_0 l9_1 l9_2);
      l9 = l9_0 + l9_1*x1 + l9_2*x2;




INPUT READING TERMINATED NORMALLY



Test with 10 reps

SUMMARY OF ANALYSIS

Number of groups                                                 1
Number of observations                                         500

Number of dependent variables                                   10
Number of independent variables                                  2
Number of continuous latent variables                            1

Observed dependent variables

  Continuous
   Y1          Y2          Y3          Y4          Y5          Y6
   Y7          Y8          Y9          Y10

Observed independent variables
   X1          X2

Continuous latent variables
   F


Estimator                                                       ML
Information matrix                                        OBSERVED
Maximum number of iterations                                  1000
Convergence criterion                                    0.500D-04
Maximum number of steepest descent iterations                   20

Input data file(s)
  G1_B1_N2_rep160.csv

Input data format  FREE



UNIVARIATE SAMPLE STATISTICS


     UNIVARIATE HIGHER-ORDER MOMENT DESCRIPTIVE STATISTICS

         Variable/         Mean/     Skewness/   Minimum/ % with                Percentiles
        Sample Size      Variance    Kurtosis    Maximum  Min/Max      20%/60%    40%/80%    Median

     Y1                    1.766       0.922       1.000   37.80%       1.000      2.000      2.000
             500.000       0.527       1.461       5.000    0.40%       2.000      2.000
     Y2                    1.804       0.950       1.000   37.80%       1.000      2.000      2.000
             500.000       0.598       1.438       5.000    0.80%       2.000      2.000
     Y3                    3.048      -0.158       1.000    2.60%       2.000      3.000      3.000
             500.000       0.622       0.059       5.000    2.00%       3.000      4.000
     Y4                    2.982       0.127       1.000    1.80%       2.000      3.000      3.000
             500.000       0.638      -0.124       5.000    2.60%       3.000      4.000
     Y5                    3.048      -0.028       1.000    2.00%       2.000      3.000      3.000
             500.000       0.586       0.237       5.000    2.40%       3.000      4.000
     Y6                    1.188       2.628       1.000   83.20%       1.000      1.000      1.000
             500.000       0.201       8.092       4.000    0.40%       1.000      1.000
     Y7                    1.166       2.907       1.000   85.20%       1.000      1.000      1.000
             500.000       0.182      10.118       4.000    0.40%       1.000      1.000
     Y8                    1.152       2.582       1.000   85.40%       1.000      1.000      1.000
             500.000       0.145       7.898       4.000    0.20%       1.000      1.000
     Y9                    1.768       0.846       1.000   38.80%       1.000      2.000      2.000
             500.000       0.542       1.040       5.000    0.40%       2.000      2.000
     Y10                   1.806       0.833       1.000   38.60%       1.000      2.000      2.000
             500.000       0.608       0.691       5.000    0.40%       2.000      2.000
     X1                   -0.094      -0.032      -3.309    0.20%      -0.912     -0.321     -0.046
             500.000       1.026       0.322       3.269    0.20%       0.181      0.667
     X2                    0.506      -0.024       0.000   49.40%       0.000      0.000      1.000
             500.000       0.250      -1.999       1.000   50.60%       1.000      1.000


THE MODEL ESTIMATION TERMINATED NORMALLY



MODEL FIT INFORMATION

Number of Free Parameters                       34

Loglikelihood

          H0 Value                       -4173.543

Information Criteria

          Akaike (AIC)                    8415.086
          Bayesian (BIC)                  8558.382
          Sample-Size Adjusted BIC        8450.464
            (n* = (n + 2) / 24)



MODEL RESULTS

                                                    Two-Tailed
                    Estimate       S.E.  Est./S.E.    P-Value

 F        BY
    Y1                 0.418      0.032     13.113      0.000
    Y2                 0.481      0.033     14.432      0.000
    Y3                 0.493      0.034     14.529      0.000
    Y4                 0.542      0.034     16.123      0.000
    Y5                 0.491      0.033     14.997      0.000
    Y6                 0.226      0.020     11.220      0.000
    Y7                 0.224      0.019     11.739      0.000
    Y8                 0.202      0.017     11.915      0.000
    Y9               999.000      0.000    999.000    999.000
    Y10                0.536      0.033     16.391      0.000

 Y9       ON
    X1                 0.026      0.026      0.972      0.331
    X2                 0.146      0.053      2.756      0.006

 Means
    F                  0.000      0.000    999.000    999.000

 Intercepts
    Y1                 1.766      0.032     54.384      0.000
    Y2                 1.804      0.035     52.182      0.000
    Y3                 3.048      0.035     86.440      0.000
    Y4                 2.982      0.036     83.502      0.000
    Y5                 3.048      0.034     89.057      0.000
    Y6                 1.188      0.020     59.303      0.000
    Y7                 1.166      0.019     61.041      0.000
    Y8                 1.152      0.017     67.672      0.000
    Y9                 1.693      0.042     40.672      0.000
    Y10                1.806      0.035     51.775      0.000

 Variances
    F                  1.000      0.000    999.000    999.000

 Residual Variances
    Y1                 0.352      0.024     14.482      0.000
    Y2                 0.366      0.026     14.125      0.000
    Y3                 0.379      0.027     14.109      0.000
    Y4                 0.344      0.025     13.524      0.000
    Y5                 0.345      0.025     13.943      0.000
    Y6                 0.150      0.010     14.902      0.000
    Y7                 0.132      0.009     14.801      0.000
    Y8                 0.104      0.007     14.761      0.000
    Y9                 0.313      0.022     13.931      0.000
    Y10                0.321      0.024     13.402      0.000

New/Additional Parameters
    L9_0               0.435      0.043     10.042      0.000
    L9_1               0.032      0.032      1.021      0.307
    L9_2               0.062      0.057      1.086      0.278


QUALITY OF NUMERICAL RESULTS

     Condition Number for the Information Matrix              0.483E-04
       (ratio of smallest to largest eigenvalue)


     Beginning Time:  12:42:14
        Ending Time:  12:42:15
       Elapsed Time:  00:00:01



MUTHEN & MUTHEN
3463 Stoner Ave.
Los Angeles, CA  90066

Tel: (310) 391-9971
Fax: (310) 391-8971
Web: www.StatModel.com
Support: Support@StatModel.com

Copyright (c) 1998-2019 Muthen & Muthen
