Mplus VERSION 8.3
MUTHEN & MUTHEN
04/23/2024  12:24 PM

INPUT INSTRUCTIONS


  TITLE: Test with 10 reps

  DATA:
  File is
  G1_B1_N2_rep110.csv;

  VARIABLE:
      Names are x1 x2 eta
  	y1 y2 y3 y4 y5 y6 y7 y8 y9 y10;
      Usevariables are y1-y10 x1 x2;
      constraint = x1 x2;

  MODEL:
      f BY y1* (l1);
      f BY y2* (l2);
      f BY y3* (l3);
      f BY y4* (l4);
      f BY y5* (l5);
      f BY y6* (l6);
      f BY y7* (l7);
      f BY y8* (l8);
      f BY y9* (l9);
      f BY y10* (l10);

  y6 ON x1 x2;
  f@1;
  [f@0];

  MODEL CONSTRAINT:
      new (l6_0 l6_1 l6_2);
      l6 = l6_0 + l6_1*x1 + l6_2*x2;




INPUT READING TERMINATED NORMALLY



Test with 10 reps

SUMMARY OF ANALYSIS

Number of groups                                                 1
Number of observations                                         500

Number of dependent variables                                   10
Number of independent variables                                  2
Number of continuous latent variables                            1

Observed dependent variables

  Continuous
   Y1          Y2          Y3          Y4          Y5          Y6
   Y7          Y8          Y9          Y10

Observed independent variables
   X1          X2

Continuous latent variables
   F


Estimator                                                       ML
Information matrix                                        OBSERVED
Maximum number of iterations                                  1000
Convergence criterion                                    0.500D-04
Maximum number of steepest descent iterations                   20

Input data file(s)
  G1_B1_N2_rep110.csv

Input data format  FREE



UNIVARIATE SAMPLE STATISTICS


     UNIVARIATE HIGHER-ORDER MOMENT DESCRIPTIVE STATISTICS

         Variable/         Mean/     Skewness/   Minimum/ % with                Percentiles
        Sample Size      Variance    Kurtosis    Maximum  Min/Max      20%/60%    40%/80%    Median

     Y1                    1.838       0.922       1.000   39.40%       1.000      2.000      2.000
             500.000       0.704       0.802       5.000    0.80%       2.000      2.000
     Y2                    1.864       0.845       1.000   37.00%       1.000      2.000      2.000
             500.000       0.690       0.497       5.000    0.40%       2.000      2.000
     Y3                    3.058      -0.009       1.000    2.20%       2.000      3.000      3.000
             500.000       0.707      -0.307       5.000    3.20%       3.000      4.000
     Y4                    3.072       0.081       1.000    1.60%       2.000      3.000      3.000
             500.000       0.715      -0.394       5.000    3.80%       3.000      4.000
     Y5                    3.054       0.015       1.000    2.60%       2.000      3.000      3.000
             500.000       0.719      -0.147       5.000    3.80%       3.000      4.000
     Y6                    1.230       2.733       1.000   81.00%       1.000      1.000      1.000
             500.000       0.277       9.405       5.000    0.20%       1.000      1.000
     Y7                    1.204       2.785       1.000   82.40%       1.000      1.000      1.000
             500.000       0.234       9.339       4.000    0.80%       1.000      1.000
     Y8                    1.230       2.551       1.000   80.80%       1.000      1.000      1.000
             500.000       0.269       7.304       4.000    0.80%       1.000      1.000
     Y9                    1.848       1.100       1.000   36.40%       1.000      2.000      2.000
             500.000       0.681       1.713       5.000    1.20%       2.000      2.000
     Y10                   1.866       1.005       1.000   37.20%       1.000      2.000      2.000
             500.000       0.720       1.222       5.000    1.20%       2.000      2.000
     X1                    0.074      -0.121      -3.407    0.20%      -0.748     -0.176      0.100
             500.000       1.051       0.125       2.817    0.20%       0.341      0.879
     X2                    0.466       0.136       0.000   53.40%       0.000      0.000      0.000
             500.000       0.249      -1.981       1.000   46.60%       1.000      1.000


THE MODEL ESTIMATION TERMINATED NORMALLY



MODEL FIT INFORMATION

Number of Free Parameters                       34

Loglikelihood

          H0 Value                       -4660.927

Information Criteria

          Akaike (AIC)                    9389.854
          Bayesian (BIC)                  9533.151
          Sample-Size Adjusted BIC        9425.232
            (n* = (n + 2) / 24)



MODEL RESULTS

                                                    Two-Tailed
                    Estimate       S.E.  Est./S.E.    P-Value

 F        BY
    Y1                 0.550      0.035     15.601      0.000
    Y2                 0.528      0.035     15.014      0.000
    Y3                 0.571      0.035     16.357      0.000
    Y4                 0.572      0.035     16.298      0.000
    Y5                 0.584      0.035     16.639      0.000
    Y6               999.000      0.000    999.000    999.000
    Y7                 0.273      0.021     12.954      0.000
    Y8                 0.293      0.023     12.991      0.000
    Y9                 0.586      0.034     17.372      0.000
    Y10                0.555      0.036     15.581      0.000

 Y6       ON
    X1                -0.002      0.020     -0.107      0.915
    X2                 0.016      0.041      0.387      0.699

 Means
    F                  0.000      0.000    999.000    999.000

 Intercepts
    Y1                 1.838      0.038     48.991      0.000
    Y2                 1.864      0.037     50.195      0.000
    Y3                 3.058      0.038     81.344      0.000
    Y4                 3.072      0.038     81.247      0.000
    Y5                 3.054      0.038     80.531      0.000
    Y6                 1.219      0.029     41.733      0.000
    Y7                 1.204      0.022     55.609      0.000
    Y8                 1.230      0.023     53.019      0.000
    Y9                 1.848      0.037     50.078      0.000
    Y10                1.866      0.038     49.172      0.000

 Variances
    F                  1.000      0.000    999.000    999.000

 Residual Variances
    Y1                 0.402      0.028     14.115      0.000
    Y2                 0.411      0.029     14.272      0.000
    Y3                 0.381      0.027     13.899      0.000
    Y4                 0.387      0.028     13.927      0.000
    Y5                 0.379      0.027     13.790      0.000
    Y6                 0.194      0.013     14.834      0.000
    Y7                 0.160      0.011     14.762      0.000
    Y8                 0.183      0.012     14.760      0.000
    Y9                 0.337      0.025     13.528      0.000
    Y10                0.412      0.029     14.138      0.000

New/Additional Parameters
    L6_0               0.236      0.030      8.012      0.000
    L6_1               0.017      0.022      0.770      0.441
    L6_2               0.101      0.044      2.306      0.021


QUALITY OF NUMERICAL RESULTS

     Condition Number for the Information Matrix              0.114E-03
       (ratio of smallest to largest eigenvalue)


     Beginning Time:  12:24:52
        Ending Time:  12:24:53
       Elapsed Time:  00:00:01



MUTHEN & MUTHEN
3463 Stoner Ave.
Los Angeles, CA  90066

Tel: (310) 391-9971
Fax: (310) 391-8971
Web: www.StatModel.com
Support: Support@StatModel.com

Copyright (c) 1998-2019 Muthen & Muthen
