Mplus VERSION 8.3
MUTHEN & MUTHEN
04/23/2024  12:33 PM

INPUT INSTRUCTIONS


  TITLE: Test with 10 reps

  DATA:
  File is
  G1_B1_N2_rep134.csv;

  VARIABLE:
      Names are x1 x2 eta
  	y1 y2 y3 y4 y5 y6 y7 y8 y9 y10;
      Usevariables are y1-y10 x1 x2;
      constraint = x1 x2;

  MODEL:
      f BY y1* (l1);
      f BY y2* (l2);
      f BY y3* (l3);
      f BY y4* (l4);
      f BY y5* (l5);
      f BY y6* (l6);
      f BY y7* (l7);
      f BY y8* (l8);
      f BY y9* (l9);
      f BY y10* (l10);

  y5 ON x1 x2;
  f@1;
  [f@0];

  MODEL CONSTRAINT:
      new (l5_0 l5_1 l5_2);
      l5 = l5_0 + l5_1*x1 + l5_2*x2;




INPUT READING TERMINATED NORMALLY



Test with 10 reps

SUMMARY OF ANALYSIS

Number of groups                                                 1
Number of observations                                         500

Number of dependent variables                                   10
Number of independent variables                                  2
Number of continuous latent variables                            1

Observed dependent variables

  Continuous
   Y1          Y2          Y3          Y4          Y5          Y6
   Y7          Y8          Y9          Y10

Observed independent variables
   X1          X2

Continuous latent variables
   F


Estimator                                                       ML
Information matrix                                        OBSERVED
Maximum number of iterations                                  1000
Convergence criterion                                    0.500D-04
Maximum number of steepest descent iterations                   20

Input data file(s)
  G1_B1_N2_rep134.csv

Input data format  FREE



UNIVARIATE SAMPLE STATISTICS


     UNIVARIATE HIGHER-ORDER MOMENT DESCRIPTIVE STATISTICS

         Variable/         Mean/     Skewness/   Minimum/ % with                Percentiles
        Sample Size      Variance    Kurtosis    Maximum  Min/Max      20%/60%    40%/80%    Median

     Y1                    1.836       1.001       1.000   38.40%       1.000      2.000      2.000
             500.000       0.693       1.101       5.000    0.80%       2.000      2.000
     Y2                    1.802       1.083       1.000   41.00%       1.000      1.000      2.000
             500.000       0.699       1.361       5.000    1.00%       2.000      2.000
     Y3                    3.058       0.069       1.000    2.00%       2.000      3.000      3.000
             500.000       0.715      -0.278       5.000    3.80%       3.000      4.000
     Y4                    3.072       0.056       1.000    2.00%       2.000      3.000      3.000
             500.000       0.727      -0.313       5.000    4.00%       3.000      4.000
     Y5                    3.070       0.035       1.000    1.80%       2.000      3.000      3.000
             500.000       0.741      -0.513       5.000    3.60%       3.000      4.000
     Y6                    1.200       2.581       1.000   82.80%       1.000      1.000      1.000
             500.000       0.224       7.319       4.000    0.40%       1.000      1.000
     Y7                    1.218       3.121       1.000   81.60%       1.000      1.000      1.000
             500.000       0.266      13.637       5.000    0.40%       1.000      1.000
     Y8                    1.170       3.189       1.000   85.00%       1.000      1.000      1.000
             500.000       0.193      14.477       5.000    0.20%       1.000      1.000
     Y9                    1.790       0.995       1.000   42.40%       1.000      1.000      2.000
             500.000       0.690       0.976       5.000    0.80%       2.000      2.000
     Y10                   1.814       0.922       1.000   41.00%       1.000      1.000      2.000
             500.000       0.691       0.798       5.000    0.80%       2.000      2.000
     X1                   -0.046       0.169      -2.761    0.20%      -0.864     -0.355     -0.089
             500.000       0.998      -0.242       2.985    0.20%       0.141      0.845
     X2                    0.506      -0.024       0.000   49.40%       0.000      0.000      1.000
             500.000       0.250      -1.999       1.000   50.60%       1.000      1.000


THE MODEL ESTIMATION TERMINATED NORMALLY



MODEL FIT INFORMATION

Number of Free Parameters                       34

Loglikelihood

          H0 Value                       -4686.408

Information Criteria

          Akaike (AIC)                    9440.816
          Bayesian (BIC)                  9584.112
          Sample-Size Adjusted BIC        9476.194
            (n* = (n + 2) / 24)



MODEL RESULTS

                                                    Two-Tailed
                    Estimate       S.E.  Est./S.E.    P-Value

 F        BY
    Y1                 0.511      0.036     14.229      0.000
    Y2                 0.543      0.036     15.244      0.000
    Y3                 0.556      0.036     15.490      0.000
    Y4                 0.556      0.036     15.339      0.000
    Y5               999.000      0.000    999.000    999.000
    Y6                 0.225      0.021     10.482      0.000
    Y7                 0.260      0.023     11.234      0.000
    Y8                 0.222      0.020     11.272      0.000
    Y9                 0.562      0.035     16.095      0.000
    Y10                0.530      0.036     14.875      0.000

 Y5       ON
    X1                 0.026      0.031      0.848      0.396
    X2                -0.001      0.061     -0.022      0.982

 Means
    F                  0.000      0.000    999.000    999.000

 Intercepts
    Y1                 1.836      0.037     49.313      0.000
    Y2                 1.802      0.037     48.202      0.000
    Y3                 3.058      0.038     80.887      0.000
    Y4                 3.072      0.038     80.574      0.000
    Y5                 3.070      0.050     61.574      0.000
    Y6                 1.200      0.021     56.695      0.000
    Y7                 1.218      0.023     52.760      0.000
    Y8                 1.170      0.020     59.536      0.000
    Y9                 1.790      0.037     48.189      0.000
    Y10                1.814      0.037     48.782      0.000

 Variances
    F                  1.000      0.000    999.000    999.000

 Residual Variances
    Y1                 0.432      0.030     14.237      0.000
    Y2                 0.404      0.029     13.901      0.000
    Y3                 0.406      0.029     13.800      0.000
    Y4                 0.417      0.030     13.855      0.000
    Y5                 0.408      0.030     13.689      0.000
    Y6                 0.174      0.012     15.052      0.000
    Y7                 0.199      0.013     14.917      0.000
    Y8                 0.144      0.010     14.911      0.000
    Y9                 0.374      0.028     13.573      0.000
    Y10                0.411      0.029     14.004      0.000

New/Additional Parameters
    L5_0               0.584      0.048     12.071      0.000
    L5_1               0.033      0.032      1.019      0.308
    L5_2              -0.028      0.065     -0.424      0.672


QUALITY OF NUMERICAL RESULTS

     Condition Number for the Information Matrix              0.906E-04
       (ratio of smallest to largest eigenvalue)


     Beginning Time:  12:33:09
        Ending Time:  12:33:10
       Elapsed Time:  00:00:01



MUTHEN & MUTHEN
3463 Stoner Ave.
Los Angeles, CA  90066

Tel: (310) 391-9971
Fax: (310) 391-8971
Web: www.StatModel.com
Support: Support@StatModel.com

Copyright (c) 1998-2019 Muthen & Muthen
