Mplus VERSION 8.3
MUTHEN & MUTHEN
04/23/2024  12:45 PM

INPUT INSTRUCTIONS


  TITLE: Test with 10 reps

  DATA:
  File is
  G1_B1_N2_rep170.csv;

  VARIABLE:
      Names are x1 x2 eta
  	y1 y2 y3 y4 y5 y6 y7 y8 y9 y10;
      Usevariables are y1-y10 x1 x2;
      constraint = x1 x2;

  MODEL:
      f BY y1* (l1);
      f BY y2* (l2);
      f BY y3* (l3);
      f BY y4* (l4);
      f BY y5* (l5);
      f BY y6* (l6);
      f BY y7* (l7);
      f BY y8* (l8);
      f BY y9* (l9);
      f BY y10* (l10);

  y6 ON x1 x2;
  f@1;
  [f@0];

  MODEL CONSTRAINT:
      new (l6_0 l6_1 l6_2);
      l6 = l6_0 + l6_1*x1 + l6_2*x2;




INPUT READING TERMINATED NORMALLY



Test with 10 reps

SUMMARY OF ANALYSIS

Number of groups                                                 1
Number of observations                                         500

Number of dependent variables                                   10
Number of independent variables                                  2
Number of continuous latent variables                            1

Observed dependent variables

  Continuous
   Y1          Y2          Y3          Y4          Y5          Y6
   Y7          Y8          Y9          Y10

Observed independent variables
   X1          X2

Continuous latent variables
   F


Estimator                                                       ML
Information matrix                                        OBSERVED
Maximum number of iterations                                  1000
Convergence criterion                                    0.500D-04
Maximum number of steepest descent iterations                   20

Input data file(s)
  G1_B1_N2_rep170.csv

Input data format  FREE



UNIVARIATE SAMPLE STATISTICS


     UNIVARIATE HIGHER-ORDER MOMENT DESCRIPTIVE STATISTICS

         Variable/         Mean/     Skewness/   Minimum/ % with                Percentiles
        Sample Size      Variance    Kurtosis    Maximum  Min/Max      20%/60%    40%/80%    Median

     Y1                    1.794       1.093       1.000   37.00%       1.000      2.000      2.000
             500.000       0.584       2.043       5.000    0.80%       2.000      2.000
     Y2                    1.794       0.892       1.000   37.60%       1.000      2.000      2.000
             500.000       0.568       1.278       5.000    0.60%       2.000      2.000
     Y3                    3.114      -0.046       1.000    1.60%       2.000      3.000      3.000
             500.000       0.645      -0.186       5.000    3.00%       3.000      4.000
     Y4                    3.130       0.043       1.000    1.20%       3.000      3.000      3.000
             500.000       0.613      -0.050       5.000    3.40%       3.000      4.000
     Y5                    3.048       0.113       1.000    1.60%       2.000      3.000      3.000
             500.000       0.662      -0.161       5.000    3.40%       3.000      4.000
     Y6                    1.166       2.753       1.000   85.40%       1.000      1.000      1.000
             500.000       0.182       8.194       4.000    0.20%       1.000      1.000
     Y7                    1.174       2.819       1.000   84.60%       1.000      1.000      1.000
             500.000       0.192       9.339       4.000    0.40%       1.000      1.000
     Y8                    1.168       2.642       1.000   84.80%       1.000      1.000      1.000
             500.000       0.176       7.701       4.000    0.20%       1.000      1.000
     Y9                    1.840       0.786       1.000   37.60%       1.000      2.000      2.000
             500.000       0.642       0.459       5.000    0.40%       2.000      2.000
     Y10                   1.808       1.007       1.000   38.20%       1.000      2.000      2.000
             500.000       0.627       1.445       5.000    0.80%       2.000      2.000
     X1                    0.080       0.208      -2.590    0.20%      -0.707     -0.202      0.050
             500.000       0.903       0.040       3.297    0.20%       0.289      0.868
     X2                    0.522      -0.088       0.000   47.80%       0.000      0.000      1.000
             500.000       0.250      -1.992       1.000   52.20%       1.000      1.000


THE MODEL ESTIMATION TERMINATED NORMALLY



MODEL FIT INFORMATION

Number of Free Parameters                       34

Loglikelihood

          H0 Value                       -4302.386

Information Criteria

          Akaike (AIC)                    8672.773
          Bayesian (BIC)                  8816.069
          Sample-Size Adjusted BIC        8708.151
            (n* = (n + 2) / 24)



MODEL RESULTS

                                                    Two-Tailed
                    Estimate       S.E.  Est./S.E.    P-Value

 F        BY
    Y1                 0.431      0.034     12.824      0.000
    Y2                 0.467      0.033     14.354      0.000
    Y3                 0.522      0.034     15.297      0.000
    Y4                 0.530      0.033     16.101      0.000
    Y5                 0.546      0.034     15.934      0.000
    Y6               999.000      0.000    999.000    999.000
    Y7                 0.233      0.019     11.932      0.000
    Y8                 0.223      0.019     11.952      0.000
    Y9                 0.482      0.035     13.839      0.000
    Y10                0.564      0.033     17.213      0.000

 Y6       ON
    X1                 0.015      0.018      0.832      0.405
    X2                -0.018      0.035     -0.513      0.608

 Means
    F                  0.000      0.000    999.000    999.000

 Intercepts
    Y1                 1.794      0.034     52.513      0.000
    Y2                 1.794      0.034     53.248      0.000
    Y3                 3.114      0.036     86.701      0.000
    Y4                 3.130      0.035     89.385      0.000
    Y5                 3.048      0.036     83.786      0.000
    Y6                 1.176      0.027     43.725      0.000
    Y7                 1.174      0.020     59.954      0.000
    Y8                 1.168      0.019     62.294      0.000
    Y9                 1.840      0.036     51.333      0.000
    Y10                1.808      0.035     51.051      0.000

 Variances
    F                  1.000      0.000    999.000    999.000

 Residual Variances
    Y1                 0.398      0.027     14.584      0.000
    Y2                 0.350      0.025     14.153      0.000
    Y3                 0.372      0.027     13.895      0.000
    Y4                 0.332      0.024     13.592      0.000
    Y5                 0.363      0.027     13.647      0.000
    Y6                 0.144      0.010     15.119      0.000
    Y7                 0.138      0.009     14.781      0.000
    Y8                 0.126      0.009     14.761      0.000
    Y9                 0.410      0.029     14.329      0.000
    Y10                0.309      0.024     13.128      0.000

New/Additional Parameters
    L6_0               0.223      0.027      8.334      0.000
    L6_1               0.010      0.019      0.515      0.606
    L6_2              -0.060      0.038     -1.601      0.109


QUALITY OF NUMERICAL RESULTS

     Condition Number for the Information Matrix              0.707E-04
       (ratio of smallest to largest eigenvalue)


     Beginning Time:  12:45:29
        Ending Time:  12:45:30
       Elapsed Time:  00:00:01



MUTHEN & MUTHEN
3463 Stoner Ave.
Los Angeles, CA  90066

Tel: (310) 391-9971
Fax: (310) 391-8971
Web: www.StatModel.com
Support: Support@StatModel.com

Copyright (c) 1998-2019 Muthen & Muthen
