Mplus VERSION 8.3
MUTHEN & MUTHEN
04/23/2024  12:53 PM

INPUT INSTRUCTIONS


  TITLE: Test with 10 reps

  DATA:
  File is
  G1_B1_N2_rep195.csv;

  VARIABLE:
      Names are x1 x2 eta
  	y1 y2 y3 y4 y5 y6 y7 y8 y9 y10;
      Usevariables are y1-y10 x1 x2;
      constraint = x1 x2;

  MODEL:
      f BY y1* (l1);
      f BY y2* (l2);
      f BY y3* (l3);
      f BY y4* (l4);
      f BY y5* (l5);
      f BY y6* (l6);
      f BY y7* (l7);
      f BY y8* (l8);
      f BY y9* (l9);
      f BY y10* (l10);

  y8 ON x1 x2;
  f@1;
  [f@0];

  MODEL CONSTRAINT:
      new (l8_0 l8_1 l8_2);
      l8 = l8_0 + l8_1*x1 + l8_2*x2;




INPUT READING TERMINATED NORMALLY



Test with 10 reps

SUMMARY OF ANALYSIS

Number of groups                                                 1
Number of observations                                         500

Number of dependent variables                                   10
Number of independent variables                                  2
Number of continuous latent variables                            1

Observed dependent variables

  Continuous
   Y1          Y2          Y3          Y4          Y5          Y6
   Y7          Y8          Y9          Y10

Observed independent variables
   X1          X2

Continuous latent variables
   F


Estimator                                                       ML
Information matrix                                        OBSERVED
Maximum number of iterations                                  1000
Convergence criterion                                    0.500D-04
Maximum number of steepest descent iterations                   20

Input data file(s)
  G1_B1_N2_rep195.csv

Input data format  FREE



UNIVARIATE SAMPLE STATISTICS


     UNIVARIATE HIGHER-ORDER MOMENT DESCRIPTIVE STATISTICS

         Variable/         Mean/     Skewness/   Minimum/ % with                Percentiles
        Sample Size      Variance    Kurtosis    Maximum  Min/Max      20%/60%    40%/80%    Median

     Y1                    1.806       0.955       1.000   40.40%       1.000      1.000      2.000
             500.000       0.676       0.751       5.000    0.40%       2.000      2.000
     Y2                    1.848       1.060       1.000   36.80%       1.000      2.000      2.000
             500.000       0.693       1.314       5.000    0.80%       2.000      2.000
     Y3                    3.046      -0.219       1.000    2.80%       2.000      3.000      3.000
             500.000       0.660      -0.237       5.000    1.60%       3.000      4.000
     Y4                    3.014       0.021       1.000    1.60%       2.000      3.000      3.000
             500.000       0.642      -0.396       5.000    2.00%       3.000      4.000
     Y5                    3.036       0.039       1.000    2.40%       2.000      3.000      3.000
             500.000       0.683      -0.057       5.000    3.40%       3.000      4.000
     Y6                    1.182       2.891       1.000   84.00%       1.000      1.000      1.000
             500.000       0.205      10.175       4.000    0.60%       1.000      1.000
     Y7                    1.192       2.276       1.000   83.00%       1.000      1.000      1.000
             500.000       0.199       4.547       3.000    2.20%       1.000      1.000
     Y8                    1.188       2.864       1.000   84.00%       1.000      1.000      1.000
             500.000       0.221       9.501       4.000    0.60%       1.000      1.000
     Y9                    1.838       0.934       1.000   38.00%       1.000      2.000      2.000
             500.000       0.676       0.878       5.000    0.60%       2.000      2.000
     Y10                   1.830       1.018       1.000   38.20%       1.000      2.000      2.000
             500.000       0.673       1.359       5.000    1.00%       2.000      2.000
     X1                   -0.001       0.021      -3.112    0.20%      -0.931     -0.251      0.056
             500.000       1.026      -0.305       3.159    0.20%       0.293      0.810
     X2                    0.522      -0.088       0.000   47.80%       0.000      0.000      1.000
             500.000       0.250      -1.992       1.000   52.20%       1.000      1.000


THE MODEL ESTIMATION TERMINATED NORMALLY



MODEL FIT INFORMATION

Number of Free Parameters                       34

Loglikelihood

          H0 Value                       -4574.754

Information Criteria

          Akaike (AIC)                    9217.508
          Bayesian (BIC)                  9360.804
          Sample-Size Adjusted BIC        9252.886
            (n* = (n + 2) / 24)



MODEL RESULTS

                                                    Two-Tailed
                    Estimate       S.E.  Est./S.E.    P-Value

 F        BY
    Y1                 0.516      0.036     14.506      0.000
    Y2                 0.524      0.036     14.574      0.000
    Y3                 0.505      0.035     14.373      0.000
    Y4                 0.519      0.034     15.132      0.000
    Y5                 0.524      0.036     14.731      0.000
    Y6                 0.216      0.021     10.505      0.000
    Y7                 0.211      0.020     10.389      0.000
    Y8               999.000      0.000    999.000    999.000
    Y9                 0.541      0.035     15.419      0.000
    Y10                0.509      0.036     14.313      0.000

 Y8       ON
    X1                 0.005      0.018      0.272      0.786
    X2                 0.017      0.036      0.477      0.634

 Means
    F                  0.000      0.000    999.000    999.000

 Intercepts
    Y1                 1.806      0.037     49.104      0.000
    Y2                 1.848      0.037     49.642      0.000
    Y3                 3.046      0.036     83.846      0.000
    Y4                 3.014      0.036     84.125      0.000
    Y5                 3.036      0.037     82.162      0.000
    Y6                 1.182      0.020     58.392      0.000
    Y7                 1.192      0.020     59.729      0.000
    Y8                 1.174      0.028     41.992      0.000
    Y9                 1.838      0.037     49.996      0.000
    Y10                1.830      0.037     49.877      0.000

 Variances
    F                  1.000      0.000    999.000    999.000

 Residual Variances
    Y1                 0.411      0.029     13.987      0.000
    Y2                 0.419      0.030     13.970      0.000
    Y3                 0.404      0.029     14.032      0.000
    Y4                 0.372      0.027     13.777      0.000
    Y5                 0.408      0.029     13.920      0.000
    Y6                 0.158      0.011     14.973      0.000
    Y7                 0.155      0.010     14.993      0.000
    Y8                 0.152      0.011     14.452      0.000
    Y9                 0.383      0.028     13.663      0.000
    Y10                0.414      0.029     14.061      0.000

New/Additional Parameters
    L8_0               0.236      0.030      7.779      0.000
    L8_1               0.028      0.020      1.399      0.162
    L8_2               0.039      0.039      0.978      0.328


QUALITY OF NUMERICAL RESULTS

     Condition Number for the Information Matrix              0.103E-03
       (ratio of smallest to largest eigenvalue)


     Beginning Time:  12:53:49
        Ending Time:  12:53:51
       Elapsed Time:  00:00:02



MUTHEN & MUTHEN
3463 Stoner Ave.
Los Angeles, CA  90066

Tel: (310) 391-9971
Fax: (310) 391-8971
Web: www.StatModel.com
Support: Support@StatModel.com

Copyright (c) 1998-2019 Muthen & Muthen
