Mplus VERSION 8.3
MUTHEN & MUTHEN
04/23/2024  12:26 PM

INPUT INSTRUCTIONS


  TITLE: Test with 10 reps

  DATA:
  File is
  G1_B1_N2_rep115.csv;

  VARIABLE:
      Names are x1 x2 eta
  	y1 y2 y3 y4 y5 y6 y7 y8 y9 y10;
      Usevariables are y1-y10 x1 x2;
      constraint = x1 x2;

  MODEL:
      f BY y1* (l1);
      f BY y2* (l2);
      f BY y3* (l3);
      f BY y4* (l4);
      f BY y5* (l5);
      f BY y6* (l6);
      f BY y7* (l7);
      f BY y8* (l8);
      f BY y9* (l9);
      f BY y10* (l10);

  y7 ON x1 x2;
  f@1;
  [f@0];

  MODEL CONSTRAINT:
      new (l7_0 l7_1 l7_2);
      l7 = l7_0 + l7_1*x1 + l7_2*x2;




INPUT READING TERMINATED NORMALLY



Test with 10 reps

SUMMARY OF ANALYSIS

Number of groups                                                 1
Number of observations                                         500

Number of dependent variables                                   10
Number of independent variables                                  2
Number of continuous latent variables                            1

Observed dependent variables

  Continuous
   Y1          Y2          Y3          Y4          Y5          Y6
   Y7          Y8          Y9          Y10

Observed independent variables
   X1          X2

Continuous latent variables
   F


Estimator                                                       ML
Information matrix                                        OBSERVED
Maximum number of iterations                                  1000
Convergence criterion                                    0.500D-04
Maximum number of steepest descent iterations                   20

Input data file(s)
  G1_B1_N2_rep115.csv

Input data format  FREE



UNIVARIATE SAMPLE STATISTICS


     UNIVARIATE HIGHER-ORDER MOMENT DESCRIPTIVE STATISTICS

         Variable/         Mean/     Skewness/   Minimum/ % with                Percentiles
        Sample Size      Variance    Kurtosis    Maximum  Min/Max      20%/60%    40%/80%    Median

     Y1                    1.758       0.914       1.000   40.00%       1.000      1.000      2.000
             500.000       0.559       1.128       5.000    0.40%       2.000      2.000
     Y2                    1.820       0.820       1.000   36.60%       1.000      2.000      2.000
             500.000       0.592       0.659       5.000    0.20%       2.000      2.000
     Y3                    3.040       0.038       1.000    2.20%       2.000      3.000      3.000
             500.000       0.662      -0.032       5.000    3.20%       3.000      4.000
     Y4                    3.064      -0.071       1.000    3.80%       2.000      3.000      3.000
             500.000       0.772      -0.057       5.000    4.40%       3.000      4.000
     Y5                    3.056       0.148       1.000    2.20%       2.000      3.000      3.000
             500.000       0.721      -0.055       5.000    4.80%       3.000      4.000
     Y6                    1.160       2.711       1.000   85.40%       1.000      1.000      1.000
             500.000       0.166       8.268       4.000    0.20%       1.000      1.000
     Y7                    1.164       2.700       1.000   85.20%       1.000      1.000      1.000
             500.000       0.173       8.073       4.000    0.20%       1.000      1.000
     Y8                    1.184       2.680       1.000   83.60%       1.000      1.000      1.000
             500.000       0.198       8.427       4.000    0.40%       1.000      1.000
     Y9                    1.782       0.905       1.000   40.20%       1.000      1.000      2.000
             500.000       0.610       0.848       5.000    0.40%       2.000      2.000
     Y10                   1.776       0.969       1.000   39.20%       1.000      2.000      2.000
             500.000       0.582       1.395       5.000    0.60%       2.000      2.000
     X1                   -0.020       0.076      -2.742    0.20%      -0.877     -0.287     -0.033
             500.000       0.992      -0.139       2.656    0.20%       0.240      0.793
     X2                    0.462       0.152       0.000   53.80%       0.000      0.000      0.000
             500.000       0.249      -1.977       1.000   46.20%       1.000      1.000


THE MODEL ESTIMATION TERMINATED NORMALLY



MODEL FIT INFORMATION

Number of Free Parameters                       34

Loglikelihood

          H0 Value                       -4310.716

Information Criteria

          Akaike (AIC)                    8689.431
          Bayesian (BIC)                  8832.728
          Sample-Size Adjusted BIC        8724.810
            (n* = (n + 2) / 24)



MODEL RESULTS

                                                    Two-Tailed
                    Estimate       S.E.  Est./S.E.    P-Value

 F        BY
    Y1                 0.469      0.032     14.610      0.000
    Y2                 0.494      0.033     15.068      0.000
    Y3                 0.510      0.035     14.606      0.000
    Y4                 0.596      0.037     16.185      0.000
    Y5                 0.578      0.036     16.238      0.000
    Y6                 0.213      0.018     11.697      0.000
    Y7               999.000      0.000    999.000    999.000
    Y8                 0.243      0.020     12.318      0.000
    Y9                 0.507      0.033     15.284      0.000
    Y10                0.488      0.033     14.997      0.000

 Y7       ON
    X1                 0.012      0.017      0.749      0.454
    X2                -0.013      0.033     -0.392      0.695

 Means
    F                  0.000      0.000    999.000    999.000

 Intercepts
    Y1                 1.758      0.033     52.557      0.000
    Y2                 1.820      0.034     52.911      0.000
    Y3                 3.040      0.036     83.522      0.000
    Y4                 3.064      0.039     77.982      0.000
    Y5                 3.056      0.038     80.484      0.000
    Y6                 1.160      0.018     63.587      0.000
    Y7                 1.167      0.024     48.653      0.000
    Y8                 1.184      0.020     59.477      0.000
    Y9                 1.782      0.035     50.999      0.000
    Y10                1.776      0.034     52.063      0.000

 Variances
    F                  1.000      0.000    999.000    999.000

 Residual Variances
    Y1                 0.340      0.024     14.156      0.000
    Y2                 0.348      0.025     14.025      0.000
    Y3                 0.402      0.028     14.160      0.000
    Y4                 0.416      0.031     13.614      0.000
    Y5                 0.387      0.028     13.589      0.000
    Y6                 0.121      0.008     14.845      0.000
    Y7                 0.128      0.009     14.900      0.000
    Y8                 0.139      0.009     14.725      0.000
    Y9                 0.353      0.025     13.940      0.000
    Y10                0.344      0.024     14.040      0.000

New/Additional Parameters
    L7_0               0.191      0.026      7.425      0.000
    L7_1               0.009      0.018      0.514      0.607
    L7_2               0.038      0.036      1.065      0.287


QUALITY OF NUMERICAL RESULTS

     Condition Number for the Information Matrix              0.648E-04
       (ratio of smallest to largest eigenvalue)


     Beginning Time:  12:26:30
        Ending Time:  12:26:31
       Elapsed Time:  00:00:01



MUTHEN & MUTHEN
3463 Stoner Ave.
Los Angeles, CA  90066

Tel: (310) 391-9971
Fax: (310) 391-8971
Web: www.StatModel.com
Support: Support@StatModel.com

Copyright (c) 1998-2019 Muthen & Muthen
