Mplus VERSION 8.3
MUTHEN & MUTHEN
04/23/2024  12:40 PM

INPUT INSTRUCTIONS


  TITLE: Test with 10 reps

  DATA:
  File is
  G1_B1_N2_rep157.csv;

  VARIABLE:
      Names are x1 x2 eta
  	y1 y2 y3 y4 y5 y6 y7 y8 y9 y10;
      Usevariables are y1-y10 x1 x2;
      constraint = x1 x2;

  MODEL:
      f BY y1* (l1);
      f BY y2* (l2);
      f BY y3* (l3);
      f BY y4* (l4);
      f BY y5* (l5);
      f BY y6* (l6);
      f BY y7* (l7);
      f BY y8* (l8);
      f BY y9* (l9);
      f BY y10* (l10);

  y10 ON x1 x2;
  f@1;
  [f@0];

  MODEL CONSTRAINT:
      new (l10_0 l10_1 l10_2);
      l10 = l10_0 + l10_1*x1 + l10_2*x2;




INPUT READING TERMINATED NORMALLY



Test with 10 reps

SUMMARY OF ANALYSIS

Number of groups                                                 1
Number of observations                                         500

Number of dependent variables                                   10
Number of independent variables                                  2
Number of continuous latent variables                            1

Observed dependent variables

  Continuous
   Y1          Y2          Y3          Y4          Y5          Y6
   Y7          Y8          Y9          Y10

Observed independent variables
   X1          X2

Continuous latent variables
   F


Estimator                                                       ML
Information matrix                                        OBSERVED
Maximum number of iterations                                  1000
Convergence criterion                                    0.500D-04
Maximum number of steepest descent iterations                   20

Input data file(s)
  G1_B1_N2_rep157.csv

Input data format  FREE



UNIVARIATE SAMPLE STATISTICS


     UNIVARIATE HIGHER-ORDER MOMENT DESCRIPTIVE STATISTICS

         Variable/         Mean/     Skewness/   Minimum/ % with                Percentiles
        Sample Size      Variance    Kurtosis    Maximum  Min/Max      20%/60%    40%/80%    Median

     Y1                    1.834       0.898       1.000   36.20%       1.000      2.000      2.000
             500.000       0.614       1.097       5.000    0.60%       2.000      2.000
     Y2                    1.826       0.817       1.000   39.40%       1.000      2.000      2.000
             500.000       0.664       0.414       5.000    0.40%       2.000      2.000
     Y3                    3.070      -0.045       1.000    1.40%       2.000      3.000      3.000
             500.000       0.605      -0.252       5.000    2.00%       3.000      4.000
     Y4                    3.100       0.072       1.000    1.20%       2.000      3.000      3.000
             500.000       0.646      -0.234       5.000    3.40%       3.000      4.000
     Y5                    3.098      -0.179       1.000    2.40%       2.000      3.000      3.000
             500.000       0.644      -0.040       5.000    2.40%       3.000      4.000
     Y6                    1.192       2.446       1.000   83.00%       1.000      1.000      1.000
             500.000       0.203       6.251       4.000    0.20%       1.000      1.000
     Y7                    1.196       2.886       1.000   83.40%       1.000      1.000      1.000
             500.000       0.230      10.901       5.000    0.20%       1.000      1.000
     Y8                    1.148       2.904       1.000   86.60%       1.000      1.000      1.000
             500.000       0.158       9.589       4.000    0.20%       1.000      1.000
     Y9                    1.862       0.945       1.000   34.40%       1.000      2.000      2.000
             500.000       0.631       1.338       5.000    0.80%       2.000      2.000
     Y10                   1.826       0.659       1.000   36.60%       1.000      2.000      2.000
             500.000       0.576       0.200       5.000    0.20%       2.000      2.000
     X1                   -0.041      -0.040      -2.727    0.20%      -0.925     -0.315     -0.040
             500.000       1.048      -0.309       2.635    0.20%       0.185      0.855
     X2                    0.514      -0.056       0.000   48.60%       0.000      0.000      1.000
             500.000       0.250      -1.997       1.000   51.40%       1.000      1.000


THE MODEL ESTIMATION TERMINATED NORMALLY



MODEL FIT INFORMATION

Number of Free Parameters                       34

Loglikelihood

          H0 Value                       -4369.178

Information Criteria

          Akaike (AIC)                    8806.356
          Bayesian (BIC)                  8949.653
          Sample-Size Adjusted BIC        8841.735
            (n* = (n + 2) / 24)



MODEL RESULTS

                                                    Two-Tailed
                    Estimate       S.E.  Est./S.E.    P-Value

 F        BY
    Y1                 0.527      0.033     15.927      0.000
    Y2                 0.542      0.034     15.749      0.000
    Y3                 0.504      0.033     15.215      0.000
    Y4                 0.533      0.034     15.657      0.000
    Y5                 0.500      0.035     14.480      0.000
    Y6                 0.223      0.020     10.945      0.000
    Y7                 0.249      0.021     11.618      0.000
    Y8                 0.167      0.018      9.107      0.000
    Y9                 0.488      0.034     14.230      0.000
    Y10              999.000      0.000    999.000    999.000

 Y10      ON
    X1                 0.033      0.027      1.226      0.220
    X2                 0.086      0.054      1.586      0.113

 Means
    F                  0.000      0.000    999.000    999.000

 Intercepts
    Y1                 1.834      0.035     52.317      0.000
    Y2                 1.826      0.036     50.118      0.000
    Y3                 3.070      0.035     88.249      0.000
    Y4                 3.100      0.036     86.244      0.000
    Y5                 3.098      0.036     86.296      0.000
    Y6                 1.192      0.020     59.138      0.000
    Y7                 1.196      0.021     55.814      0.000
    Y8                 1.148      0.018     64.560      0.000
    Y9                 1.862      0.036     52.416      0.000
    Y10                1.786      0.044     40.379      0.000

 Variances
    F                  1.000      0.000    999.000    999.000

 Residual Variances
    Y1                 0.337      0.025     13.620      0.000
    Y2                 0.369      0.027     13.710      0.000
    Y3                 0.351      0.025     13.880      0.000
    Y4                 0.362      0.026     13.722      0.000
    Y5                 0.394      0.028     14.133      0.000
    Y6                 0.154      0.010     14.937      0.000
    Y7                 0.168      0.011     14.835      0.000
    Y8                 0.130      0.009     15.233      0.000
    Y9                 0.393      0.028     14.211      0.000
    Y10                0.318      0.023     13.756      0.000

New/Additional Parameters
    L10_0              0.519      0.046     11.380      0.000
    L10_1             -0.017      0.029     -0.568      0.570
    L10_2             -0.040      0.058     -0.692      0.489


QUALITY OF NUMERICAL RESULTS

     Condition Number for the Information Matrix              0.719E-04
       (ratio of smallest to largest eigenvalue)


     Beginning Time:  12:40:44
        Ending Time:  12:40:45
       Elapsed Time:  00:00:01



MUTHEN & MUTHEN
3463 Stoner Ave.
Los Angeles, CA  90066

Tel: (310) 391-9971
Fax: (310) 391-8971
Web: www.StatModel.com
Support: Support@StatModel.com

Copyright (c) 1998-2019 Muthen & Muthen
