Mplus VERSION 8.3
MUTHEN & MUTHEN
04/23/2024   1:25 PM

INPUT INSTRUCTIONS


  TITLE: Test with 10 reps

  DATA:
  File is
  G1_B1_N2_rep287.csv;

  VARIABLE:
      Names are x1 x2 eta
  	y1 y2 y3 y4 y5 y6 y7 y8 y9 y10;
      Usevariables are y1-y10 x1 x2;
      constraint = x1 x2;

  MODEL:
      f BY y1* (l1);
      f BY y2* (l2);
      f BY y3* (l3);
      f BY y4* (l4);
      f BY y5* (l5);
      f BY y6* (l6);
      f BY y7* (l7);
      f BY y8* (l8);
      f BY y9* (l9);
      f BY y10* (l10);

  y5 ON x1 x2;
  f@1;
  [f@0];

  MODEL CONSTRAINT:
      new (l5_0 l5_1 l5_2);
      l5 = l5_0 + l5_1*x1 + l5_2*x2;




INPUT READING TERMINATED NORMALLY



Test with 10 reps

SUMMARY OF ANALYSIS

Number of groups                                                 1
Number of observations                                         500

Number of dependent variables                                   10
Number of independent variables                                  2
Number of continuous latent variables                            1

Observed dependent variables

  Continuous
   Y1          Y2          Y3          Y4          Y5          Y6
   Y7          Y8          Y9          Y10

Observed independent variables
   X1          X2

Continuous latent variables
   F


Estimator                                                       ML
Information matrix                                        OBSERVED
Maximum number of iterations                                  1000
Convergence criterion                                    0.500D-04
Maximum number of steepest descent iterations                   20

Input data file(s)
  G1_B1_N2_rep287.csv

Input data format  FREE



UNIVARIATE SAMPLE STATISTICS


     UNIVARIATE HIGHER-ORDER MOMENT DESCRIPTIVE STATISTICS

         Variable/         Mean/     Skewness/   Minimum/ % with                Percentiles
        Sample Size      Variance    Kurtosis    Maximum  Min/Max      20%/60%    40%/80%    Median

     Y1                    1.766       0.820       1.000   39.00%       1.000      2.000      2.000
             500.000       0.543       0.753       5.000    0.20%       2.000      2.000
     Y2                    1.824       0.842       1.000   36.20%       1.000      2.000      2.000
             500.000       0.589       0.901       5.000    0.40%       2.000      2.000
     Y3                    3.098       0.124       1.000    1.20%       2.000      3.000      3.000
             500.000       0.616       0.008       5.000    3.60%       3.000      4.000
     Y4                    3.104       0.013       1.000    1.60%       3.000      3.000      3.000
             500.000       0.581       0.268       5.000    3.00%       3.000      4.000
     Y5                    3.076       0.051       1.000    1.00%       2.000      3.000      3.000
             500.000       0.554      -0.010       5.000    2.20%       3.000      4.000
     Y6                    1.150       2.816       1.000   86.20%       1.000      1.000      1.000
             500.000       0.156       9.114       4.000    0.20%       1.000      1.000
     Y7                    1.162       2.773       1.000   85.60%       1.000      1.000      1.000
             500.000       0.176       8.435       4.000    0.20%       1.000      1.000
     Y8                    1.152       2.723       1.000   85.80%       1.000      1.000      1.000
             500.000       0.153       8.606       4.000    0.20%       1.000      1.000
     Y9                    1.798       0.906       1.000   36.00%       1.000      2.000      2.000
             500.000       0.545       1.365       5.000    0.40%       2.000      2.000
     Y10                   1.774       0.711       1.000   39.40%       1.000      2.000      2.000
             500.000       0.555       0.127       4.000    2.20%       2.000      2.000
     X1                   -0.033      -0.089      -2.988    0.20%      -0.835     -0.245      0.009
             500.000       0.996       0.100       2.867    0.20%       0.218      0.745
     X2                    0.544      -0.177       0.000   45.60%       0.000      0.000      1.000
             500.000       0.248      -1.969       1.000   54.40%       1.000      1.000


THE MODEL ESTIMATION TERMINATED NORMALLY



MODEL FIT INFORMATION

Number of Free Parameters                       34

Loglikelihood

          H0 Value                       -4096.603

Information Criteria

          Akaike (AIC)                    8261.207
          Bayesian (BIC)                  8404.504
          Sample-Size Adjusted BIC        8296.585
            (n* = (n + 2) / 24)



MODEL RESULTS

                                                    Two-Tailed
                    Estimate       S.E.  Est./S.E.    P-Value

 F        BY
    Y1                 0.483      0.031     15.369      0.000
    Y2                 0.502      0.033     15.312      0.000
    Y3                 0.512      0.034     15.251      0.000
    Y4                 0.480      0.033     14.623      0.000
    Y5               999.000      0.000    999.000    999.000
    Y6                 0.196      0.018     10.971      0.000
    Y7                 0.175      0.019      9.022      0.000
    Y8                 0.171      0.018      9.497      0.000
    Y9                 0.464      0.032     14.557      0.000
    Y10                0.491      0.032     15.471      0.000

 Y5       ON
    X1                 0.049      0.027      1.788      0.074
    X2                -0.002      0.054     -0.032      0.974

 Means
    F                  0.000      0.000    999.000    999.000

 Intercepts
    Y1                 1.766      0.033     53.577      0.000
    Y2                 1.824      0.034     53.143      0.000
    Y3                 3.098      0.035     88.234      0.000
    Y4                 3.104      0.034     91.044      0.000
    Y5                 3.080      0.044     70.248      0.000
    Y6                 1.150      0.018     65.211      0.000
    Y7                 1.162      0.019     61.978      0.000
    Y8                 1.152      0.017     65.878      0.000
    Y9                 1.798      0.033     54.450      0.000
    Y10                1.774      0.033     53.250      0.000

 Variances
    F                  1.000      0.000    999.000    999.000

 Residual Variances
    Y1                 0.310      0.023     13.724      0.000
    Y2                 0.337      0.025     13.716      0.000
    Y3                 0.355      0.026     13.755      0.000
    Y4                 0.350      0.025     13.987      0.000
    Y5                 0.321      0.023     13.851      0.000
    Y6                 0.117      0.008     14.905      0.000
    Y7                 0.145      0.010     15.234      0.000
    Y8                 0.124      0.008     15.159      0.000
    Y9                 0.330      0.024     14.015      0.000
    Y10                0.314      0.023     13.672      0.000

New/Additional Parameters
    L5_0               0.444      0.047      9.387      0.000
    L5_1              -0.043      0.028     -1.532      0.125
    L5_2               0.056      0.059      0.950      0.342


QUALITY OF NUMERICAL RESULTS

     Condition Number for the Information Matrix              0.603E-04
       (ratio of smallest to largest eigenvalue)


     Beginning Time:  13:25:37
        Ending Time:  13:25:39
       Elapsed Time:  00:00:02



MUTHEN & MUTHEN
3463 Stoner Ave.
Los Angeles, CA  90066

Tel: (310) 391-9971
Fax: (310) 391-8971
Web: www.StatModel.com
Support: Support@StatModel.com

Copyright (c) 1998-2019 Muthen & Muthen
