Mplus VERSION 8.3
MUTHEN & MUTHEN
04/23/2024   1:23 PM

INPUT INSTRUCTIONS


  TITLE: Test with 10 reps

  DATA:
  File is
  G1_B1_N2_rep28.csv;

  VARIABLE:
      Names are x1 x2 eta
  	y1 y2 y3 y4 y5 y6 y7 y8 y9 y10;
      Usevariables are y1-y10 x1 x2;
      constraint = x1 x2;

  MODEL:
      f BY y1* (l1);
      f BY y2* (l2);
      f BY y3* (l3);
      f BY y4* (l4);
      f BY y5* (l5);
      f BY y6* (l6);
      f BY y7* (l7);
      f BY y8* (l8);
      f BY y9* (l9);
      f BY y10* (l10);

  y10 ON x1 x2;
  f@1;
  [f@0];

  MODEL CONSTRAINT:
      new (l10_0 l10_1 l10_2);
      l10 = l10_0 + l10_1*x1 + l10_2*x2;




INPUT READING TERMINATED NORMALLY



Test with 10 reps

SUMMARY OF ANALYSIS

Number of groups                                                 1
Number of observations                                         500

Number of dependent variables                                   10
Number of independent variables                                  2
Number of continuous latent variables                            1

Observed dependent variables

  Continuous
   Y1          Y2          Y3          Y4          Y5          Y6
   Y7          Y8          Y9          Y10

Observed independent variables
   X1          X2

Continuous latent variables
   F


Estimator                                                       ML
Information matrix                                        OBSERVED
Maximum number of iterations                                  1000
Convergence criterion                                    0.500D-04
Maximum number of steepest descent iterations                   20

Input data file(s)
  G1_B1_N2_rep28.csv

Input data format  FREE



UNIVARIATE SAMPLE STATISTICS


     UNIVARIATE HIGHER-ORDER MOMENT DESCRIPTIVE STATISTICS

         Variable/         Mean/     Skewness/   Minimum/ % with                Percentiles
        Sample Size      Variance    Kurtosis    Maximum  Min/Max      20%/60%    40%/80%    Median

     Y1                    1.818       1.222       1.000   37.00%       1.000      2.000      2.000
             500.000       0.657       2.229       5.000    1.20%       2.000      2.000
     Y2                    1.782       0.741       1.000   39.80%       1.000      2.000      2.000
             500.000       0.582       0.127       4.000    2.60%       2.000      2.000
     Y3                    3.102      -0.131       1.000    2.40%       2.000      3.000      3.000
             500.000       0.696      -0.228       5.000    3.00%       3.000      4.000
     Y4                    3.016      -0.013       1.000    3.40%       2.000      3.000      3.000
             500.000       0.756      -0.207       5.000    3.60%       3.000      4.000
     Y5                    3.086      -0.029       1.000    2.80%       2.000      3.000      3.000
             500.000       0.727      -0.068       5.000    4.20%       3.000      4.000
     Y6                    1.180       2.022       1.000   82.80%       1.000      1.000      1.000
             500.000       0.164       3.082       3.000    0.80%       1.000      1.000
     Y7                    1.172       2.374       1.000   84.40%       1.000      1.000      1.000
             500.000       0.174       5.060       3.000    1.60%       1.000      1.000
     Y8                    1.192       2.926       1.000   83.40%       1.000      1.000      1.000
             500.000       0.223      10.425       4.000    0.80%       1.000      1.000
     Y9                    1.756       0.914       1.000   40.40%       1.000      1.000      2.000
             500.000       0.564       1.084       5.000    0.40%       2.000      2.000
     Y10                   1.834       0.860       1.000   36.80%       1.000      2.000      2.000
             500.000       0.626       0.774       5.000    0.40%       2.000      2.000
     X1                    0.032       0.197      -2.291    0.20%      -0.835     -0.263      0.006
             500.000       0.991      -0.248       3.282    0.20%       0.262      0.821
     X2                    0.526      -0.104       0.000   47.40%       0.000      0.000      1.000
             500.000       0.249      -1.989       1.000   52.60%       1.000      1.000


THE MODEL ESTIMATION TERMINATED NORMALLY



MODEL FIT INFORMATION

Number of Free Parameters                       34

Loglikelihood

          H0 Value                       -4379.093

Information Criteria

          Akaike (AIC)                    8826.186
          Bayesian (BIC)                  8969.483
          Sample-Size Adjusted BIC        8861.565
            (n* = (n + 2) / 24)



MODEL RESULTS

                                                    Two-Tailed
                    Estimate       S.E.  Est./S.E.    P-Value

 F        BY
    Y1                 0.524      0.034     15.209      0.000
    Y2                 0.461      0.033     13.976      0.000
    Y3                 0.532      0.036     14.943      0.000
    Y4                 0.579      0.037     15.806      0.000
    Y5                 0.590      0.036     16.604      0.000
    Y6                 0.202      0.018     11.161      0.000
    Y7                 0.216      0.019     11.601      0.000
    Y8                 0.251      0.021     11.972      0.000
    Y9                 0.505      0.032     15.999      0.000
    Y10              999.000      0.000    999.000    999.000

 Y10      ON
    X1                -0.009      0.029     -0.316      0.752
    X2                -0.066      0.057     -1.162      0.245

 Means
    F                  0.000      0.000    999.000    999.000

 Intercepts
    Y1                 1.818      0.036     50.158      0.000
    Y2                 1.782      0.034     52.210      0.000
    Y3                 3.102      0.037     83.167      0.000
    Y4                 3.016      0.039     77.577      0.000
    Y5                 3.086      0.038     80.953      0.000
    Y6                 1.180      0.018     65.234      0.000
    Y7                 1.172      0.019     62.751      0.000
    Y8                 1.192      0.021     56.426      0.000
    Y9                 1.756      0.034     52.263      0.000
    Y10                1.871      0.048     39.252      0.000

 Variances
    F                  1.000      0.000    999.000    999.000

 Residual Variances
    Y1                 0.382      0.027     13.958      0.000
    Y2                 0.370      0.026     14.360      0.000
    Y3                 0.413      0.029     14.073      0.000
    Y4                 0.421      0.030     13.794      0.000
    Y5                 0.379      0.028     13.454      0.000
    Y6                 0.123      0.008     14.962      0.000
    Y7                 0.128      0.009     14.872      0.000
    Y8                 0.160      0.011     14.806      0.000
    Y9                 0.309      0.023     13.715      0.000
    Y10                0.363      0.026     13.936      0.000

New/Additional Parameters
    L10_0              0.555      0.048     11.475      0.000
    L10_1              0.013      0.032      0.397      0.692
    L10_2             -0.078      0.061     -1.272      0.203


QUALITY OF NUMERICAL RESULTS

     Condition Number for the Information Matrix              0.657E-04
       (ratio of smallest to largest eigenvalue)


     Beginning Time:  13:23:04
        Ending Time:  13:23:05
       Elapsed Time:  00:00:01



MUTHEN & MUTHEN
3463 Stoner Ave.
Los Angeles, CA  90066

Tel: (310) 391-9971
Fax: (310) 391-8971
Web: www.StatModel.com
Support: Support@StatModel.com

Copyright (c) 1998-2019 Muthen & Muthen
