Mplus VERSION 8.3
MUTHEN & MUTHEN
04/23/2024   1:23 PM

INPUT INSTRUCTIONS


  TITLE: Test with 10 reps

  DATA:
  File is
  G1_B1_N2_rep280.csv;

  VARIABLE:
      Names are x1 x2 eta
  	y1 y2 y3 y4 y5 y6 y7 y8 y9 y10;
      Usevariables are y1-y10 x1 x2;
      constraint = x1 x2;

  MODEL:
      f BY y1* (l1);
      f BY y2* (l2);
      f BY y3* (l3);
      f BY y4* (l4);
      f BY y5* (l5);
      f BY y6* (l6);
      f BY y7* (l7);
      f BY y8* (l8);
      f BY y9* (l9);
      f BY y10* (l10);

  y6 ON x1 x2;
  f@1;
  [f@0];

  MODEL CONSTRAINT:
      new (l6_0 l6_1 l6_2);
      l6 = l6_0 + l6_1*x1 + l6_2*x2;




INPUT READING TERMINATED NORMALLY



Test with 10 reps

SUMMARY OF ANALYSIS

Number of groups                                                 1
Number of observations                                         500

Number of dependent variables                                   10
Number of independent variables                                  2
Number of continuous latent variables                            1

Observed dependent variables

  Continuous
   Y1          Y2          Y3          Y4          Y5          Y6
   Y7          Y8          Y9          Y10

Observed independent variables
   X1          X2

Continuous latent variables
   F


Estimator                                                       ML
Information matrix                                        OBSERVED
Maximum number of iterations                                  1000
Convergence criterion                                    0.500D-04
Maximum number of steepest descent iterations                   20

Input data file(s)
  G1_B1_N2_rep280.csv

Input data format  FREE



UNIVARIATE SAMPLE STATISTICS


     UNIVARIATE HIGHER-ORDER MOMENT DESCRIPTIVE STATISTICS

         Variable/         Mean/     Skewness/   Minimum/ % with                Percentiles
        Sample Size      Variance    Kurtosis    Maximum  Min/Max      20%/60%    40%/80%    Median

     Y1                    1.844       0.903       1.000   38.60%       1.000      2.000      2.000
             500.000       0.692       0.818       5.000    0.80%       2.000      2.000
     Y2                    1.830       0.883       1.000   39.00%       1.000      2.000      2.000
             500.000       0.677       0.583       5.000    0.40%       2.000      2.000
     Y3                    3.130       0.007       1.000    1.60%       2.000      3.000      3.000
             500.000       0.657      -0.097       5.000    3.80%       3.000      4.000
     Y4                    3.120       0.041       1.000    1.80%       2.000      3.000      3.000
             500.000       0.726      -0.278       5.000    4.60%       3.000      4.000
     Y5                    3.110      -0.018       1.000    2.20%       2.000      3.000      3.000
             500.000       0.726      -0.233       5.000    4.20%       3.000      4.000
     Y6                    1.196       2.791       1.000   83.60%       1.000      1.000      1.000
             500.000       0.234       8.760       4.000    0.60%       1.000      1.000
     Y7                    1.192       3.160       1.000   83.40%       1.000      1.000      1.000
             500.000       0.227      13.702       5.000    0.20%       1.000      1.000
     Y8                    1.224       2.962       1.000   81.80%       1.000      1.000      1.000
             500.000       0.286      10.928       5.000    0.20%       1.000      1.000
     Y9                    1.820       1.094       1.000   38.60%       1.000      2.000      2.000
             500.000       0.680       1.547       5.000    1.00%       2.000      2.000
     Y10                   1.874       1.007       1.000   39.80%       1.000      2.000      2.000
             500.000       0.810       0.899       5.000    1.40%       2.000      3.000
     X1                   -0.006      -0.174      -3.250    0.20%      -0.853     -0.213      0.046
             500.000       0.963      -0.132       2.575    0.20%       0.278      0.849
     X2                    0.540      -0.161       0.000   46.00%       0.000      0.000      1.000
             500.000       0.248      -1.974       1.000   54.00%       1.000      1.000


THE MODEL ESTIMATION TERMINATED NORMALLY



MODEL FIT INFORMATION

Number of Free Parameters                       34

Loglikelihood

          H0 Value                       -4703.485

Information Criteria

          Akaike (AIC)                    9474.969
          Bayesian (BIC)                  9618.266
          Sample-Size Adjusted BIC        9510.348
            (n* = (n + 2) / 24)



MODEL RESULTS

                                                    Two-Tailed
                    Estimate       S.E.  Est./S.E.    P-Value

 F        BY
    Y1                 0.567      0.035     16.315      0.000
    Y2                 0.559      0.034     16.249      0.000
    Y3                 0.485      0.035     13.806      0.000
    Y4                 0.538      0.036     14.766      0.000
    Y5                 0.536      0.036     14.715      0.000
    Y6               999.000      0.000    999.000    999.000
    Y7                 0.262      0.021     12.456      0.000
    Y8                 0.310      0.023     13.291      0.000
    Y9                 0.526      0.035     14.983      0.000
    Y10                0.599      0.038     15.780      0.000

 Y6       ON
    X1                -0.040      0.019     -2.083      0.037
    X2                -0.003      0.037     -0.082      0.935

 Means
    F                  0.000      0.000    999.000    999.000

 Intercepts
    Y1                 1.844      0.037     49.579      0.000
    Y2                 1.830      0.037     49.729      0.000
    Y3                 3.130      0.036     86.340      0.000
    Y4                 3.120      0.038     81.901      0.000
    Y5                 3.110      0.038     81.622      0.000
    Y6                 1.203      0.029     40.805      0.000
    Y7                 1.192      0.021     55.927      0.000
    Y8                 1.224      0.024     51.194      0.000
    Y9                 1.820      0.037     49.366      0.000
    Y10                1.874      0.040     46.556      0.000

 Variances
    F                  1.000      0.000    999.000    999.000

 Residual Variances
    Y1                 0.370      0.027     13.632      0.000
    Y2                 0.364      0.027     13.678      0.000
    Y3                 0.422      0.029     14.431      0.000
    Y4                 0.437      0.031     14.155      0.000
    Y5                 0.439      0.031     14.189      0.000
    Y6                 0.156      0.011     14.607      0.000
    Y7                 0.159      0.011     14.718      0.000
    Y8                 0.190      0.013     14.562      0.000
    Y9                 0.403      0.029     14.085      0.000
    Y10                0.452      0.033     13.812      0.000

New/Additional Parameters
    L6_0               0.280      0.032      8.654      0.000
    L6_1              -0.067      0.020     -3.368      0.001
    L6_2              -0.018      0.040     -0.453      0.651


QUALITY OF NUMERICAL RESULTS

     Condition Number for the Information Matrix              0.110E-03
       (ratio of smallest to largest eigenvalue)


     Beginning Time:  13:23:30
        Ending Time:  13:23:32
       Elapsed Time:  00:00:02



MUTHEN & MUTHEN
3463 Stoner Ave.
Los Angeles, CA  90066

Tel: (310) 391-9971
Fax: (310) 391-8971
Web: www.StatModel.com
Support: Support@StatModel.com

Copyright (c) 1998-2019 Muthen & Muthen
