Mplus VERSION 8.3
MUTHEN & MUTHEN
04/23/2024  12:59 PM

INPUT INSTRUCTIONS


  TITLE: Test with 10 reps

  DATA:
  File is
  G1_B1_N2_rep212.csv;

  VARIABLE:
      Names are x1 x2 eta
  	y1 y2 y3 y4 y5 y6 y7 y8 y9 y10;
      Usevariables are y1-y10 x1 x2;
      constraint = x1 x2;

  MODEL:
      f BY y1* (l1);
      f BY y2* (l2);
      f BY y3* (l3);
      f BY y4* (l4);
      f BY y5* (l5);
      f BY y6* (l6);
      f BY y7* (l7);
      f BY y8* (l8);
      f BY y9* (l9);
      f BY y10* (l10);

  y8 ON x1 x2;
  f@1;
  [f@0];

  MODEL CONSTRAINT:
      new (l8_0 l8_1 l8_2);
      l8 = l8_0 + l8_1*x1 + l8_2*x2;




INPUT READING TERMINATED NORMALLY



Test with 10 reps

SUMMARY OF ANALYSIS

Number of groups                                                 1
Number of observations                                         500

Number of dependent variables                                   10
Number of independent variables                                  2
Number of continuous latent variables                            1

Observed dependent variables

  Continuous
   Y1          Y2          Y3          Y4          Y5          Y6
   Y7          Y8          Y9          Y10

Observed independent variables
   X1          X2

Continuous latent variables
   F


Estimator                                                       ML
Information matrix                                        OBSERVED
Maximum number of iterations                                  1000
Convergence criterion                                    0.500D-04
Maximum number of steepest descent iterations                   20

Input data file(s)
  G1_B1_N2_rep212.csv

Input data format  FREE



UNIVARIATE SAMPLE STATISTICS


     UNIVARIATE HIGHER-ORDER MOMENT DESCRIPTIVE STATISTICS

         Variable/         Mean/     Skewness/   Minimum/ % with                Percentiles
        Sample Size      Variance    Kurtosis    Maximum  Min/Max      20%/60%    40%/80%    Median

     Y1                    1.820       1.093       1.000   40.20%       1.000      1.000      2.000
             500.000       0.724       1.298       5.000    1.00%       2.000      2.000
     Y2                    1.858       0.967       1.000   36.40%       1.000      2.000      2.000
             500.000       0.686       0.977       5.000    0.60%       2.000      2.000
     Y3                    3.114      -0.144       1.000    2.00%       2.000      3.000      3.000
             500.000       0.661      -0.231       5.000    2.60%       3.000      4.000
     Y4                    3.066      -0.095       1.000    2.40%       2.000      3.000      3.000
             500.000       0.638       0.045       5.000    2.60%       3.000      4.000
     Y5                    3.114      -0.003       1.000    2.60%       2.000      3.000      3.000
             500.000       0.721       0.013       5.000    4.80%       3.000      4.000
     Y6                    1.202       3.141       1.000   83.00%       1.000      1.000      1.000
             500.000       0.249      12.968       5.000    0.20%       1.000      1.000
     Y7                    1.214       2.805       1.000   82.20%       1.000      1.000      1.000
             500.000       0.256      10.013       5.000    0.20%       1.000      1.000
     Y8                    1.200       3.256       1.000   83.80%       1.000      1.000      1.000
             500.000       0.264      13.267       5.000    0.20%       1.000      1.000
     Y9                    1.828       1.048       1.000   37.20%       1.000      2.000      2.000
             500.000       0.654       1.457       5.000    0.80%       2.000      2.000
     Y10                   1.802       0.802       1.000   39.60%       1.000      2.000      2.000
             500.000       0.627       0.218       4.000    3.60%       2.000      2.000
     X1                   -0.013       0.084      -2.737    0.20%      -0.815     -0.297     -0.090
             500.000       0.902      -0.219       2.697    0.20%       0.247      0.836
     X2                    0.520      -0.080       0.000   48.00%       0.000      0.000      1.000
             500.000       0.250      -1.994       1.000   52.00%       1.000      1.000


THE MODEL ESTIMATION TERMINATED NORMALLY



MODEL FIT INFORMATION

Number of Free Parameters                       34

Loglikelihood

          H0 Value                       -4688.398

Information Criteria

          Akaike (AIC)                    9444.796
          Bayesian (BIC)                  9588.092
          Sample-Size Adjusted BIC        9480.174
            (n* = (n + 2) / 24)



MODEL RESULTS

                                                    Two-Tailed
                    Estimate       S.E.  Est./S.E.    P-Value

 F        BY
    Y1                 0.509      0.037     13.750      0.000
    Y2                 0.537      0.035     15.201      0.000
    Y3                 0.514      0.035     14.706      0.000
    Y4                 0.479      0.035     13.778      0.000
    Y5                 0.490      0.037     13.153      0.000
    Y6                 0.300      0.022     13.784      0.000
    Y7                 0.297      0.022     13.439      0.000
    Y8               999.000      0.000    999.000    999.000
    Y9                 0.511      0.035     14.702      0.000
    Y10                0.512      0.034     15.151      0.000

 Y8       ON
    X1                -0.016      0.020     -0.770      0.441
    X2                 0.001      0.040      0.020      0.984

 Means
    F                  0.000      0.000    999.000    999.000

 Intercepts
    Y1                 1.820      0.038     47.842      0.000
    Y2                 1.858      0.037     50.167      0.000
    Y3                 3.114      0.036     85.645      0.000
    Y4                 3.066      0.036     85.855      0.000
    Y5                 3.114      0.038     82.004      0.000
    Y6                 1.202      0.022     53.842      0.000
    Y7                 1.214      0.023     53.630      0.000
    Y8                 1.186      0.029     40.518      0.000
    Y9                 1.828      0.036     50.528      0.000
    Y10                1.802      0.035     50.895      0.000

 Variances
    F                  1.000      0.000    999.000    999.000

 Residual Variances
    Y1                 0.465      0.032     14.327      0.000
    Y2                 0.398      0.029     13.887      0.000
    Y3                 0.397      0.028     14.031      0.000
    Y4                 0.408      0.029     14.295      0.000
    Y5                 0.481      0.033     14.459      0.000
    Y6                 0.159      0.011     14.274      0.000
    Y7                 0.168      0.012     14.391      0.000
    Y8                 0.170      0.012     14.173      0.000
    Y9                 0.394      0.028     14.045      0.000
    Y10                0.365      0.026     13.904      0.000

New/Additional Parameters
    L8_0               0.206      0.031      6.700      0.000
    L8_1               0.005      0.025      0.224      0.823
    L8_2               0.168      0.042      3.959      0.000


QUALITY OF NUMERICAL RESULTS

     Condition Number for the Information Matrix              0.118E-03
       (ratio of smallest to largest eigenvalue)


     Beginning Time:  12:59:56
        Ending Time:  12:59:58
       Elapsed Time:  00:00:02



MUTHEN & MUTHEN
3463 Stoner Ave.
Los Angeles, CA  90066

Tel: (310) 391-9971
Fax: (310) 391-8971
Web: www.StatModel.com
Support: Support@StatModel.com

Copyright (c) 1998-2019 Muthen & Muthen
