Mplus VERSION 8.3
MUTHEN & MUTHEN
04/23/2024   1:17 PM

INPUT INSTRUCTIONS


  TITLE: Test with 10 reps

  DATA:
  File is
  G1_B1_N2_rep264.csv;

  VARIABLE:
      Names are x1 x2 eta
  	y1 y2 y3 y4 y5 y6 y7 y8 y9 y10;
      Usevariables are y1-y10 x1 x2;
      constraint = x1 x2;

  MODEL:
      f BY y1* (l1);
      f BY y2* (l2);
      f BY y3* (l3);
      f BY y4* (l4);
      f BY y5* (l5);
      f BY y6* (l6);
      f BY y7* (l7);
      f BY y8* (l8);
      f BY y9* (l9);
      f BY y10* (l10);

  y2 ON x1 x2;
  f@1;
  [f@0];

  MODEL CONSTRAINT:
      new (l2_0 l2_1 l2_2);
      l2 = l2_0 + l2_1*x1 + l2_2*x2;




INPUT READING TERMINATED NORMALLY



Test with 10 reps

SUMMARY OF ANALYSIS

Number of groups                                                 1
Number of observations                                         500

Number of dependent variables                                   10
Number of independent variables                                  2
Number of continuous latent variables                            1

Observed dependent variables

  Continuous
   Y1          Y2          Y3          Y4          Y5          Y6
   Y7          Y8          Y9          Y10

Observed independent variables
   X1          X2

Continuous latent variables
   F


Estimator                                                       ML
Information matrix                                        OBSERVED
Maximum number of iterations                                  1000
Convergence criterion                                    0.500D-04
Maximum number of steepest descent iterations                   20

Input data file(s)
  G1_B1_N2_rep264.csv

Input data format  FREE



UNIVARIATE SAMPLE STATISTICS


     UNIVARIATE HIGHER-ORDER MOMENT DESCRIPTIVE STATISTICS

         Variable/         Mean/     Skewness/   Minimum/ % with                Percentiles
        Sample Size      Variance    Kurtosis    Maximum  Min/Max      20%/60%    40%/80%    Median

     Y1                    1.860       1.002       1.000   37.40%       1.000      2.000      2.000
             500.000       0.716       1.130       5.000    1.00%       2.000      2.000
     Y2                    1.798       0.865       1.000   38.20%       1.000      2.000      2.000
             500.000       0.589       0.895       5.000    0.40%       2.000      2.000
     Y3                    3.076       0.016       1.000    1.60%       2.000      3.000      3.000
             500.000       0.614      -0.020       5.000    2.80%       3.000      4.000
     Y4                    3.046       0.148       1.000    1.40%       2.000      3.000      3.000
             500.000       0.608       0.089       5.000    3.20%       3.000      4.000
     Y5                    3.076      -0.035       1.000    2.40%       2.000      3.000      3.000
             500.000       0.682      -0.064       5.000    3.40%       3.000      4.000
     Y6                    1.184       2.649       1.000   83.40%       1.000      1.000      1.000
             500.000       0.194       8.372       4.000    0.40%       1.000      1.000
     Y7                    1.178       2.505       1.000   83.80%       1.000      1.000      1.000
             500.000       0.182       6.853       4.000    0.20%       1.000      1.000
     Y8                    1.172       3.091       1.000   85.60%       1.000      1.000      1.000
             500.000       0.210      11.015       4.000    0.60%       1.000      1.000
     Y9                    1.816       0.945       1.000   39.60%       1.000      2.000      2.000
             500.000       0.666       1.015       5.000    0.80%       2.000      2.000
     Y10                   1.796       0.839       1.000   38.80%       1.000      2.000      2.000
             500.000       0.594       0.757       5.000    0.40%       2.000      2.000
     X1                   -0.001       0.076      -3.446    0.20%      -0.813     -0.295     -0.020
             500.000       0.968       0.122       2.923    0.20%       0.212      0.784
     X2                    0.542      -0.169       0.000   45.80%       0.000      0.000      1.000
             500.000       0.248      -1.972       1.000   54.20%       1.000      1.000


THE MODEL ESTIMATION TERMINATED NORMALLY



MODEL FIT INFORMATION

Number of Free Parameters                       34

Loglikelihood

          H0 Value                       -4405.946

Information Criteria

          Akaike (AIC)                    8879.892
          Bayesian (BIC)                  9023.189
          Sample-Size Adjusted BIC        8915.270
            (n* = (n + 2) / 24)



MODEL RESULTS

                                                    Two-Tailed
                    Estimate       S.E.  Est./S.E.    P-Value

 F        BY
    Y1                 0.572      0.036     16.046      0.000
    Y2               999.000      0.000    999.000    999.000
    Y3                 0.541      0.033     16.509      0.000
    Y4                 0.528      0.033     16.083      0.000
    Y5                 0.497      0.036     13.863      0.000
    Y6                 0.202      0.020     10.099      0.000
    Y7                 0.232      0.019     12.209      0.000
    Y8                 0.212      0.021     10.158      0.000
    Y9                 0.487      0.036     13.717      0.000
    Y10                0.492      0.033     14.890      0.000

 Y2       ON
    X1                -0.059      0.028     -2.078      0.038
    X2                 0.069      0.056      1.239      0.215

 Means
    F                  0.000      0.000    999.000    999.000

 Intercepts
    Y1                 1.860      0.038     49.139      0.000
    Y2                 1.761      0.045     39.087      0.000
    Y3                 3.076      0.035     87.763      0.000
    Y4                 3.046      0.035     87.359      0.000
    Y5                 3.076      0.037     83.274      0.000
    Y6                 1.184      0.020     60.087      0.000
    Y7                 1.178      0.019     61.691      0.000
    Y8                 1.172      0.021     57.131      0.000
    Y9                 1.816      0.037     49.753      0.000
    Y10                1.796      0.034     52.091      0.000

 Variances
    F                  1.000      0.000    999.000    999.000

 Residual Variances
    Y1                 0.389      0.029     13.571      0.000
    Y2                 0.342      0.024     13.967      0.000
    Y3                 0.321      0.024     13.402      0.000
    Y4                 0.329      0.024     13.555      0.000
    Y5                 0.435      0.030     14.305      0.000
    Y6                 0.153      0.010     15.106      0.000
    Y7                 0.129      0.009     14.691      0.000
    Y8                 0.166      0.011     15.094      0.000
    Y9                 0.429      0.030     14.352      0.000
    Y10                0.353      0.025     13.981      0.000

New/Additional Parameters
    L2_0               0.454      0.050      9.121      0.000
    L2_1              -0.066      0.032     -2.083      0.037
    L2_2               0.057      0.061      0.924      0.355


QUALITY OF NUMERICAL RESULTS

     Condition Number for the Information Matrix              0.743E-04
       (ratio of smallest to largest eigenvalue)


     Beginning Time:  13:17:55
        Ending Time:  13:17:56
       Elapsed Time:  00:00:01



MUTHEN & MUTHEN
3463 Stoner Ave.
Los Angeles, CA  90066

Tel: (310) 391-9971
Fax: (310) 391-8971
Web: www.StatModel.com
Support: Support@StatModel.com

Copyright (c) 1998-2019 Muthen & Muthen
