Mplus VERSION 8.3
MUTHEN & MUTHEN
04/23/2024   1:21 PM

INPUT INSTRUCTIONS


  TITLE: Test with 10 reps

  DATA:
  File is
  G1_B1_N2_rep276.csv;

  VARIABLE:
      Names are x1 x2 eta
  	y1 y2 y3 y4 y5 y6 y7 y8 y9 y10;
      Usevariables are y1-y10 x1 x2;
      constraint = x1 x2;

  MODEL:
      f BY y1* (l1);
      f BY y2* (l2);
      f BY y3* (l3);
      f BY y4* (l4);
      f BY y5* (l5);
      f BY y6* (l6);
      f BY y7* (l7);
      f BY y8* (l8);
      f BY y9* (l9);
      f BY y10* (l10);

  y1 ON x1 x2;
  f@1;
  [f@0];

  MODEL CONSTRAINT:
      new (l1_0 l1_1 l1_2);
      l1 = l1_0 + l1_1*x1 + l1_2*x2;




INPUT READING TERMINATED NORMALLY



Test with 10 reps

SUMMARY OF ANALYSIS

Number of groups                                                 1
Number of observations                                         500

Number of dependent variables                                   10
Number of independent variables                                  2
Number of continuous latent variables                            1

Observed dependent variables

  Continuous
   Y1          Y2          Y3          Y4          Y5          Y6
   Y7          Y8          Y9          Y10

Observed independent variables
   X1          X2

Continuous latent variables
   F


Estimator                                                       ML
Information matrix                                        OBSERVED
Maximum number of iterations                                  1000
Convergence criterion                                    0.500D-04
Maximum number of steepest descent iterations                   20

Input data file(s)
  G1_B1_N2_rep276.csv

Input data format  FREE



UNIVARIATE SAMPLE STATISTICS


     UNIVARIATE HIGHER-ORDER MOMENT DESCRIPTIVE STATISTICS

         Variable/         Mean/     Skewness/   Minimum/ % with                Percentiles
        Sample Size      Variance    Kurtosis    Maximum  Min/Max      20%/60%    40%/80%    Median

     Y1                    1.870       0.866       1.000   34.20%       1.000      2.000      2.000
             500.000       0.625       1.138       5.000    0.80%       2.000      2.000
     Y2                    1.810       1.014       1.000   42.20%       1.000      1.000      2.000
             500.000       0.742       0.758       5.000    0.60%       2.000      2.000
     Y3                    3.062      -0.138       1.000    3.40%       2.000      3.000      3.000
             500.000       0.730      -0.129       5.000    3.20%       3.000      4.000
     Y4                    3.106      -0.032       1.000    1.80%       2.000      3.000      3.000
             500.000       0.647      -0.080       5.000    3.20%       3.000      4.000
     Y5                    3.090      -0.039       1.000    2.00%       2.000      3.000      3.000
             500.000       0.678      -0.204       5.000    3.20%       3.000      4.000
     Y6                    1.188       2.459       1.000   83.20%       1.000      1.000      1.000
             500.000       0.197       6.407       4.000    0.20%       1.000      1.000
     Y7                    1.194       2.454       1.000   83.00%       1.000      1.000      1.000
             500.000       0.208       6.222       4.000    0.20%       1.000      1.000
     Y8                    1.170       3.343       1.000   85.00%       1.000      1.000      1.000
             500.000       0.197      15.947       5.000    0.20%       1.000      1.000
     Y9                    1.860       1.101       1.000   37.20%       1.000      2.000      2.000
             500.000       0.728       1.549       5.000    1.40%       2.000      2.000
     Y10                   1.782       0.889       1.000   39.80%       1.000      2.000      2.000
             500.000       0.598       0.864       5.000    0.40%       2.000      2.000
     X1                    0.022       0.077      -2.528    0.20%      -0.905     -0.225      0.016
             500.000       1.022      -0.343       3.262    0.20%       0.285      0.940
     X2                    0.520      -0.080       0.000   48.00%       0.000      0.000      1.000
             500.000       0.250      -1.994       1.000   52.00%       1.000      1.000


THE MODEL ESTIMATION TERMINATED NORMALLY



MODEL FIT INFORMATION

Number of Free Parameters                       34

Loglikelihood

          H0 Value                       -4590.444

Information Criteria

          Akaike (AIC)                    9248.887
          Bayesian (BIC)                  9392.184
          Sample-Size Adjusted BIC        9284.266
            (n* = (n + 2) / 24)



MODEL RESULTS

                                                    Two-Tailed
                    Estimate       S.E.  Est./S.E.    P-Value

 F        BY
    Y1               999.000      0.000    999.000    999.000
    Y2                 0.570      0.037     15.463      0.000
    Y3                 0.535      0.037     14.410      0.000
    Y4                 0.507      0.035     14.562      0.000
    Y5                 0.528      0.035     14.883      0.000
    Y6                 0.221      0.020     10.978      0.000
    Y7                 0.210      0.021     10.018      0.000
    Y8                 0.206      0.020     10.130      0.000
    Y9                 0.516      0.037     13.815      0.000
    Y10                0.487      0.033     14.557      0.000

 Y1       ON
    X1                 0.037      0.029      1.267      0.205
    X2                 0.054      0.059      0.908      0.364

 Means
    F                  0.000      0.000    999.000    999.000

 Intercepts
    Y1                 1.838      0.047     39.282      0.000
    Y2                 1.810      0.039     46.988      0.000
    Y3                 3.062      0.038     80.128      0.000
    Y4                 3.106      0.036     86.360      0.000
    Y5                 3.090      0.037     83.919      0.000
    Y6                 1.188      0.020     59.903      0.000
    Y7                 1.194      0.020     58.489      0.000
    Y8                 1.170      0.020     58.929      0.000
    Y9                 1.860      0.038     48.732      0.000
    Y10                1.782      0.035     51.507      0.000

 Variances
    F                  1.000      0.000    999.000    999.000

 Residual Variances
    Y1                 0.379      0.027     13.970      0.000
    Y2                 0.417      0.031     13.520      0.000
    Y3                 0.444      0.032     13.912      0.000
    Y4                 0.390      0.028     13.883      0.000
    Y5                 0.399      0.029     13.775      0.000
    Y6                 0.148      0.010     14.844      0.000
    Y7                 0.164      0.011     15.020      0.000
    Y8                 0.155      0.010     15.001      0.000
    Y9                 0.462      0.033     14.104      0.000
    Y10                0.361      0.026     13.904      0.000

New/Additional Parameters
    L1_0               0.476      0.048      9.854      0.000
    L1_1               0.040      0.031      1.285      0.199
    L1_2               0.019      0.065      0.291      0.771


QUALITY OF NUMERICAL RESULTS

     Condition Number for the Information Matrix              0.963E-04
       (ratio of smallest to largest eigenvalue)


     Beginning Time:  13:21:48
        Ending Time:  13:21:50
       Elapsed Time:  00:00:02



MUTHEN & MUTHEN
3463 Stoner Ave.
Los Angeles, CA  90066

Tel: (310) 391-9971
Fax: (310) 391-8971
Web: www.StatModel.com
Support: Support@StatModel.com

Copyright (c) 1998-2019 Muthen & Muthen
