Mplus VERSION 8.3
MUTHEN & MUTHEN
04/23/2024   1:11 PM

INPUT INSTRUCTIONS


  TITLE: Test with 10 reps

  DATA:
  File is
  G1_B1_N2_rep244.csv;

  VARIABLE:
      Names are x1 x2 eta
  	y1 y2 y3 y4 y5 y6 y7 y8 y9 y10;
      Usevariables are y1-y10 x1 x2;
      constraint = x1 x2;

  MODEL:
      f BY y1* (l1);
      f BY y2* (l2);
      f BY y3* (l3);
      f BY y4* (l4);
      f BY y5* (l5);
      f BY y6* (l6);
      f BY y7* (l7);
      f BY y8* (l8);
      f BY y9* (l9);
      f BY y10* (l10);

  y4 ON x1 x2;
  f@1;
  [f@0];

  MODEL CONSTRAINT:
      new (l4_0 l4_1 l4_2);
      l4 = l4_0 + l4_1*x1 + l4_2*x2;




INPUT READING TERMINATED NORMALLY



Test with 10 reps

SUMMARY OF ANALYSIS

Number of groups                                                 1
Number of observations                                         500

Number of dependent variables                                   10
Number of independent variables                                  2
Number of continuous latent variables                            1

Observed dependent variables

  Continuous
   Y1          Y2          Y3          Y4          Y5          Y6
   Y7          Y8          Y9          Y10

Observed independent variables
   X1          X2

Continuous latent variables
   F


Estimator                                                       ML
Information matrix                                        OBSERVED
Maximum number of iterations                                  1000
Convergence criterion                                    0.500D-04
Maximum number of steepest descent iterations                   20

Input data file(s)
  G1_B1_N2_rep244.csv

Input data format  FREE



UNIVARIATE SAMPLE STATISTICS


     UNIVARIATE HIGHER-ORDER MOMENT DESCRIPTIVE STATISTICS

         Variable/         Mean/     Skewness/   Minimum/ % with                Percentiles
        Sample Size      Variance    Kurtosis    Maximum  Min/Max      20%/60%    40%/80%    Median

     Y1                    1.826       0.926       1.000   40.00%       1.000      1.000      2.000
             500.000       0.704       0.590       5.000    0.40%       2.000      2.000
     Y2                    1.758       0.995       1.000   43.40%       1.000      1.000      2.000
             500.000       0.647       0.990       5.000    0.60%       2.000      2.000
     Y3                    3.098       0.068       1.000    1.40%       2.000      3.000      3.000
             500.000       0.688      -0.326       5.000    3.80%       3.000      4.000
     Y4                    3.040       0.084       1.000    1.80%       2.000      3.000      3.000
             500.000       0.658      -0.125       5.000    3.20%       3.000      4.000
     Y5                    3.092       0.146       1.000    1.60%       2.000      3.000      3.000
             500.000       0.684      -0.066       5.000    4.60%       3.000      4.000
     Y6                    1.158       3.558       1.000   86.20%       1.000      1.000      1.000
             500.000       0.189      17.827       5.000    0.20%       1.000      1.000
     Y7                    1.202       3.054       1.000   83.80%       1.000      1.000      1.000
             500.000       0.265      10.628       4.000    1.20%       1.000      1.000
     Y8                    1.170       2.566       1.000   84.40%       1.000      1.000      1.000
             500.000       0.173       7.329       4.000    0.20%       1.000      1.000
     Y9                    1.864       0.914       1.000   34.60%       1.000      2.000      2.000
             500.000       0.634       1.226       5.000    0.80%       2.000      2.000
     Y10                   1.814       0.894       1.000   37.40%       1.000      2.000      2.000
             500.000       0.607       0.940       5.000    0.40%       2.000      2.000
     X1                   -0.106      -0.042      -3.561    0.20%      -0.932     -0.364     -0.136
             500.000       1.017       0.189       2.895    0.20%       0.126      0.761
     X2                    0.542      -0.169       0.000   45.80%       0.000      0.000      1.000
             500.000       0.248      -1.972       1.000   54.20%       1.000      1.000


THE MODEL ESTIMATION TERMINATED NORMALLY



MODEL FIT INFORMATION

Number of Free Parameters                       34

Loglikelihood

          H0 Value                       -4481.349

Information Criteria

          Akaike (AIC)                    9030.698
          Bayesian (BIC)                  9173.995
          Sample-Size Adjusted BIC        9066.077
            (n* = (n + 2) / 24)



MODEL RESULTS

                                                    Two-Tailed
                    Estimate       S.E.  Est./S.E.    P-Value

 F        BY
    Y1                 0.564      0.035     15.954      0.000
    Y2                 0.560      0.034     16.721      0.000
    Y3                 0.484      0.036     13.358      0.000
    Y4               999.000      0.000    999.000    999.000
    Y5                 0.564      0.035     16.270      0.000
    Y6                 0.229      0.019     11.837      0.000
    Y7                 0.243      0.023     10.394      0.000
    Y8                 0.215      0.019     11.567      0.000
    Y9                 0.497      0.034     14.522      0.000
    Y10                0.534      0.033     16.384      0.000

 Y4       ON
    X1                 0.052      0.030      1.715      0.086
    X2                 0.003      0.061      0.049      0.961

 Means
    F                  0.000      0.000    999.000    999.000

 Intercepts
    Y1                 1.826      0.038     48.673      0.000
    Y2                 1.758      0.036     48.855      0.000
    Y3                 3.098      0.037     83.492      0.000
    Y4                 3.041      0.049     62.250      0.000
    Y5                 3.092      0.037     83.626      0.000
    Y6                 1.158      0.019     59.555      0.000
    Y7                 1.202      0.023     52.192      0.000
    Y8                 1.170      0.019     62.881      0.000
    Y9                 1.864      0.036     52.367      0.000
    Y10                1.814      0.035     52.046      0.000

 Variances
    F                  1.000      0.000    999.000    999.000

 Residual Variances
    Y1                 0.386      0.028     13.651      0.000
    Y2                 0.334      0.025     13.366      0.000
    Y3                 0.454      0.031     14.481      0.000
    Y4                 0.418      0.029     14.390      0.000
    Y5                 0.366      0.027     13.563      0.000
    Y6                 0.136      0.009     14.792      0.000
    Y7                 0.206      0.014     15.059      0.000
    Y8                 0.127      0.009     14.881      0.000
    Y9                 0.387      0.027     14.162      0.000
    Y10                0.322      0.024     13.542      0.000

New/Additional Parameters
    L4_0               0.470      0.052      8.990      0.000
    L4_1               0.014      0.030      0.475      0.635
    L4_2               0.015      0.067      0.231      0.818


QUALITY OF NUMERICAL RESULTS

     Condition Number for the Information Matrix              0.710E-04
       (ratio of smallest to largest eigenvalue)


     Beginning Time:  13:11:16
        Ending Time:  13:11:17
       Elapsed Time:  00:00:01



MUTHEN & MUTHEN
3463 Stoner Ave.
Los Angeles, CA  90066

Tel: (310) 391-9971
Fax: (310) 391-8971
Web: www.StatModel.com
Support: Support@StatModel.com

Copyright (c) 1998-2019 Muthen & Muthen
