Mplus VERSION 8.3
MUTHEN & MUTHEN
04/23/2024   1:02 PM

INPUT INSTRUCTIONS


  TITLE: Test with 10 reps

  DATA:
  File is
  G1_B1_N2_rep22.csv;

  VARIABLE:
      Names are x1 x2 eta
  	y1 y2 y3 y4 y5 y6 y7 y8 y9 y10;
      Usevariables are y1-y10 x1 x2;
      constraint = x1 x2;

  MODEL:
      f BY y1* (l1);
      f BY y2* (l2);
      f BY y3* (l3);
      f BY y4* (l4);
      f BY y5* (l5);
      f BY y6* (l6);
      f BY y7* (l7);
      f BY y8* (l8);
      f BY y9* (l9);
      f BY y10* (l10);

  y3 ON x1 x2;
  f@1;
  [f@0];

  MODEL CONSTRAINT:
      new (l3_0 l3_1 l3_2);
      l3 = l3_0 + l3_1*x1 + l3_2*x2;




INPUT READING TERMINATED NORMALLY



Test with 10 reps

SUMMARY OF ANALYSIS

Number of groups                                                 1
Number of observations                                         500

Number of dependent variables                                   10
Number of independent variables                                  2
Number of continuous latent variables                            1

Observed dependent variables

  Continuous
   Y1          Y2          Y3          Y4          Y5          Y6
   Y7          Y8          Y9          Y10

Observed independent variables
   X1          X2

Continuous latent variables
   F


Estimator                                                       ML
Information matrix                                        OBSERVED
Maximum number of iterations                                  1000
Convergence criterion                                    0.500D-04
Maximum number of steepest descent iterations                   20

Input data file(s)
  G1_B1_N2_rep22.csv

Input data format  FREE



UNIVARIATE SAMPLE STATISTICS


     UNIVARIATE HIGHER-ORDER MOMENT DESCRIPTIVE STATISTICS

         Variable/         Mean/     Skewness/   Minimum/ % with                Percentiles
        Sample Size      Variance    Kurtosis    Maximum  Min/Max      20%/60%    40%/80%    Median

     Y1                    1.744       0.774       1.000   41.00%       1.000      1.000      2.000
             500.000       0.542       0.300       4.000    2.20%       2.000      2.000
     Y2                    1.764       0.844       1.000   40.00%       1.000      1.000      2.000
             500.000       0.560       0.872       5.000    0.40%       2.000      2.000
     Y3                    3.044       0.036       1.000    2.00%       2.000      3.000      3.000
             500.000       0.646      -0.036       5.000    3.00%       3.000      4.000
     Y4                    3.056      -0.007       1.000    1.80%       2.000      3.000      3.000
             500.000       0.641      -0.174       5.000    2.60%       3.000      4.000
     Y5                    3.082       0.107       1.000    1.20%       2.000      3.000      3.000
             500.000       0.643      -0.202       5.000    3.40%       3.000      4.000
     Y6                    1.176       2.819       1.000   84.60%       1.000      1.000      1.000
             500.000       0.197       9.182       4.000    0.40%       1.000      1.000
     Y7                    1.174       2.640       1.000   84.60%       1.000      1.000      1.000
             500.000       0.188       7.486       4.000    0.20%       1.000      1.000
     Y8                    1.162       3.002       1.000   85.80%       1.000      1.000      1.000
             500.000       0.184      10.598       4.000    0.40%       1.000      1.000
     Y9                    1.792       0.908       1.000   38.20%       1.000      2.000      2.000
             500.000       0.585       1.060       5.000    0.40%       2.000      2.000
     Y10                   1.792       1.152       1.000   39.40%       1.000      2.000      2.000
             500.000       0.649       1.882       5.000    1.00%       2.000      2.000
     X1                    0.097       0.106      -2.156    0.20%      -0.712     -0.183      0.147
             500.000       0.888      -0.068       3.256    0.20%       0.335      0.884
     X2                    0.472       0.112       0.000   52.80%       0.000      0.000      0.000
             500.000       0.249      -1.987       1.000   47.20%       1.000      1.000


THE MODEL ESTIMATION TERMINATED NORMALLY



MODEL FIT INFORMATION

Number of Free Parameters                       34

Loglikelihood

          H0 Value                       -4286.659

Information Criteria

          Akaike (AIC)                    8641.318
          Bayesian (BIC)                  8784.615
          Sample-Size Adjusted BIC        8676.697
            (n* = (n + 2) / 24)



MODEL RESULTS

                                                    Two-Tailed
                    Estimate       S.E.  Est./S.E.    P-Value

 F        BY
    Y1                 0.464      0.032     14.674      0.000
    Y2                 0.502      0.032     15.910      0.000
    Y3               999.000      0.000    999.000    999.000
    Y4                 0.480      0.035     13.817      0.000
    Y5                 0.530      0.034     15.586      0.000
    Y6                 0.262      0.019     13.520      0.000
    Y7                 0.232      0.019     12.031      0.000
    Y8                 0.219      0.019     11.395      0.000
    Y9                 0.487      0.033     14.880      0.000
    Y10                0.512      0.034     14.839      0.000

 Y3       ON
    X1                 0.001      0.032      0.044      0.965
    X2                 0.037      0.060      0.615      0.538

 Means
    F                  0.000      0.000    999.000    999.000

 Intercepts
    Y1                 1.744      0.033     52.948      0.000
    Y2                 1.764      0.033     52.695      0.000
    Y3                 3.036      0.048     63.732      0.000
    Y4                 3.056      0.036     85.360      0.000
    Y5                 3.082      0.036     85.925      0.000
    Y6                 1.176      0.020     59.242      0.000
    Y7                 1.174      0.019     60.589      0.000
    Y8                 1.162      0.019     60.614      0.000
    Y9                 1.792      0.034     52.401      0.000
    Y10                1.792      0.036     49.750      0.000

 Variances
    F                  1.000      0.000    999.000    999.000

 Residual Variances
    Y1                 0.327      0.023     14.079      0.000
    Y2                 0.308      0.023     13.664      0.000
    Y3                 0.396      0.028     14.139      0.000
    Y4                 0.410      0.029     14.336      0.000
    Y5                 0.363      0.026     13.766      0.000
    Y6                 0.128      0.009     14.386      0.000
    Y7                 0.134      0.009     14.747      0.000
    Y8                 0.136      0.009     14.882      0.000
    Y9                 0.347      0.025     14.002      0.000
    Y10                0.387      0.028     14.023      0.000

New/Additional Parameters
    L3_0               0.551      0.050     10.939      0.000
    L3_1              -0.018      0.036     -0.496      0.620
    L3_2              -0.105      0.065     -1.616      0.106


QUALITY OF NUMERICAL RESULTS

     Condition Number for the Information Matrix              0.764E-04
       (ratio of smallest to largest eigenvalue)


     Beginning Time:  13:02:19
        Ending Time:  13:02:20
       Elapsed Time:  00:00:01



MUTHEN & MUTHEN
3463 Stoner Ave.
Los Angeles, CA  90066

Tel: (310) 391-9971
Fax: (310) 391-8971
Web: www.StatModel.com
Support: Support@StatModel.com

Copyright (c) 1998-2019 Muthen & Muthen
