Mplus VERSION 8.3
MUTHEN & MUTHEN
04/23/2024   2:02 PM

INPUT INSTRUCTIONS


  TITLE: Test with 10 reps

  DATA:
  File is
  G1_B1_N2_rep396.csv;

  VARIABLE:
      Names are x1 x2 eta
  	y1 y2 y3 y4 y5 y6 y7 y8 y9 y10;
      Usevariables are y1-y10 x1 x2;
      constraint = x1 x2;

  MODEL:
      f BY y1* (l1);
      f BY y2* (l2);
      f BY y3* (l3);
      f BY y4* (l4);
      f BY y5* (l5);
      f BY y6* (l6);
      f BY y7* (l7);
      f BY y8* (l8);
      f BY y9* (l9);
      f BY y10* (l10);

  y4 ON x1 x2;
  f@1;
  [f@0];

  MODEL CONSTRAINT:
      new (l4_0 l4_1 l4_2);
      l4 = l4_0 + l4_1*x1 + l4_2*x2;




INPUT READING TERMINATED NORMALLY



Test with 10 reps

SUMMARY OF ANALYSIS

Number of groups                                                 1
Number of observations                                         500

Number of dependent variables                                   10
Number of independent variables                                  2
Number of continuous latent variables                            1

Observed dependent variables

  Continuous
   Y1          Y2          Y3          Y4          Y5          Y6
   Y7          Y8          Y9          Y10

Observed independent variables
   X1          X2

Continuous latent variables
   F


Estimator                                                       ML
Information matrix                                        OBSERVED
Maximum number of iterations                                  1000
Convergence criterion                                    0.500D-04
Maximum number of steepest descent iterations                   20

Input data file(s)
  G1_B1_N2_rep396.csv

Input data format  FREE



UNIVARIATE SAMPLE STATISTICS


     UNIVARIATE HIGHER-ORDER MOMENT DESCRIPTIVE STATISTICS

         Variable/         Mean/     Skewness/   Minimum/ % with                Percentiles
        Sample Size      Variance    Kurtosis    Maximum  Min/Max      20%/60%    40%/80%    Median

     Y1                    1.786       0.769       1.000   38.40%       1.000      2.000      2.000
             500.000       0.564       0.355       4.000    2.80%       2.000      2.000
     Y2                    1.798       1.006       1.000   38.80%       1.000      2.000      2.000
             500.000       0.625       1.301       5.000    0.60%       2.000      2.000
     Y3                    3.056       0.055       1.000    1.40%       2.000      3.000      3.000
             500.000       0.657      -0.346       5.000    2.80%       3.000      4.000
     Y4                    3.050       0.119       1.000    1.60%       2.000      3.000      3.000
             500.000       0.684      -0.247       5.000    3.60%       3.000      4.000
     Y5                    3.064       0.097       1.000    1.80%       2.000      3.000      3.000
             500.000       0.676      -0.107       5.000    3.80%       3.000      4.000
     Y6                    1.170       3.135       1.000   86.00%       1.000      1.000      1.000
             500.000       0.213      11.148       4.000    0.60%       1.000      1.000
     Y7                    1.204       2.608       1.000   83.20%       1.000      1.000      1.000
             500.000       0.242       7.074       4.000    0.40%       1.000      1.000
     Y8                    1.172       2.628       1.000   84.60%       1.000      1.000      1.000
             500.000       0.182       7.514       4.000    0.20%       1.000      1.000
     Y9                    1.802       1.110       1.000   37.40%       1.000      2.000      2.000
             500.000       0.615       1.877       5.000    0.80%       2.000      2.000
     Y10                   1.782       0.949       1.000   39.20%       1.000      2.000      2.000
             500.000       0.590       1.276       5.000    0.60%       2.000      2.000
     X1                    0.008      -0.003      -2.570    0.20%      -0.712     -0.208      0.001
             500.000       0.851       0.106       3.120    0.20%       0.224      0.713
     X2                    0.472       0.112       0.000   52.80%       0.000      0.000      0.000
             500.000       0.249      -1.987       1.000   47.20%       1.000      1.000


THE MODEL ESTIMATION TERMINATED NORMALLY



MODEL FIT INFORMATION

Number of Free Parameters                       34

Loglikelihood

          H0 Value                       -4486.325

Information Criteria

          Akaike (AIC)                    9040.651
          Bayesian (BIC)                  9183.947
          Sample-Size Adjusted BIC        9076.029
            (n* = (n + 2) / 24)



MODEL RESULTS

                                                    Two-Tailed
                    Estimate       S.E.  Est./S.E.    P-Value

 F        BY
    Y1                 0.464      0.033     14.237      0.000
    Y2                 0.492      0.034     14.360      0.000
    Y3                 0.514      0.035     14.718      0.000
    Y4               999.000      0.000    999.000    999.000
    Y5                 0.521      0.035     14.709      0.000
    Y6                 0.212      0.021     10.015      0.000
    Y7                 0.266      0.022     12.091      0.000
    Y8                 0.192      0.020      9.774      0.000
    Y9                 0.554      0.033     16.900      0.000
    Y10                0.480      0.033     14.434      0.000

 Y4       ON
    X1                 0.089      0.034      2.618      0.009
    X2                 0.011      0.063      0.169      0.865

 Means
    F                  0.000      0.000    999.000    999.000

 Intercepts
    Y1                 1.786      0.034     53.168      0.000
    Y2                 1.798      0.035     50.847      0.000
    Y3                 3.056      0.036     84.314      0.000
    Y4                 3.049      0.048     63.468      0.000
    Y5                 3.064      0.037     83.336      0.000
    Y6                 1.170      0.021     56.673      0.000
    Y7                 1.204      0.022     54.684      0.000
    Y8                 1.172      0.019     61.359      0.000
    Y9                 1.802      0.035     51.389      0.000
    Y10                1.782      0.034     51.855      0.000

 Variances
    F                  1.000      0.000    999.000    999.000

 Residual Variances
    Y1                 0.348      0.025     14.034      0.000
    Y2                 0.383      0.027     14.013      0.000
    Y3                 0.392      0.028     13.901      0.000
    Y4                 0.447      0.031     14.390      0.000
    Y5                 0.404      0.029     13.902      0.000
    Y6                 0.168      0.011     15.050      0.000
    Y7                 0.172      0.012     14.640      0.000
    Y8                 0.146      0.010     15.090      0.000
    Y9                 0.308      0.024     12.955      0.000
    Y10                0.360      0.026     13.964      0.000

New/Additional Parameters
    L4_0               0.506      0.050     10.033      0.000
    L4_1              -0.027      0.033     -0.821      0.411
    L4_2              -0.074      0.067     -1.099      0.272


QUALITY OF NUMERICAL RESULTS

     Condition Number for the Information Matrix              0.912E-04
       (ratio of smallest to largest eigenvalue)


     Beginning Time:  14:02:30
        Ending Time:  14:02:31
       Elapsed Time:  00:00:01



MUTHEN & MUTHEN
3463 Stoner Ave.
Los Angeles, CA  90066

Tel: (310) 391-9971
Fax: (310) 391-8971
Web: www.StatModel.com
Support: Support@StatModel.com

Copyright (c) 1998-2019 Muthen & Muthen
