Mplus VERSION 8.3
MUTHEN & MUTHEN
04/23/2024   1:44 PM

INPUT INSTRUCTIONS


  TITLE: Test with 10 reps

  DATA:
  File is
  G1_B1_N2_rep340.csv;

  VARIABLE:
      Names are x1 x2 eta
  	y1 y2 y3 y4 y5 y6 y7 y8 y9 y10;
      Usevariables are y1-y10 x1 x2;
      constraint = x1 x2;

  MODEL:
      f BY y1* (l1);
      f BY y2* (l2);
      f BY y3* (l3);
      f BY y4* (l4);
      f BY y5* (l5);
      f BY y6* (l6);
      f BY y7* (l7);
      f BY y8* (l8);
      f BY y9* (l9);
      f BY y10* (l10);

  y9 ON x1 x2;
  f@1;
  [f@0];

  MODEL CONSTRAINT:
      new (l9_0 l9_1 l9_2);
      l9 = l9_0 + l9_1*x1 + l9_2*x2;




INPUT READING TERMINATED NORMALLY



Test with 10 reps

SUMMARY OF ANALYSIS

Number of groups                                                 1
Number of observations                                         500

Number of dependent variables                                   10
Number of independent variables                                  2
Number of continuous latent variables                            1

Observed dependent variables

  Continuous
   Y1          Y2          Y3          Y4          Y5          Y6
   Y7          Y8          Y9          Y10

Observed independent variables
   X1          X2

Continuous latent variables
   F


Estimator                                                       ML
Information matrix                                        OBSERVED
Maximum number of iterations                                  1000
Convergence criterion                                    0.500D-04
Maximum number of steepest descent iterations                   20

Input data file(s)
  G1_B1_N2_rep340.csv

Input data format  FREE



UNIVARIATE SAMPLE STATISTICS


     UNIVARIATE HIGHER-ORDER MOMENT DESCRIPTIVE STATISTICS

         Variable/         Mean/     Skewness/   Minimum/ % with                Percentiles
        Sample Size      Variance    Kurtosis    Maximum  Min/Max      20%/60%    40%/80%    Median

     Y1                    1.824       0.501       1.000   35.00%       1.000      2.000      2.000
             500.000       0.521      -0.219       4.000    1.40%       2.000      2.000
     Y2                    1.856       0.910       1.000   37.00%       1.000      2.000      2.000
             500.000       0.683       0.810       5.000    0.60%       2.000      2.000
     Y3                    3.082      -0.218       1.000    2.40%       2.000      3.000      3.000
             500.000       0.651      -0.234       5.000    1.80%       3.000      4.000
     Y4                    3.080       0.112       1.000    0.80%       2.000      3.000      3.000
             500.000       0.610      -0.289       5.000    2.80%       3.000      4.000
     Y5                    3.088      -0.052       1.000    1.80%       2.000      3.000      3.000
             500.000       0.664      -0.274       5.000    2.80%       3.000      4.000
     Y6                    1.180       2.920       1.000   84.20%       1.000      1.000      1.000
             500.000       0.204      10.371       4.000    0.60%       1.000      1.000
     Y7                    1.180       2.937       1.000   83.20%       1.000      1.000      1.000
             500.000       0.184      13.759       5.000    0.20%       1.000      1.000
     Y8                    1.176       2.206       1.000   83.60%       1.000      1.000      1.000
             500.000       0.169       4.130       3.000    1.20%       1.000      1.000
     Y9                    1.818       0.820       1.000   39.60%       1.000      2.000      2.000
             500.000       0.653       0.449       5.000    0.40%       2.000      2.000
     Y10                   1.796       0.616       1.000   36.40%       1.000      2.000      2.000
             500.000       0.518       0.097       4.000    1.80%       2.000      2.000
     X1                    0.028      -0.162      -2.968    0.20%      -0.850     -0.190      0.074
             500.000       1.016      -0.146       2.689    0.20%       0.331      0.871
     X2                    0.486       0.056       0.000   51.40%       0.000      0.000      0.000
             500.000       0.250      -1.997       1.000   48.60%       1.000      1.000


THE MODEL ESTIMATION TERMINATED NORMALLY



MODEL FIT INFORMATION

Number of Free Parameters                       34

Loglikelihood

          H0 Value                       -4269.604

Information Criteria

          Akaike (AIC)                    8607.208
          Bayesian (BIC)                  8750.505
          Sample-Size Adjusted BIC        8642.587
            (n* = (n + 2) / 24)



MODEL RESULTS

                                                    Two-Tailed
                    Estimate       S.E.  Est./S.E.    P-Value

 F        BY
    Y1                 0.488      0.030     16.078      0.000
    Y2                 0.572      0.034     16.595      0.000
    Y3                 0.519      0.034     15.097      0.000
    Y4                 0.529      0.033     16.144      0.000
    Y5                 0.529      0.035     15.283      0.000
    Y6                 0.218      0.020     10.713      0.000
    Y7                 0.221      0.019     11.515      0.000
    Y8                 0.180      0.019      9.609      0.000
    Y9               999.000      0.000    999.000    999.000
    Y10                0.452      0.031     14.646      0.000

 Y9       ON
    X1                 0.053      0.029      1.796      0.072
    X2                -0.038      0.059     -0.647      0.517

 Means
    F                  0.000      0.000    999.000    999.000

 Intercepts
    Y1                 1.824      0.032     56.504      0.000
    Y2                 1.856      0.037     50.208      0.000
    Y3                 3.082      0.036     85.396      0.000
    Y4                 3.080      0.035     88.209      0.000
    Y5                 3.088      0.036     84.722      0.000
    Y6                 1.180      0.020     58.476      0.000
    Y7                 1.180      0.019     61.579      0.000
    Y8                 1.176      0.018     63.961      0.000
    Y9                 1.836      0.047     38.984      0.000
    Y10                1.796      0.032     55.778      0.000

 Variances
    F                  1.000      0.000    999.000    999.000

 Residual Variances
    Y1                 0.283      0.021     13.652      0.000
    Y2                 0.356      0.026     13.457      0.000
    Y3                 0.382      0.027     13.992      0.000
    Y4                 0.330      0.024     13.634      0.000
    Y5                 0.384      0.028     13.932      0.000
    Y6                 0.156      0.010     15.035      0.000
    Y7                 0.135      0.009     14.883      0.000
    Y8                 0.136      0.009     15.200      0.000
    Y9                 0.387      0.027     14.118      0.000
    Y10                0.314      0.022     14.139      0.000

New/Additional Parameters
    L9_0               0.539      0.046     11.656      0.000
    L9_1               0.023      0.032      0.715      0.475
    L9_2              -0.073      0.063     -1.161      0.246


QUALITY OF NUMERICAL RESULTS

     Condition Number for the Information Matrix              0.792E-04
       (ratio of smallest to largest eigenvalue)


     Beginning Time:  13:44:00
        Ending Time:  13:44:02
       Elapsed Time:  00:00:02



MUTHEN & MUTHEN
3463 Stoner Ave.
Los Angeles, CA  90066

Tel: (310) 391-9971
Fax: (310) 391-8971
Web: www.StatModel.com
Support: Support@StatModel.com

Copyright (c) 1998-2019 Muthen & Muthen
