Mplus VERSION 8.3
MUTHEN & MUTHEN
04/23/2024   1:52 PM

INPUT INSTRUCTIONS


  TITLE: Test with 10 reps

  DATA:
  File is
  G1_B1_N2_rep366.csv;

  VARIABLE:
      Names are x1 x2 eta
  	y1 y2 y3 y4 y5 y6 y7 y8 y9 y10;
      Usevariables are y1-y10 x1 x2;
      constraint = x1 x2;

  MODEL:
      f BY y1* (l1);
      f BY y2* (l2);
      f BY y3* (l3);
      f BY y4* (l4);
      f BY y5* (l5);
      f BY y6* (l6);
      f BY y7* (l7);
      f BY y8* (l8);
      f BY y9* (l9);
      f BY y10* (l10);

  y6 ON x1 x2;
  f@1;
  [f@0];

  MODEL CONSTRAINT:
      new (l6_0 l6_1 l6_2);
      l6 = l6_0 + l6_1*x1 + l6_2*x2;




INPUT READING TERMINATED NORMALLY



Test with 10 reps

SUMMARY OF ANALYSIS

Number of groups                                                 1
Number of observations                                         500

Number of dependent variables                                   10
Number of independent variables                                  2
Number of continuous latent variables                            1

Observed dependent variables

  Continuous
   Y1          Y2          Y3          Y4          Y5          Y6
   Y7          Y8          Y9          Y10

Observed independent variables
   X1          X2

Continuous latent variables
   F


Estimator                                                       ML
Information matrix                                        OBSERVED
Maximum number of iterations                                  1000
Convergence criterion                                    0.500D-04
Maximum number of steepest descent iterations                   20

Input data file(s)
  G1_B1_N2_rep366.csv

Input data format  FREE



UNIVARIATE SAMPLE STATISTICS


     UNIVARIATE HIGHER-ORDER MOMENT DESCRIPTIVE STATISTICS

         Variable/         Mean/     Skewness/   Minimum/ % with                Percentiles
        Sample Size      Variance    Kurtosis    Maximum  Min/Max      20%/60%    40%/80%    Median

     Y1                    1.850       0.808       1.000   36.80%       1.000      2.000      2.000
             500.000       0.647       0.536       5.000    0.40%       2.000      2.000
     Y2                    1.848       0.658       1.000   33.80%       1.000      2.000      2.000
             500.000       0.557       0.239       4.000    2.80%       2.000      2.000
     Y3                    3.110      -0.046       1.000    1.20%       2.000      3.000      3.000
             500.000       0.614      -0.286       5.000    2.40%       3.000      4.000
     Y4                    3.086       0.097       1.000    1.00%       2.000      3.000      3.000
             500.000       0.583      -0.038       5.000    2.80%       3.000      4.000
     Y5                    3.070      -0.197       1.000    2.40%       2.000      3.000      3.000
             500.000       0.645      -0.204       5.000    1.80%       3.000      4.000
     Y6                    1.174       2.788       1.000   84.40%       1.000      1.000      1.000
             500.000       0.188       9.292       4.000    0.40%       1.000      1.000
     Y7                    1.184       3.265       1.000   83.80%       1.000      1.000      1.000
             500.000       0.214      15.082       5.000    0.20%       1.000      1.000
     Y8                    1.168       2.724       1.000   85.20%       1.000      1.000      1.000
             500.000       0.184       8.010       4.000    0.20%       1.000      1.000
     Y9                    1.854       0.882       1.000   35.60%       1.000      2.000      2.000
             500.000       0.637       0.961       5.000    0.60%       2.000      2.000
     Y10                   1.882       0.953       1.000   33.40%       1.000      2.000      2.000
             500.000       0.648       1.291       5.000    0.80%       2.000      2.000
     X1                    0.004      -0.015      -2.725    0.20%      -0.849     -0.261     -0.023
             500.000       0.991      -0.329       2.782    0.20%       0.278      0.854
     X2                    0.498       0.008       0.000   50.20%       0.000      0.000      0.000
             500.000       0.250      -2.000       1.000   49.80%       1.000      1.000


THE MODEL ESTIMATION TERMINATED NORMALLY



MODEL FIT INFORMATION

Number of Free Parameters                       34

Loglikelihood

          H0 Value                       -4363.392

Information Criteria

          Akaike (AIC)                    8794.784
          Bayesian (BIC)                  8938.081
          Sample-Size Adjusted BIC        8830.163
            (n* = (n + 2) / 24)



MODEL RESULTS

                                                    Two-Tailed
                    Estimate       S.E.  Est./S.E.    P-Value

 F        BY
    Y1                 0.524      0.034     15.265      0.000
    Y2                 0.449      0.032     13.827      0.000
    Y3                 0.490      0.034     14.494      0.000
    Y4                 0.489      0.033     14.969      0.000
    Y5                 0.507      0.035     14.683      0.000
    Y6               999.000      0.000    999.000    999.000
    Y7                 0.243      0.021     11.719      0.000
    Y8                 0.179      0.020      9.045      0.000
    Y9                 0.498      0.034     14.480      0.000
    Y10                0.548      0.034     16.182      0.000

 Y6       ON
    X1                -0.014      0.017     -0.856      0.392
    X2                 0.011      0.033      0.330      0.742

 Means
    F                  0.000      0.000    999.000    999.000

 Intercepts
    Y1                 1.850      0.036     51.409      0.000
    Y2                 1.848      0.033     55.373      0.000
    Y3                 3.110      0.035     88.756      0.000
    Y4                 3.086      0.034     90.405      0.000
    Y5                 3.070      0.036     85.469      0.000
    Y6                 1.167      0.025     46.331      0.000
    Y7                 1.184      0.021     57.212      0.000
    Y8                 1.168      0.019     60.923      0.000
    Y9                 1.854      0.036     51.956      0.000
    Y10                1.882      0.036     52.275      0.000

 Variances
    F                  1.000      0.000    999.000    999.000

 Residual Variances
    Y1                 0.373      0.027     13.783      0.000
    Y2                 0.355      0.025     14.269      0.000
    Y3                 0.374      0.027     14.074      0.000
    Y4                 0.343      0.025     13.927      0.000
    Y5                 0.388      0.028     13.989      0.000
    Y6                 0.124      0.009     14.303      0.000
    Y7                 0.155      0.011     14.737      0.000
    Y8                 0.152      0.010     15.242      0.000
    Y9                 0.388      0.028     14.061      0.000
    Y10                0.348      0.026     13.464      0.000

New/Additional Parameters
    L6_0               0.244      0.026      9.579      0.000
    L6_1               0.019      0.016      1.198      0.231
    L6_2               0.015      0.036      0.425      0.671


QUALITY OF NUMERICAL RESULTS

     Condition Number for the Information Matrix              0.715E-04
       (ratio of smallest to largest eigenvalue)


     Beginning Time:  13:52:24
        Ending Time:  13:52:26
       Elapsed Time:  00:00:02



MUTHEN & MUTHEN
3463 Stoner Ave.
Los Angeles, CA  90066

Tel: (310) 391-9971
Fax: (310) 391-8971
Web: www.StatModel.com
Support: Support@StatModel.com

Copyright (c) 1998-2019 Muthen & Muthen
