Mplus VERSION 8.3
MUTHEN & MUTHEN
04/23/2024   2:01 PM

INPUT INSTRUCTIONS


  TITLE: Test with 10 reps

  DATA:
  File is
  G1_B1_N2_rep393.csv;

  VARIABLE:
      Names are x1 x2 eta
  	y1 y2 y3 y4 y5 y6 y7 y8 y9 y10;
      Usevariables are y1-y10 x1 x2;
      constraint = x1 x2;

  MODEL:
      f BY y1* (l1);
      f BY y2* (l2);
      f BY y3* (l3);
      f BY y4* (l4);
      f BY y5* (l5);
      f BY y6* (l6);
      f BY y7* (l7);
      f BY y8* (l8);
      f BY y9* (l9);
      f BY y10* (l10);

  y2 ON x1 x2;
  f@1;
  [f@0];

  MODEL CONSTRAINT:
      new (l2_0 l2_1 l2_2);
      l2 = l2_0 + l2_1*x1 + l2_2*x2;




INPUT READING TERMINATED NORMALLY



Test with 10 reps

SUMMARY OF ANALYSIS

Number of groups                                                 1
Number of observations                                         500

Number of dependent variables                                   10
Number of independent variables                                  2
Number of continuous latent variables                            1

Observed dependent variables

  Continuous
   Y1          Y2          Y3          Y4          Y5          Y6
   Y7          Y8          Y9          Y10

Observed independent variables
   X1          X2

Continuous latent variables
   F


Estimator                                                       ML
Information matrix                                        OBSERVED
Maximum number of iterations                                  1000
Convergence criterion                                    0.500D-04
Maximum number of steepest descent iterations                   20

Input data file(s)
  G1_B1_N2_rep393.csv

Input data format  FREE



UNIVARIATE SAMPLE STATISTICS


     UNIVARIATE HIGHER-ORDER MOMENT DESCRIPTIVE STATISTICS

         Variable/         Mean/     Skewness/   Minimum/ % with                Percentiles
        Sample Size      Variance    Kurtosis    Maximum  Min/Max      20%/60%    40%/80%    Median

     Y1                    1.798       0.842       1.000   38.20%       1.000      2.000      2.000
             500.000       0.585       0.836       5.000    0.40%       2.000      2.000
     Y2                    1.768       0.956       1.000   41.20%       1.000      1.000      2.000
             500.000       0.614       0.960       5.000    0.40%       2.000      2.000
     Y3                    3.046      -0.023       1.000    2.40%       2.000      3.000      3.000
             500.000       0.688      -0.186       5.000    3.00%       3.000      4.000
     Y4                    3.036       0.048       1.000    3.20%       2.000      3.000      3.000
             500.000       0.795      -0.275       5.000    4.60%       3.000      4.000
     Y5                    2.992       0.015       1.000    2.80%       2.000      3.000      3.000
             500.000       0.672      -0.023       5.000    2.80%       3.000      4.000
     Y6                    1.178       3.488       1.000   85.00%       1.000      1.000      1.000
             500.000       0.226      16.106       5.000    0.20%       1.000      1.000
     Y7                    1.160       2.337       1.000   85.00%       1.000      1.000      1.000
             500.000       0.154       4.755       3.000    1.00%       1.000      1.000
     Y8                    1.176       2.206       1.000   83.60%       1.000      1.000      1.000
             500.000       0.169       4.130       3.000    1.20%       1.000      1.000
     Y9                    1.818       1.042       1.000   38.60%       1.000      2.000      2.000
             500.000       0.657       1.622       5.000    1.20%       2.000      2.000
     Y10                   1.816       0.760       1.000   39.60%       1.000      2.000      2.000
             500.000       0.646       0.042       4.000    3.60%       2.000      2.000
     X1                    0.057      -0.176      -3.089    0.20%      -0.795     -0.151      0.124
             500.000       0.912      -0.155       2.503    0.20%       0.299      0.865
     X2                    0.490       0.040       0.000   51.00%       0.000      0.000      0.000
             500.000       0.250      -1.998       1.000   49.00%       1.000      1.000


THE MODEL ESTIMATION TERMINATED NORMALLY



MODEL FIT INFORMATION

Number of Free Parameters                       34

Loglikelihood

          H0 Value                       -4442.792

Information Criteria

          Akaike (AIC)                    8953.585
          Bayesian (BIC)                  9096.882
          Sample-Size Adjusted BIC        8988.963
            (n* = (n + 2) / 24)



MODEL RESULTS

                                                    Two-Tailed
                    Estimate       S.E.  Est./S.E.    P-Value

 F        BY
    Y1                 0.482      0.033     14.635      0.000
    Y2               999.000      0.000    999.000    999.000
    Y3                 0.571      0.035     16.395      0.000
    Y4                 0.599      0.038     15.873      0.000
    Y5                 0.516      0.035     14.612      0.000
    Y6                 0.208      0.022      9.520      0.000
    Y7                 0.190      0.018     10.636      0.000
    Y8                 0.221      0.018     12.038      0.000
    Y9                 0.507      0.035     14.510      0.000
    Y10                0.479      0.035     13.650      0.000

 Y2       ON
    X1                -0.005      0.030     -0.153      0.878
    X2                -0.024      0.057     -0.414      0.679

 Means
    F                  0.000      0.000    999.000    999.000

 Intercepts
    Y1                 1.798      0.034     52.556      0.000
    Y2                 1.774      0.044     39.922      0.000
    Y3                 3.046      0.037     82.121      0.000
    Y4                 3.036      0.040     76.152      0.000
    Y5                 2.992      0.037     81.617      0.000
    Y6                 1.178      0.021     55.370      0.000
    Y7                 1.160      0.018     66.011      0.000
    Y8                 1.176      0.018     63.961      0.000
    Y9                 1.818      0.036     50.158      0.000
    Y10                1.816      0.036     50.517      0.000

 Variances
    F                  1.000      0.000    999.000    999.000

 Residual Variances
    Y1                 0.353      0.025     14.003      0.000
    Y2                 0.369      0.026     14.016      0.000
    Y3                 0.362      0.027     13.321      0.000
    Y4                 0.436      0.032     13.552      0.000
    Y5                 0.406      0.029     14.011      0.000
    Y6                 0.183      0.012     15.161      0.000
    Y7                 0.118      0.008     14.964      0.000
    Y8                 0.120      0.008     14.671      0.000
    Y9                 0.399      0.028     14.038      0.000
    Y10                0.417      0.029     14.286      0.000

New/Additional Parameters
    L2_0               0.470      0.047     10.011      0.000
    L2_1               0.042      0.032      1.322      0.186
    L2_2               0.038      0.062      0.623      0.533


QUALITY OF NUMERICAL RESULTS

     Condition Number for the Information Matrix              0.608E-04
       (ratio of smallest to largest eigenvalue)


     Beginning Time:  14:01:29
        Ending Time:  14:01:31
       Elapsed Time:  00:00:02



MUTHEN & MUTHEN
3463 Stoner Ave.
Los Angeles, CA  90066

Tel: (310) 391-9971
Fax: (310) 391-8971
Web: www.StatModel.com
Support: Support@StatModel.com

Copyright (c) 1998-2019 Muthen & Muthen
