Mplus VERSION 8.3
MUTHEN & MUTHEN
04/23/2024   1:58 PM

INPUT INSTRUCTIONS


  TITLE: Test with 10 reps

  DATA:
  File is
  G1_B1_N2_rep382.csv;

  VARIABLE:
      Names are x1 x2 eta
  	y1 y2 y3 y4 y5 y6 y7 y8 y9 y10;
      Usevariables are y1-y10 x1 x2;
      constraint = x1 x2;

  MODEL:
      f BY y1* (l1);
      f BY y2* (l2);
      f BY y3* (l3);
      f BY y4* (l4);
      f BY y5* (l5);
      f BY y6* (l6);
      f BY y7* (l7);
      f BY y8* (l8);
      f BY y9* (l9);
      f BY y10* (l10);

  y9 ON x1 x2;
  f@1;
  [f@0];

  MODEL CONSTRAINT:
      new (l9_0 l9_1 l9_2);
      l9 = l9_0 + l9_1*x1 + l9_2*x2;




INPUT READING TERMINATED NORMALLY



Test with 10 reps

SUMMARY OF ANALYSIS

Number of groups                                                 1
Number of observations                                         500

Number of dependent variables                                   10
Number of independent variables                                  2
Number of continuous latent variables                            1

Observed dependent variables

  Continuous
   Y1          Y2          Y3          Y4          Y5          Y6
   Y7          Y8          Y9          Y10

Observed independent variables
   X1          X2

Continuous latent variables
   F


Estimator                                                       ML
Information matrix                                        OBSERVED
Maximum number of iterations                                  1000
Convergence criterion                                    0.500D-04
Maximum number of steepest descent iterations                   20

Input data file(s)
  G1_B1_N2_rep382.csv

Input data format  FREE



UNIVARIATE SAMPLE STATISTICS


     UNIVARIATE HIGHER-ORDER MOMENT DESCRIPTIVE STATISTICS

         Variable/         Mean/     Skewness/   Minimum/ % with                Percentiles
        Sample Size      Variance    Kurtosis    Maximum  Min/Max      20%/60%    40%/80%    Median

     Y1                    1.832       0.742       1.000   34.80%       1.000      2.000      2.000
             500.000       0.560       0.617       5.000    0.20%       2.000      2.000
     Y2                    1.786       1.004       1.000   39.20%       1.000      2.000      2.000
             500.000       0.604       1.530       5.000    0.80%       2.000      2.000
     Y3                    3.094       0.158       1.000    1.40%       2.000      3.000      3.000
             500.000       0.665      -0.056       5.000    4.40%       3.000      4.000
     Y4                    3.058      -0.103       1.000    2.20%       2.000      3.000      3.000
             500.000       0.627      -0.053       5.000    2.20%       3.000      4.000
     Y5                    3.094       0.202       1.000    0.80%       2.000      3.000      3.000
             500.000       0.665      -0.294       5.000    4.20%       3.000      4.000
     Y6                    1.178       3.097       1.000   84.60%       1.000      1.000      1.000
             500.000       0.206      13.143       5.000    0.20%       1.000      1.000
     Y7                    1.192       2.546       1.000   82.60%       1.000      1.000      1.000
             500.000       0.199       7.714       4.000    0.40%       1.000      1.000
     Y8                    1.198       2.376       1.000   82.40%       1.000      1.000      1.000
             500.000       0.207       5.860       4.000    0.20%       1.000      1.000
     Y9                    1.816       0.886       1.000   36.60%       1.000      2.000      2.000
             500.000       0.586       1.193       5.000    0.60%       2.000      2.000
     Y10                   1.856       0.969       1.000   34.80%       1.000      2.000      2.000
             500.000       0.639       1.232       5.000    0.60%       2.000      2.000
     X1                    0.065      -0.070      -2.798    0.20%      -0.781     -0.166      0.096
             500.000       0.961      -0.058       2.958    0.20%       0.329      0.910
     X2                    0.506      -0.024       0.000   49.40%       0.000      0.000      1.000
             500.000       0.250      -1.999       1.000   50.60%       1.000      1.000


THE MODEL ESTIMATION TERMINATED NORMALLY



MODEL FIT INFORMATION

Number of Free Parameters                       34

Loglikelihood

          H0 Value                       -4397.235

Information Criteria

          Akaike (AIC)                    8862.470
          Bayesian (BIC)                  9005.767
          Sample-Size Adjusted BIC        8897.849
            (n* = (n + 2) / 24)



MODEL RESULTS

                                                    Two-Tailed
                    Estimate       S.E.  Est./S.E.    P-Value

 F        BY
    Y1                 0.466      0.032     14.458      0.000
    Y2                 0.519      0.033     15.810      0.000
    Y3                 0.509      0.035     14.498      0.000
    Y4                 0.541      0.033     16.273      0.000
    Y5                 0.521      0.035     14.920      0.000
    Y6                 0.214      0.021     10.381      0.000
    Y7                 0.218      0.020     10.783      0.000
    Y8                 0.232      0.020     11.381      0.000
    Y9               999.000      0.000    999.000    999.000
    Y10                0.509      0.034     14.839      0.000

 Y9       ON
    X1                -0.017      0.029     -0.598      0.550
    X2                -0.050      0.055     -0.896      0.370

 Means
    F                  0.000      0.000    999.000    999.000

 Intercepts
    Y1                 1.832      0.033     54.752      0.000
    Y2                 1.786      0.035     51.378      0.000
    Y3                 3.094      0.036     84.828      0.000
    Y4                 3.058      0.035     86.380      0.000
    Y5                 3.094      0.036     84.828      0.000
    Y6                 1.178      0.020     57.991      0.000
    Y7                 1.192      0.020     59.729      0.000
    Y8                 1.198      0.020     58.908      0.000
    Y9                 1.852      0.044     41.714      0.000
    Y10                1.856      0.036     51.907      0.000

 Variances
    F                  1.000      0.000    999.000    999.000

 Residual Variances
    Y1                 0.342      0.024     14.111      0.000
    Y2                 0.334      0.024     13.657      0.000
    Y3                 0.406      0.029     14.106      0.000
    Y4                 0.334      0.025     13.483      0.000
    Y5                 0.394      0.028     13.978      0.000
    Y6                 0.160      0.011     15.037      0.000
    Y7                 0.152      0.010     14.974      0.000
    Y8                 0.153      0.010     14.860      0.000
    Y9                 0.339      0.025     13.803      0.000
    Y10                0.380      0.027     13.977      0.000

New/Additional Parameters
    L9_0               0.481      0.046     10.442      0.000
    L9_1              -0.065      0.030     -2.159      0.031
    L9_2               0.048      0.059      0.802      0.423


QUALITY OF NUMERICAL RESULTS

     Condition Number for the Information Matrix              0.100E-03
       (ratio of smallest to largest eigenvalue)


     Beginning Time:  13:58:04
        Ending Time:  13:58:06
       Elapsed Time:  00:00:02



MUTHEN & MUTHEN
3463 Stoner Ave.
Los Angeles, CA  90066

Tel: (310) 391-9971
Fax: (310) 391-8971
Web: www.StatModel.com
Support: Support@StatModel.com

Copyright (c) 1998-2019 Muthen & Muthen
