Mplus VERSION 8.3
MUTHEN & MUTHEN
04/23/2024   2:15 PM

INPUT INSTRUCTIONS


  TITLE: Test with 10 reps

  DATA:
  File is
  G1_B1_N2_rep431.csv;

  VARIABLE:
      Names are x1 x2 eta
  	y1 y2 y3 y4 y5 y6 y7 y8 y9 y10;
      Usevariables are y1-y10 x1 x2;
      constraint = x1 x2;

  MODEL:
      f BY y1* (l1);
      f BY y2* (l2);
      f BY y3* (l3);
      f BY y4* (l4);
      f BY y5* (l5);
      f BY y6* (l6);
      f BY y7* (l7);
      f BY y8* (l8);
      f BY y9* (l9);
      f BY y10* (l10);

  y9 ON x1 x2;
  f@1;
  [f@0];

  MODEL CONSTRAINT:
      new (l9_0 l9_1 l9_2);
      l9 = l9_0 + l9_1*x1 + l9_2*x2;




INPUT READING TERMINATED NORMALLY



Test with 10 reps

SUMMARY OF ANALYSIS

Number of groups                                                 1
Number of observations                                         500

Number of dependent variables                                   10
Number of independent variables                                  2
Number of continuous latent variables                            1

Observed dependent variables

  Continuous
   Y1          Y2          Y3          Y4          Y5          Y6
   Y7          Y8          Y9          Y10

Observed independent variables
   X1          X2

Continuous latent variables
   F


Estimator                                                       ML
Information matrix                                        OBSERVED
Maximum number of iterations                                  1000
Convergence criterion                                    0.500D-04
Maximum number of steepest descent iterations                   20

Input data file(s)
  G1_B1_N2_rep431.csv

Input data format  FREE



UNIVARIATE SAMPLE STATISTICS


     UNIVARIATE HIGHER-ORDER MOMENT DESCRIPTIVE STATISTICS

         Variable/         Mean/     Skewness/   Minimum/ % with                Percentiles
        Sample Size      Variance    Kurtosis    Maximum  Min/Max      20%/60%    40%/80%    Median

     Y1                    1.774       0.846       1.000   41.20%       1.000      1.000      2.000
             500.000       0.611       0.465       5.000    0.20%       2.000      2.000
     Y2                    1.808       0.711       1.000   36.00%       1.000      2.000      2.000
             500.000       0.539       0.549       5.000    0.20%       2.000      2.000
     Y3                    3.046      -0.047       1.000    1.00%       2.000      3.000      3.000
             500.000       0.564      -0.401       5.000    1.20%       3.000      4.000
     Y4                    2.986       0.178       1.000    1.40%       2.000      3.000      3.000
             500.000       0.602      -0.002       5.000    2.60%       3.000      4.000
     Y5                    3.026       0.029       1.000    1.80%       2.000      3.000      3.000
             500.000       0.617      -0.066       5.000    2.40%       3.000      4.000
     Y6                    1.160       2.930       1.000   85.40%       1.000      1.000      1.000
             500.000       0.170      10.682       4.000    0.40%       1.000      1.000
     Y7                    1.180       2.940       1.000   84.40%       1.000      1.000      1.000
             500.000       0.208      10.328       4.000    0.60%       1.000      1.000
     Y8                    1.156       2.773       1.000   85.80%       1.000      1.000      1.000
             500.000       0.164       8.683       4.000    0.20%       1.000      1.000
     Y9                    1.780       1.062       1.000   38.80%       1.000      2.000      2.000
             500.000       0.588       1.993       5.000    1.00%       2.000      2.000
     Y10                   1.776       0.785       1.000   37.00%       1.000      2.000      2.000
             500.000       0.510       1.109       5.000    0.40%       2.000      2.000
     X1                   -0.072      -0.008      -3.107    0.20%      -0.885     -0.291     -0.107
             500.000       1.008       0.136       2.964    0.20%       0.182      0.728
     X2                    0.468       0.128       0.000   53.20%       0.000      0.000      0.000
             500.000       0.249      -1.984       1.000   46.80%       1.000      1.000


THE MODEL ESTIMATION TERMINATED NORMALLY



MODEL FIT INFORMATION

Number of Free Parameters                       34

Loglikelihood

          H0 Value                       -4151.463

Information Criteria

          Akaike (AIC)                    8370.925
          Bayesian (BIC)                  8514.222
          Sample-Size Adjusted BIC        8406.304
            (n* = (n + 2) / 24)



MODEL RESULTS

                                                    Two-Tailed
                    Estimate       S.E.  Est./S.E.    P-Value

 F        BY
    Y1                 0.488      0.034     14.522      0.000
    Y2                 0.468      0.031     14.875      0.000
    Y3                 0.501      0.032     15.806      0.000
    Y4                 0.480      0.033     14.326      0.000
    Y5                 0.473      0.034     13.883      0.000
    Y6                 0.224      0.018     12.220      0.000
    Y7                 0.233      0.020     11.395      0.000
    Y8                 0.212      0.018     11.721      0.000
    Y9               999.000      0.000    999.000    999.000
    Y10                0.461      0.030     15.118      0.000

 Y9       ON
    X1                 0.038      0.027      1.416      0.157
    X2                -0.056      0.053     -1.040      0.298

 Means
    F                  0.000      0.000    999.000    999.000

 Intercepts
    Y1                 1.774      0.035     50.751      0.000
    Y2                 1.808      0.033     55.060      0.000
    Y3                 3.046      0.034     90.703      0.000
    Y4                 2.986      0.035     86.069      0.000
    Y5                 3.026      0.035     86.119      0.000
    Y6                 1.160      0.018     62.836      0.000
    Y7                 1.180      0.020     57.910      0.000
    Y8                 1.156      0.018     63.895      0.000
    Y9                 1.810      0.043     42.190      0.000
    Y10                1.776      0.032     55.618      0.000

 Variances
    F                  1.000      0.000    999.000    999.000

 Residual Variances
    Y1                 0.372      0.026     14.118      0.000
    Y2                 0.320      0.023     14.006      0.000
    Y3                 0.312      0.023     13.683      0.000
    Y4                 0.372      0.026     14.162      0.000
    Y5                 0.393      0.027     14.306      0.000
    Y6                 0.120      0.008     14.693      0.000
    Y7                 0.153      0.010     14.874      0.000
    Y8                 0.119      0.008     14.807      0.000
    Y9                 0.307      0.023     13.448      0.000
    Y10                0.297      0.021     13.908      0.000

New/Additional Parameters
    L9_0               0.544      0.043     12.650      0.000
    L9_1              -0.037      0.024     -1.546      0.122
    L9_2              -0.046      0.057     -0.800      0.424


QUALITY OF NUMERICAL RESULTS

     Condition Number for the Information Matrix              0.624E-04
       (ratio of smallest to largest eigenvalue)


     Beginning Time:  14:15:01
        Ending Time:  14:15:02
       Elapsed Time:  00:00:01



MUTHEN & MUTHEN
3463 Stoner Ave.
Los Angeles, CA  90066

Tel: (310) 391-9971
Fax: (310) 391-8971
Web: www.StatModel.com
Support: Support@StatModel.com

Copyright (c) 1998-2019 Muthen & Muthen
