Mplus VERSION 8.3
MUTHEN & MUTHEN
04/23/2024   2:33 PM

INPUT INSTRUCTIONS


  TITLE: Test with 10 reps

  DATA:
  File is
  G1_B1_N2_rep486.csv;

  VARIABLE:
      Names are x1 x2 eta
  	y1 y2 y3 y4 y5 y6 y7 y8 y9 y10;
      Usevariables are y1-y10 x1 x2;
      constraint = x1 x2;

  MODEL:
      f BY y1* (l1);
      f BY y2* (l2);
      f BY y3* (l3);
      f BY y4* (l4);
      f BY y5* (l5);
      f BY y6* (l6);
      f BY y7* (l7);
      f BY y8* (l8);
      f BY y9* (l9);
      f BY y10* (l10);

  y8 ON x1 x2;
  f@1;
  [f@0];

  MODEL CONSTRAINT:
      new (l8_0 l8_1 l8_2);
      l8 = l8_0 + l8_1*x1 + l8_2*x2;




INPUT READING TERMINATED NORMALLY



Test with 10 reps

SUMMARY OF ANALYSIS

Number of groups                                                 1
Number of observations                                         500

Number of dependent variables                                   10
Number of independent variables                                  2
Number of continuous latent variables                            1

Observed dependent variables

  Continuous
   Y1          Y2          Y3          Y4          Y5          Y6
   Y7          Y8          Y9          Y10

Observed independent variables
   X1          X2

Continuous latent variables
   F


Estimator                                                       ML
Information matrix                                        OBSERVED
Maximum number of iterations                                  1000
Convergence criterion                                    0.500D-04
Maximum number of steepest descent iterations                   20

Input data file(s)
  G1_B1_N2_rep486.csv

Input data format  FREE



UNIVARIATE SAMPLE STATISTICS


     UNIVARIATE HIGHER-ORDER MOMENT DESCRIPTIVE STATISTICS

         Variable/         Mean/     Skewness/   Minimum/ % with                Percentiles
        Sample Size      Variance    Kurtosis    Maximum  Min/Max      20%/60%    40%/80%    Median

     Y1                    1.772       0.907       1.000   39.00%       1.000      2.000      2.000
             500.000       0.568       0.950       5.000    0.20%       2.000      2.000
     Y2                    1.810       0.911       1.000   41.00%       1.000      1.000      2.000
             500.000       0.690       0.555       5.000    0.40%       2.000      2.000
     Y3                    3.058       0.005       1.000    1.40%       2.000      3.000      3.000
             500.000       0.595      -0.123       5.000    2.20%       3.000      4.000
     Y4                    3.096       0.048       1.000    1.20%       2.000      3.000      3.000
             500.000       0.623      -0.184       5.000    3.00%       3.000      4.000
     Y5                    3.054       0.056       1.000    2.00%       2.000      3.000      3.000
             500.000       0.663      -0.053       5.000    3.40%       3.000      4.000
     Y6                    1.180       2.433       1.000   83.40%       1.000      1.000      1.000
             500.000       0.180       6.508       4.000    0.20%       1.000      1.000
     Y7                    1.180       3.640       1.000   85.40%       1.000      1.000      1.000
             500.000       0.248      16.638       5.000    0.20%       1.000      1.000
     Y8                    1.166       2.570       1.000   84.60%       1.000      1.000      1.000
             500.000       0.166       7.462       4.000    0.20%       1.000      1.000
     Y9                    1.822       1.006       1.000   39.00%       1.000      2.000      2.000
             500.000       0.678       1.164       5.000    0.80%       2.000      2.000
     Y10                   1.840       0.659       1.000   35.40%       1.000      2.000      2.000
             500.000       0.578       0.097       4.000    2.80%       2.000      2.000
     X1                    0.037      -0.135      -3.397    0.20%      -0.786     -0.192      0.034
             500.000       0.969       0.105       2.982    0.20%       0.338      0.876
     X2                    0.500       0.000       0.000   50.00%       0.000      0.000      0.500
             500.000       0.250      -2.000       1.000   50.00%       1.000      1.000


THE MODEL ESTIMATION TERMINATED NORMALLY



MODEL FIT INFORMATION

Number of Free Parameters                       34

Loglikelihood

          H0 Value                       -4369.793

Information Criteria

          Akaike (AIC)                    8807.586
          Bayesian (BIC)                  8950.883
          Sample-Size Adjusted BIC        8842.965
            (n* = (n + 2) / 24)



MODEL RESULTS

                                                    Two-Tailed
                    Estimate       S.E.  Est./S.E.    P-Value

 F        BY
    Y1                 0.452      0.033     13.794      0.000
    Y2                 0.564      0.035     16.142      0.000
    Y3                 0.488      0.033     14.749      0.000
    Y4                 0.480      0.034     14.039      0.000
    Y5                 0.567      0.034     16.684      0.000
    Y6                 0.230      0.019     12.196      0.000
    Y7                 0.247      0.022     11.003      0.000
    Y8               999.000      0.000    999.000    999.000
    Y9                 0.550      0.035     15.799      0.000
    Y10                0.470      0.033     14.330      0.000

 Y8       ON
    X1                -0.008      0.017     -0.464      0.643
    X2                 0.006      0.033      0.187      0.851

 Means
    F                  0.000      0.000    999.000    999.000

 Intercepts
    Y1                 1.772      0.034     52.574      0.000
    Y2                 1.810      0.037     48.727      0.000
    Y3                 3.058      0.034     88.674      0.000
    Y4                 3.096      0.035     87.724      0.000
    Y5                 3.054      0.036     83.863      0.000
    Y6                 1.180      0.019     62.261      0.000
    Y7                 1.180      0.022     53.026      0.000
    Y8                 1.160      0.024     47.411      0.000
    Y9                 1.822      0.037     49.467      0.000
    Y10                1.840      0.034     54.099      0.000

 Variances
    F                  1.000      0.000    999.000    999.000

 Residual Variances
    Y1                 0.364      0.025     14.336      0.000
    Y2                 0.372      0.027     13.534      0.000
    Y3                 0.357      0.025     14.047      0.000
    Y4                 0.392      0.028     14.264      0.000
    Y5                 0.342      0.026     13.312      0.000
    Y6                 0.127      0.009     14.700      0.000
    Y7                 0.187      0.012     14.935      0.000
    Y8                 0.127      0.008     14.921      0.000
    Y9                 0.376      0.027     13.684      0.000
    Y10                0.357      0.025     14.162      0.000

New/Additional Parameters
    L8_0               0.174      0.026      6.682      0.000
    L8_1              -0.029      0.019     -1.481      0.139
    L8_2               0.039      0.036      1.093      0.274


QUALITY OF NUMERICAL RESULTS

     Condition Number for the Information Matrix              0.700E-04
       (ratio of smallest to largest eigenvalue)


     Beginning Time:  14:33:14
        Ending Time:  14:33:15
       Elapsed Time:  00:00:01



MUTHEN & MUTHEN
3463 Stoner Ave.
Los Angeles, CA  90066

Tel: (310) 391-9971
Fax: (310) 391-8971
Web: www.StatModel.com
Support: Support@StatModel.com

Copyright (c) 1998-2019 Muthen & Muthen
