Mplus VERSION 8.3
MUTHEN & MUTHEN
04/23/2024   2:12 PM

INPUT INSTRUCTIONS


  TITLE: Test with 10 reps

  DATA:
  File is
  G1_B1_N2_rep426.csv;

  VARIABLE:
      Names are x1 x2 eta
  	y1 y2 y3 y4 y5 y6 y7 y8 y9 y10;
      Usevariables are y1-y10 x1 x2;
      constraint = x1 x2;

  MODEL:
      f BY y1* (l1);
      f BY y2* (l2);
      f BY y3* (l3);
      f BY y4* (l4);
      f BY y5* (l5);
      f BY y6* (l6);
      f BY y7* (l7);
      f BY y8* (l8);
      f BY y9* (l9);
      f BY y10* (l10);

  y10 ON x1 x2;
  f@1;
  [f@0];

  MODEL CONSTRAINT:
      new (l10_0 l10_1 l10_2);
      l10 = l10_0 + l10_1*x1 + l10_2*x2;




INPUT READING TERMINATED NORMALLY



Test with 10 reps

SUMMARY OF ANALYSIS

Number of groups                                                 1
Number of observations                                         500

Number of dependent variables                                   10
Number of independent variables                                  2
Number of continuous latent variables                            1

Observed dependent variables

  Continuous
   Y1          Y2          Y3          Y4          Y5          Y6
   Y7          Y8          Y9          Y10

Observed independent variables
   X1          X2

Continuous latent variables
   F


Estimator                                                       ML
Information matrix                                        OBSERVED
Maximum number of iterations                                  1000
Convergence criterion                                    0.500D-04
Maximum number of steepest descent iterations                   20

Input data file(s)
  G1_B1_N2_rep426.csv

Input data format  FREE



UNIVARIATE SAMPLE STATISTICS


     UNIVARIATE HIGHER-ORDER MOMENT DESCRIPTIVE STATISTICS

         Variable/         Mean/     Skewness/   Minimum/ % with                Percentiles
        Sample Size      Variance    Kurtosis    Maximum  Min/Max      20%/60%    40%/80%    Median

     Y1                    1.758       1.090       1.000   40.00%       1.000      1.000      2.000
             500.000       0.579       1.957       5.000    0.80%       2.000      2.000
     Y2                    1.808       0.982       1.000   37.60%       1.000      2.000      2.000
             500.000       0.607       1.496       5.000    0.80%       2.000      2.000
     Y3                    3.038      -0.024       1.000    2.20%       2.000      3.000      3.000
             500.000       0.653      -0.120       5.000    2.60%       3.000      4.000
     Y4                    2.976      -0.085       1.000    2.60%       2.000      3.000      3.000
             500.000       0.607      -0.002       5.000    1.60%       3.000      4.000
     Y5                    3.018      -0.130       1.000    2.80%       2.000      3.000      3.000
             500.000       0.622       0.108       5.000    2.00%       3.000      4.000
     Y6                    1.158       3.712       1.000   86.40%       1.000      1.000      1.000
             500.000       0.197      18.912       5.000    0.20%       1.000      1.000
     Y7                    1.198       2.644       1.000   83.40%       1.000      1.000      1.000
             500.000       0.231       7.476       4.000    0.40%       1.000      1.000
     Y8                    1.108       3.019       1.000   89.80%       1.000      1.000      1.000
             500.000       0.108       8.739       3.000    0.60%       1.000      1.000
     Y9                    1.794       0.924       1.000   37.20%       1.000      2.000      2.000
             500.000       0.564       1.430       5.000    0.60%       2.000      2.000
     Y10                   1.766       0.954       1.000   40.40%       1.000      1.000      2.000
             500.000       0.591       1.093       5.000    0.40%       2.000      2.000
     X1                   -0.036      -0.062      -2.725    0.20%      -0.812     -0.285     -0.061
             500.000       0.951      -0.023       2.729    0.20%       0.211      0.791
     X2                    0.490       0.040       0.000   51.00%       0.000      0.000      0.000
             500.000       0.250      -1.998       1.000   49.00%       1.000      1.000


THE MODEL ESTIMATION TERMINATED NORMALLY



MODEL FIT INFORMATION

Number of Free Parameters                       34

Loglikelihood

          H0 Value                       -4258.166

Information Criteria

          Akaike (AIC)                    8584.332
          Bayesian (BIC)                  8727.629
          Sample-Size Adjusted BIC        8619.711
            (n* = (n + 2) / 24)



MODEL RESULTS

                                                    Two-Tailed
                    Estimate       S.E.  Est./S.E.    P-Value

 F        BY
    Y1                 0.491      0.033     14.999      0.000
    Y2                 0.471      0.034     13.851      0.000
    Y3                 0.500      0.035     14.248      0.000
    Y4                 0.485      0.034     14.310      0.000
    Y5                 0.496      0.034     14.553      0.000
    Y6                 0.227      0.020     11.311      0.000
    Y7                 0.236      0.022     10.811      0.000
    Y8                 0.140      0.015      9.159      0.000
    Y9                 0.499      0.032     15.617      0.000
    Y10              999.000      0.000    999.000    999.000

 Y10      ON
    X1                 0.005      0.029      0.181      0.856
    X2                 0.061      0.056      1.077      0.281

 Means
    F                  0.000      0.000    999.000    999.000

 Intercepts
    Y1                 1.758      0.034     51.642      0.000
    Y2                 1.808      0.035     51.885      0.000
    Y3                 3.038      0.036     84.094      0.000
    Y4                 2.976      0.035     85.383      0.000
    Y5                 3.018      0.035     85.590      0.000
    Y6                 1.158      0.020     58.334      0.000
    Y7                 1.198      0.021     55.761      0.000
    Y8                 1.108      0.015     75.273      0.000
    Y9                 1.794      0.034     53.436      0.000
    Y10                1.727      0.042     40.822      0.000

 Variances
    F                  1.000      0.000    999.000    999.000

 Residual Variances
    Y1                 0.339      0.025     13.753      0.000
    Y2                 0.385      0.027     14.142      0.000
    Y3                 0.403      0.029     14.027      0.000
    Y4                 0.373      0.027     13.962      0.000
    Y5                 0.375      0.027     13.929      0.000
    Y6                 0.146      0.010     14.779      0.000
    Y7                 0.175      0.012     14.890      0.000
    Y8                 0.089      0.006     15.165      0.000
    Y9                 0.314      0.023     13.528      0.000
    Y10                0.343      0.025     13.565      0.000

New/Additional Parameters
    L10_0              0.421      0.041     10.321      0.000
    L10_1              0.029      0.030      0.946      0.344
    L10_2              0.147      0.061      2.410      0.016


QUALITY OF NUMERICAL RESULTS

     Condition Number for the Information Matrix              0.337E-04
       (ratio of smallest to largest eigenvalue)


     Beginning Time:  14:12:50
        Ending Time:  14:12:51
       Elapsed Time:  00:00:01



MUTHEN & MUTHEN
3463 Stoner Ave.
Los Angeles, CA  90066

Tel: (310) 391-9971
Fax: (310) 391-8971
Web: www.StatModel.com
Support: Support@StatModel.com

Copyright (c) 1998-2019 Muthen & Muthen
