Mplus VERSION 8.3
MUTHEN & MUTHEN
04/23/2024   2:20 PM

INPUT INSTRUCTIONS


  TITLE: Test with 10 reps

  DATA:
  File is
  G1_B1_N2_rep448.csv;

  VARIABLE:
      Names are x1 x2 eta
  	y1 y2 y3 y4 y5 y6 y7 y8 y9 y10;
      Usevariables are y1-y10 x1 x2;
      constraint = x1 x2;

  MODEL:
      f BY y1* (l1);
      f BY y2* (l2);
      f BY y3* (l3);
      f BY y4* (l4);
      f BY y5* (l5);
      f BY y6* (l6);
      f BY y7* (l7);
      f BY y8* (l8);
      f BY y9* (l9);
      f BY y10* (l10);

  y2 ON x1 x2;
  f@1;
  [f@0];

  MODEL CONSTRAINT:
      new (l2_0 l2_1 l2_2);
      l2 = l2_0 + l2_1*x1 + l2_2*x2;




INPUT READING TERMINATED NORMALLY



Test with 10 reps

SUMMARY OF ANALYSIS

Number of groups                                                 1
Number of observations                                         500

Number of dependent variables                                   10
Number of independent variables                                  2
Number of continuous latent variables                            1

Observed dependent variables

  Continuous
   Y1          Y2          Y3          Y4          Y5          Y6
   Y7          Y8          Y9          Y10

Observed independent variables
   X1          X2

Continuous latent variables
   F


Estimator                                                       ML
Information matrix                                        OBSERVED
Maximum number of iterations                                  1000
Convergence criterion                                    0.500D-04
Maximum number of steepest descent iterations                   20

Input data file(s)
  G1_B1_N2_rep448.csv

Input data format  FREE



UNIVARIATE SAMPLE STATISTICS


     UNIVARIATE HIGHER-ORDER MOMENT DESCRIPTIVE STATISTICS

         Variable/         Mean/     Skewness/   Minimum/ % with                Percentiles
        Sample Size      Variance    Kurtosis    Maximum  Min/Max      20%/60%    40%/80%    Median

     Y1                    1.814       0.906       1.000   36.20%       1.000      2.000      2.000
             500.000       0.571       1.512       5.000    0.80%       2.000      2.000
     Y2                    1.808       1.014       1.000   39.40%       1.000      2.000      2.000
             500.000       0.659       1.267       5.000    0.80%       2.000      2.000
     Y3                    3.120      -0.077       1.000    2.20%       2.000      3.000      3.000
             500.000       0.682      -0.086       5.000    3.60%       3.000      4.000
     Y4                    3.060      -0.114       1.000    3.00%       2.000      3.000      3.000
             500.000       0.708      -0.145       5.000    3.00%       3.000      4.000
     Y5                    3.088      -0.134       1.000    2.40%       2.000      3.000      3.000
             500.000       0.628       0.117       5.000    2.60%       3.000      4.000
     Y6                    1.174       2.873       1.000   85.00%       1.000      1.000      1.000
             500.000       0.200       9.392       4.000    0.40%       1.000      1.000
     Y7                    1.156       2.822       1.000   86.00%       1.000      1.000      1.000
             500.000       0.168       8.883       4.000    0.20%       1.000      1.000
     Y8                    1.172       3.281       1.000   84.40%       1.000      1.000      1.000
             500.000       0.190      16.133       5.000    0.20%       1.000      1.000
     Y9                    1.824       0.972       1.000   38.20%       1.000      2.000      2.000
             500.000       0.649       1.340       5.000    1.00%       2.000      2.000
     Y10                   1.804       0.806       1.000   37.80%       1.000      2.000      2.000
             500.000       0.582       0.751       5.000    0.40%       2.000      2.000
     X1                    0.012       0.193      -2.723    0.20%      -0.863     -0.340     -0.067
             500.000       1.067      -0.128       3.238    0.20%       0.268      0.813
     X2                    0.526      -0.104       0.000   47.40%       0.000      0.000      1.000
             500.000       0.249      -1.989       1.000   52.60%       1.000      1.000


THE MODEL ESTIMATION TERMINATED NORMALLY



MODEL FIT INFORMATION

Number of Free Parameters                       34

Loglikelihood

          H0 Value                       -4423.842

Information Criteria

          Akaike (AIC)                    8915.683
          Bayesian (BIC)                  9058.980
          Sample-Size Adjusted BIC        8951.062
            (n* = (n + 2) / 24)



MODEL RESULTS

                                                    Two-Tailed
                    Estimate       S.E.  Est./S.E.    P-Value

 F        BY
    Y1                 0.512      0.032     15.954      0.000
    Y2               999.000      0.000    999.000    999.000
    Y3                 0.479      0.036     13.156      0.000
    Y4                 0.528      0.036     14.482      0.000
    Y5                 0.482      0.035     13.908      0.000
    Y6                 0.233      0.020     11.574      0.000
    Y7                 0.217      0.018     11.773      0.000
    Y8                 0.212      0.020     10.636      0.000
    Y9                 0.523      0.035     15.099      0.000
    Y10                0.457      0.033     13.659      0.000

 Y2       ON
    X1                -0.009      0.030     -0.315      0.753
    X2                 0.109      0.060      1.796      0.072

 Means
    F                  0.000      0.000    999.000    999.000

 Intercepts
    Y1                 1.814      0.034     53.660      0.000
    Y2                 1.757      0.050     35.416      0.000
    Y3                 3.120      0.037     84.504      0.000
    Y4                 3.060      0.038     81.296      0.000
    Y5                 3.088      0.035     87.115      0.000
    Y6                 1.174      0.020     58.740      0.000
    Y7                 1.156      0.018     63.128      0.000
    Y8                 1.172      0.020     60.056      0.000
    Y9                 1.824      0.036     50.627      0.000
    Y10                1.804      0.034     52.895      0.000

 Variances
    F                  1.000      0.000    999.000    999.000

 Residual Variances
    Y1                 0.310      0.023     13.343      0.000
    Y2                 0.412      0.029     14.119      0.000
    Y3                 0.452      0.032     14.331      0.000
    Y4                 0.429      0.031     13.898      0.000
    Y5                 0.396      0.028     14.084      0.000
    Y6                 0.145      0.010     14.711      0.000
    Y7                 0.121      0.008     14.671      0.000
    Y8                 0.146      0.010     14.903      0.000
    Y9                 0.376      0.027     13.677      0.000
    Y10                0.373      0.026     14.181      0.000

New/Additional Parameters
    L2_0               0.539      0.048     11.200      0.000
    L2_1              -0.035      0.031     -1.120      0.263
    L2_2              -0.097      0.065     -1.477      0.140


QUALITY OF NUMERICAL RESULTS

     Condition Number for the Information Matrix              0.655E-04
       (ratio of smallest to largest eigenvalue)


     Beginning Time:  14:20:16
        Ending Time:  14:20:18
       Elapsed Time:  00:00:02



MUTHEN & MUTHEN
3463 Stoner Ave.
Los Angeles, CA  90066

Tel: (310) 391-9971
Fax: (310) 391-8971
Web: www.StatModel.com
Support: Support@StatModel.com

Copyright (c) 1998-2019 Muthen & Muthen
