Mplus VERSION 8.3
MUTHEN & MUTHEN
04/23/2024   2:25 PM

INPUT INSTRUCTIONS


  TITLE: Test with 10 reps

  DATA:
  File is
  G1_B1_N2_rep463.csv;

  VARIABLE:
      Names are x1 x2 eta
  	y1 y2 y3 y4 y5 y6 y7 y8 y9 y10;
      Usevariables are y1-y10 x1 x2;
      constraint = x1 x2;

  MODEL:
      f BY y1* (l1);
      f BY y2* (l2);
      f BY y3* (l3);
      f BY y4* (l4);
      f BY y5* (l5);
      f BY y6* (l6);
      f BY y7* (l7);
      f BY y8* (l8);
      f BY y9* (l9);
      f BY y10* (l10);

  y8 ON x1 x2;
  f@1;
  [f@0];

  MODEL CONSTRAINT:
      new (l8_0 l8_1 l8_2);
      l8 = l8_0 + l8_1*x1 + l8_2*x2;




INPUT READING TERMINATED NORMALLY



Test with 10 reps

SUMMARY OF ANALYSIS

Number of groups                                                 1
Number of observations                                         500

Number of dependent variables                                   10
Number of independent variables                                  2
Number of continuous latent variables                            1

Observed dependent variables

  Continuous
   Y1          Y2          Y3          Y4          Y5          Y6
   Y7          Y8          Y9          Y10

Observed independent variables
   X1          X2

Continuous latent variables
   F


Estimator                                                       ML
Information matrix                                        OBSERVED
Maximum number of iterations                                  1000
Convergence criterion                                    0.500D-04
Maximum number of steepest descent iterations                   20

Input data file(s)
  G1_B1_N2_rep463.csv

Input data format  FREE



UNIVARIATE SAMPLE STATISTICS


     UNIVARIATE HIGHER-ORDER MOMENT DESCRIPTIVE STATISTICS

         Variable/         Mean/     Skewness/   Minimum/ % with                Percentiles
        Sample Size      Variance    Kurtosis    Maximum  Min/Max      20%/60%    40%/80%    Median

     Y1                    1.830       0.866       1.000   36.40%       1.000      2.000      2.000
             500.000       0.605       1.035       5.000    0.60%       2.000      2.000
     Y2                    1.814       0.832       1.000   37.20%       1.000      2.000      2.000
             500.000       0.591       0.819       5.000    0.40%       2.000      2.000
     Y3                    3.124       0.051       1.000    1.20%       2.000      3.000      3.000
             500.000       0.645      -0.201       5.000    3.60%       3.000      4.000
     Y4                    3.100       0.031       1.000    1.80%       2.000      3.000      3.000
             500.000       0.638       0.074       5.000    3.60%       3.000      4.000
     Y5                    3.074       0.041       1.000    2.20%       2.000      3.000      3.000
             500.000       0.665       0.083       5.000    3.80%       3.000      4.000
     Y6                    1.182       2.001       1.000   82.60%       1.000      1.000      1.000
             500.000       0.165       2.982       3.000    0.80%       1.000      1.000
     Y7                    1.204       2.663       1.000   82.40%       1.000      1.000      1.000
             500.000       0.230       8.237       4.000    0.60%       1.000      1.000
     Y8                    1.198       2.022       1.000   81.60%       1.000      1.000      1.000
             500.000       0.187       3.282       3.000    1.40%       1.000      1.000
     Y9                    1.830       0.721       1.000   36.80%       1.000      2.000      2.000
             500.000       0.593       0.475       5.000    0.40%       2.000      2.000
     Y10                   1.792       1.008       1.000   39.00%       1.000      2.000      2.000
             500.000       0.613       1.499       5.000    0.80%       2.000      2.000
     X1                    0.031      -0.017      -2.646    0.20%      -0.814     -0.229      0.028
             500.000       1.008      -0.237       2.963    0.20%       0.265      0.913
     X2                    0.502      -0.008       0.000   49.80%       0.000      0.000      1.000
             500.000       0.250      -2.000       1.000   50.20%       1.000      1.000


THE MODEL ESTIMATION TERMINATED NORMALLY



MODEL FIT INFORMATION

Number of Free Parameters                       34

Loglikelihood

          H0 Value                       -4342.014

Information Criteria

          Akaike (AIC)                    8752.028
          Bayesian (BIC)                  8895.325
          Sample-Size Adjusted BIC        8787.406
            (n* = (n + 2) / 24)



MODEL RESULTS

                                                    Two-Tailed
                    Estimate       S.E.  Est./S.E.    P-Value

 F        BY
    Y1                 0.506      0.033     15.241      0.000
    Y2                 0.487      0.033     14.769      0.000
    Y3                 0.511      0.034     14.836      0.000
    Y4                 0.520      0.034     15.278      0.000
    Y5                 0.497      0.035     14.057      0.000
    Y6                 0.199      0.018     10.866      0.000
    Y7                 0.289      0.021     13.875      0.000
    Y8               999.000      0.000    999.000    999.000
    Y9                 0.467      0.033     13.978      0.000
    Y10                0.521      0.033     15.698      0.000

 Y8       ON
    X1                 0.002      0.017      0.100      0.920
    X2                 0.019      0.034      0.555      0.579

 Means
    F                  0.000      0.000    999.000    999.000

 Intercepts
    Y1                 1.830      0.035     52.604      0.000
    Y2                 1.814      0.034     52.745      0.000
    Y3                 3.124      0.036     87.005      0.000
    Y4                 3.100      0.036     86.783      0.000
    Y5                 3.074      0.036     84.320      0.000
    Y6                 1.182      0.018     65.091      0.000
    Y7                 1.204      0.021     56.090      0.000
    Y8                 1.182      0.025     47.357      0.000
    Y9                 1.830      0.034     53.134      0.000
    Y10                1.792      0.035     51.190      0.000

 Variances
    F                  1.000      0.000    999.000    999.000

 Residual Variances
    Y1                 0.350      0.025     13.844      0.000
    Y2                 0.354      0.025     14.033      0.000
    Y3                 0.384      0.027     13.999      0.000
    Y4                 0.368      0.027     13.856      0.000
    Y5                 0.418      0.029     14.225      0.000
    Y6                 0.125      0.008     14.971      0.000
    Y7                 0.147      0.010     14.279      0.000
    Y8                 0.137      0.009     14.776      0.000
    Y9                 0.375      0.026     14.251      0.000
    Y10                0.342      0.025     13.672      0.000

New/Additional Parameters
    L8_0               0.163      0.026      6.344      0.000
    L8_1               0.043      0.019      2.250      0.024
    L8_2               0.098      0.037      2.647      0.008


QUALITY OF NUMERICAL RESULTS

     Condition Number for the Information Matrix              0.684E-04
       (ratio of smallest to largest eigenvalue)


     Beginning Time:  14:25:38
        Ending Time:  14:25:40
       Elapsed Time:  00:00:02



MUTHEN & MUTHEN
3463 Stoner Ave.
Los Angeles, CA  90066

Tel: (310) 391-9971
Fax: (310) 391-8971
Web: www.StatModel.com
Support: Support@StatModel.com

Copyright (c) 1998-2019 Muthen & Muthen
