Mplus VERSION 8.3
MUTHEN & MUTHEN
04/23/2024   2:39 PM

INPUT INSTRUCTIONS


  TITLE: Test with 10 reps

  DATA:
  File is
  G1_B1_N2_rep54.csv;

  VARIABLE:
      Names are x1 x2 eta
  	y1 y2 y3 y4 y5 y6 y7 y8 y9 y10;
      Usevariables are y1-y10 x1 x2;
      constraint = x1 x2;

  MODEL:
      f BY y1* (l1);
      f BY y2* (l2);
      f BY y3* (l3);
      f BY y4* (l4);
      f BY y5* (l5);
      f BY y6* (l6);
      f BY y7* (l7);
      f BY y8* (l8);
      f BY y9* (l9);
      f BY y10* (l10);

  y5 ON x1 x2;
  f@1;
  [f@0];

  MODEL CONSTRAINT:
      new (l5_0 l5_1 l5_2);
      l5 = l5_0 + l5_1*x1 + l5_2*x2;




INPUT READING TERMINATED NORMALLY



Test with 10 reps

SUMMARY OF ANALYSIS

Number of groups                                                 1
Number of observations                                         500

Number of dependent variables                                   10
Number of independent variables                                  2
Number of continuous latent variables                            1

Observed dependent variables

  Continuous
   Y1          Y2          Y3          Y4          Y5          Y6
   Y7          Y8          Y9          Y10

Observed independent variables
   X1          X2

Continuous latent variables
   F


Estimator                                                       ML
Information matrix                                        OBSERVED
Maximum number of iterations                                  1000
Convergence criterion                                    0.500D-04
Maximum number of steepest descent iterations                   20

Input data file(s)
  G1_B1_N2_rep54.csv

Input data format  FREE



UNIVARIATE SAMPLE STATISTICS


     UNIVARIATE HIGHER-ORDER MOMENT DESCRIPTIVE STATISTICS

         Variable/         Mean/     Skewness/   Minimum/ % with                Percentiles
        Sample Size      Variance    Kurtosis    Maximum  Min/Max      20%/60%    40%/80%    Median

     Y1                    1.812       0.896       1.000   36.80%       1.000      2.000      2.000
             500.000       0.585       1.224       5.000    0.60%       2.000      2.000
     Y2                    1.824       0.848       1.000   37.00%       1.000      2.000      2.000
             500.000       0.609       0.800       5.000    0.40%       2.000      2.000
     Y3                    3.090      -0.022       1.000    1.60%       2.000      3.000      3.000
             500.000       0.638      -0.182       5.000    2.80%       3.000      4.000
     Y4                    3.016      -0.029       1.000    2.60%       2.000      3.000      3.000
             500.000       0.668      -0.102       5.000    2.60%       3.000      4.000
     Y5                    3.018       0.210       1.000    0.80%       2.000      3.000      3.000
             500.000       0.546       0.099       5.000    2.40%       3.000      4.000
     Y6                    1.158       3.300       1.000   86.80%       1.000      1.000      1.000
             500.000       0.197      12.698       4.000    0.60%       1.000      1.000
     Y7                    1.148       3.382       1.000   86.80%       1.000      1.000      1.000
             500.000       0.170      14.583       4.000    0.60%       1.000      1.000
     Y8                    1.178       2.116       1.000   83.20%       1.000      1.000      1.000
             500.000       0.166       3.622       3.000    1.00%       1.000      1.000
     Y9                    1.786       0.954       1.000   40.40%       1.000      1.000      2.000
             500.000       0.628       1.059       5.000    0.60%       2.000      2.000
     Y10                   1.798       0.905       1.000   39.60%       1.000      2.000      2.000
             500.000       0.629       0.797       5.000    0.40%       2.000      2.000
     X1                    0.073      -0.033      -3.346    0.20%      -0.780     -0.143      0.068
             500.000       1.068       0.118       3.586    0.20%       0.366      0.903
     X2                    0.498       0.008       0.000   50.20%       0.000      0.000      0.000
             500.000       0.250      -2.000       1.000   49.80%       1.000      1.000


THE MODEL ESTIMATION TERMINATED NORMALLY



MODEL FIT INFORMATION

Number of Free Parameters                       34

Loglikelihood

          H0 Value                       -4237.896

Information Criteria

          Akaike (AIC)                    8543.792
          Bayesian (BIC)                  8687.089
          Sample-Size Adjusted BIC        8579.171
            (n* = (n + 2) / 24)



MODEL RESULTS

                                                    Two-Tailed
                    Estimate       S.E.  Est./S.E.    P-Value

 F        BY
    Y1                 0.475      0.033     14.431      0.000
    Y2                 0.540      0.033     16.592      0.000
    Y3                 0.503      0.034     14.677      0.000
    Y4                 0.530      0.035     15.229      0.000
    Y5               999.000      0.000    999.000    999.000
    Y6                 0.230      0.020     11.589      0.000
    Y7                 0.209      0.018     11.312      0.000
    Y8                 0.209      0.018     11.475      0.000
    Y9                 0.547      0.033     16.513      0.000
    Y10                0.503      0.034     14.806      0.000

 Y5       ON
    X1                -0.005      0.026     -0.193      0.847
    X2                 0.048      0.054      0.893      0.372

 Means
    F                  0.000      0.000    999.000    999.000

 Intercepts
    Y1                 1.812      0.034     52.990      0.000
    Y2                 1.824      0.035     52.263      0.000
    Y3                 3.090      0.036     86.510      0.000
    Y4                 3.016      0.037     82.530      0.000
    Y5                 2.993      0.042     71.081      0.000
    Y6                 1.158      0.020     58.334      0.000
    Y7                 1.148      0.018     62.242      0.000
    Y8                 1.178      0.018     64.590      0.000
    Y9                 1.786      0.035     50.387      0.000
    Y10                1.798      0.035     50.685      0.000

 Variances
    F                  1.000      0.000    999.000    999.000

 Residual Variances
    Y1                 0.359      0.025     14.203      0.000
    Y2                 0.317      0.024     13.395      0.000
    Y3                 0.385      0.027     14.108      0.000
    Y4                 0.387      0.028     13.920      0.000
    Y5                 0.318      0.023     14.023      0.000
    Y6                 0.144      0.010     14.844      0.000
    Y7                 0.126      0.008     14.918      0.000
    Y8                 0.123      0.008     14.895      0.000
    Y9                 0.329      0.024     13.455      0.000
    Y10                0.377      0.027     14.082      0.000

New/Additional Parameters
    L5_0               0.443      0.045      9.899      0.000
    L5_1              -0.031      0.029     -1.095      0.274
    L5_2               0.057      0.058      0.993      0.321


QUALITY OF NUMERICAL RESULTS

     Condition Number for the Information Matrix              0.661E-04
       (ratio of smallest to largest eigenvalue)


     Beginning Time:  14:39:36
        Ending Time:  14:39:38
       Elapsed Time:  00:00:02



MUTHEN & MUTHEN
3463 Stoner Ave.
Los Angeles, CA  90066

Tel: (310) 391-9971
Fax: (310) 391-8971
Web: www.StatModel.com
Support: Support@StatModel.com

Copyright (c) 1998-2019 Muthen & Muthen
