Mplus VERSION 8.3
MUTHEN & MUTHEN
04/23/2024   2:42 PM

INPUT INSTRUCTIONS


  TITLE: Test with 10 reps

  DATA:
  File is
  G1_B1_N2_rep61.csv;

  VARIABLE:
      Names are x1 x2 eta
  	y1 y2 y3 y4 y5 y6 y7 y8 y9 y10;
      Usevariables are y1-y10 x1 x2;
      constraint = x1 x2;

  MODEL:
      f BY y1* (l1);
      f BY y2* (l2);
      f BY y3* (l3);
      f BY y4* (l4);
      f BY y5* (l5);
      f BY y6* (l6);
      f BY y7* (l7);
      f BY y8* (l8);
      f BY y9* (l9);
      f BY y10* (l10);

  y2 ON x1 x2;
  f@1;
  [f@0];

  MODEL CONSTRAINT:
      new (l2_0 l2_1 l2_2);
      l2 = l2_0 + l2_1*x1 + l2_2*x2;




INPUT READING TERMINATED NORMALLY



Test with 10 reps

SUMMARY OF ANALYSIS

Number of groups                                                 1
Number of observations                                         500

Number of dependent variables                                   10
Number of independent variables                                  2
Number of continuous latent variables                            1

Observed dependent variables

  Continuous
   Y1          Y2          Y3          Y4          Y5          Y6
   Y7          Y8          Y9          Y10

Observed independent variables
   X1          X2

Continuous latent variables
   F


Estimator                                                       ML
Information matrix                                        OBSERVED
Maximum number of iterations                                  1000
Convergence criterion                                    0.500D-04
Maximum number of steepest descent iterations                   20

Input data file(s)
  G1_B1_N2_rep61.csv

Input data format  FREE



UNIVARIATE SAMPLE STATISTICS


     UNIVARIATE HIGHER-ORDER MOMENT DESCRIPTIVE STATISTICS

         Variable/         Mean/     Skewness/   Minimum/ % with                Percentiles
        Sample Size      Variance    Kurtosis    Maximum  Min/Max      20%/60%    40%/80%    Median

     Y1                    1.768       0.897       1.000   39.00%       1.000      2.000      2.000
             500.000       0.554       1.147       5.000    0.40%       2.000      2.000
     Y2                    1.828       0.881       1.000   36.00%       1.000      2.000      2.000
             500.000       0.594       1.153       5.000    0.60%       2.000      2.000
     Y3                    3.086       0.109       1.000    1.00%       2.000      3.000      3.000
             500.000       0.631      -0.246       5.000    3.20%       3.000      4.000
     Y4                    3.136      -0.137       1.000    1.60%       3.000      3.000      3.000
             500.000       0.602      -0.049       5.000    2.40%       3.000      4.000
     Y5                    3.094      -0.241       1.000    2.60%       2.000      3.000      3.000
             500.000       0.633       0.008       5.000    2.00%       3.000      4.000
     Y6                    1.170       2.733       1.000   84.20%       1.000      1.000      1.000
             500.000       0.173       9.459       4.000    0.40%       1.000      1.000
     Y7                    1.220       3.010       1.000   81.20%       1.000      1.000      1.000
             500.000       0.264      12.120       5.000    0.20%       1.000      1.000
     Y8                    1.176       2.324       1.000   84.00%       1.000      1.000      1.000
             500.000       0.177       4.796       3.000    1.60%       1.000      1.000
     Y9                    1.792       0.836       1.000   38.20%       1.000      2.000      2.000
             500.000       0.573       0.875       5.000    0.40%       2.000      2.000
     Y10                   1.828       1.097       1.000   37.40%       1.000      2.000      2.000
             500.000       0.666       1.655       5.000    1.00%       2.000      2.000
     X1                   -0.029       0.214      -2.869    0.20%      -0.883     -0.358     -0.054
             500.000       0.998      -0.077       3.237    0.20%       0.228      0.807
     X2                    0.510      -0.040       0.000   49.00%       0.000      0.000      1.000
             500.000       0.250      -1.998       1.000   51.00%       1.000      1.000


THE MODEL ESTIMATION TERMINATED NORMALLY



MODEL FIT INFORMATION

Number of Free Parameters                       34

Loglikelihood

          H0 Value                       -4368.654

Information Criteria

          Akaike (AIC)                    8805.307
          Bayesian (BIC)                  8948.604
          Sample-Size Adjusted BIC        8840.686
            (n* = (n + 2) / 24)



MODEL RESULTS

                                                    Two-Tailed
                    Estimate       S.E.  Est./S.E.    P-Value

 F        BY
    Y1                 0.435      0.033     13.296      0.000
    Y2               999.000      0.000    999.000    999.000
    Y3                 0.494      0.034     14.372      0.000
    Y4                 0.483      0.034     14.360      0.000
    Y5                 0.486      0.035     14.021      0.000
    Y6                 0.208      0.019     11.055      0.000
    Y7                 0.299      0.023     13.218      0.000
    Y8                 0.214      0.019     11.271      0.000
    Y9                 0.458      0.033     13.866      0.000
    Y10                0.548      0.035     15.823      0.000

 Y2       ON
    X1                 0.053      0.028      1.886      0.059
    X2                -0.051      0.055     -0.927      0.354

 Means
    F                  0.000      0.000    999.000    999.000

 Intercepts
    Y1                 1.768      0.033     53.106      0.000
    Y2                 1.852      0.045     41.383      0.000
    Y3                 3.086      0.036     86.897      0.000
    Y4                 3.136      0.035     90.415      0.000
    Y5                 3.094      0.036     86.946      0.000
    Y6                 1.170      0.019     62.881      0.000
    Y7                 1.220      0.023     53.134      0.000
    Y8                 1.176      0.019     62.500      0.000
    Y9                 1.792      0.034     52.948      0.000
    Y10                1.828      0.037     50.071      0.000

 Variances
    F                  1.000      0.000    999.000    999.000

 Residual Variances
    Y1                 0.365      0.025     14.316      0.000
    Y2                 0.338      0.025     13.764      0.000
    Y3                 0.386      0.028     14.021      0.000
    Y4                 0.369      0.026     14.017      0.000
    Y5                 0.397      0.028     14.124      0.000
    Y6                 0.130      0.009     14.857      0.000
    Y7                 0.174      0.012     14.348      0.000
    Y8                 0.131      0.009     14.803      0.000
    Y9                 0.363      0.026     14.159      0.000
    Y10                0.366      0.027     13.460      0.000

New/Additional Parameters
    L2_0               0.503      0.045     11.235      0.000
    L2_1               0.023      0.030      0.782      0.434
    L2_2              -0.019      0.059     -0.324      0.746


QUALITY OF NUMERICAL RESULTS

     Condition Number for the Information Matrix              0.740E-04
       (ratio of smallest to largest eigenvalue)


     Beginning Time:  14:42:08
        Ending Time:  14:42:09
       Elapsed Time:  00:00:01



MUTHEN & MUTHEN
3463 Stoner Ave.
Los Angeles, CA  90066

Tel: (310) 391-9971
Fax: (310) 391-8971
Web: www.StatModel.com
Support: Support@StatModel.com

Copyright (c) 1998-2019 Muthen & Muthen
