Mplus VERSION 8.3
MUTHEN & MUTHEN
04/23/2024   2:49 PM

INPUT INSTRUCTIONS


  TITLE: Test with 10 reps

  DATA:
  File is
  G1_B1_N2_rep82.csv;

  VARIABLE:
      Names are x1 x2 eta
  	y1 y2 y3 y4 y5 y6 y7 y8 y9 y10;
      Usevariables are y1-y10 x1 x2;
      constraint = x1 x2;

  MODEL:
      f BY y1* (l1);
      f BY y2* (l2);
      f BY y3* (l3);
      f BY y4* (l4);
      f BY y5* (l5);
      f BY y6* (l6);
      f BY y7* (l7);
      f BY y8* (l8);
      f BY y9* (l9);
      f BY y10* (l10);

  y5 ON x1 x2;
  f@1;
  [f@0];

  MODEL CONSTRAINT:
      new (l5_0 l5_1 l5_2);
      l5 = l5_0 + l5_1*x1 + l5_2*x2;




INPUT READING TERMINATED NORMALLY



Test with 10 reps

SUMMARY OF ANALYSIS

Number of groups                                                 1
Number of observations                                         500

Number of dependent variables                                   10
Number of independent variables                                  2
Number of continuous latent variables                            1

Observed dependent variables

  Continuous
   Y1          Y2          Y3          Y4          Y5          Y6
   Y7          Y8          Y9          Y10

Observed independent variables
   X1          X2

Continuous latent variables
   F


Estimator                                                       ML
Information matrix                                        OBSERVED
Maximum number of iterations                                  1000
Convergence criterion                                    0.500D-04
Maximum number of steepest descent iterations                   20

Input data file(s)
  G1_B1_N2_rep82.csv

Input data format  FREE



UNIVARIATE SAMPLE STATISTICS


     UNIVARIATE HIGHER-ORDER MOMENT DESCRIPTIVE STATISTICS

         Variable/         Mean/     Skewness/   Minimum/ % with                Percentiles
        Sample Size      Variance    Kurtosis    Maximum  Min/Max      20%/60%    40%/80%    Median

     Y1                    1.786       1.041       1.000   39.20%       1.000      2.000      2.000
             500.000       0.616       1.449       5.000    0.60%       2.000      2.000
     Y2                    1.808       1.029       1.000   35.60%       1.000      2.000      2.000
             500.000       0.571       1.799       5.000    0.60%       2.000      2.000
     Y3                    2.994       0.011       1.000    2.00%       2.000      3.000      3.000
             500.000       0.634      -0.228       5.000    2.00%       3.000      4.000
     Y4                    3.064       0.037       1.000    2.00%       2.000      3.000      3.000
             500.000       0.664      -0.063       5.000    3.40%       3.000      4.000
     Y5                    3.100      -0.010       1.000    1.60%       2.000      3.000      3.000
             500.000       0.626      -0.060       5.000    3.00%       3.000      4.000
     Y6                    1.186       3.020       1.000   84.40%       1.000      1.000      1.000
             500.000       0.223      11.850       5.000    0.20%       1.000      1.000
     Y7                    1.192       2.139       1.000   82.40%       1.000      1.000      1.000
             500.000       0.187       3.861       3.000    1.60%       1.000      1.000
     Y8                    1.168       3.239       1.000   85.40%       1.000      1.000      1.000
             500.000       0.196      14.572       5.000    0.20%       1.000      1.000
     Y9                    1.816       1.027       1.000   38.60%       1.000      2.000      2.000
             500.000       0.654       1.473       5.000    1.00%       2.000      2.000
     Y10                   1.818       0.964       1.000   35.80%       1.000      2.000      2.000
             500.000       0.585       1.486       5.000    0.60%       2.000      2.000
     X1                   -0.013      -0.040      -2.821    0.20%      -0.861     -0.240     -0.033
             500.000       0.937       0.053       3.009    0.20%       0.244      0.769
     X2                    0.514      -0.056       0.000   48.60%       0.000      0.000      1.000
             500.000       0.250      -1.997       1.000   51.40%       1.000      1.000


THE MODEL ESTIMATION TERMINATED NORMALLY



MODEL FIT INFORMATION

Number of Free Parameters                       34

Loglikelihood

          H0 Value                       -4402.246

Information Criteria

          Akaike (AIC)                    8872.491
          Bayesian (BIC)                  9015.788
          Sample-Size Adjusted BIC        8907.870
            (n* = (n + 2) / 24)



MODEL RESULTS

                                                    Two-Tailed
                    Estimate       S.E.  Est./S.E.    P-Value

 F        BY
    Y1                 0.515      0.033     15.400      0.000
    Y2                 0.462      0.033     14.100      0.000
    Y3                 0.509      0.034     14.899      0.000
    Y4                 0.558      0.034     16.289      0.000
    Y5               999.000      0.000    999.000    999.000
    Y6                 0.241      0.021     11.358      0.000
    Y7                 0.193      0.020      9.770      0.000
    Y8                 0.204      0.020     10.135      0.000
    Y9                 0.536      0.034     15.632      0.000
    Y10                0.499      0.033     15.304      0.000

 Y5       ON
    X1                 0.011      0.030      0.350      0.727
    X2                 0.060      0.059      1.020      0.308

 Means
    F                  0.000      0.000    999.000    999.000

 Intercepts
    Y1                 1.786      0.035     50.875      0.000
    Y2                 1.808      0.034     53.495      0.000
    Y3                 2.994      0.036     84.082      0.000
    Y4                 3.064      0.036     84.085      0.000
    Y5                 3.072      0.046     66.972      0.000
    Y6                 1.186      0.021     56.108      0.000
    Y7                 1.192      0.019     61.614      0.000
    Y8                 1.168      0.020     59.027      0.000
    Y9                 1.816      0.036     50.207      0.000
    Y10                1.818      0.034     53.155      0.000

 Variances
    F                  1.000      0.000    999.000    999.000

 Residual Variances
    Y1                 0.351      0.026     13.757      0.000
    Y2                 0.358      0.025     14.210      0.000
    Y3                 0.375      0.027     13.939      0.000
    Y4                 0.353      0.026     13.397      0.000
    Y5                 0.388      0.027     14.164      0.000
    Y6                 0.165      0.011     14.844      0.000
    Y7                 0.150      0.010     15.137      0.000
    Y8                 0.154      0.010     15.070      0.000
    Y9                 0.367      0.027     13.688      0.000
    Y10                0.336      0.024     13.811      0.000

New/Additional Parameters
    L5_0               0.454      0.046      9.863      0.000
    L5_1              -0.037      0.032     -1.149      0.250
    L5_2               0.065      0.063      1.023      0.306


QUALITY OF NUMERICAL RESULTS

     Condition Number for the Information Matrix              0.960E-04
       (ratio of smallest to largest eigenvalue)


     Beginning Time:  14:49:11
        Ending Time:  14:49:12
       Elapsed Time:  00:00:01



MUTHEN & MUTHEN
3463 Stoner Ave.
Los Angeles, CA  90066

Tel: (310) 391-9971
Fax: (310) 391-8971
Web: www.StatModel.com
Support: Support@StatModel.com

Copyright (c) 1998-2019 Muthen & Muthen
