Mplus VERSION 8.3
MUTHEN & MUTHEN
04/25/2024  10:19 AM

INPUT INSTRUCTIONS


  TITLE: Test with 10 reps

  DATA:
  File is
  G3_B2_N3_rep123.csv;

  VARIABLE:
      Names are x1 x2 eta
  	y1 y2 y3 y4 y5 y6 y7 y8 y9 y10;
      Usevariables are y1-y10 x1 x2;
      constraint = x1 x2;

  MODEL:
      f BY y1* (l1);
      f BY y2* (l2);
      f BY y3* (l3);
      f BY y4* (l4);
      f BY y5* (l5);
      f BY y6* (l6);
      f BY y7* (l7);
      f BY y8* (l8);
      f BY y9* (l9);
      f BY y10* (l10);

  y6 ON x1 x2;
  f@1;
  [f@0];

  MODEL CONSTRAINT:
      new (l6_0 l6_1 l6_2);
      l6 = l6_0 + l6_1*x1 + l6_2*x2;




INPUT READING TERMINATED NORMALLY



Test with 10 reps

SUMMARY OF ANALYSIS

Number of groups                                                 1
Number of observations                                        1000

Number of dependent variables                                   10
Number of independent variables                                  2
Number of continuous latent variables                            1

Observed dependent variables

  Continuous
   Y1          Y2          Y3          Y4          Y5          Y6
   Y7          Y8          Y9          Y10

Observed independent variables
   X1          X2

Continuous latent variables
   F


Estimator                                                       ML
Information matrix                                        OBSERVED
Maximum number of iterations                                  1000
Convergence criterion                                    0.500D-04
Maximum number of steepest descent iterations                   20

Input data file(s)
  G3_B2_N3_rep123.csv

Input data format  FREE



UNIVARIATE SAMPLE STATISTICS


     UNIVARIATE HIGHER-ORDER MOMENT DESCRIPTIVE STATISTICS

         Variable/         Mean/     Skewness/   Minimum/ % with                Percentiles
        Sample Size      Variance    Kurtosis    Maximum  Min/Max      20%/60%    40%/80%    Median

     Y1                    1.869       0.694       1.000   32.10%       1.000      2.000      2.000
            1000.000       0.556       0.593       5.000    0.20%       2.000      2.000
     Y2                    1.880       0.716       1.000   31.90%       1.000      2.000      2.000
            1000.000       0.572       0.676       5.000    0.30%       2.000      2.000
     Y3                    3.155       0.037       1.000    0.60%       3.000      3.000      3.000
            1000.000       0.563      -0.187       5.000    2.70%       3.000      4.000
     Y4                    3.166       0.001       1.000    0.90%       3.000      3.000      3.000
            1000.000       0.564      -0.007       5.000    2.90%       3.000      4.000
     Y5                    3.181       0.071       1.000    0.70%       3.000      3.000      3.000
            1000.000       0.584      -0.088       5.000    3.60%       3.000      4.000
     Y6                    1.192       2.716       1.000   83.30%       1.000      1.000      1.000
            1000.000       0.215       8.558       4.000    0.50%       1.000      1.000
     Y7                    1.188       2.628       1.000   83.20%       1.000      1.000      1.000
            1000.000       0.201       8.092       4.000    0.40%       1.000      1.000
     Y8                    1.193       2.380       1.000   82.60%       1.000      1.000      1.000
            1000.000       0.198       5.997       4.000    0.20%       1.000      1.000
     Y9                    1.872       0.887       1.000   33.40%       1.000      2.000      2.000
            1000.000       0.616       1.208       5.000    0.70%       2.000      2.000
     Y10                   1.876       0.880       1.000   32.70%       1.000      2.000      2.000
            1000.000       0.607       1.185       5.000    0.60%       2.000      2.000
     X1                    0.001       0.001      -2.895    0.10%      -0.835     -0.253     -0.024
            1000.000       0.959      -0.020       3.466    0.10%       0.236      0.844
     X2                    0.497       0.012       0.000   50.30%       0.000      0.000      0.000
            1000.000       0.250      -2.000       1.000   49.70%       1.000      1.000


THE MODEL ESTIMATION TERMINATED NORMALLY



MODEL FIT INFORMATION

Number of Free Parameters                       34

Loglikelihood

          H0 Value                       -6433.508

Information Criteria

          Akaike (AIC)                   12935.015
          Bayesian (BIC)                 13101.879
          Sample-Size Adjusted BIC       12993.893
            (n* = (n + 2) / 24)



MODEL RESULTS

                                                    Two-Tailed
                    Estimate       S.E.  Est./S.E.    P-Value

 F        BY
    Y1                 0.620      0.019     32.006      0.000
    Y2                 0.621      0.020     31.337      0.000
    Y3                 0.598      0.020     29.993      0.000
    Y4                 0.603      0.020     30.299      0.000
    Y5                 0.620      0.020     30.788      0.000
    Y6               999.000      0.000    999.000    999.000
    Y7                 0.298      0.013     23.283      0.000
    Y8                 0.318      0.012     25.602      0.000
    Y9                 0.657      0.020     32.307      0.000
    Y10                0.650      0.020     32.185      0.000

 Y6       ON
    X1                -0.032      0.011     -2.839      0.005
    X2                -0.007      0.022     -0.339      0.734

 Means
    F                  0.000      0.000    999.000    999.000

 Intercepts
    Y1                 1.869      0.024     79.275      0.000
    Y2                 1.880      0.024     78.634      0.000
    Y3                 3.155      0.024    132.970      0.000
    Y4                 3.166      0.024    133.260      0.000
    Y5                 3.181      0.024    131.604      0.000
    Y6                 1.180      0.017     68.014      0.000
    Y7                 1.188      0.014     83.867      0.000
    Y8                 1.193      0.014     84.836      0.000
    Y9                 1.872      0.025     75.448      0.000
    Y10                1.876      0.025     76.168      0.000

 Variances
    F                  1.000      0.000    999.000    999.000

 Residual Variances
    Y1                 0.171      0.009     19.424      0.000
    Y2                 0.186      0.009     19.683      0.000
    Y3                 0.205      0.010     20.045      0.000
    Y4                 0.200      0.010     19.945      0.000
    Y5                 0.199      0.010     19.804      0.000
    Y6                 0.104      0.005     20.814      0.000
    Y7                 0.112      0.005     21.291      0.000
    Y8                 0.097      0.005     20.947      0.000
    Y9                 0.184      0.010     19.318      0.000
    Y10                0.184      0.009     19.345      0.000

New/Additional Parameters
    L6_0               0.273      0.017     16.008      0.000
    L6_1               0.021      0.011      1.826      0.068
    L6_2               0.114      0.022      5.088      0.000


QUALITY OF NUMERICAL RESULTS

     Condition Number for the Information Matrix              0.209E-04
       (ratio of smallest to largest eigenvalue)


     Beginning Time:  10:19:15
        Ending Time:  10:19:17
       Elapsed Time:  00:00:02



MUTHEN & MUTHEN
3463 Stoner Ave.
Los Angeles, CA  90066

Tel: (310) 391-9971
Fax: (310) 391-8971
Web: www.StatModel.com
Support: Support@StatModel.com

Copyright (c) 1998-2019 Muthen & Muthen
