Mplus VERSION 8.3
MUTHEN & MUTHEN
04/25/2024  10:59 AM

INPUT INSTRUCTIONS


  TITLE: Test with 10 reps

  DATA:
  File is
  G3_B2_N3_rep196.csv;

  VARIABLE:
      Names are x1 x2 eta
  	y1 y2 y3 y4 y5 y6 y7 y8 y9 y10;
      Usevariables are y1-y10 x1 x2;
      constraint = x1 x2;

  MODEL:
      f BY y1* (l1);
      f BY y2* (l2);
      f BY y3* (l3);
      f BY y4* (l4);
      f BY y5* (l5);
      f BY y6* (l6);
      f BY y7* (l7);
      f BY y8* (l8);
      f BY y9* (l9);
      f BY y10* (l10);

  y9 ON x1 x2;
  f@1;
  [f@0];

  MODEL CONSTRAINT:
      new (l9_0 l9_1 l9_2);
      l9 = l9_0 + l9_1*x1 + l9_2*x2;




INPUT READING TERMINATED NORMALLY



Test with 10 reps

SUMMARY OF ANALYSIS

Number of groups                                                 1
Number of observations                                        1000

Number of dependent variables                                   10
Number of independent variables                                  2
Number of continuous latent variables                            1

Observed dependent variables

  Continuous
   Y1          Y2          Y3          Y4          Y5          Y6
   Y7          Y8          Y9          Y10

Observed independent variables
   X1          X2

Continuous latent variables
   F


Estimator                                                       ML
Information matrix                                        OBSERVED
Maximum number of iterations                                  1000
Convergence criterion                                    0.500D-04
Maximum number of steepest descent iterations                   20

Input data file(s)
  G3_B2_N3_rep196.csv

Input data format  FREE



UNIVARIATE SAMPLE STATISTICS


     UNIVARIATE HIGHER-ORDER MOMENT DESCRIPTIVE STATISTICS

         Variable/         Mean/     Skewness/   Minimum/ % with                Percentiles
        Sample Size      Variance    Kurtosis    Maximum  Min/Max      20%/60%    40%/80%    Median

     Y1                    1.918       0.748       1.000   29.80%       1.000      2.000      2.000
            1000.000       0.591       0.815       5.000    0.40%       2.000      2.000
     Y2                    1.901       0.848       1.000   29.40%       1.000      2.000      2.000
            1000.000       0.561       1.519       5.000    0.70%       2.000      2.000
     Y3                    3.141      -0.041       1.000    0.90%       3.000      3.000      3.000
            1000.000       0.583      -0.237       5.000    2.40%       3.000      4.000
     Y4                    3.174       0.093       1.000    0.50%       3.000      3.000      3.000
            1000.000       0.540      -0.030       5.000    3.00%       3.000      4.000
     Y5                    3.164      -0.033       1.000    1.10%       3.000      3.000      3.000
            1000.000       0.573       0.033       5.000    2.90%       3.000      4.000
     Y6                    1.184       2.228       1.000   83.20%       1.000      1.000      1.000
            1000.000       0.182       4.305       3.000    1.60%       1.000      1.000
     Y7                    1.183       2.748       1.000   83.60%       1.000      1.000      1.000
            1000.000       0.196       9.942       5.000    0.10%       1.000      1.000
     Y8                    1.168       2.723       1.000   84.70%       1.000      1.000      1.000
            1000.000       0.176       8.735       4.000    0.30%       1.000      1.000
     Y9                    1.926       0.887       1.000   29.60%       1.000      2.000      2.000
            1000.000       0.617       1.411       5.000    0.90%       2.000      2.000
     Y10                   1.884       0.733       1.000   31.10%       1.000      2.000      2.000
            1000.000       0.563       0.798       5.000    0.30%       2.000      2.000
     X1                   -0.040      -0.010      -3.117    0.10%      -0.850     -0.265     -0.017
            1000.000       1.002       0.018       3.034    0.10%       0.202      0.785
     X2                    0.475       0.100       0.000   52.50%       0.000      0.000      0.000
            1000.000       0.249      -1.990       1.000   47.50%       1.000      1.000


THE MODEL ESTIMATION TERMINATED NORMALLY



MODEL FIT INFORMATION

Number of Free Parameters                       34

Loglikelihood

          H0 Value                       -6293.206

Information Criteria

          Akaike (AIC)                   12654.412
          Bayesian (BIC)                 12821.276
          Sample-Size Adjusted BIC       12713.290
            (n* = (n + 2) / 24)



MODEL RESULTS

                                                    Two-Tailed
                    Estimate       S.E.  Est./S.E.    P-Value

 F        BY
    Y1                 0.654      0.020     33.136      0.000
    Y2                 0.624      0.019     32.031      0.000
    Y3                 0.610      0.020     30.077      0.000
    Y4                 0.586      0.020     29.995      0.000
    Y5                 0.599      0.020     29.661      0.000
    Y6                 0.303      0.012     25.378      0.000
    Y7                 0.304      0.013     24.264      0.000
    Y8                 0.286      0.012     24.055      0.000
    Y9               999.000      0.000    999.000    999.000
    Y10                0.609      0.020     30.811      0.000

 Y9       ON
    X1                 0.020      0.015      1.347      0.178
    X2                 0.064      0.030      2.147      0.032

 Means
    F                  0.000      0.000    999.000    999.000

 Intercepts
    Y1                 1.918      0.024     78.878      0.000
    Y2                 1.901      0.024     80.246      0.000
    Y3                 3.141      0.024    130.074      0.000
    Y4                 3.174      0.023    136.622      0.000
    Y5                 3.164      0.024    132.166      0.000
    Y6                 1.184      0.013     87.729      0.000
    Y7                 1.183      0.014     84.606      0.000
    Y8                 1.168      0.013     88.098      0.000
    Y9                 1.892      0.028     66.831      0.000
    Y10                1.884      0.024     79.433      0.000

 Variances
    F                  1.000      0.000    999.000    999.000

 Residual Variances
    Y1                 0.163      0.009     18.891      0.000
    Y2                 0.172      0.009     19.365      0.000
    Y3                 0.210      0.011     19.962      0.000
    Y4                 0.196      0.010     20.015      0.000
    Y5                 0.214      0.011     20.111      0.000
    Y6                 0.090      0.004     20.952      0.000
    Y7                 0.103      0.005     21.117      0.000
    Y8                 0.094      0.004     21.139      0.000
    Y9                 0.184      0.009     19.347      0.000
    Y10                0.192      0.010     19.800      0.000

New/Additional Parameters
    L9_0               0.628      0.026     24.117      0.000
    L9_1               0.000      0.014      0.006      0.995
    L9_2               0.035      0.031      1.133      0.257


QUALITY OF NUMERICAL RESULTS

     Condition Number for the Information Matrix              0.181E-04
       (ratio of smallest to largest eigenvalue)


     Beginning Time:  10:59:06
        Ending Time:  10:59:09
       Elapsed Time:  00:00:03



MUTHEN & MUTHEN
3463 Stoner Ave.
Los Angeles, CA  90066

Tel: (310) 391-9971
Fax: (310) 391-8971
Web: www.StatModel.com
Support: Support@StatModel.com

Copyright (c) 1998-2019 Muthen & Muthen
