Mplus VERSION 8.3
MUTHEN & MUTHEN
04/25/2024  10:53 AM

INPUT INSTRUCTIONS


  TITLE: Test with 10 reps

  DATA:
  File is
  G3_B2_N3_rep187.csv;

  VARIABLE:
      Names are x1 x2 eta
  	y1 y2 y3 y4 y5 y6 y7 y8 y9 y10;
      Usevariables are y1-y10 x1 x2;
      constraint = x1 x2;

  MODEL:
      f BY y1* (l1);
      f BY y2* (l2);
      f BY y3* (l3);
      f BY y4* (l4);
      f BY y5* (l5);
      f BY y6* (l6);
      f BY y7* (l7);
      f BY y8* (l8);
      f BY y9* (l9);
      f BY y10* (l10);

  y1 ON x1 x2;
  f@1;
  [f@0];

  MODEL CONSTRAINT:
      new (l1_0 l1_1 l1_2);
      l1 = l1_0 + l1_1*x1 + l1_2*x2;




INPUT READING TERMINATED NORMALLY



Test with 10 reps

SUMMARY OF ANALYSIS

Number of groups                                                 1
Number of observations                                        1000

Number of dependent variables                                   10
Number of independent variables                                  2
Number of continuous latent variables                            1

Observed dependent variables

  Continuous
   Y1          Y2          Y3          Y4          Y5          Y6
   Y7          Y8          Y9          Y10

Observed independent variables
   X1          X2

Continuous latent variables
   F


Estimator                                                       ML
Information matrix                                        OBSERVED
Maximum number of iterations                                  1000
Convergence criterion                                    0.500D-04
Maximum number of steepest descent iterations                   20

Input data file(s)
  G3_B2_N3_rep187.csv

Input data format  FREE



UNIVARIATE SAMPLE STATISTICS


     UNIVARIATE HIGHER-ORDER MOMENT DESCRIPTIVE STATISTICS

         Variable/         Mean/     Skewness/   Minimum/ % with                Percentiles
        Sample Size      Variance    Kurtosis    Maximum  Min/Max      20%/60%    40%/80%    Median

     Y1                    1.890       0.635       1.000   30.70%       1.000      2.000      2.000
            1000.000       0.550       0.492       5.000    0.20%       2.000      2.000
     Y2                    1.897       0.736       1.000   30.80%       1.000      2.000      2.000
            1000.000       0.576       0.826       5.000    0.40%       2.000      2.000
     Y3                    3.174      -0.071       1.000    0.70%       3.000      3.000      3.000
            1000.000       0.552      -0.210       5.000    2.20%       3.000      4.000
     Y4                    3.173      -0.038       1.000    1.00%       3.000      3.000      3.000
            1000.000       0.575      -0.036       5.000    2.90%       3.000      4.000
     Y5                    3.195      -0.023       1.000    0.70%       3.000      3.000      3.000
            1000.000       0.595      -0.254       5.000    3.20%       3.000      4.000
     Y6                    1.191       2.146       1.000   82.10%       1.000      1.000      1.000
            1000.000       0.181       4.439       4.000    0.10%       1.000      1.000
     Y7                    1.186       2.511       1.000   82.60%       1.000      1.000      1.000
            1000.000       0.183       7.940       4.000    0.40%       1.000      1.000
     Y8                    1.202       2.239       1.000   81.50%       1.000      1.000      1.000
            1000.000       0.199       5.285       4.000    0.20%       1.000      1.000
     Y9                    1.902       0.662       1.000   31.30%       1.000      2.000      2.000
            1000.000       0.586       0.474       5.000    0.30%       2.000      2.000
     Y10                   1.913       0.585       1.000   29.90%       1.000      2.000      2.000
            1000.000       0.561       0.328       5.000    0.20%       2.000      2.000
     X1                    0.023       0.129      -2.820    0.10%      -0.845     -0.256     -0.007
            1000.000       1.005      -0.212       3.265    0.10%       0.241      0.862
     X2                    0.497       0.012       0.000   50.30%       0.000      0.000      0.000
            1000.000       0.250      -2.000       1.000   49.70%       1.000      1.000


THE MODEL ESTIMATION TERMINATED NORMALLY



MODEL FIT INFORMATION

Number of Free Parameters                       34

Loglikelihood

          H0 Value                       -6284.191

Information Criteria

          Akaike (AIC)                   12636.381
          Bayesian (BIC)                 12803.245
          Sample-Size Adjusted BIC       12695.259
            (n* = (n + 2) / 24)



MODEL RESULTS

                                                    Two-Tailed
                    Estimate       S.E.  Est./S.E.    P-Value

 F        BY
    Y1               999.000      0.000    999.000    999.000
    Y2                 0.638      0.020     32.506      0.000
    Y3                 0.603      0.020     30.819      0.000
    Y4                 0.607      0.020     30.153      0.000
    Y5                 0.625      0.020     30.738      0.000
    Y6                 0.283      0.012     23.301      0.000
    Y7                 0.292      0.012     24.044      0.000
    Y8                 0.306      0.013     24.179      0.000
    Y9                 0.640      0.020     32.255      0.000
    Y10                0.623      0.019     31.963      0.000

 Y1       ON
    X1                 0.041      0.015      2.818      0.005
    X2                 0.039      0.029      1.353      0.176

 Means
    F                  0.000      0.000    999.000    999.000

 Intercepts
    Y1                 1.877      0.028     68.027      0.000
    Y2                 1.897      0.024     79.015      0.000
    Y3                 3.174      0.023    135.128      0.000
    Y4                 3.173      0.024    132.315      0.000
    Y5                 3.195      0.024    130.985      0.000
    Y6                 1.191      0.013     88.644      0.000
    Y7                 1.186      0.014     87.575      0.000
    Y8                 1.202      0.014     85.166      0.000
    Y9                 1.902      0.024     78.544      0.000
    Y10                1.913      0.024     80.736      0.000

 Variances
    F                  1.000      0.000    999.000    999.000

 Residual Variances
    Y1                 0.175      0.009     19.669      0.000
    Y2                 0.169      0.009     19.175      0.000
    Y3                 0.188      0.009     19.764      0.000
    Y4                 0.206      0.010     19.980      0.000
    Y5                 0.204      0.010     19.795      0.000
    Y6                 0.101      0.005     21.255      0.000
    Y7                 0.098      0.005     21.157      0.000
    Y8                 0.106      0.005     21.130      0.000
    Y9                 0.176      0.009     19.299      0.000
    Y10                0.173      0.009     19.402      0.000

New/Additional Parameters
    L1_0               0.601      0.025     24.030      0.000
    L1_1              -0.029      0.014     -2.095      0.036
    L1_2              -0.002      0.029     -0.063      0.950


QUALITY OF NUMERICAL RESULTS

     Condition Number for the Information Matrix              0.210E-04
       (ratio of smallest to largest eigenvalue)


     Beginning Time:  10:53:47
        Ending Time:  10:53:51
       Elapsed Time:  00:00:04



MUTHEN & MUTHEN
3463 Stoner Ave.
Los Angeles, CA  90066

Tel: (310) 391-9971
Fax: (310) 391-8971
Web: www.StatModel.com
Support: Support@StatModel.com

Copyright (c) 1998-2019 Muthen & Muthen
