Mplus VERSION 8.3
MUTHEN & MUTHEN
04/25/2024  11:29 AM

INPUT INSTRUCTIONS


  TITLE: Test with 10 reps

  DATA:
  File is
  G3_B2_N3_rep25.csv;

  VARIABLE:
      Names are x1 x2 eta
  	y1 y2 y3 y4 y5 y6 y7 y8 y9 y10;
      Usevariables are y1-y10 x1 x2;
      constraint = x1 x2;

  MODEL:
      f BY y1* (l1);
      f BY y2* (l2);
      f BY y3* (l3);
      f BY y4* (l4);
      f BY y5* (l5);
      f BY y6* (l6);
      f BY y7* (l7);
      f BY y8* (l8);
      f BY y9* (l9);
      f BY y10* (l10);

  y8 ON x1 x2;
  f@1;
  [f@0];

  MODEL CONSTRAINT:
      new (l8_0 l8_1 l8_2);
      l8 = l8_0 + l8_1*x1 + l8_2*x2;




INPUT READING TERMINATED NORMALLY



Test with 10 reps

SUMMARY OF ANALYSIS

Number of groups                                                 1
Number of observations                                        1000

Number of dependent variables                                   10
Number of independent variables                                  2
Number of continuous latent variables                            1

Observed dependent variables

  Continuous
   Y1          Y2          Y3          Y4          Y5          Y6
   Y7          Y8          Y9          Y10

Observed independent variables
   X1          X2

Continuous latent variables
   F


Estimator                                                       ML
Information matrix                                        OBSERVED
Maximum number of iterations                                  1000
Convergence criterion                                    0.500D-04
Maximum number of steepest descent iterations                   20

Input data file(s)
  G3_B2_N3_rep25.csv

Input data format  FREE



UNIVARIATE SAMPLE STATISTICS


     UNIVARIATE HIGHER-ORDER MOMENT DESCRIPTIVE STATISTICS

         Variable/         Mean/     Skewness/   Minimum/ % with                Percentiles
        Sample Size      Variance    Kurtosis    Maximum  Min/Max      20%/60%    40%/80%    Median

     Y1                    1.860       0.585       1.000   33.20%       1.000      2.000      2.000
            1000.000       0.546       0.328       5.000    0.30%       2.000      2.000
     Y2                    1.873       0.707       1.000   32.20%       1.000      2.000      2.000
            1000.000       0.565       0.669       5.000    0.30%       2.000      2.000
     Y3                    3.159      -0.092       1.000    1.10%       3.000      3.000      3.000
            1000.000       0.572      -0.079       5.000    2.40%       3.000      4.000
     Y4                    3.157      -0.025       1.000    0.40%       3.000      3.000      3.000
            1000.000       0.510      -0.248       5.000    1.70%       3.000      4.000
     Y5                    3.124      -0.070       1.000    1.10%       3.000      3.000      3.000
            1000.000       0.551      -0.028       5.000    2.00%       3.000      4.000
     Y6                    1.177       2.486       1.000   84.20%       1.000      1.000      1.000
            1000.000       0.186       6.176       4.000    0.10%       1.000      1.000
     Y7                    1.177       2.596       1.000   83.80%       1.000      1.000      1.000
            1000.000       0.182       7.895       4.000    0.30%       1.000      1.000
     Y8                    1.183       2.717       1.000   83.40%       1.000      1.000      1.000
            1000.000       0.192       9.943       5.000    0.10%       1.000      1.000
     Y9                    1.866       0.749       1.000   32.40%       1.000      2.000      2.000
            1000.000       0.564       0.794       5.000    0.30%       2.000      2.000
     Y10                   1.839       0.608       1.000   32.80%       1.000      2.000      2.000
            1000.000       0.511       0.399       5.000    0.10%       2.000      2.000
     X1                   -0.018      -0.031      -2.932    0.10%      -0.837     -0.280     -0.006
            1000.000       0.987      -0.231       3.114    0.10%       0.246      0.848
     X2                    0.486       0.056       0.000   51.40%       0.000      0.000      0.000
            1000.000       0.250      -1.997       1.000   48.60%       1.000      1.000


THE MODEL ESTIMATION TERMINATED NORMALLY



MODEL FIT INFORMATION

Number of Free Parameters                       34

Loglikelihood

          H0 Value                       -6167.040

Information Criteria

          Akaike (AIC)                   12402.080
          Bayesian (BIC)                 12568.944
          Sample-Size Adjusted BIC       12460.958
            (n* = (n + 2) / 24)



MODEL RESULTS

                                                    Two-Tailed
                    Estimate       S.E.  Est./S.E.    P-Value

 F        BY
    Y1                 0.608      0.019     31.392      0.000
    Y2                 0.618      0.020     31.434      0.000
    Y3                 0.609      0.020     30.427      0.000
    Y4                 0.585      0.019     31.205      0.000
    Y5                 0.600      0.020     30.609      0.000
    Y6                 0.288      0.012     23.429      0.000
    Y7                 0.287      0.012     23.612      0.000
    Y8               999.000      0.000    999.000    999.000
    Y9                 0.619      0.020     31.527      0.000
    Y10                0.589      0.019     31.492      0.000

 Y8       ON
    X1                 0.019      0.011      1.747      0.081
    X2                -0.022      0.021     -1.035      0.301

 Means
    F                  0.000      0.000    999.000    999.000

 Intercepts
    Y1                 1.860      0.023     79.572      0.000
    Y2                 1.873      0.024     78.807      0.000
    Y3                 3.159      0.024    132.117      0.000
    Y4                 3.157      0.023    139.746      0.000
    Y5                 3.124      0.023    133.133      0.000
    Y6                 1.177      0.014     86.379      0.000
    Y7                 1.177      0.013     87.324      0.000
    Y8                 1.162      0.017     70.271      0.000
    Y9                 1.866      0.024     78.570      0.000
    Y10                1.839      0.023     81.346      0.000

 Variances
    F                  1.000      0.000    999.000    999.000

 Residual Variances
    Y1                 0.177      0.009     19.550      0.000
    Y2                 0.182      0.009     19.530      0.000
    Y3                 0.201      0.010     19.816      0.000
    Y4                 0.168      0.009     19.560      0.000
    Y5                 0.190      0.010     19.764      0.000
    Y6                 0.103      0.005     21.220      0.000
    Y7                 0.100      0.005     21.206      0.000
    Y8                 0.097      0.005     20.930      0.000
    Y9                 0.181      0.009     19.500      0.000
    Y10                0.164      0.008     19.508      0.000

New/Additional Parameters
    L8_0               0.233      0.017     14.077      0.000
    L8_1               0.087      0.011      8.273      0.000
    L8_2               0.084      0.022      3.875      0.000


QUALITY OF NUMERICAL RESULTS

     Condition Number for the Information Matrix              0.209E-04
       (ratio of smallest to largest eigenvalue)


     Beginning Time:  11:29:08
        Ending Time:  11:29:11
       Elapsed Time:  00:00:03



MUTHEN & MUTHEN
3463 Stoner Ave.
Los Angeles, CA  90066

Tel: (310) 391-9971
Fax: (310) 391-8971
Web: www.StatModel.com
Support: Support@StatModel.com

Copyright (c) 1998-2019 Muthen & Muthen
