Mplus VERSION 8.3
MUTHEN & MUTHEN
04/25/2024  11:29 AM

INPUT INSTRUCTIONS


  TITLE: Test with 10 reps

  DATA:
  File is
  G3_B2_N3_rep250.csv;

  VARIABLE:
      Names are x1 x2 eta
  	y1 y2 y3 y4 y5 y6 y7 y8 y9 y10;
      Usevariables are y1-y10 x1 x2;
      constraint = x1 x2;

  MODEL:
      f BY y1* (l1);
      f BY y2* (l2);
      f BY y3* (l3);
      f BY y4* (l4);
      f BY y5* (l5);
      f BY y6* (l6);
      f BY y7* (l7);
      f BY y8* (l8);
      f BY y9* (l9);
      f BY y10* (l10);

  y2 ON x1 x2;
  f@1;
  [f@0];

  MODEL CONSTRAINT:
      new (l2_0 l2_1 l2_2);
      l2 = l2_0 + l2_1*x1 + l2_2*x2;




INPUT READING TERMINATED NORMALLY



Test with 10 reps

SUMMARY OF ANALYSIS

Number of groups                                                 1
Number of observations                                        1000

Number of dependent variables                                   10
Number of independent variables                                  2
Number of continuous latent variables                            1

Observed dependent variables

  Continuous
   Y1          Y2          Y3          Y4          Y5          Y6
   Y7          Y8          Y9          Y10

Observed independent variables
   X1          X2

Continuous latent variables
   F


Estimator                                                       ML
Information matrix                                        OBSERVED
Maximum number of iterations                                  1000
Convergence criterion                                    0.500D-04
Maximum number of steepest descent iterations                   20

Input data file(s)
  G3_B2_N3_rep250.csv

Input data format  FREE



UNIVARIATE SAMPLE STATISTICS


     UNIVARIATE HIGHER-ORDER MOMENT DESCRIPTIVE STATISTICS

         Variable/         Mean/     Skewness/   Minimum/ % with                Percentiles
        Sample Size      Variance    Kurtosis    Maximum  Min/Max      20%/60%    40%/80%    Median

     Y1                    1.839       0.926       1.000   33.60%       1.000      2.000      2.000
            1000.000       0.563       1.645       5.000    0.70%       2.000      2.000
     Y2                    1.863       0.722       1.000   33.70%       1.000      2.000      2.000
            1000.000       0.582       0.655       5.000    0.40%       2.000      2.000
     Y3                    3.131      -0.052       1.000    1.10%       3.000      3.000      3.000
            1000.000       0.550       0.034       5.000    2.20%       3.000      4.000
     Y4                    3.140      -0.082       1.000    1.20%       3.000      3.000      3.000
            1000.000       0.586      -0.123       5.000    2.40%       3.000      4.000
     Y5                    3.129       0.068       1.000    0.70%       3.000      3.000      3.000
            1000.000       0.576      -0.171       5.000    2.80%       3.000      4.000
     Y6                    1.182       2.844       1.000   83.70%       1.000      1.000      1.000
            1000.000       0.197      10.851       5.000    0.10%       1.000      1.000
     Y7                    1.176       2.832       1.000   84.70%       1.000      1.000      1.000
            1000.000       0.199       9.194       4.000    0.40%       1.000      1.000
     Y8                    1.176       2.923       1.000   84.80%       1.000      1.000      1.000
            1000.000       0.203       9.982       4.000    0.50%       1.000      1.000
     Y9                    1.884       0.734       1.000   32.10%       1.000      2.000      2.000
            1000.000       0.587       0.655       5.000    0.30%       2.000      2.000
     Y10                   1.853       0.859       1.000   33.30%       1.000      2.000      2.000
            1000.000       0.573       1.293       5.000    0.60%       2.000      2.000
     X1                    0.069      -0.100      -2.947    0.10%      -0.713     -0.196      0.047
            1000.000       0.954      -0.131       2.624    0.10%       0.300      0.916
     X2                    0.471       0.116       0.000   52.90%       0.000      0.000      0.000
            1000.000       0.249      -1.986       1.000   47.10%       1.000      1.000


THE MODEL ESTIMATION TERMINATED NORMALLY



MODEL FIT INFORMATION

Number of Free Parameters                       34

Loglikelihood

          H0 Value                       -6390.784

Information Criteria

          Akaike (AIC)                   12849.569
          Bayesian (BIC)                 13016.433
          Sample-Size Adjusted BIC       12908.447
            (n* = (n + 2) / 24)



MODEL RESULTS

                                                    Two-Tailed
                    Estimate       S.E.  Est./S.E.    P-Value

 F        BY
    Y1                 0.620      0.020     31.633      0.000
    Y2               999.000      0.000    999.000    999.000
    Y3                 0.585      0.020     29.496      0.000
    Y4                 0.619      0.020     30.575      0.000
    Y5                 0.617      0.020     30.840      0.000
    Y6                 0.303      0.013     24.126      0.000
    Y7                 0.313      0.013     25.010      0.000
    Y8                 0.307      0.013     24.032      0.000
    Y9                 0.637      0.020     32.004      0.000
    Y10                0.637      0.020     32.581      0.000

 Y2       ON
    X1                -0.014      0.015     -0.902      0.367
    X2                 0.043      0.029      1.461      0.144

 Means
    F                  0.000      0.000    999.000    999.000

 Intercepts
    Y1                 1.839      0.024     77.499      0.000
    Y2                 1.845      0.028     66.965      0.000
    Y3                 3.131      0.023    133.526      0.000
    Y4                 3.140      0.024    129.668      0.000
    Y5                 3.129      0.024    130.334      0.000
    Y6                 1.182      0.014     84.241      0.000
    Y7                 1.176      0.014     83.359      0.000
    Y8                 1.176      0.014     82.534      0.000
    Y9                 1.884      0.024     77.791      0.000
    Y10                1.853      0.024     77.384      0.000

 Variances
    F                  1.000      0.000    999.000    999.000

 Residual Variances
    Y1                 0.179      0.009     19.550      0.000
    Y2                 0.180      0.009     19.455      0.000
    Y3                 0.208      0.010     20.124      0.000
    Y4                 0.203      0.010     19.789      0.000
    Y5                 0.196      0.010     19.765      0.000
    Y6                 0.105      0.005     21.126      0.000
    Y7                 0.101      0.005     20.968      0.000
    Y8                 0.109      0.005     21.134      0.000
    Y9                 0.180      0.009     19.392      0.000
    Y10                0.167      0.009     19.171      0.000

New/Additional Parameters
    L2_0               0.607      0.026     23.296      0.000
    L2_1              -0.031      0.016     -2.003      0.045
    L2_2               0.060      0.030      1.975      0.048


QUALITY OF NUMERICAL RESULTS

     Condition Number for the Information Matrix              0.223E-04
       (ratio of smallest to largest eigenvalue)


     Beginning Time:  11:29:20
        Ending Time:  11:29:23
       Elapsed Time:  00:00:03



MUTHEN & MUTHEN
3463 Stoner Ave.
Los Angeles, CA  90066

Tel: (310) 391-9971
Fax: (310) 391-8971
Web: www.StatModel.com
Support: Support@StatModel.com

Copyright (c) 1998-2019 Muthen & Muthen
