Mplus VERSION 8.3
MUTHEN & MUTHEN
04/25/2024  11:20 AM

INPUT INSTRUCTIONS


  TITLE: Test with 10 reps

  DATA:
  File is
  G3_B2_N3_rep233.csv;

  VARIABLE:
      Names are x1 x2 eta
  	y1 y2 y3 y4 y5 y6 y7 y8 y9 y10;
      Usevariables are y1-y10 x1 x2;
      constraint = x1 x2;

  MODEL:
      f BY y1* (l1);
      f BY y2* (l2);
      f BY y3* (l3);
      f BY y4* (l4);
      f BY y5* (l5);
      f BY y6* (l6);
      f BY y7* (l7);
      f BY y8* (l8);
      f BY y9* (l9);
      f BY y10* (l10);

  y7 ON x1 x2;
  f@1;
  [f@0];

  MODEL CONSTRAINT:
      new (l7_0 l7_1 l7_2);
      l7 = l7_0 + l7_1*x1 + l7_2*x2;




INPUT READING TERMINATED NORMALLY



Test with 10 reps

SUMMARY OF ANALYSIS

Number of groups                                                 1
Number of observations                                        1000

Number of dependent variables                                   10
Number of independent variables                                  2
Number of continuous latent variables                            1

Observed dependent variables

  Continuous
   Y1          Y2          Y3          Y4          Y5          Y6
   Y7          Y8          Y9          Y10

Observed independent variables
   X1          X2

Continuous latent variables
   F


Estimator                                                       ML
Information matrix                                        OBSERVED
Maximum number of iterations                                  1000
Convergence criterion                                    0.500D-04
Maximum number of steepest descent iterations                   20

Input data file(s)
  G3_B2_N3_rep233.csv

Input data format  FREE



UNIVARIATE SAMPLE STATISTICS


     UNIVARIATE HIGHER-ORDER MOMENT DESCRIPTIVE STATISTICS

         Variable/         Mean/     Skewness/   Minimum/ % with                Percentiles
        Sample Size      Variance    Kurtosis    Maximum  Min/Max      20%/60%    40%/80%    Median

     Y1                    1.889       0.834       1.000   34.00%       1.000      2.000      2.000
            1000.000       0.659       0.716       5.000    0.50%       2.000      2.000
     Y2                    1.832       0.838       1.000   36.80%       1.000      2.000      2.000
            1000.000       0.616       0.817       5.000    0.50%       2.000      2.000
     Y3                    3.113       0.105       1.000    0.90%       2.000      3.000      3.000
            1000.000       0.620      -0.197       5.000    3.40%       3.000      4.000
     Y4                    3.103       0.090       1.000    1.20%       2.000      3.000      3.000
            1000.000       0.644      -0.181       5.000    3.60%       3.000      4.000
     Y5                    3.116      -0.060       1.000    1.50%       2.000      3.000      3.000
            1000.000       0.621      -0.140       5.000    2.70%       3.000      4.000
     Y6                    1.160       2.374       1.000   85.10%       1.000      1.000      1.000
            1000.000       0.156       4.986       3.000    1.10%       1.000      1.000
     Y7                    1.181       2.444       1.000   83.40%       1.000      1.000      1.000
            1000.000       0.182       6.529       4.000    0.20%       1.000      1.000
     Y8                    1.185       2.530       1.000   83.20%       1.000      1.000      1.000
            1000.000       0.191       7.349       4.000    0.30%       1.000      1.000
     Y9                    1.847       0.931       1.000   36.30%       1.000      2.000      2.000
            1000.000       0.646       1.168       5.000    0.80%       2.000      2.000
     Y10                   1.843       0.742       1.000   34.50%       1.000      2.000      2.000
            1000.000       0.570       0.660       5.000    0.30%       2.000      2.000
     X1                   -0.045       0.017      -2.992    0.10%      -0.893     -0.293     -0.042
            1000.000       0.990       0.165       3.903    0.10%       0.231      0.764
     X2                    0.485       0.060       0.000   51.50%       0.000      0.000      0.000
            1000.000       0.250      -1.996       1.000   48.50%       1.000      1.000


THE MODEL ESTIMATION TERMINATED NORMALLY



MODEL FIT INFORMATION

Number of Free Parameters                       34

Loglikelihood

          H0 Value                       -6392.677

Information Criteria

          Akaike (AIC)                   12853.354
          Bayesian (BIC)                 13020.218
          Sample-Size Adjusted BIC       12912.232
            (n* = (n + 2) / 24)



MODEL RESULTS

                                                    Two-Tailed
                    Estimate       S.E.  Est./S.E.    P-Value

 F        BY
    Y1                 0.685      0.021     32.763      0.000
    Y2                 0.657      0.020     32.330      0.000
    Y3                 0.636      0.021     30.559      0.000
    Y4                 0.664      0.021     31.701      0.000
    Y5                 0.640      0.021     30.862      0.000
    Y6                 0.262      0.011     23.151      0.000
    Y7               999.000      0.000    999.000    999.000
    Y8                 0.298      0.012     24.150      0.000
    Y9                 0.674      0.021     32.456      0.000
    Y10                0.626      0.020     31.845      0.000

 Y7       ON
    X1                 0.003      0.010      0.322      0.747
    X2                 0.021      0.021      1.001      0.317

 Means
    F                  0.000      0.000    999.000    999.000

 Intercepts
    Y1                 1.889      0.026     73.603      0.000
    Y2                 1.832      0.025     73.827      0.000
    Y3                 3.113      0.025    124.998      0.000
    Y4                 3.103      0.025    122.238      0.000
    Y5                 3.116      0.025    125.087      0.000
    Y6                 1.160      0.013     92.755      0.000
    Y7                 1.141      0.016     73.441      0.000
    Y8                 1.185      0.014     85.794      0.000
    Y9                 1.847      0.025     72.692      0.000
    Y10                1.843      0.024     77.171      0.000

 Variances
    F                  1.000      0.000    999.000    999.000

 Residual Variances
    Y1                 0.189      0.010     19.221      0.000
    Y2                 0.184      0.009     19.415      0.000
    Y3                 0.216      0.011     19.976      0.000
    Y4                 0.204      0.010     19.578      0.000
    Y5                 0.211      0.011     19.853      0.000
    Y6                 0.088      0.004     21.369      0.000
    Y7                 0.091      0.004     20.970      0.000
    Y8                 0.102      0.005     21.229      0.000
    Y9                 0.191      0.010     19.364      0.000
    Y10                0.178      0.009     19.594      0.000

New/Additional Parameters
    L7_0               0.204      0.017     12.247      0.000
    L7_1               0.056      0.009      5.867      0.000
    L7_2               0.140      0.021      6.560      0.000


QUALITY OF NUMERICAL RESULTS

     Condition Number for the Information Matrix              0.168E-04
       (ratio of smallest to largest eigenvalue)


     Beginning Time:  11:20:10
        Ending Time:  11:20:13
       Elapsed Time:  00:00:03



MUTHEN & MUTHEN
3463 Stoner Ave.
Los Angeles, CA  90066

Tel: (310) 391-9971
Fax: (310) 391-8971
Web: www.StatModel.com
Support: Support@StatModel.com

Copyright (c) 1998-2019 Muthen & Muthen
