Mplus VERSION 8.3
MUTHEN & MUTHEN
04/25/2024  11:26 AM

INPUT INSTRUCTIONS


  TITLE: Test with 10 reps

  DATA:
  File is
  G3_B2_N3_rep244.csv;

  VARIABLE:
      Names are x1 x2 eta
  	y1 y2 y3 y4 y5 y6 y7 y8 y9 y10;
      Usevariables are y1-y10 x1 x2;
      constraint = x1 x2;

  MODEL:
      f BY y1* (l1);
      f BY y2* (l2);
      f BY y3* (l3);
      f BY y4* (l4);
      f BY y5* (l5);
      f BY y6* (l6);
      f BY y7* (l7);
      f BY y8* (l8);
      f BY y9* (l9);
      f BY y10* (l10);

  y7 ON x1 x2;
  f@1;
  [f@0];

  MODEL CONSTRAINT:
      new (l7_0 l7_1 l7_2);
      l7 = l7_0 + l7_1*x1 + l7_2*x2;




INPUT READING TERMINATED NORMALLY



Test with 10 reps

SUMMARY OF ANALYSIS

Number of groups                                                 1
Number of observations                                        1000

Number of dependent variables                                   10
Number of independent variables                                  2
Number of continuous latent variables                            1

Observed dependent variables

  Continuous
   Y1          Y2          Y3          Y4          Y5          Y6
   Y7          Y8          Y9          Y10

Observed independent variables
   X1          X2

Continuous latent variables
   F


Estimator                                                       ML
Information matrix                                        OBSERVED
Maximum number of iterations                                  1000
Convergence criterion                                    0.500D-04
Maximum number of steepest descent iterations                   20

Input data file(s)
  G3_B2_N3_rep244.csv

Input data format  FREE



UNIVARIATE SAMPLE STATISTICS


     UNIVARIATE HIGHER-ORDER MOMENT DESCRIPTIVE STATISTICS

         Variable/         Mean/     Skewness/   Minimum/ % with                Percentiles
        Sample Size      Variance    Kurtosis    Maximum  Min/Max      20%/60%    40%/80%    Median

     Y1                    1.865       0.869       1.000   32.50%       1.000      2.000      2.000
            1000.000       0.581       1.230       5.000    0.50%       2.000      2.000
     Y2                    1.862       0.777       1.000   33.40%       1.000      2.000      2.000
            1000.000       0.583       0.831       5.000    0.40%       2.000      2.000
     Y3                    3.136       0.115       1.000    0.70%       3.000      3.000      3.000
            1000.000       0.584      -0.095       5.000    3.30%       3.000      4.000
     Y4                    3.134      -0.039       1.000    1.30%       3.000      3.000      3.000
            1000.000       0.596      -0.041       5.000    2.80%       3.000      4.000
     Y5                    3.138       0.086       1.000    0.30%       3.000      3.000      3.000
            1000.000       0.559      -0.344       5.000    2.50%       3.000      4.000
     Y6                    1.194       2.816       1.000   83.80%       1.000      1.000      1.000
            1000.000       0.232       8.915       4.000    0.60%       1.000      1.000
     Y7                    1.179       2.980       1.000   84.10%       1.000      1.000      1.000
            1000.000       0.199      11.915       5.000    0.10%       1.000      1.000
     Y8                    1.187       2.994       1.000   84.00%       1.000      1.000      1.000
            1000.000       0.220      11.386       5.000    0.10%       1.000      1.000
     Y9                    1.867       0.797       1.000   32.90%       1.000      2.000      2.000
            1000.000       0.581       0.992       5.000    0.50%       2.000      2.000
     Y10                   1.861       0.850       1.000   34.30%       1.000      2.000      2.000
            1000.000       0.612       1.025       5.000    0.60%       2.000      2.000
     X1                   -0.008      -0.001      -3.108    0.10%      -0.874     -0.284      0.001
            1000.000       1.016      -0.150       2.921    0.10%       0.256      0.846
     X2                    0.480       0.080       0.000   52.00%       0.000      0.000      0.000
            1000.000       0.250      -1.994       1.000   48.00%       1.000      1.000


THE MODEL ESTIMATION TERMINATED NORMALLY



MODEL FIT INFORMATION

Number of Free Parameters                       34

Loglikelihood

          H0 Value                       -6436.677

Information Criteria

          Akaike (AIC)                   12941.354
          Bayesian (BIC)                 13108.218
          Sample-Size Adjusted BIC       13000.232
            (n* = (n + 2) / 24)



MODEL RESULTS

                                                    Two-Tailed
                    Estimate       S.E.  Est./S.E.    P-Value

 F        BY
    Y1                 0.646      0.020     33.008      0.000
    Y2                 0.638      0.020     32.266      0.000
    Y3                 0.628      0.020     31.449      0.000
    Y4                 0.629      0.020     30.967      0.000
    Y5                 0.614      0.020     31.360      0.000
    Y6                 0.333      0.014     24.469      0.000
    Y7               999.000      0.000    999.000    999.000
    Y8                 0.316      0.013     23.736      0.000
    Y9                 0.628      0.020     31.534      0.000
    Y10                0.657      0.020     32.514      0.000

 Y7       ON
    X1                 0.001      0.010      0.094      0.925
    X2                -0.022      0.022     -1.014      0.311

 Means
    F                  0.000      0.000    999.000    999.000

 Intercepts
    Y1                 1.865      0.024     77.388      0.000
    Y2                 1.862      0.024     77.119      0.000
    Y3                 3.136      0.024    129.824      0.000
    Y4                 3.134      0.024    128.369      0.000
    Y5                 3.138      0.024    132.728      0.000
    Y6                 1.194      0.015     78.328      0.000
    Y7                 1.167      0.017     70.430      0.000
    Y8                 1.187      0.015     80.022      0.000
    Y9                 1.867      0.024     77.435      0.000
    Y10                1.861      0.025     75.246      0.000

 Variances
    F                  1.000      0.000    999.000    999.000

 Residual Variances
    Y1                 0.163      0.008     19.192      0.000
    Y2                 0.176      0.009     19.493      0.000
    Y3                 0.189      0.010     19.735      0.000
    Y4                 0.201      0.010     19.883      0.000
    Y5                 0.182      0.009     19.768      0.000
    Y6                 0.122      0.006     21.176      0.000
    Y7                 0.099      0.005     21.003      0.000
    Y8                 0.120      0.006     21.277      0.000
    Y9                 0.187      0.009     19.737      0.000
    Y10                0.180      0.009     19.385      0.000

New/Additional Parameters
    L7_0               0.243      0.017     13.932      0.000
    L7_1               0.040      0.011      3.645      0.000
    L7_2               0.120      0.022      5.446      0.000


QUALITY OF NUMERICAL RESULTS

     Condition Number for the Information Matrix              0.216E-04
       (ratio of smallest to largest eigenvalue)


     Beginning Time:  11:26:09
        Ending Time:  11:26:12
       Elapsed Time:  00:00:03



MUTHEN & MUTHEN
3463 Stoner Ave.
Los Angeles, CA  90066

Tel: (310) 391-9971
Fax: (310) 391-8971
Web: www.StatModel.com
Support: Support@StatModel.com

Copyright (c) 1998-2019 Muthen & Muthen
