Mplus VERSION 8.3
MUTHEN & MUTHEN
04/25/2024  11:40 AM

INPUT INSTRUCTIONS


  TITLE: Test with 10 reps

  DATA:
  File is
  G3_B2_N3_rep270.csv;

  VARIABLE:
      Names are x1 x2 eta
  	y1 y2 y3 y4 y5 y6 y7 y8 y9 y10;
      Usevariables are y1-y10 x1 x2;
      constraint = x1 x2;

  MODEL:
      f BY y1* (l1);
      f BY y2* (l2);
      f BY y3* (l3);
      f BY y4* (l4);
      f BY y5* (l5);
      f BY y6* (l6);
      f BY y7* (l7);
      f BY y8* (l8);
      f BY y9* (l9);
      f BY y10* (l10);

  y10 ON x1 x2;
  f@1;
  [f@0];

  MODEL CONSTRAINT:
      new (l10_0 l10_1 l10_2);
      l10 = l10_0 + l10_1*x1 + l10_2*x2;




INPUT READING TERMINATED NORMALLY



Test with 10 reps

SUMMARY OF ANALYSIS

Number of groups                                                 1
Number of observations                                        1000

Number of dependent variables                                   10
Number of independent variables                                  2
Number of continuous latent variables                            1

Observed dependent variables

  Continuous
   Y1          Y2          Y3          Y4          Y5          Y6
   Y7          Y8          Y9          Y10

Observed independent variables
   X1          X2

Continuous latent variables
   F


Estimator                                                       ML
Information matrix                                        OBSERVED
Maximum number of iterations                                  1000
Convergence criterion                                    0.500D-04
Maximum number of steepest descent iterations                   20

Input data file(s)
  G3_B2_N3_rep270.csv

Input data format  FREE



UNIVARIATE SAMPLE STATISTICS


     UNIVARIATE HIGHER-ORDER MOMENT DESCRIPTIVE STATISTICS

         Variable/         Mean/     Skewness/   Minimum/ % with                Percentiles
        Sample Size      Variance    Kurtosis    Maximum  Min/Max      20%/60%    40%/80%    Median

     Y1                    1.893       0.768       1.000   32.00%       1.000      2.000      2.000
            1000.000       0.600       0.912       5.000    0.60%       2.000      2.000
     Y2                    1.875       0.767       1.000   32.50%       1.000      2.000      2.000
            1000.000       0.583       0.828       5.000    0.40%       2.000      2.000
     Y3                    3.162      -0.015       1.000    1.10%       3.000      3.000      3.000
            1000.000       0.560       0.132       5.000    2.90%       3.000      4.000
     Y4                    3.157      -0.107       1.000    1.20%       3.000      3.000      3.000
            1000.000       0.560       0.024       5.000    2.30%       3.000      4.000
     Y5                    3.170       0.002       1.000    1.00%       3.000      3.000      3.000
            1000.000       0.557       0.119       5.000    3.00%       3.000      4.000
     Y6                    1.175       2.490       1.000   84.30%       1.000      1.000      1.000
            1000.000       0.182       6.225       4.000    0.10%       1.000      1.000
     Y7                    1.207       2.837       1.000   81.80%       1.000      1.000      1.000
            1000.000       0.230      11.285       5.000    0.20%       1.000      1.000
     Y8                    1.192       2.577       1.000   82.80%       1.000      1.000      1.000
            1000.000       0.203       7.773       4.000    0.40%       1.000      1.000
     Y9                    1.882       0.800       1.000   31.20%       1.000      2.000      2.000
            1000.000       0.568       1.128       5.000    0.50%       2.000      2.000
     Y10                   1.879       0.870       1.000   33.00%       1.000      2.000      2.000
            1000.000       0.618       1.089       5.000    0.60%       2.000      2.000
     X1                   -0.024       0.026      -3.662    0.10%      -0.819     -0.296     -0.047
            1000.000       0.898      -0.003       2.986    0.10%       0.214      0.772
     X2                    0.513      -0.052       0.000   48.70%       0.000      0.000      1.000
            1000.000       0.250      -1.997       1.000   51.30%       1.000      1.000


THE MODEL ESTIMATION TERMINATED NORMALLY



MODEL FIT INFORMATION

Number of Free Parameters                       34

Loglikelihood

          H0 Value                       -6418.981

Information Criteria

          Akaike (AIC)                   12905.962
          Bayesian (BIC)                 13072.825
          Sample-Size Adjusted BIC       12964.839
            (n* = (n + 2) / 24)



MODEL RESULTS

                                                    Two-Tailed
                    Estimate       S.E.  Est./S.E.    P-Value

 F        BY
    Y1                 0.651      0.020     32.564      0.000
    Y2                 0.644      0.020     32.708      0.000
    Y3                 0.600      0.020     30.246      0.000
    Y4                 0.587      0.020     29.218      0.000
    Y5                 0.608      0.020     30.954      0.000
    Y6                 0.287      0.012     23.598      0.000
    Y7                 0.336      0.013     24.993      0.000
    Y8                 0.304      0.013     23.714      0.000
    Y9                 0.632      0.020     32.375      0.000
    Y10              999.000      0.000    999.000    999.000

 Y10      ON
    X1                 0.002      0.016      0.110      0.913
    X2                 0.015      0.030      0.513      0.608

 Means
    F                  0.000      0.000    999.000    999.000

 Intercepts
    Y1                 1.893      0.024     77.310      0.000
    Y2                 1.875      0.024     77.630      0.000
    Y3                 3.162      0.024    133.648      0.000
    Y4                 3.157      0.024    133.366      0.000
    Y5                 3.170      0.024    134.305      0.000
    Y6                 1.175      0.014     87.007      0.000
    Y7                 1.207      0.015     79.561      0.000
    Y8                 1.192      0.014     83.634      0.000
    Y9                 1.882      0.024     78.962      0.000
    Y10                1.867      0.029     64.796      0.000

 Variances
    F                  1.000      0.000    999.000    999.000

 Residual Variances
    Y1                 0.175      0.009     19.250      0.000
    Y2                 0.168      0.009     19.183      0.000
    Y3                 0.200      0.010     19.975      0.000
    Y4                 0.216      0.011     20.276      0.000
    Y5                 0.188      0.009     19.773      0.000
    Y6                 0.100      0.005     21.252      0.000
    Y7                 0.117      0.006     21.055      0.000
    Y8                 0.111      0.005     21.247      0.000
    Y9                 0.169      0.009     19.322      0.000
    Y10                0.183      0.009     19.337      0.000

New/Additional Parameters
    L10_0              0.628      0.028     22.668      0.000
    L10_1             -0.009      0.015     -0.588      0.556
    L10_2              0.050      0.031      1.592      0.111


QUALITY OF NUMERICAL RESULTS

     Condition Number for the Information Matrix              0.218E-04
       (ratio of smallest to largest eigenvalue)


     Beginning Time:  11:40:28
        Ending Time:  11:40:30
       Elapsed Time:  00:00:02



MUTHEN & MUTHEN
3463 Stoner Ave.
Los Angeles, CA  90066

Tel: (310) 391-9971
Fax: (310) 391-8971
Web: www.StatModel.com
Support: Support@StatModel.com

Copyright (c) 1998-2019 Muthen & Muthen
