Mplus VERSION 8.3
MUTHEN & MUTHEN
04/25/2024  11:47 AM

INPUT INSTRUCTIONS


  TITLE: Test with 10 reps

  DATA:
  File is
  G3_B2_N3_rep283.csv;

  VARIABLE:
      Names are x1 x2 eta
  	y1 y2 y3 y4 y5 y6 y7 y8 y9 y10;
      Usevariables are y1-y10 x1 x2;
      constraint = x1 x2;

  MODEL:
      f BY y1* (l1);
      f BY y2* (l2);
      f BY y3* (l3);
      f BY y4* (l4);
      f BY y5* (l5);
      f BY y6* (l6);
      f BY y7* (l7);
      f BY y8* (l8);
      f BY y9* (l9);
      f BY y10* (l10);

  y3 ON x1 x2;
  f@1;
  [f@0];

  MODEL CONSTRAINT:
      new (l3_0 l3_1 l3_2);
      l3 = l3_0 + l3_1*x1 + l3_2*x2;




INPUT READING TERMINATED NORMALLY



Test with 10 reps

SUMMARY OF ANALYSIS

Number of groups                                                 1
Number of observations                                        1000

Number of dependent variables                                   10
Number of independent variables                                  2
Number of continuous latent variables                            1

Observed dependent variables

  Continuous
   Y1          Y2          Y3          Y4          Y5          Y6
   Y7          Y8          Y9          Y10

Observed independent variables
   X1          X2

Continuous latent variables
   F


Estimator                                                       ML
Information matrix                                        OBSERVED
Maximum number of iterations                                  1000
Convergence criterion                                    0.500D-04
Maximum number of steepest descent iterations                   20

Input data file(s)
  G3_B2_N3_rep283.csv

Input data format  FREE



UNIVARIATE SAMPLE STATISTICS


     UNIVARIATE HIGHER-ORDER MOMENT DESCRIPTIVE STATISTICS

         Variable/         Mean/     Skewness/   Minimum/ % with                Percentiles
        Sample Size      Variance    Kurtosis    Maximum  Min/Max      20%/60%    40%/80%    Median

     Y1                    1.874       0.696       1.000   32.00%       1.000      2.000      2.000
            1000.000       0.560       0.664       5.000    0.30%       2.000      2.000
     Y2                    1.857       0.689       1.000   33.00%       1.000      2.000      2.000
            1000.000       0.553       0.638       5.000    0.30%       2.000      2.000
     Y3                    3.155      -0.088       1.000    0.80%       3.000      3.000      3.000
            1000.000       0.559      -0.246       5.000    2.00%       3.000      4.000
     Y4                    3.146      -0.020       1.000    0.80%       3.000      3.000      3.000
            1000.000       0.551      -0.105       5.000    2.30%       3.000      4.000
     Y5                    3.154      -0.093       1.000    1.20%       3.000      3.000      3.000
            1000.000       0.550       0.099       5.000    2.30%       3.000      4.000
     Y6                    1.187       2.719       1.000   83.90%       1.000      1.000      1.000
            1000.000       0.212       8.270       4.000    0.40%       1.000      1.000
     Y7                    1.174       2.696       1.000   84.40%       1.000      1.000      1.000
            1000.000       0.186       8.340       4.000    0.30%       1.000      1.000
     Y8                    1.178       2.949       1.000   84.40%       1.000      1.000      1.000
            1000.000       0.202      10.571       4.000    0.60%       1.000      1.000
     Y9                    1.864       0.714       1.000   32.50%       1.000      2.000      2.000
            1000.000       0.560       0.623       5.000    0.20%       2.000      2.000
     Y10                   1.896       0.617       1.000   29.30%       1.000      2.000      2.000
            1000.000       0.525       0.609       5.000    0.20%       2.000      2.000
     X1                    0.055       0.047      -2.969    0.10%      -0.747     -0.205      0.035
            1000.000       0.915      -0.063       3.043    0.10%       0.281      0.857
     X2                    0.489       0.044       0.000   51.10%       0.000      0.000      0.000
            1000.000       0.250      -1.998       1.000   48.90%       1.000      1.000


THE MODEL ESTIMATION TERMINATED NORMALLY



MODEL FIT INFORMATION

Number of Free Parameters                       34

Loglikelihood

          H0 Value                       -6191.757

Information Criteria

          Akaike (AIC)                   12451.515
          Bayesian (BIC)                 12618.378
          Sample-Size Adjusted BIC       12510.392
            (n* = (n + 2) / 24)



MODEL RESULTS

                                                    Two-Tailed
                    Estimate       S.E.  Est./S.E.    P-Value

 F        BY
    Y1                 0.621      0.019     31.906      0.000
    Y2                 0.615      0.019     31.742      0.000
    Y3               999.000      0.000    999.000    999.000
    Y4                 0.612      0.019     31.570      0.000
    Y5                 0.593      0.020     30.098      0.000
    Y6                 0.318      0.013     24.457      0.000
    Y7                 0.292      0.012     23.824      0.000
    Y8                 0.316      0.013     25.042      0.000
    Y9                 0.626      0.019     32.305      0.000
    Y10                0.610      0.019     32.569      0.000

 Y3       ON
    X1                 0.031      0.016      1.969      0.049
    X2                 0.025      0.030      0.815      0.415

 Means
    F                  0.000      0.000    999.000    999.000

 Intercepts
    Y1                 1.874      0.024     79.182      0.000
    Y2                 1.857      0.024     79.000      0.000
    Y3                 3.163      0.029    107.420      0.000
    Y4                 3.146      0.023    134.063      0.000
    Y5                 3.154      0.023    134.452      0.000
    Y6                 1.187      0.015     81.518      0.000
    Y7                 1.174      0.014     86.146      0.000
    Y8                 1.178      0.014     82.819      0.000
    Y9                 1.864      0.024     78.803      0.000
    Y10                1.896      0.023     82.734      0.000

 Variances
    F                  1.000      0.000    999.000    999.000

 Residual Variances
    Y1                 0.174      0.009     19.510      0.000
    Y2                 0.174      0.009     19.579      0.000
    Y3                 0.195      0.010     19.906      0.000
    Y4                 0.176      0.009     19.546      0.000
    Y5                 0.199      0.010     20.031      0.000
    Y6                 0.111      0.005     21.093      0.000
    Y7                 0.101      0.005     21.184      0.000
    Y8                 0.102      0.005     20.993      0.000
    Y9                 0.168      0.009     19.353      0.000
    Y10                0.154      0.008     19.259      0.000

New/Additional Parameters
    L3_0               0.651      0.028     23.408      0.000
    L3_1              -0.058      0.015     -3.801      0.000
    L3_2              -0.093      0.031     -2.982      0.003


QUALITY OF NUMERICAL RESULTS

     Condition Number for the Information Matrix              0.219E-04
       (ratio of smallest to largest eigenvalue)


     Beginning Time:  11:47:29
        Ending Time:  11:47:32
       Elapsed Time:  00:00:03



MUTHEN & MUTHEN
3463 Stoner Ave.
Los Angeles, CA  90066

Tel: (310) 391-9971
Fax: (310) 391-8971
Web: www.StatModel.com
Support: Support@StatModel.com

Copyright (c) 1998-2019 Muthen & Muthen
