Mplus VERSION 8.3
MUTHEN & MUTHEN
04/25/2024  12:50 PM

INPUT INSTRUCTIONS


  TITLE: Test with 10 reps

  DATA:
  File is
  G3_B2_N3_rep398.csv;

  VARIABLE:
      Names are x1 x2 eta
  	y1 y2 y3 y4 y5 y6 y7 y8 y9 y10;
      Usevariables are y1-y10 x1 x2;
      constraint = x1 x2;

  MODEL:
      f BY y1* (l1);
      f BY y2* (l2);
      f BY y3* (l3);
      f BY y4* (l4);
      f BY y5* (l5);
      f BY y6* (l6);
      f BY y7* (l7);
      f BY y8* (l8);
      f BY y9* (l9);
      f BY y10* (l10);

  y2 ON x1 x2;
  f@1;
  [f@0];

  MODEL CONSTRAINT:
      new (l2_0 l2_1 l2_2);
      l2 = l2_0 + l2_1*x1 + l2_2*x2;




INPUT READING TERMINATED NORMALLY



Test with 10 reps

SUMMARY OF ANALYSIS

Number of groups                                                 1
Number of observations                                        1000

Number of dependent variables                                   10
Number of independent variables                                  2
Number of continuous latent variables                            1

Observed dependent variables

  Continuous
   Y1          Y2          Y3          Y4          Y5          Y6
   Y7          Y8          Y9          Y10

Observed independent variables
   X1          X2

Continuous latent variables
   F


Estimator                                                       ML
Information matrix                                        OBSERVED
Maximum number of iterations                                  1000
Convergence criterion                                    0.500D-04
Maximum number of steepest descent iterations                   20

Input data file(s)
  G3_B2_N3_rep398.csv

Input data format  FREE



UNIVARIATE SAMPLE STATISTICS


     UNIVARIATE HIGHER-ORDER MOMENT DESCRIPTIVE STATISTICS

         Variable/         Mean/     Skewness/   Minimum/ % with                Percentiles
        Sample Size      Variance    Kurtosis    Maximum  Min/Max      20%/60%    40%/80%    Median

     Y1                    1.880       0.683       1.000   33.00%       1.000      2.000      2.000
            1000.000       0.592       0.451       5.000    0.30%       2.000      2.000
     Y2                    1.887       0.714       1.000   32.60%       1.000      2.000      2.000
            1000.000       0.600       0.522       5.000    0.30%       2.000      2.000
     Y3                    3.153       0.004       1.000    0.70%       3.000      3.000      3.000
            1000.000       0.558      -0.153       5.000    2.50%       3.000      4.000
     Y4                    3.154       0.032       1.000    0.70%       3.000      3.000      3.000
            1000.000       0.568      -0.145       5.000    2.80%       3.000      4.000
     Y5                    3.159      -0.046       1.000    1.10%       3.000      3.000      3.000
            1000.000       0.554       0.100       5.000    2.60%       3.000      4.000
     Y6                    1.192       2.883       1.000   83.70%       1.000      1.000      1.000
            1000.000       0.227       9.729       4.000    0.70%       1.000      1.000
     Y7                    1.188       2.472       1.000   82.80%       1.000      1.000      1.000
            1000.000       0.191       7.056       4.000    0.30%       1.000      1.000
     Y8                    1.205       2.557       1.000   82.00%       1.000      1.000      1.000
            1000.000       0.223       7.584       4.000    0.50%       1.000      1.000
     Y9                    1.881       0.685       1.000   31.40%       1.000      2.000      2.000
            1000.000       0.559       0.578       5.000    0.20%       2.000      2.000
     Y10                   1.886       0.839       1.000   31.60%       1.000      2.000      2.000
            1000.000       0.585       1.358       5.000    0.80%       2.000      2.000
     X1                    0.064       0.117      -3.036    0.10%      -0.829     -0.187      0.074
            1000.000       1.000       0.038       3.622    0.10%       0.336      0.885
     X2                    0.519      -0.076       0.000   48.10%       0.000      0.000      1.000
            1000.000       0.250      -1.994       1.000   51.90%       1.000      1.000


THE MODEL ESTIMATION TERMINATED NORMALLY



MODEL FIT INFORMATION

Number of Free Parameters                       34

Loglikelihood

          H0 Value                       -6401.101

Information Criteria

          Akaike (AIC)                   12870.201
          Bayesian (BIC)                 13037.065
          Sample-Size Adjusted BIC       12929.079
            (n* = (n + 2) / 24)



MODEL RESULTS

                                                    Two-Tailed
                    Estimate       S.E.  Est./S.E.    P-Value

 F        BY
    Y1                 0.646      0.020     32.518      0.000
    Y2               999.000      0.000    999.000    999.000
    Y3                 0.610      0.020     31.106      0.000
    Y4                 0.614      0.020     30.929      0.000
    Y5                 0.595      0.020     30.128      0.000
    Y6                 0.328      0.013     24.335      0.000
    Y7                 0.305      0.012     24.824      0.000
    Y8                 0.334      0.013     25.316      0.000
    Y9                 0.623      0.019     32.125      0.000
    Y10                0.623      0.020     30.964      0.000

 Y2       ON
    X1                 0.005      0.015      0.323      0.747
    X2                 0.075      0.029      2.618      0.009

 Means
    F                  0.000      0.000    999.000    999.000

 Intercepts
    Y1                 1.880      0.024     77.294      0.000
    Y2                 1.844      0.028     65.116      0.000
    Y3                 3.153      0.024    133.526      0.000
    Y4                 3.154      0.024    132.306      0.000
    Y5                 3.159      0.024    134.247      0.000
    Y6                 1.192      0.015     79.092      0.000
    Y7                 1.188      0.014     86.038      0.000
    Y8                 1.205      0.015     80.697      0.000
    Y9                 1.881      0.024     79.569      0.000
    Y10                1.886      0.024     77.976      0.000

 Variances
    F                  1.000      0.000    999.000    999.000

 Residual Variances
    Y1                 0.174      0.009     19.285      0.000
    Y2                 0.171      0.009     19.203      0.000
    Y3                 0.185      0.009     19.725      0.000
    Y4                 0.192      0.010     19.814      0.000
    Y5                 0.199      0.010     20.059      0.000
    Y6                 0.120      0.006     21.137      0.000
    Y7                 0.098      0.005     21.098      0.000
    Y8                 0.111      0.005     20.997      0.000
    Y9                 0.170      0.009     19.453      0.000
    Y10                0.197      0.010     19.849      0.000

New/Additional Parameters
    L2_0               0.621      0.026     23.914      0.000
    L2_1              -0.003      0.013     -0.248      0.804
    L2_2               0.047      0.029      1.593      0.111


QUALITY OF NUMERICAL RESULTS

     Condition Number for the Information Matrix              0.212E-04
       (ratio of smallest to largest eigenvalue)


     Beginning Time:  12:50:57
        Ending Time:  12:51:00
       Elapsed Time:  00:00:03



MUTHEN & MUTHEN
3463 Stoner Ave.
Los Angeles, CA  90066

Tel: (310) 391-9971
Fax: (310) 391-8971
Web: www.StatModel.com
Support: Support@StatModel.com

Copyright (c) 1998-2019 Muthen & Muthen
