Mplus VERSION 8.3
MUTHEN & MUTHEN
04/25/2024  11:59 AM

INPUT INSTRUCTIONS


  TITLE: Test with 10 reps

  DATA:
  File is
  G3_B2_N3_rep304.csv;

  VARIABLE:
      Names are x1 x2 eta
  	y1 y2 y3 y4 y5 y6 y7 y8 y9 y10;
      Usevariables are y1-y10 x1 x2;
      constraint = x1 x2;

  MODEL:
      f BY y1* (l1);
      f BY y2* (l2);
      f BY y3* (l3);
      f BY y4* (l4);
      f BY y5* (l5);
      f BY y6* (l6);
      f BY y7* (l7);
      f BY y8* (l8);
      f BY y9* (l9);
      f BY y10* (l10);

  y7 ON x1 x2;
  f@1;
  [f@0];

  MODEL CONSTRAINT:
      new (l7_0 l7_1 l7_2);
      l7 = l7_0 + l7_1*x1 + l7_2*x2;




INPUT READING TERMINATED NORMALLY



Test with 10 reps

SUMMARY OF ANALYSIS

Number of groups                                                 1
Number of observations                                        1000

Number of dependent variables                                   10
Number of independent variables                                  2
Number of continuous latent variables                            1

Observed dependent variables

  Continuous
   Y1          Y2          Y3          Y4          Y5          Y6
   Y7          Y8          Y9          Y10

Observed independent variables
   X1          X2

Continuous latent variables
   F


Estimator                                                       ML
Information matrix                                        OBSERVED
Maximum number of iterations                                  1000
Convergence criterion                                    0.500D-04
Maximum number of steepest descent iterations                   20

Input data file(s)
  G3_B2_N3_rep304.csv

Input data format  FREE



UNIVARIATE SAMPLE STATISTICS


     UNIVARIATE HIGHER-ORDER MOMENT DESCRIPTIVE STATISTICS

         Variable/         Mean/     Skewness/   Minimum/ % with                Percentiles
        Sample Size      Variance    Kurtosis    Maximum  Min/Max      20%/60%    40%/80%    Median

     Y1                    1.878       0.815       1.000   33.40%       1.000      2.000      2.000
            1000.000       0.615       0.929       5.000    0.60%       2.000      2.000
     Y2                    1.871       0.798       1.000   33.80%       1.000      2.000      2.000
            1000.000       0.608       0.900       5.000    0.60%       2.000      2.000
     Y3                    3.155      -0.095       1.000    1.20%       2.000      3.000      3.000
            1000.000       0.635      -0.330       5.000    2.80%       3.000      4.000
     Y4                    3.154       0.007       1.000    1.00%       3.000      3.000      3.000
            1000.000       0.604      -0.142       5.000    3.20%       3.000      4.000
     Y5                    3.147       0.040       1.000    0.80%       3.000      3.000      3.000
            1000.000       0.621      -0.301       5.000    3.30%       3.000      4.000
     Y6                    1.221       2.472       1.000   80.70%       1.000      1.000      1.000
            1000.000       0.240       7.108       4.000    0.60%       1.000      1.000
     Y7                    1.210       2.465       1.000   81.20%       1.000      1.000      1.000
            1000.000       0.220       7.223       4.000    0.50%       1.000      1.000
     Y8                    1.191       2.364       1.000   82.60%       1.000      1.000      1.000
            1000.000       0.193       5.983       4.000    0.20%       1.000      1.000
     Y9                    1.894       0.921       1.000   32.60%       1.000      2.000      2.000
            1000.000       0.647       1.163       5.000    0.70%       2.000      2.000
     Y10                   1.891       0.825       1.000   32.40%       1.000      2.000      2.000
            1000.000       0.617       0.979       5.000    0.60%       2.000      2.000
     X1                    0.000      -0.114      -4.035    0.10%      -0.834     -0.204      0.026
            1000.000       0.967       0.159       2.731    0.10%       0.249      0.829
     X2                    0.482       0.072       0.000   51.80%       0.000      0.000      0.000
            1000.000       0.250      -1.995       1.000   48.20%       1.000      1.000


THE MODEL ESTIMATION TERMINATED NORMALLY



MODEL FIT INFORMATION

Number of Free Parameters                       34

Loglikelihood

          H0 Value                       -6649.615

Information Criteria

          Akaike (AIC)                   13367.231
          Bayesian (BIC)                 13534.095
          Sample-Size Adjusted BIC       13426.109
            (n* = (n + 2) / 24)



MODEL RESULTS

                                                    Two-Tailed
                    Estimate       S.E.  Est./S.E.    P-Value

 F        BY
    Y1                 0.641      0.021     31.163      0.000
    Y2                 0.651      0.020     32.167      0.000
    Y3                 0.642      0.021     30.426      0.000
    Y4                 0.633      0.020     30.927      0.000
    Y5                 0.639      0.021     30.747      0.000
    Y6                 0.356      0.014     26.185      0.000
    Y7               999.000      0.000    999.000    999.000
    Y8                 0.297      0.012     23.827      0.000
    Y9                 0.682      0.021     33.003      0.000
    Y10                0.652      0.020     31.872      0.000

 Y7       ON
    X1                 0.001      0.011      0.098      0.922
    X2                 0.017      0.022      0.770      0.441

 Means
    F                  0.000      0.000    999.000    999.000

 Intercepts
    Y1                 1.878      0.025     75.721      0.000
    Y2                 1.871      0.025     75.857      0.000
    Y3                 3.155      0.025    125.205      0.000
    Y4                 3.154      0.025    128.304      0.000
    Y5                 3.147      0.025    126.245      0.000
    Y6                 1.221      0.015     78.789      0.000
    Y7                 1.179      0.017     71.071      0.000
    Y8                 1.191      0.014     85.837      0.000
    Y9                 1.894      0.025     74.474      0.000
    Y10                1.891      0.025     76.121      0.000

 Variances
    F                  1.000      0.000    999.000    999.000

 Residual Variances
    Y1                 0.204      0.010     19.833      0.000
    Y2                 0.185      0.009     19.479      0.000
    Y3                 0.223      0.011     19.956      0.000
    Y4                 0.204      0.010     19.818      0.000
    Y5                 0.213      0.011     19.876      0.000
    Y6                 0.114      0.005     20.877      0.000
    Y7                 0.098      0.005     20.689      0.000
    Y8                 0.104      0.005     21.248      0.000
    Y9                 0.181      0.009     19.113      0.000
    Y10                0.193      0.010     19.593      0.000

New/Additional Parameters
    L7_0               0.256      0.017     15.128      0.000
    L7_1               0.035      0.011      3.236      0.001
    L7_2               0.146      0.022      6.621      0.000


QUALITY OF NUMERICAL RESULTS

     Condition Number for the Information Matrix              0.221E-04
       (ratio of smallest to largest eigenvalue)


     Beginning Time:  11:59:36
        Ending Time:  11:59:38
       Elapsed Time:  00:00:02



MUTHEN & MUTHEN
3463 Stoner Ave.
Los Angeles, CA  90066

Tel: (310) 391-9971
Fax: (310) 391-8971
Web: www.StatModel.com
Support: Support@StatModel.com

Copyright (c) 1998-2019 Muthen & Muthen
