Mplus VERSION 8.3
MUTHEN & MUTHEN
04/25/2024   1:01 PM

INPUT INSTRUCTIONS


  TITLE: Test with 10 reps

  DATA:
  File is
  G3_B2_N3_rep416.csv;

  VARIABLE:
      Names are x1 x2 eta
  	y1 y2 y3 y4 y5 y6 y7 y8 y9 y10;
      Usevariables are y1-y10 x1 x2;
      constraint = x1 x2;

  MODEL:
      f BY y1* (l1);
      f BY y2* (l2);
      f BY y3* (l3);
      f BY y4* (l4);
      f BY y5* (l5);
      f BY y6* (l6);
      f BY y7* (l7);
      f BY y8* (l8);
      f BY y9* (l9);
      f BY y10* (l10);

  y7 ON x1 x2;
  f@1;
  [f@0];

  MODEL CONSTRAINT:
      new (l7_0 l7_1 l7_2);
      l7 = l7_0 + l7_1*x1 + l7_2*x2;




INPUT READING TERMINATED NORMALLY



Test with 10 reps

SUMMARY OF ANALYSIS

Number of groups                                                 1
Number of observations                                        1000

Number of dependent variables                                   10
Number of independent variables                                  2
Number of continuous latent variables                            1

Observed dependent variables

  Continuous
   Y1          Y2          Y3          Y4          Y5          Y6
   Y7          Y8          Y9          Y10

Observed independent variables
   X1          X2

Continuous latent variables
   F


Estimator                                                       ML
Information matrix                                        OBSERVED
Maximum number of iterations                                  1000
Convergence criterion                                    0.500D-04
Maximum number of steepest descent iterations                   20

Input data file(s)
  G3_B2_N3_rep416.csv

Input data format  FREE



UNIVARIATE SAMPLE STATISTICS


     UNIVARIATE HIGHER-ORDER MOMENT DESCRIPTIVE STATISTICS

         Variable/         Mean/     Skewness/   Minimum/ % with                Percentiles
        Sample Size      Variance    Kurtosis    Maximum  Min/Max      20%/60%    40%/80%    Median

     Y1                    1.890       0.947       1.000   31.60%       1.000      2.000      2.000
            1000.000       0.612       1.580       5.000    0.90%       2.000      2.000
     Y2                    1.895       0.857       1.000   33.70%       1.000      2.000      2.000
            1000.000       0.666       0.816       5.000    0.60%       2.000      2.000
     Y3                    3.171       0.080       1.000    0.70%       3.000      3.000      3.000
            1000.000       0.562       0.006       5.000    3.30%       3.000      4.000
     Y4                    3.175       0.019       1.000    0.80%       3.000      3.000      3.000
            1000.000       0.570      -0.057       5.000    3.10%       3.000      4.000
     Y5                    3.154       0.030       1.000    0.60%       3.000      3.000      3.000
            1000.000       0.558      -0.182       5.000    2.60%       3.000      4.000
     Y6                    1.211       2.708       1.000   81.90%       1.000      1.000      1.000
            1000.000       0.240       9.195       5.000    0.10%       1.000      1.000
     Y7                    1.207       2.674       1.000   82.00%       1.000      1.000      1.000
            1000.000       0.230       9.074       5.000    0.10%       1.000      1.000
     Y8                    1.198       2.749       1.000   82.50%       1.000      1.000      1.000
            1000.000       0.217       9.930       5.000    0.10%       1.000      1.000
     Y9                    1.885       0.807       1.000   31.20%       1.000      2.000      2.000
            1000.000       0.570       1.292       5.000    0.70%       2.000      2.000
     Y10                   1.884       0.812       1.000   32.30%       1.000      2.000      2.000
            1000.000       0.599       1.036       5.000    0.60%       2.000      2.000
     X1                    0.028       0.083      -3.019    0.10%      -0.814     -0.250     -0.014
            1000.000       0.980      -0.152       3.412    0.10%       0.264      0.898
     X2                    0.514      -0.056       0.000   48.60%       0.000      0.000      1.000
            1000.000       0.250      -1.997       1.000   51.40%       1.000      1.000


THE MODEL ESTIMATION TERMINATED NORMALLY



MODEL FIT INFORMATION

Number of Free Parameters                       34

Loglikelihood

          H0 Value                       -6489.413

Information Criteria

          Akaike (AIC)                   13046.826
          Bayesian (BIC)                 13213.689
          Sample-Size Adjusted BIC       13105.703
            (n* = (n + 2) / 24)



MODEL RESULTS

                                                    Two-Tailed
                    Estimate       S.E.  Est./S.E.    P-Value

 F        BY
    Y1                 0.660      0.020     32.742      0.000
    Y2                 0.696      0.021     33.353      0.000
    Y3                 0.617      0.020     31.525      0.000
    Y4                 0.623      0.020     31.590      0.000
    Y5                 0.606      0.020     30.770      0.000
    Y6                 0.340      0.014     24.639      0.000
    Y7               999.000      0.000    999.000    999.000
    Y8                 0.327      0.013     25.025      0.000
    Y9                 0.624      0.020     31.755      0.000
    Y10                0.640      0.020     31.741      0.000

 Y7       ON
    X1                -0.004      0.012     -0.317      0.751
    X2                -0.018      0.023     -0.790      0.429

 Means
    F                  0.000      0.000    999.000    999.000

 Intercepts
    Y1                 1.890      0.025     76.405      0.000
    Y2                 1.895      0.026     73.431      0.000
    Y3                 3.171      0.024    133.789      0.000
    Y4                 3.175      0.024    132.942      0.000
    Y5                 3.154      0.024    133.486      0.000
    Y6                 1.211      0.016     78.092      0.000
    Y7                 1.187      0.018     64.323      0.000
    Y8                 1.198      0.015     81.364      0.000
    Y9                 1.885      0.024     78.970      0.000
    Y10                1.884      0.024     77.007      0.000

 Variances
    F                  1.000      0.000    999.000    999.000

 Residual Variances
    Y1                 0.176      0.009     19.349      0.000
    Y2                 0.181      0.009     19.086      0.000
    Y3                 0.181      0.009     19.739      0.000
    Y4                 0.183      0.009     19.727      0.000
    Y5                 0.191      0.010     19.970      0.000
    Y6                 0.125      0.006     21.184      0.000
    Y7                 0.111      0.005     20.967      0.000
    Y8                 0.110      0.005     21.142      0.000
    Y9                 0.180      0.009     19.718      0.000
    Y10                0.189      0.010     19.727      0.000

New/Additional Parameters
    L7_0               0.274      0.019     14.378      0.000
    L7_1               0.071      0.011      6.150      0.000
    L7_2               0.089      0.023      3.805      0.000


QUALITY OF NUMERICAL RESULTS

     Condition Number for the Information Matrix              0.267E-04
       (ratio of smallest to largest eigenvalue)


     Beginning Time:  13:01:30
        Ending Time:  13:01:34
       Elapsed Time:  00:00:04



MUTHEN & MUTHEN
3463 Stoner Ave.
Los Angeles, CA  90066

Tel: (310) 391-9971
Fax: (310) 391-8971
Web: www.StatModel.com
Support: Support@StatModel.com

Copyright (c) 1998-2019 Muthen & Muthen
