Mplus VERSION 8.3
MUTHEN & MUTHEN
04/25/2024   1:07 PM

INPUT INSTRUCTIONS


  TITLE: Test with 10 reps

  DATA:
  File is
  G3_B2_N3_rep426.csv;

  VARIABLE:
      Names are x1 x2 eta
  	y1 y2 y3 y4 y5 y6 y7 y8 y9 y10;
      Usevariables are y1-y10 x1 x2;
      constraint = x1 x2;

  MODEL:
      f BY y1* (l1);
      f BY y2* (l2);
      f BY y3* (l3);
      f BY y4* (l4);
      f BY y5* (l5);
      f BY y6* (l6);
      f BY y7* (l7);
      f BY y8* (l8);
      f BY y9* (l9);
      f BY y10* (l10);

  y7 ON x1 x2;
  f@1;
  [f@0];

  MODEL CONSTRAINT:
      new (l7_0 l7_1 l7_2);
      l7 = l7_0 + l7_1*x1 + l7_2*x2;




INPUT READING TERMINATED NORMALLY



Test with 10 reps

SUMMARY OF ANALYSIS

Number of groups                                                 1
Number of observations                                        1000

Number of dependent variables                                   10
Number of independent variables                                  2
Number of continuous latent variables                            1

Observed dependent variables

  Continuous
   Y1          Y2          Y3          Y4          Y5          Y6
   Y7          Y8          Y9          Y10

Observed independent variables
   X1          X2

Continuous latent variables
   F


Estimator                                                       ML
Information matrix                                        OBSERVED
Maximum number of iterations                                  1000
Convergence criterion                                    0.500D-04
Maximum number of steepest descent iterations                   20

Input data file(s)
  G3_B2_N3_rep426.csv

Input data format  FREE



UNIVARIATE SAMPLE STATISTICS


     UNIVARIATE HIGHER-ORDER MOMENT DESCRIPTIVE STATISTICS

         Variable/         Mean/     Skewness/   Minimum/ % with                Percentiles
        Sample Size      Variance    Kurtosis    Maximum  Min/Max      20%/60%    40%/80%    Median

     Y1                    1.877       0.705       1.000   32.90%       1.000      2.000      2.000
            1000.000       0.588       0.535       5.000    0.30%       2.000      2.000
     Y2                    1.899       0.650       1.000   30.50%       1.000      2.000      2.000
            1000.000       0.563       0.490       5.000    0.20%       2.000      2.000
     Y3                    3.183      -0.051       1.000    0.60%       3.000      3.000      3.000
            1000.000       0.558      -0.254       5.000    2.40%       3.000      4.000
     Y4                    3.186       0.041       1.000    0.90%       3.000      3.000      3.000
            1000.000       0.599      -0.055       5.000    3.80%       3.000      4.000
     Y5                    3.161      -0.013       1.000    0.50%       3.000      3.000      3.000
            1000.000       0.521      -0.170       5.000    2.00%       3.000      4.000
     Y6                    1.181       2.705       1.000   83.80%       1.000      1.000      1.000
            1000.000       0.194       8.664       4.000    0.40%       1.000      1.000
     Y7                    1.186       2.465       1.000   83.30%       1.000      1.000      1.000
            1000.000       0.193       6.482       4.000    0.20%       1.000      1.000
     Y8                    1.200       2.594       1.000   82.30%       1.000      1.000      1.000
            1000.000       0.216       7.936       4.000    0.50%       1.000      1.000
     Y9                    1.890       0.762       1.000   31.50%       1.000      2.000      2.000
            1000.000       0.588       0.750       5.000    0.30%       2.000      2.000
     Y10                   1.924       0.748       1.000   30.00%       1.000      2.000      2.000
            1000.000       0.602       0.897       5.000    0.60%       2.000      2.000
     X1                   -0.038      -0.018      -2.764    0.10%      -0.902     -0.299     -0.022
            1000.000       0.934      -0.263       3.020    0.10%       0.218      0.811
     X2                    0.549      -0.197       0.000   45.10%       0.000      0.000      1.000
            1000.000       0.248      -1.961       1.000   54.90%       1.000      1.000


THE MODEL ESTIMATION TERMINATED NORMALLY



MODEL FIT INFORMATION

Number of Free Parameters                       34

Loglikelihood

          H0 Value                       -6358.165

Information Criteria

          Akaike (AIC)                   12784.330
          Bayesian (BIC)                 12951.193
          Sample-Size Adjusted BIC       12843.207
            (n* = (n + 2) / 24)



MODEL RESULTS

                                                    Two-Tailed
                    Estimate       S.E.  Est./S.E.    P-Value

 F        BY
    Y1                 0.638      0.020     32.031      0.000
    Y2                 0.629      0.019     32.420      0.000
    Y3                 0.605      0.020     30.737      0.000
    Y4                 0.645      0.020     32.068      0.000
    Y5                 0.576      0.019     29.985      0.000
    Y6                 0.293      0.013     23.281      0.000
    Y7               999.000      0.000    999.000    999.000
    Y8                 0.315      0.013     23.860      0.000
    Y9                 0.642      0.020     32.363      0.000
    Y10                0.645      0.020     31.942      0.000

 Y7       ON
    X1                 0.007      0.011      0.649      0.516
    X2                 0.011      0.022      0.506      0.613

 Means
    F                  0.000      0.000    999.000    999.000

 Intercepts
    Y1                 1.877      0.024     77.415      0.000
    Y2                 1.899      0.024     80.048      0.000
    Y3                 3.183      0.024    134.806      0.000
    Y4                 3.186      0.024    130.133      0.000
    Y5                 3.161      0.023    138.475      0.000
    Y6                 1.181      0.014     84.739      0.000
    Y7                 1.160      0.017     66.734      0.000
    Y8                 1.200      0.015     81.650      0.000
    Y9                 1.890      0.024     77.949      0.000
    Y10                1.924      0.025     78.402      0.000

 Variances
    F                  1.000      0.000    999.000    999.000

 Residual Variances
    Y1                 0.181      0.009     19.457      0.000
    Y2                 0.167      0.009     19.308      0.000
    Y3                 0.191      0.010     19.869      0.000
    Y4                 0.183      0.009     19.412      0.000
    Y5                 0.190      0.009     20.092      0.000
    Y6                 0.108      0.005     21.317      0.000
    Y7                 0.102      0.005     21.204      0.000
    Y8                 0.117      0.006     21.248      0.000
    Y9                 0.175      0.009     19.321      0.000
    Y10                0.186      0.010     19.490      0.000

New/Additional Parameters
    L7_0               0.225      0.019     11.831      0.000
    L7_1               0.054      0.011      5.014      0.000
    L7_2               0.094      0.023      4.059      0.000


QUALITY OF NUMERICAL RESULTS

     Condition Number for the Information Matrix              0.230E-04
       (ratio of smallest to largest eigenvalue)


     Beginning Time:  13:07:09
        Ending Time:  13:07:12
       Elapsed Time:  00:00:03



MUTHEN & MUTHEN
3463 Stoner Ave.
Los Angeles, CA  90066

Tel: (310) 391-9971
Fax: (310) 391-8971
Web: www.StatModel.com
Support: Support@StatModel.com

Copyright (c) 1998-2019 Muthen & Muthen
