Mplus VERSION 8.3
MUTHEN & MUTHEN
04/25/2024   1:12 PM

INPUT INSTRUCTIONS


  TITLE: Test with 10 reps

  DATA:
  File is
  G3_B2_N3_rep436.csv;

  VARIABLE:
      Names are x1 x2 eta
  	y1 y2 y3 y4 y5 y6 y7 y8 y9 y10;
      Usevariables are y1-y10 x1 x2;
      constraint = x1 x2;

  MODEL:
      f BY y1* (l1);
      f BY y2* (l2);
      f BY y3* (l3);
      f BY y4* (l4);
      f BY y5* (l5);
      f BY y6* (l6);
      f BY y7* (l7);
      f BY y8* (l8);
      f BY y9* (l9);
      f BY y10* (l10);

  y7 ON x1 x2;
  f@1;
  [f@0];

  MODEL CONSTRAINT:
      new (l7_0 l7_1 l7_2);
      l7 = l7_0 + l7_1*x1 + l7_2*x2;




INPUT READING TERMINATED NORMALLY



Test with 10 reps

SUMMARY OF ANALYSIS

Number of groups                                                 1
Number of observations                                        1000

Number of dependent variables                                   10
Number of independent variables                                  2
Number of continuous latent variables                            1

Observed dependent variables

  Continuous
   Y1          Y2          Y3          Y4          Y5          Y6
   Y7          Y8          Y9          Y10

Observed independent variables
   X1          X2

Continuous latent variables
   F


Estimator                                                       ML
Information matrix                                        OBSERVED
Maximum number of iterations                                  1000
Convergence criterion                                    0.500D-04
Maximum number of steepest descent iterations                   20

Input data file(s)
  G3_B2_N3_rep436.csv

Input data format  FREE



UNIVARIATE SAMPLE STATISTICS


     UNIVARIATE HIGHER-ORDER MOMENT DESCRIPTIVE STATISTICS

         Variable/         Mean/     Skewness/   Minimum/ % with                Percentiles
        Sample Size      Variance    Kurtosis    Maximum  Min/Max      20%/60%    40%/80%    Median

     Y1                    1.864       0.722       1.000   32.70%       1.000      2.000      2.000
            1000.000       0.566       0.615       5.000    0.20%       2.000      2.000
     Y2                    1.891       0.856       1.000   31.30%       1.000      2.000      2.000
            1000.000       0.595       1.212       5.000    0.60%       2.000      2.000
     Y3                    3.144      -0.001       1.000    0.80%       3.000      3.000      3.000
            1000.000       0.591      -0.259       5.000    2.70%       3.000      4.000
     Y4                    3.156       0.057       1.000    0.70%       3.000      3.000      3.000
            1000.000       0.546       0.008       5.000    2.80%       3.000      4.000
     Y5                    3.156       0.041       1.000    0.60%       3.000      3.000      3.000
            1000.000       0.570      -0.204       5.000    2.80%       3.000      4.000
     Y6                    1.179       2.391       1.000   83.70%       1.000      1.000      1.000
            1000.000       0.181       5.715       4.000    0.10%       1.000      1.000
     Y7                    1.185       2.294       1.000   83.00%       1.000      1.000      1.000
            1000.000       0.183       5.192       4.000    0.10%       1.000      1.000
     Y8                    1.171       2.757       1.000   84.80%       1.000      1.000      1.000
            1000.000       0.186       8.667       4.000    0.30%       1.000      1.000
     Y9                    1.872       0.690       1.000   32.60%       1.000      2.000      2.000
            1000.000       0.570       0.580       5.000    0.30%       2.000      2.000
     Y10                   1.887       0.712       1.000   31.00%       1.000      2.000      2.000
            1000.000       0.564       0.650       5.000    0.20%       2.000      2.000
     X1                    0.102       0.113      -2.637    0.10%      -0.752     -0.183      0.066
            1000.000       0.995      -0.168       3.140    0.10%       0.323      0.958
     X2                    0.527      -0.108       0.000   47.30%       0.000      0.000      1.000
            1000.000       0.249      -1.988       1.000   52.70%       1.000      1.000


THE MODEL ESTIMATION TERMINATED NORMALLY



MODEL FIT INFORMATION

Number of Free Parameters                       34

Loglikelihood

          H0 Value                       -6176.347

Information Criteria

          Akaike (AIC)                   12420.695
          Bayesian (BIC)                 12587.559
          Sample-Size Adjusted BIC       12479.573
            (n* = (n + 2) / 24)



MODEL RESULTS

                                                    Two-Tailed
                    Estimate       S.E.  Est./S.E.    P-Value

 F        BY
    Y1                 0.622      0.020     31.686      0.000
    Y2                 0.643      0.020     32.081      0.000
    Y3                 0.638      0.020     31.842      0.000
    Y4                 0.611      0.019     31.702      0.000
    Y5                 0.619      0.020     31.320      0.000
    Y6                 0.289      0.012     23.996      0.000
    Y7               999.000      0.000    999.000    999.000
    Y8                 0.286      0.012     23.286      0.000
    Y9                 0.620      0.020     31.417      0.000
    Y10                0.619      0.020     31.539      0.000

 Y7       ON
    X1                -0.001      0.010     -0.136      0.892
    X2                 0.028      0.020      1.389      0.165

 Means
    F                  0.000      0.000    999.000    999.000

 Intercepts
    Y1                 1.864      0.024     78.384      0.000
    Y2                 1.891      0.024     77.516      0.000
    Y3                 3.144      0.024    129.298      0.000
    Y4                 3.156      0.023    135.106      0.000
    Y5                 3.156      0.024    132.229      0.000
    Y6                 1.179      0.013     87.644      0.000
    Y7                 1.144      0.016     72.137      0.000
    Y8                 1.171      0.014     85.918      0.000
    Y9                 1.872      0.024     78.436      0.000
    Y10                1.887      0.024     79.441      0.000

 Variances
    F                  1.000      0.000    999.000    999.000

 Residual Variances
    Y1                 0.179      0.009     19.612      0.000
    Y2                 0.182      0.009     19.452      0.000
    Y3                 0.185      0.009     19.502      0.000
    Y4                 0.172      0.009     19.529      0.000
    Y5                 0.186      0.009     19.663      0.000
    Y6                 0.097      0.005     21.198      0.000
    Y7                 0.090      0.004     20.974      0.000
    Y8                 0.104      0.005     21.313      0.000
    Y9                 0.185      0.009     19.697      0.000
    Y10                0.181      0.009     19.657      0.000

New/Additional Parameters
    L7_0               0.197      0.016     12.219      0.000
    L7_1               0.050      0.010      5.095      0.000
    L7_2               0.143      0.021      6.893      0.000


QUALITY OF NUMERICAL RESULTS

     Condition Number for the Information Matrix              0.182E-04
       (ratio of smallest to largest eigenvalue)


     Beginning Time:  13:12:43
        Ending Time:  13:12:45
       Elapsed Time:  00:00:02



MUTHEN & MUTHEN
3463 Stoner Ave.
Los Angeles, CA  90066

Tel: (310) 391-9971
Fax: (310) 391-8971
Web: www.StatModel.com
Support: Support@StatModel.com

Copyright (c) 1998-2019 Muthen & Muthen
