Mplus VERSION 8.3
MUTHEN & MUTHEN
04/25/2024   1:47 PM

INPUT INSTRUCTIONS


  TITLE: Test with 10 reps

  DATA:
  File is
  G3_B2_N3_rep499.csv;

  VARIABLE:
      Names are x1 x2 eta
  	y1 y2 y3 y4 y5 y6 y7 y8 y9 y10;
      Usevariables are y1-y10 x1 x2;
      constraint = x1 x2;

  MODEL:
      f BY y1* (l1);
      f BY y2* (l2);
      f BY y3* (l3);
      f BY y4* (l4);
      f BY y5* (l5);
      f BY y6* (l6);
      f BY y7* (l7);
      f BY y8* (l8);
      f BY y9* (l9);
      f BY y10* (l10);

  y7 ON x1 x2;
  f@1;
  [f@0];

  MODEL CONSTRAINT:
      new (l7_0 l7_1 l7_2);
      l7 = l7_0 + l7_1*x1 + l7_2*x2;




INPUT READING TERMINATED NORMALLY



Test with 10 reps

SUMMARY OF ANALYSIS

Number of groups                                                 1
Number of observations                                        1000

Number of dependent variables                                   10
Number of independent variables                                  2
Number of continuous latent variables                            1

Observed dependent variables

  Continuous
   Y1          Y2          Y3          Y4          Y5          Y6
   Y7          Y8          Y9          Y10

Observed independent variables
   X1          X2

Continuous latent variables
   F


Estimator                                                       ML
Information matrix                                        OBSERVED
Maximum number of iterations                                  1000
Convergence criterion                                    0.500D-04
Maximum number of steepest descent iterations                   20

Input data file(s)
  G3_B2_N3_rep499.csv

Input data format  FREE



UNIVARIATE SAMPLE STATISTICS


     UNIVARIATE HIGHER-ORDER MOMENT DESCRIPTIVE STATISTICS

         Variable/         Mean/     Skewness/   Minimum/ % with                Percentiles
        Sample Size      Variance    Kurtosis    Maximum  Min/Max      20%/60%    40%/80%    Median

     Y1                    1.901       0.814       1.000   31.90%       1.000      2.000      2.000
            1000.000       0.621       0.939       5.000    0.60%       2.000      2.000
     Y2                    1.897       0.654       1.000   31.20%       1.000      2.000      2.000
            1000.000       0.576       0.420       5.000    0.20%       2.000      2.000
     Y3                    3.159      -0.046       1.000    1.00%       3.000      3.000      3.000
            1000.000       0.624      -0.306       5.000    3.00%       3.000      4.000
     Y4                    3.150      -0.132       1.000    1.50%       3.000      3.000      3.000
            1000.000       0.594      -0.014       5.000    2.50%       3.000      4.000
     Y5                    3.169      -0.050       1.000    1.20%       3.000      3.000      3.000
            1000.000       0.620      -0.147       5.000    3.30%       3.000      4.000
     Y6                    1.198       1.936       1.000   81.30%       1.000      1.000      1.000
            1000.000       0.181       2.814       3.000    1.10%       1.000      1.000
     Y7                    1.210       2.907       1.000   81.30%       1.000      1.000      1.000
            1000.000       0.232      12.174       5.000    0.20%       1.000      1.000
     Y8                    1.214       2.456       1.000   81.10%       1.000      1.000      1.000
            1000.000       0.228       6.986       4.000    0.50%       1.000      1.000
     Y9                    1.875       0.768       1.000   33.40%       1.000      2.000      2.000
            1000.000       0.605       0.703       5.000    0.40%       2.000      2.000
     Y10                   1.917       0.901       1.000   31.60%       1.000      2.000      2.000
            1000.000       0.654       1.263       5.000    1.00%       2.000      2.000
     X1                   -0.066       0.073      -4.134    0.10%      -0.868     -0.354     -0.103
            1000.000       1.013       0.134       3.906    0.10%       0.140      0.789
     X2                    0.516      -0.064       0.000   48.40%       0.000      0.000      1.000
            1000.000       0.250      -1.996       1.000   51.60%       1.000      1.000


THE MODEL ESTIMATION TERMINATED NORMALLY



MODEL FIT INFORMATION

Number of Free Parameters                       34

Loglikelihood

          H0 Value                       -6624.423

Information Criteria

          Akaike (AIC)                   13316.847
          Bayesian (BIC)                 13483.710
          Sample-Size Adjusted BIC       13375.725
            (n* = (n + 2) / 24)



MODEL RESULTS

                                                    Two-Tailed
                    Estimate       S.E.  Est./S.E.    P-Value

 F        BY
    Y1                 0.660      0.020     32.346      0.000
    Y2                 0.625      0.020     31.519      0.000
    Y3                 0.641      0.021     30.821      0.000
    Y4                 0.614      0.020     29.934      0.000
    Y5                 0.647      0.021     31.385      0.000
    Y6                 0.290      0.012     24.046      0.000
    Y7               999.000      0.000    999.000    999.000
    Y8                 0.339      0.013     25.423      0.000
    Y9                 0.646      0.020     31.947      0.000
    Y10                0.683      0.021     32.781      0.000

 Y7       ON
    X1                 0.005      0.012      0.397      0.691
    X2                -0.005      0.023     -0.211      0.833

 Means
    F                  0.000      0.000    999.000    999.000

 Intercepts
    Y1                 1.901      0.025     76.272      0.000
    Y2                 1.897      0.024     79.015      0.000
    Y3                 3.159      0.025    126.490      0.000
    Y4                 3.150      0.024    129.300      0.000
    Y5                 3.169      0.025    127.225      0.000
    Y6                 1.198      0.013     89.097      0.000
    Y7                 1.186      0.018     64.394      0.000
    Y8                 1.214      0.015     80.363      0.000
    Y9                 1.875      0.025     76.206      0.000
    Y10                1.917      0.026     74.954      0.000

 Variances
    F                  1.000      0.000    999.000    999.000

 Residual Variances
    Y1                 0.185      0.010     19.368      0.000
    Y2                 0.185      0.009     19.682      0.000
    Y3                 0.213      0.011     19.862      0.000
    Y4                 0.217      0.011     20.110      0.000
    Y5                 0.202      0.010     19.676      0.000
    Y6                 0.097      0.005     21.240      0.000
    Y7                 0.116      0.006     20.974      0.000
    Y8                 0.113      0.005     21.021      0.000
    Y9                 0.187      0.010     19.532      0.000
    Y10                0.187      0.010     19.189      0.000

New/Additional Parameters
    L7_0               0.262      0.019     14.078      0.000
    L7_1               0.066      0.011      5.797      0.000
    L7_2               0.115      0.024      4.880      0.000


QUALITY OF NUMERICAL RESULTS

     Condition Number for the Information Matrix              0.206E-04
       (ratio of smallest to largest eigenvalue)


     Beginning Time:  13:47:10
        Ending Time:  13:47:13
       Elapsed Time:  00:00:03



MUTHEN & MUTHEN
3463 Stoner Ave.
Los Angeles, CA  90066

Tel: (310) 391-9971
Fax: (310) 391-8971
Web: www.StatModel.com
Support: Support@StatModel.com

Copyright (c) 1998-2019 Muthen & Muthen
