Mplus VERSION 8.3
MUTHEN & MUTHEN
04/25/2024   1:41 PM

INPUT INSTRUCTIONS


  TITLE: Test with 10 reps

  DATA:
  File is
  G3_B2_N3_rep488.csv;

  VARIABLE:
      Names are x1 x2 eta
  	y1 y2 y3 y4 y5 y6 y7 y8 y9 y10;
      Usevariables are y1-y10 x1 x2;
      constraint = x1 x2;

  MODEL:
      f BY y1* (l1);
      f BY y2* (l2);
      f BY y3* (l3);
      f BY y4* (l4);
      f BY y5* (l5);
      f BY y6* (l6);
      f BY y7* (l7);
      f BY y8* (l8);
      f BY y9* (l9);
      f BY y10* (l10);

  y9 ON x1 x2;
  f@1;
  [f@0];

  MODEL CONSTRAINT:
      new (l9_0 l9_1 l9_2);
      l9 = l9_0 + l9_1*x1 + l9_2*x2;




INPUT READING TERMINATED NORMALLY



Test with 10 reps

SUMMARY OF ANALYSIS

Number of groups                                                 1
Number of observations                                        1000

Number of dependent variables                                   10
Number of independent variables                                  2
Number of continuous latent variables                            1

Observed dependent variables

  Continuous
   Y1          Y2          Y3          Y4          Y5          Y6
   Y7          Y8          Y9          Y10

Observed independent variables
   X1          X2

Continuous latent variables
   F


Estimator                                                       ML
Information matrix                                        OBSERVED
Maximum number of iterations                                  1000
Convergence criterion                                    0.500D-04
Maximum number of steepest descent iterations                   20

Input data file(s)
  G3_B2_N3_rep488.csv

Input data format  FREE



UNIVARIATE SAMPLE STATISTICS


     UNIVARIATE HIGHER-ORDER MOMENT DESCRIPTIVE STATISTICS

         Variable/         Mean/     Skewness/   Minimum/ % with                Percentiles
        Sample Size      Variance    Kurtosis    Maximum  Min/Max      20%/60%    40%/80%    Median

     Y1                    1.897       0.666       1.000   32.60%       1.000      2.000      2.000
            1000.000       0.604       0.508       5.000    0.50%       2.000      2.000
     Y2                    1.880       0.714       1.000   33.20%       1.000      2.000      2.000
            1000.000       0.600       0.575       5.000    0.40%       2.000      2.000
     Y3                    3.153       0.084       1.000    0.80%       3.000      3.000      3.000
            1000.000       0.584      -0.048       5.000    3.40%       3.000      4.000
     Y4                    3.150      -0.035       1.000    1.80%       3.000      3.000      3.000
            1000.000       0.632       0.136       5.000    3.80%       3.000      4.000
     Y5                    3.147      -0.119       1.000    1.20%       3.000      3.000      3.000
            1000.000       0.601      -0.243       5.000    2.30%       3.000      4.000
     Y6                    1.199       2.655       1.000   82.20%       1.000      1.000      1.000
            1000.000       0.213       8.691       4.000    0.60%       1.000      1.000
     Y7                    1.213       2.798       1.000   80.80%       1.000      1.000      1.000
            1000.000       0.228      11.553       5.000    0.20%       1.000      1.000
     Y8                    1.201       3.095       1.000   82.60%       1.000      1.000      1.000
            1000.000       0.237      13.142       5.000    0.20%       1.000      1.000
     Y9                    1.867       0.839       1.000   33.50%       1.000      2.000      2.000
            1000.000       0.601       1.068       5.000    0.60%       2.000      2.000
     Y10                   1.874       0.863       1.000   34.30%       1.000      2.000      2.000
            1000.000       0.640       0.928       5.000    0.60%       2.000      2.000
     X1                    0.045       0.024      -3.151    0.10%      -0.768     -0.210      0.019
            1000.000       0.947       0.079       3.703    0.10%       0.257      0.872
     X2                    0.535      -0.140       0.000   46.50%       0.000      0.000      1.000
            1000.000       0.249      -1.980       1.000   53.50%       1.000      1.000


THE MODEL ESTIMATION TERMINATED NORMALLY



MODEL FIT INFORMATION

Number of Free Parameters                       34

Loglikelihood

          H0 Value                       -6657.912

Information Criteria

          Akaike (AIC)                   13383.825
          Bayesian (BIC)                 13550.689
          Sample-Size Adjusted BIC       13442.703
            (n* = (n + 2) / 24)



MODEL RESULTS

                                                    Two-Tailed
                    Estimate       S.E.  Est./S.E.    P-Value

 F        BY
    Y1                 0.639      0.020     31.433      0.000
    Y2                 0.657      0.020     32.987      0.000
    Y3                 0.629      0.020     31.480      0.000
    Y4                 0.645      0.021     30.797      0.000
    Y5                 0.623      0.021     30.325      0.000
    Y6                 0.326      0.013     25.177      0.000
    Y7                 0.337      0.013     25.279      0.000
    Y8                 0.342      0.014     25.106      0.000
    Y9               999.000      0.000    999.000    999.000
    Y10                0.658      0.021     31.467      0.000

 Y9       ON
    X1                 0.010      0.015      0.695      0.487
    X2                -0.032      0.029     -1.101      0.271

 Means
    F                  0.000      0.000    999.000    999.000

 Intercepts
    Y1                 1.897      0.025     77.163      0.000
    Y2                 1.880      0.024     76.776      0.000
    Y3                 3.153      0.024    130.518      0.000
    Y4                 3.150      0.025    125.350      0.000
    Y5                 3.147      0.025    128.327      0.000
    Y6                 1.199      0.015     82.077      0.000
    Y7                 1.213      0.015     80.398      0.000
    Y8                 1.201      0.015     78.079      0.000
    Y9                 1.879      0.029     64.058      0.000
    Y10                1.874      0.025     74.069      0.000

 Variances
    F                  1.000      0.000    999.000    999.000

 Residual Variances
    Y1                 0.196      0.010     19.734      0.000
    Y2                 0.169      0.009     19.141      0.000
    Y3                 0.188      0.010     19.649      0.000
    Y4                 0.216      0.011     19.857      0.000
    Y5                 0.213      0.011     20.015      0.000
    Y6                 0.107      0.005     21.013      0.000
    Y7                 0.114      0.005     21.028      0.000
    Y8                 0.119      0.006     21.008      0.000
    Y9                 0.176      0.009     19.312      0.000
    Y10                0.207      0.010     19.718      0.000

New/Additional Parameters
    L9_0               0.641      0.028     23.282      0.000
    L9_1               0.020      0.015      1.311      0.190
    L9_2               0.014      0.031      0.451      0.652


QUALITY OF NUMERICAL RESULTS

     Condition Number for the Information Matrix              0.253E-04
       (ratio of smallest to largest eigenvalue)


     Beginning Time:  13:40:58
        Ending Time:  13:41:09
       Elapsed Time:  00:00:11



MUTHEN & MUTHEN
3463 Stoner Ave.
Los Angeles, CA  90066

Tel: (310) 391-9971
Fax: (310) 391-8971
Web: www.StatModel.com
Support: Support@StatModel.com

Copyright (c) 1998-2019 Muthen & Muthen
