Mplus VERSION 8.3
MUTHEN & MUTHEN
04/25/2024   1:28 PM

INPUT INSTRUCTIONS


  TITLE: Test with 10 reps

  DATA:
  File is
  G3_B2_N3_rep466.csv;

  VARIABLE:
      Names are x1 x2 eta
  	y1 y2 y3 y4 y5 y6 y7 y8 y9 y10;
      Usevariables are y1-y10 x1 x2;
      constraint = x1 x2;

  MODEL:
      f BY y1* (l1);
      f BY y2* (l2);
      f BY y3* (l3);
      f BY y4* (l4);
      f BY y5* (l5);
      f BY y6* (l6);
      f BY y7* (l7);
      f BY y8* (l8);
      f BY y9* (l9);
      f BY y10* (l10);

  y1 ON x1 x2;
  f@1;
  [f@0];

  MODEL CONSTRAINT:
      new (l1_0 l1_1 l1_2);
      l1 = l1_0 + l1_1*x1 + l1_2*x2;




INPUT READING TERMINATED NORMALLY



Test with 10 reps

SUMMARY OF ANALYSIS

Number of groups                                                 1
Number of observations                                        1000

Number of dependent variables                                   10
Number of independent variables                                  2
Number of continuous latent variables                            1

Observed dependent variables

  Continuous
   Y1          Y2          Y3          Y4          Y5          Y6
   Y7          Y8          Y9          Y10

Observed independent variables
   X1          X2

Continuous latent variables
   F


Estimator                                                       ML
Information matrix                                        OBSERVED
Maximum number of iterations                                  1000
Convergence criterion                                    0.500D-04
Maximum number of steepest descent iterations                   20

Input data file(s)
  G3_B2_N3_rep466.csv

Input data format  FREE



UNIVARIATE SAMPLE STATISTICS


     UNIVARIATE HIGHER-ORDER MOMENT DESCRIPTIVE STATISTICS

         Variable/         Mean/     Skewness/   Minimum/ % with                Percentiles
        Sample Size      Variance    Kurtosis    Maximum  Min/Max      20%/60%    40%/80%    Median

     Y1                    1.848       0.758       1.000   34.00%       1.000      2.000      2.000
            1000.000       0.573       0.644       5.000    0.20%       2.000      2.000
     Y2                    1.845       0.740       1.000   35.70%       1.000      2.000      2.000
            1000.000       0.599       0.559       5.000    0.40%       2.000      2.000
     Y3                    3.116       0.066       1.000    1.20%       3.000      3.000      3.000
            1000.000       0.603       0.010       5.000    3.30%       3.000      4.000
     Y4                    3.126      -0.080       1.000    1.50%       3.000      3.000      3.000
            1000.000       0.622      -0.152       5.000    2.70%       3.000      4.000
     Y5                    3.099      -0.023       1.000    1.70%       2.000      3.000      3.000
            1000.000       0.631      -0.058       5.000    3.00%       3.000      4.000
     Y6                    1.173       2.936       1.000   84.30%       1.000      1.000      1.000
            1000.000       0.185      11.922       5.000    0.10%       1.000      1.000
     Y7                    1.190       2.823       1.000   83.00%       1.000      1.000      1.000
            1000.000       0.206      10.766       5.000    0.10%       1.000      1.000
     Y8                    1.183       2.899       1.000   83.50%       1.000      1.000      1.000
            1000.000       0.198      11.559       5.000    0.10%       1.000      1.000
     Y9                    1.868       0.828       1.000   32.50%       1.000      2.000      2.000
            1000.000       0.577       1.202       5.000    0.60%       2.000      2.000
     Y10                   1.848       0.837       1.000   34.40%       1.000      2.000      2.000
            1000.000       0.589       1.024       5.000    0.50%       2.000      2.000
     X1                   -0.013       0.141      -3.076    0.10%      -0.854     -0.271     -0.070
            1000.000       0.893      -0.044       3.145    0.10%       0.189      0.778
     X2                    0.499       0.004       0.000   50.10%       0.000      0.000      0.000
            1000.000       0.250      -2.000       1.000   49.90%       1.000      1.000


THE MODEL ESTIMATION TERMINATED NORMALLY



MODEL FIT INFORMATION

Number of Free Parameters                       34

Loglikelihood

          H0 Value                       -6582.063

Information Criteria

          Akaike (AIC)                   13232.127
          Bayesian (BIC)                 13398.990
          Sample-Size Adjusted BIC       13291.005
            (n* = (n + 2) / 24)



MODEL RESULTS

                                                    Two-Tailed
                    Estimate       S.E.  Est./S.E.    P-Value

 F        BY
    Y1               999.000      0.000    999.000    999.000
    Y2                 0.634      0.020     31.202      0.000
    Y3                 0.625      0.021     30.402      0.000
    Y4                 0.632      0.021     30.135      0.000
    Y5                 0.623      0.021     29.218      0.000
    Y6                 0.302      0.012     25.012      0.000
    Y7                 0.321      0.013     25.193      0.000
    Y8                 0.304      0.013     24.106      0.000
    Y9                 0.629      0.020     31.716      0.000
    Y10                0.639      0.020     31.973      0.000

 Y1       ON
    X1                 0.001      0.016      0.061      0.951
    X2                 0.038      0.030      1.283      0.199

 Means
    F                  0.000      0.000    999.000    999.000

 Intercepts
    Y1                 1.834      0.029     62.914      0.000
    Y2                 1.845      0.024     75.386      0.000
    Y3                 3.116      0.025    126.941      0.000
    Y4                 3.126      0.025    125.329      0.000
    Y5                 3.099      0.025    123.350      0.000
    Y6                 1.173      0.014     86.224      0.000
    Y7                 1.190      0.014     82.931      0.000
    Y8                 1.183      0.014     84.176      0.000
    Y9                 1.868      0.024     77.794      0.000
    Y10                1.848      0.024     76.152      0.000

 Variances
    F                  1.000      0.000    999.000    999.000

 Residual Variances
    Y1                 0.186      0.010     19.554      0.000
    Y2                 0.197      0.010     19.579      0.000
    Y3                 0.212      0.011     19.764      0.000
    Y4                 0.223      0.011     19.835      0.000
    Y5                 0.243      0.012     20.142      0.000
    Y6                 0.094      0.004     20.925      0.000
    Y7                 0.103      0.005     20.860      0.000
    Y8                 0.105      0.005     21.057      0.000
    Y9                 0.181      0.009     19.395      0.000
    Y10                0.181      0.009     19.301      0.000

New/Additional Parameters
    L1_0               0.640      0.027     23.983      0.000
    L1_1              -0.003      0.016     -0.175      0.861
    L1_2              -0.043      0.031     -1.386      0.166


QUALITY OF NUMERICAL RESULTS

     Condition Number for the Information Matrix              0.195E-04
       (ratio of smallest to largest eigenvalue)


     Beginning Time:  13:28:45
        Ending Time:  13:28:48
       Elapsed Time:  00:00:03



MUTHEN & MUTHEN
3463 Stoner Ave.
Los Angeles, CA  90066

Tel: (310) 391-9971
Fax: (310) 391-8971
Web: www.StatModel.com
Support: Support@StatModel.com

Copyright (c) 1998-2019 Muthen & Muthen
