Mplus VERSION 8.3
MUTHEN & MUTHEN
04/25/2024   1:58 PM

INPUT INSTRUCTIONS


  TITLE: Test with 10 reps

  DATA:
  File is
  G3_B2_N3_rep69.csv;

  VARIABLE:
      Names are x1 x2 eta
  	y1 y2 y3 y4 y5 y6 y7 y8 y9 y10;
      Usevariables are y1-y10 x1 x2;
      constraint = x1 x2;

  MODEL:
      f BY y1* (l1);
      f BY y2* (l2);
      f BY y3* (l3);
      f BY y4* (l4);
      f BY y5* (l5);
      f BY y6* (l6);
      f BY y7* (l7);
      f BY y8* (l8);
      f BY y9* (l9);
      f BY y10* (l10);

  y2 ON x1 x2;
  f@1;
  [f@0];

  MODEL CONSTRAINT:
      new (l2_0 l2_1 l2_2);
      l2 = l2_0 + l2_1*x1 + l2_2*x2;




INPUT READING TERMINATED NORMALLY



Test with 10 reps

SUMMARY OF ANALYSIS

Number of groups                                                 1
Number of observations                                        1000

Number of dependent variables                                   10
Number of independent variables                                  2
Number of continuous latent variables                            1

Observed dependent variables

  Continuous
   Y1          Y2          Y3          Y4          Y5          Y6
   Y7          Y8          Y9          Y10

Observed independent variables
   X1          X2

Continuous latent variables
   F


Estimator                                                       ML
Information matrix                                        OBSERVED
Maximum number of iterations                                  1000
Convergence criterion                                    0.500D-04
Maximum number of steepest descent iterations                   20

Input data file(s)
  G3_B2_N3_rep69.csv

Input data format  FREE



UNIVARIATE SAMPLE STATISTICS


     UNIVARIATE HIGHER-ORDER MOMENT DESCRIPTIVE STATISTICS

         Variable/         Mean/     Skewness/   Minimum/ % with                Percentiles
        Sample Size      Variance    Kurtosis    Maximum  Min/Max      20%/60%    40%/80%    Median

     Y1                    1.849       0.731       1.000   33.30%       1.000      2.000      2.000
            1000.000       0.554       0.669       5.000    0.20%       2.000      2.000
     Y2                    1.883       0.748       1.000   32.30%       1.000      2.000      2.000
            1000.000       0.587       0.833       5.000    0.50%       2.000      2.000
     Y3                    3.176       0.088       1.000    0.50%       3.000      3.000      3.000
            1000.000       0.579      -0.190       5.000    3.40%       3.000      4.000
     Y4                    3.177      -0.007       1.000    0.80%       3.000      3.000      3.000
            1000.000       0.612      -0.270       5.000    3.30%       3.000      4.000
     Y5                    3.148      -0.027       1.000    1.00%       3.000      3.000      3.000
            1000.000       0.568      -0.045       5.000    2.60%       3.000      4.000
     Y6                    1.197       2.344       1.000   81.80%       1.000      1.000      1.000
            1000.000       0.194       6.340       4.000    0.30%       1.000      1.000
     Y7                    1.194       2.729       1.000   82.90%       1.000      1.000      1.000
            1000.000       0.212       9.625       5.000    0.10%       1.000      1.000
     Y8                    1.197       3.027       1.000   82.80%       1.000      1.000      1.000
            1000.000       0.226      12.758       5.000    0.20%       1.000      1.000
     Y9                    1.870       0.572       1.000   30.80%       1.000      2.000      2.000
            1000.000       0.513       0.369       5.000    0.10%       2.000      2.000
     Y10                   1.869       0.833       1.000   32.50%       1.000      2.000      2.000
            1000.000       0.582       1.114       5.000    0.50%       2.000      2.000
     X1                   -0.016      -0.021      -3.176    0.10%      -0.850     -0.268      0.019
            1000.000       0.947       0.071       2.964    0.10%       0.249      0.788
     X2                    0.479       0.084       0.000   52.10%       0.000      0.000      0.000
            1000.000       0.250      -1.993       1.000   47.90%       1.000      1.000


THE MODEL ESTIMATION TERMINATED NORMALLY



MODEL FIT INFORMATION

Number of Free Parameters                       34

Loglikelihood

          H0 Value                       -6495.468

Information Criteria

          Akaike (AIC)                   13058.936
          Bayesian (BIC)                 13225.799
          Sample-Size Adjusted BIC       13117.814
            (n* = (n + 2) / 24)



MODEL RESULTS

                                                    Two-Tailed
                    Estimate       S.E.  Est./S.E.    P-Value

 F        BY
    Y1                 0.596      0.020     30.159      0.000
    Y2               999.000      0.000    999.000    999.000
    Y3                 0.619      0.020     30.875      0.000
    Y4                 0.651      0.020     32.014      0.000
    Y5                 0.617      0.020     31.151      0.000
    Y6                 0.307      0.012     24.726      0.000
    Y7                 0.325      0.013     25.166      0.000
    Y8                 0.315      0.014     23.122      0.000
    Y9                 0.574      0.019     30.191      0.000
    Y10                0.627      0.020     31.411      0.000

 Y2       ON
    X1                 0.013      0.015      0.837      0.403
    X2                 0.014      0.030      0.471      0.638

 Means
    F                  0.000      0.000    999.000    999.000

 Intercepts
    Y1                 1.849      0.024     78.542      0.000
    Y2                 1.869      0.028     66.614      0.000
    Y3                 3.176      0.024    131.987      0.000
    Y4                 3.177      0.025    128.457      0.000
    Y5                 3.148      0.024    132.076      0.000
    Y6                 1.197      0.014     85.897      0.000
    Y7                 1.194      0.015     81.934      0.000
    Y8                 1.197      0.015     79.590      0.000
    Y9                 1.870      0.023     82.554      0.000
    Y10                1.869      0.024     77.483      0.000

 Variances
    F                  1.000      0.000    999.000    999.000

 Residual Variances
    Y1                 0.199      0.010     19.964      0.000
    Y2                 0.182      0.009     19.379      0.000
    Y3                 0.196      0.010     19.691      0.000
    Y4                 0.188      0.010     19.290      0.000
    Y5                 0.188      0.010     19.584      0.000
    Y6                 0.100      0.005     21.007      0.000
    Y7                 0.107      0.005     20.929      0.000
    Y8                 0.127      0.006     21.239      0.000
    Y9                 0.184      0.009     19.961      0.000
    Y10                0.188      0.010     19.545      0.000

New/Additional Parameters
    L2_0               0.613      0.026     23.163      0.000
    L2_1               0.016      0.015      1.031      0.302
    L2_2               0.036      0.031      1.162      0.245


QUALITY OF NUMERICAL RESULTS

     Condition Number for the Information Matrix              0.221E-04
       (ratio of smallest to largest eigenvalue)


     Beginning Time:  13:58:22
        Ending Time:  13:58:25
       Elapsed Time:  00:00:03



MUTHEN & MUTHEN
3463 Stoner Ave.
Los Angeles, CA  90066

Tel: (310) 391-9971
Fax: (310) 391-8971
Web: www.StatModel.com
Support: Support@StatModel.com

Copyright (c) 1998-2019 Muthen & Muthen
