Mplus VERSION 8.3
MUTHEN & MUTHEN
04/25/2024   1:59 PM

INPUT INSTRUCTIONS


  TITLE: Test with 10 reps

  DATA:
  File is
  G3_B2_N3_rep70.csv;

  VARIABLE:
      Names are x1 x2 eta
  	y1 y2 y3 y4 y5 y6 y7 y8 y9 y10;
      Usevariables are y1-y10 x1 x2;
      constraint = x1 x2;

  MODEL:
      f BY y1* (l1);
      f BY y2* (l2);
      f BY y3* (l3);
      f BY y4* (l4);
      f BY y5* (l5);
      f BY y6* (l6);
      f BY y7* (l7);
      f BY y8* (l8);
      f BY y9* (l9);
      f BY y10* (l10);

  y4 ON x1 x2;
  f@1;
  [f@0];

  MODEL CONSTRAINT:
      new (l4_0 l4_1 l4_2);
      l4 = l4_0 + l4_1*x1 + l4_2*x2;




INPUT READING TERMINATED NORMALLY



Test with 10 reps

SUMMARY OF ANALYSIS

Number of groups                                                 1
Number of observations                                        1000

Number of dependent variables                                   10
Number of independent variables                                  2
Number of continuous latent variables                            1

Observed dependent variables

  Continuous
   Y1          Y2          Y3          Y4          Y5          Y6
   Y7          Y8          Y9          Y10

Observed independent variables
   X1          X2

Continuous latent variables
   F


Estimator                                                       ML
Information matrix                                        OBSERVED
Maximum number of iterations                                  1000
Convergence criterion                                    0.500D-04
Maximum number of steepest descent iterations                   20

Input data file(s)
  G3_B2_N3_rep70.csv

Input data format  FREE



UNIVARIATE SAMPLE STATISTICS


     UNIVARIATE HIGHER-ORDER MOMENT DESCRIPTIVE STATISTICS

         Variable/         Mean/     Skewness/   Minimum/ % with                Percentiles
        Sample Size      Variance    Kurtosis    Maximum  Min/Max      20%/60%    40%/80%    Median

     Y1                    1.855       0.591       1.000   32.40%       1.000      2.000      2.000
            1000.000       0.524       0.396       5.000    0.20%       2.000      2.000
     Y2                    1.891       0.672       1.000   30.80%       1.000      2.000      2.000
            1000.000       0.555       0.740       5.000    0.40%       2.000      2.000
     Y3                    3.187      -0.023       1.000    0.40%       3.000      3.000      3.000
            1000.000       0.530      -0.255       5.000    2.20%       3.000      4.000
     Y4                    3.188      -0.037       1.000    0.40%       3.000      3.000      3.000
            1000.000       0.539      -0.307       5.000    2.20%       3.000      4.000
     Y5                    3.192      -0.040       1.000    0.60%       3.000      3.000      3.000
            1000.000       0.547      -0.174       5.000    2.50%       3.000      4.000
     Y6                    1.171       2.552       1.000   84.30%       1.000      1.000      1.000
            1000.000       0.174       7.242       4.000    0.20%       1.000      1.000
     Y7                    1.202       2.738       1.000   81.80%       1.000      1.000      1.000
            1000.000       0.215      10.319       5.000    0.10%       1.000      1.000
     Y8                    1.185       2.321       1.000   82.70%       1.000      1.000      1.000
            1000.000       0.179       5.926       4.000    0.20%       1.000      1.000
     Y9                    1.905       0.562       1.000   30.20%       1.000      2.000      2.000
            1000.000       0.554       0.197       5.000    0.10%       2.000      2.000
     Y10                   1.883       0.620       1.000   31.90%       1.000      2.000      2.000
            1000.000       0.563       0.345       5.000    0.20%       2.000      2.000
     X1                   -0.030       0.090      -2.806    0.10%      -0.859     -0.322     -0.028
            1000.000       1.004      -0.080       2.954    0.10%       0.193      0.791
     X2                    0.493       0.028       0.000   50.70%       0.000      0.000      0.000
            1000.000       0.250      -1.999       1.000   49.30%       1.000      1.000


THE MODEL ESTIMATION TERMINATED NORMALLY



MODEL FIT INFORMATION

Number of Free Parameters                       34

Loglikelihood

          H0 Value                       -6225.091

Information Criteria

          Akaike (AIC)                   12518.182
          Bayesian (BIC)                 12685.046
          Sample-Size Adjusted BIC       12577.060
            (n* = (n + 2) / 24)



MODEL RESULTS

                                                    Two-Tailed
                    Estimate       S.E.  Est./S.E.    P-Value

 F        BY
    Y1                 0.606      0.019     32.266      0.000
    Y2                 0.612      0.020     31.374      0.000
    Y3                 0.583      0.019     30.185      0.000
    Y4               999.000      0.000    999.000    999.000
    Y5                 0.605      0.019     31.105      0.000
    Y6                 0.266      0.012     22.102      0.000
    Y7                 0.310      0.013     23.408      0.000
    Y8                 0.279      0.012     23.032      0.000
    Y9                 0.605      0.020     30.823      0.000
    Y10                0.627      0.019     32.140      0.000

 Y4       ON
    X1                 0.042      0.014      2.917      0.004
    X2                -0.002      0.029     -0.080      0.937

 Means
    F                  0.000      0.000    999.000    999.000

 Intercepts
    Y1                 1.855      0.023     81.038      0.000
    Y2                 1.891      0.024     80.260      0.000
    Y3                 3.187      0.023    138.430      0.000
    Y4                 3.201      0.028    113.010      0.000
    Y5                 3.192      0.023    136.463      0.000
    Y6                 1.171      0.013     88.835      0.000
    Y7                 1.202      0.015     81.938      0.000
    Y8                 1.185      0.013     88.627      0.000
    Y9                 1.905      0.024     80.938      0.000
    Y10                1.883      0.024     79.337      0.000

 Variances
    F                  1.000      0.000    999.000    999.000

 Residual Variances
    Y1                 0.157      0.008     19.205      0.000
    Y2                 0.180      0.009     19.554      0.000
    Y3                 0.190      0.010     19.922      0.000
    Y4                 0.175      0.009     19.607      0.000
    Y5                 0.182      0.009     19.636      0.000
    Y6                 0.103      0.005     21.397      0.000
    Y7                 0.119      0.006     21.226      0.000
    Y8                 0.101      0.005     21.278      0.000
    Y9                 0.188      0.010     19.739      0.000
    Y10                0.171      0.009     19.260      0.000

New/Additional Parameters
    L4_0               0.634      0.026     24.025      0.000
    L4_1              -0.012      0.015     -0.788      0.431
    L4_2              -0.078      0.030     -2.600      0.009


QUALITY OF NUMERICAL RESULTS

     Condition Number for the Information Matrix              0.221E-04
       (ratio of smallest to largest eigenvalue)


     Beginning Time:  13:59:28
        Ending Time:  13:59:30
       Elapsed Time:  00:00:02



MUTHEN & MUTHEN
3463 Stoner Ave.
Los Angeles, CA  90066

Tel: (310) 391-9971
Fax: (310) 391-8971
Web: www.StatModel.com
Support: Support@StatModel.com

Copyright (c) 1998-2019 Muthen & Muthen
