Mplus VERSION 8.3
MUTHEN & MUTHEN
04/25/2024   2:15 PM

INPUT INSTRUCTIONS


  TITLE: Test with 10 reps

  DATA:
  File is
  G3_B2_N3_rep99.csv;

  VARIABLE:
      Names are x1 x2 eta
  	y1 y2 y3 y4 y5 y6 y7 y8 y9 y10;
      Usevariables are y1-y10 x1 x2;
      constraint = x1 x2;

  MODEL:
      f BY y1* (l1);
      f BY y2* (l2);
      f BY y3* (l3);
      f BY y4* (l4);
      f BY y5* (l5);
      f BY y6* (l6);
      f BY y7* (l7);
      f BY y8* (l8);
      f BY y9* (l9);
      f BY y10* (l10);

  y9 ON x1 x2;
  f@1;
  [f@0];

  MODEL CONSTRAINT:
      new (l9_0 l9_1 l9_2);
      l9 = l9_0 + l9_1*x1 + l9_2*x2;




INPUT READING TERMINATED NORMALLY



Test with 10 reps

SUMMARY OF ANALYSIS

Number of groups                                                 1
Number of observations                                        1000

Number of dependent variables                                   10
Number of independent variables                                  2
Number of continuous latent variables                            1

Observed dependent variables

  Continuous
   Y1          Y2          Y3          Y4          Y5          Y6
   Y7          Y8          Y9          Y10

Observed independent variables
   X1          X2

Continuous latent variables
   F


Estimator                                                       ML
Information matrix                                        OBSERVED
Maximum number of iterations                                  1000
Convergence criterion                                    0.500D-04
Maximum number of steepest descent iterations                   20

Input data file(s)
  G3_B2_N3_rep99.csv

Input data format  FREE



UNIVARIATE SAMPLE STATISTICS


     UNIVARIATE HIGHER-ORDER MOMENT DESCRIPTIVE STATISTICS

         Variable/         Mean/     Skewness/   Minimum/ % with                Percentiles
        Sample Size      Variance    Kurtosis    Maximum  Min/Max      20%/60%    40%/80%    Median

     Y1                    1.900       0.685       1.000   30.10%       1.000      2.000      2.000
            1000.000       0.556       0.798       5.000    0.40%       2.000      2.000
     Y2                    1.902       0.681       1.000   29.90%       1.000      2.000      2.000
            1000.000       0.556       0.710       5.000    0.30%       2.000      2.000
     Y3                    3.174      -0.067       1.000    0.50%       3.000      3.000      3.000
            1000.000       0.508      -0.185       5.000    1.70%       3.000      4.000
     Y4                    3.183      -0.088       1.000    0.80%       3.000      3.000      3.000
            1000.000       0.552      -0.135       5.000    2.30%       3.000      4.000
     Y5                    3.170      -0.007       1.000    0.70%       3.000      3.000      3.000
            1000.000       0.553      -0.113       5.000    2.60%       3.000      4.000
     Y6                    1.200       2.547       1.000   82.50%       1.000      1.000      1.000
            1000.000       0.218       7.284       4.000    0.40%       1.000      1.000
     Y7                    1.196       2.015       1.000   81.70%       1.000      1.000      1.000
            1000.000       0.184       3.229       3.000    1.30%       1.000      1.000
     Y8                    1.181       2.342       1.000   83.40%       1.000      1.000      1.000
            1000.000       0.180       5.458       4.000    0.10%       1.000      1.000
     Y9                    1.887       0.645       1.000   31.50%       1.000      2.000      2.000
            1000.000       0.560       0.607       5.000    0.40%       2.000      2.000
     Y10                   1.890       0.590       1.000   30.30%       1.000      2.000      2.000
            1000.000       0.532       0.541       5.000    0.30%       2.000      2.000
     X1                    0.018      -0.076      -3.483    0.10%      -0.820     -0.193      0.044
            1000.000       0.950       0.067       3.211    0.10%       0.277      0.811
     X2                    0.507      -0.028       0.000   49.30%       0.000      0.000      1.000
            1000.000       0.250      -1.999       1.000   50.70%       1.000      1.000


THE MODEL ESTIMATION TERMINATED NORMALLY



MODEL FIT INFORMATION

Number of Free Parameters                       34

Loglikelihood

          H0 Value                       -6187.125

Information Criteria

          Akaike (AIC)                   12442.251
          Bayesian (BIC)                 12609.114
          Sample-Size Adjusted BIC       12501.128
            (n* = (n + 2) / 24)



MODEL RESULTS

                                                    Two-Tailed
                    Estimate       S.E.  Est./S.E.    P-Value

 F        BY
    Y1                 0.624      0.019     32.312      0.000
    Y2                 0.621      0.019     31.975      0.000
    Y3                 0.572      0.019     30.287      0.000
    Y4                 0.599      0.020     30.464      0.000
    Y5                 0.606      0.020     30.968      0.000
    Y6                 0.323      0.013     24.516      0.000
    Y7                 0.301      0.012     25.008      0.000
    Y8                 0.282      0.012     23.264      0.000
    Y9               999.000      0.000    999.000    999.000
    Y10                0.589      0.019     30.556      0.000

 Y9       ON
    X1                 0.025      0.015      1.703      0.088
    X2                 0.031      0.029      1.052      0.293

 Means
    F                  0.000      0.000    999.000    999.000

 Intercepts
    Y1                 1.900      0.024     80.578      0.000
    Y2                 1.902      0.024     80.634      0.000
    Y3                 3.174      0.023    140.862      0.000
    Y4                 3.183      0.023    135.538      0.000
    Y5                 3.170      0.024    134.790      0.000
    Y6                 1.200      0.015     81.274      0.000
    Y7                 1.196      0.014     88.270      0.000
    Y8                 1.181      0.013     87.968      0.000
    Y9                 1.862      0.028     67.049      0.000
    Y10                1.890      0.023     81.950      0.000

 Variances
    F                  1.000      0.000    999.000    999.000

 Residual Variances
    Y1                 0.166      0.009     19.235      0.000
    Y2                 0.171      0.009     19.367      0.000
    Y3                 0.180      0.009     19.881      0.000
    Y4                 0.193      0.010     19.855      0.000
    Y5                 0.186      0.009     19.686      0.000
    Y6                 0.114      0.005     21.055      0.000
    Y7                 0.093      0.004     20.981      0.000
    Y8                 0.101      0.005     21.261      0.000
    Y9                 0.172      0.009     19.430      0.000
    Y10                0.185      0.009     19.875      0.000

New/Additional Parameters
    L9_0               0.593      0.026     23.108      0.000
    L9_1               0.022      0.015      1.432      0.152
    L9_2               0.034      0.030      1.127      0.260


QUALITY OF NUMERICAL RESULTS

     Condition Number for the Information Matrix              0.192E-04
       (ratio of smallest to largest eigenvalue)


     Beginning Time:  14:15:31
        Ending Time:  14:15:33
       Elapsed Time:  00:00:02



MUTHEN & MUTHEN
3463 Stoner Ave.
Los Angeles, CA  90066

Tel: (310) 391-9971
Fax: (310) 391-8971
Web: www.StatModel.com
Support: Support@StatModel.com

Copyright (c) 1998-2019 Muthen & Muthen
